[2023-12-20 18:34:52,066] {taskinstance.py:1043} INFO - Dependencies all met for <TaskInstance: s3_to_postgres_dag.transform_read_s3 manual__2023-12-20T18:34:51.220434+00:00 [queued]>
[2023-12-20 18:34:52,075] {taskinstance.py:1043} INFO - Dependencies all met for <TaskInstance: s3_to_postgres_dag.transform_read_s3 manual__2023-12-20T18:34:51.220434+00:00 [queued]>
[2023-12-20 18:34:52,076] {taskinstance.py:1249} INFO - 
--------------------------------------------------------------------------------
[2023-12-20 18:34:52,076] {taskinstance.py:1250} INFO - Starting attempt 1 of 1
[2023-12-20 18:34:52,077] {taskinstance.py:1251} INFO - 
--------------------------------------------------------------------------------
[2023-12-20 18:34:52,086] {taskinstance.py:1270} INFO - Executing <Task(PythonOperator): transform_read_s3> on 2023-12-20 18:34:51.220434+00:00
[2023-12-20 18:34:52,090] {standard_task_runner.py:52} INFO - Started process 4324 to run task
[2023-12-20 18:34:52,092] {standard_task_runner.py:79} INFO - Running: ['***', 'tasks', 'run', 's3_to_postgres_dag', 'transform_read_s3', 'manual__2023-12-20T18:34:51.220434+00:00', '--job-id', '11', '--raw', '--subdir', 'DAGS_FOLDER/first_dag.py', '--cfg-path', '/tmp/tmpooota3jn', '--error-file', '/tmp/tmpb2h7ds55']
[2023-12-20 18:34:52,093] {standard_task_runner.py:80} INFO - Job 11: Subtask transform_read_s3
[2023-12-20 18:34:52,135] {logging_mixin.py:109} INFO - Running <TaskInstance: s3_to_postgres_dag.transform_read_s3 manual__2023-12-20T18:34:51.220434+00:00 [running]> on host eddfb0464777
[2023-12-20 18:34:52,169] {taskinstance.py:1448} INFO - Exporting the following env vars:
AIRFLOW_CTX_DAG_OWNER=***
AIRFLOW_CTX_DAG_ID=s3_to_postgres_dag
AIRFLOW_CTX_TASK_ID=transform_read_s3
AIRFLOW_CTX_EXECUTION_DATE=2023-12-20T18:34:51.220434+00:00
AIRFLOW_CTX_DAG_RUN_ID=manual__2023-12-20T18:34:51.220434+00:00
[2023-12-20 18:34:52,176] {base_aws.py:190} INFO - Credentials retrieved from login
[2023-12-20 18:34:54,394] {python.py:175} INFO - Done. Returned value was: None
[2023-12-20 18:34:54,412] {taskinstance.py:1288} INFO - Marking task as SUCCESS. dag_id=s3_to_postgres_dag, task_id=transform_read_s3, execution_date=20231220T183451, start_date=20231220T183452, end_date=20231220T183454
[2023-12-20 18:34:54,477] {local_task_job.py:154} INFO - Task exited with return code 0
[2023-12-20 18:34:54,515] {local_task_job.py:264} INFO - 1 downstream tasks scheduled from follow-on schedule check
