[2023-12-21 00:28:38,712] {taskinstance.py:1043} INFO - Dependencies all met for <TaskInstance: s3_to_postgres_dag.transform_read_s3 manual__2023-12-21T00:28:37.631097+00:00 [queued]>
[2023-12-21 00:28:38,722] {taskinstance.py:1043} INFO - Dependencies all met for <TaskInstance: s3_to_postgres_dag.transform_read_s3 manual__2023-12-21T00:28:37.631097+00:00 [queued]>
[2023-12-21 00:28:38,722] {taskinstance.py:1249} INFO - 
--------------------------------------------------------------------------------
[2023-12-21 00:28:38,722] {taskinstance.py:1250} INFO - Starting attempt 1 of 1
[2023-12-21 00:28:38,722] {taskinstance.py:1251} INFO - 
--------------------------------------------------------------------------------
[2023-12-21 00:28:38,734] {taskinstance.py:1270} INFO - Executing <Task(PythonOperator): transform_read_s3> on 2023-12-21 00:28:37.631097+00:00
[2023-12-21 00:28:38,739] {standard_task_runner.py:52} INFO - Started process 19827 to run task
[2023-12-21 00:28:38,742] {standard_task_runner.py:79} INFO - Running: ['***', 'tasks', 'run', 's3_to_postgres_dag', 'transform_read_s3', 'manual__2023-12-21T00:28:37.631097+00:00', '--job-id', '35', '--raw', '--subdir', 'DAGS_FOLDER/first_dag.py', '--cfg-path', '/tmp/tmp6pwmqh__', '--error-file', '/tmp/tmpdayd0_j6']
[2023-12-21 00:28:38,743] {standard_task_runner.py:80} INFO - Job 35: Subtask transform_read_s3
[2023-12-21 00:28:38,793] {logging_mixin.py:109} INFO - Running <TaskInstance: s3_to_postgres_dag.transform_read_s3 manual__2023-12-21T00:28:37.631097+00:00 [running]> on host eddfb0464777
[2023-12-21 00:28:38,843] {taskinstance.py:1448} INFO - Exporting the following env vars:
AIRFLOW_CTX_DAG_OWNER=***
AIRFLOW_CTX_DAG_ID=s3_to_postgres_dag
AIRFLOW_CTX_TASK_ID=transform_read_s3
AIRFLOW_CTX_EXECUTION_DATE=2023-12-21T00:28:37.631097+00:00
AIRFLOW_CTX_DAG_RUN_ID=manual__2023-12-21T00:28:37.631097+00:00
[2023-12-21 00:28:38,853] {base_aws.py:194} INFO - Credentials retrieved from extra_config
[2023-12-21 00:28:40,349] {python.py:175} INFO - Done. Returned value was: None
[2023-12-21 00:28:40,359] {taskinstance.py:1288} INFO - Marking task as SUCCESS. dag_id=s3_to_postgres_dag, task_id=transform_read_s3, execution_date=20231221T002837, start_date=20231221T002838, end_date=20231221T002840
[2023-12-21 00:28:40,417] {local_task_job.py:154} INFO - Task exited with return code 0
[2023-12-21 00:28:40,441] {local_task_job.py:264} INFO - 1 downstream tasks scheduled from follow-on schedule check
