[2023-12-22 20:40:28,002] {processor.py:163} INFO - Started process (PID=57) to work on /home/airflow/.local/lib/python3.6/site-packages/airflow/example_dags/example_xcom.py
[2023-12-22 20:40:28,003] {processor.py:642} INFO - Processing file /home/airflow/.local/lib/python3.6/site-packages/airflow/example_dags/example_xcom.py for tasks to queue
[2023-12-22 20:40:28,004] {logging_mixin.py:109} INFO - [2023-12-22 20:40:28,004] {dagbag.py:500} INFO - Filling up the DagBag from /home/airflow/.local/lib/python3.6/site-packages/airflow/example_dags/example_xcom.py
[2023-12-22 20:40:28,030] {processor.py:652} INFO - DAG(s) dict_keys(['example_xcom']) retrieved from /home/airflow/.local/lib/python3.6/site-packages/airflow/example_dags/example_xcom.py
[2023-12-22 20:40:28,290] {logging_mixin.py:109} INFO - [2023-12-22 20:40:28,290] {dag.py:2398} INFO - Sync 1 DAGs
[2023-12-22 20:40:28,308] {logging_mixin.py:109} INFO - [2023-12-22 20:40:28,308] {dag.py:2937} INFO - Setting next_dagrun for example_xcom to 2021-01-01T00:00:00+00:00
[2023-12-22 20:40:28,322] {processor.py:171} INFO - Processing /home/airflow/.local/lib/python3.6/site-packages/airflow/example_dags/example_xcom.py took 0.322 seconds
[2023-12-22 20:40:59,196] {processor.py:163} INFO - Started process (PID=131) to work on /home/airflow/.local/lib/python3.6/site-packages/airflow/example_dags/example_xcom.py
[2023-12-22 20:40:59,197] {processor.py:642} INFO - Processing file /home/airflow/.local/lib/python3.6/site-packages/airflow/example_dags/example_xcom.py for tasks to queue
[2023-12-22 20:40:59,198] {logging_mixin.py:109} INFO - [2023-12-22 20:40:59,198] {dagbag.py:500} INFO - Filling up the DagBag from /home/airflow/.local/lib/python3.6/site-packages/airflow/example_dags/example_xcom.py
[2023-12-22 20:40:59,218] {processor.py:652} INFO - DAG(s) dict_keys(['example_xcom']) retrieved from /home/airflow/.local/lib/python3.6/site-packages/airflow/example_dags/example_xcom.py
[2023-12-22 20:40:59,522] {logging_mixin.py:109} INFO - [2023-12-22 20:40:59,522] {dag.py:2398} INFO - Sync 1 DAGs
[2023-12-22 20:40:59,538] {logging_mixin.py:109} INFO - [2023-12-22 20:40:59,538] {dag.py:2937} INFO - Setting next_dagrun for example_xcom to 2021-01-01T00:00:00+00:00
[2023-12-22 20:40:59,559] {processor.py:171} INFO - Processing /home/airflow/.local/lib/python3.6/site-packages/airflow/example_dags/example_xcom.py took 0.366 seconds
[2023-12-22 20:41:31,513] {processor.py:163} INFO - Started process (PID=205) to work on /home/airflow/.local/lib/python3.6/site-packages/airflow/example_dags/example_xcom.py
[2023-12-22 20:41:31,515] {processor.py:642} INFO - Processing file /home/airflow/.local/lib/python3.6/site-packages/airflow/example_dags/example_xcom.py for tasks to queue
[2023-12-22 20:41:31,517] {logging_mixin.py:109} INFO - [2023-12-22 20:41:31,517] {dagbag.py:500} INFO - Filling up the DagBag from /home/airflow/.local/lib/python3.6/site-packages/airflow/example_dags/example_xcom.py
[2023-12-22 20:41:31,538] {processor.py:652} INFO - DAG(s) dict_keys(['example_xcom']) retrieved from /home/airflow/.local/lib/python3.6/site-packages/airflow/example_dags/example_xcom.py
[2023-12-22 20:41:32,215] {logging_mixin.py:109} INFO - [2023-12-22 20:41:32,215] {dag.py:2398} INFO - Sync 1 DAGs
[2023-12-22 20:41:32,252] {logging_mixin.py:109} INFO - [2023-12-22 20:41:32,252] {dag.py:2937} INFO - Setting next_dagrun for example_xcom to 2021-01-01T00:00:00+00:00
[2023-12-22 20:41:32,269] {processor.py:171} INFO - Processing /home/airflow/.local/lib/python3.6/site-packages/airflow/example_dags/example_xcom.py took 0.758 seconds
[2023-12-22 20:42:06,207] {processor.py:163} INFO - Started process (PID=271) to work on /home/airflow/.local/lib/python3.6/site-packages/airflow/example_dags/example_xcom.py
[2023-12-22 20:42:06,219] {processor.py:642} INFO - Processing file /home/airflow/.local/lib/python3.6/site-packages/airflow/example_dags/example_xcom.py for tasks to queue
[2023-12-22 20:42:06,225] {logging_mixin.py:109} INFO - [2023-12-22 20:42:06,225] {dagbag.py:500} INFO - Filling up the DagBag from /home/airflow/.local/lib/python3.6/site-packages/airflow/example_dags/example_xcom.py
[2023-12-22 20:42:06,258] {processor.py:652} INFO - DAG(s) dict_keys(['example_xcom']) retrieved from /home/airflow/.local/lib/python3.6/site-packages/airflow/example_dags/example_xcom.py
[2023-12-22 20:42:08,346] {logging_mixin.py:109} INFO - [2023-12-22 20:42:08,346] {dag.py:2398} INFO - Sync 1 DAGs
[2023-12-22 20:42:08,369] {logging_mixin.py:109} INFO - [2023-12-22 20:42:08,369] {dag.py:2937} INFO - Setting next_dagrun for example_xcom to 2021-01-01T00:00:00+00:00
[2023-12-22 20:42:08,383] {processor.py:171} INFO - Processing /home/airflow/.local/lib/python3.6/site-packages/airflow/example_dags/example_xcom.py took 2.178 seconds
[2023-12-22 20:42:39,862] {processor.py:163} INFO - Started process (PID=345) to work on /home/airflow/.local/lib/python3.6/site-packages/airflow/example_dags/example_xcom.py
[2023-12-22 20:42:39,863] {processor.py:642} INFO - Processing file /home/airflow/.local/lib/python3.6/site-packages/airflow/example_dags/example_xcom.py for tasks to queue
[2023-12-22 20:42:39,887] {logging_mixin.py:109} INFO - [2023-12-22 20:42:39,887] {dagbag.py:500} INFO - Filling up the DagBag from /home/airflow/.local/lib/python3.6/site-packages/airflow/example_dags/example_xcom.py
[2023-12-22 20:42:39,951] {processor.py:652} INFO - DAG(s) dict_keys(['example_xcom']) retrieved from /home/airflow/.local/lib/python3.6/site-packages/airflow/example_dags/example_xcom.py
[2023-12-22 20:42:40,448] {logging_mixin.py:109} INFO - [2023-12-22 20:42:40,448] {dag.py:2398} INFO - Sync 1 DAGs
[2023-12-22 20:42:40,537] {logging_mixin.py:109} INFO - [2023-12-22 20:42:40,537] {dag.py:2937} INFO - Setting next_dagrun for example_xcom to 2021-01-01T00:00:00+00:00
[2023-12-22 20:42:40,604] {processor.py:171} INFO - Processing /home/airflow/.local/lib/python3.6/site-packages/airflow/example_dags/example_xcom.py took 0.745 seconds
[2023-12-22 20:43:11,176] {processor.py:163} INFO - Started process (PID=409) to work on /home/airflow/.local/lib/python3.6/site-packages/airflow/example_dags/example_xcom.py
[2023-12-22 20:43:11,177] {processor.py:642} INFO - Processing file /home/airflow/.local/lib/python3.6/site-packages/airflow/example_dags/example_xcom.py for tasks to queue
[2023-12-22 20:43:11,178] {logging_mixin.py:109} INFO - [2023-12-22 20:43:11,178] {dagbag.py:500} INFO - Filling up the DagBag from /home/airflow/.local/lib/python3.6/site-packages/airflow/example_dags/example_xcom.py
[2023-12-22 20:43:11,202] {processor.py:652} INFO - DAG(s) dict_keys(['example_xcom']) retrieved from /home/airflow/.local/lib/python3.6/site-packages/airflow/example_dags/example_xcom.py
[2023-12-22 20:43:11,439] {logging_mixin.py:109} INFO - [2023-12-22 20:43:11,439] {dag.py:2398} INFO - Sync 1 DAGs
[2023-12-22 20:43:11,448] {logging_mixin.py:109} INFO - [2023-12-22 20:43:11,448] {dag.py:2937} INFO - Setting next_dagrun for example_xcom to 2021-01-01T00:00:00+00:00
[2023-12-22 20:43:11,456] {processor.py:171} INFO - Processing /home/airflow/.local/lib/python3.6/site-packages/airflow/example_dags/example_xcom.py took 0.282 seconds
[2023-12-22 20:43:43,183] {processor.py:163} INFO - Started process (PID=482) to work on /home/airflow/.local/lib/python3.6/site-packages/airflow/example_dags/example_xcom.py
[2023-12-22 20:43:43,184] {processor.py:642} INFO - Processing file /home/airflow/.local/lib/python3.6/site-packages/airflow/example_dags/example_xcom.py for tasks to queue
[2023-12-22 20:43:43,185] {logging_mixin.py:109} INFO - [2023-12-22 20:43:43,185] {dagbag.py:500} INFO - Filling up the DagBag from /home/airflow/.local/lib/python3.6/site-packages/airflow/example_dags/example_xcom.py
[2023-12-22 20:43:43,221] {processor.py:652} INFO - DAG(s) dict_keys(['example_xcom']) retrieved from /home/airflow/.local/lib/python3.6/site-packages/airflow/example_dags/example_xcom.py
[2023-12-22 20:43:43,654] {logging_mixin.py:109} INFO - [2023-12-22 20:43:43,654] {dag.py:2398} INFO - Sync 1 DAGs
[2023-12-22 20:43:43,687] {logging_mixin.py:109} INFO - [2023-12-22 20:43:43,687] {dag.py:2937} INFO - Setting next_dagrun for example_xcom to 2021-01-01T00:00:00+00:00
[2023-12-22 20:43:43,703] {processor.py:171} INFO - Processing /home/airflow/.local/lib/python3.6/site-packages/airflow/example_dags/example_xcom.py took 0.523 seconds
[2023-12-22 20:44:14,007] {processor.py:163} INFO - Started process (PID=545) to work on /home/airflow/.local/lib/python3.6/site-packages/airflow/example_dags/example_xcom.py
[2023-12-22 20:44:14,008] {processor.py:642} INFO - Processing file /home/airflow/.local/lib/python3.6/site-packages/airflow/example_dags/example_xcom.py for tasks to queue
[2023-12-22 20:44:14,010] {logging_mixin.py:109} INFO - [2023-12-22 20:44:14,009] {dagbag.py:500} INFO - Filling up the DagBag from /home/airflow/.local/lib/python3.6/site-packages/airflow/example_dags/example_xcom.py
[2023-12-22 20:44:14,033] {processor.py:652} INFO - DAG(s) dict_keys(['example_xcom']) retrieved from /home/airflow/.local/lib/python3.6/site-packages/airflow/example_dags/example_xcom.py
[2023-12-22 20:44:14,384] {logging_mixin.py:109} INFO - [2023-12-22 20:44:14,384] {dag.py:2398} INFO - Sync 1 DAGs
[2023-12-22 20:44:14,406] {logging_mixin.py:109} INFO - [2023-12-22 20:44:14,406] {dag.py:2937} INFO - Setting next_dagrun for example_xcom to 2021-01-01T00:00:00+00:00
[2023-12-22 20:44:14,421] {processor.py:171} INFO - Processing /home/airflow/.local/lib/python3.6/site-packages/airflow/example_dags/example_xcom.py took 0.417 seconds
[2023-12-22 20:44:45,991] {processor.py:163} INFO - Started process (PID=621) to work on /home/airflow/.local/lib/python3.6/site-packages/airflow/example_dags/example_xcom.py
[2023-12-22 20:44:46,015] {processor.py:642} INFO - Processing file /home/airflow/.local/lib/python3.6/site-packages/airflow/example_dags/example_xcom.py for tasks to queue
[2023-12-22 20:44:46,018] {logging_mixin.py:109} INFO - [2023-12-22 20:44:46,018] {dagbag.py:500} INFO - Filling up the DagBag from /home/airflow/.local/lib/python3.6/site-packages/airflow/example_dags/example_xcom.py
[2023-12-22 20:44:46,063] {processor.py:652} INFO - DAG(s) dict_keys(['example_xcom']) retrieved from /home/airflow/.local/lib/python3.6/site-packages/airflow/example_dags/example_xcom.py
[2023-12-22 20:44:46,405] {logging_mixin.py:109} INFO - [2023-12-22 20:44:46,404] {dag.py:2398} INFO - Sync 1 DAGs
[2023-12-22 20:44:46,423] {logging_mixin.py:109} INFO - [2023-12-22 20:44:46,423] {dag.py:2937} INFO - Setting next_dagrun for example_xcom to 2021-01-01T00:00:00+00:00
[2023-12-22 20:44:46,436] {processor.py:171} INFO - Processing /home/airflow/.local/lib/python3.6/site-packages/airflow/example_dags/example_xcom.py took 0.442 seconds
[2023-12-22 20:45:17,167] {processor.py:163} INFO - Started process (PID=685) to work on /home/airflow/.local/lib/python3.6/site-packages/airflow/example_dags/example_xcom.py
[2023-12-22 20:45:17,168] {processor.py:642} INFO - Processing file /home/airflow/.local/lib/python3.6/site-packages/airflow/example_dags/example_xcom.py for tasks to queue
[2023-12-22 20:45:17,169] {logging_mixin.py:109} INFO - [2023-12-22 20:45:17,169] {dagbag.py:500} INFO - Filling up the DagBag from /home/airflow/.local/lib/python3.6/site-packages/airflow/example_dags/example_xcom.py
[2023-12-22 20:45:17,296] {processor.py:652} INFO - DAG(s) dict_keys(['example_xcom']) retrieved from /home/airflow/.local/lib/python3.6/site-packages/airflow/example_dags/example_xcom.py
[2023-12-22 20:45:17,535] {logging_mixin.py:109} INFO - [2023-12-22 20:45:17,535] {dag.py:2398} INFO - Sync 1 DAGs
[2023-12-22 20:45:17,554] {logging_mixin.py:109} INFO - [2023-12-22 20:45:17,554] {dag.py:2937} INFO - Setting next_dagrun for example_xcom to 2021-01-01T00:00:00+00:00
[2023-12-22 20:45:17,567] {processor.py:171} INFO - Processing /home/airflow/.local/lib/python3.6/site-packages/airflow/example_dags/example_xcom.py took 0.405 seconds
[2023-12-22 20:45:47,812] {processor.py:163} INFO - Started process (PID=761) to work on /home/airflow/.local/lib/python3.6/site-packages/airflow/example_dags/example_xcom.py
[2023-12-22 20:45:47,813] {processor.py:642} INFO - Processing file /home/airflow/.local/lib/python3.6/site-packages/airflow/example_dags/example_xcom.py for tasks to queue
[2023-12-22 20:45:47,814] {logging_mixin.py:109} INFO - [2023-12-22 20:45:47,814] {dagbag.py:500} INFO - Filling up the DagBag from /home/airflow/.local/lib/python3.6/site-packages/airflow/example_dags/example_xcom.py
[2023-12-22 20:45:47,905] {processor.py:652} INFO - DAG(s) dict_keys(['example_xcom']) retrieved from /home/airflow/.local/lib/python3.6/site-packages/airflow/example_dags/example_xcom.py
[2023-12-22 20:45:48,102] {logging_mixin.py:109} INFO - [2023-12-22 20:45:48,101] {dag.py:2398} INFO - Sync 1 DAGs
[2023-12-22 20:45:48,118] {logging_mixin.py:109} INFO - [2023-12-22 20:45:48,118] {dag.py:2937} INFO - Setting next_dagrun for example_xcom to 2021-01-01T00:00:00+00:00
[2023-12-22 20:45:48,131] {processor.py:171} INFO - Processing /home/airflow/.local/lib/python3.6/site-packages/airflow/example_dags/example_xcom.py took 0.322 seconds
[2023-12-22 20:46:18,615] {processor.py:163} INFO - Started process (PID=825) to work on /home/airflow/.local/lib/python3.6/site-packages/airflow/example_dags/example_xcom.py
[2023-12-22 20:46:18,617] {processor.py:642} INFO - Processing file /home/airflow/.local/lib/python3.6/site-packages/airflow/example_dags/example_xcom.py for tasks to queue
[2023-12-22 20:46:18,617] {logging_mixin.py:109} INFO - [2023-12-22 20:46:18,617] {dagbag.py:500} INFO - Filling up the DagBag from /home/airflow/.local/lib/python3.6/site-packages/airflow/example_dags/example_xcom.py
[2023-12-22 20:46:18,721] {processor.py:652} INFO - DAG(s) dict_keys(['example_xcom']) retrieved from /home/airflow/.local/lib/python3.6/site-packages/airflow/example_dags/example_xcom.py
[2023-12-22 20:46:19,294] {logging_mixin.py:109} INFO - [2023-12-22 20:46:19,294] {dag.py:2398} INFO - Sync 1 DAGs
[2023-12-22 20:46:19,389] {logging_mixin.py:109} INFO - [2023-12-22 20:46:19,389] {dag.py:2937} INFO - Setting next_dagrun for example_xcom to 2021-01-01T00:00:00+00:00
[2023-12-22 20:46:19,434] {processor.py:171} INFO - Processing /home/airflow/.local/lib/python3.6/site-packages/airflow/example_dags/example_xcom.py took 0.822 seconds
[2023-12-22 20:46:49,926] {processor.py:163} INFO - Started process (PID=887) to work on /home/airflow/.local/lib/python3.6/site-packages/airflow/example_dags/example_xcom.py
[2023-12-22 20:46:49,927] {processor.py:642} INFO - Processing file /home/airflow/.local/lib/python3.6/site-packages/airflow/example_dags/example_xcom.py for tasks to queue
[2023-12-22 20:46:49,928] {logging_mixin.py:109} INFO - [2023-12-22 20:46:49,928] {dagbag.py:500} INFO - Filling up the DagBag from /home/airflow/.local/lib/python3.6/site-packages/airflow/example_dags/example_xcom.py
[2023-12-22 20:46:50,058] {processor.py:652} INFO - DAG(s) dict_keys(['example_xcom']) retrieved from /home/airflow/.local/lib/python3.6/site-packages/airflow/example_dags/example_xcom.py
[2023-12-22 20:46:50,374] {logging_mixin.py:109} INFO - [2023-12-22 20:46:50,374] {dag.py:2398} INFO - Sync 1 DAGs
[2023-12-22 20:46:50,392] {logging_mixin.py:109} INFO - [2023-12-22 20:46:50,392] {dag.py:2937} INFO - Setting next_dagrun for example_xcom to 2021-01-01T00:00:00+00:00
[2023-12-22 20:46:50,407] {processor.py:171} INFO - Processing /home/airflow/.local/lib/python3.6/site-packages/airflow/example_dags/example_xcom.py took 0.482 seconds
[2023-12-22 20:47:21,260] {processor.py:163} INFO - Started process (PID=951) to work on /home/airflow/.local/lib/python3.6/site-packages/airflow/example_dags/example_xcom.py
[2023-12-22 20:47:21,262] {processor.py:642} INFO - Processing file /home/airflow/.local/lib/python3.6/site-packages/airflow/example_dags/example_xcom.py for tasks to queue
[2023-12-22 20:47:21,263] {logging_mixin.py:109} INFO - [2023-12-22 20:47:21,263] {dagbag.py:500} INFO - Filling up the DagBag from /home/airflow/.local/lib/python3.6/site-packages/airflow/example_dags/example_xcom.py
[2023-12-22 20:47:21,359] {processor.py:652} INFO - DAG(s) dict_keys(['example_xcom']) retrieved from /home/airflow/.local/lib/python3.6/site-packages/airflow/example_dags/example_xcom.py
[2023-12-22 20:47:21,744] {logging_mixin.py:109} INFO - [2023-12-22 20:47:21,744] {dag.py:2398} INFO - Sync 1 DAGs
[2023-12-22 20:47:21,759] {logging_mixin.py:109} INFO - [2023-12-22 20:47:21,758] {dag.py:2937} INFO - Setting next_dagrun for example_xcom to 2021-01-01T00:00:00+00:00
[2023-12-22 20:47:21,773] {processor.py:171} INFO - Processing /home/airflow/.local/lib/python3.6/site-packages/airflow/example_dags/example_xcom.py took 0.515 seconds
[2023-12-22 20:47:52,295] {processor.py:163} INFO - Started process (PID=1023) to work on /home/airflow/.local/lib/python3.6/site-packages/airflow/example_dags/example_xcom.py
[2023-12-22 20:47:52,297] {processor.py:642} INFO - Processing file /home/airflow/.local/lib/python3.6/site-packages/airflow/example_dags/example_xcom.py for tasks to queue
[2023-12-22 20:47:52,297] {logging_mixin.py:109} INFO - [2023-12-22 20:47:52,297] {dagbag.py:500} INFO - Filling up the DagBag from /home/airflow/.local/lib/python3.6/site-packages/airflow/example_dags/example_xcom.py
[2023-12-22 20:47:52,387] {processor.py:652} INFO - DAG(s) dict_keys(['example_xcom']) retrieved from /home/airflow/.local/lib/python3.6/site-packages/airflow/example_dags/example_xcom.py
[2023-12-22 20:47:52,547] {logging_mixin.py:109} INFO - [2023-12-22 20:47:52,547] {dag.py:2398} INFO - Sync 1 DAGs
[2023-12-22 20:47:52,559] {logging_mixin.py:109} INFO - [2023-12-22 20:47:52,559] {dag.py:2937} INFO - Setting next_dagrun for example_xcom to 2021-01-01T00:00:00+00:00
[2023-12-22 20:47:52,577] {processor.py:171} INFO - Processing /home/airflow/.local/lib/python3.6/site-packages/airflow/example_dags/example_xcom.py took 0.284 seconds
[2023-12-22 20:48:22,729] {processor.py:163} INFO - Started process (PID=1087) to work on /home/airflow/.local/lib/python3.6/site-packages/airflow/example_dags/example_xcom.py
[2023-12-22 20:48:22,731] {processor.py:642} INFO - Processing file /home/airflow/.local/lib/python3.6/site-packages/airflow/example_dags/example_xcom.py for tasks to queue
[2023-12-22 20:48:22,731] {logging_mixin.py:109} INFO - [2023-12-22 20:48:22,731] {dagbag.py:500} INFO - Filling up the DagBag from /home/airflow/.local/lib/python3.6/site-packages/airflow/example_dags/example_xcom.py
[2023-12-22 20:48:22,838] {processor.py:652} INFO - DAG(s) dict_keys(['example_xcom']) retrieved from /home/airflow/.local/lib/python3.6/site-packages/airflow/example_dags/example_xcom.py
[2023-12-22 20:48:23,007] {logging_mixin.py:109} INFO - [2023-12-22 20:48:23,007] {dag.py:2398} INFO - Sync 1 DAGs
[2023-12-22 20:48:23,020] {logging_mixin.py:109} INFO - [2023-12-22 20:48:23,020] {dag.py:2937} INFO - Setting next_dagrun for example_xcom to 2021-01-01T00:00:00+00:00
[2023-12-22 20:48:23,028] {processor.py:171} INFO - Processing /home/airflow/.local/lib/python3.6/site-packages/airflow/example_dags/example_xcom.py took 0.301 seconds
[2023-12-22 20:48:53,616] {processor.py:163} INFO - Started process (PID=1161) to work on /home/airflow/.local/lib/python3.6/site-packages/airflow/example_dags/example_xcom.py
[2023-12-22 20:48:53,617] {processor.py:642} INFO - Processing file /home/airflow/.local/lib/python3.6/site-packages/airflow/example_dags/example_xcom.py for tasks to queue
[2023-12-22 20:48:53,618] {logging_mixin.py:109} INFO - [2023-12-22 20:48:53,618] {dagbag.py:500} INFO - Filling up the DagBag from /home/airflow/.local/lib/python3.6/site-packages/airflow/example_dags/example_xcom.py
[2023-12-22 20:48:53,714] {processor.py:652} INFO - DAG(s) dict_keys(['example_xcom']) retrieved from /home/airflow/.local/lib/python3.6/site-packages/airflow/example_dags/example_xcom.py
[2023-12-22 20:48:53,930] {logging_mixin.py:109} INFO - [2023-12-22 20:48:53,929] {dag.py:2398} INFO - Sync 1 DAGs
[2023-12-22 20:48:53,949] {logging_mixin.py:109} INFO - [2023-12-22 20:48:53,949] {dag.py:2937} INFO - Setting next_dagrun for example_xcom to 2021-01-01T00:00:00+00:00
[2023-12-22 20:48:53,969] {processor.py:171} INFO - Processing /home/airflow/.local/lib/python3.6/site-packages/airflow/example_dags/example_xcom.py took 0.356 seconds
[2023-12-22 20:49:24,079] {processor.py:163} INFO - Started process (PID=1225) to work on /home/airflow/.local/lib/python3.6/site-packages/airflow/example_dags/example_xcom.py
[2023-12-22 20:49:24,080] {processor.py:642} INFO - Processing file /home/airflow/.local/lib/python3.6/site-packages/airflow/example_dags/example_xcom.py for tasks to queue
[2023-12-22 20:49:24,080] {logging_mixin.py:109} INFO - [2023-12-22 20:49:24,080] {dagbag.py:500} INFO - Filling up the DagBag from /home/airflow/.local/lib/python3.6/site-packages/airflow/example_dags/example_xcom.py
[2023-12-22 20:49:24,181] {processor.py:652} INFO - DAG(s) dict_keys(['example_xcom']) retrieved from /home/airflow/.local/lib/python3.6/site-packages/airflow/example_dags/example_xcom.py
[2023-12-22 20:49:24,369] {logging_mixin.py:109} INFO - [2023-12-22 20:49:24,369] {dag.py:2398} INFO - Sync 1 DAGs
[2023-12-22 20:49:24,384] {logging_mixin.py:109} INFO - [2023-12-22 20:49:24,383] {dag.py:2937} INFO - Setting next_dagrun for example_xcom to 2021-01-01T00:00:00+00:00
[2023-12-22 20:49:24,394] {processor.py:171} INFO - Processing /home/airflow/.local/lib/python3.6/site-packages/airflow/example_dags/example_xcom.py took 0.317 seconds
[2023-12-22 20:49:54,536] {processor.py:163} INFO - Started process (PID=1299) to work on /home/airflow/.local/lib/python3.6/site-packages/airflow/example_dags/example_xcom.py
[2023-12-22 20:49:54,539] {processor.py:642} INFO - Processing file /home/airflow/.local/lib/python3.6/site-packages/airflow/example_dags/example_xcom.py for tasks to queue
[2023-12-22 20:49:54,542] {logging_mixin.py:109} INFO - [2023-12-22 20:49:54,542] {dagbag.py:500} INFO - Filling up the DagBag from /home/airflow/.local/lib/python3.6/site-packages/airflow/example_dags/example_xcom.py
[2023-12-22 20:49:54,578] {processor.py:652} INFO - DAG(s) dict_keys(['example_xcom']) retrieved from /home/airflow/.local/lib/python3.6/site-packages/airflow/example_dags/example_xcom.py
[2023-12-22 20:49:54,837] {logging_mixin.py:109} INFO - [2023-12-22 20:49:54,837] {dag.py:2398} INFO - Sync 1 DAGs
[2023-12-22 20:49:54,857] {logging_mixin.py:109} INFO - [2023-12-22 20:49:54,857] {dag.py:2937} INFO - Setting next_dagrun for example_xcom to 2021-01-01T00:00:00+00:00
[2023-12-22 20:49:54,870] {processor.py:171} INFO - Processing /home/airflow/.local/lib/python3.6/site-packages/airflow/example_dags/example_xcom.py took 0.338 seconds
[2023-12-22 20:50:24,916] {processor.py:163} INFO - Started process (PID=1365) to work on /home/airflow/.local/lib/python3.6/site-packages/airflow/example_dags/example_xcom.py
[2023-12-22 20:50:24,917] {processor.py:642} INFO - Processing file /home/airflow/.local/lib/python3.6/site-packages/airflow/example_dags/example_xcom.py for tasks to queue
[2023-12-22 20:50:24,918] {logging_mixin.py:109} INFO - [2023-12-22 20:50:24,918] {dagbag.py:500} INFO - Filling up the DagBag from /home/airflow/.local/lib/python3.6/site-packages/airflow/example_dags/example_xcom.py
[2023-12-22 20:50:24,933] {processor.py:652} INFO - DAG(s) dict_keys(['example_xcom']) retrieved from /home/airflow/.local/lib/python3.6/site-packages/airflow/example_dags/example_xcom.py
[2023-12-22 20:50:25,083] {logging_mixin.py:109} INFO - [2023-12-22 20:50:25,083] {dag.py:2398} INFO - Sync 1 DAGs
[2023-12-22 20:50:25,096] {logging_mixin.py:109} INFO - [2023-12-22 20:50:25,095] {dag.py:2937} INFO - Setting next_dagrun for example_xcom to 2021-01-01T00:00:00+00:00
[2023-12-22 20:50:25,105] {processor.py:171} INFO - Processing /home/airflow/.local/lib/python3.6/site-packages/airflow/example_dags/example_xcom.py took 0.191 seconds
[2023-12-22 20:50:56,017] {processor.py:163} INFO - Started process (PID=1438) to work on /home/airflow/.local/lib/python3.6/site-packages/airflow/example_dags/example_xcom.py
[2023-12-22 20:50:56,019] {processor.py:642} INFO - Processing file /home/airflow/.local/lib/python3.6/site-packages/airflow/example_dags/example_xcom.py for tasks to queue
[2023-12-22 20:50:56,020] {logging_mixin.py:109} INFO - [2023-12-22 20:50:56,020] {dagbag.py:500} INFO - Filling up the DagBag from /home/airflow/.local/lib/python3.6/site-packages/airflow/example_dags/example_xcom.py
[2023-12-22 20:50:56,057] {processor.py:652} INFO - DAG(s) dict_keys(['example_xcom']) retrieved from /home/airflow/.local/lib/python3.6/site-packages/airflow/example_dags/example_xcom.py
[2023-12-22 20:50:56,282] {logging_mixin.py:109} INFO - [2023-12-22 20:50:56,282] {dag.py:2398} INFO - Sync 1 DAGs
[2023-12-22 20:50:56,297] {logging_mixin.py:109} INFO - [2023-12-22 20:50:56,297] {dag.py:2937} INFO - Setting next_dagrun for example_xcom to 2021-01-01T00:00:00+00:00
[2023-12-22 20:50:56,308] {processor.py:171} INFO - Processing /home/airflow/.local/lib/python3.6/site-packages/airflow/example_dags/example_xcom.py took 0.294 seconds
[2023-12-22 20:51:26,467] {processor.py:163} INFO - Started process (PID=1512) to work on /home/airflow/.local/lib/python3.6/site-packages/airflow/example_dags/example_xcom.py
[2023-12-22 20:51:26,468] {processor.py:642} INFO - Processing file /home/airflow/.local/lib/python3.6/site-packages/airflow/example_dags/example_xcom.py for tasks to queue
[2023-12-22 20:51:26,469] {logging_mixin.py:109} INFO - [2023-12-22 20:51:26,469] {dagbag.py:500} INFO - Filling up the DagBag from /home/airflow/.local/lib/python3.6/site-packages/airflow/example_dags/example_xcom.py
[2023-12-22 20:51:26,490] {processor.py:652} INFO - DAG(s) dict_keys(['example_xcom']) retrieved from /home/airflow/.local/lib/python3.6/site-packages/airflow/example_dags/example_xcom.py
[2023-12-22 20:51:26,666] {logging_mixin.py:109} INFO - [2023-12-22 20:51:26,666] {dag.py:2398} INFO - Sync 1 DAGs
[2023-12-22 20:51:26,680] {logging_mixin.py:109} INFO - [2023-12-22 20:51:26,680] {dag.py:2937} INFO - Setting next_dagrun for example_xcom to 2021-01-01T00:00:00+00:00
[2023-12-22 20:51:26,689] {processor.py:171} INFO - Processing /home/airflow/.local/lib/python3.6/site-packages/airflow/example_dags/example_xcom.py took 0.225 seconds
[2023-12-22 20:51:56,825] {processor.py:163} INFO - Started process (PID=1577) to work on /home/airflow/.local/lib/python3.6/site-packages/airflow/example_dags/example_xcom.py
[2023-12-22 20:51:56,832] {processor.py:642} INFO - Processing file /home/airflow/.local/lib/python3.6/site-packages/airflow/example_dags/example_xcom.py for tasks to queue
[2023-12-22 20:51:56,833] {logging_mixin.py:109} INFO - [2023-12-22 20:51:56,833] {dagbag.py:500} INFO - Filling up the DagBag from /home/airflow/.local/lib/python3.6/site-packages/airflow/example_dags/example_xcom.py
[2023-12-22 20:51:56,857] {processor.py:652} INFO - DAG(s) dict_keys(['example_xcom']) retrieved from /home/airflow/.local/lib/python3.6/site-packages/airflow/example_dags/example_xcom.py
[2023-12-22 20:51:57,030] {logging_mixin.py:109} INFO - [2023-12-22 20:51:57,030] {dag.py:2398} INFO - Sync 1 DAGs
[2023-12-22 20:51:57,044] {logging_mixin.py:109} INFO - [2023-12-22 20:51:57,043] {dag.py:2937} INFO - Setting next_dagrun for example_xcom to 2021-01-01T00:00:00+00:00
[2023-12-22 20:51:57,052] {processor.py:171} INFO - Processing /home/airflow/.local/lib/python3.6/site-packages/airflow/example_dags/example_xcom.py took 0.229 seconds
[2023-12-22 20:52:27,255] {processor.py:163} INFO - Started process (PID=1653) to work on /home/airflow/.local/lib/python3.6/site-packages/airflow/example_dags/example_xcom.py
[2023-12-22 20:52:27,257] {processor.py:642} INFO - Processing file /home/airflow/.local/lib/python3.6/site-packages/airflow/example_dags/example_xcom.py for tasks to queue
[2023-12-22 20:52:27,259] {logging_mixin.py:109} INFO - [2023-12-22 20:52:27,258] {dagbag.py:500} INFO - Filling up the DagBag from /home/airflow/.local/lib/python3.6/site-packages/airflow/example_dags/example_xcom.py
[2023-12-22 20:52:27,298] {processor.py:652} INFO - DAG(s) dict_keys(['example_xcom']) retrieved from /home/airflow/.local/lib/python3.6/site-packages/airflow/example_dags/example_xcom.py
[2023-12-22 20:52:27,667] {logging_mixin.py:109} INFO - [2023-12-22 20:52:27,667] {dag.py:2398} INFO - Sync 1 DAGs
[2023-12-22 20:52:27,693] {logging_mixin.py:109} INFO - [2023-12-22 20:52:27,693] {dag.py:2937} INFO - Setting next_dagrun for example_xcom to 2021-01-01T00:00:00+00:00
[2023-12-22 20:52:27,717] {processor.py:171} INFO - Processing /home/airflow/.local/lib/python3.6/site-packages/airflow/example_dags/example_xcom.py took 0.468 seconds
[2023-12-22 20:52:58,119] {processor.py:163} INFO - Started process (PID=1715) to work on /home/airflow/.local/lib/python3.6/site-packages/airflow/example_dags/example_xcom.py
[2023-12-22 20:52:58,125] {processor.py:642} INFO - Processing file /home/airflow/.local/lib/python3.6/site-packages/airflow/example_dags/example_xcom.py for tasks to queue
[2023-12-22 20:52:58,129] {logging_mixin.py:109} INFO - [2023-12-22 20:52:58,129] {dagbag.py:500} INFO - Filling up the DagBag from /home/airflow/.local/lib/python3.6/site-packages/airflow/example_dags/example_xcom.py
[2023-12-22 20:52:58,168] {processor.py:652} INFO - DAG(s) dict_keys(['example_xcom']) retrieved from /home/airflow/.local/lib/python3.6/site-packages/airflow/example_dags/example_xcom.py
[2023-12-22 20:52:58,412] {logging_mixin.py:109} INFO - [2023-12-22 20:52:58,412] {dag.py:2398} INFO - Sync 1 DAGs
[2023-12-22 20:52:58,427] {logging_mixin.py:109} INFO - [2023-12-22 20:52:58,427] {dag.py:2937} INFO - Setting next_dagrun for example_xcom to 2021-01-01T00:00:00+00:00
[2023-12-22 20:52:58,440] {processor.py:171} INFO - Processing /home/airflow/.local/lib/python3.6/site-packages/airflow/example_dags/example_xcom.py took 0.325 seconds
[2023-12-22 20:53:29,206] {processor.py:163} INFO - Started process (PID=1789) to work on /home/airflow/.local/lib/python3.6/site-packages/airflow/example_dags/example_xcom.py
[2023-12-22 20:53:29,208] {processor.py:642} INFO - Processing file /home/airflow/.local/lib/python3.6/site-packages/airflow/example_dags/example_xcom.py for tasks to queue
[2023-12-22 20:53:29,208] {logging_mixin.py:109} INFO - [2023-12-22 20:53:29,208] {dagbag.py:500} INFO - Filling up the DagBag from /home/airflow/.local/lib/python3.6/site-packages/airflow/example_dags/example_xcom.py
[2023-12-22 20:53:29,225] {processor.py:652} INFO - DAG(s) dict_keys(['example_xcom']) retrieved from /home/airflow/.local/lib/python3.6/site-packages/airflow/example_dags/example_xcom.py
[2023-12-22 20:53:29,407] {logging_mixin.py:109} INFO - [2023-12-22 20:53:29,407] {dag.py:2398} INFO - Sync 1 DAGs
[2023-12-22 20:53:29,426] {logging_mixin.py:109} INFO - [2023-12-22 20:53:29,426] {dag.py:2937} INFO - Setting next_dagrun for example_xcom to 2021-01-01T00:00:00+00:00
[2023-12-22 20:53:29,439] {processor.py:171} INFO - Processing /home/airflow/.local/lib/python3.6/site-packages/airflow/example_dags/example_xcom.py took 0.234 seconds
[2023-12-22 20:53:59,595] {processor.py:163} INFO - Started process (PID=1853) to work on /home/airflow/.local/lib/python3.6/site-packages/airflow/example_dags/example_xcom.py
[2023-12-22 20:53:59,597] {processor.py:642} INFO - Processing file /home/airflow/.local/lib/python3.6/site-packages/airflow/example_dags/example_xcom.py for tasks to queue
[2023-12-22 20:53:59,598] {logging_mixin.py:109} INFO - [2023-12-22 20:53:59,597] {dagbag.py:500} INFO - Filling up the DagBag from /home/airflow/.local/lib/python3.6/site-packages/airflow/example_dags/example_xcom.py
[2023-12-22 20:53:59,615] {processor.py:652} INFO - DAG(s) dict_keys(['example_xcom']) retrieved from /home/airflow/.local/lib/python3.6/site-packages/airflow/example_dags/example_xcom.py
[2023-12-22 20:53:59,634] {logging_mixin.py:109} INFO - [2023-12-22 20:53:59,634] {dag.py:2398} INFO - Sync 1 DAGs
[2023-12-22 20:53:59,649] {logging_mixin.py:109} INFO - [2023-12-22 20:53:59,649] {dag.py:2937} INFO - Setting next_dagrun for example_xcom to 2021-01-01T00:00:00+00:00
[2023-12-22 20:53:59,658] {processor.py:171} INFO - Processing /home/airflow/.local/lib/python3.6/site-packages/airflow/example_dags/example_xcom.py took 0.065 seconds
[2023-12-22 20:54:30,214] {processor.py:163} INFO - Started process (PID=1926) to work on /home/airflow/.local/lib/python3.6/site-packages/airflow/example_dags/example_xcom.py
[2023-12-22 20:54:30,228] {processor.py:642} INFO - Processing file /home/airflow/.local/lib/python3.6/site-packages/airflow/example_dags/example_xcom.py for tasks to queue
[2023-12-22 20:54:30,231] {logging_mixin.py:109} INFO - [2023-12-22 20:54:30,231] {dagbag.py:500} INFO - Filling up the DagBag from /home/airflow/.local/lib/python3.6/site-packages/airflow/example_dags/example_xcom.py
[2023-12-22 20:54:30,254] {processor.py:652} INFO - DAG(s) dict_keys(['example_xcom']) retrieved from /home/airflow/.local/lib/python3.6/site-packages/airflow/example_dags/example_xcom.py
[2023-12-22 20:54:30,544] {logging_mixin.py:109} INFO - [2023-12-22 20:54:30,544] {dag.py:2398} INFO - Sync 1 DAGs
[2023-12-22 20:54:30,564] {logging_mixin.py:109} INFO - [2023-12-22 20:54:30,564] {dag.py:2937} INFO - Setting next_dagrun for example_xcom to 2021-01-01T00:00:00+00:00
[2023-12-22 20:54:30,577] {processor.py:171} INFO - Processing /home/airflow/.local/lib/python3.6/site-packages/airflow/example_dags/example_xcom.py took 0.367 seconds
[2023-12-22 20:55:00,916] {processor.py:163} INFO - Started process (PID=1990) to work on /home/airflow/.local/lib/python3.6/site-packages/airflow/example_dags/example_xcom.py
[2023-12-22 20:55:00,918] {processor.py:642} INFO - Processing file /home/airflow/.local/lib/python3.6/site-packages/airflow/example_dags/example_xcom.py for tasks to queue
[2023-12-22 20:55:00,918] {logging_mixin.py:109} INFO - [2023-12-22 20:55:00,918] {dagbag.py:500} INFO - Filling up the DagBag from /home/airflow/.local/lib/python3.6/site-packages/airflow/example_dags/example_xcom.py
[2023-12-22 20:55:00,938] {processor.py:652} INFO - DAG(s) dict_keys(['example_xcom']) retrieved from /home/airflow/.local/lib/python3.6/site-packages/airflow/example_dags/example_xcom.py
[2023-12-22 20:55:01,121] {logging_mixin.py:109} INFO - [2023-12-22 20:55:01,121] {dag.py:2398} INFO - Sync 1 DAGs
[2023-12-22 20:55:01,136] {logging_mixin.py:109} INFO - [2023-12-22 20:55:01,136] {dag.py:2937} INFO - Setting next_dagrun for example_xcom to 2021-01-01T00:00:00+00:00
[2023-12-22 20:55:01,148] {processor.py:171} INFO - Processing /home/airflow/.local/lib/python3.6/site-packages/airflow/example_dags/example_xcom.py took 0.235 seconds
[2023-12-22 20:55:31,351] {processor.py:163} INFO - Started process (PID=2064) to work on /home/airflow/.local/lib/python3.6/site-packages/airflow/example_dags/example_xcom.py
[2023-12-22 20:55:31,352] {processor.py:642} INFO - Processing file /home/airflow/.local/lib/python3.6/site-packages/airflow/example_dags/example_xcom.py for tasks to queue
[2023-12-22 20:55:31,353] {logging_mixin.py:109} INFO - [2023-12-22 20:55:31,352] {dagbag.py:500} INFO - Filling up the DagBag from /home/airflow/.local/lib/python3.6/site-packages/airflow/example_dags/example_xcom.py
[2023-12-22 20:55:31,378] {processor.py:652} INFO - DAG(s) dict_keys(['example_xcom']) retrieved from /home/airflow/.local/lib/python3.6/site-packages/airflow/example_dags/example_xcom.py
[2023-12-22 20:55:31,583] {logging_mixin.py:109} INFO - [2023-12-22 20:55:31,583] {dag.py:2398} INFO - Sync 1 DAGs
[2023-12-22 20:55:31,598] {logging_mixin.py:109} INFO - [2023-12-22 20:55:31,598] {dag.py:2937} INFO - Setting next_dagrun for example_xcom to 2021-01-01T00:00:00+00:00
[2023-12-22 20:55:31,609] {processor.py:171} INFO - Processing /home/airflow/.local/lib/python3.6/site-packages/airflow/example_dags/example_xcom.py took 0.261 seconds
[2023-12-22 20:56:01,672] {processor.py:163} INFO - Started process (PID=2126) to work on /home/airflow/.local/lib/python3.6/site-packages/airflow/example_dags/example_xcom.py
[2023-12-22 20:56:01,673] {processor.py:642} INFO - Processing file /home/airflow/.local/lib/python3.6/site-packages/airflow/example_dags/example_xcom.py for tasks to queue
[2023-12-22 20:56:01,675] {logging_mixin.py:109} INFO - [2023-12-22 20:56:01,675] {dagbag.py:500} INFO - Filling up the DagBag from /home/airflow/.local/lib/python3.6/site-packages/airflow/example_dags/example_xcom.py
[2023-12-22 20:56:01,691] {processor.py:652} INFO - DAG(s) dict_keys(['example_xcom']) retrieved from /home/airflow/.local/lib/python3.6/site-packages/airflow/example_dags/example_xcom.py
[2023-12-22 20:56:01,884] {logging_mixin.py:109} INFO - [2023-12-22 20:56:01,884] {dag.py:2398} INFO - Sync 1 DAGs
[2023-12-22 20:56:01,902] {logging_mixin.py:109} INFO - [2023-12-22 20:56:01,901] {dag.py:2937} INFO - Setting next_dagrun for example_xcom to 2021-01-01T00:00:00+00:00
[2023-12-22 20:56:01,911] {processor.py:171} INFO - Processing /home/airflow/.local/lib/python3.6/site-packages/airflow/example_dags/example_xcom.py took 0.242 seconds
[2023-12-22 20:56:32,042] {processor.py:163} INFO - Started process (PID=2199) to work on /home/airflow/.local/lib/python3.6/site-packages/airflow/example_dags/example_xcom.py
[2023-12-22 20:56:32,043] {processor.py:642} INFO - Processing file /home/airflow/.local/lib/python3.6/site-packages/airflow/example_dags/example_xcom.py for tasks to queue
[2023-12-22 20:56:32,044] {logging_mixin.py:109} INFO - [2023-12-22 20:56:32,044] {dagbag.py:500} INFO - Filling up the DagBag from /home/airflow/.local/lib/python3.6/site-packages/airflow/example_dags/example_xcom.py
[2023-12-22 20:56:32,073] {processor.py:652} INFO - DAG(s) dict_keys(['example_xcom']) retrieved from /home/airflow/.local/lib/python3.6/site-packages/airflow/example_dags/example_xcom.py
[2023-12-22 20:56:32,288] {logging_mixin.py:109} INFO - [2023-12-22 20:56:32,288] {dag.py:2398} INFO - Sync 1 DAGs
[2023-12-22 20:56:32,306] {logging_mixin.py:109} INFO - [2023-12-22 20:56:32,306] {dag.py:2937} INFO - Setting next_dagrun for example_xcom to 2021-01-01T00:00:00+00:00
[2023-12-22 20:56:32,318] {processor.py:171} INFO - Processing /home/airflow/.local/lib/python3.6/site-packages/airflow/example_dags/example_xcom.py took 0.279 seconds
[2023-12-22 20:57:02,407] {processor.py:163} INFO - Started process (PID=2264) to work on /home/airflow/.local/lib/python3.6/site-packages/airflow/example_dags/example_xcom.py
[2023-12-22 20:57:02,408] {processor.py:642} INFO - Processing file /home/airflow/.local/lib/python3.6/site-packages/airflow/example_dags/example_xcom.py for tasks to queue
[2023-12-22 20:57:02,409] {logging_mixin.py:109} INFO - [2023-12-22 20:57:02,409] {dagbag.py:500} INFO - Filling up the DagBag from /home/airflow/.local/lib/python3.6/site-packages/airflow/example_dags/example_xcom.py
[2023-12-22 20:57:02,436] {processor.py:652} INFO - DAG(s) dict_keys(['example_xcom']) retrieved from /home/airflow/.local/lib/python3.6/site-packages/airflow/example_dags/example_xcom.py
[2023-12-22 20:57:02,462] {logging_mixin.py:109} INFO - [2023-12-22 20:57:02,462] {dag.py:2398} INFO - Sync 1 DAGs
[2023-12-22 20:57:02,481] {logging_mixin.py:109} INFO - [2023-12-22 20:57:02,481] {dag.py:2937} INFO - Setting next_dagrun for example_xcom to 2021-01-01T00:00:00+00:00
[2023-12-22 20:57:02,493] {processor.py:171} INFO - Processing /home/airflow/.local/lib/python3.6/site-packages/airflow/example_dags/example_xcom.py took 0.090 seconds
[2023-12-22 20:57:32,556] {processor.py:163} INFO - Started process (PID=2337) to work on /home/airflow/.local/lib/python3.6/site-packages/airflow/example_dags/example_xcom.py
[2023-12-22 20:57:32,558] {processor.py:642} INFO - Processing file /home/airflow/.local/lib/python3.6/site-packages/airflow/example_dags/example_xcom.py for tasks to queue
[2023-12-22 20:57:32,559] {logging_mixin.py:109} INFO - [2023-12-22 20:57:32,559] {dagbag.py:500} INFO - Filling up the DagBag from /home/airflow/.local/lib/python3.6/site-packages/airflow/example_dags/example_xcom.py
[2023-12-22 20:57:32,578] {processor.py:652} INFO - DAG(s) dict_keys(['example_xcom']) retrieved from /home/airflow/.local/lib/python3.6/site-packages/airflow/example_dags/example_xcom.py
[2023-12-22 20:57:32,786] {logging_mixin.py:109} INFO - [2023-12-22 20:57:32,786] {dag.py:2398} INFO - Sync 1 DAGs
[2023-12-22 20:57:32,801] {logging_mixin.py:109} INFO - [2023-12-22 20:57:32,801] {dag.py:2937} INFO - Setting next_dagrun for example_xcom to 2021-01-01T00:00:00+00:00
[2023-12-22 20:57:32,813] {processor.py:171} INFO - Processing /home/airflow/.local/lib/python3.6/site-packages/airflow/example_dags/example_xcom.py took 0.259 seconds
[2023-12-22 20:58:03,307] {processor.py:163} INFO - Started process (PID=2401) to work on /home/airflow/.local/lib/python3.6/site-packages/airflow/example_dags/example_xcom.py
[2023-12-22 20:58:03,308] {processor.py:642} INFO - Processing file /home/airflow/.local/lib/python3.6/site-packages/airflow/example_dags/example_xcom.py for tasks to queue
[2023-12-22 20:58:03,309] {logging_mixin.py:109} INFO - [2023-12-22 20:58:03,309] {dagbag.py:500} INFO - Filling up the DagBag from /home/airflow/.local/lib/python3.6/site-packages/airflow/example_dags/example_xcom.py
[2023-12-22 20:58:03,353] {processor.py:652} INFO - DAG(s) dict_keys(['example_xcom']) retrieved from /home/airflow/.local/lib/python3.6/site-packages/airflow/example_dags/example_xcom.py
[2023-12-22 20:58:03,668] {logging_mixin.py:109} INFO - [2023-12-22 20:58:03,667] {dag.py:2398} INFO - Sync 1 DAGs
[2023-12-22 20:58:03,693] {logging_mixin.py:109} INFO - [2023-12-22 20:58:03,692] {dag.py:2937} INFO - Setting next_dagrun for example_xcom to 2021-01-01T00:00:00+00:00
[2023-12-22 20:58:03,709] {processor.py:171} INFO - Processing /home/airflow/.local/lib/python3.6/site-packages/airflow/example_dags/example_xcom.py took 0.407 seconds
[2023-12-22 20:58:33,820] {processor.py:163} INFO - Started process (PID=2475) to work on /home/airflow/.local/lib/python3.6/site-packages/airflow/example_dags/example_xcom.py
[2023-12-22 20:58:33,823] {processor.py:642} INFO - Processing file /home/airflow/.local/lib/python3.6/site-packages/airflow/example_dags/example_xcom.py for tasks to queue
[2023-12-22 20:58:33,824] {logging_mixin.py:109} INFO - [2023-12-22 20:58:33,824] {dagbag.py:500} INFO - Filling up the DagBag from /home/airflow/.local/lib/python3.6/site-packages/airflow/example_dags/example_xcom.py
[2023-12-22 20:58:33,887] {processor.py:652} INFO - DAG(s) dict_keys(['example_xcom']) retrieved from /home/airflow/.local/lib/python3.6/site-packages/airflow/example_dags/example_xcom.py
[2023-12-22 20:58:33,940] {logging_mixin.py:109} INFO - [2023-12-22 20:58:33,940] {dag.py:2398} INFO - Sync 1 DAGs
[2023-12-22 20:58:34,000] {logging_mixin.py:109} INFO - [2023-12-22 20:58:34,000] {dag.py:2937} INFO - Setting next_dagrun for example_xcom to 2021-01-01T00:00:00+00:00
[2023-12-22 20:58:34,022] {processor.py:171} INFO - Processing /home/airflow/.local/lib/python3.6/site-packages/airflow/example_dags/example_xcom.py took 0.207 seconds
[2023-12-22 20:59:04,117] {processor.py:163} INFO - Started process (PID=2538) to work on /home/airflow/.local/lib/python3.6/site-packages/airflow/example_dags/example_xcom.py
[2023-12-22 20:59:04,120] {processor.py:642} INFO - Processing file /home/airflow/.local/lib/python3.6/site-packages/airflow/example_dags/example_xcom.py for tasks to queue
[2023-12-22 20:59:04,122] {logging_mixin.py:109} INFO - [2023-12-22 20:59:04,122] {dagbag.py:500} INFO - Filling up the DagBag from /home/airflow/.local/lib/python3.6/site-packages/airflow/example_dags/example_xcom.py
[2023-12-22 20:59:04,189] {processor.py:652} INFO - DAG(s) dict_keys(['example_xcom']) retrieved from /home/airflow/.local/lib/python3.6/site-packages/airflow/example_dags/example_xcom.py
[2023-12-22 20:59:04,874] {logging_mixin.py:109} INFO - [2023-12-22 20:59:04,873] {dag.py:2398} INFO - Sync 1 DAGs
[2023-12-22 20:59:04,940] {logging_mixin.py:109} INFO - [2023-12-22 20:59:04,940] {dag.py:2937} INFO - Setting next_dagrun for example_xcom to 2021-01-01T00:00:00+00:00
[2023-12-22 20:59:04,977] {processor.py:171} INFO - Processing /home/airflow/.local/lib/python3.6/site-packages/airflow/example_dags/example_xcom.py took 0.865 seconds
[2023-12-22 20:59:35,096] {processor.py:163} INFO - Started process (PID=2604) to work on /home/airflow/.local/lib/python3.6/site-packages/airflow/example_dags/example_xcom.py
[2023-12-22 20:59:35,098] {processor.py:642} INFO - Processing file /home/airflow/.local/lib/python3.6/site-packages/airflow/example_dags/example_xcom.py for tasks to queue
[2023-12-22 20:59:35,099] {logging_mixin.py:109} INFO - [2023-12-22 20:59:35,099] {dagbag.py:500} INFO - Filling up the DagBag from /home/airflow/.local/lib/python3.6/site-packages/airflow/example_dags/example_xcom.py
[2023-12-22 20:59:35,144] {processor.py:652} INFO - DAG(s) dict_keys(['example_xcom']) retrieved from /home/airflow/.local/lib/python3.6/site-packages/airflow/example_dags/example_xcom.py
[2023-12-22 20:59:35,552] {logging_mixin.py:109} INFO - [2023-12-22 20:59:35,552] {dag.py:2398} INFO - Sync 1 DAGs
[2023-12-22 20:59:35,589] {logging_mixin.py:109} INFO - [2023-12-22 20:59:35,588] {dag.py:2937} INFO - Setting next_dagrun for example_xcom to 2021-01-01T00:00:00+00:00
[2023-12-22 20:59:35,618] {processor.py:171} INFO - Processing /home/airflow/.local/lib/python3.6/site-packages/airflow/example_dags/example_xcom.py took 0.528 seconds
[2023-12-22 21:00:06,422] {processor.py:163} INFO - Started process (PID=2669) to work on /home/airflow/.local/lib/python3.6/site-packages/airflow/example_dags/example_xcom.py
[2023-12-22 21:00:06,427] {processor.py:642} INFO - Processing file /home/airflow/.local/lib/python3.6/site-packages/airflow/example_dags/example_xcom.py for tasks to queue
[2023-12-22 21:00:06,435] {logging_mixin.py:109} INFO - [2023-12-22 21:00:06,435] {dagbag.py:500} INFO - Filling up the DagBag from /home/airflow/.local/lib/python3.6/site-packages/airflow/example_dags/example_xcom.py
[2023-12-22 21:00:06,543] {processor.py:652} INFO - DAG(s) dict_keys(['example_xcom']) retrieved from /home/airflow/.local/lib/python3.6/site-packages/airflow/example_dags/example_xcom.py
[2023-12-22 21:00:07,319] {logging_mixin.py:109} INFO - [2023-12-22 21:00:07,319] {dag.py:2398} INFO - Sync 1 DAGs
[2023-12-22 21:00:07,367] {logging_mixin.py:109} INFO - [2023-12-22 21:00:07,366] {dag.py:2937} INFO - Setting next_dagrun for example_xcom to 2021-01-01T00:00:00+00:00
[2023-12-22 21:00:07,412] {processor.py:171} INFO - Processing /home/airflow/.local/lib/python3.6/site-packages/airflow/example_dags/example_xcom.py took 1.000 seconds
[2023-12-22 21:00:37,811] {processor.py:163} INFO - Started process (PID=2733) to work on /home/airflow/.local/lib/python3.6/site-packages/airflow/example_dags/example_xcom.py
[2023-12-22 21:00:37,815] {processor.py:642} INFO - Processing file /home/airflow/.local/lib/python3.6/site-packages/airflow/example_dags/example_xcom.py for tasks to queue
[2023-12-22 21:00:37,818] {logging_mixin.py:109} INFO - [2023-12-22 21:00:37,818] {dagbag.py:500} INFO - Filling up the DagBag from /home/airflow/.local/lib/python3.6/site-packages/airflow/example_dags/example_xcom.py
[2023-12-22 21:00:37,885] {processor.py:652} INFO - DAG(s) dict_keys(['example_xcom']) retrieved from /home/airflow/.local/lib/python3.6/site-packages/airflow/example_dags/example_xcom.py
[2023-12-22 21:00:38,575] {logging_mixin.py:109} INFO - [2023-12-22 21:00:38,574] {dag.py:2398} INFO - Sync 1 DAGs
[2023-12-22 21:00:38,625] {logging_mixin.py:109} INFO - [2023-12-22 21:00:38,625] {dag.py:2937} INFO - Setting next_dagrun for example_xcom to 2021-01-01T00:00:00+00:00
[2023-12-22 21:00:38,662] {processor.py:171} INFO - Processing /home/airflow/.local/lib/python3.6/site-packages/airflow/example_dags/example_xcom.py took 0.863 seconds
[2023-12-22 21:01:08,861] {processor.py:163} INFO - Started process (PID=2798) to work on /home/airflow/.local/lib/python3.6/site-packages/airflow/example_dags/example_xcom.py
[2023-12-22 21:01:08,863] {processor.py:642} INFO - Processing file /home/airflow/.local/lib/python3.6/site-packages/airflow/example_dags/example_xcom.py for tasks to queue
[2023-12-22 21:01:08,864] {logging_mixin.py:109} INFO - [2023-12-22 21:01:08,863] {dagbag.py:500} INFO - Filling up the DagBag from /home/airflow/.local/lib/python3.6/site-packages/airflow/example_dags/example_xcom.py
[2023-12-22 21:01:08,888] {processor.py:652} INFO - DAG(s) dict_keys(['example_xcom']) retrieved from /home/airflow/.local/lib/python3.6/site-packages/airflow/example_dags/example_xcom.py
[2023-12-22 21:01:09,169] {logging_mixin.py:109} INFO - [2023-12-22 21:01:09,169] {dag.py:2398} INFO - Sync 1 DAGs
[2023-12-22 21:01:09,189] {logging_mixin.py:109} INFO - [2023-12-22 21:01:09,189] {dag.py:2937} INFO - Setting next_dagrun for example_xcom to 2021-01-01T00:00:00+00:00
[2023-12-22 21:01:09,203] {processor.py:171} INFO - Processing /home/airflow/.local/lib/python3.6/site-packages/airflow/example_dags/example_xcom.py took 0.346 seconds
[2023-12-22 21:01:39,779] {processor.py:163} INFO - Started process (PID=2870) to work on /home/airflow/.local/lib/python3.6/site-packages/airflow/example_dags/example_xcom.py
[2023-12-22 21:01:39,781] {processor.py:642} INFO - Processing file /home/airflow/.local/lib/python3.6/site-packages/airflow/example_dags/example_xcom.py for tasks to queue
[2023-12-22 21:01:39,782] {logging_mixin.py:109} INFO - [2023-12-22 21:01:39,782] {dagbag.py:500} INFO - Filling up the DagBag from /home/airflow/.local/lib/python3.6/site-packages/airflow/example_dags/example_xcom.py
[2023-12-22 21:01:39,806] {processor.py:652} INFO - DAG(s) dict_keys(['example_xcom']) retrieved from /home/airflow/.local/lib/python3.6/site-packages/airflow/example_dags/example_xcom.py
[2023-12-22 21:01:40,023] {logging_mixin.py:109} INFO - [2023-12-22 21:01:40,023] {dag.py:2398} INFO - Sync 1 DAGs
[2023-12-22 21:01:40,041] {logging_mixin.py:109} INFO - [2023-12-22 21:01:40,041] {dag.py:2937} INFO - Setting next_dagrun for example_xcom to 2021-01-01T00:00:00+00:00
[2023-12-22 21:01:40,056] {processor.py:171} INFO - Processing /home/airflow/.local/lib/python3.6/site-packages/airflow/example_dags/example_xcom.py took 0.279 seconds
[2023-12-22 21:02:10,303] {processor.py:163} INFO - Started process (PID=2934) to work on /home/airflow/.local/lib/python3.6/site-packages/airflow/example_dags/example_xcom.py
[2023-12-22 21:02:10,305] {processor.py:642} INFO - Processing file /home/airflow/.local/lib/python3.6/site-packages/airflow/example_dags/example_xcom.py for tasks to queue
[2023-12-22 21:02:10,306] {logging_mixin.py:109} INFO - [2023-12-22 21:02:10,306] {dagbag.py:500} INFO - Filling up the DagBag from /home/airflow/.local/lib/python3.6/site-packages/airflow/example_dags/example_xcom.py
[2023-12-22 21:02:10,329] {processor.py:652} INFO - DAG(s) dict_keys(['example_xcom']) retrieved from /home/airflow/.local/lib/python3.6/site-packages/airflow/example_dags/example_xcom.py
[2023-12-22 21:02:10,500] {logging_mixin.py:109} INFO - [2023-12-22 21:02:10,500] {dag.py:2398} INFO - Sync 1 DAGs
[2023-12-22 21:02:10,515] {logging_mixin.py:109} INFO - [2023-12-22 21:02:10,515] {dag.py:2937} INFO - Setting next_dagrun for example_xcom to 2021-01-01T00:00:00+00:00
[2023-12-22 21:02:10,526] {processor.py:171} INFO - Processing /home/airflow/.local/lib/python3.6/site-packages/airflow/example_dags/example_xcom.py took 0.226 seconds
[2023-12-22 21:02:41,415] {processor.py:163} INFO - Started process (PID=3009) to work on /home/airflow/.local/lib/python3.6/site-packages/airflow/example_dags/example_xcom.py
[2023-12-22 21:02:41,416] {processor.py:642} INFO - Processing file /home/airflow/.local/lib/python3.6/site-packages/airflow/example_dags/example_xcom.py for tasks to queue
[2023-12-22 21:02:41,416] {logging_mixin.py:109} INFO - [2023-12-22 21:02:41,416] {dagbag.py:500} INFO - Filling up the DagBag from /home/airflow/.local/lib/python3.6/site-packages/airflow/example_dags/example_xcom.py
[2023-12-22 21:02:41,433] {processor.py:652} INFO - DAG(s) dict_keys(['example_xcom']) retrieved from /home/airflow/.local/lib/python3.6/site-packages/airflow/example_dags/example_xcom.py
[2023-12-22 21:02:41,645] {logging_mixin.py:109} INFO - [2023-12-22 21:02:41,645] {dag.py:2398} INFO - Sync 1 DAGs
[2023-12-22 21:02:41,658] {logging_mixin.py:109} INFO - [2023-12-22 21:02:41,657] {dag.py:2937} INFO - Setting next_dagrun for example_xcom to 2021-01-01T00:00:00+00:00
[2023-12-22 21:02:41,666] {processor.py:171} INFO - Processing /home/airflow/.local/lib/python3.6/site-packages/airflow/example_dags/example_xcom.py took 0.254 seconds
[2023-12-22 21:03:12,048] {processor.py:163} INFO - Started process (PID=3073) to work on /home/airflow/.local/lib/python3.6/site-packages/airflow/example_dags/example_xcom.py
[2023-12-22 21:03:12,050] {processor.py:642} INFO - Processing file /home/airflow/.local/lib/python3.6/site-packages/airflow/example_dags/example_xcom.py for tasks to queue
[2023-12-22 21:03:12,051] {logging_mixin.py:109} INFO - [2023-12-22 21:03:12,051] {dagbag.py:500} INFO - Filling up the DagBag from /home/airflow/.local/lib/python3.6/site-packages/airflow/example_dags/example_xcom.py
[2023-12-22 21:03:12,070] {processor.py:652} INFO - DAG(s) dict_keys(['example_xcom']) retrieved from /home/airflow/.local/lib/python3.6/site-packages/airflow/example_dags/example_xcom.py
[2023-12-22 21:03:12,229] {logging_mixin.py:109} INFO - [2023-12-22 21:03:12,229] {dag.py:2398} INFO - Sync 1 DAGs
[2023-12-22 21:03:12,242] {logging_mixin.py:109} INFO - [2023-12-22 21:03:12,242] {dag.py:2937} INFO - Setting next_dagrun for example_xcom to 2021-01-01T00:00:00+00:00
[2023-12-22 21:03:12,251] {processor.py:171} INFO - Processing /home/airflow/.local/lib/python3.6/site-packages/airflow/example_dags/example_xcom.py took 0.204 seconds
[2023-12-22 21:03:43,221] {processor.py:163} INFO - Started process (PID=3146) to work on /home/airflow/.local/lib/python3.6/site-packages/airflow/example_dags/example_xcom.py
[2023-12-22 21:03:43,222] {processor.py:642} INFO - Processing file /home/airflow/.local/lib/python3.6/site-packages/airflow/example_dags/example_xcom.py for tasks to queue
[2023-12-22 21:03:43,222] {logging_mixin.py:109} INFO - [2023-12-22 21:03:43,222] {dagbag.py:500} INFO - Filling up the DagBag from /home/airflow/.local/lib/python3.6/site-packages/airflow/example_dags/example_xcom.py
[2023-12-22 21:03:43,239] {processor.py:652} INFO - DAG(s) dict_keys(['example_xcom']) retrieved from /home/airflow/.local/lib/python3.6/site-packages/airflow/example_dags/example_xcom.py
[2023-12-22 21:03:43,427] {logging_mixin.py:109} INFO - [2023-12-22 21:03:43,427] {dag.py:2398} INFO - Sync 1 DAGs
[2023-12-22 21:03:43,442] {logging_mixin.py:109} INFO - [2023-12-22 21:03:43,442] {dag.py:2937} INFO - Setting next_dagrun for example_xcom to 2021-01-01T00:00:00+00:00
[2023-12-22 21:03:43,452] {processor.py:171} INFO - Processing /home/airflow/.local/lib/python3.6/site-packages/airflow/example_dags/example_xcom.py took 0.234 seconds
[2023-12-22 21:04:14,513] {processor.py:163} INFO - Started process (PID=3220) to work on /home/airflow/.local/lib/python3.6/site-packages/airflow/example_dags/example_xcom.py
[2023-12-22 21:04:14,518] {processor.py:642} INFO - Processing file /home/airflow/.local/lib/python3.6/site-packages/airflow/example_dags/example_xcom.py for tasks to queue
[2023-12-22 21:04:14,519] {logging_mixin.py:109} INFO - [2023-12-22 21:04:14,519] {dagbag.py:500} INFO - Filling up the DagBag from /home/airflow/.local/lib/python3.6/site-packages/airflow/example_dags/example_xcom.py
[2023-12-22 21:04:14,539] {processor.py:652} INFO - DAG(s) dict_keys(['example_xcom']) retrieved from /home/airflow/.local/lib/python3.6/site-packages/airflow/example_dags/example_xcom.py
[2023-12-22 21:04:14,745] {logging_mixin.py:109} INFO - [2023-12-22 21:04:14,745] {dag.py:2398} INFO - Sync 1 DAGs
[2023-12-22 21:04:14,762] {logging_mixin.py:109} INFO - [2023-12-22 21:04:14,762] {dag.py:2937} INFO - Setting next_dagrun for example_xcom to 2021-01-01T00:00:00+00:00
[2023-12-22 21:04:14,771] {processor.py:171} INFO - Processing /home/airflow/.local/lib/python3.6/site-packages/airflow/example_dags/example_xcom.py took 0.260 seconds
[2023-12-22 21:04:44,828] {processor.py:163} INFO - Started process (PID=3284) to work on /home/airflow/.local/lib/python3.6/site-packages/airflow/example_dags/example_xcom.py
[2023-12-22 21:04:44,830] {processor.py:642} INFO - Processing file /home/airflow/.local/lib/python3.6/site-packages/airflow/example_dags/example_xcom.py for tasks to queue
[2023-12-22 21:04:44,830] {logging_mixin.py:109} INFO - [2023-12-22 21:04:44,830] {dagbag.py:500} INFO - Filling up the DagBag from /home/airflow/.local/lib/python3.6/site-packages/airflow/example_dags/example_xcom.py
[2023-12-22 21:04:44,849] {processor.py:652} INFO - DAG(s) dict_keys(['example_xcom']) retrieved from /home/airflow/.local/lib/python3.6/site-packages/airflow/example_dags/example_xcom.py
[2023-12-22 21:04:44,868] {logging_mixin.py:109} INFO - [2023-12-22 21:04:44,867] {dag.py:2398} INFO - Sync 1 DAGs
[2023-12-22 21:04:44,884] {logging_mixin.py:109} INFO - [2023-12-22 21:04:44,884] {dag.py:2937} INFO - Setting next_dagrun for example_xcom to 2021-01-01T00:00:00+00:00
[2023-12-22 21:04:44,895] {processor.py:171} INFO - Processing /home/airflow/.local/lib/python3.6/site-packages/airflow/example_dags/example_xcom.py took 0.069 seconds
[2023-12-22 21:05:15,983] {processor.py:163} INFO - Started process (PID=3358) to work on /home/airflow/.local/lib/python3.6/site-packages/airflow/example_dags/example_xcom.py
[2023-12-22 21:05:15,985] {processor.py:642} INFO - Processing file /home/airflow/.local/lib/python3.6/site-packages/airflow/example_dags/example_xcom.py for tasks to queue
[2023-12-22 21:05:15,986] {logging_mixin.py:109} INFO - [2023-12-22 21:05:15,986] {dagbag.py:500} INFO - Filling up the DagBag from /home/airflow/.local/lib/python3.6/site-packages/airflow/example_dags/example_xcom.py
[2023-12-22 21:05:16,012] {processor.py:652} INFO - DAG(s) dict_keys(['example_xcom']) retrieved from /home/airflow/.local/lib/python3.6/site-packages/airflow/example_dags/example_xcom.py
[2023-12-22 21:05:16,164] {logging_mixin.py:109} INFO - [2023-12-22 21:05:16,163] {dag.py:2398} INFO - Sync 1 DAGs
[2023-12-22 21:05:16,175] {logging_mixin.py:109} INFO - [2023-12-22 21:05:16,175] {dag.py:2937} INFO - Setting next_dagrun for example_xcom to 2021-01-01T00:00:00+00:00
[2023-12-22 21:05:16,187] {processor.py:171} INFO - Processing /home/airflow/.local/lib/python3.6/site-packages/airflow/example_dags/example_xcom.py took 0.206 seconds
[2023-12-22 21:05:46,267] {processor.py:163} INFO - Started process (PID=3422) to work on /home/airflow/.local/lib/python3.6/site-packages/airflow/example_dags/example_xcom.py
[2023-12-22 21:05:46,269] {processor.py:642} INFO - Processing file /home/airflow/.local/lib/python3.6/site-packages/airflow/example_dags/example_xcom.py for tasks to queue
[2023-12-22 21:05:46,270] {logging_mixin.py:109} INFO - [2023-12-22 21:05:46,269] {dagbag.py:500} INFO - Filling up the DagBag from /home/airflow/.local/lib/python3.6/site-packages/airflow/example_dags/example_xcom.py
[2023-12-22 21:05:46,288] {processor.py:652} INFO - DAG(s) dict_keys(['example_xcom']) retrieved from /home/airflow/.local/lib/python3.6/site-packages/airflow/example_dags/example_xcom.py
[2023-12-22 21:05:46,463] {logging_mixin.py:109} INFO - [2023-12-22 21:05:46,463] {dag.py:2398} INFO - Sync 1 DAGs
[2023-12-22 21:05:46,477] {logging_mixin.py:109} INFO - [2023-12-22 21:05:46,477] {dag.py:2937} INFO - Setting next_dagrun for example_xcom to 2021-01-01T00:00:00+00:00
[2023-12-22 21:05:46,508] {processor.py:171} INFO - Processing /home/airflow/.local/lib/python3.6/site-packages/airflow/example_dags/example_xcom.py took 0.248 seconds
[2023-12-22 21:06:16,604] {processor.py:163} INFO - Started process (PID=3496) to work on /home/airflow/.local/lib/python3.6/site-packages/airflow/example_dags/example_xcom.py
[2023-12-22 21:06:16,606] {processor.py:642} INFO - Processing file /home/airflow/.local/lib/python3.6/site-packages/airflow/example_dags/example_xcom.py for tasks to queue
[2023-12-22 21:06:16,607] {logging_mixin.py:109} INFO - [2023-12-22 21:06:16,607] {dagbag.py:500} INFO - Filling up the DagBag from /home/airflow/.local/lib/python3.6/site-packages/airflow/example_dags/example_xcom.py
[2023-12-22 21:06:16,629] {processor.py:652} INFO - DAG(s) dict_keys(['example_xcom']) retrieved from /home/airflow/.local/lib/python3.6/site-packages/airflow/example_dags/example_xcom.py
[2023-12-22 21:06:16,906] {logging_mixin.py:109} INFO - [2023-12-22 21:06:16,906] {dag.py:2398} INFO - Sync 1 DAGs
[2023-12-22 21:06:16,922] {logging_mixin.py:109} INFO - [2023-12-22 21:06:16,922] {dag.py:2937} INFO - Setting next_dagrun for example_xcom to 2021-01-01T00:00:00+00:00
[2023-12-22 21:06:16,935] {processor.py:171} INFO - Processing /home/airflow/.local/lib/python3.6/site-packages/airflow/example_dags/example_xcom.py took 0.333 seconds
[2023-12-22 21:06:47,709] {processor.py:163} INFO - Started process (PID=3560) to work on /home/airflow/.local/lib/python3.6/site-packages/airflow/example_dags/example_xcom.py
[2023-12-22 21:06:47,710] {processor.py:642} INFO - Processing file /home/airflow/.local/lib/python3.6/site-packages/airflow/example_dags/example_xcom.py for tasks to queue
[2023-12-22 21:06:47,711] {logging_mixin.py:109} INFO - [2023-12-22 21:06:47,711] {dagbag.py:500} INFO - Filling up the DagBag from /home/airflow/.local/lib/python3.6/site-packages/airflow/example_dags/example_xcom.py
[2023-12-22 21:06:47,729] {processor.py:652} INFO - DAG(s) dict_keys(['example_xcom']) retrieved from /home/airflow/.local/lib/python3.6/site-packages/airflow/example_dags/example_xcom.py
[2023-12-22 21:06:47,901] {logging_mixin.py:109} INFO - [2023-12-22 21:06:47,901] {dag.py:2398} INFO - Sync 1 DAGs
[2023-12-22 21:06:47,916] {logging_mixin.py:109} INFO - [2023-12-22 21:06:47,916] {dag.py:2937} INFO - Setting next_dagrun for example_xcom to 2021-01-01T00:00:00+00:00
[2023-12-22 21:06:47,947] {processor.py:171} INFO - Processing /home/airflow/.local/lib/python3.6/site-packages/airflow/example_dags/example_xcom.py took 0.241 seconds
[2023-12-22 21:07:18,069] {processor.py:163} INFO - Started process (PID=3634) to work on /home/airflow/.local/lib/python3.6/site-packages/airflow/example_dags/example_xcom.py
[2023-12-22 21:07:18,071] {processor.py:642} INFO - Processing file /home/airflow/.local/lib/python3.6/site-packages/airflow/example_dags/example_xcom.py for tasks to queue
[2023-12-22 21:07:18,073] {logging_mixin.py:109} INFO - [2023-12-22 21:07:18,072] {dagbag.py:500} INFO - Filling up the DagBag from /home/airflow/.local/lib/python3.6/site-packages/airflow/example_dags/example_xcom.py
[2023-12-22 21:07:18,099] {processor.py:652} INFO - DAG(s) dict_keys(['example_xcom']) retrieved from /home/airflow/.local/lib/python3.6/site-packages/airflow/example_dags/example_xcom.py
[2023-12-22 21:07:18,123] {logging_mixin.py:109} INFO - [2023-12-22 21:07:18,123] {dag.py:2398} INFO - Sync 1 DAGs
[2023-12-22 21:07:18,146] {logging_mixin.py:109} INFO - [2023-12-22 21:07:18,146] {dag.py:2937} INFO - Setting next_dagrun for example_xcom to 2021-01-01T00:00:00+00:00
[2023-12-22 21:07:18,182] {processor.py:171} INFO - Processing /home/airflow/.local/lib/python3.6/site-packages/airflow/example_dags/example_xcom.py took 0.117 seconds
[2023-12-22 21:07:48,772] {processor.py:163} INFO - Started process (PID=3708) to work on /home/airflow/.local/lib/python3.6/site-packages/airflow/example_dags/example_xcom.py
[2023-12-22 21:07:48,774] {processor.py:642} INFO - Processing file /home/airflow/.local/lib/python3.6/site-packages/airflow/example_dags/example_xcom.py for tasks to queue
[2023-12-22 21:07:48,775] {logging_mixin.py:109} INFO - [2023-12-22 21:07:48,775] {dagbag.py:500} INFO - Filling up the DagBag from /home/airflow/.local/lib/python3.6/site-packages/airflow/example_dags/example_xcom.py
[2023-12-22 21:07:48,791] {processor.py:652} INFO - DAG(s) dict_keys(['example_xcom']) retrieved from /home/airflow/.local/lib/python3.6/site-packages/airflow/example_dags/example_xcom.py
[2023-12-22 21:07:48,976] {logging_mixin.py:109} INFO - [2023-12-22 21:07:48,976] {dag.py:2398} INFO - Sync 1 DAGs
[2023-12-22 21:07:48,996] {logging_mixin.py:109} INFO - [2023-12-22 21:07:48,996] {dag.py:2937} INFO - Setting next_dagrun for example_xcom to 2021-01-01T00:00:00+00:00
[2023-12-22 21:07:49,009] {processor.py:171} INFO - Processing /home/airflow/.local/lib/python3.6/site-packages/airflow/example_dags/example_xcom.py took 0.241 seconds
[2023-12-22 21:08:19,994] {processor.py:163} INFO - Started process (PID=3773) to work on /home/airflow/.local/lib/python3.6/site-packages/airflow/example_dags/example_xcom.py
[2023-12-22 21:08:19,995] {processor.py:642} INFO - Processing file /home/airflow/.local/lib/python3.6/site-packages/airflow/example_dags/example_xcom.py for tasks to queue
[2023-12-22 21:08:19,996] {logging_mixin.py:109} INFO - [2023-12-22 21:08:19,996] {dagbag.py:500} INFO - Filling up the DagBag from /home/airflow/.local/lib/python3.6/site-packages/airflow/example_dags/example_xcom.py
[2023-12-22 21:08:20,013] {processor.py:652} INFO - DAG(s) dict_keys(['example_xcom']) retrieved from /home/airflow/.local/lib/python3.6/site-packages/airflow/example_dags/example_xcom.py
[2023-12-22 21:08:20,238] {logging_mixin.py:109} INFO - [2023-12-22 21:08:20,238] {dag.py:2398} INFO - Sync 1 DAGs
[2023-12-22 21:08:20,259] {logging_mixin.py:109} INFO - [2023-12-22 21:08:20,259] {dag.py:2937} INFO - Setting next_dagrun for example_xcom to 2021-01-01T00:00:00+00:00
[2023-12-22 21:08:20,274] {processor.py:171} INFO - Processing /home/airflow/.local/lib/python3.6/site-packages/airflow/example_dags/example_xcom.py took 0.283 seconds
[2023-12-22 21:08:50,673] {processor.py:163} INFO - Started process (PID=3848) to work on /home/airflow/.local/lib/python3.6/site-packages/airflow/example_dags/example_xcom.py
[2023-12-22 21:08:50,675] {processor.py:642} INFO - Processing file /home/airflow/.local/lib/python3.6/site-packages/airflow/example_dags/example_xcom.py for tasks to queue
[2023-12-22 21:08:50,676] {logging_mixin.py:109} INFO - [2023-12-22 21:08:50,676] {dagbag.py:500} INFO - Filling up the DagBag from /home/airflow/.local/lib/python3.6/site-packages/airflow/example_dags/example_xcom.py
[2023-12-22 21:08:50,702] {processor.py:652} INFO - DAG(s) dict_keys(['example_xcom']) retrieved from /home/airflow/.local/lib/python3.6/site-packages/airflow/example_dags/example_xcom.py
[2023-12-22 21:08:50,900] {logging_mixin.py:109} INFO - [2023-12-22 21:08:50,900] {dag.py:2398} INFO - Sync 1 DAGs
[2023-12-22 21:08:50,917] {logging_mixin.py:109} INFO - [2023-12-22 21:08:50,917] {dag.py:2937} INFO - Setting next_dagrun for example_xcom to 2021-01-01T00:00:00+00:00
[2023-12-22 21:08:50,930] {processor.py:171} INFO - Processing /home/airflow/.local/lib/python3.6/site-packages/airflow/example_dags/example_xcom.py took 0.260 seconds
[2023-12-22 21:09:20,963] {processor.py:163} INFO - Started process (PID=3911) to work on /home/airflow/.local/lib/python3.6/site-packages/airflow/example_dags/example_xcom.py
[2023-12-22 21:09:20,964] {processor.py:642} INFO - Processing file /home/airflow/.local/lib/python3.6/site-packages/airflow/example_dags/example_xcom.py for tasks to queue
[2023-12-22 21:09:20,965] {logging_mixin.py:109} INFO - [2023-12-22 21:09:20,965] {dagbag.py:500} INFO - Filling up the DagBag from /home/airflow/.local/lib/python3.6/site-packages/airflow/example_dags/example_xcom.py
[2023-12-22 21:09:20,984] {processor.py:652} INFO - DAG(s) dict_keys(['example_xcom']) retrieved from /home/airflow/.local/lib/python3.6/site-packages/airflow/example_dags/example_xcom.py
[2023-12-22 21:09:21,186] {logging_mixin.py:109} INFO - [2023-12-22 21:09:21,186] {dag.py:2398} INFO - Sync 1 DAGs
[2023-12-22 21:09:21,201] {logging_mixin.py:109} INFO - [2023-12-22 21:09:21,201] {dag.py:2937} INFO - Setting next_dagrun for example_xcom to 2021-01-01T00:00:00+00:00
[2023-12-22 21:09:21,211] {processor.py:171} INFO - Processing /home/airflow/.local/lib/python3.6/site-packages/airflow/example_dags/example_xcom.py took 0.252 seconds
[2023-12-22 21:09:51,411] {processor.py:163} INFO - Started process (PID=3984) to work on /home/airflow/.local/lib/python3.6/site-packages/airflow/example_dags/example_xcom.py
[2023-12-22 21:09:51,413] {processor.py:642} INFO - Processing file /home/airflow/.local/lib/python3.6/site-packages/airflow/example_dags/example_xcom.py for tasks to queue
[2023-12-22 21:09:51,414] {logging_mixin.py:109} INFO - [2023-12-22 21:09:51,414] {dagbag.py:500} INFO - Filling up the DagBag from /home/airflow/.local/lib/python3.6/site-packages/airflow/example_dags/example_xcom.py
[2023-12-22 21:09:51,431] {processor.py:652} INFO - DAG(s) dict_keys(['example_xcom']) retrieved from /home/airflow/.local/lib/python3.6/site-packages/airflow/example_dags/example_xcom.py
[2023-12-22 21:09:51,645] {logging_mixin.py:109} INFO - [2023-12-22 21:09:51,645] {dag.py:2398} INFO - Sync 1 DAGs
[2023-12-22 21:09:51,662] {logging_mixin.py:109} INFO - [2023-12-22 21:09:51,662] {dag.py:2937} INFO - Setting next_dagrun for example_xcom to 2021-01-01T00:00:00+00:00
[2023-12-22 21:09:51,674] {processor.py:171} INFO - Processing /home/airflow/.local/lib/python3.6/site-packages/airflow/example_dags/example_xcom.py took 0.265 seconds
[2023-12-22 21:10:21,802] {processor.py:163} INFO - Started process (PID=4048) to work on /home/airflow/.local/lib/python3.6/site-packages/airflow/example_dags/example_xcom.py
[2023-12-22 21:10:21,802] {processor.py:642} INFO - Processing file /home/airflow/.local/lib/python3.6/site-packages/airflow/example_dags/example_xcom.py for tasks to queue
[2023-12-22 21:10:21,803] {logging_mixin.py:109} INFO - [2023-12-22 21:10:21,803] {dagbag.py:500} INFO - Filling up the DagBag from /home/airflow/.local/lib/python3.6/site-packages/airflow/example_dags/example_xcom.py
[2023-12-22 21:10:21,821] {processor.py:652} INFO - DAG(s) dict_keys(['example_xcom']) retrieved from /home/airflow/.local/lib/python3.6/site-packages/airflow/example_dags/example_xcom.py
[2023-12-22 21:10:22,044] {logging_mixin.py:109} INFO - [2023-12-22 21:10:22,044] {dag.py:2398} INFO - Sync 1 DAGs
[2023-12-22 21:10:22,059] {logging_mixin.py:109} INFO - [2023-12-22 21:10:22,058] {dag.py:2937} INFO - Setting next_dagrun for example_xcom to 2021-01-01T00:00:00+00:00
[2023-12-22 21:10:22,070] {processor.py:171} INFO - Processing /home/airflow/.local/lib/python3.6/site-packages/airflow/example_dags/example_xcom.py took 0.271 seconds
[2023-12-22 21:10:52,600] {processor.py:163} INFO - Started process (PID=4123) to work on /home/airflow/.local/lib/python3.6/site-packages/airflow/example_dags/example_xcom.py
[2023-12-22 21:10:52,601] {processor.py:642} INFO - Processing file /home/airflow/.local/lib/python3.6/site-packages/airflow/example_dags/example_xcom.py for tasks to queue
[2023-12-22 21:10:52,602] {logging_mixin.py:109} INFO - [2023-12-22 21:10:52,602] {dagbag.py:500} INFO - Filling up the DagBag from /home/airflow/.local/lib/python3.6/site-packages/airflow/example_dags/example_xcom.py
[2023-12-22 21:10:52,618] {processor.py:652} INFO - DAG(s) dict_keys(['example_xcom']) retrieved from /home/airflow/.local/lib/python3.6/site-packages/airflow/example_dags/example_xcom.py
[2023-12-22 21:10:52,770] {logging_mixin.py:109} INFO - [2023-12-22 21:10:52,770] {dag.py:2398} INFO - Sync 1 DAGs
[2023-12-22 21:10:52,782] {logging_mixin.py:109} INFO - [2023-12-22 21:10:52,782] {dag.py:2937} INFO - Setting next_dagrun for example_xcom to 2021-01-01T00:00:00+00:00
[2023-12-22 21:10:52,815] {processor.py:171} INFO - Processing /home/airflow/.local/lib/python3.6/site-packages/airflow/example_dags/example_xcom.py took 0.217 seconds
[2023-12-22 21:11:22,885] {processor.py:163} INFO - Started process (PID=4186) to work on /home/airflow/.local/lib/python3.6/site-packages/airflow/example_dags/example_xcom.py
[2023-12-22 21:11:22,886] {processor.py:642} INFO - Processing file /home/airflow/.local/lib/python3.6/site-packages/airflow/example_dags/example_xcom.py for tasks to queue
[2023-12-22 21:11:22,887] {logging_mixin.py:109} INFO - [2023-12-22 21:11:22,887] {dagbag.py:500} INFO - Filling up the DagBag from /home/airflow/.local/lib/python3.6/site-packages/airflow/example_dags/example_xcom.py
[2023-12-22 21:11:22,906] {processor.py:652} INFO - DAG(s) dict_keys(['example_xcom']) retrieved from /home/airflow/.local/lib/python3.6/site-packages/airflow/example_dags/example_xcom.py
[2023-12-22 21:11:23,097] {logging_mixin.py:109} INFO - [2023-12-22 21:11:23,097] {dag.py:2398} INFO - Sync 1 DAGs
[2023-12-22 21:11:23,114] {logging_mixin.py:109} INFO - [2023-12-22 21:11:23,114] {dag.py:2937} INFO - Setting next_dagrun for example_xcom to 2021-01-01T00:00:00+00:00
[2023-12-22 21:11:23,150] {processor.py:171} INFO - Processing /home/airflow/.local/lib/python3.6/site-packages/airflow/example_dags/example_xcom.py took 0.267 seconds
[2023-12-22 21:11:53,470] {processor.py:163} INFO - Started process (PID=4261) to work on /home/airflow/.local/lib/python3.6/site-packages/airflow/example_dags/example_xcom.py
[2023-12-22 21:11:53,472] {processor.py:642} INFO - Processing file /home/airflow/.local/lib/python3.6/site-packages/airflow/example_dags/example_xcom.py for tasks to queue
[2023-12-22 21:11:53,473] {logging_mixin.py:109} INFO - [2023-12-22 21:11:53,473] {dagbag.py:500} INFO - Filling up the DagBag from /home/airflow/.local/lib/python3.6/site-packages/airflow/example_dags/example_xcom.py
[2023-12-22 21:11:53,496] {processor.py:652} INFO - DAG(s) dict_keys(['example_xcom']) retrieved from /home/airflow/.local/lib/python3.6/site-packages/airflow/example_dags/example_xcom.py
[2023-12-22 21:11:53,663] {logging_mixin.py:109} INFO - [2023-12-22 21:11:53,663] {dag.py:2398} INFO - Sync 1 DAGs
[2023-12-22 21:11:53,676] {logging_mixin.py:109} INFO - [2023-12-22 21:11:53,675] {dag.py:2937} INFO - Setting next_dagrun for example_xcom to 2021-01-01T00:00:00+00:00
[2023-12-22 21:11:53,712] {processor.py:171} INFO - Processing /home/airflow/.local/lib/python3.6/site-packages/airflow/example_dags/example_xcom.py took 0.244 seconds
