[2023-12-22 20:40:27,297] {processor.py:163} INFO - Started process (PID=49) to work on /home/airflow/.local/lib/python3.6/site-packages/airflow/example_dags/example_trigger_target_dag.py
[2023-12-22 20:40:27,299] {processor.py:642} INFO - Processing file /home/airflow/.local/lib/python3.6/site-packages/airflow/example_dags/example_trigger_target_dag.py for tasks to queue
[2023-12-22 20:40:27,300] {logging_mixin.py:109} INFO - [2023-12-22 20:40:27,300] {dagbag.py:500} INFO - Filling up the DagBag from /home/airflow/.local/lib/python3.6/site-packages/airflow/example_dags/example_trigger_target_dag.py
[2023-12-22 20:40:27,317] {processor.py:652} INFO - DAG(s) dict_keys(['example_trigger_target_dag']) retrieved from /home/airflow/.local/lib/python3.6/site-packages/airflow/example_dags/example_trigger_target_dag.py
[2023-12-22 20:40:27,335] {logging_mixin.py:109} INFO - [2023-12-22 20:40:27,335] {dag.py:2398} INFO - Sync 1 DAGs
[2023-12-22 20:40:27,351] {logging_mixin.py:109} INFO - [2023-12-22 20:40:27,351] {dag.py:2937} INFO - Setting next_dagrun for example_trigger_target_dag to None
[2023-12-22 20:40:27,364] {processor.py:171} INFO - Processing /home/airflow/.local/lib/python3.6/site-packages/airflow/example_dags/example_trigger_target_dag.py took 0.070 seconds
[2023-12-22 20:40:58,323] {processor.py:163} INFO - Started process (PID=123) to work on /home/airflow/.local/lib/python3.6/site-packages/airflow/example_dags/example_trigger_target_dag.py
[2023-12-22 20:40:58,325] {processor.py:642} INFO - Processing file /home/airflow/.local/lib/python3.6/site-packages/airflow/example_dags/example_trigger_target_dag.py for tasks to queue
[2023-12-22 20:40:58,326] {logging_mixin.py:109} INFO - [2023-12-22 20:40:58,326] {dagbag.py:500} INFO - Filling up the DagBag from /home/airflow/.local/lib/python3.6/site-packages/airflow/example_dags/example_trigger_target_dag.py
[2023-12-22 20:40:58,346] {processor.py:652} INFO - DAG(s) dict_keys(['example_trigger_target_dag']) retrieved from /home/airflow/.local/lib/python3.6/site-packages/airflow/example_dags/example_trigger_target_dag.py
[2023-12-22 20:40:58,369] {logging_mixin.py:109} INFO - [2023-12-22 20:40:58,369] {dag.py:2398} INFO - Sync 1 DAGs
[2023-12-22 20:40:58,395] {logging_mixin.py:109} INFO - [2023-12-22 20:40:58,395] {dag.py:2937} INFO - Setting next_dagrun for example_trigger_target_dag to None
[2023-12-22 20:40:58,408] {processor.py:171} INFO - Processing /home/airflow/.local/lib/python3.6/site-packages/airflow/example_dags/example_trigger_target_dag.py took 0.089 seconds
[2023-12-22 20:41:29,611] {processor.py:163} INFO - Started process (PID=196) to work on /home/airflow/.local/lib/python3.6/site-packages/airflow/example_dags/example_trigger_target_dag.py
[2023-12-22 20:41:29,613] {processor.py:642} INFO - Processing file /home/airflow/.local/lib/python3.6/site-packages/airflow/example_dags/example_trigger_target_dag.py for tasks to queue
[2023-12-22 20:41:29,614] {logging_mixin.py:109} INFO - [2023-12-22 20:41:29,614] {dagbag.py:500} INFO - Filling up the DagBag from /home/airflow/.local/lib/python3.6/site-packages/airflow/example_dags/example_trigger_target_dag.py
[2023-12-22 20:41:29,630] {processor.py:652} INFO - DAG(s) dict_keys(['example_trigger_target_dag']) retrieved from /home/airflow/.local/lib/python3.6/site-packages/airflow/example_dags/example_trigger_target_dag.py
[2023-12-22 20:41:29,653] {logging_mixin.py:109} INFO - [2023-12-22 20:41:29,653] {dag.py:2398} INFO - Sync 1 DAGs
[2023-12-22 20:41:29,672] {logging_mixin.py:109} INFO - [2023-12-22 20:41:29,672] {dag.py:2937} INFO - Setting next_dagrun for example_trigger_target_dag to None
[2023-12-22 20:41:29,682] {processor.py:171} INFO - Processing /home/airflow/.local/lib/python3.6/site-packages/airflow/example_dags/example_trigger_target_dag.py took 0.074 seconds
[2023-12-22 20:42:01,972] {processor.py:163} INFO - Started process (PID=261) to work on /home/airflow/.local/lib/python3.6/site-packages/airflow/example_dags/example_trigger_target_dag.py
[2023-12-22 20:42:01,999] {processor.py:642} INFO - Processing file /home/airflow/.local/lib/python3.6/site-packages/airflow/example_dags/example_trigger_target_dag.py for tasks to queue
[2023-12-22 20:42:02,025] {logging_mixin.py:109} INFO - [2023-12-22 20:42:02,024] {dagbag.py:500} INFO - Filling up the DagBag from /home/airflow/.local/lib/python3.6/site-packages/airflow/example_dags/example_trigger_target_dag.py
[2023-12-22 20:42:02,172] {processor.py:652} INFO - DAG(s) dict_keys(['example_trigger_target_dag']) retrieved from /home/airflow/.local/lib/python3.6/site-packages/airflow/example_dags/example_trigger_target_dag.py
[2023-12-22 20:42:02,283] {logging_mixin.py:109} INFO - [2023-12-22 20:42:02,283] {dag.py:2398} INFO - Sync 1 DAGs
[2023-12-22 20:42:02,304] {logging_mixin.py:109} INFO - [2023-12-22 20:42:02,304] {dag.py:2937} INFO - Setting next_dagrun for example_trigger_target_dag to None
[2023-12-22 20:42:02,411] {processor.py:171} INFO - Processing /home/airflow/.local/lib/python3.6/site-packages/airflow/example_dags/example_trigger_target_dag.py took 0.441 seconds
[2023-12-22 20:42:33,388] {processor.py:163} INFO - Started process (PID=314) to work on /home/airflow/.local/lib/python3.6/site-packages/airflow/example_dags/example_trigger_target_dag.py
[2023-12-22 20:42:33,507] {processor.py:642} INFO - Processing file /home/airflow/.local/lib/python3.6/site-packages/airflow/example_dags/example_trigger_target_dag.py for tasks to queue
[2023-12-22 20:42:33,516] {logging_mixin.py:109} INFO - [2023-12-22 20:42:33,515] {dagbag.py:500} INFO - Filling up the DagBag from /home/airflow/.local/lib/python3.6/site-packages/airflow/example_dags/example_trigger_target_dag.py
[2023-12-22 20:42:33,560] {processor.py:652} INFO - DAG(s) dict_keys(['example_trigger_target_dag']) retrieved from /home/airflow/.local/lib/python3.6/site-packages/airflow/example_dags/example_trigger_target_dag.py
[2023-12-22 20:42:33,672] {logging_mixin.py:109} INFO - [2023-12-22 20:42:33,672] {dag.py:2398} INFO - Sync 1 DAGs
[2023-12-22 20:42:33,779] {logging_mixin.py:109} INFO - [2023-12-22 20:42:33,779] {dag.py:2937} INFO - Setting next_dagrun for example_trigger_target_dag to None
[2023-12-22 20:42:33,822] {processor.py:171} INFO - Processing /home/airflow/.local/lib/python3.6/site-packages/airflow/example_dags/example_trigger_target_dag.py took 0.437 seconds
[2023-12-22 20:43:04,281] {processor.py:163} INFO - Started process (PID=387) to work on /home/airflow/.local/lib/python3.6/site-packages/airflow/example_dags/example_trigger_target_dag.py
[2023-12-22 20:43:04,283] {processor.py:642} INFO - Processing file /home/airflow/.local/lib/python3.6/site-packages/airflow/example_dags/example_trigger_target_dag.py for tasks to queue
[2023-12-22 20:43:04,285] {logging_mixin.py:109} INFO - [2023-12-22 20:43:04,284] {dagbag.py:500} INFO - Filling up the DagBag from /home/airflow/.local/lib/python3.6/site-packages/airflow/example_dags/example_trigger_target_dag.py
[2023-12-22 20:43:04,307] {processor.py:652} INFO - DAG(s) dict_keys(['example_trigger_target_dag']) retrieved from /home/airflow/.local/lib/python3.6/site-packages/airflow/example_dags/example_trigger_target_dag.py
[2023-12-22 20:43:04,331] {logging_mixin.py:109} INFO - [2023-12-22 20:43:04,331] {dag.py:2398} INFO - Sync 1 DAGs
[2023-12-22 20:43:04,436] {logging_mixin.py:109} INFO - [2023-12-22 20:43:04,436] {dag.py:2937} INFO - Setting next_dagrun for example_trigger_target_dag to None
[2023-12-22 20:43:04,448] {processor.py:171} INFO - Processing /home/airflow/.local/lib/python3.6/site-packages/airflow/example_dags/example_trigger_target_dag.py took 0.169 seconds
[2023-12-22 20:43:37,581] {processor.py:163} INFO - Started process (PID=452) to work on /home/airflow/.local/lib/python3.6/site-packages/airflow/example_dags/example_trigger_target_dag.py
[2023-12-22 20:43:37,582] {processor.py:642} INFO - Processing file /home/airflow/.local/lib/python3.6/site-packages/airflow/example_dags/example_trigger_target_dag.py for tasks to queue
[2023-12-22 20:43:37,583] {logging_mixin.py:109} INFO - [2023-12-22 20:43:37,582] {dagbag.py:500} INFO - Filling up the DagBag from /home/airflow/.local/lib/python3.6/site-packages/airflow/example_dags/example_trigger_target_dag.py
[2023-12-22 20:43:37,598] {processor.py:652} INFO - DAG(s) dict_keys(['example_trigger_target_dag']) retrieved from /home/airflow/.local/lib/python3.6/site-packages/airflow/example_dags/example_trigger_target_dag.py
[2023-12-22 20:43:37,617] {logging_mixin.py:109} INFO - [2023-12-22 20:43:37,617] {dag.py:2398} INFO - Sync 1 DAGs
[2023-12-22 20:43:37,913] {logging_mixin.py:109} INFO - [2023-12-22 20:43:37,913] {dag.py:2937} INFO - Setting next_dagrun for example_trigger_target_dag to None
[2023-12-22 20:43:38,054] {processor.py:171} INFO - Processing /home/airflow/.local/lib/python3.6/site-packages/airflow/example_dags/example_trigger_target_dag.py took 0.475 seconds
[2023-12-22 20:44:08,956] {processor.py:163} INFO - Started process (PID=525) to work on /home/airflow/.local/lib/python3.6/site-packages/airflow/example_dags/example_trigger_target_dag.py
[2023-12-22 20:44:08,958] {processor.py:642} INFO - Processing file /home/airflow/.local/lib/python3.6/site-packages/airflow/example_dags/example_trigger_target_dag.py for tasks to queue
[2023-12-22 20:44:08,959] {logging_mixin.py:109} INFO - [2023-12-22 20:44:08,959] {dagbag.py:500} INFO - Filling up the DagBag from /home/airflow/.local/lib/python3.6/site-packages/airflow/example_dags/example_trigger_target_dag.py
[2023-12-22 20:44:08,987] {processor.py:652} INFO - DAG(s) dict_keys(['example_trigger_target_dag']) retrieved from /home/airflow/.local/lib/python3.6/site-packages/airflow/example_dags/example_trigger_target_dag.py
[2023-12-22 20:44:09,120] {logging_mixin.py:109} INFO - [2023-12-22 20:44:09,110] {dag.py:2398} INFO - Sync 1 DAGs
[2023-12-22 20:44:09,233] {logging_mixin.py:109} INFO - [2023-12-22 20:44:09,232] {dag.py:2937} INFO - Setting next_dagrun for example_trigger_target_dag to None
[2023-12-22 20:44:09,301] {processor.py:171} INFO - Processing /home/airflow/.local/lib/python3.6/site-packages/airflow/example_dags/example_trigger_target_dag.py took 0.348 seconds
[2023-12-22 20:44:40,148] {processor.py:163} INFO - Started process (PID=590) to work on /home/airflow/.local/lib/python3.6/site-packages/airflow/example_dags/example_trigger_target_dag.py
[2023-12-22 20:44:40,149] {processor.py:642} INFO - Processing file /home/airflow/.local/lib/python3.6/site-packages/airflow/example_dags/example_trigger_target_dag.py for tasks to queue
[2023-12-22 20:44:40,150] {logging_mixin.py:109} INFO - [2023-12-22 20:44:40,150] {dagbag.py:500} INFO - Filling up the DagBag from /home/airflow/.local/lib/python3.6/site-packages/airflow/example_dags/example_trigger_target_dag.py
[2023-12-22 20:44:40,173] {processor.py:652} INFO - DAG(s) dict_keys(['example_trigger_target_dag']) retrieved from /home/airflow/.local/lib/python3.6/site-packages/airflow/example_dags/example_trigger_target_dag.py
[2023-12-22 20:44:40,273] {logging_mixin.py:109} INFO - [2023-12-22 20:44:40,273] {dag.py:2398} INFO - Sync 1 DAGs
[2023-12-22 20:44:40,397] {logging_mixin.py:109} INFO - [2023-12-22 20:44:40,397] {dag.py:2937} INFO - Setting next_dagrun for example_trigger_target_dag to None
[2023-12-22 20:44:40,451] {processor.py:171} INFO - Processing /home/airflow/.local/lib/python3.6/site-packages/airflow/example_dags/example_trigger_target_dag.py took 0.305 seconds
[2023-12-22 20:45:10,731] {processor.py:163} INFO - Started process (PID=664) to work on /home/airflow/.local/lib/python3.6/site-packages/airflow/example_dags/example_trigger_target_dag.py
[2023-12-22 20:45:10,732] {processor.py:642} INFO - Processing file /home/airflow/.local/lib/python3.6/site-packages/airflow/example_dags/example_trigger_target_dag.py for tasks to queue
[2023-12-22 20:45:10,733] {logging_mixin.py:109} INFO - [2023-12-22 20:45:10,733] {dagbag.py:500} INFO - Filling up the DagBag from /home/airflow/.local/lib/python3.6/site-packages/airflow/example_dags/example_trigger_target_dag.py
[2023-12-22 20:45:10,761] {processor.py:652} INFO - DAG(s) dict_keys(['example_trigger_target_dag']) retrieved from /home/airflow/.local/lib/python3.6/site-packages/airflow/example_dags/example_trigger_target_dag.py
[2023-12-22 20:45:10,868] {logging_mixin.py:109} INFO - [2023-12-22 20:45:10,868] {dag.py:2398} INFO - Sync 1 DAGs
[2023-12-22 20:45:10,910] {logging_mixin.py:109} INFO - [2023-12-22 20:45:10,910] {dag.py:2937} INFO - Setting next_dagrun for example_trigger_target_dag to None
[2023-12-22 20:45:10,949] {processor.py:171} INFO - Processing /home/airflow/.local/lib/python3.6/site-packages/airflow/example_dags/example_trigger_target_dag.py took 0.222 seconds
[2023-12-22 20:45:41,270] {processor.py:163} INFO - Started process (PID=729) to work on /home/airflow/.local/lib/python3.6/site-packages/airflow/example_dags/example_trigger_target_dag.py
[2023-12-22 20:45:41,271] {processor.py:642} INFO - Processing file /home/airflow/.local/lib/python3.6/site-packages/airflow/example_dags/example_trigger_target_dag.py for tasks to queue
[2023-12-22 20:45:41,272] {logging_mixin.py:109} INFO - [2023-12-22 20:45:41,272] {dagbag.py:500} INFO - Filling up the DagBag from /home/airflow/.local/lib/python3.6/site-packages/airflow/example_dags/example_trigger_target_dag.py
[2023-12-22 20:45:41,381] {processor.py:652} INFO - DAG(s) dict_keys(['example_trigger_target_dag']) retrieved from /home/airflow/.local/lib/python3.6/site-packages/airflow/example_dags/example_trigger_target_dag.py
[2023-12-22 20:45:41,417] {logging_mixin.py:109} INFO - [2023-12-22 20:45:41,417] {dag.py:2398} INFO - Sync 1 DAGs
[2023-12-22 20:45:41,483] {logging_mixin.py:109} INFO - [2023-12-22 20:45:41,483] {dag.py:2937} INFO - Setting next_dagrun for example_trigger_target_dag to None
[2023-12-22 20:45:41,554] {processor.py:171} INFO - Processing /home/airflow/.local/lib/python3.6/site-packages/airflow/example_dags/example_trigger_target_dag.py took 0.287 seconds
[2023-12-22 20:46:11,877] {processor.py:163} INFO - Started process (PID=802) to work on /home/airflow/.local/lib/python3.6/site-packages/airflow/example_dags/example_trigger_target_dag.py
[2023-12-22 20:46:11,879] {processor.py:642} INFO - Processing file /home/airflow/.local/lib/python3.6/site-packages/airflow/example_dags/example_trigger_target_dag.py for tasks to queue
[2023-12-22 20:46:11,879] {logging_mixin.py:109} INFO - [2023-12-22 20:46:11,879] {dagbag.py:500} INFO - Filling up the DagBag from /home/airflow/.local/lib/python3.6/site-packages/airflow/example_dags/example_trigger_target_dag.py
[2023-12-22 20:46:11,986] {processor.py:652} INFO - DAG(s) dict_keys(['example_trigger_target_dag']) retrieved from /home/airflow/.local/lib/python3.6/site-packages/airflow/example_dags/example_trigger_target_dag.py
[2023-12-22 20:46:12,024] {logging_mixin.py:109} INFO - [2023-12-22 20:46:12,024] {dag.py:2398} INFO - Sync 1 DAGs
[2023-12-22 20:46:12,042] {logging_mixin.py:109} INFO - [2023-12-22 20:46:12,042] {dag.py:2937} INFO - Setting next_dagrun for example_trigger_target_dag to None
[2023-12-22 20:46:12,101] {processor.py:171} INFO - Processing /home/airflow/.local/lib/python3.6/site-packages/airflow/example_dags/example_trigger_target_dag.py took 0.226 seconds
[2023-12-22 20:46:42,261] {processor.py:163} INFO - Started process (PID=867) to work on /home/airflow/.local/lib/python3.6/site-packages/airflow/example_dags/example_trigger_target_dag.py
[2023-12-22 20:46:42,275] {processor.py:642} INFO - Processing file /home/airflow/.local/lib/python3.6/site-packages/airflow/example_dags/example_trigger_target_dag.py for tasks to queue
[2023-12-22 20:46:42,294] {logging_mixin.py:109} INFO - [2023-12-22 20:46:42,294] {dagbag.py:500} INFO - Filling up the DagBag from /home/airflow/.local/lib/python3.6/site-packages/airflow/example_dags/example_trigger_target_dag.py
[2023-12-22 20:46:42,465] {processor.py:652} INFO - DAG(s) dict_keys(['example_trigger_target_dag']) retrieved from /home/airflow/.local/lib/python3.6/site-packages/airflow/example_dags/example_trigger_target_dag.py
[2023-12-22 20:46:42,483] {logging_mixin.py:109} INFO - [2023-12-22 20:46:42,483] {dag.py:2398} INFO - Sync 1 DAGs
[2023-12-22 20:46:42,498] {logging_mixin.py:109} INFO - [2023-12-22 20:46:42,498] {dag.py:2937} INFO - Setting next_dagrun for example_trigger_target_dag to None
[2023-12-22 20:46:42,508] {processor.py:171} INFO - Processing /home/airflow/.local/lib/python3.6/site-packages/airflow/example_dags/example_trigger_target_dag.py took 0.249 seconds
[2023-12-22 20:47:12,843] {processor.py:163} INFO - Started process (PID=937) to work on /home/airflow/.local/lib/python3.6/site-packages/airflow/example_dags/example_trigger_target_dag.py
[2023-12-22 20:47:12,844] {processor.py:642} INFO - Processing file /home/airflow/.local/lib/python3.6/site-packages/airflow/example_dags/example_trigger_target_dag.py for tasks to queue
[2023-12-22 20:47:12,845] {logging_mixin.py:109} INFO - [2023-12-22 20:47:12,845] {dagbag.py:500} INFO - Filling up the DagBag from /home/airflow/.local/lib/python3.6/site-packages/airflow/example_dags/example_trigger_target_dag.py
[2023-12-22 20:47:12,943] {processor.py:652} INFO - DAG(s) dict_keys(['example_trigger_target_dag']) retrieved from /home/airflow/.local/lib/python3.6/site-packages/airflow/example_dags/example_trigger_target_dag.py
[2023-12-22 20:47:13,008] {logging_mixin.py:109} INFO - [2023-12-22 20:47:13,008] {dag.py:2398} INFO - Sync 1 DAGs
[2023-12-22 20:47:13,057] {logging_mixin.py:109} INFO - [2023-12-22 20:47:13,057] {dag.py:2937} INFO - Setting next_dagrun for example_trigger_target_dag to None
[2023-12-22 20:47:13,071] {processor.py:171} INFO - Processing /home/airflow/.local/lib/python3.6/site-packages/airflow/example_dags/example_trigger_target_dag.py took 0.230 seconds
[2023-12-22 20:47:43,368] {processor.py:163} INFO - Started process (PID=1003) to work on /home/airflow/.local/lib/python3.6/site-packages/airflow/example_dags/example_trigger_target_dag.py
[2023-12-22 20:47:43,369] {processor.py:642} INFO - Processing file /home/airflow/.local/lib/python3.6/site-packages/airflow/example_dags/example_trigger_target_dag.py for tasks to queue
[2023-12-22 20:47:43,370] {logging_mixin.py:109} INFO - [2023-12-22 20:47:43,369] {dagbag.py:500} INFO - Filling up the DagBag from /home/airflow/.local/lib/python3.6/site-packages/airflow/example_dags/example_trigger_target_dag.py
[2023-12-22 20:47:43,454] {processor.py:652} INFO - DAG(s) dict_keys(['example_trigger_target_dag']) retrieved from /home/airflow/.local/lib/python3.6/site-packages/airflow/example_dags/example_trigger_target_dag.py
[2023-12-22 20:47:43,467] {logging_mixin.py:109} INFO - [2023-12-22 20:47:43,467] {dag.py:2398} INFO - Sync 1 DAGs
[2023-12-22 20:47:43,477] {logging_mixin.py:109} INFO - [2023-12-22 20:47:43,477] {dag.py:2937} INFO - Setting next_dagrun for example_trigger_target_dag to None
[2023-12-22 20:47:43,486] {processor.py:171} INFO - Processing /home/airflow/.local/lib/python3.6/site-packages/airflow/example_dags/example_trigger_target_dag.py took 0.121 seconds
[2023-12-22 20:48:13,576] {processor.py:163} INFO - Started process (PID=1077) to work on /home/airflow/.local/lib/python3.6/site-packages/airflow/example_dags/example_trigger_target_dag.py
[2023-12-22 20:48:13,578] {processor.py:642} INFO - Processing file /home/airflow/.local/lib/python3.6/site-packages/airflow/example_dags/example_trigger_target_dag.py for tasks to queue
[2023-12-22 20:48:13,578] {logging_mixin.py:109} INFO - [2023-12-22 20:48:13,578] {dagbag.py:500} INFO - Filling up the DagBag from /home/airflow/.local/lib/python3.6/site-packages/airflow/example_dags/example_trigger_target_dag.py
[2023-12-22 20:48:13,716] {processor.py:652} INFO - DAG(s) dict_keys(['example_trigger_target_dag']) retrieved from /home/airflow/.local/lib/python3.6/site-packages/airflow/example_dags/example_trigger_target_dag.py
[2023-12-22 20:48:13,736] {logging_mixin.py:109} INFO - [2023-12-22 20:48:13,736] {dag.py:2398} INFO - Sync 1 DAGs
[2023-12-22 20:48:13,751] {logging_mixin.py:109} INFO - [2023-12-22 20:48:13,751] {dag.py:2937} INFO - Setting next_dagrun for example_trigger_target_dag to None
[2023-12-22 20:48:13,764] {processor.py:171} INFO - Processing /home/airflow/.local/lib/python3.6/site-packages/airflow/example_dags/example_trigger_target_dag.py took 0.193 seconds
[2023-12-22 20:48:44,181] {processor.py:163} INFO - Started process (PID=1141) to work on /home/airflow/.local/lib/python3.6/site-packages/airflow/example_dags/example_trigger_target_dag.py
[2023-12-22 20:48:44,183] {processor.py:642} INFO - Processing file /home/airflow/.local/lib/python3.6/site-packages/airflow/example_dags/example_trigger_target_dag.py for tasks to queue
[2023-12-22 20:48:44,183] {logging_mixin.py:109} INFO - [2023-12-22 20:48:44,183] {dagbag.py:500} INFO - Filling up the DagBag from /home/airflow/.local/lib/python3.6/site-packages/airflow/example_dags/example_trigger_target_dag.py
[2023-12-22 20:48:44,292] {processor.py:652} INFO - DAG(s) dict_keys(['example_trigger_target_dag']) retrieved from /home/airflow/.local/lib/python3.6/site-packages/airflow/example_dags/example_trigger_target_dag.py
[2023-12-22 20:48:44,311] {logging_mixin.py:109} INFO - [2023-12-22 20:48:44,311] {dag.py:2398} INFO - Sync 1 DAGs
[2023-12-22 20:48:44,326] {logging_mixin.py:109} INFO - [2023-12-22 20:48:44,326] {dag.py:2937} INFO - Setting next_dagrun for example_trigger_target_dag to None
[2023-12-22 20:48:44,348] {processor.py:171} INFO - Processing /home/airflow/.local/lib/python3.6/site-packages/airflow/example_dags/example_trigger_target_dag.py took 0.170 seconds
[2023-12-22 20:49:15,131] {processor.py:163} INFO - Started process (PID=1215) to work on /home/airflow/.local/lib/python3.6/site-packages/airflow/example_dags/example_trigger_target_dag.py
[2023-12-22 20:49:15,132] {processor.py:642} INFO - Processing file /home/airflow/.local/lib/python3.6/site-packages/airflow/example_dags/example_trigger_target_dag.py for tasks to queue
[2023-12-22 20:49:15,133] {logging_mixin.py:109} INFO - [2023-12-22 20:49:15,133] {dagbag.py:500} INFO - Filling up the DagBag from /home/airflow/.local/lib/python3.6/site-packages/airflow/example_dags/example_trigger_target_dag.py
[2023-12-22 20:49:15,224] {processor.py:652} INFO - DAG(s) dict_keys(['example_trigger_target_dag']) retrieved from /home/airflow/.local/lib/python3.6/site-packages/airflow/example_dags/example_trigger_target_dag.py
[2023-12-22 20:49:15,237] {logging_mixin.py:109} INFO - [2023-12-22 20:49:15,237] {dag.py:2398} INFO - Sync 1 DAGs
[2023-12-22 20:49:15,248] {logging_mixin.py:109} INFO - [2023-12-22 20:49:15,248] {dag.py:2937} INFO - Setting next_dagrun for example_trigger_target_dag to None
[2023-12-22 20:49:15,279] {processor.py:171} INFO - Processing /home/airflow/.local/lib/python3.6/site-packages/airflow/example_dags/example_trigger_target_dag.py took 0.150 seconds
[2023-12-22 20:49:45,416] {processor.py:163} INFO - Started process (PID=1279) to work on /home/airflow/.local/lib/python3.6/site-packages/airflow/example_dags/example_trigger_target_dag.py
[2023-12-22 20:49:45,417] {processor.py:642} INFO - Processing file /home/airflow/.local/lib/python3.6/site-packages/airflow/example_dags/example_trigger_target_dag.py for tasks to queue
[2023-12-22 20:49:45,418] {logging_mixin.py:109} INFO - [2023-12-22 20:49:45,418] {dagbag.py:500} INFO - Filling up the DagBag from /home/airflow/.local/lib/python3.6/site-packages/airflow/example_dags/example_trigger_target_dag.py
[2023-12-22 20:49:45,435] {processor.py:652} INFO - DAG(s) dict_keys(['example_trigger_target_dag']) retrieved from /home/airflow/.local/lib/python3.6/site-packages/airflow/example_dags/example_trigger_target_dag.py
[2023-12-22 20:49:45,452] {logging_mixin.py:109} INFO - [2023-12-22 20:49:45,452] {dag.py:2398} INFO - Sync 1 DAGs
[2023-12-22 20:49:45,465] {logging_mixin.py:109} INFO - [2023-12-22 20:49:45,465] {dag.py:2937} INFO - Setting next_dagrun for example_trigger_target_dag to None
[2023-12-22 20:49:45,490] {processor.py:171} INFO - Processing /home/airflow/.local/lib/python3.6/site-packages/airflow/example_dags/example_trigger_target_dag.py took 0.077 seconds
[2023-12-22 20:50:15,584] {processor.py:163} INFO - Started process (PID=1353) to work on /home/airflow/.local/lib/python3.6/site-packages/airflow/example_dags/example_trigger_target_dag.py
[2023-12-22 20:50:15,585] {processor.py:642} INFO - Processing file /home/airflow/.local/lib/python3.6/site-packages/airflow/example_dags/example_trigger_target_dag.py for tasks to queue
[2023-12-22 20:50:15,586] {logging_mixin.py:109} INFO - [2023-12-22 20:50:15,586] {dagbag.py:500} INFO - Filling up the DagBag from /home/airflow/.local/lib/python3.6/site-packages/airflow/example_dags/example_trigger_target_dag.py
[2023-12-22 20:50:15,609] {processor.py:652} INFO - DAG(s) dict_keys(['example_trigger_target_dag']) retrieved from /home/airflow/.local/lib/python3.6/site-packages/airflow/example_dags/example_trigger_target_dag.py
[2023-12-22 20:50:15,625] {logging_mixin.py:109} INFO - [2023-12-22 20:50:15,624] {dag.py:2398} INFO - Sync 1 DAGs
[2023-12-22 20:50:15,640] {logging_mixin.py:109} INFO - [2023-12-22 20:50:15,640] {dag.py:2937} INFO - Setting next_dagrun for example_trigger_target_dag to None
[2023-12-22 20:50:15,650] {processor.py:171} INFO - Processing /home/airflow/.local/lib/python3.6/site-packages/airflow/example_dags/example_trigger_target_dag.py took 0.068 seconds
[2023-12-22 20:50:46,046] {processor.py:163} INFO - Started process (PID=1417) to work on /home/airflow/.local/lib/python3.6/site-packages/airflow/example_dags/example_trigger_target_dag.py
[2023-12-22 20:50:46,048] {processor.py:642} INFO - Processing file /home/airflow/.local/lib/python3.6/site-packages/airflow/example_dags/example_trigger_target_dag.py for tasks to queue
[2023-12-22 20:50:46,049] {logging_mixin.py:109} INFO - [2023-12-22 20:50:46,049] {dagbag.py:500} INFO - Filling up the DagBag from /home/airflow/.local/lib/python3.6/site-packages/airflow/example_dags/example_trigger_target_dag.py
[2023-12-22 20:50:46,072] {processor.py:652} INFO - DAG(s) dict_keys(['example_trigger_target_dag']) retrieved from /home/airflow/.local/lib/python3.6/site-packages/airflow/example_dags/example_trigger_target_dag.py
[2023-12-22 20:50:46,087] {logging_mixin.py:109} INFO - [2023-12-22 20:50:46,087] {dag.py:2398} INFO - Sync 1 DAGs
[2023-12-22 20:50:46,107] {logging_mixin.py:109} INFO - [2023-12-22 20:50:46,107] {dag.py:2937} INFO - Setting next_dagrun for example_trigger_target_dag to None
[2023-12-22 20:50:46,128] {processor.py:171} INFO - Processing /home/airflow/.local/lib/python3.6/site-packages/airflow/example_dags/example_trigger_target_dag.py took 0.088 seconds
[2023-12-22 20:51:16,783] {processor.py:163} INFO - Started process (PID=1490) to work on /home/airflow/.local/lib/python3.6/site-packages/airflow/example_dags/example_trigger_target_dag.py
[2023-12-22 20:51:16,785] {processor.py:642} INFO - Processing file /home/airflow/.local/lib/python3.6/site-packages/airflow/example_dags/example_trigger_target_dag.py for tasks to queue
[2023-12-22 20:51:16,786] {logging_mixin.py:109} INFO - [2023-12-22 20:51:16,786] {dagbag.py:500} INFO - Filling up the DagBag from /home/airflow/.local/lib/python3.6/site-packages/airflow/example_dags/example_trigger_target_dag.py
[2023-12-22 20:51:16,803] {processor.py:652} INFO - DAG(s) dict_keys(['example_trigger_target_dag']) retrieved from /home/airflow/.local/lib/python3.6/site-packages/airflow/example_dags/example_trigger_target_dag.py
[2023-12-22 20:51:16,820] {logging_mixin.py:109} INFO - [2023-12-22 20:51:16,820] {dag.py:2398} INFO - Sync 1 DAGs
[2023-12-22 20:51:16,839] {logging_mixin.py:109} INFO - [2023-12-22 20:51:16,839] {dag.py:2937} INFO - Setting next_dagrun for example_trigger_target_dag to None
[2023-12-22 20:51:16,859] {processor.py:171} INFO - Processing /home/airflow/.local/lib/python3.6/site-packages/airflow/example_dags/example_trigger_target_dag.py took 0.078 seconds
[2023-12-22 20:51:47,146] {processor.py:163} INFO - Started process (PID=1555) to work on /home/airflow/.local/lib/python3.6/site-packages/airflow/example_dags/example_trigger_target_dag.py
[2023-12-22 20:51:47,147] {processor.py:642} INFO - Processing file /home/airflow/.local/lib/python3.6/site-packages/airflow/example_dags/example_trigger_target_dag.py for tasks to queue
[2023-12-22 20:51:47,148] {logging_mixin.py:109} INFO - [2023-12-22 20:51:47,148] {dagbag.py:500} INFO - Filling up the DagBag from /home/airflow/.local/lib/python3.6/site-packages/airflow/example_dags/example_trigger_target_dag.py
[2023-12-22 20:51:47,168] {processor.py:652} INFO - DAG(s) dict_keys(['example_trigger_target_dag']) retrieved from /home/airflow/.local/lib/python3.6/site-packages/airflow/example_dags/example_trigger_target_dag.py
[2023-12-22 20:51:47,186] {logging_mixin.py:109} INFO - [2023-12-22 20:51:47,186] {dag.py:2398} INFO - Sync 1 DAGs
[2023-12-22 20:51:47,203] {logging_mixin.py:109} INFO - [2023-12-22 20:51:47,203] {dag.py:2937} INFO - Setting next_dagrun for example_trigger_target_dag to None
[2023-12-22 20:51:47,211] {processor.py:171} INFO - Processing /home/airflow/.local/lib/python3.6/site-packages/airflow/example_dags/example_trigger_target_dag.py took 0.069 seconds
[2023-12-22 20:52:18,136] {processor.py:163} INFO - Started process (PID=1629) to work on /home/airflow/.local/lib/python3.6/site-packages/airflow/example_dags/example_trigger_target_dag.py
[2023-12-22 20:52:18,138] {processor.py:642} INFO - Processing file /home/airflow/.local/lib/python3.6/site-packages/airflow/example_dags/example_trigger_target_dag.py for tasks to queue
[2023-12-22 20:52:18,139] {logging_mixin.py:109} INFO - [2023-12-22 20:52:18,139] {dagbag.py:500} INFO - Filling up the DagBag from /home/airflow/.local/lib/python3.6/site-packages/airflow/example_dags/example_trigger_target_dag.py
[2023-12-22 20:52:18,159] {processor.py:652} INFO - DAG(s) dict_keys(['example_trigger_target_dag']) retrieved from /home/airflow/.local/lib/python3.6/site-packages/airflow/example_dags/example_trigger_target_dag.py
[2023-12-22 20:52:18,177] {logging_mixin.py:109} INFO - [2023-12-22 20:52:18,177] {dag.py:2398} INFO - Sync 1 DAGs
[2023-12-22 20:52:18,190] {logging_mixin.py:109} INFO - [2023-12-22 20:52:18,190] {dag.py:2937} INFO - Setting next_dagrun for example_trigger_target_dag to None
[2023-12-22 20:52:18,218] {processor.py:171} INFO - Processing /home/airflow/.local/lib/python3.6/site-packages/airflow/example_dags/example_trigger_target_dag.py took 0.085 seconds
[2023-12-22 20:52:48,669] {processor.py:163} INFO - Started process (PID=1693) to work on /home/airflow/.local/lib/python3.6/site-packages/airflow/example_dags/example_trigger_target_dag.py
[2023-12-22 20:52:48,670] {processor.py:642} INFO - Processing file /home/airflow/.local/lib/python3.6/site-packages/airflow/example_dags/example_trigger_target_dag.py for tasks to queue
[2023-12-22 20:52:48,671] {logging_mixin.py:109} INFO - [2023-12-22 20:52:48,671] {dagbag.py:500} INFO - Filling up the DagBag from /home/airflow/.local/lib/python3.6/site-packages/airflow/example_dags/example_trigger_target_dag.py
[2023-12-22 20:52:48,697] {processor.py:652} INFO - DAG(s) dict_keys(['example_trigger_target_dag']) retrieved from /home/airflow/.local/lib/python3.6/site-packages/airflow/example_dags/example_trigger_target_dag.py
[2023-12-22 20:52:48,720] {logging_mixin.py:109} INFO - [2023-12-22 20:52:48,719] {dag.py:2398} INFO - Sync 1 DAGs
[2023-12-22 20:52:48,737] {logging_mixin.py:109} INFO - [2023-12-22 20:52:48,737] {dag.py:2937} INFO - Setting next_dagrun for example_trigger_target_dag to None
[2023-12-22 20:52:48,761] {processor.py:171} INFO - Processing /home/airflow/.local/lib/python3.6/site-packages/airflow/example_dags/example_trigger_target_dag.py took 0.095 seconds
[2023-12-22 20:53:19,342] {processor.py:163} INFO - Started process (PID=1767) to work on /home/airflow/.local/lib/python3.6/site-packages/airflow/example_dags/example_trigger_target_dag.py
[2023-12-22 20:53:19,345] {processor.py:642} INFO - Processing file /home/airflow/.local/lib/python3.6/site-packages/airflow/example_dags/example_trigger_target_dag.py for tasks to queue
[2023-12-22 20:53:19,346] {logging_mixin.py:109} INFO - [2023-12-22 20:53:19,345] {dagbag.py:500} INFO - Filling up the DagBag from /home/airflow/.local/lib/python3.6/site-packages/airflow/example_dags/example_trigger_target_dag.py
[2023-12-22 20:53:19,365] {processor.py:652} INFO - DAG(s) dict_keys(['example_trigger_target_dag']) retrieved from /home/airflow/.local/lib/python3.6/site-packages/airflow/example_dags/example_trigger_target_dag.py
[2023-12-22 20:53:19,391] {logging_mixin.py:109} INFO - [2023-12-22 20:53:19,391] {dag.py:2398} INFO - Sync 1 DAGs
[2023-12-22 20:53:19,424] {logging_mixin.py:109} INFO - [2023-12-22 20:53:19,424] {dag.py:2937} INFO - Setting next_dagrun for example_trigger_target_dag to None
[2023-12-22 20:53:19,465] {processor.py:171} INFO - Processing /home/airflow/.local/lib/python3.6/site-packages/airflow/example_dags/example_trigger_target_dag.py took 0.126 seconds
[2023-12-22 20:53:50,026] {processor.py:163} INFO - Started process (PID=1831) to work on /home/airflow/.local/lib/python3.6/site-packages/airflow/example_dags/example_trigger_target_dag.py
[2023-12-22 20:53:50,027] {processor.py:642} INFO - Processing file /home/airflow/.local/lib/python3.6/site-packages/airflow/example_dags/example_trigger_target_dag.py for tasks to queue
[2023-12-22 20:53:50,027] {logging_mixin.py:109} INFO - [2023-12-22 20:53:50,027] {dagbag.py:500} INFO - Filling up the DagBag from /home/airflow/.local/lib/python3.6/site-packages/airflow/example_dags/example_trigger_target_dag.py
[2023-12-22 20:53:50,044] {processor.py:652} INFO - DAG(s) dict_keys(['example_trigger_target_dag']) retrieved from /home/airflow/.local/lib/python3.6/site-packages/airflow/example_dags/example_trigger_target_dag.py
[2023-12-22 20:53:50,060] {logging_mixin.py:109} INFO - [2023-12-22 20:53:50,060] {dag.py:2398} INFO - Sync 1 DAGs
[2023-12-22 20:53:50,077] {logging_mixin.py:109} INFO - [2023-12-22 20:53:50,077] {dag.py:2937} INFO - Setting next_dagrun for example_trigger_target_dag to None
[2023-12-22 20:53:50,102] {processor.py:171} INFO - Processing /home/airflow/.local/lib/python3.6/site-packages/airflow/example_dags/example_trigger_target_dag.py took 0.079 seconds
[2023-12-22 20:54:20,181] {processor.py:163} INFO - Started process (PID=1904) to work on /home/airflow/.local/lib/python3.6/site-packages/airflow/example_dags/example_trigger_target_dag.py
[2023-12-22 20:54:20,183] {processor.py:642} INFO - Processing file /home/airflow/.local/lib/python3.6/site-packages/airflow/example_dags/example_trigger_target_dag.py for tasks to queue
[2023-12-22 20:54:20,184] {logging_mixin.py:109} INFO - [2023-12-22 20:54:20,184] {dagbag.py:500} INFO - Filling up the DagBag from /home/airflow/.local/lib/python3.6/site-packages/airflow/example_dags/example_trigger_target_dag.py
[2023-12-22 20:54:20,201] {processor.py:652} INFO - DAG(s) dict_keys(['example_trigger_target_dag']) retrieved from /home/airflow/.local/lib/python3.6/site-packages/airflow/example_dags/example_trigger_target_dag.py
[2023-12-22 20:54:20,228] {logging_mixin.py:109} INFO - [2023-12-22 20:54:20,228] {dag.py:2398} INFO - Sync 1 DAGs
[2023-12-22 20:54:20,253] {logging_mixin.py:109} INFO - [2023-12-22 20:54:20,253] {dag.py:2937} INFO - Setting next_dagrun for example_trigger_target_dag to None
[2023-12-22 20:54:20,274] {processor.py:171} INFO - Processing /home/airflow/.local/lib/python3.6/site-packages/airflow/example_dags/example_trigger_target_dag.py took 0.095 seconds
[2023-12-22 20:54:51,115] {processor.py:163} INFO - Started process (PID=1968) to work on /home/airflow/.local/lib/python3.6/site-packages/airflow/example_dags/example_trigger_target_dag.py
[2023-12-22 20:54:51,116] {processor.py:642} INFO - Processing file /home/airflow/.local/lib/python3.6/site-packages/airflow/example_dags/example_trigger_target_dag.py for tasks to queue
[2023-12-22 20:54:51,116] {logging_mixin.py:109} INFO - [2023-12-22 20:54:51,116] {dagbag.py:500} INFO - Filling up the DagBag from /home/airflow/.local/lib/python3.6/site-packages/airflow/example_dags/example_trigger_target_dag.py
[2023-12-22 20:54:51,137] {processor.py:652} INFO - DAG(s) dict_keys(['example_trigger_target_dag']) retrieved from /home/airflow/.local/lib/python3.6/site-packages/airflow/example_dags/example_trigger_target_dag.py
[2023-12-22 20:54:51,160] {logging_mixin.py:109} INFO - [2023-12-22 20:54:51,160] {dag.py:2398} INFO - Sync 1 DAGs
[2023-12-22 20:54:51,178] {logging_mixin.py:109} INFO - [2023-12-22 20:54:51,178] {dag.py:2937} INFO - Setting next_dagrun for example_trigger_target_dag to None
[2023-12-22 20:54:51,188] {processor.py:171} INFO - Processing /home/airflow/.local/lib/python3.6/site-packages/airflow/example_dags/example_trigger_target_dag.py took 0.077 seconds
[2023-12-22 20:55:21,690] {processor.py:163} INFO - Started process (PID=2042) to work on /home/airflow/.local/lib/python3.6/site-packages/airflow/example_dags/example_trigger_target_dag.py
[2023-12-22 20:55:21,691] {processor.py:642} INFO - Processing file /home/airflow/.local/lib/python3.6/site-packages/airflow/example_dags/example_trigger_target_dag.py for tasks to queue
[2023-12-22 20:55:21,692] {logging_mixin.py:109} INFO - [2023-12-22 20:55:21,692] {dagbag.py:500} INFO - Filling up the DagBag from /home/airflow/.local/lib/python3.6/site-packages/airflow/example_dags/example_trigger_target_dag.py
[2023-12-22 20:55:21,712] {processor.py:652} INFO - DAG(s) dict_keys(['example_trigger_target_dag']) retrieved from /home/airflow/.local/lib/python3.6/site-packages/airflow/example_dags/example_trigger_target_dag.py
[2023-12-22 20:55:21,732] {logging_mixin.py:109} INFO - [2023-12-22 20:55:21,732] {dag.py:2398} INFO - Sync 1 DAGs
[2023-12-22 20:55:21,748] {logging_mixin.py:109} INFO - [2023-12-22 20:55:21,748] {dag.py:2937} INFO - Setting next_dagrun for example_trigger_target_dag to None
[2023-12-22 20:55:21,779] {processor.py:171} INFO - Processing /home/airflow/.local/lib/python3.6/site-packages/airflow/example_dags/example_trigger_target_dag.py took 0.093 seconds
[2023-12-22 20:55:51,819] {processor.py:163} INFO - Started process (PID=2105) to work on /home/airflow/.local/lib/python3.6/site-packages/airflow/example_dags/example_trigger_target_dag.py
[2023-12-22 20:55:51,820] {processor.py:642} INFO - Processing file /home/airflow/.local/lib/python3.6/site-packages/airflow/example_dags/example_trigger_target_dag.py for tasks to queue
[2023-12-22 20:55:51,821] {logging_mixin.py:109} INFO - [2023-12-22 20:55:51,821] {dagbag.py:500} INFO - Filling up the DagBag from /home/airflow/.local/lib/python3.6/site-packages/airflow/example_dags/example_trigger_target_dag.py
[2023-12-22 20:55:51,842] {processor.py:652} INFO - DAG(s) dict_keys(['example_trigger_target_dag']) retrieved from /home/airflow/.local/lib/python3.6/site-packages/airflow/example_dags/example_trigger_target_dag.py
[2023-12-22 20:55:51,867] {logging_mixin.py:109} INFO - [2023-12-22 20:55:51,867] {dag.py:2398} INFO - Sync 1 DAGs
[2023-12-22 20:55:51,890] {logging_mixin.py:109} INFO - [2023-12-22 20:55:51,890] {dag.py:2937} INFO - Setting next_dagrun for example_trigger_target_dag to None
[2023-12-22 20:55:51,905] {processor.py:171} INFO - Processing /home/airflow/.local/lib/python3.6/site-packages/airflow/example_dags/example_trigger_target_dag.py took 0.090 seconds
[2023-12-22 20:56:22,204] {processor.py:163} INFO - Started process (PID=2178) to work on /home/airflow/.local/lib/python3.6/site-packages/airflow/example_dags/example_trigger_target_dag.py
[2023-12-22 20:56:22,206] {processor.py:642} INFO - Processing file /home/airflow/.local/lib/python3.6/site-packages/airflow/example_dags/example_trigger_target_dag.py for tasks to queue
[2023-12-22 20:56:22,207] {logging_mixin.py:109} INFO - [2023-12-22 20:56:22,207] {dagbag.py:500} INFO - Filling up the DagBag from /home/airflow/.local/lib/python3.6/site-packages/airflow/example_dags/example_trigger_target_dag.py
[2023-12-22 20:56:22,226] {processor.py:652} INFO - DAG(s) dict_keys(['example_trigger_target_dag']) retrieved from /home/airflow/.local/lib/python3.6/site-packages/airflow/example_dags/example_trigger_target_dag.py
[2023-12-22 20:56:22,245] {logging_mixin.py:109} INFO - [2023-12-22 20:56:22,245] {dag.py:2398} INFO - Sync 1 DAGs
[2023-12-22 20:56:22,265] {logging_mixin.py:109} INFO - [2023-12-22 20:56:22,265] {dag.py:2937} INFO - Setting next_dagrun for example_trigger_target_dag to None
[2023-12-22 20:56:22,297] {processor.py:171} INFO - Processing /home/airflow/.local/lib/python3.6/site-packages/airflow/example_dags/example_trigger_target_dag.py took 0.095 seconds
[2023-12-22 20:56:52,478] {processor.py:163} INFO - Started process (PID=2251) to work on /home/airflow/.local/lib/python3.6/site-packages/airflow/example_dags/example_trigger_target_dag.py
[2023-12-22 20:56:52,479] {processor.py:642} INFO - Processing file /home/airflow/.local/lib/python3.6/site-packages/airflow/example_dags/example_trigger_target_dag.py for tasks to queue
[2023-12-22 20:56:52,480] {logging_mixin.py:109} INFO - [2023-12-22 20:56:52,480] {dagbag.py:500} INFO - Filling up the DagBag from /home/airflow/.local/lib/python3.6/site-packages/airflow/example_dags/example_trigger_target_dag.py
[2023-12-22 20:56:52,498] {processor.py:652} INFO - DAG(s) dict_keys(['example_trigger_target_dag']) retrieved from /home/airflow/.local/lib/python3.6/site-packages/airflow/example_dags/example_trigger_target_dag.py
[2023-12-22 20:56:52,519] {logging_mixin.py:109} INFO - [2023-12-22 20:56:52,518] {dag.py:2398} INFO - Sync 1 DAGs
[2023-12-22 20:56:52,537] {logging_mixin.py:109} INFO - [2023-12-22 20:56:52,537] {dag.py:2937} INFO - Setting next_dagrun for example_trigger_target_dag to None
[2023-12-22 20:56:52,566] {processor.py:171} INFO - Processing /home/airflow/.local/lib/python3.6/site-packages/airflow/example_dags/example_trigger_target_dag.py took 0.092 seconds
[2023-12-22 20:57:22,765] {processor.py:163} INFO - Started process (PID=2315) to work on /home/airflow/.local/lib/python3.6/site-packages/airflow/example_dags/example_trigger_target_dag.py
[2023-12-22 20:57:22,766] {processor.py:642} INFO - Processing file /home/airflow/.local/lib/python3.6/site-packages/airflow/example_dags/example_trigger_target_dag.py for tasks to queue
[2023-12-22 20:57:22,767] {logging_mixin.py:109} INFO - [2023-12-22 20:57:22,767] {dagbag.py:500} INFO - Filling up the DagBag from /home/airflow/.local/lib/python3.6/site-packages/airflow/example_dags/example_trigger_target_dag.py
[2023-12-22 20:57:22,784] {processor.py:652} INFO - DAG(s) dict_keys(['example_trigger_target_dag']) retrieved from /home/airflow/.local/lib/python3.6/site-packages/airflow/example_dags/example_trigger_target_dag.py
[2023-12-22 20:57:22,806] {logging_mixin.py:109} INFO - [2023-12-22 20:57:22,806] {dag.py:2398} INFO - Sync 1 DAGs
[2023-12-22 20:57:22,824] {logging_mixin.py:109} INFO - [2023-12-22 20:57:22,824] {dag.py:2937} INFO - Setting next_dagrun for example_trigger_target_dag to None
[2023-12-22 20:57:22,834] {processor.py:171} INFO - Processing /home/airflow/.local/lib/python3.6/site-packages/airflow/example_dags/example_trigger_target_dag.py took 0.071 seconds
[2023-12-22 20:57:53,512] {processor.py:163} INFO - Started process (PID=2388) to work on /home/airflow/.local/lib/python3.6/site-packages/airflow/example_dags/example_trigger_target_dag.py
[2023-12-22 20:57:53,513] {processor.py:642} INFO - Processing file /home/airflow/.local/lib/python3.6/site-packages/airflow/example_dags/example_trigger_target_dag.py for tasks to queue
[2023-12-22 20:57:53,514] {logging_mixin.py:109} INFO - [2023-12-22 20:57:53,514] {dagbag.py:500} INFO - Filling up the DagBag from /home/airflow/.local/lib/python3.6/site-packages/airflow/example_dags/example_trigger_target_dag.py
[2023-12-22 20:57:53,531] {processor.py:652} INFO - DAG(s) dict_keys(['example_trigger_target_dag']) retrieved from /home/airflow/.local/lib/python3.6/site-packages/airflow/example_dags/example_trigger_target_dag.py
[2023-12-22 20:57:53,547] {logging_mixin.py:109} INFO - [2023-12-22 20:57:53,547] {dag.py:2398} INFO - Sync 1 DAGs
[2023-12-22 20:57:53,561] {logging_mixin.py:109} INFO - [2023-12-22 20:57:53,561] {dag.py:2937} INFO - Setting next_dagrun for example_trigger_target_dag to None
[2023-12-22 20:57:53,568] {processor.py:171} INFO - Processing /home/airflow/.local/lib/python3.6/site-packages/airflow/example_dags/example_trigger_target_dag.py took 0.059 seconds
[2023-12-22 20:58:23,842] {processor.py:163} INFO - Started process (PID=2452) to work on /home/airflow/.local/lib/python3.6/site-packages/airflow/example_dags/example_trigger_target_dag.py
[2023-12-22 20:58:23,844] {processor.py:642} INFO - Processing file /home/airflow/.local/lib/python3.6/site-packages/airflow/example_dags/example_trigger_target_dag.py for tasks to queue
[2023-12-22 20:58:23,845] {logging_mixin.py:109} INFO - [2023-12-22 20:58:23,845] {dagbag.py:500} INFO - Filling up the DagBag from /home/airflow/.local/lib/python3.6/site-packages/airflow/example_dags/example_trigger_target_dag.py
[2023-12-22 20:58:23,877] {processor.py:652} INFO - DAG(s) dict_keys(['example_trigger_target_dag']) retrieved from /home/airflow/.local/lib/python3.6/site-packages/airflow/example_dags/example_trigger_target_dag.py
[2023-12-22 20:58:23,913] {logging_mixin.py:109} INFO - [2023-12-22 20:58:23,913] {dag.py:2398} INFO - Sync 1 DAGs
[2023-12-22 20:58:23,935] {logging_mixin.py:109} INFO - [2023-12-22 20:58:23,935] {dag.py:2937} INFO - Setting next_dagrun for example_trigger_target_dag to None
[2023-12-22 20:58:23,966] {processor.py:171} INFO - Processing /home/airflow/.local/lib/python3.6/site-packages/airflow/example_dags/example_trigger_target_dag.py took 0.127 seconds
[2023-12-22 20:58:54,667] {processor.py:163} INFO - Started process (PID=2516) to work on /home/airflow/.local/lib/python3.6/site-packages/airflow/example_dags/example_trigger_target_dag.py
[2023-12-22 20:58:54,671] {processor.py:642} INFO - Processing file /home/airflow/.local/lib/python3.6/site-packages/airflow/example_dags/example_trigger_target_dag.py for tasks to queue
[2023-12-22 20:58:54,675] {logging_mixin.py:109} INFO - [2023-12-22 20:58:54,674] {dagbag.py:500} INFO - Filling up the DagBag from /home/airflow/.local/lib/python3.6/site-packages/airflow/example_dags/example_trigger_target_dag.py
[2023-12-22 20:58:54,743] {processor.py:652} INFO - DAG(s) dict_keys(['example_trigger_target_dag']) retrieved from /home/airflow/.local/lib/python3.6/site-packages/airflow/example_dags/example_trigger_target_dag.py
[2023-12-22 20:58:54,800] {logging_mixin.py:109} INFO - [2023-12-22 20:58:54,799] {dag.py:2398} INFO - Sync 1 DAGs
[2023-12-22 20:58:54,853] {logging_mixin.py:109} INFO - [2023-12-22 20:58:54,852] {dag.py:2937} INFO - Setting next_dagrun for example_trigger_target_dag to None
[2023-12-22 20:58:54,881] {processor.py:171} INFO - Processing /home/airflow/.local/lib/python3.6/site-packages/airflow/example_dags/example_trigger_target_dag.py took 0.228 seconds
[2023-12-22 20:59:25,105] {processor.py:163} INFO - Started process (PID=2580) to work on /home/airflow/.local/lib/python3.6/site-packages/airflow/example_dags/example_trigger_target_dag.py
[2023-12-22 20:59:25,106] {processor.py:642} INFO - Processing file /home/airflow/.local/lib/python3.6/site-packages/airflow/example_dags/example_trigger_target_dag.py for tasks to queue
[2023-12-22 20:59:25,107] {logging_mixin.py:109} INFO - [2023-12-22 20:59:25,107] {dagbag.py:500} INFO - Filling up the DagBag from /home/airflow/.local/lib/python3.6/site-packages/airflow/example_dags/example_trigger_target_dag.py
[2023-12-22 20:59:25,133] {processor.py:652} INFO - DAG(s) dict_keys(['example_trigger_target_dag']) retrieved from /home/airflow/.local/lib/python3.6/site-packages/airflow/example_dags/example_trigger_target_dag.py
[2023-12-22 20:59:25,161] {logging_mixin.py:109} INFO - [2023-12-22 20:59:25,161] {dag.py:2398} INFO - Sync 1 DAGs
[2023-12-22 20:59:25,181] {logging_mixin.py:109} INFO - [2023-12-22 20:59:25,181] {dag.py:2937} INFO - Setting next_dagrun for example_trigger_target_dag to None
[2023-12-22 20:59:25,197] {processor.py:171} INFO - Processing /home/airflow/.local/lib/python3.6/site-packages/airflow/example_dags/example_trigger_target_dag.py took 0.096 seconds
[2023-12-22 20:59:55,908] {processor.py:163} INFO - Started process (PID=2644) to work on /home/airflow/.local/lib/python3.6/site-packages/airflow/example_dags/example_trigger_target_dag.py
[2023-12-22 20:59:55,913] {processor.py:642} INFO - Processing file /home/airflow/.local/lib/python3.6/site-packages/airflow/example_dags/example_trigger_target_dag.py for tasks to queue
[2023-12-22 20:59:55,914] {logging_mixin.py:109} INFO - [2023-12-22 20:59:55,914] {dagbag.py:500} INFO - Filling up the DagBag from /home/airflow/.local/lib/python3.6/site-packages/airflow/example_dags/example_trigger_target_dag.py
[2023-12-22 20:59:55,989] {processor.py:652} INFO - DAG(s) dict_keys(['example_trigger_target_dag']) retrieved from /home/airflow/.local/lib/python3.6/site-packages/airflow/example_dags/example_trigger_target_dag.py
[2023-12-22 20:59:56,080] {logging_mixin.py:109} INFO - [2023-12-22 20:59:56,080] {dag.py:2398} INFO - Sync 1 DAGs
[2023-12-22 20:59:56,136] {logging_mixin.py:109} INFO - [2023-12-22 20:59:56,135] {dag.py:2937} INFO - Setting next_dagrun for example_trigger_target_dag to None
[2023-12-22 20:59:56,175] {processor.py:171} INFO - Processing /home/airflow/.local/lib/python3.6/site-packages/airflow/example_dags/example_trigger_target_dag.py took 0.274 seconds
[2023-12-22 21:00:26,310] {processor.py:163} INFO - Started process (PID=2715) to work on /home/airflow/.local/lib/python3.6/site-packages/airflow/example_dags/example_trigger_target_dag.py
[2023-12-22 21:00:26,314] {processor.py:642} INFO - Processing file /home/airflow/.local/lib/python3.6/site-packages/airflow/example_dags/example_trigger_target_dag.py for tasks to queue
[2023-12-22 21:00:26,315] {logging_mixin.py:109} INFO - [2023-12-22 21:00:26,315] {dagbag.py:500} INFO - Filling up the DagBag from /home/airflow/.local/lib/python3.6/site-packages/airflow/example_dags/example_trigger_target_dag.py
[2023-12-22 21:00:26,383] {processor.py:652} INFO - DAG(s) dict_keys(['example_trigger_target_dag']) retrieved from /home/airflow/.local/lib/python3.6/site-packages/airflow/example_dags/example_trigger_target_dag.py
[2023-12-22 21:00:26,473] {logging_mixin.py:109} INFO - [2023-12-22 21:00:26,473] {dag.py:2398} INFO - Sync 1 DAGs
[2023-12-22 21:00:26,540] {logging_mixin.py:109} INFO - [2023-12-22 21:00:26,540] {dag.py:2937} INFO - Setting next_dagrun for example_trigger_target_dag to None
[2023-12-22 21:00:26,604] {processor.py:171} INFO - Processing /home/airflow/.local/lib/python3.6/site-packages/airflow/example_dags/example_trigger_target_dag.py took 0.300 seconds
[2023-12-22 21:00:57,168] {processor.py:163} INFO - Started process (PID=2779) to work on /home/airflow/.local/lib/python3.6/site-packages/airflow/example_dags/example_trigger_target_dag.py
[2023-12-22 21:00:57,171] {processor.py:642} INFO - Processing file /home/airflow/.local/lib/python3.6/site-packages/airflow/example_dags/example_trigger_target_dag.py for tasks to queue
[2023-12-22 21:00:57,174] {logging_mixin.py:109} INFO - [2023-12-22 21:00:57,174] {dagbag.py:500} INFO - Filling up the DagBag from /home/airflow/.local/lib/python3.6/site-packages/airflow/example_dags/example_trigger_target_dag.py
[2023-12-22 21:00:57,236] {processor.py:652} INFO - DAG(s) dict_keys(['example_trigger_target_dag']) retrieved from /home/airflow/.local/lib/python3.6/site-packages/airflow/example_dags/example_trigger_target_dag.py
[2023-12-22 21:00:57,278] {logging_mixin.py:109} INFO - [2023-12-22 21:00:57,278] {dag.py:2398} INFO - Sync 1 DAGs
[2023-12-22 21:00:57,329] {logging_mixin.py:109} INFO - [2023-12-22 21:00:57,329] {dag.py:2937} INFO - Setting next_dagrun for example_trigger_target_dag to None
[2023-12-22 21:00:57,346] {processor.py:171} INFO - Processing /home/airflow/.local/lib/python3.6/site-packages/airflow/example_dags/example_trigger_target_dag.py took 0.183 seconds
[2023-12-22 21:01:28,247] {processor.py:163} INFO - Started process (PID=2846) to work on /home/airflow/.local/lib/python3.6/site-packages/airflow/example_dags/example_trigger_target_dag.py
[2023-12-22 21:01:28,249] {processor.py:642} INFO - Processing file /home/airflow/.local/lib/python3.6/site-packages/airflow/example_dags/example_trigger_target_dag.py for tasks to queue
[2023-12-22 21:01:28,250] {logging_mixin.py:109} INFO - [2023-12-22 21:01:28,249] {dagbag.py:500} INFO - Filling up the DagBag from /home/airflow/.local/lib/python3.6/site-packages/airflow/example_dags/example_trigger_target_dag.py
[2023-12-22 21:01:28,265] {processor.py:652} INFO - DAG(s) dict_keys(['example_trigger_target_dag']) retrieved from /home/airflow/.local/lib/python3.6/site-packages/airflow/example_dags/example_trigger_target_dag.py
[2023-12-22 21:01:28,283] {logging_mixin.py:109} INFO - [2023-12-22 21:01:28,283] {dag.py:2398} INFO - Sync 1 DAGs
[2023-12-22 21:01:28,298] {logging_mixin.py:109} INFO - [2023-12-22 21:01:28,298] {dag.py:2937} INFO - Setting next_dagrun for example_trigger_target_dag to None
[2023-12-22 21:01:28,308] {processor.py:171} INFO - Processing /home/airflow/.local/lib/python3.6/site-packages/airflow/example_dags/example_trigger_target_dag.py took 0.064 seconds
[2023-12-22 21:01:59,234] {processor.py:163} INFO - Started process (PID=2910) to work on /home/airflow/.local/lib/python3.6/site-packages/airflow/example_dags/example_trigger_target_dag.py
[2023-12-22 21:01:59,237] {processor.py:642} INFO - Processing file /home/airflow/.local/lib/python3.6/site-packages/airflow/example_dags/example_trigger_target_dag.py for tasks to queue
[2023-12-22 21:01:59,238] {logging_mixin.py:109} INFO - [2023-12-22 21:01:59,238] {dagbag.py:500} INFO - Filling up the DagBag from /home/airflow/.local/lib/python3.6/site-packages/airflow/example_dags/example_trigger_target_dag.py
[2023-12-22 21:01:59,257] {processor.py:652} INFO - DAG(s) dict_keys(['example_trigger_target_dag']) retrieved from /home/airflow/.local/lib/python3.6/site-packages/airflow/example_dags/example_trigger_target_dag.py
[2023-12-22 21:01:59,280] {logging_mixin.py:109} INFO - [2023-12-22 21:01:59,280] {dag.py:2398} INFO - Sync 1 DAGs
[2023-12-22 21:01:59,297] {logging_mixin.py:109} INFO - [2023-12-22 21:01:59,297] {dag.py:2937} INFO - Setting next_dagrun for example_trigger_target_dag to None
[2023-12-22 21:01:59,317] {processor.py:171} INFO - Processing /home/airflow/.local/lib/python3.6/site-packages/airflow/example_dags/example_trigger_target_dag.py took 0.086 seconds
[2023-12-22 21:02:29,503] {processor.py:163} INFO - Started process (PID=2985) to work on /home/airflow/.local/lib/python3.6/site-packages/airflow/example_dags/example_trigger_target_dag.py
[2023-12-22 21:02:29,504] {processor.py:642} INFO - Processing file /home/airflow/.local/lib/python3.6/site-packages/airflow/example_dags/example_trigger_target_dag.py for tasks to queue
[2023-12-22 21:02:29,505] {logging_mixin.py:109} INFO - [2023-12-22 21:02:29,505] {dagbag.py:500} INFO - Filling up the DagBag from /home/airflow/.local/lib/python3.6/site-packages/airflow/example_dags/example_trigger_target_dag.py
[2023-12-22 21:02:29,525] {processor.py:652} INFO - DAG(s) dict_keys(['example_trigger_target_dag']) retrieved from /home/airflow/.local/lib/python3.6/site-packages/airflow/example_dags/example_trigger_target_dag.py
[2023-12-22 21:02:29,543] {logging_mixin.py:109} INFO - [2023-12-22 21:02:29,543] {dag.py:2398} INFO - Sync 1 DAGs
[2023-12-22 21:02:29,559] {logging_mixin.py:109} INFO - [2023-12-22 21:02:29,559] {dag.py:2937} INFO - Setting next_dagrun for example_trigger_target_dag to None
[2023-12-22 21:02:29,568] {processor.py:171} INFO - Processing /home/airflow/.local/lib/python3.6/site-packages/airflow/example_dags/example_trigger_target_dag.py took 0.068 seconds
[2023-12-22 21:03:00,119] {processor.py:163} INFO - Started process (PID=3049) to work on /home/airflow/.local/lib/python3.6/site-packages/airflow/example_dags/example_trigger_target_dag.py
[2023-12-22 21:03:00,121] {processor.py:642} INFO - Processing file /home/airflow/.local/lib/python3.6/site-packages/airflow/example_dags/example_trigger_target_dag.py for tasks to queue
[2023-12-22 21:03:00,122] {logging_mixin.py:109} INFO - [2023-12-22 21:03:00,122] {dagbag.py:500} INFO - Filling up the DagBag from /home/airflow/.local/lib/python3.6/site-packages/airflow/example_dags/example_trigger_target_dag.py
[2023-12-22 21:03:00,135] {processor.py:652} INFO - DAG(s) dict_keys(['example_trigger_target_dag']) retrieved from /home/airflow/.local/lib/python3.6/site-packages/airflow/example_dags/example_trigger_target_dag.py
[2023-12-22 21:03:00,154] {logging_mixin.py:109} INFO - [2023-12-22 21:03:00,154] {dag.py:2398} INFO - Sync 1 DAGs
[2023-12-22 21:03:00,168] {logging_mixin.py:109} INFO - [2023-12-22 21:03:00,168] {dag.py:2937} INFO - Setting next_dagrun for example_trigger_target_dag to None
[2023-12-22 21:03:00,175] {processor.py:171} INFO - Processing /home/airflow/.local/lib/python3.6/site-packages/airflow/example_dags/example_trigger_target_dag.py took 0.059 seconds
[2023-12-22 21:03:30,248] {processor.py:163} INFO - Started process (PID=3123) to work on /home/airflow/.local/lib/python3.6/site-packages/airflow/example_dags/example_trigger_target_dag.py
[2023-12-22 21:03:30,249] {processor.py:642} INFO - Processing file /home/airflow/.local/lib/python3.6/site-packages/airflow/example_dags/example_trigger_target_dag.py for tasks to queue
[2023-12-22 21:03:30,249] {logging_mixin.py:109} INFO - [2023-12-22 21:03:30,249] {dagbag.py:500} INFO - Filling up the DagBag from /home/airflow/.local/lib/python3.6/site-packages/airflow/example_dags/example_trigger_target_dag.py
[2023-12-22 21:03:30,264] {processor.py:652} INFO - DAG(s) dict_keys(['example_trigger_target_dag']) retrieved from /home/airflow/.local/lib/python3.6/site-packages/airflow/example_dags/example_trigger_target_dag.py
[2023-12-22 21:03:30,284] {logging_mixin.py:109} INFO - [2023-12-22 21:03:30,284] {dag.py:2398} INFO - Sync 1 DAGs
[2023-12-22 21:03:30,300] {logging_mixin.py:109} INFO - [2023-12-22 21:03:30,300] {dag.py:2937} INFO - Setting next_dagrun for example_trigger_target_dag to None
[2023-12-22 21:03:30,312] {processor.py:171} INFO - Processing /home/airflow/.local/lib/python3.6/site-packages/airflow/example_dags/example_trigger_target_dag.py took 0.068 seconds
[2023-12-22 21:04:00,528] {processor.py:163} INFO - Started process (PID=3175) to work on /home/airflow/.local/lib/python3.6/site-packages/airflow/example_dags/example_trigger_target_dag.py
[2023-12-22 21:04:00,530] {processor.py:642} INFO - Processing file /home/airflow/.local/lib/python3.6/site-packages/airflow/example_dags/example_trigger_target_dag.py for tasks to queue
[2023-12-22 21:04:00,531] {logging_mixin.py:109} INFO - [2023-12-22 21:04:00,530] {dagbag.py:500} INFO - Filling up the DagBag from /home/airflow/.local/lib/python3.6/site-packages/airflow/example_dags/example_trigger_target_dag.py
[2023-12-22 21:04:00,549] {processor.py:652} INFO - DAG(s) dict_keys(['example_trigger_target_dag']) retrieved from /home/airflow/.local/lib/python3.6/site-packages/airflow/example_dags/example_trigger_target_dag.py
[2023-12-22 21:04:00,570] {logging_mixin.py:109} INFO - [2023-12-22 21:04:00,570] {dag.py:2398} INFO - Sync 1 DAGs
[2023-12-22 21:04:00,588] {logging_mixin.py:109} INFO - [2023-12-22 21:04:00,588] {dag.py:2937} INFO - Setting next_dagrun for example_trigger_target_dag to None
[2023-12-22 21:04:00,618] {processor.py:171} INFO - Processing /home/airflow/.local/lib/python3.6/site-packages/airflow/example_dags/example_trigger_target_dag.py took 0.093 seconds
[2023-12-22 21:04:30,735] {processor.py:163} INFO - Started process (PID=3248) to work on /home/airflow/.local/lib/python3.6/site-packages/airflow/example_dags/example_trigger_target_dag.py
[2023-12-22 21:04:30,736] {processor.py:642} INFO - Processing file /home/airflow/.local/lib/python3.6/site-packages/airflow/example_dags/example_trigger_target_dag.py for tasks to queue
[2023-12-22 21:04:30,737] {logging_mixin.py:109} INFO - [2023-12-22 21:04:30,737] {dagbag.py:500} INFO - Filling up the DagBag from /home/airflow/.local/lib/python3.6/site-packages/airflow/example_dags/example_trigger_target_dag.py
[2023-12-22 21:04:30,753] {processor.py:652} INFO - DAG(s) dict_keys(['example_trigger_target_dag']) retrieved from /home/airflow/.local/lib/python3.6/site-packages/airflow/example_dags/example_trigger_target_dag.py
[2023-12-22 21:04:30,770] {logging_mixin.py:109} INFO - [2023-12-22 21:04:30,770] {dag.py:2398} INFO - Sync 1 DAGs
[2023-12-22 21:04:30,786] {logging_mixin.py:109} INFO - [2023-12-22 21:04:30,786] {dag.py:2937} INFO - Setting next_dagrun for example_trigger_target_dag to None
[2023-12-22 21:04:30,795] {processor.py:171} INFO - Processing /home/airflow/.local/lib/python3.6/site-packages/airflow/example_dags/example_trigger_target_dag.py took 0.062 seconds
[2023-12-22 21:05:01,046] {processor.py:163} INFO - Started process (PID=3319) to work on /home/airflow/.local/lib/python3.6/site-packages/airflow/example_dags/example_trigger_target_dag.py
[2023-12-22 21:05:01,048] {processor.py:642} INFO - Processing file /home/airflow/.local/lib/python3.6/site-packages/airflow/example_dags/example_trigger_target_dag.py for tasks to queue
[2023-12-22 21:05:01,048] {logging_mixin.py:109} INFO - [2023-12-22 21:05:01,048] {dagbag.py:500} INFO - Filling up the DagBag from /home/airflow/.local/lib/python3.6/site-packages/airflow/example_dags/example_trigger_target_dag.py
[2023-12-22 21:05:01,069] {processor.py:652} INFO - DAG(s) dict_keys(['example_trigger_target_dag']) retrieved from /home/airflow/.local/lib/python3.6/site-packages/airflow/example_dags/example_trigger_target_dag.py
[2023-12-22 21:05:01,088] {logging_mixin.py:109} INFO - [2023-12-22 21:05:01,088] {dag.py:2398} INFO - Sync 1 DAGs
[2023-12-22 21:05:01,103] {logging_mixin.py:109} INFO - [2023-12-22 21:05:01,103] {dag.py:2937} INFO - Setting next_dagrun for example_trigger_target_dag to None
[2023-12-22 21:05:01,136] {processor.py:171} INFO - Processing /home/airflow/.local/lib/python3.6/site-packages/airflow/example_dags/example_trigger_target_dag.py took 0.092 seconds
[2023-12-22 21:05:31,399] {processor.py:163} INFO - Started process (PID=3386) to work on /home/airflow/.local/lib/python3.6/site-packages/airflow/example_dags/example_trigger_target_dag.py
[2023-12-22 21:05:31,400] {processor.py:642} INFO - Processing file /home/airflow/.local/lib/python3.6/site-packages/airflow/example_dags/example_trigger_target_dag.py for tasks to queue
[2023-12-22 21:05:31,401] {logging_mixin.py:109} INFO - [2023-12-22 21:05:31,401] {dagbag.py:500} INFO - Filling up the DagBag from /home/airflow/.local/lib/python3.6/site-packages/airflow/example_dags/example_trigger_target_dag.py
[2023-12-22 21:05:31,415] {processor.py:652} INFO - DAG(s) dict_keys(['example_trigger_target_dag']) retrieved from /home/airflow/.local/lib/python3.6/site-packages/airflow/example_dags/example_trigger_target_dag.py
[2023-12-22 21:05:31,440] {logging_mixin.py:109} INFO - [2023-12-22 21:05:31,440] {dag.py:2398} INFO - Sync 1 DAGs
[2023-12-22 21:05:31,459] {logging_mixin.py:109} INFO - [2023-12-22 21:05:31,458] {dag.py:2937} INFO - Setting next_dagrun for example_trigger_target_dag to None
[2023-12-22 21:05:31,493] {processor.py:171} INFO - Processing /home/airflow/.local/lib/python3.6/site-packages/airflow/example_dags/example_trigger_target_dag.py took 0.098 seconds
[2023-12-22 21:06:01,736] {processor.py:163} INFO - Started process (PID=3460) to work on /home/airflow/.local/lib/python3.6/site-packages/airflow/example_dags/example_trigger_target_dag.py
[2023-12-22 21:06:01,737] {processor.py:642} INFO - Processing file /home/airflow/.local/lib/python3.6/site-packages/airflow/example_dags/example_trigger_target_dag.py for tasks to queue
[2023-12-22 21:06:01,737] {logging_mixin.py:109} INFO - [2023-12-22 21:06:01,737] {dagbag.py:500} INFO - Filling up the DagBag from /home/airflow/.local/lib/python3.6/site-packages/airflow/example_dags/example_trigger_target_dag.py
[2023-12-22 21:06:01,754] {processor.py:652} INFO - DAG(s) dict_keys(['example_trigger_target_dag']) retrieved from /home/airflow/.local/lib/python3.6/site-packages/airflow/example_dags/example_trigger_target_dag.py
[2023-12-22 21:06:01,770] {logging_mixin.py:109} INFO - [2023-12-22 21:06:01,770] {dag.py:2398} INFO - Sync 1 DAGs
[2023-12-22 21:06:01,786] {logging_mixin.py:109} INFO - [2023-12-22 21:06:01,786] {dag.py:2937} INFO - Setting next_dagrun for example_trigger_target_dag to None
[2023-12-22 21:06:01,794] {processor.py:171} INFO - Processing /home/airflow/.local/lib/python3.6/site-packages/airflow/example_dags/example_trigger_target_dag.py took 0.061 seconds
[2023-12-22 21:06:31,937] {processor.py:163} INFO - Started process (PID=3524) to work on /home/airflow/.local/lib/python3.6/site-packages/airflow/example_dags/example_trigger_target_dag.py
[2023-12-22 21:06:31,938] {processor.py:642} INFO - Processing file /home/airflow/.local/lib/python3.6/site-packages/airflow/example_dags/example_trigger_target_dag.py for tasks to queue
[2023-12-22 21:06:31,939] {logging_mixin.py:109} INFO - [2023-12-22 21:06:31,939] {dagbag.py:500} INFO - Filling up the DagBag from /home/airflow/.local/lib/python3.6/site-packages/airflow/example_dags/example_trigger_target_dag.py
[2023-12-22 21:06:31,952] {processor.py:652} INFO - DAG(s) dict_keys(['example_trigger_target_dag']) retrieved from /home/airflow/.local/lib/python3.6/site-packages/airflow/example_dags/example_trigger_target_dag.py
[2023-12-22 21:06:31,966] {logging_mixin.py:109} INFO - [2023-12-22 21:06:31,966] {dag.py:2398} INFO - Sync 1 DAGs
[2023-12-22 21:06:31,979] {logging_mixin.py:109} INFO - [2023-12-22 21:06:31,979] {dag.py:2937} INFO - Setting next_dagrun for example_trigger_target_dag to None
[2023-12-22 21:06:32,006] {processor.py:171} INFO - Processing /home/airflow/.local/lib/python3.6/site-packages/airflow/example_dags/example_trigger_target_dag.py took 0.072 seconds
[2023-12-22 21:07:02,128] {processor.py:163} INFO - Started process (PID=3598) to work on /home/airflow/.local/lib/python3.6/site-packages/airflow/example_dags/example_trigger_target_dag.py
[2023-12-22 21:07:02,129] {processor.py:642} INFO - Processing file /home/airflow/.local/lib/python3.6/site-packages/airflow/example_dags/example_trigger_target_dag.py for tasks to queue
[2023-12-22 21:07:02,130] {logging_mixin.py:109} INFO - [2023-12-22 21:07:02,130] {dagbag.py:500} INFO - Filling up the DagBag from /home/airflow/.local/lib/python3.6/site-packages/airflow/example_dags/example_trigger_target_dag.py
[2023-12-22 21:07:02,146] {processor.py:652} INFO - DAG(s) dict_keys(['example_trigger_target_dag']) retrieved from /home/airflow/.local/lib/python3.6/site-packages/airflow/example_dags/example_trigger_target_dag.py
[2023-12-22 21:07:02,164] {logging_mixin.py:109} INFO - [2023-12-22 21:07:02,164] {dag.py:2398} INFO - Sync 1 DAGs
[2023-12-22 21:07:02,180] {logging_mixin.py:109} INFO - [2023-12-22 21:07:02,180] {dag.py:2937} INFO - Setting next_dagrun for example_trigger_target_dag to None
[2023-12-22 21:07:02,190] {processor.py:171} INFO - Processing /home/airflow/.local/lib/python3.6/site-packages/airflow/example_dags/example_trigger_target_dag.py took 0.064 seconds
[2023-12-22 21:07:32,334] {processor.py:163} INFO - Started process (PID=3662) to work on /home/airflow/.local/lib/python3.6/site-packages/airflow/example_dags/example_trigger_target_dag.py
[2023-12-22 21:07:32,335] {processor.py:642} INFO - Processing file /home/airflow/.local/lib/python3.6/site-packages/airflow/example_dags/example_trigger_target_dag.py for tasks to queue
[2023-12-22 21:07:32,335] {logging_mixin.py:109} INFO - [2023-12-22 21:07:32,335] {dagbag.py:500} INFO - Filling up the DagBag from /home/airflow/.local/lib/python3.6/site-packages/airflow/example_dags/example_trigger_target_dag.py
[2023-12-22 21:07:32,350] {processor.py:652} INFO - DAG(s) dict_keys(['example_trigger_target_dag']) retrieved from /home/airflow/.local/lib/python3.6/site-packages/airflow/example_dags/example_trigger_target_dag.py
[2023-12-22 21:07:32,368] {logging_mixin.py:109} INFO - [2023-12-22 21:07:32,368] {dag.py:2398} INFO - Sync 1 DAGs
[2023-12-22 21:07:32,384] {logging_mixin.py:109} INFO - [2023-12-22 21:07:32,383] {dag.py:2937} INFO - Setting next_dagrun for example_trigger_target_dag to None
[2023-12-22 21:07:32,414] {processor.py:171} INFO - Processing /home/airflow/.local/lib/python3.6/site-packages/airflow/example_dags/example_trigger_target_dag.py took 0.083 seconds
[2023-12-22 21:08:02,507] {processor.py:163} INFO - Started process (PID=3737) to work on /home/airflow/.local/lib/python3.6/site-packages/airflow/example_dags/example_trigger_target_dag.py
[2023-12-22 21:08:02,509] {processor.py:642} INFO - Processing file /home/airflow/.local/lib/python3.6/site-packages/airflow/example_dags/example_trigger_target_dag.py for tasks to queue
[2023-12-22 21:08:02,510] {logging_mixin.py:109} INFO - [2023-12-22 21:08:02,510] {dagbag.py:500} INFO - Filling up the DagBag from /home/airflow/.local/lib/python3.6/site-packages/airflow/example_dags/example_trigger_target_dag.py
[2023-12-22 21:08:02,526] {processor.py:652} INFO - DAG(s) dict_keys(['example_trigger_target_dag']) retrieved from /home/airflow/.local/lib/python3.6/site-packages/airflow/example_dags/example_trigger_target_dag.py
[2023-12-22 21:08:02,545] {logging_mixin.py:109} INFO - [2023-12-22 21:08:02,545] {dag.py:2398} INFO - Sync 1 DAGs
[2023-12-22 21:08:02,561] {logging_mixin.py:109} INFO - [2023-12-22 21:08:02,561] {dag.py:2937} INFO - Setting next_dagrun for example_trigger_target_dag to None
[2023-12-22 21:08:02,594] {processor.py:171} INFO - Processing /home/airflow/.local/lib/python3.6/site-packages/airflow/example_dags/example_trigger_target_dag.py took 0.089 seconds
[2023-12-22 21:08:33,206] {processor.py:163} INFO - Started process (PID=3801) to work on /home/airflow/.local/lib/python3.6/site-packages/airflow/example_dags/example_trigger_target_dag.py
[2023-12-22 21:08:33,208] {processor.py:642} INFO - Processing file /home/airflow/.local/lib/python3.6/site-packages/airflow/example_dags/example_trigger_target_dag.py for tasks to queue
[2023-12-22 21:08:33,209] {logging_mixin.py:109} INFO - [2023-12-22 21:08:33,209] {dagbag.py:500} INFO - Filling up the DagBag from /home/airflow/.local/lib/python3.6/site-packages/airflow/example_dags/example_trigger_target_dag.py
[2023-12-22 21:08:33,226] {processor.py:652} INFO - DAG(s) dict_keys(['example_trigger_target_dag']) retrieved from /home/airflow/.local/lib/python3.6/site-packages/airflow/example_dags/example_trigger_target_dag.py
[2023-12-22 21:08:33,244] {logging_mixin.py:109} INFO - [2023-12-22 21:08:33,244] {dag.py:2398} INFO - Sync 1 DAGs
[2023-12-22 21:08:33,261] {logging_mixin.py:109} INFO - [2023-12-22 21:08:33,261] {dag.py:2937} INFO - Setting next_dagrun for example_trigger_target_dag to None
[2023-12-22 21:08:33,296] {processor.py:171} INFO - Processing /home/airflow/.local/lib/python3.6/site-packages/airflow/example_dags/example_trigger_target_dag.py took 0.093 seconds
[2023-12-22 21:09:03,869] {processor.py:163} INFO - Started process (PID=3874) to work on /home/airflow/.local/lib/python3.6/site-packages/airflow/example_dags/example_trigger_target_dag.py
[2023-12-22 21:09:03,870] {processor.py:642} INFO - Processing file /home/airflow/.local/lib/python3.6/site-packages/airflow/example_dags/example_trigger_target_dag.py for tasks to queue
[2023-12-22 21:09:03,871] {logging_mixin.py:109} INFO - [2023-12-22 21:09:03,871] {dagbag.py:500} INFO - Filling up the DagBag from /home/airflow/.local/lib/python3.6/site-packages/airflow/example_dags/example_trigger_target_dag.py
[2023-12-22 21:09:03,885] {processor.py:652} INFO - DAG(s) dict_keys(['example_trigger_target_dag']) retrieved from /home/airflow/.local/lib/python3.6/site-packages/airflow/example_dags/example_trigger_target_dag.py
[2023-12-22 21:09:03,904] {logging_mixin.py:109} INFO - [2023-12-22 21:09:03,904] {dag.py:2398} INFO - Sync 1 DAGs
[2023-12-22 21:09:03,919] {logging_mixin.py:109} INFO - [2023-12-22 21:09:03,919] {dag.py:2937} INFO - Setting next_dagrun for example_trigger_target_dag to None
[2023-12-22 21:09:03,954] {processor.py:171} INFO - Processing /home/airflow/.local/lib/python3.6/site-packages/airflow/example_dags/example_trigger_target_dag.py took 0.087 seconds
[2023-12-22 21:09:34,104] {processor.py:163} INFO - Started process (PID=3938) to work on /home/airflow/.local/lib/python3.6/site-packages/airflow/example_dags/example_trigger_target_dag.py
[2023-12-22 21:09:34,105] {processor.py:642} INFO - Processing file /home/airflow/.local/lib/python3.6/site-packages/airflow/example_dags/example_trigger_target_dag.py for tasks to queue
[2023-12-22 21:09:34,105] {logging_mixin.py:109} INFO - [2023-12-22 21:09:34,105] {dagbag.py:500} INFO - Filling up the DagBag from /home/airflow/.local/lib/python3.6/site-packages/airflow/example_dags/example_trigger_target_dag.py
[2023-12-22 21:09:34,123] {processor.py:652} INFO - DAG(s) dict_keys(['example_trigger_target_dag']) retrieved from /home/airflow/.local/lib/python3.6/site-packages/airflow/example_dags/example_trigger_target_dag.py
[2023-12-22 21:09:34,141] {logging_mixin.py:109} INFO - [2023-12-22 21:09:34,141] {dag.py:2398} INFO - Sync 1 DAGs
[2023-12-22 21:09:34,158] {logging_mixin.py:109} INFO - [2023-12-22 21:09:34,158] {dag.py:2937} INFO - Setting next_dagrun for example_trigger_target_dag to None
[2023-12-22 21:09:34,195] {processor.py:171} INFO - Processing /home/airflow/.local/lib/python3.6/site-packages/airflow/example_dags/example_trigger_target_dag.py took 0.094 seconds
[2023-12-22 21:10:04,869] {processor.py:163} INFO - Started process (PID=4011) to work on /home/airflow/.local/lib/python3.6/site-packages/airflow/example_dags/example_trigger_target_dag.py
[2023-12-22 21:10:04,870] {processor.py:642} INFO - Processing file /home/airflow/.local/lib/python3.6/site-packages/airflow/example_dags/example_trigger_target_dag.py for tasks to queue
[2023-12-22 21:10:04,871] {logging_mixin.py:109} INFO - [2023-12-22 21:10:04,871] {dagbag.py:500} INFO - Filling up the DagBag from /home/airflow/.local/lib/python3.6/site-packages/airflow/example_dags/example_trigger_target_dag.py
[2023-12-22 21:10:04,889] {processor.py:652} INFO - DAG(s) dict_keys(['example_trigger_target_dag']) retrieved from /home/airflow/.local/lib/python3.6/site-packages/airflow/example_dags/example_trigger_target_dag.py
[2023-12-22 21:10:04,910] {logging_mixin.py:109} INFO - [2023-12-22 21:10:04,910] {dag.py:2398} INFO - Sync 1 DAGs
[2023-12-22 21:10:04,926] {logging_mixin.py:109} INFO - [2023-12-22 21:10:04,926] {dag.py:2937} INFO - Setting next_dagrun for example_trigger_target_dag to None
[2023-12-22 21:10:04,958] {processor.py:171} INFO - Processing /home/airflow/.local/lib/python3.6/site-packages/airflow/example_dags/example_trigger_target_dag.py took 0.091 seconds
[2023-12-22 21:10:35,042] {processor.py:163} INFO - Started process (PID=4076) to work on /home/airflow/.local/lib/python3.6/site-packages/airflow/example_dags/example_trigger_target_dag.py
[2023-12-22 21:10:35,044] {processor.py:642} INFO - Processing file /home/airflow/.local/lib/python3.6/site-packages/airflow/example_dags/example_trigger_target_dag.py for tasks to queue
[2023-12-22 21:10:35,045] {logging_mixin.py:109} INFO - [2023-12-22 21:10:35,045] {dagbag.py:500} INFO - Filling up the DagBag from /home/airflow/.local/lib/python3.6/site-packages/airflow/example_dags/example_trigger_target_dag.py
[2023-12-22 21:10:35,061] {processor.py:652} INFO - DAG(s) dict_keys(['example_trigger_target_dag']) retrieved from /home/airflow/.local/lib/python3.6/site-packages/airflow/example_dags/example_trigger_target_dag.py
[2023-12-22 21:10:35,081] {logging_mixin.py:109} INFO - [2023-12-22 21:10:35,081] {dag.py:2398} INFO - Sync 1 DAGs
[2023-12-22 21:10:35,099] {logging_mixin.py:109} INFO - [2023-12-22 21:10:35,099] {dag.py:2937} INFO - Setting next_dagrun for example_trigger_target_dag to None
[2023-12-22 21:10:35,137] {processor.py:171} INFO - Processing /home/airflow/.local/lib/python3.6/site-packages/airflow/example_dags/example_trigger_target_dag.py took 0.097 seconds
[2023-12-22 21:11:05,950] {processor.py:163} INFO - Started process (PID=4151) to work on /home/airflow/.local/lib/python3.6/site-packages/airflow/example_dags/example_trigger_target_dag.py
[2023-12-22 21:11:05,951] {processor.py:642} INFO - Processing file /home/airflow/.local/lib/python3.6/site-packages/airflow/example_dags/example_trigger_target_dag.py for tasks to queue
[2023-12-22 21:11:05,952] {logging_mixin.py:109} INFO - [2023-12-22 21:11:05,952] {dagbag.py:500} INFO - Filling up the DagBag from /home/airflow/.local/lib/python3.6/site-packages/airflow/example_dags/example_trigger_target_dag.py
[2023-12-22 21:11:05,974] {processor.py:652} INFO - DAG(s) dict_keys(['example_trigger_target_dag']) retrieved from /home/airflow/.local/lib/python3.6/site-packages/airflow/example_dags/example_trigger_target_dag.py
[2023-12-22 21:11:05,994] {logging_mixin.py:109} INFO - [2023-12-22 21:11:05,994] {dag.py:2398} INFO - Sync 1 DAGs
[2023-12-22 21:11:06,019] {logging_mixin.py:109} INFO - [2023-12-22 21:11:06,019] {dag.py:2937} INFO - Setting next_dagrun for example_trigger_target_dag to None
[2023-12-22 21:11:06,057] {processor.py:171} INFO - Processing /home/airflow/.local/lib/python3.6/site-packages/airflow/example_dags/example_trigger_target_dag.py took 0.111 seconds
[2023-12-22 21:11:36,482] {processor.py:163} INFO - Started process (PID=4225) to work on /home/airflow/.local/lib/python3.6/site-packages/airflow/example_dags/example_trigger_target_dag.py
[2023-12-22 21:11:36,484] {processor.py:642} INFO - Processing file /home/airflow/.local/lib/python3.6/site-packages/airflow/example_dags/example_trigger_target_dag.py for tasks to queue
[2023-12-22 21:11:36,484] {logging_mixin.py:109} INFO - [2023-12-22 21:11:36,484] {dagbag.py:500} INFO - Filling up the DagBag from /home/airflow/.local/lib/python3.6/site-packages/airflow/example_dags/example_trigger_target_dag.py
[2023-12-22 21:11:36,504] {processor.py:652} INFO - DAG(s) dict_keys(['example_trigger_target_dag']) retrieved from /home/airflow/.local/lib/python3.6/site-packages/airflow/example_dags/example_trigger_target_dag.py
[2023-12-22 21:11:36,597] {logging_mixin.py:109} INFO - [2023-12-22 21:11:36,597] {dag.py:2398} INFO - Sync 1 DAGs
[2023-12-22 21:11:36,660] {logging_mixin.py:109} INFO - [2023-12-22 21:11:36,660] {dag.py:2937} INFO - Setting next_dagrun for example_trigger_target_dag to None
[2023-12-22 21:11:36,674] {processor.py:171} INFO - Processing /home/airflow/.local/lib/python3.6/site-packages/airflow/example_dags/example_trigger_target_dag.py took 0.196 seconds
