[2023-12-22 20:40:28,347] {processor.py:163} INFO - Started process (PID=71) to work on /home/airflow/.local/lib/python3.6/site-packages/airflow/example_dags/example_sla_dag.py
[2023-12-22 20:40:28,348] {processor.py:642} INFO - Processing file /home/airflow/.local/lib/python3.6/site-packages/airflow/example_dags/example_sla_dag.py for tasks to queue
[2023-12-22 20:40:28,349] {logging_mixin.py:109} INFO - [2023-12-22 20:40:28,349] {dagbag.py:500} INFO - Filling up the DagBag from /home/airflow/.local/lib/python3.6/site-packages/airflow/example_dags/example_sla_dag.py
[2023-12-22 20:40:28,368] {processor.py:652} INFO - DAG(s) dict_keys(['example_sla_dag']) retrieved from /home/airflow/.local/lib/python3.6/site-packages/airflow/example_dags/example_sla_dag.py
[2023-12-22 20:40:28,389] {logging_mixin.py:109} INFO - [2023-12-22 20:40:28,389] {dag.py:2398} INFO - Sync 1 DAGs
[2023-12-22 20:40:28,414] {logging_mixin.py:109} INFO - [2023-12-22 20:40:28,413] {dag.py:2937} INFO - Setting next_dagrun for example_sla_dag to 2023-12-22T20:38:00+00:00
[2023-12-22 20:40:28,427] {processor.py:171} INFO - Processing /home/airflow/.local/lib/python3.6/site-packages/airflow/example_dags/example_sla_dag.py took 0.083 seconds
[2023-12-22 20:40:59,597] {processor.py:163} INFO - Started process (PID=136) to work on /home/airflow/.local/lib/python3.6/site-packages/airflow/example_dags/example_sla_dag.py
[2023-12-22 20:40:59,599] {processor.py:642} INFO - Processing file /home/airflow/.local/lib/python3.6/site-packages/airflow/example_dags/example_sla_dag.py for tasks to queue
[2023-12-22 20:40:59,600] {logging_mixin.py:109} INFO - [2023-12-22 20:40:59,600] {dagbag.py:500} INFO - Filling up the DagBag from /home/airflow/.local/lib/python3.6/site-packages/airflow/example_dags/example_sla_dag.py
[2023-12-22 20:40:59,623] {processor.py:652} INFO - DAG(s) dict_keys(['example_sla_dag']) retrieved from /home/airflow/.local/lib/python3.6/site-packages/airflow/example_dags/example_sla_dag.py
[2023-12-22 20:40:59,645] {logging_mixin.py:109} INFO - [2023-12-22 20:40:59,645] {dag.py:2398} INFO - Sync 1 DAGs
[2023-12-22 20:40:59,682] {logging_mixin.py:109} INFO - [2023-12-22 20:40:59,682] {dag.py:2937} INFO - Setting next_dagrun for example_sla_dag to 2023-12-22T20:38:00+00:00
[2023-12-22 20:40:59,695] {processor.py:171} INFO - Processing /home/airflow/.local/lib/python3.6/site-packages/airflow/example_dags/example_sla_dag.py took 0.101 seconds
[2023-12-22 20:41:32,529] {processor.py:163} INFO - Started process (PID=210) to work on /home/airflow/.local/lib/python3.6/site-packages/airflow/example_dags/example_sla_dag.py
[2023-12-22 20:41:32,530] {processor.py:642} INFO - Processing file /home/airflow/.local/lib/python3.6/site-packages/airflow/example_dags/example_sla_dag.py for tasks to queue
[2023-12-22 20:41:32,531] {logging_mixin.py:109} INFO - [2023-12-22 20:41:32,531] {dagbag.py:500} INFO - Filling up the DagBag from /home/airflow/.local/lib/python3.6/site-packages/airflow/example_dags/example_sla_dag.py
[2023-12-22 20:41:32,559] {processor.py:652} INFO - DAG(s) dict_keys(['example_sla_dag']) retrieved from /home/airflow/.local/lib/python3.6/site-packages/airflow/example_dags/example_sla_dag.py
[2023-12-22 20:41:32,617] {logging_mixin.py:109} INFO - [2023-12-22 20:41:32,617] {dag.py:2398} INFO - Sync 1 DAGs
[2023-12-22 20:41:32,673] {logging_mixin.py:109} INFO - [2023-12-22 20:41:32,673] {dag.py:2937} INFO - Setting next_dagrun for example_sla_dag to 2023-12-22T20:38:00+00:00
[2023-12-22 20:41:32,690] {processor.py:171} INFO - Processing /home/airflow/.local/lib/python3.6/site-packages/airflow/example_dags/example_sla_dag.py took 0.166 seconds
[2023-12-22 20:42:09,484] {processor.py:163} INFO - Started process (PID=284) to work on /home/airflow/.local/lib/python3.6/site-packages/airflow/example_dags/example_sla_dag.py
[2023-12-22 20:42:09,492] {processor.py:642} INFO - Processing file /home/airflow/.local/lib/python3.6/site-packages/airflow/example_dags/example_sla_dag.py for tasks to queue
[2023-12-22 20:42:09,493] {logging_mixin.py:109} INFO - [2023-12-22 20:42:09,493] {dagbag.py:500} INFO - Filling up the DagBag from /home/airflow/.local/lib/python3.6/site-packages/airflow/example_dags/example_sla_dag.py
[2023-12-22 20:42:09,710] {processor.py:652} INFO - DAG(s) dict_keys(['example_sla_dag']) retrieved from /home/airflow/.local/lib/python3.6/site-packages/airflow/example_dags/example_sla_dag.py
[2023-12-22 20:42:09,794] {logging_mixin.py:109} INFO - [2023-12-22 20:42:09,794] {dag.py:2398} INFO - Sync 1 DAGs
[2023-12-22 20:42:09,915] {logging_mixin.py:109} INFO - [2023-12-22 20:42:09,914] {dag.py:2937} INFO - Setting next_dagrun for example_sla_dag to 2023-12-22T20:40:00+00:00
[2023-12-22 20:42:10,018] {processor.py:171} INFO - Processing /home/airflow/.local/lib/python3.6/site-packages/airflow/example_dags/example_sla_dag.py took 0.537 seconds
[2023-12-22 20:42:41,469] {processor.py:163} INFO - Started process (PID=348) to work on /home/airflow/.local/lib/python3.6/site-packages/airflow/example_dags/example_sla_dag.py
[2023-12-22 20:42:41,562] {processor.py:642} INFO - Processing file /home/airflow/.local/lib/python3.6/site-packages/airflow/example_dags/example_sla_dag.py for tasks to queue
[2023-12-22 20:42:41,568] {logging_mixin.py:109} INFO - [2023-12-22 20:42:41,568] {dagbag.py:500} INFO - Filling up the DagBag from /home/airflow/.local/lib/python3.6/site-packages/airflow/example_dags/example_sla_dag.py
[2023-12-22 20:42:41,604] {processor.py:652} INFO - DAG(s) dict_keys(['example_sla_dag']) retrieved from /home/airflow/.local/lib/python3.6/site-packages/airflow/example_dags/example_sla_dag.py
[2023-12-22 20:42:41,751] {logging_mixin.py:109} INFO - [2023-12-22 20:42:41,751] {dag.py:2398} INFO - Sync 1 DAGs
[2023-12-22 20:42:42,012] {logging_mixin.py:109} INFO - [2023-12-22 20:42:42,012] {dag.py:2937} INFO - Setting next_dagrun for example_sla_dag to 2023-12-22T20:40:00+00:00
[2023-12-22 20:42:42,074] {processor.py:171} INFO - Processing /home/airflow/.local/lib/python3.6/site-packages/airflow/example_dags/example_sla_dag.py took 0.610 seconds
[2023-12-22 20:43:12,326] {processor.py:163} INFO - Started process (PID=412) to work on /home/airflow/.local/lib/python3.6/site-packages/airflow/example_dags/example_sla_dag.py
[2023-12-22 20:43:12,354] {processor.py:642} INFO - Processing file /home/airflow/.local/lib/python3.6/site-packages/airflow/example_dags/example_sla_dag.py for tasks to queue
[2023-12-22 20:43:12,366] {logging_mixin.py:109} INFO - [2023-12-22 20:43:12,366] {dagbag.py:500} INFO - Filling up the DagBag from /home/airflow/.local/lib/python3.6/site-packages/airflow/example_dags/example_sla_dag.py
[2023-12-22 20:43:12,394] {processor.py:652} INFO - DAG(s) dict_keys(['example_sla_dag']) retrieved from /home/airflow/.local/lib/python3.6/site-packages/airflow/example_dags/example_sla_dag.py
[2023-12-22 20:43:12,419] {logging_mixin.py:109} INFO - [2023-12-22 20:43:12,419] {dag.py:2398} INFO - Sync 1 DAGs
[2023-12-22 20:43:12,602] {logging_mixin.py:109} INFO - [2023-12-22 20:43:12,601] {dag.py:2937} INFO - Setting next_dagrun for example_sla_dag to 2023-12-22T20:40:00+00:00
[2023-12-22 20:43:12,662] {processor.py:171} INFO - Processing /home/airflow/.local/lib/python3.6/site-packages/airflow/example_dags/example_sla_dag.py took 0.339 seconds
[2023-12-22 20:43:44,618] {processor.py:163} INFO - Started process (PID=487) to work on /home/airflow/.local/lib/python3.6/site-packages/airflow/example_dags/example_sla_dag.py
[2023-12-22 20:43:44,623] {processor.py:642} INFO - Processing file /home/airflow/.local/lib/python3.6/site-packages/airflow/example_dags/example_sla_dag.py for tasks to queue
[2023-12-22 20:43:44,627] {logging_mixin.py:109} INFO - [2023-12-22 20:43:44,627] {dagbag.py:500} INFO - Filling up the DagBag from /home/airflow/.local/lib/python3.6/site-packages/airflow/example_dags/example_sla_dag.py
[2023-12-22 20:43:44,653] {processor.py:652} INFO - DAG(s) dict_keys(['example_sla_dag']) retrieved from /home/airflow/.local/lib/python3.6/site-packages/airflow/example_dags/example_sla_dag.py
[2023-12-22 20:43:44,775] {logging_mixin.py:109} INFO - [2023-12-22 20:43:44,775] {dag.py:2398} INFO - Sync 1 DAGs
[2023-12-22 20:43:44,860] {logging_mixin.py:109} INFO - [2023-12-22 20:43:44,860] {dag.py:2937} INFO - Setting next_dagrun for example_sla_dag to 2023-12-22T20:40:00+00:00
[2023-12-22 20:43:44,922] {processor.py:171} INFO - Processing /home/airflow/.local/lib/python3.6/site-packages/airflow/example_dags/example_sla_dag.py took 0.309 seconds
[2023-12-22 20:44:15,974] {processor.py:163} INFO - Started process (PID=550) to work on /home/airflow/.local/lib/python3.6/site-packages/airflow/example_dags/example_sla_dag.py
[2023-12-22 20:44:15,975] {processor.py:642} INFO - Processing file /home/airflow/.local/lib/python3.6/site-packages/airflow/example_dags/example_sla_dag.py for tasks to queue
[2023-12-22 20:44:15,977] {logging_mixin.py:109} INFO - [2023-12-22 20:44:15,977] {dagbag.py:500} INFO - Filling up the DagBag from /home/airflow/.local/lib/python3.6/site-packages/airflow/example_dags/example_sla_dag.py
[2023-12-22 20:44:16,005] {processor.py:652} INFO - DAG(s) dict_keys(['example_sla_dag']) retrieved from /home/airflow/.local/lib/python3.6/site-packages/airflow/example_dags/example_sla_dag.py
[2023-12-22 20:44:16,085] {logging_mixin.py:109} INFO - [2023-12-22 20:44:16,084] {dag.py:2398} INFO - Sync 1 DAGs
[2023-12-22 20:44:16,257] {logging_mixin.py:109} INFO - [2023-12-22 20:44:16,257] {dag.py:2937} INFO - Setting next_dagrun for example_sla_dag to 2023-12-22T20:42:00+00:00
[2023-12-22 20:44:16,268] {processor.py:171} INFO - Processing /home/airflow/.local/lib/python3.6/site-packages/airflow/example_dags/example_sla_dag.py took 0.297 seconds
[2023-12-22 20:44:46,985] {processor.py:163} INFO - Started process (PID=625) to work on /home/airflow/.local/lib/python3.6/site-packages/airflow/example_dags/example_sla_dag.py
[2023-12-22 20:44:46,987] {processor.py:642} INFO - Processing file /home/airflow/.local/lib/python3.6/site-packages/airflow/example_dags/example_sla_dag.py for tasks to queue
[2023-12-22 20:44:46,988] {logging_mixin.py:109} INFO - [2023-12-22 20:44:46,988] {dagbag.py:500} INFO - Filling up the DagBag from /home/airflow/.local/lib/python3.6/site-packages/airflow/example_dags/example_sla_dag.py
[2023-12-22 20:44:47,023] {processor.py:652} INFO - DAG(s) dict_keys(['example_sla_dag']) retrieved from /home/airflow/.local/lib/python3.6/site-packages/airflow/example_dags/example_sla_dag.py
[2023-12-22 20:44:47,051] {logging_mixin.py:109} INFO - [2023-12-22 20:44:47,051] {dag.py:2398} INFO - Sync 1 DAGs
[2023-12-22 20:44:47,204] {logging_mixin.py:109} INFO - [2023-12-22 20:44:47,204] {dag.py:2937} INFO - Setting next_dagrun for example_sla_dag to 2023-12-22T20:42:00+00:00
[2023-12-22 20:44:47,218] {processor.py:171} INFO - Processing /home/airflow/.local/lib/python3.6/site-packages/airflow/example_dags/example_sla_dag.py took 0.237 seconds
[2023-12-22 20:45:17,592] {processor.py:163} INFO - Started process (PID=689) to work on /home/airflow/.local/lib/python3.6/site-packages/airflow/example_dags/example_sla_dag.py
[2023-12-22 20:45:17,594] {processor.py:642} INFO - Processing file /home/airflow/.local/lib/python3.6/site-packages/airflow/example_dags/example_sla_dag.py for tasks to queue
[2023-12-22 20:45:17,594] {logging_mixin.py:109} INFO - [2023-12-22 20:45:17,594] {dagbag.py:500} INFO - Filling up the DagBag from /home/airflow/.local/lib/python3.6/site-packages/airflow/example_dags/example_sla_dag.py
[2023-12-22 20:45:17,609] {processor.py:652} INFO - DAG(s) dict_keys(['example_sla_dag']) retrieved from /home/airflow/.local/lib/python3.6/site-packages/airflow/example_dags/example_sla_dag.py
[2023-12-22 20:45:17,703] {logging_mixin.py:109} INFO - [2023-12-22 20:45:17,703] {dag.py:2398} INFO - Sync 1 DAGs
[2023-12-22 20:45:17,724] {logging_mixin.py:109} INFO - [2023-12-22 20:45:17,723] {dag.py:2937} INFO - Setting next_dagrun for example_sla_dag to 2023-12-22T20:42:00+00:00
[2023-12-22 20:45:17,739] {processor.py:171} INFO - Processing /home/airflow/.local/lib/python3.6/site-packages/airflow/example_dags/example_sla_dag.py took 0.151 seconds
[2023-12-22 20:45:48,202] {processor.py:163} INFO - Started process (PID=764) to work on /home/airflow/.local/lib/python3.6/site-packages/airflow/example_dags/example_sla_dag.py
[2023-12-22 20:45:48,203] {processor.py:642} INFO - Processing file /home/airflow/.local/lib/python3.6/site-packages/airflow/example_dags/example_sla_dag.py for tasks to queue
[2023-12-22 20:45:48,204] {logging_mixin.py:109} INFO - [2023-12-22 20:45:48,204] {dagbag.py:500} INFO - Filling up the DagBag from /home/airflow/.local/lib/python3.6/site-packages/airflow/example_dags/example_sla_dag.py
[2023-12-22 20:45:48,309] {processor.py:652} INFO - DAG(s) dict_keys(['example_sla_dag']) retrieved from /home/airflow/.local/lib/python3.6/site-packages/airflow/example_dags/example_sla_dag.py
[2023-12-22 20:45:48,328] {logging_mixin.py:109} INFO - [2023-12-22 20:45:48,328] {dag.py:2398} INFO - Sync 1 DAGs
[2023-12-22 20:45:48,348] {logging_mixin.py:109} INFO - [2023-12-22 20:45:48,347] {dag.py:2937} INFO - Setting next_dagrun for example_sla_dag to 2023-12-22T20:42:00+00:00
[2023-12-22 20:45:48,360] {processor.py:171} INFO - Processing /home/airflow/.local/lib/python3.6/site-packages/airflow/example_dags/example_sla_dag.py took 0.160 seconds
[2023-12-22 20:46:19,738] {processor.py:163} INFO - Started process (PID=828) to work on /home/airflow/.local/lib/python3.6/site-packages/airflow/example_dags/example_sla_dag.py
[2023-12-22 20:46:19,739] {processor.py:642} INFO - Processing file /home/airflow/.local/lib/python3.6/site-packages/airflow/example_dags/example_sla_dag.py for tasks to queue
[2023-12-22 20:46:19,740] {logging_mixin.py:109} INFO - [2023-12-22 20:46:19,739] {dagbag.py:500} INFO - Filling up the DagBag from /home/airflow/.local/lib/python3.6/site-packages/airflow/example_dags/example_sla_dag.py
[2023-12-22 20:46:19,829] {processor.py:652} INFO - DAG(s) dict_keys(['example_sla_dag']) retrieved from /home/airflow/.local/lib/python3.6/site-packages/airflow/example_dags/example_sla_dag.py
[2023-12-22 20:46:19,902] {logging_mixin.py:109} INFO - [2023-12-22 20:46:19,902] {dag.py:2398} INFO - Sync 1 DAGs
[2023-12-22 20:46:19,939] {logging_mixin.py:109} INFO - [2023-12-22 20:46:19,939] {dag.py:2937} INFO - Setting next_dagrun for example_sla_dag to 2023-12-22T20:44:00+00:00
[2023-12-22 20:46:20,064] {processor.py:171} INFO - Processing /home/airflow/.local/lib/python3.6/site-packages/airflow/example_dags/example_sla_dag.py took 0.329 seconds
[2023-12-22 20:46:50,736] {processor.py:163} INFO - Started process (PID=901) to work on /home/airflow/.local/lib/python3.6/site-packages/airflow/example_dags/example_sla_dag.py
[2023-12-22 20:46:50,738] {processor.py:642} INFO - Processing file /home/airflow/.local/lib/python3.6/site-packages/airflow/example_dags/example_sla_dag.py for tasks to queue
[2023-12-22 20:46:50,739] {logging_mixin.py:109} INFO - [2023-12-22 20:46:50,739] {dagbag.py:500} INFO - Filling up the DagBag from /home/airflow/.local/lib/python3.6/site-packages/airflow/example_dags/example_sla_dag.py
[2023-12-22 20:46:50,838] {processor.py:652} INFO - DAG(s) dict_keys(['example_sla_dag']) retrieved from /home/airflow/.local/lib/python3.6/site-packages/airflow/example_dags/example_sla_dag.py
[2023-12-22 20:46:50,860] {logging_mixin.py:109} INFO - [2023-12-22 20:46:50,860] {dag.py:2398} INFO - Sync 1 DAGs
[2023-12-22 20:46:50,891] {logging_mixin.py:109} INFO - [2023-12-22 20:46:50,891] {dag.py:2937} INFO - Setting next_dagrun for example_sla_dag to 2023-12-22T20:44:00+00:00
[2023-12-22 20:46:50,904] {processor.py:171} INFO - Processing /home/airflow/.local/lib/python3.6/site-packages/airflow/example_dags/example_sla_dag.py took 0.169 seconds
[2023-12-22 20:47:22,485] {processor.py:163} INFO - Started process (PID=965) to work on /home/airflow/.local/lib/python3.6/site-packages/airflow/example_dags/example_sla_dag.py
[2023-12-22 20:47:22,490] {processor.py:642} INFO - Processing file /home/airflow/.local/lib/python3.6/site-packages/airflow/example_dags/example_sla_dag.py for tasks to queue
[2023-12-22 20:47:22,492] {logging_mixin.py:109} INFO - [2023-12-22 20:47:22,492] {dagbag.py:500} INFO - Filling up the DagBag from /home/airflow/.local/lib/python3.6/site-packages/airflow/example_dags/example_sla_dag.py
[2023-12-22 20:47:22,593] {processor.py:652} INFO - DAG(s) dict_keys(['example_sla_dag']) retrieved from /home/airflow/.local/lib/python3.6/site-packages/airflow/example_dags/example_sla_dag.py
[2023-12-22 20:47:22,625] {logging_mixin.py:109} INFO - [2023-12-22 20:47:22,625] {dag.py:2398} INFO - Sync 1 DAGs
[2023-12-22 20:47:22,651] {logging_mixin.py:109} INFO - [2023-12-22 20:47:22,651] {dag.py:2937} INFO - Setting next_dagrun for example_sla_dag to 2023-12-22T20:44:00+00:00
[2023-12-22 20:47:22,659] {processor.py:171} INFO - Processing /home/airflow/.local/lib/python3.6/site-packages/airflow/example_dags/example_sla_dag.py took 0.177 seconds
[2023-12-22 20:47:52,847] {processor.py:163} INFO - Started process (PID=1038) to work on /home/airflow/.local/lib/python3.6/site-packages/airflow/example_dags/example_sla_dag.py
[2023-12-22 20:47:52,848] {processor.py:642} INFO - Processing file /home/airflow/.local/lib/python3.6/site-packages/airflow/example_dags/example_sla_dag.py for tasks to queue
[2023-12-22 20:47:52,849] {logging_mixin.py:109} INFO - [2023-12-22 20:47:52,849] {dagbag.py:500} INFO - Filling up the DagBag from /home/airflow/.local/lib/python3.6/site-packages/airflow/example_dags/example_sla_dag.py
[2023-12-22 20:47:52,927] {processor.py:652} INFO - DAG(s) dict_keys(['example_sla_dag']) retrieved from /home/airflow/.local/lib/python3.6/site-packages/airflow/example_dags/example_sla_dag.py
[2023-12-22 20:47:52,945] {logging_mixin.py:109} INFO - [2023-12-22 20:47:52,945] {dag.py:2398} INFO - Sync 1 DAGs
[2023-12-22 20:47:52,960] {logging_mixin.py:109} INFO - [2023-12-22 20:47:52,960] {dag.py:2937} INFO - Setting next_dagrun for example_sla_dag to 2023-12-22T20:44:00+00:00
[2023-12-22 20:47:52,987] {processor.py:171} INFO - Processing /home/airflow/.local/lib/python3.6/site-packages/airflow/example_dags/example_sla_dag.py took 0.142 seconds
[2023-12-22 20:48:23,045] {processor.py:163} INFO - Started process (PID=1090) to work on /home/airflow/.local/lib/python3.6/site-packages/airflow/example_dags/example_sla_dag.py
[2023-12-22 20:48:23,046] {processor.py:642} INFO - Processing file /home/airflow/.local/lib/python3.6/site-packages/airflow/example_dags/example_sla_dag.py for tasks to queue
[2023-12-22 20:48:23,046] {logging_mixin.py:109} INFO - [2023-12-22 20:48:23,046] {dagbag.py:500} INFO - Filling up the DagBag from /home/airflow/.local/lib/python3.6/site-packages/airflow/example_dags/example_sla_dag.py
[2023-12-22 20:48:23,122] {processor.py:652} INFO - DAG(s) dict_keys(['example_sla_dag']) retrieved from /home/airflow/.local/lib/python3.6/site-packages/airflow/example_dags/example_sla_dag.py
[2023-12-22 20:48:23,147] {logging_mixin.py:109} INFO - [2023-12-22 20:48:23,147] {dag.py:2398} INFO - Sync 1 DAGs
[2023-12-22 20:48:23,174] {logging_mixin.py:109} INFO - [2023-12-22 20:48:23,174] {dag.py:2937} INFO - Setting next_dagrun for example_sla_dag to 2023-12-22T20:46:00+00:00
[2023-12-22 20:48:23,181] {processor.py:171} INFO - Processing /home/airflow/.local/lib/python3.6/site-packages/airflow/example_dags/example_sla_dag.py took 0.139 seconds
[2023-12-22 20:48:53,994] {processor.py:163} INFO - Started process (PID=1164) to work on /home/airflow/.local/lib/python3.6/site-packages/airflow/example_dags/example_sla_dag.py
[2023-12-22 20:48:53,996] {processor.py:642} INFO - Processing file /home/airflow/.local/lib/python3.6/site-packages/airflow/example_dags/example_sla_dag.py for tasks to queue
[2023-12-22 20:48:53,997] {logging_mixin.py:109} INFO - [2023-12-22 20:48:53,997] {dagbag.py:500} INFO - Filling up the DagBag from /home/airflow/.local/lib/python3.6/site-packages/airflow/example_dags/example_sla_dag.py
[2023-12-22 20:48:54,087] {processor.py:652} INFO - DAG(s) dict_keys(['example_sla_dag']) retrieved from /home/airflow/.local/lib/python3.6/site-packages/airflow/example_dags/example_sla_dag.py
[2023-12-22 20:48:54,105] {logging_mixin.py:109} INFO - [2023-12-22 20:48:54,105] {dag.py:2398} INFO - Sync 1 DAGs
[2023-12-22 20:48:54,120] {logging_mixin.py:109} INFO - [2023-12-22 20:48:54,120] {dag.py:2937} INFO - Setting next_dagrun for example_sla_dag to 2023-12-22T20:46:00+00:00
[2023-12-22 20:48:54,128] {processor.py:171} INFO - Processing /home/airflow/.local/lib/python3.6/site-packages/airflow/example_dags/example_sla_dag.py took 0.136 seconds
[2023-12-22 20:49:24,367] {processor.py:163} INFO - Started process (PID=1228) to work on /home/airflow/.local/lib/python3.6/site-packages/airflow/example_dags/example_sla_dag.py
[2023-12-22 20:49:24,369] {processor.py:642} INFO - Processing file /home/airflow/.local/lib/python3.6/site-packages/airflow/example_dags/example_sla_dag.py for tasks to queue
[2023-12-22 20:49:24,369] {logging_mixin.py:109} INFO - [2023-12-22 20:49:24,369] {dagbag.py:500} INFO - Filling up the DagBag from /home/airflow/.local/lib/python3.6/site-packages/airflow/example_dags/example_sla_dag.py
[2023-12-22 20:49:24,463] {processor.py:652} INFO - DAG(s) dict_keys(['example_sla_dag']) retrieved from /home/airflow/.local/lib/python3.6/site-packages/airflow/example_dags/example_sla_dag.py
[2023-12-22 20:49:24,480] {logging_mixin.py:109} INFO - [2023-12-22 20:49:24,480] {dag.py:2398} INFO - Sync 1 DAGs
[2023-12-22 20:49:24,496] {logging_mixin.py:109} INFO - [2023-12-22 20:49:24,495] {dag.py:2937} INFO - Setting next_dagrun for example_sla_dag to 2023-12-22T20:46:00+00:00
[2023-12-22 20:49:24,565] {processor.py:171} INFO - Processing /home/airflow/.local/lib/python3.6/site-packages/airflow/example_dags/example_sla_dag.py took 0.200 seconds
[2023-12-22 20:49:54,838] {processor.py:163} INFO - Started process (PID=1302) to work on /home/airflow/.local/lib/python3.6/site-packages/airflow/example_dags/example_sla_dag.py
[2023-12-22 20:49:54,839] {processor.py:642} INFO - Processing file /home/airflow/.local/lib/python3.6/site-packages/airflow/example_dags/example_sla_dag.py for tasks to queue
[2023-12-22 20:49:54,841] {logging_mixin.py:109} INFO - [2023-12-22 20:49:54,840] {dagbag.py:500} INFO - Filling up the DagBag from /home/airflow/.local/lib/python3.6/site-packages/airflow/example_dags/example_sla_dag.py
[2023-12-22 20:49:54,860] {processor.py:652} INFO - DAG(s) dict_keys(['example_sla_dag']) retrieved from /home/airflow/.local/lib/python3.6/site-packages/airflow/example_dags/example_sla_dag.py
[2023-12-22 20:49:54,884] {logging_mixin.py:109} INFO - [2023-12-22 20:49:54,884] {dag.py:2398} INFO - Sync 1 DAGs
[2023-12-22 20:49:54,907] {logging_mixin.py:109} INFO - [2023-12-22 20:49:54,907] {dag.py:2937} INFO - Setting next_dagrun for example_sla_dag to 2023-12-22T20:46:00+00:00
[2023-12-22 20:49:54,918] {processor.py:171} INFO - Processing /home/airflow/.local/lib/python3.6/site-packages/airflow/example_dags/example_sla_dag.py took 0.084 seconds
[2023-12-22 20:50:25,130] {processor.py:163} INFO - Started process (PID=1366) to work on /home/airflow/.local/lib/python3.6/site-packages/airflow/example_dags/example_sla_dag.py
[2023-12-22 20:50:25,131] {processor.py:642} INFO - Processing file /home/airflow/.local/lib/python3.6/site-packages/airflow/example_dags/example_sla_dag.py for tasks to queue
[2023-12-22 20:50:25,132] {logging_mixin.py:109} INFO - [2023-12-22 20:50:25,132] {dagbag.py:500} INFO - Filling up the DagBag from /home/airflow/.local/lib/python3.6/site-packages/airflow/example_dags/example_sla_dag.py
[2023-12-22 20:50:25,151] {processor.py:652} INFO - DAG(s) dict_keys(['example_sla_dag']) retrieved from /home/airflow/.local/lib/python3.6/site-packages/airflow/example_dags/example_sla_dag.py
[2023-12-22 20:50:25,172] {logging_mixin.py:109} INFO - [2023-12-22 20:50:25,171] {dag.py:2398} INFO - Sync 1 DAGs
[2023-12-22 20:50:25,195] {logging_mixin.py:109} INFO - [2023-12-22 20:50:25,195] {dag.py:2937} INFO - Setting next_dagrun for example_sla_dag to 2023-12-22T20:48:00+00:00
[2023-12-22 20:50:25,208] {processor.py:171} INFO - Processing /home/airflow/.local/lib/python3.6/site-packages/airflow/example_dags/example_sla_dag.py took 0.081 seconds
[2023-12-22 20:50:56,017] {processor.py:163} INFO - Started process (PID=1439) to work on /home/airflow/.local/lib/python3.6/site-packages/airflow/example_dags/example_sla_dag.py
[2023-12-22 20:50:56,019] {processor.py:642} INFO - Processing file /home/airflow/.local/lib/python3.6/site-packages/airflow/example_dags/example_sla_dag.py for tasks to queue
[2023-12-22 20:50:56,020] {logging_mixin.py:109} INFO - [2023-12-22 20:50:56,020] {dagbag.py:500} INFO - Filling up the DagBag from /home/airflow/.local/lib/python3.6/site-packages/airflow/example_dags/example_sla_dag.py
[2023-12-22 20:50:56,047] {processor.py:652} INFO - DAG(s) dict_keys(['example_sla_dag']) retrieved from /home/airflow/.local/lib/python3.6/site-packages/airflow/example_dags/example_sla_dag.py
[2023-12-22 20:50:56,085] {logging_mixin.py:109} INFO - [2023-12-22 20:50:56,085] {dag.py:2398} INFO - Sync 1 DAGs
[2023-12-22 20:50:56,115] {logging_mixin.py:109} INFO - [2023-12-22 20:50:56,115] {dag.py:2937} INFO - Setting next_dagrun for example_sla_dag to 2023-12-22T20:48:00+00:00
[2023-12-22 20:50:56,156] {processor.py:171} INFO - Processing /home/airflow/.local/lib/python3.6/site-packages/airflow/example_dags/example_sla_dag.py took 0.143 seconds
[2023-12-22 20:51:26,468] {processor.py:163} INFO - Started process (PID=1513) to work on /home/airflow/.local/lib/python3.6/site-packages/airflow/example_dags/example_sla_dag.py
[2023-12-22 20:51:26,469] {processor.py:642} INFO - Processing file /home/airflow/.local/lib/python3.6/site-packages/airflow/example_dags/example_sla_dag.py for tasks to queue
[2023-12-22 20:51:26,470] {logging_mixin.py:109} INFO - [2023-12-22 20:51:26,470] {dagbag.py:500} INFO - Filling up the DagBag from /home/airflow/.local/lib/python3.6/site-packages/airflow/example_dags/example_sla_dag.py
[2023-12-22 20:51:26,491] {processor.py:652} INFO - DAG(s) dict_keys(['example_sla_dag']) retrieved from /home/airflow/.local/lib/python3.6/site-packages/airflow/example_dags/example_sla_dag.py
[2023-12-22 20:51:26,509] {logging_mixin.py:109} INFO - [2023-12-22 20:51:26,509] {dag.py:2398} INFO - Sync 1 DAGs
[2023-12-22 20:51:26,533] {logging_mixin.py:109} INFO - [2023-12-22 20:51:26,530] {dag.py:2937} INFO - Setting next_dagrun for example_sla_dag to 2023-12-22T20:48:00+00:00
[2023-12-22 20:51:26,555] {processor.py:171} INFO - Processing /home/airflow/.local/lib/python3.6/site-packages/airflow/example_dags/example_sla_dag.py took 0.090 seconds
[2023-12-22 20:51:56,822] {processor.py:163} INFO - Started process (PID=1578) to work on /home/airflow/.local/lib/python3.6/site-packages/airflow/example_dags/example_sla_dag.py
[2023-12-22 20:51:56,825] {processor.py:642} INFO - Processing file /home/airflow/.local/lib/python3.6/site-packages/airflow/example_dags/example_sla_dag.py for tasks to queue
[2023-12-22 20:51:56,833] {logging_mixin.py:109} INFO - [2023-12-22 20:51:56,833] {dagbag.py:500} INFO - Filling up the DagBag from /home/airflow/.local/lib/python3.6/site-packages/airflow/example_dags/example_sla_dag.py
[2023-12-22 20:51:56,855] {processor.py:652} INFO - DAG(s) dict_keys(['example_sla_dag']) retrieved from /home/airflow/.local/lib/python3.6/site-packages/airflow/example_dags/example_sla_dag.py
[2023-12-22 20:51:56,873] {logging_mixin.py:109} INFO - [2023-12-22 20:51:56,873] {dag.py:2398} INFO - Sync 1 DAGs
[2023-12-22 20:51:56,890] {logging_mixin.py:109} INFO - [2023-12-22 20:51:56,890] {dag.py:2937} INFO - Setting next_dagrun for example_sla_dag to 2023-12-22T20:48:00+00:00
[2023-12-22 20:51:56,917] {processor.py:171} INFO - Processing /home/airflow/.local/lib/python3.6/site-packages/airflow/example_dags/example_sla_dag.py took 0.097 seconds
[2023-12-22 20:52:27,057] {processor.py:163} INFO - Started process (PID=1651) to work on /home/airflow/.local/lib/python3.6/site-packages/airflow/example_dags/example_sla_dag.py
[2023-12-22 20:52:27,058] {processor.py:642} INFO - Processing file /home/airflow/.local/lib/python3.6/site-packages/airflow/example_dags/example_sla_dag.py for tasks to queue
[2023-12-22 20:52:27,060] {logging_mixin.py:109} INFO - [2023-12-22 20:52:27,059] {dagbag.py:500} INFO - Filling up the DagBag from /home/airflow/.local/lib/python3.6/site-packages/airflow/example_dags/example_sla_dag.py
[2023-12-22 20:52:27,096] {processor.py:652} INFO - DAG(s) dict_keys(['example_sla_dag']) retrieved from /home/airflow/.local/lib/python3.6/site-packages/airflow/example_dags/example_sla_dag.py
[2023-12-22 20:52:27,132] {logging_mixin.py:109} INFO - [2023-12-22 20:52:27,132] {dag.py:2398} INFO - Sync 1 DAGs
[2023-12-22 20:52:27,172] {logging_mixin.py:109} INFO - [2023-12-22 20:52:27,171] {dag.py:2937} INFO - Setting next_dagrun for example_sla_dag to 2023-12-22T20:50:00+00:00
[2023-12-22 20:52:27,206] {processor.py:171} INFO - Processing /home/airflow/.local/lib/python3.6/site-packages/airflow/example_dags/example_sla_dag.py took 0.154 seconds
[2023-12-22 20:52:58,134] {processor.py:163} INFO - Started process (PID=1716) to work on /home/airflow/.local/lib/python3.6/site-packages/airflow/example_dags/example_sla_dag.py
[2023-12-22 20:52:58,137] {processor.py:642} INFO - Processing file /home/airflow/.local/lib/python3.6/site-packages/airflow/example_dags/example_sla_dag.py for tasks to queue
[2023-12-22 20:52:58,139] {logging_mixin.py:109} INFO - [2023-12-22 20:52:58,139] {dagbag.py:500} INFO - Filling up the DagBag from /home/airflow/.local/lib/python3.6/site-packages/airflow/example_dags/example_sla_dag.py
[2023-12-22 20:52:58,167] {processor.py:652} INFO - DAG(s) dict_keys(['example_sla_dag']) retrieved from /home/airflow/.local/lib/python3.6/site-packages/airflow/example_dags/example_sla_dag.py
[2023-12-22 20:52:58,191] {logging_mixin.py:109} INFO - [2023-12-22 20:52:58,191] {dag.py:2398} INFO - Sync 1 DAGs
[2023-12-22 20:52:58,225] {logging_mixin.py:109} INFO - [2023-12-22 20:52:58,225] {dag.py:2937} INFO - Setting next_dagrun for example_sla_dag to 2023-12-22T20:50:00+00:00
[2023-12-22 20:52:58,240] {processor.py:171} INFO - Processing /home/airflow/.local/lib/python3.6/site-packages/airflow/example_dags/example_sla_dag.py took 0.111 seconds
[2023-12-22 20:53:29,207] {processor.py:163} INFO - Started process (PID=1790) to work on /home/airflow/.local/lib/python3.6/site-packages/airflow/example_dags/example_sla_dag.py
[2023-12-22 20:53:29,208] {processor.py:642} INFO - Processing file /home/airflow/.local/lib/python3.6/site-packages/airflow/example_dags/example_sla_dag.py for tasks to queue
[2023-12-22 20:53:29,208] {logging_mixin.py:109} INFO - [2023-12-22 20:53:29,208] {dagbag.py:500} INFO - Filling up the DagBag from /home/airflow/.local/lib/python3.6/site-packages/airflow/example_dags/example_sla_dag.py
[2023-12-22 20:53:29,223] {processor.py:652} INFO - DAG(s) dict_keys(['example_sla_dag']) retrieved from /home/airflow/.local/lib/python3.6/site-packages/airflow/example_dags/example_sla_dag.py
[2023-12-22 20:53:29,241] {logging_mixin.py:109} INFO - [2023-12-22 20:53:29,241] {dag.py:2398} INFO - Sync 1 DAGs
[2023-12-22 20:53:29,257] {logging_mixin.py:109} INFO - [2023-12-22 20:53:29,257] {dag.py:2937} INFO - Setting next_dagrun for example_sla_dag to 2023-12-22T20:50:00+00:00
[2023-12-22 20:53:29,276] {processor.py:171} INFO - Processing /home/airflow/.local/lib/python3.6/site-packages/airflow/example_dags/example_sla_dag.py took 0.072 seconds
[2023-12-22 20:53:59,596] {processor.py:163} INFO - Started process (PID=1854) to work on /home/airflow/.local/lib/python3.6/site-packages/airflow/example_dags/example_sla_dag.py
[2023-12-22 20:53:59,597] {processor.py:642} INFO - Processing file /home/airflow/.local/lib/python3.6/site-packages/airflow/example_dags/example_sla_dag.py for tasks to queue
[2023-12-22 20:53:59,598] {logging_mixin.py:109} INFO - [2023-12-22 20:53:59,598] {dagbag.py:500} INFO - Filling up the DagBag from /home/airflow/.local/lib/python3.6/site-packages/airflow/example_dags/example_sla_dag.py
[2023-12-22 20:53:59,616] {processor.py:652} INFO - DAG(s) dict_keys(['example_sla_dag']) retrieved from /home/airflow/.local/lib/python3.6/site-packages/airflow/example_dags/example_sla_dag.py
[2023-12-22 20:53:59,632] {logging_mixin.py:109} INFO - [2023-12-22 20:53:59,632] {dag.py:2398} INFO - Sync 1 DAGs
[2023-12-22 20:53:59,651] {logging_mixin.py:109} INFO - [2023-12-22 20:53:59,651] {dag.py:2937} INFO - Setting next_dagrun for example_sla_dag to 2023-12-22T20:50:00+00:00
[2023-12-22 20:53:59,659] {processor.py:171} INFO - Processing /home/airflow/.local/lib/python3.6/site-packages/airflow/example_dags/example_sla_dag.py took 0.066 seconds
[2023-12-22 20:54:30,214] {processor.py:163} INFO - Started process (PID=1927) to work on /home/airflow/.local/lib/python3.6/site-packages/airflow/example_dags/example_sla_dag.py
[2023-12-22 20:54:30,228] {processor.py:642} INFO - Processing file /home/airflow/.local/lib/python3.6/site-packages/airflow/example_dags/example_sla_dag.py for tasks to queue
[2023-12-22 20:54:30,231] {logging_mixin.py:109} INFO - [2023-12-22 20:54:30,231] {dagbag.py:500} INFO - Filling up the DagBag from /home/airflow/.local/lib/python3.6/site-packages/airflow/example_dags/example_sla_dag.py
[2023-12-22 20:54:30,251] {processor.py:652} INFO - DAG(s) dict_keys(['example_sla_dag']) retrieved from /home/airflow/.local/lib/python3.6/site-packages/airflow/example_dags/example_sla_dag.py
[2023-12-22 20:54:30,274] {logging_mixin.py:109} INFO - [2023-12-22 20:54:30,274] {dag.py:2398} INFO - Sync 1 DAGs
[2023-12-22 20:54:30,297] {logging_mixin.py:109} INFO - [2023-12-22 20:54:30,297] {dag.py:2937} INFO - Setting next_dagrun for example_sla_dag to 2023-12-22T20:52:00+00:00
[2023-12-22 20:54:30,309] {processor.py:171} INFO - Processing /home/airflow/.local/lib/python3.6/site-packages/airflow/example_dags/example_sla_dag.py took 0.099 seconds
[2023-12-22 20:55:00,917] {processor.py:163} INFO - Started process (PID=1991) to work on /home/airflow/.local/lib/python3.6/site-packages/airflow/example_dags/example_sla_dag.py
[2023-12-22 20:55:00,918] {processor.py:642} INFO - Processing file /home/airflow/.local/lib/python3.6/site-packages/airflow/example_dags/example_sla_dag.py for tasks to queue
[2023-12-22 20:55:00,918] {logging_mixin.py:109} INFO - [2023-12-22 20:55:00,918] {dagbag.py:500} INFO - Filling up the DagBag from /home/airflow/.local/lib/python3.6/site-packages/airflow/example_dags/example_sla_dag.py
[2023-12-22 20:55:00,932] {processor.py:652} INFO - DAG(s) dict_keys(['example_sla_dag']) retrieved from /home/airflow/.local/lib/python3.6/site-packages/airflow/example_dags/example_sla_dag.py
[2023-12-22 20:55:00,950] {logging_mixin.py:109} INFO - [2023-12-22 20:55:00,950] {dag.py:2398} INFO - Sync 1 DAGs
[2023-12-22 20:55:00,968] {logging_mixin.py:109} INFO - [2023-12-22 20:55:00,967] {dag.py:2937} INFO - Setting next_dagrun for example_sla_dag to 2023-12-22T20:52:00+00:00
[2023-12-22 20:55:00,978] {processor.py:171} INFO - Processing /home/airflow/.local/lib/python3.6/site-packages/airflow/example_dags/example_sla_dag.py took 0.065 seconds
[2023-12-22 20:55:31,350] {processor.py:163} INFO - Started process (PID=2065) to work on /home/airflow/.local/lib/python3.6/site-packages/airflow/example_dags/example_sla_dag.py
[2023-12-22 20:55:31,352] {processor.py:642} INFO - Processing file /home/airflow/.local/lib/python3.6/site-packages/airflow/example_dags/example_sla_dag.py for tasks to queue
[2023-12-22 20:55:31,353] {logging_mixin.py:109} INFO - [2023-12-22 20:55:31,352] {dagbag.py:500} INFO - Filling up the DagBag from /home/airflow/.local/lib/python3.6/site-packages/airflow/example_dags/example_sla_dag.py
[2023-12-22 20:55:31,374] {processor.py:652} INFO - DAG(s) dict_keys(['example_sla_dag']) retrieved from /home/airflow/.local/lib/python3.6/site-packages/airflow/example_dags/example_sla_dag.py
[2023-12-22 20:55:31,393] {logging_mixin.py:109} INFO - [2023-12-22 20:55:31,393] {dag.py:2398} INFO - Sync 1 DAGs
[2023-12-22 20:55:31,413] {logging_mixin.py:109} INFO - [2023-12-22 20:55:31,413] {dag.py:2937} INFO - Setting next_dagrun for example_sla_dag to 2023-12-22T20:52:00+00:00
[2023-12-22 20:55:31,441] {processor.py:171} INFO - Processing /home/airflow/.local/lib/python3.6/site-packages/airflow/example_dags/example_sla_dag.py took 0.094 seconds
[2023-12-22 20:56:01,672] {processor.py:163} INFO - Started process (PID=2127) to work on /home/airflow/.local/lib/python3.6/site-packages/airflow/example_dags/example_sla_dag.py
[2023-12-22 20:56:01,673] {processor.py:642} INFO - Processing file /home/airflow/.local/lib/python3.6/site-packages/airflow/example_dags/example_sla_dag.py for tasks to queue
[2023-12-22 20:56:01,675] {logging_mixin.py:109} INFO - [2023-12-22 20:56:01,675] {dagbag.py:500} INFO - Filling up the DagBag from /home/airflow/.local/lib/python3.6/site-packages/airflow/example_dags/example_sla_dag.py
[2023-12-22 20:56:01,691] {processor.py:652} INFO - DAG(s) dict_keys(['example_sla_dag']) retrieved from /home/airflow/.local/lib/python3.6/site-packages/airflow/example_dags/example_sla_dag.py
[2023-12-22 20:56:01,711] {logging_mixin.py:109} INFO - [2023-12-22 20:56:01,711] {dag.py:2398} INFO - Sync 1 DAGs
[2023-12-22 20:56:01,734] {logging_mixin.py:109} INFO - [2023-12-22 20:56:01,734] {dag.py:2937} INFO - Setting next_dagrun for example_sla_dag to 2023-12-22T20:54:00+00:00
[2023-12-22 20:56:01,765] {processor.py:171} INFO - Processing /home/airflow/.local/lib/python3.6/site-packages/airflow/example_dags/example_sla_dag.py took 0.095 seconds
[2023-12-22 20:56:32,043] {processor.py:163} INFO - Started process (PID=2200) to work on /home/airflow/.local/lib/python3.6/site-packages/airflow/example_dags/example_sla_dag.py
[2023-12-22 20:56:32,044] {processor.py:642} INFO - Processing file /home/airflow/.local/lib/python3.6/site-packages/airflow/example_dags/example_sla_dag.py for tasks to queue
[2023-12-22 20:56:32,044] {logging_mixin.py:109} INFO - [2023-12-22 20:56:32,044] {dagbag.py:500} INFO - Filling up the DagBag from /home/airflow/.local/lib/python3.6/site-packages/airflow/example_dags/example_sla_dag.py
[2023-12-22 20:56:32,071] {processor.py:652} INFO - DAG(s) dict_keys(['example_sla_dag']) retrieved from /home/airflow/.local/lib/python3.6/site-packages/airflow/example_dags/example_sla_dag.py
[2023-12-22 20:56:32,096] {logging_mixin.py:109} INFO - [2023-12-22 20:56:32,095] {dag.py:2398} INFO - Sync 1 DAGs
[2023-12-22 20:56:32,127] {logging_mixin.py:109} INFO - [2023-12-22 20:56:32,127] {dag.py:2937} INFO - Setting next_dagrun for example_sla_dag to 2023-12-22T20:54:00+00:00
[2023-12-22 20:56:32,139] {processor.py:171} INFO - Processing /home/airflow/.local/lib/python3.6/site-packages/airflow/example_dags/example_sla_dag.py took 0.100 seconds
[2023-12-22 20:57:02,268] {processor.py:163} INFO - Started process (PID=2263) to work on /home/airflow/.local/lib/python3.6/site-packages/airflow/example_dags/example_sla_dag.py
[2023-12-22 20:57:02,270] {processor.py:642} INFO - Processing file /home/airflow/.local/lib/python3.6/site-packages/airflow/example_dags/example_sla_dag.py for tasks to queue
[2023-12-22 20:57:02,272] {logging_mixin.py:109} INFO - [2023-12-22 20:57:02,272] {dagbag.py:500} INFO - Filling up the DagBag from /home/airflow/.local/lib/python3.6/site-packages/airflow/example_dags/example_sla_dag.py
[2023-12-22 20:57:02,307] {processor.py:652} INFO - DAG(s) dict_keys(['example_sla_dag']) retrieved from /home/airflow/.local/lib/python3.6/site-packages/airflow/example_dags/example_sla_dag.py
[2023-12-22 20:57:02,331] {logging_mixin.py:109} INFO - [2023-12-22 20:57:02,331] {dag.py:2398} INFO - Sync 1 DAGs
[2023-12-22 20:57:02,363] {logging_mixin.py:109} INFO - [2023-12-22 20:57:02,363] {dag.py:2937} INFO - Setting next_dagrun for example_sla_dag to 2023-12-22T20:54:00+00:00
[2023-12-22 20:57:02,374] {processor.py:171} INFO - Processing /home/airflow/.local/lib/python3.6/site-packages/airflow/example_dags/example_sla_dag.py took 0.110 seconds
[2023-12-22 20:57:32,558] {processor.py:163} INFO - Started process (PID=2338) to work on /home/airflow/.local/lib/python3.6/site-packages/airflow/example_dags/example_sla_dag.py
[2023-12-22 20:57:32,559] {processor.py:642} INFO - Processing file /home/airflow/.local/lib/python3.6/site-packages/airflow/example_dags/example_sla_dag.py for tasks to queue
[2023-12-22 20:57:32,560] {logging_mixin.py:109} INFO - [2023-12-22 20:57:32,560] {dagbag.py:500} INFO - Filling up the DagBag from /home/airflow/.local/lib/python3.6/site-packages/airflow/example_dags/example_sla_dag.py
[2023-12-22 20:57:32,574] {processor.py:652} INFO - DAG(s) dict_keys(['example_sla_dag']) retrieved from /home/airflow/.local/lib/python3.6/site-packages/airflow/example_dags/example_sla_dag.py
[2023-12-22 20:57:32,596] {logging_mixin.py:109} INFO - [2023-12-22 20:57:32,596] {dag.py:2398} INFO - Sync 1 DAGs
[2023-12-22 20:57:32,620] {logging_mixin.py:109} INFO - [2023-12-22 20:57:32,620] {dag.py:2937} INFO - Setting next_dagrun for example_sla_dag to 2023-12-22T20:54:00+00:00
[2023-12-22 20:57:32,651] {processor.py:171} INFO - Processing /home/airflow/.local/lib/python3.6/site-packages/airflow/example_dags/example_sla_dag.py took 0.096 seconds
[2023-12-22 20:58:03,306] {processor.py:163} INFO - Started process (PID=2402) to work on /home/airflow/.local/lib/python3.6/site-packages/airflow/example_dags/example_sla_dag.py
[2023-12-22 20:58:03,309] {processor.py:642} INFO - Processing file /home/airflow/.local/lib/python3.6/site-packages/airflow/example_dags/example_sla_dag.py for tasks to queue
[2023-12-22 20:58:03,310] {logging_mixin.py:109} INFO - [2023-12-22 20:58:03,310] {dagbag.py:500} INFO - Filling up the DagBag from /home/airflow/.local/lib/python3.6/site-packages/airflow/example_dags/example_sla_dag.py
[2023-12-22 20:58:03,346] {processor.py:652} INFO - DAG(s) dict_keys(['example_sla_dag']) retrieved from /home/airflow/.local/lib/python3.6/site-packages/airflow/example_dags/example_sla_dag.py
[2023-12-22 20:58:03,384] {logging_mixin.py:109} INFO - [2023-12-22 20:58:03,383] {dag.py:2398} INFO - Sync 1 DAGs
[2023-12-22 20:58:03,426] {logging_mixin.py:109} INFO - [2023-12-22 20:58:03,426] {dag.py:2937} INFO - Setting next_dagrun for example_sla_dag to 2023-12-22T20:56:00+00:00
[2023-12-22 20:58:03,464] {processor.py:171} INFO - Processing /home/airflow/.local/lib/python3.6/site-packages/airflow/example_dags/example_sla_dag.py took 0.161 seconds
[2023-12-22 20:58:33,630] {processor.py:163} INFO - Started process (PID=2474) to work on /home/airflow/.local/lib/python3.6/site-packages/airflow/example_dags/example_sla_dag.py
[2023-12-22 20:58:33,632] {processor.py:642} INFO - Processing file /home/airflow/.local/lib/python3.6/site-packages/airflow/example_dags/example_sla_dag.py for tasks to queue
[2023-12-22 20:58:33,635] {logging_mixin.py:109} INFO - [2023-12-22 20:58:33,634] {dagbag.py:500} INFO - Filling up the DagBag from /home/airflow/.local/lib/python3.6/site-packages/airflow/example_dags/example_sla_dag.py
[2023-12-22 20:58:33,679] {processor.py:652} INFO - DAG(s) dict_keys(['example_sla_dag']) retrieved from /home/airflow/.local/lib/python3.6/site-packages/airflow/example_dags/example_sla_dag.py
[2023-12-22 20:58:33,726] {logging_mixin.py:109} INFO - [2023-12-22 20:58:33,726] {dag.py:2398} INFO - Sync 1 DAGs
[2023-12-22 20:58:33,768] {logging_mixin.py:109} INFO - [2023-12-22 20:58:33,768] {dag.py:2937} INFO - Setting next_dagrun for example_sla_dag to 2023-12-22T20:56:00+00:00
[2023-12-22 20:58:33,787] {processor.py:171} INFO - Processing /home/airflow/.local/lib/python3.6/site-packages/airflow/example_dags/example_sla_dag.py took 0.172 seconds
[2023-12-22 20:59:04,121] {processor.py:163} INFO - Started process (PID=2539) to work on /home/airflow/.local/lib/python3.6/site-packages/airflow/example_dags/example_sla_dag.py
[2023-12-22 20:59:04,124] {processor.py:642} INFO - Processing file /home/airflow/.local/lib/python3.6/site-packages/airflow/example_dags/example_sla_dag.py for tasks to queue
[2023-12-22 20:59:04,126] {logging_mixin.py:109} INFO - [2023-12-22 20:59:04,126] {dagbag.py:500} INFO - Filling up the DagBag from /home/airflow/.local/lib/python3.6/site-packages/airflow/example_dags/example_sla_dag.py
[2023-12-22 20:59:04,178] {processor.py:652} INFO - DAG(s) dict_keys(['example_sla_dag']) retrieved from /home/airflow/.local/lib/python3.6/site-packages/airflow/example_dags/example_sla_dag.py
[2023-12-22 20:59:04,227] {logging_mixin.py:109} INFO - [2023-12-22 20:59:04,226] {dag.py:2398} INFO - Sync 1 DAGs
[2023-12-22 20:59:04,291] {logging_mixin.py:109} INFO - [2023-12-22 20:59:04,291] {dag.py:2937} INFO - Setting next_dagrun for example_sla_dag to 2023-12-22T20:56:00+00:00
[2023-12-22 20:59:04,321] {processor.py:171} INFO - Processing /home/airflow/.local/lib/python3.6/site-packages/airflow/example_dags/example_sla_dag.py took 0.205 seconds
[2023-12-22 20:59:34,570] {processor.py:163} INFO - Started process (PID=2602) to work on /home/airflow/.local/lib/python3.6/site-packages/airflow/example_dags/example_sla_dag.py
[2023-12-22 20:59:34,573] {processor.py:642} INFO - Processing file /home/airflow/.local/lib/python3.6/site-packages/airflow/example_dags/example_sla_dag.py for tasks to queue
[2023-12-22 20:59:34,574] {logging_mixin.py:109} INFO - [2023-12-22 20:59:34,574] {dagbag.py:500} INFO - Filling up the DagBag from /home/airflow/.local/lib/python3.6/site-packages/airflow/example_dags/example_sla_dag.py
[2023-12-22 20:59:34,605] {processor.py:652} INFO - DAG(s) dict_keys(['example_sla_dag']) retrieved from /home/airflow/.local/lib/python3.6/site-packages/airflow/example_dags/example_sla_dag.py
[2023-12-22 20:59:34,638] {logging_mixin.py:109} INFO - [2023-12-22 20:59:34,638] {dag.py:2398} INFO - Sync 1 DAGs
[2023-12-22 20:59:34,668] {logging_mixin.py:109} INFO - [2023-12-22 20:59:34,668] {dag.py:2937} INFO - Setting next_dagrun for example_sla_dag to 2023-12-22T20:56:00+00:00
[2023-12-22 20:59:34,686] {processor.py:171} INFO - Processing /home/airflow/.local/lib/python3.6/site-packages/airflow/example_dags/example_sla_dag.py took 0.119 seconds
[2023-12-22 21:00:05,341] {processor.py:163} INFO - Started process (PID=2666) to work on /home/airflow/.local/lib/python3.6/site-packages/airflow/example_dags/example_sla_dag.py
[2023-12-22 21:00:05,345] {processor.py:642} INFO - Processing file /home/airflow/.local/lib/python3.6/site-packages/airflow/example_dags/example_sla_dag.py for tasks to queue
[2023-12-22 21:00:05,359] {logging_mixin.py:109} INFO - [2023-12-22 21:00:05,359] {dagbag.py:500} INFO - Filling up the DagBag from /home/airflow/.local/lib/python3.6/site-packages/airflow/example_dags/example_sla_dag.py
[2023-12-22 21:00:05,435] {processor.py:652} INFO - DAG(s) dict_keys(['example_sla_dag']) retrieved from /home/airflow/.local/lib/python3.6/site-packages/airflow/example_dags/example_sla_dag.py
[2023-12-22 21:00:05,502] {logging_mixin.py:109} INFO - [2023-12-22 21:00:05,501] {dag.py:2398} INFO - Sync 1 DAGs
[2023-12-22 21:00:05,587] {logging_mixin.py:109} INFO - [2023-12-22 21:00:05,586] {dag.py:2937} INFO - Setting next_dagrun for example_sla_dag to 2023-12-22T20:58:00+00:00
[2023-12-22 21:00:05,618] {processor.py:171} INFO - Processing /home/airflow/.local/lib/python3.6/site-packages/airflow/example_dags/example_sla_dag.py took 0.284 seconds
[2023-12-22 21:00:36,000] {processor.py:163} INFO - Started process (PID=2729) to work on /home/airflow/.local/lib/python3.6/site-packages/airflow/example_dags/example_sla_dag.py
[2023-12-22 21:00:36,005] {processor.py:642} INFO - Processing file /home/airflow/.local/lib/python3.6/site-packages/airflow/example_dags/example_sla_dag.py for tasks to queue
[2023-12-22 21:00:36,011] {logging_mixin.py:109} INFO - [2023-12-22 21:00:36,010] {dagbag.py:500} INFO - Filling up the DagBag from /home/airflow/.local/lib/python3.6/site-packages/airflow/example_dags/example_sla_dag.py
[2023-12-22 21:00:36,067] {processor.py:652} INFO - DAG(s) dict_keys(['example_sla_dag']) retrieved from /home/airflow/.local/lib/python3.6/site-packages/airflow/example_dags/example_sla_dag.py
[2023-12-22 21:00:36,107] {logging_mixin.py:109} INFO - [2023-12-22 21:00:36,106] {dag.py:2398} INFO - Sync 1 DAGs
[2023-12-22 21:00:36,176] {logging_mixin.py:109} INFO - [2023-12-22 21:00:36,176] {dag.py:2937} INFO - Setting next_dagrun for example_sla_dag to 2023-12-22T20:58:00+00:00
[2023-12-22 21:00:36,205] {processor.py:171} INFO - Processing /home/airflow/.local/lib/python3.6/site-packages/airflow/example_dags/example_sla_dag.py took 0.209 seconds
[2023-12-22 21:01:06,963] {processor.py:163} INFO - Started process (PID=2792) to work on /home/airflow/.local/lib/python3.6/site-packages/airflow/example_dags/example_sla_dag.py
[2023-12-22 21:01:06,997] {processor.py:642} INFO - Processing file /home/airflow/.local/lib/python3.6/site-packages/airflow/example_dags/example_sla_dag.py for tasks to queue
[2023-12-22 21:01:06,998] {logging_mixin.py:109} INFO - [2023-12-22 21:01:06,998] {dagbag.py:500} INFO - Filling up the DagBag from /home/airflow/.local/lib/python3.6/site-packages/airflow/example_dags/example_sla_dag.py
[2023-12-22 21:01:07,020] {processor.py:652} INFO - DAG(s) dict_keys(['example_sla_dag']) retrieved from /home/airflow/.local/lib/python3.6/site-packages/airflow/example_dags/example_sla_dag.py
[2023-12-22 21:01:07,050] {logging_mixin.py:109} INFO - [2023-12-22 21:01:07,050] {dag.py:2398} INFO - Sync 1 DAGs
[2023-12-22 21:01:07,107] {logging_mixin.py:109} INFO - [2023-12-22 21:01:07,106] {dag.py:2937} INFO - Setting next_dagrun for example_sla_dag to 2023-12-22T20:58:00+00:00
[2023-12-22 21:01:07,127] {processor.py:171} INFO - Processing /home/airflow/.local/lib/python3.6/site-packages/airflow/example_dags/example_sla_dag.py took 0.168 seconds
[2023-12-22 21:01:37,207] {processor.py:163} INFO - Started process (PID=2865) to work on /home/airflow/.local/lib/python3.6/site-packages/airflow/example_dags/example_sla_dag.py
[2023-12-22 21:01:37,214] {processor.py:642} INFO - Processing file /home/airflow/.local/lib/python3.6/site-packages/airflow/example_dags/example_sla_dag.py for tasks to queue
[2023-12-22 21:01:37,217] {logging_mixin.py:109} INFO - [2023-12-22 21:01:37,217] {dagbag.py:500} INFO - Filling up the DagBag from /home/airflow/.local/lib/python3.6/site-packages/airflow/example_dags/example_sla_dag.py
[2023-12-22 21:01:37,247] {processor.py:652} INFO - DAG(s) dict_keys(['example_sla_dag']) retrieved from /home/airflow/.local/lib/python3.6/site-packages/airflow/example_dags/example_sla_dag.py
[2023-12-22 21:01:37,286] {logging_mixin.py:109} INFO - [2023-12-22 21:01:37,286] {dag.py:2398} INFO - Sync 1 DAGs
[2023-12-22 21:01:37,328] {logging_mixin.py:109} INFO - [2023-12-22 21:01:37,328] {dag.py:2937} INFO - Setting next_dagrun for example_sla_dag to 2023-12-22T20:58:00+00:00
[2023-12-22 21:01:37,354] {processor.py:171} INFO - Processing /home/airflow/.local/lib/python3.6/site-packages/airflow/example_dags/example_sla_dag.py took 0.152 seconds
[2023-12-22 21:02:07,567] {processor.py:163} INFO - Started process (PID=2930) to work on /home/airflow/.local/lib/python3.6/site-packages/airflow/example_dags/example_sla_dag.py
[2023-12-22 21:02:07,570] {processor.py:642} INFO - Processing file /home/airflow/.local/lib/python3.6/site-packages/airflow/example_dags/example_sla_dag.py for tasks to queue
[2023-12-22 21:02:07,571] {logging_mixin.py:109} INFO - [2023-12-22 21:02:07,571] {dagbag.py:500} INFO - Filling up the DagBag from /home/airflow/.local/lib/python3.6/site-packages/airflow/example_dags/example_sla_dag.py
[2023-12-22 21:02:07,606] {processor.py:652} INFO - DAG(s) dict_keys(['example_sla_dag']) retrieved from /home/airflow/.local/lib/python3.6/site-packages/airflow/example_dags/example_sla_dag.py
[2023-12-22 21:02:07,625] {logging_mixin.py:109} INFO - [2023-12-22 21:02:07,625] {dag.py:2398} INFO - Sync 1 DAGs
[2023-12-22 21:02:07,647] {logging_mixin.py:109} INFO - [2023-12-22 21:02:07,647] {dag.py:2937} INFO - Setting next_dagrun for example_sla_dag to 2023-12-22T21:00:00+00:00
[2023-12-22 21:02:07,663] {processor.py:171} INFO - Processing /home/airflow/.local/lib/python3.6/site-packages/airflow/example_dags/example_sla_dag.py took 0.098 seconds
[2023-12-22 21:02:37,996] {processor.py:163} INFO - Started process (PID=3005) to work on /home/airflow/.local/lib/python3.6/site-packages/airflow/example_dags/example_sla_dag.py
[2023-12-22 21:02:37,997] {processor.py:642} INFO - Processing file /home/airflow/.local/lib/python3.6/site-packages/airflow/example_dags/example_sla_dag.py for tasks to queue
[2023-12-22 21:02:37,997] {logging_mixin.py:109} INFO - [2023-12-22 21:02:37,997] {dagbag.py:500} INFO - Filling up the DagBag from /home/airflow/.local/lib/python3.6/site-packages/airflow/example_dags/example_sla_dag.py
[2023-12-22 21:02:38,026] {processor.py:652} INFO - DAG(s) dict_keys(['example_sla_dag']) retrieved from /home/airflow/.local/lib/python3.6/site-packages/airflow/example_dags/example_sla_dag.py
[2023-12-22 21:02:38,049] {logging_mixin.py:109} INFO - [2023-12-22 21:02:38,049] {dag.py:2398} INFO - Sync 1 DAGs
[2023-12-22 21:02:38,073] {logging_mixin.py:109} INFO - [2023-12-22 21:02:38,073] {dag.py:2937} INFO - Setting next_dagrun for example_sla_dag to 2023-12-22T21:00:00+00:00
[2023-12-22 21:02:38,090] {processor.py:171} INFO - Processing /home/airflow/.local/lib/python3.6/site-packages/airflow/example_dags/example_sla_dag.py took 0.098 seconds
[2023-12-22 21:03:08,628] {processor.py:163} INFO - Started process (PID=3069) to work on /home/airflow/.local/lib/python3.6/site-packages/airflow/example_dags/example_sla_dag.py
[2023-12-22 21:03:08,629] {processor.py:642} INFO - Processing file /home/airflow/.local/lib/python3.6/site-packages/airflow/example_dags/example_sla_dag.py for tasks to queue
[2023-12-22 21:03:08,630] {logging_mixin.py:109} INFO - [2023-12-22 21:03:08,630] {dagbag.py:500} INFO - Filling up the DagBag from /home/airflow/.local/lib/python3.6/site-packages/airflow/example_dags/example_sla_dag.py
[2023-12-22 21:03:08,648] {processor.py:652} INFO - DAG(s) dict_keys(['example_sla_dag']) retrieved from /home/airflow/.local/lib/python3.6/site-packages/airflow/example_dags/example_sla_dag.py
[2023-12-22 21:03:08,674] {logging_mixin.py:109} INFO - [2023-12-22 21:03:08,673] {dag.py:2398} INFO - Sync 1 DAGs
[2023-12-22 21:03:08,701] {logging_mixin.py:109} INFO - [2023-12-22 21:03:08,701] {dag.py:2937} INFO - Setting next_dagrun for example_sla_dag to 2023-12-22T21:00:00+00:00
[2023-12-22 21:03:08,712] {processor.py:171} INFO - Processing /home/airflow/.local/lib/python3.6/site-packages/airflow/example_dags/example_sla_dag.py took 0.087 seconds
[2023-12-22 21:03:38,793] {processor.py:163} INFO - Started process (PID=3142) to work on /home/airflow/.local/lib/python3.6/site-packages/airflow/example_dags/example_sla_dag.py
[2023-12-22 21:03:38,794] {processor.py:642} INFO - Processing file /home/airflow/.local/lib/python3.6/site-packages/airflow/example_dags/example_sla_dag.py for tasks to queue
[2023-12-22 21:03:38,795] {logging_mixin.py:109} INFO - [2023-12-22 21:03:38,795] {dagbag.py:500} INFO - Filling up the DagBag from /home/airflow/.local/lib/python3.6/site-packages/airflow/example_dags/example_sla_dag.py
[2023-12-22 21:03:38,820] {processor.py:652} INFO - DAG(s) dict_keys(['example_sla_dag']) retrieved from /home/airflow/.local/lib/python3.6/site-packages/airflow/example_dags/example_sla_dag.py
[2023-12-22 21:03:38,837] {logging_mixin.py:109} INFO - [2023-12-22 21:03:38,836] {dag.py:2398} INFO - Sync 1 DAGs
[2023-12-22 21:03:38,856] {logging_mixin.py:109} INFO - [2023-12-22 21:03:38,855] {dag.py:2937} INFO - Setting next_dagrun for example_sla_dag to 2023-12-22T21:00:00+00:00
[2023-12-22 21:03:38,865] {processor.py:171} INFO - Processing /home/airflow/.local/lib/python3.6/site-packages/airflow/example_dags/example_sla_dag.py took 0.081 seconds
[2023-12-22 21:04:08,990] {processor.py:163} INFO - Started process (PID=3206) to work on /home/airflow/.local/lib/python3.6/site-packages/airflow/example_dags/example_sla_dag.py
[2023-12-22 21:04:08,994] {processor.py:642} INFO - Processing file /home/airflow/.local/lib/python3.6/site-packages/airflow/example_dags/example_sla_dag.py for tasks to queue
[2023-12-22 21:04:09,009] {logging_mixin.py:109} INFO - [2023-12-22 21:04:09,009] {dagbag.py:500} INFO - Filling up the DagBag from /home/airflow/.local/lib/python3.6/site-packages/airflow/example_dags/example_sla_dag.py
[2023-12-22 21:04:09,045] {processor.py:652} INFO - DAG(s) dict_keys(['example_sla_dag']) retrieved from /home/airflow/.local/lib/python3.6/site-packages/airflow/example_dags/example_sla_dag.py
[2023-12-22 21:04:09,074] {logging_mixin.py:109} INFO - [2023-12-22 21:04:09,074] {dag.py:2398} INFO - Sync 1 DAGs
[2023-12-22 21:04:09,092] {logging_mixin.py:109} INFO - [2023-12-22 21:04:09,092] {dag.py:2937} INFO - Setting next_dagrun for example_sla_dag to 2023-12-22T21:02:00+00:00
[2023-12-22 21:04:09,100] {processor.py:171} INFO - Processing /home/airflow/.local/lib/python3.6/site-packages/airflow/example_dags/example_sla_dag.py took 0.113 seconds
[2023-12-22 21:04:39,295] {processor.py:163} INFO - Started process (PID=3280) to work on /home/airflow/.local/lib/python3.6/site-packages/airflow/example_dags/example_sla_dag.py
[2023-12-22 21:04:39,296] {processor.py:642} INFO - Processing file /home/airflow/.local/lib/python3.6/site-packages/airflow/example_dags/example_sla_dag.py for tasks to queue
[2023-12-22 21:04:39,296] {logging_mixin.py:109} INFO - [2023-12-22 21:04:39,296] {dagbag.py:500} INFO - Filling up the DagBag from /home/airflow/.local/lib/python3.6/site-packages/airflow/example_dags/example_sla_dag.py
[2023-12-22 21:04:39,315] {processor.py:652} INFO - DAG(s) dict_keys(['example_sla_dag']) retrieved from /home/airflow/.local/lib/python3.6/site-packages/airflow/example_dags/example_sla_dag.py
[2023-12-22 21:04:39,336] {logging_mixin.py:109} INFO - [2023-12-22 21:04:39,336] {dag.py:2398} INFO - Sync 1 DAGs
[2023-12-22 21:04:39,357] {logging_mixin.py:109} INFO - [2023-12-22 21:04:39,357] {dag.py:2937} INFO - Setting next_dagrun for example_sla_dag to 2023-12-22T21:02:00+00:00
[2023-12-22 21:04:39,368] {processor.py:171} INFO - Processing /home/airflow/.local/lib/python3.6/site-packages/airflow/example_dags/example_sla_dag.py took 0.078 seconds
[2023-12-22 21:05:09,524] {processor.py:163} INFO - Started process (PID=3344) to work on /home/airflow/.local/lib/python3.6/site-packages/airflow/example_dags/example_sla_dag.py
[2023-12-22 21:05:09,526] {processor.py:642} INFO - Processing file /home/airflow/.local/lib/python3.6/site-packages/airflow/example_dags/example_sla_dag.py for tasks to queue
[2023-12-22 21:05:09,527] {logging_mixin.py:109} INFO - [2023-12-22 21:05:09,527] {dagbag.py:500} INFO - Filling up the DagBag from /home/airflow/.local/lib/python3.6/site-packages/airflow/example_dags/example_sla_dag.py
[2023-12-22 21:05:09,553] {processor.py:652} INFO - DAG(s) dict_keys(['example_sla_dag']) retrieved from /home/airflow/.local/lib/python3.6/site-packages/airflow/example_dags/example_sla_dag.py
[2023-12-22 21:05:09,577] {logging_mixin.py:109} INFO - [2023-12-22 21:05:09,577] {dag.py:2398} INFO - Sync 1 DAGs
[2023-12-22 21:05:09,595] {logging_mixin.py:109} INFO - [2023-12-22 21:05:09,595] {dag.py:2937} INFO - Setting next_dagrun for example_sla_dag to 2023-12-22T21:02:00+00:00
[2023-12-22 21:05:09,605] {processor.py:171} INFO - Processing /home/airflow/.local/lib/python3.6/site-packages/airflow/example_dags/example_sla_dag.py took 0.084 seconds
[2023-12-22 21:05:39,865] {processor.py:163} INFO - Started process (PID=3418) to work on /home/airflow/.local/lib/python3.6/site-packages/airflow/example_dags/example_sla_dag.py
[2023-12-22 21:05:39,867] {processor.py:642} INFO - Processing file /home/airflow/.local/lib/python3.6/site-packages/airflow/example_dags/example_sla_dag.py for tasks to queue
[2023-12-22 21:05:39,867] {logging_mixin.py:109} INFO - [2023-12-22 21:05:39,867] {dagbag.py:500} INFO - Filling up the DagBag from /home/airflow/.local/lib/python3.6/site-packages/airflow/example_dags/example_sla_dag.py
[2023-12-22 21:05:39,886] {processor.py:652} INFO - DAG(s) dict_keys(['example_sla_dag']) retrieved from /home/airflow/.local/lib/python3.6/site-packages/airflow/example_dags/example_sla_dag.py
[2023-12-22 21:05:39,905] {logging_mixin.py:109} INFO - [2023-12-22 21:05:39,905] {dag.py:2398} INFO - Sync 1 DAGs
[2023-12-22 21:05:39,928] {logging_mixin.py:109} INFO - [2023-12-22 21:05:39,928] {dag.py:2937} INFO - Setting next_dagrun for example_sla_dag to 2023-12-22T21:02:00+00:00
[2023-12-22 21:05:39,937] {processor.py:171} INFO - Processing /home/airflow/.local/lib/python3.6/site-packages/airflow/example_dags/example_sla_dag.py took 0.075 seconds
[2023-12-22 21:06:10,183] {processor.py:163} INFO - Started process (PID=3482) to work on /home/airflow/.local/lib/python3.6/site-packages/airflow/example_dags/example_sla_dag.py
[2023-12-22 21:06:10,184] {processor.py:642} INFO - Processing file /home/airflow/.local/lib/python3.6/site-packages/airflow/example_dags/example_sla_dag.py for tasks to queue
[2023-12-22 21:06:10,185] {logging_mixin.py:109} INFO - [2023-12-22 21:06:10,185] {dagbag.py:500} INFO - Filling up the DagBag from /home/airflow/.local/lib/python3.6/site-packages/airflow/example_dags/example_sla_dag.py
[2023-12-22 21:06:10,202] {processor.py:652} INFO - DAG(s) dict_keys(['example_sla_dag']) retrieved from /home/airflow/.local/lib/python3.6/site-packages/airflow/example_dags/example_sla_dag.py
[2023-12-22 21:06:10,217] {logging_mixin.py:109} INFO - [2023-12-22 21:06:10,217] {dag.py:2398} INFO - Sync 1 DAGs
[2023-12-22 21:06:10,238] {logging_mixin.py:109} INFO - [2023-12-22 21:06:10,238] {dag.py:2937} INFO - Setting next_dagrun for example_sla_dag to 2023-12-22T21:04:00+00:00
[2023-12-22 21:06:10,250] {processor.py:171} INFO - Processing /home/airflow/.local/lib/python3.6/site-packages/airflow/example_dags/example_sla_dag.py took 0.068 seconds
[2023-12-22 21:06:40,296] {processor.py:163} INFO - Started process (PID=3556) to work on /home/airflow/.local/lib/python3.6/site-packages/airflow/example_dags/example_sla_dag.py
[2023-12-22 21:06:40,297] {processor.py:642} INFO - Processing file /home/airflow/.local/lib/python3.6/site-packages/airflow/example_dags/example_sla_dag.py for tasks to queue
[2023-12-22 21:06:40,298] {logging_mixin.py:109} INFO - [2023-12-22 21:06:40,298] {dagbag.py:500} INFO - Filling up the DagBag from /home/airflow/.local/lib/python3.6/site-packages/airflow/example_dags/example_sla_dag.py
[2023-12-22 21:06:40,323] {processor.py:652} INFO - DAG(s) dict_keys(['example_sla_dag']) retrieved from /home/airflow/.local/lib/python3.6/site-packages/airflow/example_dags/example_sla_dag.py
[2023-12-22 21:06:40,341] {logging_mixin.py:109} INFO - [2023-12-22 21:06:40,341] {dag.py:2398} INFO - Sync 1 DAGs
[2023-12-22 21:06:40,362] {logging_mixin.py:109} INFO - [2023-12-22 21:06:40,362] {dag.py:2937} INFO - Setting next_dagrun for example_sla_dag to 2023-12-22T21:04:00+00:00
[2023-12-22 21:06:40,373] {processor.py:171} INFO - Processing /home/airflow/.local/lib/python3.6/site-packages/airflow/example_dags/example_sla_dag.py took 0.079 seconds
[2023-12-22 21:07:10,795] {processor.py:163} INFO - Started process (PID=3620) to work on /home/airflow/.local/lib/python3.6/site-packages/airflow/example_dags/example_sla_dag.py
[2023-12-22 21:07:10,796] {processor.py:642} INFO - Processing file /home/airflow/.local/lib/python3.6/site-packages/airflow/example_dags/example_sla_dag.py for tasks to queue
[2023-12-22 21:07:10,797] {logging_mixin.py:109} INFO - [2023-12-22 21:07:10,797] {dagbag.py:500} INFO - Filling up the DagBag from /home/airflow/.local/lib/python3.6/site-packages/airflow/example_dags/example_sla_dag.py
[2023-12-22 21:07:10,822] {processor.py:652} INFO - DAG(s) dict_keys(['example_sla_dag']) retrieved from /home/airflow/.local/lib/python3.6/site-packages/airflow/example_dags/example_sla_dag.py
[2023-12-22 21:07:10,843] {logging_mixin.py:109} INFO - [2023-12-22 21:07:10,843] {dag.py:2398} INFO - Sync 1 DAGs
[2023-12-22 21:07:10,862] {logging_mixin.py:109} INFO - [2023-12-22 21:07:10,862] {dag.py:2937} INFO - Setting next_dagrun for example_sla_dag to 2023-12-22T21:04:00+00:00
[2023-12-22 21:07:10,870] {processor.py:171} INFO - Processing /home/airflow/.local/lib/python3.6/site-packages/airflow/example_dags/example_sla_dag.py took 0.077 seconds
[2023-12-22 21:07:41,271] {processor.py:163} INFO - Started process (PID=3694) to work on /home/airflow/.local/lib/python3.6/site-packages/airflow/example_dags/example_sla_dag.py
[2023-12-22 21:07:41,272] {processor.py:642} INFO - Processing file /home/airflow/.local/lib/python3.6/site-packages/airflow/example_dags/example_sla_dag.py for tasks to queue
[2023-12-22 21:07:41,275] {logging_mixin.py:109} INFO - [2023-12-22 21:07:41,275] {dagbag.py:500} INFO - Filling up the DagBag from /home/airflow/.local/lib/python3.6/site-packages/airflow/example_dags/example_sla_dag.py
[2023-12-22 21:07:41,298] {processor.py:652} INFO - DAG(s) dict_keys(['example_sla_dag']) retrieved from /home/airflow/.local/lib/python3.6/site-packages/airflow/example_dags/example_sla_dag.py
[2023-12-22 21:07:41,323] {logging_mixin.py:109} INFO - [2023-12-22 21:07:41,323] {dag.py:2398} INFO - Sync 1 DAGs
[2023-12-22 21:07:41,350] {logging_mixin.py:109} INFO - [2023-12-22 21:07:41,350] {dag.py:2937} INFO - Setting next_dagrun for example_sla_dag to 2023-12-22T21:04:00+00:00
[2023-12-22 21:07:41,365] {processor.py:171} INFO - Processing /home/airflow/.local/lib/python3.6/site-packages/airflow/example_dags/example_sla_dag.py took 0.096 seconds
[2023-12-22 21:08:11,535] {processor.py:163} INFO - Started process (PID=3766) to work on /home/airflow/.local/lib/python3.6/site-packages/airflow/example_dags/example_sla_dag.py
[2023-12-22 21:08:11,537] {processor.py:642} INFO - Processing file /home/airflow/.local/lib/python3.6/site-packages/airflow/example_dags/example_sla_dag.py for tasks to queue
[2023-12-22 21:08:11,537] {logging_mixin.py:109} INFO - [2023-12-22 21:08:11,537] {dagbag.py:500} INFO - Filling up the DagBag from /home/airflow/.local/lib/python3.6/site-packages/airflow/example_dags/example_sla_dag.py
[2023-12-22 21:08:11,557] {processor.py:652} INFO - DAG(s) dict_keys(['example_sla_dag']) retrieved from /home/airflow/.local/lib/python3.6/site-packages/airflow/example_dags/example_sla_dag.py
[2023-12-22 21:08:11,575] {logging_mixin.py:109} INFO - [2023-12-22 21:08:11,575] {dag.py:2398} INFO - Sync 1 DAGs
[2023-12-22 21:08:11,596] {logging_mixin.py:109} INFO - [2023-12-22 21:08:11,596] {dag.py:2937} INFO - Setting next_dagrun for example_sla_dag to 2023-12-22T21:06:00+00:00
[2023-12-22 21:08:11,606] {processor.py:171} INFO - Processing /home/airflow/.local/lib/python3.6/site-packages/airflow/example_dags/example_sla_dag.py took 0.074 seconds
[2023-12-22 21:08:41,850] {processor.py:163} INFO - Started process (PID=3822) to work on /home/airflow/.local/lib/python3.6/site-packages/airflow/example_dags/example_sla_dag.py
[2023-12-22 21:08:41,851] {processor.py:642} INFO - Processing file /home/airflow/.local/lib/python3.6/site-packages/airflow/example_dags/example_sla_dag.py for tasks to queue
[2023-12-22 21:08:41,852] {logging_mixin.py:109} INFO - [2023-12-22 21:08:41,852] {dagbag.py:500} INFO - Filling up the DagBag from /home/airflow/.local/lib/python3.6/site-packages/airflow/example_dags/example_sla_dag.py
[2023-12-22 21:08:41,866] {processor.py:652} INFO - DAG(s) dict_keys(['example_sla_dag']) retrieved from /home/airflow/.local/lib/python3.6/site-packages/airflow/example_dags/example_sla_dag.py
[2023-12-22 21:08:41,883] {logging_mixin.py:109} INFO - [2023-12-22 21:08:41,883] {dag.py:2398} INFO - Sync 1 DAGs
[2023-12-22 21:08:42,000] {logging_mixin.py:109} INFO - [2023-12-22 21:08:42,000] {dag.py:2937} INFO - Setting next_dagrun for example_sla_dag to 2023-12-22T21:06:00+00:00
[2023-12-22 21:08:42,016] {processor.py:171} INFO - Processing /home/airflow/.local/lib/python3.6/site-packages/airflow/example_dags/example_sla_dag.py took 0.169 seconds
[2023-12-22 21:09:12,561] {processor.py:163} INFO - Started process (PID=3894) to work on /home/airflow/.local/lib/python3.6/site-packages/airflow/example_dags/example_sla_dag.py
[2023-12-22 21:09:12,562] {processor.py:642} INFO - Processing file /home/airflow/.local/lib/python3.6/site-packages/airflow/example_dags/example_sla_dag.py for tasks to queue
[2023-12-22 21:09:12,562] {logging_mixin.py:109} INFO - [2023-12-22 21:09:12,562] {dagbag.py:500} INFO - Filling up the DagBag from /home/airflow/.local/lib/python3.6/site-packages/airflow/example_dags/example_sla_dag.py
[2023-12-22 21:09:12,578] {processor.py:652} INFO - DAG(s) dict_keys(['example_sla_dag']) retrieved from /home/airflow/.local/lib/python3.6/site-packages/airflow/example_dags/example_sla_dag.py
[2023-12-22 21:09:12,600] {logging_mixin.py:109} INFO - [2023-12-22 21:09:12,600] {dag.py:2398} INFO - Sync 1 DAGs
[2023-12-22 21:09:12,629] {logging_mixin.py:109} INFO - [2023-12-22 21:09:12,629] {dag.py:2937} INFO - Setting next_dagrun for example_sla_dag to 2023-12-22T21:06:00+00:00
[2023-12-22 21:09:12,639] {processor.py:171} INFO - Processing /home/airflow/.local/lib/python3.6/site-packages/airflow/example_dags/example_sla_dag.py took 0.081 seconds
[2023-12-22 21:09:43,595] {processor.py:163} INFO - Started process (PID=3958) to work on /home/airflow/.local/lib/python3.6/site-packages/airflow/example_dags/example_sla_dag.py
[2023-12-22 21:09:43,596] {processor.py:642} INFO - Processing file /home/airflow/.local/lib/python3.6/site-packages/airflow/example_dags/example_sla_dag.py for tasks to queue
[2023-12-22 21:09:43,597] {logging_mixin.py:109} INFO - [2023-12-22 21:09:43,597] {dagbag.py:500} INFO - Filling up the DagBag from /home/airflow/.local/lib/python3.6/site-packages/airflow/example_dags/example_sla_dag.py
[2023-12-22 21:09:43,617] {processor.py:652} INFO - DAG(s) dict_keys(['example_sla_dag']) retrieved from /home/airflow/.local/lib/python3.6/site-packages/airflow/example_dags/example_sla_dag.py
[2023-12-22 21:09:43,637] {logging_mixin.py:109} INFO - [2023-12-22 21:09:43,637] {dag.py:2398} INFO - Sync 1 DAGs
[2023-12-22 21:09:43,655] {logging_mixin.py:109} INFO - [2023-12-22 21:09:43,655] {dag.py:2937} INFO - Setting next_dagrun for example_sla_dag to 2023-12-22T21:06:00+00:00
[2023-12-22 21:09:43,664] {processor.py:171} INFO - Processing /home/airflow/.local/lib/python3.6/site-packages/airflow/example_dags/example_sla_dag.py took 0.072 seconds
[2023-12-22 21:10:14,389] {processor.py:163} INFO - Started process (PID=4032) to work on /home/airflow/.local/lib/python3.6/site-packages/airflow/example_dags/example_sla_dag.py
[2023-12-22 21:10:14,390] {processor.py:642} INFO - Processing file /home/airflow/.local/lib/python3.6/site-packages/airflow/example_dags/example_sla_dag.py for tasks to queue
[2023-12-22 21:10:14,392] {logging_mixin.py:109} INFO - [2023-12-22 21:10:14,392] {dagbag.py:500} INFO - Filling up the DagBag from /home/airflow/.local/lib/python3.6/site-packages/airflow/example_dags/example_sla_dag.py
[2023-12-22 21:10:14,408] {processor.py:652} INFO - DAG(s) dict_keys(['example_sla_dag']) retrieved from /home/airflow/.local/lib/python3.6/site-packages/airflow/example_dags/example_sla_dag.py
[2023-12-22 21:10:14,423] {logging_mixin.py:109} INFO - [2023-12-22 21:10:14,423] {dag.py:2398} INFO - Sync 1 DAGs
[2023-12-22 21:10:14,448] {logging_mixin.py:109} INFO - [2023-12-22 21:10:14,448] {dag.py:2937} INFO - Setting next_dagrun for example_sla_dag to 2023-12-22T21:08:00+00:00
[2023-12-22 21:10:14,461] {processor.py:171} INFO - Processing /home/airflow/.local/lib/python3.6/site-packages/airflow/example_dags/example_sla_dag.py took 0.074 seconds
[2023-12-22 21:10:44,552] {processor.py:163} INFO - Started process (PID=4097) to work on /home/airflow/.local/lib/python3.6/site-packages/airflow/example_dags/example_sla_dag.py
[2023-12-22 21:10:44,554] {processor.py:642} INFO - Processing file /home/airflow/.local/lib/python3.6/site-packages/airflow/example_dags/example_sla_dag.py for tasks to queue
[2023-12-22 21:10:44,555] {logging_mixin.py:109} INFO - [2023-12-22 21:10:44,554] {dagbag.py:500} INFO - Filling up the DagBag from /home/airflow/.local/lib/python3.6/site-packages/airflow/example_dags/example_sla_dag.py
[2023-12-22 21:10:44,574] {processor.py:652} INFO - DAG(s) dict_keys(['example_sla_dag']) retrieved from /home/airflow/.local/lib/python3.6/site-packages/airflow/example_dags/example_sla_dag.py
[2023-12-22 21:10:44,591] {logging_mixin.py:109} INFO - [2023-12-22 21:10:44,591] {dag.py:2398} INFO - Sync 1 DAGs
[2023-12-22 21:10:44,609] {logging_mixin.py:109} INFO - [2023-12-22 21:10:44,609] {dag.py:2937} INFO - Setting next_dagrun for example_sla_dag to 2023-12-22T21:08:00+00:00
[2023-12-22 21:10:44,618] {processor.py:171} INFO - Processing /home/airflow/.local/lib/python3.6/site-packages/airflow/example_dags/example_sla_dag.py took 0.069 seconds
[2023-12-22 21:11:15,441] {processor.py:163} INFO - Started process (PID=4170) to work on /home/airflow/.local/lib/python3.6/site-packages/airflow/example_dags/example_sla_dag.py
[2023-12-22 21:11:15,442] {processor.py:642} INFO - Processing file /home/airflow/.local/lib/python3.6/site-packages/airflow/example_dags/example_sla_dag.py for tasks to queue
[2023-12-22 21:11:15,442] {logging_mixin.py:109} INFO - [2023-12-22 21:11:15,442] {dagbag.py:500} INFO - Filling up the DagBag from /home/airflow/.local/lib/python3.6/site-packages/airflow/example_dags/example_sla_dag.py
[2023-12-22 21:11:15,461] {processor.py:652} INFO - DAG(s) dict_keys(['example_sla_dag']) retrieved from /home/airflow/.local/lib/python3.6/site-packages/airflow/example_dags/example_sla_dag.py
[2023-12-22 21:11:15,490] {logging_mixin.py:109} INFO - [2023-12-22 21:11:15,490] {dag.py:2398} INFO - Sync 1 DAGs
[2023-12-22 21:11:15,513] {logging_mixin.py:109} INFO - [2023-12-22 21:11:15,513] {dag.py:2937} INFO - Setting next_dagrun for example_sla_dag to 2023-12-22T21:08:00+00:00
[2023-12-22 21:11:15,523] {processor.py:171} INFO - Processing /home/airflow/.local/lib/python3.6/site-packages/airflow/example_dags/example_sla_dag.py took 0.085 seconds
[2023-12-22 21:11:45,937] {processor.py:163} INFO - Started process (PID=4235) to work on /home/airflow/.local/lib/python3.6/site-packages/airflow/example_dags/example_sla_dag.py
[2023-12-22 21:11:45,941] {processor.py:642} INFO - Processing file /home/airflow/.local/lib/python3.6/site-packages/airflow/example_dags/example_sla_dag.py for tasks to queue
[2023-12-22 21:11:45,942] {logging_mixin.py:109} INFO - [2023-12-22 21:11:45,942] {dagbag.py:500} INFO - Filling up the DagBag from /home/airflow/.local/lib/python3.6/site-packages/airflow/example_dags/example_sla_dag.py
[2023-12-22 21:11:45,970] {processor.py:652} INFO - DAG(s) dict_keys(['example_sla_dag']) retrieved from /home/airflow/.local/lib/python3.6/site-packages/airflow/example_dags/example_sla_dag.py
[2023-12-22 21:11:45,993] {logging_mixin.py:109} INFO - [2023-12-22 21:11:45,993] {dag.py:2398} INFO - Sync 1 DAGs
[2023-12-22 21:11:46,026] {logging_mixin.py:109} INFO - [2023-12-22 21:11:46,026] {dag.py:2937} INFO - Setting next_dagrun for example_sla_dag to 2023-12-22T21:08:00+00:00
[2023-12-22 21:11:46,040] {processor.py:171} INFO - Processing /home/airflow/.local/lib/python3.6/site-packages/airflow/example_dags/example_sla_dag.py took 0.108 seconds
