[2023-12-22 20:40:27,908] {processor.py:163} INFO - Started process (PID=55) to work on /home/airflow/.local/lib/python3.6/site-packages/airflow/example_dags/example_bash_operator.py
[2023-12-22 20:40:27,910] {processor.py:642} INFO - Processing file /home/airflow/.local/lib/python3.6/site-packages/airflow/example_dags/example_bash_operator.py for tasks to queue
[2023-12-22 20:40:27,911] {logging_mixin.py:109} INFO - [2023-12-22 20:40:27,910] {dagbag.py:500} INFO - Filling up the DagBag from /home/airflow/.local/lib/python3.6/site-packages/airflow/example_dags/example_bash_operator.py
[2023-12-22 20:40:27,932] {processor.py:652} INFO - DAG(s) dict_keys(['example_bash_operator']) retrieved from /home/airflow/.local/lib/python3.6/site-packages/airflow/example_dags/example_bash_operator.py
[2023-12-22 20:40:27,952] {logging_mixin.py:109} INFO - [2023-12-22 20:40:27,952] {dag.py:2398} INFO - Sync 1 DAGs
[2023-12-22 20:40:27,970] {logging_mixin.py:109} INFO - [2023-12-22 20:40:27,970] {dag.py:2937} INFO - Setting next_dagrun for example_bash_operator to 2023-12-21 00:00:00+00:00
[2023-12-22 20:40:27,980] {processor.py:171} INFO - Processing /home/airflow/.local/lib/python3.6/site-packages/airflow/example_dags/example_bash_operator.py took 0.074 seconds
[2023-12-22 20:40:59,093] {processor.py:163} INFO - Started process (PID=129) to work on /home/airflow/.local/lib/python3.6/site-packages/airflow/example_dags/example_bash_operator.py
[2023-12-22 20:40:59,094] {processor.py:642} INFO - Processing file /home/airflow/.local/lib/python3.6/site-packages/airflow/example_dags/example_bash_operator.py for tasks to queue
[2023-12-22 20:40:59,095] {logging_mixin.py:109} INFO - [2023-12-22 20:40:59,095] {dagbag.py:500} INFO - Filling up the DagBag from /home/airflow/.local/lib/python3.6/site-packages/airflow/example_dags/example_bash_operator.py
[2023-12-22 20:40:59,121] {processor.py:652} INFO - DAG(s) dict_keys(['example_bash_operator']) retrieved from /home/airflow/.local/lib/python3.6/site-packages/airflow/example_dags/example_bash_operator.py
[2023-12-22 20:40:59,144] {logging_mixin.py:109} INFO - [2023-12-22 20:40:59,144] {dag.py:2398} INFO - Sync 1 DAGs
[2023-12-22 20:40:59,161] {logging_mixin.py:109} INFO - [2023-12-22 20:40:59,161] {dag.py:2937} INFO - Setting next_dagrun for example_bash_operator to 2023-12-21 00:00:00+00:00
[2023-12-22 20:40:59,174] {processor.py:171} INFO - Processing /home/airflow/.local/lib/python3.6/site-packages/airflow/example_dags/example_bash_operator.py took 0.085 seconds
[2023-12-22 20:41:31,108] {processor.py:163} INFO - Started process (PID=203) to work on /home/airflow/.local/lib/python3.6/site-packages/airflow/example_dags/example_bash_operator.py
[2023-12-22 20:41:31,110] {processor.py:642} INFO - Processing file /home/airflow/.local/lib/python3.6/site-packages/airflow/example_dags/example_bash_operator.py for tasks to queue
[2023-12-22 20:41:31,117] {logging_mixin.py:109} INFO - [2023-12-22 20:41:31,117] {dagbag.py:500} INFO - Filling up the DagBag from /home/airflow/.local/lib/python3.6/site-packages/airflow/example_dags/example_bash_operator.py
[2023-12-22 20:41:31,149] {processor.py:652} INFO - DAG(s) dict_keys(['example_bash_operator']) retrieved from /home/airflow/.local/lib/python3.6/site-packages/airflow/example_dags/example_bash_operator.py
[2023-12-22 20:41:31,223] {logging_mixin.py:109} INFO - [2023-12-22 20:41:31,223] {dag.py:2398} INFO - Sync 1 DAGs
[2023-12-22 20:41:31,299] {logging_mixin.py:109} INFO - [2023-12-22 20:41:31,298] {dag.py:2937} INFO - Setting next_dagrun for example_bash_operator to 2023-12-21 00:00:00+00:00
[2023-12-22 20:41:31,326] {processor.py:171} INFO - Processing /home/airflow/.local/lib/python3.6/site-packages/airflow/example_dags/example_bash_operator.py took 0.220 seconds
[2023-12-22 20:42:05,117] {processor.py:163} INFO - Started process (PID=267) to work on /home/airflow/.local/lib/python3.6/site-packages/airflow/example_dags/example_bash_operator.py
[2023-12-22 20:42:05,121] {processor.py:642} INFO - Processing file /home/airflow/.local/lib/python3.6/site-packages/airflow/example_dags/example_bash_operator.py for tasks to queue
[2023-12-22 20:42:05,134] {logging_mixin.py:109} INFO - [2023-12-22 20:42:05,134] {dagbag.py:500} INFO - Filling up the DagBag from /home/airflow/.local/lib/python3.6/site-packages/airflow/example_dags/example_bash_operator.py
[2023-12-22 20:42:05,172] {processor.py:652} INFO - DAG(s) dict_keys(['example_bash_operator']) retrieved from /home/airflow/.local/lib/python3.6/site-packages/airflow/example_dags/example_bash_operator.py
[2023-12-22 20:42:05,303] {logging_mixin.py:109} INFO - [2023-12-22 20:42:05,303] {dag.py:2398} INFO - Sync 1 DAGs
[2023-12-22 20:42:05,330] {logging_mixin.py:109} INFO - [2023-12-22 20:42:05,330] {dag.py:2937} INFO - Setting next_dagrun for example_bash_operator to 2023-12-21 00:00:00+00:00
[2023-12-22 20:42:05,412] {processor.py:171} INFO - Processing /home/airflow/.local/lib/python3.6/site-packages/airflow/example_dags/example_bash_operator.py took 0.297 seconds
[2023-12-22 20:42:38,816] {processor.py:163} INFO - Started process (PID=341) to work on /home/airflow/.local/lib/python3.6/site-packages/airflow/example_dags/example_bash_operator.py
[2023-12-22 20:42:38,821] {processor.py:642} INFO - Processing file /home/airflow/.local/lib/python3.6/site-packages/airflow/example_dags/example_bash_operator.py for tasks to queue
[2023-12-22 20:42:38,827] {logging_mixin.py:109} INFO - [2023-12-22 20:42:38,827] {dagbag.py:500} INFO - Filling up the DagBag from /home/airflow/.local/lib/python3.6/site-packages/airflow/example_dags/example_bash_operator.py
[2023-12-22 20:42:38,866] {processor.py:652} INFO - DAG(s) dict_keys(['example_bash_operator']) retrieved from /home/airflow/.local/lib/python3.6/site-packages/airflow/example_dags/example_bash_operator.py
[2023-12-22 20:42:38,955] {logging_mixin.py:109} INFO - [2023-12-22 20:42:38,955] {dag.py:2398} INFO - Sync 1 DAGs
[2023-12-22 20:42:39,107] {logging_mixin.py:109} INFO - [2023-12-22 20:42:39,107] {dag.py:2937} INFO - Setting next_dagrun for example_bash_operator to 2023-12-21 00:00:00+00:00
[2023-12-22 20:42:39,197] {processor.py:171} INFO - Processing /home/airflow/.local/lib/python3.6/site-packages/airflow/example_dags/example_bash_operator.py took 0.384 seconds
[2023-12-22 20:43:10,053] {processor.py:163} INFO - Started process (PID=405) to work on /home/airflow/.local/lib/python3.6/site-packages/airflow/example_dags/example_bash_operator.py
[2023-12-22 20:43:10,055] {processor.py:642} INFO - Processing file /home/airflow/.local/lib/python3.6/site-packages/airflow/example_dags/example_bash_operator.py for tasks to queue
[2023-12-22 20:43:10,055] {logging_mixin.py:109} INFO - [2023-12-22 20:43:10,055] {dagbag.py:500} INFO - Filling up the DagBag from /home/airflow/.local/lib/python3.6/site-packages/airflow/example_dags/example_bash_operator.py
[2023-12-22 20:43:10,085] {processor.py:652} INFO - DAG(s) dict_keys(['example_bash_operator']) retrieved from /home/airflow/.local/lib/python3.6/site-packages/airflow/example_dags/example_bash_operator.py
[2023-12-22 20:43:10,106] {logging_mixin.py:109} INFO - [2023-12-22 20:43:10,106] {dag.py:2398} INFO - Sync 1 DAGs
[2023-12-22 20:43:10,125] {logging_mixin.py:109} INFO - [2023-12-22 20:43:10,125] {dag.py:2937} INFO - Setting next_dagrun for example_bash_operator to 2023-12-21 00:00:00+00:00
[2023-12-22 20:43:10,210] {processor.py:171} INFO - Processing /home/airflow/.local/lib/python3.6/site-packages/airflow/example_dags/example_bash_operator.py took 0.160 seconds
[2023-12-22 20:43:42,499] {processor.py:163} INFO - Started process (PID=480) to work on /home/airflow/.local/lib/python3.6/site-packages/airflow/example_dags/example_bash_operator.py
[2023-12-22 20:43:42,501] {processor.py:642} INFO - Processing file /home/airflow/.local/lib/python3.6/site-packages/airflow/example_dags/example_bash_operator.py for tasks to queue
[2023-12-22 20:43:42,502] {logging_mixin.py:109} INFO - [2023-12-22 20:43:42,502] {dagbag.py:500} INFO - Filling up the DagBag from /home/airflow/.local/lib/python3.6/site-packages/airflow/example_dags/example_bash_operator.py
[2023-12-22 20:43:42,538] {processor.py:652} INFO - DAG(s) dict_keys(['example_bash_operator']) retrieved from /home/airflow/.local/lib/python3.6/site-packages/airflow/example_dags/example_bash_operator.py
[2023-12-22 20:43:42,578] {logging_mixin.py:109} INFO - [2023-12-22 20:43:42,578] {dag.py:2398} INFO - Sync 1 DAGs
[2023-12-22 20:43:42,731] {logging_mixin.py:109} INFO - [2023-12-22 20:43:42,731] {dag.py:2937} INFO - Setting next_dagrun for example_bash_operator to 2023-12-21 00:00:00+00:00
[2023-12-22 20:43:42,754] {processor.py:171} INFO - Processing /home/airflow/.local/lib/python3.6/site-packages/airflow/example_dags/example_bash_operator.py took 0.260 seconds
[2023-12-22 20:44:13,724] {processor.py:163} INFO - Started process (PID=543) to work on /home/airflow/.local/lib/python3.6/site-packages/airflow/example_dags/example_bash_operator.py
[2023-12-22 20:44:13,725] {processor.py:642} INFO - Processing file /home/airflow/.local/lib/python3.6/site-packages/airflow/example_dags/example_bash_operator.py for tasks to queue
[2023-12-22 20:44:13,727] {logging_mixin.py:109} INFO - [2023-12-22 20:44:13,727] {dagbag.py:500} INFO - Filling up the DagBag from /home/airflow/.local/lib/python3.6/site-packages/airflow/example_dags/example_bash_operator.py
[2023-12-22 20:44:13,745] {processor.py:652} INFO - DAG(s) dict_keys(['example_bash_operator']) retrieved from /home/airflow/.local/lib/python3.6/site-packages/airflow/example_dags/example_bash_operator.py
[2023-12-22 20:44:13,771] {logging_mixin.py:109} INFO - [2023-12-22 20:44:13,770] {dag.py:2398} INFO - Sync 1 DAGs
[2023-12-22 20:44:13,906] {logging_mixin.py:109} INFO - [2023-12-22 20:44:13,906] {dag.py:2937} INFO - Setting next_dagrun for example_bash_operator to 2023-12-21 00:00:00+00:00
[2023-12-22 20:44:13,934] {processor.py:171} INFO - Processing /home/airflow/.local/lib/python3.6/site-packages/airflow/example_dags/example_bash_operator.py took 0.213 seconds
[2023-12-22 20:44:45,217] {processor.py:163} INFO - Started process (PID=607) to work on /home/airflow/.local/lib/python3.6/site-packages/airflow/example_dags/example_bash_operator.py
[2023-12-22 20:44:45,219] {processor.py:642} INFO - Processing file /home/airflow/.local/lib/python3.6/site-packages/airflow/example_dags/example_bash_operator.py for tasks to queue
[2023-12-22 20:44:45,224] {logging_mixin.py:109} INFO - [2023-12-22 20:44:45,224] {dagbag.py:500} INFO - Filling up the DagBag from /home/airflow/.local/lib/python3.6/site-packages/airflow/example_dags/example_bash_operator.py
[2023-12-22 20:44:45,247] {processor.py:652} INFO - DAG(s) dict_keys(['example_bash_operator']) retrieved from /home/airflow/.local/lib/python3.6/site-packages/airflow/example_dags/example_bash_operator.py
[2023-12-22 20:44:45,273] {logging_mixin.py:109} INFO - [2023-12-22 20:44:45,273] {dag.py:2398} INFO - Sync 1 DAGs
[2023-12-22 20:44:45,472] {logging_mixin.py:109} INFO - [2023-12-22 20:44:45,471] {dag.py:2937} INFO - Setting next_dagrun for example_bash_operator to 2023-12-21 00:00:00+00:00
[2023-12-22 20:44:45,484] {processor.py:171} INFO - Processing /home/airflow/.local/lib/python3.6/site-packages/airflow/example_dags/example_bash_operator.py took 0.270 seconds
[2023-12-22 20:45:15,596] {processor.py:163} INFO - Started process (PID=670) to work on /home/airflow/.local/lib/python3.6/site-packages/airflow/example_dags/example_bash_operator.py
[2023-12-22 20:45:15,598] {processor.py:642} INFO - Processing file /home/airflow/.local/lib/python3.6/site-packages/airflow/example_dags/example_bash_operator.py for tasks to queue
[2023-12-22 20:45:15,599] {logging_mixin.py:109} INFO - [2023-12-22 20:45:15,599] {dagbag.py:500} INFO - Filling up the DagBag from /home/airflow/.local/lib/python3.6/site-packages/airflow/example_dags/example_bash_operator.py
[2023-12-22 20:45:15,634] {processor.py:652} INFO - DAG(s) dict_keys(['example_bash_operator']) retrieved from /home/airflow/.local/lib/python3.6/site-packages/airflow/example_dags/example_bash_operator.py
[2023-12-22 20:45:15,776] {logging_mixin.py:109} INFO - [2023-12-22 20:45:15,776] {dag.py:2398} INFO - Sync 1 DAGs
[2023-12-22 20:45:15,810] {logging_mixin.py:109} INFO - [2023-12-22 20:45:15,810] {dag.py:2937} INFO - Setting next_dagrun for example_bash_operator to 2023-12-21 00:00:00+00:00
[2023-12-22 20:45:15,852] {processor.py:171} INFO - Processing /home/airflow/.local/lib/python3.6/site-packages/airflow/example_dags/example_bash_operator.py took 0.259 seconds
[2023-12-22 20:45:45,986] {processor.py:163} INFO - Started process (PID=734) to work on /home/airflow/.local/lib/python3.6/site-packages/airflow/example_dags/example_bash_operator.py
[2023-12-22 20:45:45,987] {processor.py:642} INFO - Processing file /home/airflow/.local/lib/python3.6/site-packages/airflow/example_dags/example_bash_operator.py for tasks to queue
[2023-12-22 20:45:45,988] {logging_mixin.py:109} INFO - [2023-12-22 20:45:45,988] {dagbag.py:500} INFO - Filling up the DagBag from /home/airflow/.local/lib/python3.6/site-packages/airflow/example_dags/example_bash_operator.py
[2023-12-22 20:45:46,077] {processor.py:652} INFO - DAG(s) dict_keys(['example_bash_operator']) retrieved from /home/airflow/.local/lib/python3.6/site-packages/airflow/example_dags/example_bash_operator.py
[2023-12-22 20:45:46,093] {logging_mixin.py:109} INFO - [2023-12-22 20:45:46,093] {dag.py:2398} INFO - Sync 1 DAGs
[2023-12-22 20:45:46,110] {logging_mixin.py:109} INFO - [2023-12-22 20:45:46,110] {dag.py:2937} INFO - Setting next_dagrun for example_bash_operator to 2023-12-21 00:00:00+00:00
[2023-12-22 20:45:46,120] {processor.py:171} INFO - Processing /home/airflow/.local/lib/python3.6/site-packages/airflow/example_dags/example_bash_operator.py took 0.136 seconds
[2023-12-22 20:46:16,891] {processor.py:163} INFO - Started process (PID=808) to work on /home/airflow/.local/lib/python3.6/site-packages/airflow/example_dags/example_bash_operator.py
[2023-12-22 20:46:16,892] {processor.py:642} INFO - Processing file /home/airflow/.local/lib/python3.6/site-packages/airflow/example_dags/example_bash_operator.py for tasks to queue
[2023-12-22 20:46:16,894] {logging_mixin.py:109} INFO - [2023-12-22 20:46:16,893] {dagbag.py:500} INFO - Filling up the DagBag from /home/airflow/.local/lib/python3.6/site-packages/airflow/example_dags/example_bash_operator.py
[2023-12-22 20:46:16,997] {processor.py:652} INFO - DAG(s) dict_keys(['example_bash_operator']) retrieved from /home/airflow/.local/lib/python3.6/site-packages/airflow/example_dags/example_bash_operator.py
[2023-12-22 20:46:17,026] {logging_mixin.py:109} INFO - [2023-12-22 20:46:17,026] {dag.py:2398} INFO - Sync 1 DAGs
[2023-12-22 20:46:17,044] {logging_mixin.py:109} INFO - [2023-12-22 20:46:17,044] {dag.py:2937} INFO - Setting next_dagrun for example_bash_operator to 2023-12-21 00:00:00+00:00
[2023-12-22 20:46:17,055] {processor.py:171} INFO - Processing /home/airflow/.local/lib/python3.6/site-packages/airflow/example_dags/example_bash_operator.py took 0.167 seconds
[2023-12-22 20:46:47,326] {processor.py:163} INFO - Started process (PID=872) to work on /home/airflow/.local/lib/python3.6/site-packages/airflow/example_dags/example_bash_operator.py
[2023-12-22 20:46:47,328] {processor.py:642} INFO - Processing file /home/airflow/.local/lib/python3.6/site-packages/airflow/example_dags/example_bash_operator.py for tasks to queue
[2023-12-22 20:46:47,331] {logging_mixin.py:109} INFO - [2023-12-22 20:46:47,331] {dagbag.py:500} INFO - Filling up the DagBag from /home/airflow/.local/lib/python3.6/site-packages/airflow/example_dags/example_bash_operator.py
[2023-12-22 20:46:47,432] {processor.py:652} INFO - DAG(s) dict_keys(['example_bash_operator']) retrieved from /home/airflow/.local/lib/python3.6/site-packages/airflow/example_dags/example_bash_operator.py
[2023-12-22 20:46:47,455] {logging_mixin.py:109} INFO - [2023-12-22 20:46:47,455] {dag.py:2398} INFO - Sync 1 DAGs
[2023-12-22 20:46:47,482] {logging_mixin.py:109} INFO - [2023-12-22 20:46:47,482] {dag.py:2937} INFO - Setting next_dagrun for example_bash_operator to 2023-12-21 00:00:00+00:00
[2023-12-22 20:46:47,501] {processor.py:171} INFO - Processing /home/airflow/.local/lib/python3.6/site-packages/airflow/example_dags/example_bash_operator.py took 0.178 seconds
[2023-12-22 20:47:17,625] {processor.py:163} INFO - Started process (PID=945) to work on /home/airflow/.local/lib/python3.6/site-packages/airflow/example_dags/example_bash_operator.py
[2023-12-22 20:47:17,627] {processor.py:642} INFO - Processing file /home/airflow/.local/lib/python3.6/site-packages/airflow/example_dags/example_bash_operator.py for tasks to queue
[2023-12-22 20:47:17,629] {logging_mixin.py:109} INFO - [2023-12-22 20:47:17,629] {dagbag.py:500} INFO - Filling up the DagBag from /home/airflow/.local/lib/python3.6/site-packages/airflow/example_dags/example_bash_operator.py
[2023-12-22 20:47:17,740] {processor.py:652} INFO - DAG(s) dict_keys(['example_bash_operator']) retrieved from /home/airflow/.local/lib/python3.6/site-packages/airflow/example_dags/example_bash_operator.py
[2023-12-22 20:47:17,760] {logging_mixin.py:109} INFO - [2023-12-22 20:47:17,760] {dag.py:2398} INFO - Sync 1 DAGs
[2023-12-22 20:47:17,780] {logging_mixin.py:109} INFO - [2023-12-22 20:47:17,779] {dag.py:2937} INFO - Setting next_dagrun for example_bash_operator to 2023-12-21 00:00:00+00:00
[2023-12-22 20:47:17,791] {processor.py:171} INFO - Processing /home/airflow/.local/lib/python3.6/site-packages/airflow/example_dags/example_bash_operator.py took 0.168 seconds
[2023-12-22 20:47:47,857] {processor.py:163} INFO - Started process (PID=1008) to work on /home/airflow/.local/lib/python3.6/site-packages/airflow/example_dags/example_bash_operator.py
[2023-12-22 20:47:47,858] {processor.py:642} INFO - Processing file /home/airflow/.local/lib/python3.6/site-packages/airflow/example_dags/example_bash_operator.py for tasks to queue
[2023-12-22 20:47:47,859] {logging_mixin.py:109} INFO - [2023-12-22 20:47:47,859] {dagbag.py:500} INFO - Filling up the DagBag from /home/airflow/.local/lib/python3.6/site-packages/airflow/example_dags/example_bash_operator.py
[2023-12-22 20:47:47,953] {processor.py:652} INFO - DAG(s) dict_keys(['example_bash_operator']) retrieved from /home/airflow/.local/lib/python3.6/site-packages/airflow/example_dags/example_bash_operator.py
[2023-12-22 20:47:47,969] {logging_mixin.py:109} INFO - [2023-12-22 20:47:47,969] {dag.py:2398} INFO - Sync 1 DAGs
[2023-12-22 20:47:47,985] {logging_mixin.py:109} INFO - [2023-12-22 20:47:47,985] {dag.py:2937} INFO - Setting next_dagrun for example_bash_operator to 2023-12-21 00:00:00+00:00
[2023-12-22 20:47:48,013] {processor.py:171} INFO - Processing /home/airflow/.local/lib/python3.6/site-packages/airflow/example_dags/example_bash_operator.py took 0.159 seconds
[2023-12-22 20:48:18,148] {processor.py:163} INFO - Started process (PID=1082) to work on /home/airflow/.local/lib/python3.6/site-packages/airflow/example_dags/example_bash_operator.py
[2023-12-22 20:48:18,149] {processor.py:642} INFO - Processing file /home/airflow/.local/lib/python3.6/site-packages/airflow/example_dags/example_bash_operator.py for tasks to queue
[2023-12-22 20:48:18,150] {logging_mixin.py:109} INFO - [2023-12-22 20:48:18,150] {dagbag.py:500} INFO - Filling up the DagBag from /home/airflow/.local/lib/python3.6/site-packages/airflow/example_dags/example_bash_operator.py
[2023-12-22 20:48:18,241] {processor.py:652} INFO - DAG(s) dict_keys(['example_bash_operator']) retrieved from /home/airflow/.local/lib/python3.6/site-packages/airflow/example_dags/example_bash_operator.py
[2023-12-22 20:48:18,257] {logging_mixin.py:109} INFO - [2023-12-22 20:48:18,257] {dag.py:2398} INFO - Sync 1 DAGs
[2023-12-22 20:48:18,272] {logging_mixin.py:109} INFO - [2023-12-22 20:48:18,272] {dag.py:2937} INFO - Setting next_dagrun for example_bash_operator to 2023-12-21 00:00:00+00:00
[2023-12-22 20:48:18,301] {processor.py:171} INFO - Processing /home/airflow/.local/lib/python3.6/site-packages/airflow/example_dags/example_bash_operator.py took 0.155 seconds
[2023-12-22 20:48:48,827] {processor.py:163} INFO - Started process (PID=1153) to work on /home/airflow/.local/lib/python3.6/site-packages/airflow/example_dags/example_bash_operator.py
[2023-12-22 20:48:48,828] {processor.py:642} INFO - Processing file /home/airflow/.local/lib/python3.6/site-packages/airflow/example_dags/example_bash_operator.py for tasks to queue
[2023-12-22 20:48:48,837] {logging_mixin.py:109} INFO - [2023-12-22 20:48:48,836] {dagbag.py:500} INFO - Filling up the DagBag from /home/airflow/.local/lib/python3.6/site-packages/airflow/example_dags/example_bash_operator.py
[2023-12-22 20:48:48,955] {processor.py:652} INFO - DAG(s) dict_keys(['example_bash_operator']) retrieved from /home/airflow/.local/lib/python3.6/site-packages/airflow/example_dags/example_bash_operator.py
[2023-12-22 20:48:48,988] {logging_mixin.py:109} INFO - [2023-12-22 20:48:48,987] {dag.py:2398} INFO - Sync 1 DAGs
[2023-12-22 20:48:49,024] {logging_mixin.py:109} INFO - [2023-12-22 20:48:49,024] {dag.py:2937} INFO - Setting next_dagrun for example_bash_operator to 2023-12-21 00:00:00+00:00
[2023-12-22 20:48:49,041] {processor.py:171} INFO - Processing /home/airflow/.local/lib/python3.6/site-packages/airflow/example_dags/example_bash_operator.py took 0.218 seconds
[2023-12-22 20:49:19,540] {processor.py:163} INFO - Started process (PID=1220) to work on /home/airflow/.local/lib/python3.6/site-packages/airflow/example_dags/example_bash_operator.py
[2023-12-22 20:49:19,541] {processor.py:642} INFO - Processing file /home/airflow/.local/lib/python3.6/site-packages/airflow/example_dags/example_bash_operator.py for tasks to queue
[2023-12-22 20:49:19,541] {logging_mixin.py:109} INFO - [2023-12-22 20:49:19,541] {dagbag.py:500} INFO - Filling up the DagBag from /home/airflow/.local/lib/python3.6/site-packages/airflow/example_dags/example_bash_operator.py
[2023-12-22 20:49:19,619] {processor.py:652} INFO - DAG(s) dict_keys(['example_bash_operator']) retrieved from /home/airflow/.local/lib/python3.6/site-packages/airflow/example_dags/example_bash_operator.py
[2023-12-22 20:49:19,636] {logging_mixin.py:109} INFO - [2023-12-22 20:49:19,636] {dag.py:2398} INFO - Sync 1 DAGs
[2023-12-22 20:49:19,651] {logging_mixin.py:109} INFO - [2023-12-22 20:49:19,651] {dag.py:2937} INFO - Setting next_dagrun for example_bash_operator to 2023-12-21 00:00:00+00:00
[2023-12-22 20:49:19,658] {processor.py:171} INFO - Processing /home/airflow/.local/lib/python3.6/site-packages/airflow/example_dags/example_bash_operator.py took 0.121 seconds
[2023-12-22 20:49:50,336] {processor.py:163} INFO - Started process (PID=1294) to work on /home/airflow/.local/lib/python3.6/site-packages/airflow/example_dags/example_bash_operator.py
[2023-12-22 20:49:50,337] {processor.py:642} INFO - Processing file /home/airflow/.local/lib/python3.6/site-packages/airflow/example_dags/example_bash_operator.py for tasks to queue
[2023-12-22 20:49:50,340] {logging_mixin.py:109} INFO - [2023-12-22 20:49:50,340] {dagbag.py:500} INFO - Filling up the DagBag from /home/airflow/.local/lib/python3.6/site-packages/airflow/example_dags/example_bash_operator.py
[2023-12-22 20:49:50,371] {processor.py:652} INFO - DAG(s) dict_keys(['example_bash_operator']) retrieved from /home/airflow/.local/lib/python3.6/site-packages/airflow/example_dags/example_bash_operator.py
[2023-12-22 20:49:50,390] {logging_mixin.py:109} INFO - [2023-12-22 20:49:50,390] {dag.py:2398} INFO - Sync 1 DAGs
[2023-12-22 20:49:50,468] {logging_mixin.py:109} INFO - [2023-12-22 20:49:50,468] {dag.py:2937} INFO - Setting next_dagrun for example_bash_operator to 2023-12-21 00:00:00+00:00
[2023-12-22 20:49:50,487] {processor.py:171} INFO - Processing /home/airflow/.local/lib/python3.6/site-packages/airflow/example_dags/example_bash_operator.py took 0.154 seconds
[2023-12-22 20:50:21,293] {processor.py:163} INFO - Started process (PID=1358) to work on /home/airflow/.local/lib/python3.6/site-packages/airflow/example_dags/example_bash_operator.py
[2023-12-22 20:50:21,295] {processor.py:642} INFO - Processing file /home/airflow/.local/lib/python3.6/site-packages/airflow/example_dags/example_bash_operator.py for tasks to queue
[2023-12-22 20:50:21,295] {logging_mixin.py:109} INFO - [2023-12-22 20:50:21,295] {dagbag.py:500} INFO - Filling up the DagBag from /home/airflow/.local/lib/python3.6/site-packages/airflow/example_dags/example_bash_operator.py
[2023-12-22 20:50:21,322] {processor.py:652} INFO - DAG(s) dict_keys(['example_bash_operator']) retrieved from /home/airflow/.local/lib/python3.6/site-packages/airflow/example_dags/example_bash_operator.py
[2023-12-22 20:50:21,387] {logging_mixin.py:109} INFO - [2023-12-22 20:50:21,387] {dag.py:2398} INFO - Sync 1 DAGs
[2023-12-22 20:50:21,427] {logging_mixin.py:109} INFO - [2023-12-22 20:50:21,427] {dag.py:2937} INFO - Setting next_dagrun for example_bash_operator to 2023-12-21 00:00:00+00:00
[2023-12-22 20:50:21,437] {processor.py:171} INFO - Processing /home/airflow/.local/lib/python3.6/site-packages/airflow/example_dags/example_bash_operator.py took 0.148 seconds
[2023-12-22 20:50:52,347] {processor.py:163} INFO - Started process (PID=1431) to work on /home/airflow/.local/lib/python3.6/site-packages/airflow/example_dags/example_bash_operator.py
[2023-12-22 20:50:52,349] {processor.py:642} INFO - Processing file /home/airflow/.local/lib/python3.6/site-packages/airflow/example_dags/example_bash_operator.py for tasks to queue
[2023-12-22 20:50:52,349] {logging_mixin.py:109} INFO - [2023-12-22 20:50:52,349] {dagbag.py:500} INFO - Filling up the DagBag from /home/airflow/.local/lib/python3.6/site-packages/airflow/example_dags/example_bash_operator.py
[2023-12-22 20:50:52,370] {processor.py:652} INFO - DAG(s) dict_keys(['example_bash_operator']) retrieved from /home/airflow/.local/lib/python3.6/site-packages/airflow/example_dags/example_bash_operator.py
[2023-12-22 20:50:52,386] {logging_mixin.py:109} INFO - [2023-12-22 20:50:52,386] {dag.py:2398} INFO - Sync 1 DAGs
[2023-12-22 20:50:52,401] {logging_mixin.py:109} INFO - [2023-12-22 20:50:52,400] {dag.py:2937} INFO - Setting next_dagrun for example_bash_operator to 2023-12-21 00:00:00+00:00
[2023-12-22 20:50:52,429] {processor.py:171} INFO - Processing /home/airflow/.local/lib/python3.6/site-packages/airflow/example_dags/example_bash_operator.py took 0.084 seconds
[2023-12-22 20:51:23,028] {processor.py:163} INFO - Started process (PID=1495) to work on /home/airflow/.local/lib/python3.6/site-packages/airflow/example_dags/example_bash_operator.py
[2023-12-22 20:51:23,029] {processor.py:642} INFO - Processing file /home/airflow/.local/lib/python3.6/site-packages/airflow/example_dags/example_bash_operator.py for tasks to queue
[2023-12-22 20:51:23,030] {logging_mixin.py:109} INFO - [2023-12-22 20:51:23,030] {dagbag.py:500} INFO - Filling up the DagBag from /home/airflow/.local/lib/python3.6/site-packages/airflow/example_dags/example_bash_operator.py
[2023-12-22 20:51:23,056] {processor.py:652} INFO - DAG(s) dict_keys(['example_bash_operator']) retrieved from /home/airflow/.local/lib/python3.6/site-packages/airflow/example_dags/example_bash_operator.py
[2023-12-22 20:51:23,078] {logging_mixin.py:109} INFO - [2023-12-22 20:51:23,078] {dag.py:2398} INFO - Sync 1 DAGs
[2023-12-22 20:51:23,103] {logging_mixin.py:109} INFO - [2023-12-22 20:51:23,103] {dag.py:2937} INFO - Setting next_dagrun for example_bash_operator to 2023-12-21 00:00:00+00:00
[2023-12-22 20:51:23,136] {processor.py:171} INFO - Processing /home/airflow/.local/lib/python3.6/site-packages/airflow/example_dags/example_bash_operator.py took 0.111 seconds
[2023-12-22 20:51:53,332] {processor.py:163} INFO - Started process (PID=1569) to work on /home/airflow/.local/lib/python3.6/site-packages/airflow/example_dags/example_bash_operator.py
[2023-12-22 20:51:53,334] {processor.py:642} INFO - Processing file /home/airflow/.local/lib/python3.6/site-packages/airflow/example_dags/example_bash_operator.py for tasks to queue
[2023-12-22 20:51:53,335] {logging_mixin.py:109} INFO - [2023-12-22 20:51:53,335] {dagbag.py:500} INFO - Filling up the DagBag from /home/airflow/.local/lib/python3.6/site-packages/airflow/example_dags/example_bash_operator.py
[2023-12-22 20:51:53,357] {processor.py:652} INFO - DAG(s) dict_keys(['example_bash_operator']) retrieved from /home/airflow/.local/lib/python3.6/site-packages/airflow/example_dags/example_bash_operator.py
[2023-12-22 20:51:53,374] {logging_mixin.py:109} INFO - [2023-12-22 20:51:53,374] {dag.py:2398} INFO - Sync 1 DAGs
[2023-12-22 20:51:53,390] {logging_mixin.py:109} INFO - [2023-12-22 20:51:53,390] {dag.py:2937} INFO - Setting next_dagrun for example_bash_operator to 2023-12-21 00:00:00+00:00
[2023-12-22 20:51:53,421] {processor.py:171} INFO - Processing /home/airflow/.local/lib/python3.6/site-packages/airflow/example_dags/example_bash_operator.py took 0.091 seconds
[2023-12-22 20:52:24,319] {processor.py:163} INFO - Started process (PID=1634) to work on /home/airflow/.local/lib/python3.6/site-packages/airflow/example_dags/example_bash_operator.py
[2023-12-22 20:52:24,321] {processor.py:642} INFO - Processing file /home/airflow/.local/lib/python3.6/site-packages/airflow/example_dags/example_bash_operator.py for tasks to queue
[2023-12-22 20:52:24,323] {logging_mixin.py:109} INFO - [2023-12-22 20:52:24,322] {dagbag.py:500} INFO - Filling up the DagBag from /home/airflow/.local/lib/python3.6/site-packages/airflow/example_dags/example_bash_operator.py
[2023-12-22 20:52:24,348] {processor.py:652} INFO - DAG(s) dict_keys(['example_bash_operator']) retrieved from /home/airflow/.local/lib/python3.6/site-packages/airflow/example_dags/example_bash_operator.py
[2023-12-22 20:52:24,378] {logging_mixin.py:109} INFO - [2023-12-22 20:52:24,378] {dag.py:2398} INFO - Sync 1 DAGs
[2023-12-22 20:52:24,402] {logging_mixin.py:109} INFO - [2023-12-22 20:52:24,402] {dag.py:2937} INFO - Setting next_dagrun for example_bash_operator to 2023-12-21 00:00:00+00:00
[2023-12-22 20:52:24,415] {processor.py:171} INFO - Processing /home/airflow/.local/lib/python3.6/site-packages/airflow/example_dags/example_bash_operator.py took 0.100 seconds
[2023-12-22 20:52:54,933] {processor.py:163} INFO - Started process (PID=1708) to work on /home/airflow/.local/lib/python3.6/site-packages/airflow/example_dags/example_bash_operator.py
[2023-12-22 20:52:54,935] {processor.py:642} INFO - Processing file /home/airflow/.local/lib/python3.6/site-packages/airflow/example_dags/example_bash_operator.py for tasks to queue
[2023-12-22 20:52:54,937] {logging_mixin.py:109} INFO - [2023-12-22 20:52:54,936] {dagbag.py:500} INFO - Filling up the DagBag from /home/airflow/.local/lib/python3.6/site-packages/airflow/example_dags/example_bash_operator.py
[2023-12-22 20:52:54,988] {processor.py:652} INFO - DAG(s) dict_keys(['example_bash_operator']) retrieved from /home/airflow/.local/lib/python3.6/site-packages/airflow/example_dags/example_bash_operator.py
[2023-12-22 20:52:55,051] {logging_mixin.py:109} INFO - [2023-12-22 20:52:55,051] {dag.py:2398} INFO - Sync 1 DAGs
[2023-12-22 20:52:55,083] {logging_mixin.py:109} INFO - [2023-12-22 20:52:55,083] {dag.py:2937} INFO - Setting next_dagrun for example_bash_operator to 2023-12-21 00:00:00+00:00
[2023-12-22 20:52:55,102] {processor.py:171} INFO - Processing /home/airflow/.local/lib/python3.6/site-packages/airflow/example_dags/example_bash_operator.py took 0.173 seconds
[2023-12-22 20:53:25,593] {processor.py:163} INFO - Started process (PID=1772) to work on /home/airflow/.local/lib/python3.6/site-packages/airflow/example_dags/example_bash_operator.py
[2023-12-22 20:53:25,594] {processor.py:642} INFO - Processing file /home/airflow/.local/lib/python3.6/site-packages/airflow/example_dags/example_bash_operator.py for tasks to queue
[2023-12-22 20:53:25,595] {logging_mixin.py:109} INFO - [2023-12-22 20:53:25,595] {dagbag.py:500} INFO - Filling up the DagBag from /home/airflow/.local/lib/python3.6/site-packages/airflow/example_dags/example_bash_operator.py
[2023-12-22 20:53:25,627] {processor.py:652} INFO - DAG(s) dict_keys(['example_bash_operator']) retrieved from /home/airflow/.local/lib/python3.6/site-packages/airflow/example_dags/example_bash_operator.py
[2023-12-22 20:53:25,645] {logging_mixin.py:109} INFO - [2023-12-22 20:53:25,644] {dag.py:2398} INFO - Sync 1 DAGs
[2023-12-22 20:53:25,660] {logging_mixin.py:109} INFO - [2023-12-22 20:53:25,660] {dag.py:2937} INFO - Setting next_dagrun for example_bash_operator to 2023-12-21 00:00:00+00:00
[2023-12-22 20:53:25,668] {processor.py:171} INFO - Processing /home/airflow/.local/lib/python3.6/site-packages/airflow/example_dags/example_bash_operator.py took 0.078 seconds
[2023-12-22 20:53:56,203] {processor.py:163} INFO - Started process (PID=1846) to work on /home/airflow/.local/lib/python3.6/site-packages/airflow/example_dags/example_bash_operator.py
[2023-12-22 20:53:56,205] {processor.py:642} INFO - Processing file /home/airflow/.local/lib/python3.6/site-packages/airflow/example_dags/example_bash_operator.py for tasks to queue
[2023-12-22 20:53:56,206] {logging_mixin.py:109} INFO - [2023-12-22 20:53:56,206] {dagbag.py:500} INFO - Filling up the DagBag from /home/airflow/.local/lib/python3.6/site-packages/airflow/example_dags/example_bash_operator.py
[2023-12-22 20:53:56,226] {processor.py:652} INFO - DAG(s) dict_keys(['example_bash_operator']) retrieved from /home/airflow/.local/lib/python3.6/site-packages/airflow/example_dags/example_bash_operator.py
[2023-12-22 20:53:56,244] {logging_mixin.py:109} INFO - [2023-12-22 20:53:56,244] {dag.py:2398} INFO - Sync 1 DAGs
[2023-12-22 20:53:56,259] {logging_mixin.py:109} INFO - [2023-12-22 20:53:56,259] {dag.py:2937} INFO - Setting next_dagrun for example_bash_operator to 2023-12-21 00:00:00+00:00
[2023-12-22 20:53:56,289] {processor.py:171} INFO - Processing /home/airflow/.local/lib/python3.6/site-packages/airflow/example_dags/example_bash_operator.py took 0.088 seconds
[2023-12-22 20:54:26,436] {processor.py:163} INFO - Started process (PID=1909) to work on /home/airflow/.local/lib/python3.6/site-packages/airflow/example_dags/example_bash_operator.py
[2023-12-22 20:54:26,438] {processor.py:642} INFO - Processing file /home/airflow/.local/lib/python3.6/site-packages/airflow/example_dags/example_bash_operator.py for tasks to queue
[2023-12-22 20:54:26,439] {logging_mixin.py:109} INFO - [2023-12-22 20:54:26,439] {dagbag.py:500} INFO - Filling up the DagBag from /home/airflow/.local/lib/python3.6/site-packages/airflow/example_dags/example_bash_operator.py
[2023-12-22 20:54:26,473] {processor.py:652} INFO - DAG(s) dict_keys(['example_bash_operator']) retrieved from /home/airflow/.local/lib/python3.6/site-packages/airflow/example_dags/example_bash_operator.py
[2023-12-22 20:54:26,507] {logging_mixin.py:109} INFO - [2023-12-22 20:54:26,507] {dag.py:2398} INFO - Sync 1 DAGs
[2023-12-22 20:54:26,534] {logging_mixin.py:109} INFO - [2023-12-22 20:54:26,534] {dag.py:2937} INFO - Setting next_dagrun for example_bash_operator to 2023-12-21 00:00:00+00:00
[2023-12-22 20:54:26,572] {processor.py:171} INFO - Processing /home/airflow/.local/lib/python3.6/site-packages/airflow/example_dags/example_bash_operator.py took 0.141 seconds
[2023-12-22 20:54:57,368] {processor.py:163} INFO - Started process (PID=1983) to work on /home/airflow/.local/lib/python3.6/site-packages/airflow/example_dags/example_bash_operator.py
[2023-12-22 20:54:57,369] {processor.py:642} INFO - Processing file /home/airflow/.local/lib/python3.6/site-packages/airflow/example_dags/example_bash_operator.py for tasks to queue
[2023-12-22 20:54:57,370] {logging_mixin.py:109} INFO - [2023-12-22 20:54:57,370] {dagbag.py:500} INFO - Filling up the DagBag from /home/airflow/.local/lib/python3.6/site-packages/airflow/example_dags/example_bash_operator.py
[2023-12-22 20:54:57,386] {processor.py:652} INFO - DAG(s) dict_keys(['example_bash_operator']) retrieved from /home/airflow/.local/lib/python3.6/site-packages/airflow/example_dags/example_bash_operator.py
[2023-12-22 20:54:57,417] {logging_mixin.py:109} INFO - [2023-12-22 20:54:57,417] {dag.py:2398} INFO - Sync 1 DAGs
[2023-12-22 20:54:57,440] {logging_mixin.py:109} INFO - [2023-12-22 20:54:57,440] {dag.py:2937} INFO - Setting next_dagrun for example_bash_operator to 2023-12-21 00:00:00+00:00
[2023-12-22 20:54:57,470] {processor.py:171} INFO - Processing /home/airflow/.local/lib/python3.6/site-packages/airflow/example_dags/example_bash_operator.py took 0.105 seconds
[2023-12-22 20:55:27,678] {processor.py:163} INFO - Started process (PID=2046) to work on /home/airflow/.local/lib/python3.6/site-packages/airflow/example_dags/example_bash_operator.py
[2023-12-22 20:55:27,679] {processor.py:642} INFO - Processing file /home/airflow/.local/lib/python3.6/site-packages/airflow/example_dags/example_bash_operator.py for tasks to queue
[2023-12-22 20:55:27,680] {logging_mixin.py:109} INFO - [2023-12-22 20:55:27,680] {dagbag.py:500} INFO - Filling up the DagBag from /home/airflow/.local/lib/python3.6/site-packages/airflow/example_dags/example_bash_operator.py
[2023-12-22 20:55:27,698] {processor.py:652} INFO - DAG(s) dict_keys(['example_bash_operator']) retrieved from /home/airflow/.local/lib/python3.6/site-packages/airflow/example_dags/example_bash_operator.py
[2023-12-22 20:55:27,713] {logging_mixin.py:109} INFO - [2023-12-22 20:55:27,713] {dag.py:2398} INFO - Sync 1 DAGs
[2023-12-22 20:55:27,728] {logging_mixin.py:109} INFO - [2023-12-22 20:55:27,728] {dag.py:2937} INFO - Setting next_dagrun for example_bash_operator to 2023-12-21 00:00:00+00:00
[2023-12-22 20:55:27,736] {processor.py:171} INFO - Processing /home/airflow/.local/lib/python3.6/site-packages/airflow/example_dags/example_bash_operator.py took 0.061 seconds
[2023-12-22 20:55:58,063] {processor.py:163} INFO - Started process (PID=2118) to work on /home/airflow/.local/lib/python3.6/site-packages/airflow/example_dags/example_bash_operator.py
[2023-12-22 20:55:58,064] {processor.py:642} INFO - Processing file /home/airflow/.local/lib/python3.6/site-packages/airflow/example_dags/example_bash_operator.py for tasks to queue
[2023-12-22 20:55:58,066] {logging_mixin.py:109} INFO - [2023-12-22 20:55:58,066] {dagbag.py:500} INFO - Filling up the DagBag from /home/airflow/.local/lib/python3.6/site-packages/airflow/example_dags/example_bash_operator.py
[2023-12-22 20:55:58,093] {processor.py:652} INFO - DAG(s) dict_keys(['example_bash_operator']) retrieved from /home/airflow/.local/lib/python3.6/site-packages/airflow/example_dags/example_bash_operator.py
[2023-12-22 20:55:58,123] {logging_mixin.py:109} INFO - [2023-12-22 20:55:58,122] {dag.py:2398} INFO - Sync 1 DAGs
[2023-12-22 20:55:58,144] {logging_mixin.py:109} INFO - [2023-12-22 20:55:58,144] {dag.py:2937} INFO - Setting next_dagrun for example_bash_operator to 2023-12-21 00:00:00+00:00
[2023-12-22 20:55:58,152] {processor.py:171} INFO - Processing /home/airflow/.local/lib/python3.6/site-packages/airflow/example_dags/example_bash_operator.py took 0.092 seconds
[2023-12-22 20:56:28,465] {processor.py:163} INFO - Started process (PID=2191) to work on /home/airflow/.local/lib/python3.6/site-packages/airflow/example_dags/example_bash_operator.py
[2023-12-22 20:56:28,466] {processor.py:642} INFO - Processing file /home/airflow/.local/lib/python3.6/site-packages/airflow/example_dags/example_bash_operator.py for tasks to queue
[2023-12-22 20:56:28,467] {logging_mixin.py:109} INFO - [2023-12-22 20:56:28,467] {dagbag.py:500} INFO - Filling up the DagBag from /home/airflow/.local/lib/python3.6/site-packages/airflow/example_dags/example_bash_operator.py
[2023-12-22 20:56:28,489] {processor.py:652} INFO - DAG(s) dict_keys(['example_bash_operator']) retrieved from /home/airflow/.local/lib/python3.6/site-packages/airflow/example_dags/example_bash_operator.py
[2023-12-22 20:56:28,515] {logging_mixin.py:109} INFO - [2023-12-22 20:56:28,514] {dag.py:2398} INFO - Sync 1 DAGs
[2023-12-22 20:56:28,548] {logging_mixin.py:109} INFO - [2023-12-22 20:56:28,548] {dag.py:2937} INFO - Setting next_dagrun for example_bash_operator to 2023-12-21 00:00:00+00:00
[2023-12-22 20:56:28,573] {processor.py:171} INFO - Processing /home/airflow/.local/lib/python3.6/site-packages/airflow/example_dags/example_bash_operator.py took 0.111 seconds
[2023-12-22 20:56:58,709] {processor.py:163} INFO - Started process (PID=2255) to work on /home/airflow/.local/lib/python3.6/site-packages/airflow/example_dags/example_bash_operator.py
[2023-12-22 20:56:58,711] {processor.py:642} INFO - Processing file /home/airflow/.local/lib/python3.6/site-packages/airflow/example_dags/example_bash_operator.py for tasks to queue
[2023-12-22 20:56:58,712] {logging_mixin.py:109} INFO - [2023-12-22 20:56:58,712] {dagbag.py:500} INFO - Filling up the DagBag from /home/airflow/.local/lib/python3.6/site-packages/airflow/example_dags/example_bash_operator.py
[2023-12-22 20:56:58,727] {processor.py:652} INFO - DAG(s) dict_keys(['example_bash_operator']) retrieved from /home/airflow/.local/lib/python3.6/site-packages/airflow/example_dags/example_bash_operator.py
[2023-12-22 20:56:58,745] {logging_mixin.py:109} INFO - [2023-12-22 20:56:58,745] {dag.py:2398} INFO - Sync 1 DAGs
[2023-12-22 20:56:58,759] {logging_mixin.py:109} INFO - [2023-12-22 20:56:58,759] {dag.py:2937} INFO - Setting next_dagrun for example_bash_operator to 2023-12-21 00:00:00+00:00
[2023-12-22 20:56:58,770] {processor.py:171} INFO - Processing /home/airflow/.local/lib/python3.6/site-packages/airflow/example_dags/example_bash_operator.py took 0.063 seconds
[2023-12-22 20:57:28,907] {processor.py:163} INFO - Started process (PID=2326) to work on /home/airflow/.local/lib/python3.6/site-packages/airflow/example_dags/example_bash_operator.py
[2023-12-22 20:57:28,911] {processor.py:642} INFO - Processing file /home/airflow/.local/lib/python3.6/site-packages/airflow/example_dags/example_bash_operator.py for tasks to queue
[2023-12-22 20:57:28,912] {logging_mixin.py:109} INFO - [2023-12-22 20:57:28,912] {dagbag.py:500} INFO - Filling up the DagBag from /home/airflow/.local/lib/python3.6/site-packages/airflow/example_dags/example_bash_operator.py
[2023-12-22 20:57:28,934] {processor.py:652} INFO - DAG(s) dict_keys(['example_bash_operator']) retrieved from /home/airflow/.local/lib/python3.6/site-packages/airflow/example_dags/example_bash_operator.py
[2023-12-22 20:57:28,967] {logging_mixin.py:109} INFO - [2023-12-22 20:57:28,967] {dag.py:2398} INFO - Sync 1 DAGs
[2023-12-22 20:57:28,990] {logging_mixin.py:109} INFO - [2023-12-22 20:57:28,990] {dag.py:2937} INFO - Setting next_dagrun for example_bash_operator to 2023-12-21 00:00:00+00:00
[2023-12-22 20:57:29,002] {processor.py:171} INFO - Processing /home/airflow/.local/lib/python3.6/site-packages/airflow/example_dags/example_bash_operator.py took 0.097 seconds
[2023-12-22 20:57:59,835] {processor.py:163} INFO - Started process (PID=2393) to work on /home/airflow/.local/lib/python3.6/site-packages/airflow/example_dags/example_bash_operator.py
[2023-12-22 20:57:59,836] {processor.py:642} INFO - Processing file /home/airflow/.local/lib/python3.6/site-packages/airflow/example_dags/example_bash_operator.py for tasks to queue
[2023-12-22 20:57:59,837] {logging_mixin.py:109} INFO - [2023-12-22 20:57:59,837] {dagbag.py:500} INFO - Filling up the DagBag from /home/airflow/.local/lib/python3.6/site-packages/airflow/example_dags/example_bash_operator.py
[2023-12-22 20:57:59,857] {processor.py:652} INFO - DAG(s) dict_keys(['example_bash_operator']) retrieved from /home/airflow/.local/lib/python3.6/site-packages/airflow/example_dags/example_bash_operator.py
[2023-12-22 20:57:59,896] {logging_mixin.py:109} INFO - [2023-12-22 20:57:59,896] {dag.py:2398} INFO - Sync 1 DAGs
[2023-12-22 20:57:59,931] {logging_mixin.py:109} INFO - [2023-12-22 20:57:59,931] {dag.py:2937} INFO - Setting next_dagrun for example_bash_operator to 2023-12-21 00:00:00+00:00
[2023-12-22 20:57:59,969] {processor.py:171} INFO - Processing /home/airflow/.local/lib/python3.6/site-packages/airflow/example_dags/example_bash_operator.py took 0.136 seconds
[2023-12-22 20:58:30,676] {processor.py:163} INFO - Started process (PID=2456) to work on /home/airflow/.local/lib/python3.6/site-packages/airflow/example_dags/example_bash_operator.py
[2023-12-22 20:58:30,679] {processor.py:642} INFO - Processing file /home/airflow/.local/lib/python3.6/site-packages/airflow/example_dags/example_bash_operator.py for tasks to queue
[2023-12-22 20:58:30,682] {logging_mixin.py:109} INFO - [2023-12-22 20:58:30,681] {dagbag.py:500} INFO - Filling up the DagBag from /home/airflow/.local/lib/python3.6/site-packages/airflow/example_dags/example_bash_operator.py
[2023-12-22 20:58:30,751] {processor.py:652} INFO - DAG(s) dict_keys(['example_bash_operator']) retrieved from /home/airflow/.local/lib/python3.6/site-packages/airflow/example_dags/example_bash_operator.py
[2023-12-22 20:58:30,803] {logging_mixin.py:109} INFO - [2023-12-22 20:58:30,802] {dag.py:2398} INFO - Sync 1 DAGs
[2023-12-22 20:58:30,843] {logging_mixin.py:109} INFO - [2023-12-22 20:58:30,843] {dag.py:2937} INFO - Setting next_dagrun for example_bash_operator to 2023-12-21 00:00:00+00:00
[2023-12-22 20:58:30,866] {processor.py:171} INFO - Processing /home/airflow/.local/lib/python3.6/site-packages/airflow/example_dags/example_bash_operator.py took 0.198 seconds
[2023-12-22 20:59:01,295] {processor.py:163} INFO - Started process (PID=2530) to work on /home/airflow/.local/lib/python3.6/site-packages/airflow/example_dags/example_bash_operator.py
[2023-12-22 20:59:01,298] {processor.py:642} INFO - Processing file /home/airflow/.local/lib/python3.6/site-packages/airflow/example_dags/example_bash_operator.py for tasks to queue
[2023-12-22 20:59:01,300] {logging_mixin.py:109} INFO - [2023-12-22 20:59:01,300] {dagbag.py:500} INFO - Filling up the DagBag from /home/airflow/.local/lib/python3.6/site-packages/airflow/example_dags/example_bash_operator.py
[2023-12-22 20:59:01,363] {processor.py:652} INFO - DAG(s) dict_keys(['example_bash_operator']) retrieved from /home/airflow/.local/lib/python3.6/site-packages/airflow/example_dags/example_bash_operator.py
[2023-12-22 20:59:01,413] {logging_mixin.py:109} INFO - [2023-12-22 20:59:01,413] {dag.py:2398} INFO - Sync 1 DAGs
[2023-12-22 20:59:01,467] {logging_mixin.py:109} INFO - [2023-12-22 20:59:01,467] {dag.py:2937} INFO - Setting next_dagrun for example_bash_operator to 2023-12-21 00:00:00+00:00
[2023-12-22 20:59:01,497] {processor.py:171} INFO - Processing /home/airflow/.local/lib/python3.6/site-packages/airflow/example_dags/example_bash_operator.py took 0.212 seconds
[2023-12-22 20:59:31,658] {processor.py:163} INFO - Started process (PID=2594) to work on /home/airflow/.local/lib/python3.6/site-packages/airflow/example_dags/example_bash_operator.py
[2023-12-22 20:59:31,661] {processor.py:642} INFO - Processing file /home/airflow/.local/lib/python3.6/site-packages/airflow/example_dags/example_bash_operator.py for tasks to queue
[2023-12-22 20:59:31,662] {logging_mixin.py:109} INFO - [2023-12-22 20:59:31,661] {dagbag.py:500} INFO - Filling up the DagBag from /home/airflow/.local/lib/python3.6/site-packages/airflow/example_dags/example_bash_operator.py
[2023-12-22 20:59:31,705] {processor.py:652} INFO - DAG(s) dict_keys(['example_bash_operator']) retrieved from /home/airflow/.local/lib/python3.6/site-packages/airflow/example_dags/example_bash_operator.py
[2023-12-22 20:59:31,739] {logging_mixin.py:109} INFO - [2023-12-22 20:59:31,738] {dag.py:2398} INFO - Sync 1 DAGs
[2023-12-22 20:59:31,774] {logging_mixin.py:109} INFO - [2023-12-22 20:59:31,774] {dag.py:2937} INFO - Setting next_dagrun for example_bash_operator to 2023-12-21 00:00:00+00:00
[2023-12-22 20:59:31,795] {processor.py:171} INFO - Processing /home/airflow/.local/lib/python3.6/site-packages/airflow/example_dags/example_bash_operator.py took 0.140 seconds
[2023-12-22 21:00:02,388] {processor.py:163} INFO - Started process (PID=2658) to work on /home/airflow/.local/lib/python3.6/site-packages/airflow/example_dags/example_bash_operator.py
[2023-12-22 21:00:02,426] {processor.py:642} INFO - Processing file /home/airflow/.local/lib/python3.6/site-packages/airflow/example_dags/example_bash_operator.py for tasks to queue
[2023-12-22 21:00:02,430] {logging_mixin.py:109} INFO - [2023-12-22 21:00:02,430] {dagbag.py:500} INFO - Filling up the DagBag from /home/airflow/.local/lib/python3.6/site-packages/airflow/example_dags/example_bash_operator.py
[2023-12-22 21:00:02,489] {processor.py:652} INFO - DAG(s) dict_keys(['example_bash_operator']) retrieved from /home/airflow/.local/lib/python3.6/site-packages/airflow/example_dags/example_bash_operator.py
[2023-12-22 21:00:02,547] {logging_mixin.py:109} INFO - [2023-12-22 21:00:02,547] {dag.py:2398} INFO - Sync 1 DAGs
[2023-12-22 21:00:02,619] {logging_mixin.py:109} INFO - [2023-12-22 21:00:02,618] {dag.py:2937} INFO - Setting next_dagrun for example_bash_operator to 2023-12-21 00:00:00+00:00
[2023-12-22 21:00:02,651] {processor.py:171} INFO - Processing /home/airflow/.local/lib/python3.6/site-packages/airflow/example_dags/example_bash_operator.py took 0.268 seconds
[2023-12-22 21:00:33,478] {processor.py:163} INFO - Started process (PID=2722) to work on /home/airflow/.local/lib/python3.6/site-packages/airflow/example_dags/example_bash_operator.py
[2023-12-22 21:00:33,480] {processor.py:642} INFO - Processing file /home/airflow/.local/lib/python3.6/site-packages/airflow/example_dags/example_bash_operator.py for tasks to queue
[2023-12-22 21:00:33,483] {logging_mixin.py:109} INFO - [2023-12-22 21:00:33,483] {dagbag.py:500} INFO - Filling up the DagBag from /home/airflow/.local/lib/python3.6/site-packages/airflow/example_dags/example_bash_operator.py
[2023-12-22 21:00:33,537] {processor.py:652} INFO - DAG(s) dict_keys(['example_bash_operator']) retrieved from /home/airflow/.local/lib/python3.6/site-packages/airflow/example_dags/example_bash_operator.py
[2023-12-22 21:00:33,581] {logging_mixin.py:109} INFO - [2023-12-22 21:00:33,581] {dag.py:2398} INFO - Sync 1 DAGs
[2023-12-22 21:00:33,616] {logging_mixin.py:109} INFO - [2023-12-22 21:00:33,616] {dag.py:2937} INFO - Setting next_dagrun for example_bash_operator to 2023-12-21 00:00:00+00:00
[2023-12-22 21:00:33,633] {processor.py:171} INFO - Processing /home/airflow/.local/lib/python3.6/site-packages/airflow/example_dags/example_bash_operator.py took 0.160 seconds
[2023-12-22 21:01:04,535] {processor.py:163} INFO - Started process (PID=2786) to work on /home/airflow/.local/lib/python3.6/site-packages/airflow/example_dags/example_bash_operator.py
[2023-12-22 21:01:04,544] {processor.py:642} INFO - Processing file /home/airflow/.local/lib/python3.6/site-packages/airflow/example_dags/example_bash_operator.py for tasks to queue
[2023-12-22 21:01:04,544] {logging_mixin.py:109} INFO - [2023-12-22 21:01:04,544] {dagbag.py:500} INFO - Filling up the DagBag from /home/airflow/.local/lib/python3.6/site-packages/airflow/example_dags/example_bash_operator.py
[2023-12-22 21:01:04,566] {processor.py:652} INFO - DAG(s) dict_keys(['example_bash_operator']) retrieved from /home/airflow/.local/lib/python3.6/site-packages/airflow/example_dags/example_bash_operator.py
[2023-12-22 21:01:04,590] {logging_mixin.py:109} INFO - [2023-12-22 21:01:04,590] {dag.py:2398} INFO - Sync 1 DAGs
[2023-12-22 21:01:04,611] {logging_mixin.py:109} INFO - [2023-12-22 21:01:04,611] {dag.py:2937} INFO - Setting next_dagrun for example_bash_operator to 2023-12-21 00:00:00+00:00
[2023-12-22 21:01:04,626] {processor.py:171} INFO - Processing /home/airflow/.local/lib/python3.6/site-packages/airflow/example_dags/example_bash_operator.py took 0.094 seconds
[2023-12-22 21:01:35,541] {processor.py:163} INFO - Started process (PID=2850) to work on /home/airflow/.local/lib/python3.6/site-packages/airflow/example_dags/example_bash_operator.py
[2023-12-22 21:01:35,545] {processor.py:642} INFO - Processing file /home/airflow/.local/lib/python3.6/site-packages/airflow/example_dags/example_bash_operator.py for tasks to queue
[2023-12-22 21:01:35,547] {logging_mixin.py:109} INFO - [2023-12-22 21:01:35,546] {dagbag.py:500} INFO - Filling up the DagBag from /home/airflow/.local/lib/python3.6/site-packages/airflow/example_dags/example_bash_operator.py
[2023-12-22 21:01:35,582] {processor.py:652} INFO - DAG(s) dict_keys(['example_bash_operator']) retrieved from /home/airflow/.local/lib/python3.6/site-packages/airflow/example_dags/example_bash_operator.py
[2023-12-22 21:01:35,616] {logging_mixin.py:109} INFO - [2023-12-22 21:01:35,615] {dag.py:2398} INFO - Sync 1 DAGs
[2023-12-22 21:01:35,648] {logging_mixin.py:109} INFO - [2023-12-22 21:01:35,648] {dag.py:2937} INFO - Setting next_dagrun for example_bash_operator to 2023-12-21 00:00:00+00:00
[2023-12-22 21:01:35,664] {processor.py:171} INFO - Processing /home/airflow/.local/lib/python3.6/site-packages/airflow/example_dags/example_bash_operator.py took 0.128 seconds
[2023-12-22 21:02:06,290] {processor.py:163} INFO - Started process (PID=2924) to work on /home/airflow/.local/lib/python3.6/site-packages/airflow/example_dags/example_bash_operator.py
[2023-12-22 21:02:06,291] {processor.py:642} INFO - Processing file /home/airflow/.local/lib/python3.6/site-packages/airflow/example_dags/example_bash_operator.py for tasks to queue
[2023-12-22 21:02:06,292] {logging_mixin.py:109} INFO - [2023-12-22 21:02:06,292] {dagbag.py:500} INFO - Filling up the DagBag from /home/airflow/.local/lib/python3.6/site-packages/airflow/example_dags/example_bash_operator.py
[2023-12-22 21:02:06,313] {processor.py:652} INFO - DAG(s) dict_keys(['example_bash_operator']) retrieved from /home/airflow/.local/lib/python3.6/site-packages/airflow/example_dags/example_bash_operator.py
[2023-12-22 21:02:06,333] {logging_mixin.py:109} INFO - [2023-12-22 21:02:06,332] {dag.py:2398} INFO - Sync 1 DAGs
[2023-12-22 21:02:06,349] {logging_mixin.py:109} INFO - [2023-12-22 21:02:06,349] {dag.py:2937} INFO - Setting next_dagrun for example_bash_operator to 2023-12-21 00:00:00+00:00
[2023-12-22 21:02:06,402] {processor.py:171} INFO - Processing /home/airflow/.local/lib/python3.6/site-packages/airflow/example_dags/example_bash_operator.py took 0.114 seconds
[2023-12-22 21:02:36,669] {processor.py:163} INFO - Started process (PID=2989) to work on /home/airflow/.local/lib/python3.6/site-packages/airflow/example_dags/example_bash_operator.py
[2023-12-22 21:02:36,671] {processor.py:642} INFO - Processing file /home/airflow/.local/lib/python3.6/site-packages/airflow/example_dags/example_bash_operator.py for tasks to queue
[2023-12-22 21:02:36,672] {logging_mixin.py:109} INFO - [2023-12-22 21:02:36,672] {dagbag.py:500} INFO - Filling up the DagBag from /home/airflow/.local/lib/python3.6/site-packages/airflow/example_dags/example_bash_operator.py
[2023-12-22 21:02:36,693] {processor.py:652} INFO - DAG(s) dict_keys(['example_bash_operator']) retrieved from /home/airflow/.local/lib/python3.6/site-packages/airflow/example_dags/example_bash_operator.py
[2023-12-22 21:02:36,716] {logging_mixin.py:109} INFO - [2023-12-22 21:02:36,715] {dag.py:2398} INFO - Sync 1 DAGs
[2023-12-22 21:02:36,738] {logging_mixin.py:109} INFO - [2023-12-22 21:02:36,738] {dag.py:2937} INFO - Setting next_dagrun for example_bash_operator to 2023-12-21 00:00:00+00:00
[2023-12-22 21:02:36,753] {processor.py:171} INFO - Processing /home/airflow/.local/lib/python3.6/site-packages/airflow/example_dags/example_bash_operator.py took 0.089 seconds
[2023-12-22 21:03:07,300] {processor.py:163} INFO - Started process (PID=3063) to work on /home/airflow/.local/lib/python3.6/site-packages/airflow/example_dags/example_bash_operator.py
[2023-12-22 21:03:07,301] {processor.py:642} INFO - Processing file /home/airflow/.local/lib/python3.6/site-packages/airflow/example_dags/example_bash_operator.py for tasks to queue
[2023-12-22 21:03:07,302] {logging_mixin.py:109} INFO - [2023-12-22 21:03:07,301] {dagbag.py:500} INFO - Filling up the DagBag from /home/airflow/.local/lib/python3.6/site-packages/airflow/example_dags/example_bash_operator.py
[2023-12-22 21:03:07,321] {processor.py:652} INFO - DAG(s) dict_keys(['example_bash_operator']) retrieved from /home/airflow/.local/lib/python3.6/site-packages/airflow/example_dags/example_bash_operator.py
[2023-12-22 21:03:07,343] {logging_mixin.py:109} INFO - [2023-12-22 21:03:07,343] {dag.py:2398} INFO - Sync 1 DAGs
[2023-12-22 21:03:07,362] {logging_mixin.py:109} INFO - [2023-12-22 21:03:07,362] {dag.py:2937} INFO - Setting next_dagrun for example_bash_operator to 2023-12-21 00:00:00+00:00
[2023-12-22 21:03:07,414] {processor.py:171} INFO - Processing /home/airflow/.local/lib/python3.6/site-packages/airflow/example_dags/example_bash_operator.py took 0.117 seconds
[2023-12-22 21:03:37,501] {processor.py:163} INFO - Started process (PID=3136) to work on /home/airflow/.local/lib/python3.6/site-packages/airflow/example_dags/example_bash_operator.py
[2023-12-22 21:03:37,502] {processor.py:642} INFO - Processing file /home/airflow/.local/lib/python3.6/site-packages/airflow/example_dags/example_bash_operator.py for tasks to queue
[2023-12-22 21:03:37,503] {logging_mixin.py:109} INFO - [2023-12-22 21:03:37,503] {dagbag.py:500} INFO - Filling up the DagBag from /home/airflow/.local/lib/python3.6/site-packages/airflow/example_dags/example_bash_operator.py
[2023-12-22 21:03:37,523] {processor.py:652} INFO - DAG(s) dict_keys(['example_bash_operator']) retrieved from /home/airflow/.local/lib/python3.6/site-packages/airflow/example_dags/example_bash_operator.py
[2023-12-22 21:03:37,547] {logging_mixin.py:109} INFO - [2023-12-22 21:03:37,547] {dag.py:2398} INFO - Sync 1 DAGs
[2023-12-22 21:03:37,564] {logging_mixin.py:109} INFO - [2023-12-22 21:03:37,563] {dag.py:2937} INFO - Setting next_dagrun for example_bash_operator to 2023-12-21 00:00:00+00:00
[2023-12-22 21:03:37,594] {processor.py:171} INFO - Processing /home/airflow/.local/lib/python3.6/site-packages/airflow/example_dags/example_bash_operator.py took 0.096 seconds
[2023-12-22 21:04:07,803] {processor.py:163} INFO - Started process (PID=3200) to work on /home/airflow/.local/lib/python3.6/site-packages/airflow/example_dags/example_bash_operator.py
[2023-12-22 21:04:07,804] {processor.py:642} INFO - Processing file /home/airflow/.local/lib/python3.6/site-packages/airflow/example_dags/example_bash_operator.py for tasks to queue
[2023-12-22 21:04:07,805] {logging_mixin.py:109} INFO - [2023-12-22 21:04:07,805] {dagbag.py:500} INFO - Filling up the DagBag from /home/airflow/.local/lib/python3.6/site-packages/airflow/example_dags/example_bash_operator.py
[2023-12-22 21:04:07,824] {processor.py:652} INFO - DAG(s) dict_keys(['example_bash_operator']) retrieved from /home/airflow/.local/lib/python3.6/site-packages/airflow/example_dags/example_bash_operator.py
[2023-12-22 21:04:07,838] {logging_mixin.py:109} INFO - [2023-12-22 21:04:07,838] {dag.py:2398} INFO - Sync 1 DAGs
[2023-12-22 21:04:07,856] {logging_mixin.py:109} INFO - [2023-12-22 21:04:07,856] {dag.py:2937} INFO - Setting next_dagrun for example_bash_operator to 2023-12-21 00:00:00+00:00
[2023-12-22 21:04:07,865] {processor.py:171} INFO - Processing /home/airflow/.local/lib/python3.6/site-packages/airflow/example_dags/example_bash_operator.py took 0.064 seconds
[2023-12-22 21:04:37,991] {processor.py:163} INFO - Started process (PID=3274) to work on /home/airflow/.local/lib/python3.6/site-packages/airflow/example_dags/example_bash_operator.py
[2023-12-22 21:04:37,992] {processor.py:642} INFO - Processing file /home/airflow/.local/lib/python3.6/site-packages/airflow/example_dags/example_bash_operator.py for tasks to queue
[2023-12-22 21:04:37,993] {logging_mixin.py:109} INFO - [2023-12-22 21:04:37,993] {dagbag.py:500} INFO - Filling up the DagBag from /home/airflow/.local/lib/python3.6/site-packages/airflow/example_dags/example_bash_operator.py
[2023-12-22 21:04:38,017] {processor.py:652} INFO - DAG(s) dict_keys(['example_bash_operator']) retrieved from /home/airflow/.local/lib/python3.6/site-packages/airflow/example_dags/example_bash_operator.py
[2023-12-22 21:04:38,041] {logging_mixin.py:109} INFO - [2023-12-22 21:04:38,041] {dag.py:2398} INFO - Sync 1 DAGs
[2023-12-22 21:04:38,061] {logging_mixin.py:109} INFO - [2023-12-22 21:04:38,061] {dag.py:2937} INFO - Setting next_dagrun for example_bash_operator to 2023-12-21 00:00:00+00:00
[2023-12-22 21:04:38,072] {processor.py:171} INFO - Processing /home/airflow/.local/lib/python3.6/site-packages/airflow/example_dags/example_bash_operator.py took 0.084 seconds
[2023-12-22 21:05:08,293] {processor.py:163} INFO - Started process (PID=3338) to work on /home/airflow/.local/lib/python3.6/site-packages/airflow/example_dags/example_bash_operator.py
[2023-12-22 21:05:08,294] {processor.py:642} INFO - Processing file /home/airflow/.local/lib/python3.6/site-packages/airflow/example_dags/example_bash_operator.py for tasks to queue
[2023-12-22 21:05:08,295] {logging_mixin.py:109} INFO - [2023-12-22 21:05:08,295] {dagbag.py:500} INFO - Filling up the DagBag from /home/airflow/.local/lib/python3.6/site-packages/airflow/example_dags/example_bash_operator.py
[2023-12-22 21:05:08,323] {processor.py:652} INFO - DAG(s) dict_keys(['example_bash_operator']) retrieved from /home/airflow/.local/lib/python3.6/site-packages/airflow/example_dags/example_bash_operator.py
[2023-12-22 21:05:08,339] {logging_mixin.py:109} INFO - [2023-12-22 21:05:08,339] {dag.py:2398} INFO - Sync 1 DAGs
[2023-12-22 21:05:08,359] {logging_mixin.py:109} INFO - [2023-12-22 21:05:08,359] {dag.py:2937} INFO - Setting next_dagrun for example_bash_operator to 2023-12-21 00:00:00+00:00
[2023-12-22 21:05:08,379] {processor.py:171} INFO - Processing /home/airflow/.local/lib/python3.6/site-packages/airflow/example_dags/example_bash_operator.py took 0.089 seconds
[2023-12-22 21:05:38,570] {processor.py:163} INFO - Started process (PID=3412) to work on /home/airflow/.local/lib/python3.6/site-packages/airflow/example_dags/example_bash_operator.py
[2023-12-22 21:05:38,571] {processor.py:642} INFO - Processing file /home/airflow/.local/lib/python3.6/site-packages/airflow/example_dags/example_bash_operator.py for tasks to queue
[2023-12-22 21:05:38,572] {logging_mixin.py:109} INFO - [2023-12-22 21:05:38,572] {dagbag.py:500} INFO - Filling up the DagBag from /home/airflow/.local/lib/python3.6/site-packages/airflow/example_dags/example_bash_operator.py
[2023-12-22 21:05:38,598] {processor.py:652} INFO - DAG(s) dict_keys(['example_bash_operator']) retrieved from /home/airflow/.local/lib/python3.6/site-packages/airflow/example_dags/example_bash_operator.py
[2023-12-22 21:05:38,618] {logging_mixin.py:109} INFO - [2023-12-22 21:05:38,618] {dag.py:2398} INFO - Sync 1 DAGs
[2023-12-22 21:05:38,640] {logging_mixin.py:109} INFO - [2023-12-22 21:05:38,640] {dag.py:2937} INFO - Setting next_dagrun for example_bash_operator to 2023-12-21 00:00:00+00:00
[2023-12-22 21:05:38,652] {processor.py:171} INFO - Processing /home/airflow/.local/lib/python3.6/site-packages/airflow/example_dags/example_bash_operator.py took 0.087 seconds
[2023-12-22 21:06:08,907] {processor.py:163} INFO - Started process (PID=3476) to work on /home/airflow/.local/lib/python3.6/site-packages/airflow/example_dags/example_bash_operator.py
[2023-12-22 21:06:08,908] {processor.py:642} INFO - Processing file /home/airflow/.local/lib/python3.6/site-packages/airflow/example_dags/example_bash_operator.py for tasks to queue
[2023-12-22 21:06:08,909] {logging_mixin.py:109} INFO - [2023-12-22 21:06:08,908] {dagbag.py:500} INFO - Filling up the DagBag from /home/airflow/.local/lib/python3.6/site-packages/airflow/example_dags/example_bash_operator.py
[2023-12-22 21:06:08,925] {processor.py:652} INFO - DAG(s) dict_keys(['example_bash_operator']) retrieved from /home/airflow/.local/lib/python3.6/site-packages/airflow/example_dags/example_bash_operator.py
[2023-12-22 21:06:08,941] {logging_mixin.py:109} INFO - [2023-12-22 21:06:08,941] {dag.py:2398} INFO - Sync 1 DAGs
[2023-12-22 21:06:08,954] {logging_mixin.py:109} INFO - [2023-12-22 21:06:08,954] {dag.py:2937} INFO - Setting next_dagrun for example_bash_operator to 2023-12-21 00:00:00+00:00
[2023-12-22 21:06:08,984] {processor.py:171} INFO - Processing /home/airflow/.local/lib/python3.6/site-packages/airflow/example_dags/example_bash_operator.py took 0.079 seconds
[2023-12-22 21:06:39,111] {processor.py:163} INFO - Started process (PID=3550) to work on /home/airflow/.local/lib/python3.6/site-packages/airflow/example_dags/example_bash_operator.py
[2023-12-22 21:06:39,112] {processor.py:642} INFO - Processing file /home/airflow/.local/lib/python3.6/site-packages/airflow/example_dags/example_bash_operator.py for tasks to queue
[2023-12-22 21:06:39,113] {logging_mixin.py:109} INFO - [2023-12-22 21:06:39,113] {dagbag.py:500} INFO - Filling up the DagBag from /home/airflow/.local/lib/python3.6/site-packages/airflow/example_dags/example_bash_operator.py
[2023-12-22 21:06:39,133] {processor.py:652} INFO - DAG(s) dict_keys(['example_bash_operator']) retrieved from /home/airflow/.local/lib/python3.6/site-packages/airflow/example_dags/example_bash_operator.py
[2023-12-22 21:06:39,152] {logging_mixin.py:109} INFO - [2023-12-22 21:06:39,151] {dag.py:2398} INFO - Sync 1 DAGs
[2023-12-22 21:06:39,167] {logging_mixin.py:109} INFO - [2023-12-22 21:06:39,167] {dag.py:2937} INFO - Setting next_dagrun for example_bash_operator to 2023-12-21 00:00:00+00:00
[2023-12-22 21:06:39,195] {processor.py:171} INFO - Processing /home/airflow/.local/lib/python3.6/site-packages/airflow/example_dags/example_bash_operator.py took 0.087 seconds
[2023-12-22 21:07:09,570] {processor.py:163} INFO - Started process (PID=3614) to work on /home/airflow/.local/lib/python3.6/site-packages/airflow/example_dags/example_bash_operator.py
[2023-12-22 21:07:09,572] {processor.py:642} INFO - Processing file /home/airflow/.local/lib/python3.6/site-packages/airflow/example_dags/example_bash_operator.py for tasks to queue
[2023-12-22 21:07:09,572] {logging_mixin.py:109} INFO - [2023-12-22 21:07:09,572] {dagbag.py:500} INFO - Filling up the DagBag from /home/airflow/.local/lib/python3.6/site-packages/airflow/example_dags/example_bash_operator.py
[2023-12-22 21:07:09,593] {processor.py:652} INFO - DAG(s) dict_keys(['example_bash_operator']) retrieved from /home/airflow/.local/lib/python3.6/site-packages/airflow/example_dags/example_bash_operator.py
[2023-12-22 21:07:09,609] {logging_mixin.py:109} INFO - [2023-12-22 21:07:09,609] {dag.py:2398} INFO - Sync 1 DAGs
[2023-12-22 21:07:09,625] {logging_mixin.py:109} INFO - [2023-12-22 21:07:09,625] {dag.py:2937} INFO - Setting next_dagrun for example_bash_operator to 2023-12-21 00:00:00+00:00
[2023-12-22 21:07:09,656] {processor.py:171} INFO - Processing /home/airflow/.local/lib/python3.6/site-packages/airflow/example_dags/example_bash_operator.py took 0.089 seconds
[2023-12-22 21:07:39,726] {processor.py:163} INFO - Started process (PID=3677) to work on /home/airflow/.local/lib/python3.6/site-packages/airflow/example_dags/example_bash_operator.py
[2023-12-22 21:07:39,727] {processor.py:642} INFO - Processing file /home/airflow/.local/lib/python3.6/site-packages/airflow/example_dags/example_bash_operator.py for tasks to queue
[2023-12-22 21:07:39,728] {logging_mixin.py:109} INFO - [2023-12-22 21:07:39,728] {dagbag.py:500} INFO - Filling up the DagBag from /home/airflow/.local/lib/python3.6/site-packages/airflow/example_dags/example_bash_operator.py
[2023-12-22 21:07:39,749] {processor.py:652} INFO - DAG(s) dict_keys(['example_bash_operator']) retrieved from /home/airflow/.local/lib/python3.6/site-packages/airflow/example_dags/example_bash_operator.py
[2023-12-22 21:07:39,767] {logging_mixin.py:109} INFO - [2023-12-22 21:07:39,767] {dag.py:2398} INFO - Sync 1 DAGs
[2023-12-22 21:07:39,784] {logging_mixin.py:109} INFO - [2023-12-22 21:07:39,784] {dag.py:2937} INFO - Setting next_dagrun for example_bash_operator to 2023-12-21 00:00:00+00:00
[2023-12-22 21:07:39,863] {processor.py:171} INFO - Processing /home/airflow/.local/lib/python3.6/site-packages/airflow/example_dags/example_bash_operator.py took 0.141 seconds
[2023-12-22 21:08:09,912] {processor.py:163} INFO - Started process (PID=3741) to work on /home/airflow/.local/lib/python3.6/site-packages/airflow/example_dags/example_bash_operator.py
[2023-12-22 21:08:09,913] {processor.py:642} INFO - Processing file /home/airflow/.local/lib/python3.6/site-packages/airflow/example_dags/example_bash_operator.py for tasks to queue
[2023-12-22 21:08:09,913] {logging_mixin.py:109} INFO - [2023-12-22 21:08:09,913] {dagbag.py:500} INFO - Filling up the DagBag from /home/airflow/.local/lib/python3.6/site-packages/airflow/example_dags/example_bash_operator.py
[2023-12-22 21:08:09,934] {processor.py:652} INFO - DAG(s) dict_keys(['example_bash_operator']) retrieved from /home/airflow/.local/lib/python3.6/site-packages/airflow/example_dags/example_bash_operator.py
[2023-12-22 21:08:09,952] {logging_mixin.py:109} INFO - [2023-12-22 21:08:09,951] {dag.py:2398} INFO - Sync 1 DAGs
[2023-12-22 21:08:09,978] {logging_mixin.py:109} INFO - [2023-12-22 21:08:09,978] {dag.py:2937} INFO - Setting next_dagrun for example_bash_operator to 2023-12-21 00:00:00+00:00
[2023-12-22 21:08:09,988] {processor.py:171} INFO - Processing /home/airflow/.local/lib/python3.6/site-packages/airflow/example_dags/example_bash_operator.py took 0.079 seconds
[2023-12-22 21:08:40,399] {processor.py:163} INFO - Started process (PID=3815) to work on /home/airflow/.local/lib/python3.6/site-packages/airflow/example_dags/example_bash_operator.py
[2023-12-22 21:08:40,400] {processor.py:642} INFO - Processing file /home/airflow/.local/lib/python3.6/site-packages/airflow/example_dags/example_bash_operator.py for tasks to queue
[2023-12-22 21:08:40,401] {logging_mixin.py:109} INFO - [2023-12-22 21:08:40,401] {dagbag.py:500} INFO - Filling up the DagBag from /home/airflow/.local/lib/python3.6/site-packages/airflow/example_dags/example_bash_operator.py
[2023-12-22 21:08:40,420] {processor.py:652} INFO - DAG(s) dict_keys(['example_bash_operator']) retrieved from /home/airflow/.local/lib/python3.6/site-packages/airflow/example_dags/example_bash_operator.py
[2023-12-22 21:08:40,441] {logging_mixin.py:109} INFO - [2023-12-22 21:08:40,441] {dag.py:2398} INFO - Sync 1 DAGs
[2023-12-22 21:08:40,461] {logging_mixin.py:109} INFO - [2023-12-22 21:08:40,460] {dag.py:2937} INFO - Setting next_dagrun for example_bash_operator to 2023-12-21 00:00:00+00:00
[2023-12-22 21:08:40,475] {processor.py:171} INFO - Processing /home/airflow/.local/lib/python3.6/site-packages/airflow/example_dags/example_bash_operator.py took 0.079 seconds
[2023-12-22 21:09:11,050] {processor.py:163} INFO - Started process (PID=3878) to work on /home/airflow/.local/lib/python3.6/site-packages/airflow/example_dags/example_bash_operator.py
[2023-12-22 21:09:11,051] {processor.py:642} INFO - Processing file /home/airflow/.local/lib/python3.6/site-packages/airflow/example_dags/example_bash_operator.py for tasks to queue
[2023-12-22 21:09:11,052] {logging_mixin.py:109} INFO - [2023-12-22 21:09:11,052] {dagbag.py:500} INFO - Filling up the DagBag from /home/airflow/.local/lib/python3.6/site-packages/airflow/example_dags/example_bash_operator.py
[2023-12-22 21:09:11,073] {processor.py:652} INFO - DAG(s) dict_keys(['example_bash_operator']) retrieved from /home/airflow/.local/lib/python3.6/site-packages/airflow/example_dags/example_bash_operator.py
[2023-12-22 21:09:11,093] {logging_mixin.py:109} INFO - [2023-12-22 21:09:11,092] {dag.py:2398} INFO - Sync 1 DAGs
[2023-12-22 21:09:11,109] {logging_mixin.py:109} INFO - [2023-12-22 21:09:11,109] {dag.py:2937} INFO - Setting next_dagrun for example_bash_operator to 2023-12-21 00:00:00+00:00
[2023-12-22 21:09:11,142] {processor.py:171} INFO - Processing /home/airflow/.local/lib/python3.6/site-packages/airflow/example_dags/example_bash_operator.py took 0.095 seconds
[2023-12-22 21:09:41,292] {processor.py:163} INFO - Started process (PID=3952) to work on /home/airflow/.local/lib/python3.6/site-packages/airflow/example_dags/example_bash_operator.py
[2023-12-22 21:09:41,293] {processor.py:642} INFO - Processing file /home/airflow/.local/lib/python3.6/site-packages/airflow/example_dags/example_bash_operator.py for tasks to queue
[2023-12-22 21:09:41,294] {logging_mixin.py:109} INFO - [2023-12-22 21:09:41,294] {dagbag.py:500} INFO - Filling up the DagBag from /home/airflow/.local/lib/python3.6/site-packages/airflow/example_dags/example_bash_operator.py
[2023-12-22 21:09:41,310] {processor.py:652} INFO - DAG(s) dict_keys(['example_bash_operator']) retrieved from /home/airflow/.local/lib/python3.6/site-packages/airflow/example_dags/example_bash_operator.py
[2023-12-22 21:09:41,324] {logging_mixin.py:109} INFO - [2023-12-22 21:09:41,324] {dag.py:2398} INFO - Sync 1 DAGs
[2023-12-22 21:09:41,337] {logging_mixin.py:109} INFO - [2023-12-22 21:09:41,337] {dag.py:2937} INFO - Setting next_dagrun for example_bash_operator to 2023-12-21 00:00:00+00:00
[2023-12-22 21:09:41,344] {processor.py:171} INFO - Processing /home/airflow/.local/lib/python3.6/site-packages/airflow/example_dags/example_bash_operator.py took 0.055 seconds
[2023-12-22 21:10:12,068] {processor.py:163} INFO - Started process (PID=4025) to work on /home/airflow/.local/lib/python3.6/site-packages/airflow/example_dags/example_bash_operator.py
[2023-12-22 21:10:12,070] {processor.py:642} INFO - Processing file /home/airflow/.local/lib/python3.6/site-packages/airflow/example_dags/example_bash_operator.py for tasks to queue
[2023-12-22 21:10:12,071] {logging_mixin.py:109} INFO - [2023-12-22 21:10:12,071] {dagbag.py:500} INFO - Filling up the DagBag from /home/airflow/.local/lib/python3.6/site-packages/airflow/example_dags/example_bash_operator.py
[2023-12-22 21:10:12,089] {processor.py:652} INFO - DAG(s) dict_keys(['example_bash_operator']) retrieved from /home/airflow/.local/lib/python3.6/site-packages/airflow/example_dags/example_bash_operator.py
[2023-12-22 21:10:12,108] {logging_mixin.py:109} INFO - [2023-12-22 21:10:12,108] {dag.py:2398} INFO - Sync 1 DAGs
[2023-12-22 21:10:12,125] {logging_mixin.py:109} INFO - [2023-12-22 21:10:12,125] {dag.py:2937} INFO - Setting next_dagrun for example_bash_operator to 2023-12-21 00:00:00+00:00
[2023-12-22 21:10:12,157] {processor.py:171} INFO - Processing /home/airflow/.local/lib/python3.6/site-packages/airflow/example_dags/example_bash_operator.py took 0.092 seconds
[2023-12-22 21:10:42,236] {processor.py:163} INFO - Started process (PID=4091) to work on /home/airflow/.local/lib/python3.6/site-packages/airflow/example_dags/example_bash_operator.py
[2023-12-22 21:10:42,237] {processor.py:642} INFO - Processing file /home/airflow/.local/lib/python3.6/site-packages/airflow/example_dags/example_bash_operator.py for tasks to queue
[2023-12-22 21:10:42,238] {logging_mixin.py:109} INFO - [2023-12-22 21:10:42,238] {dagbag.py:500} INFO - Filling up the DagBag from /home/airflow/.local/lib/python3.6/site-packages/airflow/example_dags/example_bash_operator.py
[2023-12-22 21:10:42,258] {processor.py:652} INFO - DAG(s) dict_keys(['example_bash_operator']) retrieved from /home/airflow/.local/lib/python3.6/site-packages/airflow/example_dags/example_bash_operator.py
[2023-12-22 21:10:42,283] {logging_mixin.py:109} INFO - [2023-12-22 21:10:42,283] {dag.py:2398} INFO - Sync 1 DAGs
[2023-12-22 21:10:42,302] {logging_mixin.py:109} INFO - [2023-12-22 21:10:42,301] {dag.py:2937} INFO - Setting next_dagrun for example_bash_operator to 2023-12-21 00:00:00+00:00
[2023-12-22 21:10:42,315] {processor.py:171} INFO - Processing /home/airflow/.local/lib/python3.6/site-packages/airflow/example_dags/example_bash_operator.py took 0.082 seconds
[2023-12-22 21:11:13,193] {processor.py:163} INFO - Started process (PID=4164) to work on /home/airflow/.local/lib/python3.6/site-packages/airflow/example_dags/example_bash_operator.py
[2023-12-22 21:11:13,194] {processor.py:642} INFO - Processing file /home/airflow/.local/lib/python3.6/site-packages/airflow/example_dags/example_bash_operator.py for tasks to queue
[2023-12-22 21:11:13,195] {logging_mixin.py:109} INFO - [2023-12-22 21:11:13,195] {dagbag.py:500} INFO - Filling up the DagBag from /home/airflow/.local/lib/python3.6/site-packages/airflow/example_dags/example_bash_operator.py
[2023-12-22 21:11:13,211] {processor.py:652} INFO - DAG(s) dict_keys(['example_bash_operator']) retrieved from /home/airflow/.local/lib/python3.6/site-packages/airflow/example_dags/example_bash_operator.py
[2023-12-22 21:11:13,226] {logging_mixin.py:109} INFO - [2023-12-22 21:11:13,226] {dag.py:2398} INFO - Sync 1 DAGs
[2023-12-22 21:11:13,239] {logging_mixin.py:109} INFO - [2023-12-22 21:11:13,239] {dag.py:2937} INFO - Setting next_dagrun for example_bash_operator to 2023-12-21 00:00:00+00:00
[2023-12-22 21:11:13,271] {processor.py:171} INFO - Processing /home/airflow/.local/lib/python3.6/site-packages/airflow/example_dags/example_bash_operator.py took 0.081 seconds
[2023-12-22 21:11:43,720] {processor.py:163} INFO - Started process (PID=4229) to work on /home/airflow/.local/lib/python3.6/site-packages/airflow/example_dags/example_bash_operator.py
[2023-12-22 21:11:43,722] {processor.py:642} INFO - Processing file /home/airflow/.local/lib/python3.6/site-packages/airflow/example_dags/example_bash_operator.py for tasks to queue
[2023-12-22 21:11:43,723] {logging_mixin.py:109} INFO - [2023-12-22 21:11:43,723] {dagbag.py:500} INFO - Filling up the DagBag from /home/airflow/.local/lib/python3.6/site-packages/airflow/example_dags/example_bash_operator.py
[2023-12-22 21:11:43,739] {processor.py:652} INFO - DAG(s) dict_keys(['example_bash_operator']) retrieved from /home/airflow/.local/lib/python3.6/site-packages/airflow/example_dags/example_bash_operator.py
[2023-12-22 21:11:43,756] {logging_mixin.py:109} INFO - [2023-12-22 21:11:43,755] {dag.py:2398} INFO - Sync 1 DAGs
[2023-12-22 21:11:43,770] {logging_mixin.py:109} INFO - [2023-12-22 21:11:43,770] {dag.py:2937} INFO - Setting next_dagrun for example_bash_operator to 2023-12-21 00:00:00+00:00
[2023-12-22 21:11:43,780] {processor.py:171} INFO - Processing /home/airflow/.local/lib/python3.6/site-packages/airflow/example_dags/example_bash_operator.py took 0.062 seconds
