[2023-12-22 20:40:28,792] {processor.py:163} INFO - Started process (PID=78) to work on /home/airflow/.local/lib/python3.6/site-packages/airflow/example_dags/example_branch_operator.py
[2023-12-22 20:40:28,794] {processor.py:642} INFO - Processing file /home/airflow/.local/lib/python3.6/site-packages/airflow/example_dags/example_branch_operator.py for tasks to queue
[2023-12-22 20:40:28,795] {logging_mixin.py:109} INFO - [2023-12-22 20:40:28,794] {dagbag.py:500} INFO - Filling up the DagBag from /home/airflow/.local/lib/python3.6/site-packages/airflow/example_dags/example_branch_operator.py
[2023-12-22 20:40:28,815] {processor.py:652} INFO - DAG(s) dict_keys(['example_branch_operator']) retrieved from /home/airflow/.local/lib/python3.6/site-packages/airflow/example_dags/example_branch_operator.py
[2023-12-22 20:40:28,839] {logging_mixin.py:109} INFO - [2023-12-22 20:40:28,839] {dag.py:2398} INFO - Sync 1 DAGs
[2023-12-22 20:40:28,864] {logging_mixin.py:109} INFO - [2023-12-22 20:40:28,864] {dag.py:2937} INFO - Setting next_dagrun for example_branch_operator to 2023-12-21 00:00:00+00:00
[2023-12-22 20:40:28,878] {processor.py:171} INFO - Processing /home/airflow/.local/lib/python3.6/site-packages/airflow/example_dags/example_branch_operator.py took 0.089 seconds
[2023-12-22 20:41:00,158] {processor.py:163} INFO - Started process (PID=142) to work on /home/airflow/.local/lib/python3.6/site-packages/airflow/example_dags/example_branch_operator.py
[2023-12-22 20:41:00,159] {processor.py:642} INFO - Processing file /home/airflow/.local/lib/python3.6/site-packages/airflow/example_dags/example_branch_operator.py for tasks to queue
[2023-12-22 20:41:00,161] {logging_mixin.py:109} INFO - [2023-12-22 20:41:00,161] {dagbag.py:500} INFO - Filling up the DagBag from /home/airflow/.local/lib/python3.6/site-packages/airflow/example_dags/example_branch_operator.py
[2023-12-22 20:41:00,184] {processor.py:652} INFO - DAG(s) dict_keys(['example_branch_operator']) retrieved from /home/airflow/.local/lib/python3.6/site-packages/airflow/example_dags/example_branch_operator.py
[2023-12-22 20:41:00,211] {logging_mixin.py:109} INFO - [2023-12-22 20:41:00,211] {dag.py:2398} INFO - Sync 1 DAGs
[2023-12-22 20:41:00,232] {logging_mixin.py:109} INFO - [2023-12-22 20:41:00,232] {dag.py:2937} INFO - Setting next_dagrun for example_branch_operator to 2023-12-21 00:00:00+00:00
[2023-12-22 20:41:00,245] {processor.py:171} INFO - Processing /home/airflow/.local/lib/python3.6/site-packages/airflow/example_dags/example_branch_operator.py took 0.092 seconds
[2023-12-22 20:41:34,072] {processor.py:163} INFO - Started process (PID=216) to work on /home/airflow/.local/lib/python3.6/site-packages/airflow/example_dags/example_branch_operator.py
[2023-12-22 20:41:34,073] {processor.py:642} INFO - Processing file /home/airflow/.local/lib/python3.6/site-packages/airflow/example_dags/example_branch_operator.py for tasks to queue
[2023-12-22 20:41:34,074] {logging_mixin.py:109} INFO - [2023-12-22 20:41:34,073] {dagbag.py:500} INFO - Filling up the DagBag from /home/airflow/.local/lib/python3.6/site-packages/airflow/example_dags/example_branch_operator.py
[2023-12-22 20:41:34,111] {processor.py:652} INFO - DAG(s) dict_keys(['example_branch_operator']) retrieved from /home/airflow/.local/lib/python3.6/site-packages/airflow/example_dags/example_branch_operator.py
[2023-12-22 20:41:34,301] {logging_mixin.py:109} INFO - [2023-12-22 20:41:34,301] {dag.py:2398} INFO - Sync 1 DAGs
[2023-12-22 20:41:34,348] {logging_mixin.py:109} INFO - [2023-12-22 20:41:34,348] {dag.py:2937} INFO - Setting next_dagrun for example_branch_operator to 2023-12-21 00:00:00+00:00
[2023-12-22 20:41:34,476] {processor.py:171} INFO - Processing /home/airflow/.local/lib/python3.6/site-packages/airflow/example_dags/example_branch_operator.py took 0.406 seconds
[2023-12-22 20:42:12,141] {processor.py:163} INFO - Started process (PID=290) to work on /home/airflow/.local/lib/python3.6/site-packages/airflow/example_dags/example_branch_operator.py
[2023-12-22 20:42:12,142] {processor.py:642} INFO - Processing file /home/airflow/.local/lib/python3.6/site-packages/airflow/example_dags/example_branch_operator.py for tasks to queue
[2023-12-22 20:42:12,143] {logging_mixin.py:109} INFO - [2023-12-22 20:42:12,143] {dagbag.py:500} INFO - Filling up the DagBag from /home/airflow/.local/lib/python3.6/site-packages/airflow/example_dags/example_branch_operator.py
[2023-12-22 20:42:12,172] {processor.py:652} INFO - DAG(s) dict_keys(['example_branch_operator']) retrieved from /home/airflow/.local/lib/python3.6/site-packages/airflow/example_dags/example_branch_operator.py
[2023-12-22 20:42:12,278] {logging_mixin.py:109} INFO - [2023-12-22 20:42:12,278] {dag.py:2398} INFO - Sync 1 DAGs
[2023-12-22 20:42:12,524] {logging_mixin.py:109} INFO - [2023-12-22 20:42:12,524] {dag.py:2937} INFO - Setting next_dagrun for example_branch_operator to 2023-12-21 00:00:00+00:00
[2023-12-22 20:42:12,897] {processor.py:171} INFO - Processing /home/airflow/.local/lib/python3.6/site-packages/airflow/example_dags/example_branch_operator.py took 0.759 seconds
[2023-12-22 20:42:44,365] {processor.py:163} INFO - Started process (PID=354) to work on /home/airflow/.local/lib/python3.6/site-packages/airflow/example_dags/example_branch_operator.py
[2023-12-22 20:42:44,367] {processor.py:642} INFO - Processing file /home/airflow/.local/lib/python3.6/site-packages/airflow/example_dags/example_branch_operator.py for tasks to queue
[2023-12-22 20:42:44,370] {logging_mixin.py:109} INFO - [2023-12-22 20:42:44,370] {dagbag.py:500} INFO - Filling up the DagBag from /home/airflow/.local/lib/python3.6/site-packages/airflow/example_dags/example_branch_operator.py
[2023-12-22 20:42:44,392] {processor.py:652} INFO - DAG(s) dict_keys(['example_branch_operator']) retrieved from /home/airflow/.local/lib/python3.6/site-packages/airflow/example_dags/example_branch_operator.py
[2023-12-22 20:42:44,472] {logging_mixin.py:109} INFO - [2023-12-22 20:42:44,472] {dag.py:2398} INFO - Sync 1 DAGs
[2023-12-22 20:42:44,542] {logging_mixin.py:109} INFO - [2023-12-22 20:42:44,542] {dag.py:2937} INFO - Setting next_dagrun for example_branch_operator to 2023-12-21 00:00:00+00:00
[2023-12-22 20:42:44,671] {processor.py:171} INFO - Processing /home/airflow/.local/lib/python3.6/site-packages/airflow/example_dags/example_branch_operator.py took 0.310 seconds
[2023-12-22 20:43:15,795] {processor.py:163} INFO - Started process (PID=429) to work on /home/airflow/.local/lib/python3.6/site-packages/airflow/example_dags/example_branch_operator.py
[2023-12-22 20:43:15,801] {processor.py:642} INFO - Processing file /home/airflow/.local/lib/python3.6/site-packages/airflow/example_dags/example_branch_operator.py for tasks to queue
[2023-12-22 20:43:15,809] {logging_mixin.py:109} INFO - [2023-12-22 20:43:15,809] {dagbag.py:500} INFO - Filling up the DagBag from /home/airflow/.local/lib/python3.6/site-packages/airflow/example_dags/example_branch_operator.py
[2023-12-22 20:43:15,903] {processor.py:652} INFO - DAG(s) dict_keys(['example_branch_operator']) retrieved from /home/airflow/.local/lib/python3.6/site-packages/airflow/example_dags/example_branch_operator.py
[2023-12-22 20:43:16,029] {logging_mixin.py:109} INFO - [2023-12-22 20:43:16,028] {dag.py:2398} INFO - Sync 1 DAGs
[2023-12-22 20:43:16,217] {logging_mixin.py:109} INFO - [2023-12-22 20:43:16,216] {dag.py:2937} INFO - Setting next_dagrun for example_branch_operator to 2023-12-21 00:00:00+00:00
[2023-12-22 20:43:16,321] {processor.py:171} INFO - Processing /home/airflow/.local/lib/python3.6/site-packages/airflow/example_dags/example_branch_operator.py took 0.509 seconds
[2023-12-22 20:43:47,447] {processor.py:163} INFO - Started process (PID=493) to work on /home/airflow/.local/lib/python3.6/site-packages/airflow/example_dags/example_branch_operator.py
[2023-12-22 20:43:47,450] {processor.py:642} INFO - Processing file /home/airflow/.local/lib/python3.6/site-packages/airflow/example_dags/example_branch_operator.py for tasks to queue
[2023-12-22 20:43:47,550] {logging_mixin.py:109} INFO - [2023-12-22 20:43:47,549] {dagbag.py:500} INFO - Filling up the DagBag from /home/airflow/.local/lib/python3.6/site-packages/airflow/example_dags/example_branch_operator.py
[2023-12-22 20:43:47,581] {processor.py:652} INFO - DAG(s) dict_keys(['example_branch_operator']) retrieved from /home/airflow/.local/lib/python3.6/site-packages/airflow/example_dags/example_branch_operator.py
[2023-12-22 20:43:47,702] {logging_mixin.py:109} INFO - [2023-12-22 20:43:47,702] {dag.py:2398} INFO - Sync 1 DAGs
[2023-12-22 20:43:47,885] {logging_mixin.py:109} INFO - [2023-12-22 20:43:47,885] {dag.py:2937} INFO - Setting next_dagrun for example_branch_operator to 2023-12-21 00:00:00+00:00
[2023-12-22 20:43:48,026] {processor.py:171} INFO - Processing /home/airflow/.local/lib/python3.6/site-packages/airflow/example_dags/example_branch_operator.py took 0.583 seconds
[2023-12-22 20:44:18,344] {processor.py:163} INFO - Started process (PID=556) to work on /home/airflow/.local/lib/python3.6/site-packages/airflow/example_dags/example_branch_operator.py
[2023-12-22 20:44:18,347] {processor.py:642} INFO - Processing file /home/airflow/.local/lib/python3.6/site-packages/airflow/example_dags/example_branch_operator.py for tasks to queue
[2023-12-22 20:44:18,348] {logging_mixin.py:109} INFO - [2023-12-22 20:44:18,348] {dagbag.py:500} INFO - Filling up the DagBag from /home/airflow/.local/lib/python3.6/site-packages/airflow/example_dags/example_branch_operator.py
[2023-12-22 20:44:18,368] {processor.py:652} INFO - DAG(s) dict_keys(['example_branch_operator']) retrieved from /home/airflow/.local/lib/python3.6/site-packages/airflow/example_dags/example_branch_operator.py
[2023-12-22 20:44:18,391] {logging_mixin.py:109} INFO - [2023-12-22 20:44:18,391] {dag.py:2398} INFO - Sync 1 DAGs
[2023-12-22 20:44:18,480] {logging_mixin.py:109} INFO - [2023-12-22 20:44:18,480] {dag.py:2937} INFO - Setting next_dagrun for example_branch_operator to 2023-12-21 00:00:00+00:00
[2023-12-22 20:44:18,489] {processor.py:171} INFO - Processing /home/airflow/.local/lib/python3.6/site-packages/airflow/example_dags/example_branch_operator.py took 0.148 seconds
[2023-12-22 20:44:49,816] {processor.py:163} INFO - Started process (PID=631) to work on /home/airflow/.local/lib/python3.6/site-packages/airflow/example_dags/example_branch_operator.py
[2023-12-22 20:44:49,820] {processor.py:642} INFO - Processing file /home/airflow/.local/lib/python3.6/site-packages/airflow/example_dags/example_branch_operator.py for tasks to queue
[2023-12-22 20:44:49,823] {logging_mixin.py:109} INFO - [2023-12-22 20:44:49,823] {dagbag.py:500} INFO - Filling up the DagBag from /home/airflow/.local/lib/python3.6/site-packages/airflow/example_dags/example_branch_operator.py
[2023-12-22 20:44:49,849] {processor.py:652} INFO - DAG(s) dict_keys(['example_branch_operator']) retrieved from /home/airflow/.local/lib/python3.6/site-packages/airflow/example_dags/example_branch_operator.py
[2023-12-22 20:44:49,960] {logging_mixin.py:109} INFO - [2023-12-22 20:44:49,960] {dag.py:2398} INFO - Sync 1 DAGs
[2023-12-22 20:44:50,158] {logging_mixin.py:109} INFO - [2023-12-22 20:44:50,158] {dag.py:2937} INFO - Setting next_dagrun for example_branch_operator to 2023-12-21 00:00:00+00:00
[2023-12-22 20:44:50,219] {processor.py:171} INFO - Processing /home/airflow/.local/lib/python3.6/site-packages/airflow/example_dags/example_branch_operator.py took 0.406 seconds
[2023-12-22 20:45:21,007] {processor.py:163} INFO - Started process (PID=695) to work on /home/airflow/.local/lib/python3.6/site-packages/airflow/example_dags/example_branch_operator.py
[2023-12-22 20:45:21,008] {processor.py:642} INFO - Processing file /home/airflow/.local/lib/python3.6/site-packages/airflow/example_dags/example_branch_operator.py for tasks to queue
[2023-12-22 20:45:21,009] {logging_mixin.py:109} INFO - [2023-12-22 20:45:21,009] {dagbag.py:500} INFO - Filling up the DagBag from /home/airflow/.local/lib/python3.6/site-packages/airflow/example_dags/example_branch_operator.py
[2023-12-22 20:45:21,029] {processor.py:652} INFO - DAG(s) dict_keys(['example_branch_operator']) retrieved from /home/airflow/.local/lib/python3.6/site-packages/airflow/example_dags/example_branch_operator.py
[2023-12-22 20:45:21,108] {logging_mixin.py:109} INFO - [2023-12-22 20:45:21,108] {dag.py:2398} INFO - Sync 1 DAGs
[2023-12-22 20:45:21,149] {logging_mixin.py:109} INFO - [2023-12-22 20:45:21,149] {dag.py:2937} INFO - Setting next_dagrun for example_branch_operator to 2023-12-21 00:00:00+00:00
[2023-12-22 20:45:21,179] {processor.py:171} INFO - Processing /home/airflow/.local/lib/python3.6/site-packages/airflow/example_dags/example_branch_operator.py took 0.174 seconds
[2023-12-22 20:45:51,935] {processor.py:163} INFO - Started process (PID=770) to work on /home/airflow/.local/lib/python3.6/site-packages/airflow/example_dags/example_branch_operator.py
[2023-12-22 20:45:51,936] {processor.py:642} INFO - Processing file /home/airflow/.local/lib/python3.6/site-packages/airflow/example_dags/example_branch_operator.py for tasks to queue
[2023-12-22 20:45:51,937] {logging_mixin.py:109} INFO - [2023-12-22 20:45:51,936] {dagbag.py:500} INFO - Filling up the DagBag from /home/airflow/.local/lib/python3.6/site-packages/airflow/example_dags/example_branch_operator.py
[2023-12-22 20:45:52,042] {processor.py:652} INFO - DAG(s) dict_keys(['example_branch_operator']) retrieved from /home/airflow/.local/lib/python3.6/site-packages/airflow/example_dags/example_branch_operator.py
[2023-12-22 20:45:52,099] {logging_mixin.py:109} INFO - [2023-12-22 20:45:52,099] {dag.py:2398} INFO - Sync 1 DAGs
[2023-12-22 20:45:52,120] {logging_mixin.py:109} INFO - [2023-12-22 20:45:52,120] {dag.py:2937} INFO - Setting next_dagrun for example_branch_operator to 2023-12-21 00:00:00+00:00
[2023-12-22 20:45:52,230] {processor.py:171} INFO - Processing /home/airflow/.local/lib/python3.6/site-packages/airflow/example_dags/example_branch_operator.py took 0.297 seconds
[2023-12-22 20:46:22,595] {processor.py:163} INFO - Started process (PID=833) to work on /home/airflow/.local/lib/python3.6/site-packages/airflow/example_dags/example_branch_operator.py
[2023-12-22 20:46:22,596] {processor.py:642} INFO - Processing file /home/airflow/.local/lib/python3.6/site-packages/airflow/example_dags/example_branch_operator.py for tasks to queue
[2023-12-22 20:46:22,597] {logging_mixin.py:109} INFO - [2023-12-22 20:46:22,596] {dagbag.py:500} INFO - Filling up the DagBag from /home/airflow/.local/lib/python3.6/site-packages/airflow/example_dags/example_branch_operator.py
[2023-12-22 20:46:22,704] {processor.py:652} INFO - DAG(s) dict_keys(['example_branch_operator']) retrieved from /home/airflow/.local/lib/python3.6/site-packages/airflow/example_dags/example_branch_operator.py
[2023-12-22 20:46:22,729] {logging_mixin.py:109} INFO - [2023-12-22 20:46:22,729] {dag.py:2398} INFO - Sync 1 DAGs
[2023-12-22 20:46:22,746] {logging_mixin.py:109} INFO - [2023-12-22 20:46:22,746] {dag.py:2937} INFO - Setting next_dagrun for example_branch_operator to 2023-12-21 00:00:00+00:00
[2023-12-22 20:46:22,757] {processor.py:171} INFO - Processing /home/airflow/.local/lib/python3.6/site-packages/airflow/example_dags/example_branch_operator.py took 0.164 seconds
[2023-12-22 20:46:53,355] {processor.py:163} INFO - Started process (PID=907) to work on /home/airflow/.local/lib/python3.6/site-packages/airflow/example_dags/example_branch_operator.py
[2023-12-22 20:46:53,357] {processor.py:642} INFO - Processing file /home/airflow/.local/lib/python3.6/site-packages/airflow/example_dags/example_branch_operator.py for tasks to queue
[2023-12-22 20:46:53,358] {logging_mixin.py:109} INFO - [2023-12-22 20:46:53,358] {dagbag.py:500} INFO - Filling up the DagBag from /home/airflow/.local/lib/python3.6/site-packages/airflow/example_dags/example_branch_operator.py
[2023-12-22 20:46:53,472] {processor.py:652} INFO - DAG(s) dict_keys(['example_branch_operator']) retrieved from /home/airflow/.local/lib/python3.6/site-packages/airflow/example_dags/example_branch_operator.py
[2023-12-22 20:46:53,493] {logging_mixin.py:109} INFO - [2023-12-22 20:46:53,493] {dag.py:2398} INFO - Sync 1 DAGs
[2023-12-22 20:46:53,515] {logging_mixin.py:109} INFO - [2023-12-22 20:46:53,515] {dag.py:2937} INFO - Setting next_dagrun for example_branch_operator to 2023-12-21 00:00:00+00:00
[2023-12-22 20:46:53,527] {processor.py:171} INFO - Processing /home/airflow/.local/lib/python3.6/site-packages/airflow/example_dags/example_branch_operator.py took 0.175 seconds
[2023-12-22 20:47:24,210] {processor.py:163} INFO - Started process (PID=971) to work on /home/airflow/.local/lib/python3.6/site-packages/airflow/example_dags/example_branch_operator.py
[2023-12-22 20:47:24,211] {processor.py:642} INFO - Processing file /home/airflow/.local/lib/python3.6/site-packages/airflow/example_dags/example_branch_operator.py for tasks to queue
[2023-12-22 20:47:24,212] {logging_mixin.py:109} INFO - [2023-12-22 20:47:24,212] {dagbag.py:500} INFO - Filling up the DagBag from /home/airflow/.local/lib/python3.6/site-packages/airflow/example_dags/example_branch_operator.py
[2023-12-22 20:47:24,295] {processor.py:652} INFO - DAG(s) dict_keys(['example_branch_operator']) retrieved from /home/airflow/.local/lib/python3.6/site-packages/airflow/example_dags/example_branch_operator.py
[2023-12-22 20:47:24,310] {logging_mixin.py:109} INFO - [2023-12-22 20:47:24,310] {dag.py:2398} INFO - Sync 1 DAGs
[2023-12-22 20:47:24,325] {logging_mixin.py:109} INFO - [2023-12-22 20:47:24,325] {dag.py:2937} INFO - Setting next_dagrun for example_branch_operator to 2023-12-21 00:00:00+00:00
[2023-12-22 20:47:24,354] {processor.py:171} INFO - Processing /home/airflow/.local/lib/python3.6/site-packages/airflow/example_dags/example_branch_operator.py took 0.147 seconds
[2023-12-22 20:47:54,401] {processor.py:163} INFO - Started process (PID=1043) to work on /home/airflow/.local/lib/python3.6/site-packages/airflow/example_dags/example_branch_operator.py
[2023-12-22 20:47:54,402] {processor.py:642} INFO - Processing file /home/airflow/.local/lib/python3.6/site-packages/airflow/example_dags/example_branch_operator.py for tasks to queue
[2023-12-22 20:47:54,403] {logging_mixin.py:109} INFO - [2023-12-22 20:47:54,402] {dagbag.py:500} INFO - Filling up the DagBag from /home/airflow/.local/lib/python3.6/site-packages/airflow/example_dags/example_branch_operator.py
[2023-12-22 20:47:54,474] {processor.py:652} INFO - DAG(s) dict_keys(['example_branch_operator']) retrieved from /home/airflow/.local/lib/python3.6/site-packages/airflow/example_dags/example_branch_operator.py
[2023-12-22 20:47:54,487] {logging_mixin.py:109} INFO - [2023-12-22 20:47:54,487] {dag.py:2398} INFO - Sync 1 DAGs
[2023-12-22 20:47:54,499] {logging_mixin.py:109} INFO - [2023-12-22 20:47:54,499] {dag.py:2937} INFO - Setting next_dagrun for example_branch_operator to 2023-12-21 00:00:00+00:00
[2023-12-22 20:47:54,506] {processor.py:171} INFO - Processing /home/airflow/.local/lib/python3.6/site-packages/airflow/example_dags/example_branch_operator.py took 0.107 seconds
[2023-12-22 20:48:24,890] {processor.py:163} INFO - Started process (PID=1117) to work on /home/airflow/.local/lib/python3.6/site-packages/airflow/example_dags/example_branch_operator.py
[2023-12-22 20:48:24,891] {processor.py:642} INFO - Processing file /home/airflow/.local/lib/python3.6/site-packages/airflow/example_dags/example_branch_operator.py for tasks to queue
[2023-12-22 20:48:24,892] {logging_mixin.py:109} INFO - [2023-12-22 20:48:24,892] {dagbag.py:500} INFO - Filling up the DagBag from /home/airflow/.local/lib/python3.6/site-packages/airflow/example_dags/example_branch_operator.py
[2023-12-22 20:48:24,996] {processor.py:652} INFO - DAG(s) dict_keys(['example_branch_operator']) retrieved from /home/airflow/.local/lib/python3.6/site-packages/airflow/example_dags/example_branch_operator.py
[2023-12-22 20:48:25,018] {logging_mixin.py:109} INFO - [2023-12-22 20:48:25,018] {dag.py:2398} INFO - Sync 1 DAGs
[2023-12-22 20:48:25,037] {logging_mixin.py:109} INFO - [2023-12-22 20:48:25,037] {dag.py:2937} INFO - Setting next_dagrun for example_branch_operator to 2023-12-21 00:00:00+00:00
[2023-12-22 20:48:25,068] {processor.py:171} INFO - Processing /home/airflow/.local/lib/python3.6/site-packages/airflow/example_dags/example_branch_operator.py took 0.181 seconds
[2023-12-22 20:48:55,138] {processor.py:163} INFO - Started process (PID=1181) to work on /home/airflow/.local/lib/python3.6/site-packages/airflow/example_dags/example_branch_operator.py
[2023-12-22 20:48:55,139] {processor.py:642} INFO - Processing file /home/airflow/.local/lib/python3.6/site-packages/airflow/example_dags/example_branch_operator.py for tasks to queue
[2023-12-22 20:48:55,140] {logging_mixin.py:109} INFO - [2023-12-22 20:48:55,140] {dagbag.py:500} INFO - Filling up the DagBag from /home/airflow/.local/lib/python3.6/site-packages/airflow/example_dags/example_branch_operator.py
[2023-12-22 20:48:55,220] {processor.py:652} INFO - DAG(s) dict_keys(['example_branch_operator']) retrieved from /home/airflow/.local/lib/python3.6/site-packages/airflow/example_dags/example_branch_operator.py
[2023-12-22 20:48:55,233] {logging_mixin.py:109} INFO - [2023-12-22 20:48:55,232] {dag.py:2398} INFO - Sync 1 DAGs
[2023-12-22 20:48:55,244] {logging_mixin.py:109} INFO - [2023-12-22 20:48:55,244] {dag.py:2937} INFO - Setting next_dagrun for example_branch_operator to 2023-12-21 00:00:00+00:00
[2023-12-22 20:48:55,273] {processor.py:171} INFO - Processing /home/airflow/.local/lib/python3.6/site-packages/airflow/example_dags/example_branch_operator.py took 0.137 seconds
[2023-12-22 20:49:25,394] {processor.py:163} INFO - Started process (PID=1243) to work on /home/airflow/.local/lib/python3.6/site-packages/airflow/example_dags/example_branch_operator.py
[2023-12-22 20:49:25,396] {processor.py:642} INFO - Processing file /home/airflow/.local/lib/python3.6/site-packages/airflow/example_dags/example_branch_operator.py for tasks to queue
[2023-12-22 20:49:25,398] {logging_mixin.py:109} INFO - [2023-12-22 20:49:25,398] {dagbag.py:500} INFO - Filling up the DagBag from /home/airflow/.local/lib/python3.6/site-packages/airflow/example_dags/example_branch_operator.py
[2023-12-22 20:49:25,545] {processor.py:652} INFO - DAG(s) dict_keys(['example_branch_operator']) retrieved from /home/airflow/.local/lib/python3.6/site-packages/airflow/example_dags/example_branch_operator.py
[2023-12-22 20:49:25,574] {logging_mixin.py:109} INFO - [2023-12-22 20:49:25,574] {dag.py:2398} INFO - Sync 1 DAGs
[2023-12-22 20:49:25,599] {logging_mixin.py:109} INFO - [2023-12-22 20:49:25,599] {dag.py:2937} INFO - Setting next_dagrun for example_branch_operator to 2023-12-21 00:00:00+00:00
[2023-12-22 20:49:25,614] {processor.py:171} INFO - Processing /home/airflow/.local/lib/python3.6/site-packages/airflow/example_dags/example_branch_operator.py took 0.224 seconds
[2023-12-22 20:49:56,115] {processor.py:163} INFO - Started process (PID=1307) to work on /home/airflow/.local/lib/python3.6/site-packages/airflow/example_dags/example_branch_operator.py
[2023-12-22 20:49:56,117] {processor.py:642} INFO - Processing file /home/airflow/.local/lib/python3.6/site-packages/airflow/example_dags/example_branch_operator.py for tasks to queue
[2023-12-22 20:49:56,117] {logging_mixin.py:109} INFO - [2023-12-22 20:49:56,117] {dagbag.py:500} INFO - Filling up the DagBag from /home/airflow/.local/lib/python3.6/site-packages/airflow/example_dags/example_branch_operator.py
[2023-12-22 20:49:56,135] {processor.py:652} INFO - DAG(s) dict_keys(['example_branch_operator']) retrieved from /home/airflow/.local/lib/python3.6/site-packages/airflow/example_dags/example_branch_operator.py
[2023-12-22 20:49:56,157] {logging_mixin.py:109} INFO - [2023-12-22 20:49:56,156] {dag.py:2398} INFO - Sync 1 DAGs
[2023-12-22 20:49:56,177] {logging_mixin.py:109} INFO - [2023-12-22 20:49:56,176] {dag.py:2937} INFO - Setting next_dagrun for example_branch_operator to 2023-12-21 00:00:00+00:00
[2023-12-22 20:49:56,187] {processor.py:171} INFO - Processing /home/airflow/.local/lib/python3.6/site-packages/airflow/example_dags/example_branch_operator.py took 0.076 seconds
[2023-12-22 20:50:26,322] {processor.py:163} INFO - Started process (PID=1381) to work on /home/airflow/.local/lib/python3.6/site-packages/airflow/example_dags/example_branch_operator.py
[2023-12-22 20:50:26,323] {processor.py:642} INFO - Processing file /home/airflow/.local/lib/python3.6/site-packages/airflow/example_dags/example_branch_operator.py for tasks to queue
[2023-12-22 20:50:26,324] {logging_mixin.py:109} INFO - [2023-12-22 20:50:26,324] {dagbag.py:500} INFO - Filling up the DagBag from /home/airflow/.local/lib/python3.6/site-packages/airflow/example_dags/example_branch_operator.py
[2023-12-22 20:50:26,337] {processor.py:652} INFO - DAG(s) dict_keys(['example_branch_operator']) retrieved from /home/airflow/.local/lib/python3.6/site-packages/airflow/example_dags/example_branch_operator.py
[2023-12-22 20:50:26,353] {logging_mixin.py:109} INFO - [2023-12-22 20:50:26,353] {dag.py:2398} INFO - Sync 1 DAGs
[2023-12-22 20:50:26,368] {logging_mixin.py:109} INFO - [2023-12-22 20:50:26,368] {dag.py:2937} INFO - Setting next_dagrun for example_branch_operator to 2023-12-21 00:00:00+00:00
[2023-12-22 20:50:26,376] {processor.py:171} INFO - Processing /home/airflow/.local/lib/python3.6/site-packages/airflow/example_dags/example_branch_operator.py took 0.056 seconds
[2023-12-22 20:50:56,393] {processor.py:163} INFO - Started process (PID=1444) to work on /home/airflow/.local/lib/python3.6/site-packages/airflow/example_dags/example_branch_operator.py
[2023-12-22 20:50:56,394] {processor.py:642} INFO - Processing file /home/airflow/.local/lib/python3.6/site-packages/airflow/example_dags/example_branch_operator.py for tasks to queue
[2023-12-22 20:50:56,394] {logging_mixin.py:109} INFO - [2023-12-22 20:50:56,394] {dagbag.py:500} INFO - Filling up the DagBag from /home/airflow/.local/lib/python3.6/site-packages/airflow/example_dags/example_branch_operator.py
[2023-12-22 20:50:56,411] {processor.py:652} INFO - DAG(s) dict_keys(['example_branch_operator']) retrieved from /home/airflow/.local/lib/python3.6/site-packages/airflow/example_dags/example_branch_operator.py
[2023-12-22 20:50:56,426] {logging_mixin.py:109} INFO - [2023-12-22 20:50:56,426] {dag.py:2398} INFO - Sync 1 DAGs
[2023-12-22 20:50:56,440] {logging_mixin.py:109} INFO - [2023-12-22 20:50:56,439] {dag.py:2937} INFO - Setting next_dagrun for example_branch_operator to 2023-12-21 00:00:00+00:00
[2023-12-22 20:50:56,447] {processor.py:171} INFO - Processing /home/airflow/.local/lib/python3.6/site-packages/airflow/example_dags/example_branch_operator.py took 0.056 seconds
[2023-12-22 20:51:26,887] {processor.py:163} INFO - Started process (PID=1518) to work on /home/airflow/.local/lib/python3.6/site-packages/airflow/example_dags/example_branch_operator.py
[2023-12-22 20:51:26,888] {processor.py:642} INFO - Processing file /home/airflow/.local/lib/python3.6/site-packages/airflow/example_dags/example_branch_operator.py for tasks to queue
[2023-12-22 20:51:26,890] {logging_mixin.py:109} INFO - [2023-12-22 20:51:26,890] {dagbag.py:500} INFO - Filling up the DagBag from /home/airflow/.local/lib/python3.6/site-packages/airflow/example_dags/example_branch_operator.py
[2023-12-22 20:51:26,908] {processor.py:652} INFO - DAG(s) dict_keys(['example_branch_operator']) retrieved from /home/airflow/.local/lib/python3.6/site-packages/airflow/example_dags/example_branch_operator.py
[2023-12-22 20:51:26,933] {logging_mixin.py:109} INFO - [2023-12-22 20:51:26,933] {dag.py:2398} INFO - Sync 1 DAGs
[2023-12-22 20:51:26,953] {logging_mixin.py:109} INFO - [2023-12-22 20:51:26,953] {dag.py:2937} INFO - Setting next_dagrun for example_branch_operator to 2023-12-21 00:00:00+00:00
[2023-12-22 20:51:26,987] {processor.py:171} INFO - Processing /home/airflow/.local/lib/python3.6/site-packages/airflow/example_dags/example_branch_operator.py took 0.104 seconds
[2023-12-22 20:51:57,164] {processor.py:163} INFO - Started process (PID=1583) to work on /home/airflow/.local/lib/python3.6/site-packages/airflow/example_dags/example_branch_operator.py
[2023-12-22 20:51:57,165] {processor.py:642} INFO - Processing file /home/airflow/.local/lib/python3.6/site-packages/airflow/example_dags/example_branch_operator.py for tasks to queue
[2023-12-22 20:51:57,165] {logging_mixin.py:109} INFO - [2023-12-22 20:51:57,165] {dagbag.py:500} INFO - Filling up the DagBag from /home/airflow/.local/lib/python3.6/site-packages/airflow/example_dags/example_branch_operator.py
[2023-12-22 20:51:57,182] {processor.py:652} INFO - DAG(s) dict_keys(['example_branch_operator']) retrieved from /home/airflow/.local/lib/python3.6/site-packages/airflow/example_dags/example_branch_operator.py
[2023-12-22 20:51:57,202] {logging_mixin.py:109} INFO - [2023-12-22 20:51:57,202] {dag.py:2398} INFO - Sync 1 DAGs
[2023-12-22 20:51:57,220] {logging_mixin.py:109} INFO - [2023-12-22 20:51:57,220] {dag.py:2937} INFO - Setting next_dagrun for example_branch_operator to 2023-12-21 00:00:00+00:00
[2023-12-22 20:51:57,229] {processor.py:171} INFO - Processing /home/airflow/.local/lib/python3.6/site-packages/airflow/example_dags/example_branch_operator.py took 0.068 seconds
[2023-12-22 20:52:28,142] {processor.py:163} INFO - Started process (PID=1657) to work on /home/airflow/.local/lib/python3.6/site-packages/airflow/example_dags/example_branch_operator.py
[2023-12-22 20:52:28,144] {processor.py:642} INFO - Processing file /home/airflow/.local/lib/python3.6/site-packages/airflow/example_dags/example_branch_operator.py for tasks to queue
[2023-12-22 20:52:28,146] {logging_mixin.py:109} INFO - [2023-12-22 20:52:28,145] {dagbag.py:500} INFO - Filling up the DagBag from /home/airflow/.local/lib/python3.6/site-packages/airflow/example_dags/example_branch_operator.py
[2023-12-22 20:52:28,171] {processor.py:652} INFO - DAG(s) dict_keys(['example_branch_operator']) retrieved from /home/airflow/.local/lib/python3.6/site-packages/airflow/example_dags/example_branch_operator.py
[2023-12-22 20:52:28,202] {logging_mixin.py:109} INFO - [2023-12-22 20:52:28,202] {dag.py:2398} INFO - Sync 1 DAGs
[2023-12-22 20:52:28,225] {logging_mixin.py:109} INFO - [2023-12-22 20:52:28,225] {dag.py:2937} INFO - Setting next_dagrun for example_branch_operator to 2023-12-21 00:00:00+00:00
[2023-12-22 20:52:28,239] {processor.py:171} INFO - Processing /home/airflow/.local/lib/python3.6/site-packages/airflow/example_dags/example_branch_operator.py took 0.102 seconds
[2023-12-22 20:52:58,692] {processor.py:163} INFO - Started process (PID=1721) to work on /home/airflow/.local/lib/python3.6/site-packages/airflow/example_dags/example_branch_operator.py
[2023-12-22 20:52:58,695] {processor.py:642} INFO - Processing file /home/airflow/.local/lib/python3.6/site-packages/airflow/example_dags/example_branch_operator.py for tasks to queue
[2023-12-22 20:52:58,697] {logging_mixin.py:109} INFO - [2023-12-22 20:52:58,697] {dagbag.py:500} INFO - Filling up the DagBag from /home/airflow/.local/lib/python3.6/site-packages/airflow/example_dags/example_branch_operator.py
[2023-12-22 20:52:58,717] {processor.py:652} INFO - DAG(s) dict_keys(['example_branch_operator']) retrieved from /home/airflow/.local/lib/python3.6/site-packages/airflow/example_dags/example_branch_operator.py
[2023-12-22 20:52:58,739] {logging_mixin.py:109} INFO - [2023-12-22 20:52:58,739] {dag.py:2398} INFO - Sync 1 DAGs
[2023-12-22 20:52:58,757] {logging_mixin.py:109} INFO - [2023-12-22 20:52:58,757] {dag.py:2937} INFO - Setting next_dagrun for example_branch_operator to 2023-12-21 00:00:00+00:00
[2023-12-22 20:52:58,770] {processor.py:171} INFO - Processing /home/airflow/.local/lib/python3.6/site-packages/airflow/example_dags/example_branch_operator.py took 0.081 seconds
[2023-12-22 20:53:29,587] {processor.py:163} INFO - Started process (PID=1795) to work on /home/airflow/.local/lib/python3.6/site-packages/airflow/example_dags/example_branch_operator.py
[2023-12-22 20:53:29,588] {processor.py:642} INFO - Processing file /home/airflow/.local/lib/python3.6/site-packages/airflow/example_dags/example_branch_operator.py for tasks to queue
[2023-12-22 20:53:29,588] {logging_mixin.py:109} INFO - [2023-12-22 20:53:29,588] {dagbag.py:500} INFO - Filling up the DagBag from /home/airflow/.local/lib/python3.6/site-packages/airflow/example_dags/example_branch_operator.py
[2023-12-22 20:53:29,604] {processor.py:652} INFO - DAG(s) dict_keys(['example_branch_operator']) retrieved from /home/airflow/.local/lib/python3.6/site-packages/airflow/example_dags/example_branch_operator.py
[2023-12-22 20:53:29,621] {logging_mixin.py:109} INFO - [2023-12-22 20:53:29,621] {dag.py:2398} INFO - Sync 1 DAGs
[2023-12-22 20:53:29,635] {logging_mixin.py:109} INFO - [2023-12-22 20:53:29,635] {dag.py:2937} INFO - Setting next_dagrun for example_branch_operator to 2023-12-21 00:00:00+00:00
[2023-12-22 20:53:29,644] {processor.py:171} INFO - Processing /home/airflow/.local/lib/python3.6/site-packages/airflow/example_dags/example_branch_operator.py took 0.059 seconds
[2023-12-22 20:53:59,860] {processor.py:163} INFO - Started process (PID=1859) to work on /home/airflow/.local/lib/python3.6/site-packages/airflow/example_dags/example_branch_operator.py
[2023-12-22 20:53:59,861] {processor.py:642} INFO - Processing file /home/airflow/.local/lib/python3.6/site-packages/airflow/example_dags/example_branch_operator.py for tasks to queue
[2023-12-22 20:53:59,862] {logging_mixin.py:109} INFO - [2023-12-22 20:53:59,862] {dagbag.py:500} INFO - Filling up the DagBag from /home/airflow/.local/lib/python3.6/site-packages/airflow/example_dags/example_branch_operator.py
[2023-12-22 20:53:59,878] {processor.py:652} INFO - DAG(s) dict_keys(['example_branch_operator']) retrieved from /home/airflow/.local/lib/python3.6/site-packages/airflow/example_dags/example_branch_operator.py
[2023-12-22 20:53:59,896] {logging_mixin.py:109} INFO - [2023-12-22 20:53:59,896] {dag.py:2398} INFO - Sync 1 DAGs
[2023-12-22 20:53:59,914] {logging_mixin.py:109} INFO - [2023-12-22 20:53:59,914] {dag.py:2937} INFO - Setting next_dagrun for example_branch_operator to 2023-12-21 00:00:00+00:00
[2023-12-22 20:53:59,923] {processor.py:171} INFO - Processing /home/airflow/.local/lib/python3.6/site-packages/airflow/example_dags/example_branch_operator.py took 0.065 seconds
[2023-12-22 20:54:30,718] {processor.py:163} INFO - Started process (PID=1932) to work on /home/airflow/.local/lib/python3.6/site-packages/airflow/example_dags/example_branch_operator.py
[2023-12-22 20:54:30,721] {processor.py:642} INFO - Processing file /home/airflow/.local/lib/python3.6/site-packages/airflow/example_dags/example_branch_operator.py for tasks to queue
[2023-12-22 20:54:30,725] {logging_mixin.py:109} INFO - [2023-12-22 20:54:30,724] {dagbag.py:500} INFO - Filling up the DagBag from /home/airflow/.local/lib/python3.6/site-packages/airflow/example_dags/example_branch_operator.py
[2023-12-22 20:54:30,756] {processor.py:652} INFO - DAG(s) dict_keys(['example_branch_operator']) retrieved from /home/airflow/.local/lib/python3.6/site-packages/airflow/example_dags/example_branch_operator.py
[2023-12-22 20:54:30,786] {logging_mixin.py:109} INFO - [2023-12-22 20:54:30,786] {dag.py:2398} INFO - Sync 1 DAGs
[2023-12-22 20:54:30,809] {logging_mixin.py:109} INFO - [2023-12-22 20:54:30,809] {dag.py:2937} INFO - Setting next_dagrun for example_branch_operator to 2023-12-21 00:00:00+00:00
[2023-12-22 20:54:30,820] {processor.py:171} INFO - Processing /home/airflow/.local/lib/python3.6/site-packages/airflow/example_dags/example_branch_operator.py took 0.106 seconds
[2023-12-22 20:55:01,244] {processor.py:163} INFO - Started process (PID=1996) to work on /home/airflow/.local/lib/python3.6/site-packages/airflow/example_dags/example_branch_operator.py
[2023-12-22 20:55:01,245] {processor.py:642} INFO - Processing file /home/airflow/.local/lib/python3.6/site-packages/airflow/example_dags/example_branch_operator.py for tasks to queue
[2023-12-22 20:55:01,246] {logging_mixin.py:109} INFO - [2023-12-22 20:55:01,245] {dagbag.py:500} INFO - Filling up the DagBag from /home/airflow/.local/lib/python3.6/site-packages/airflow/example_dags/example_branch_operator.py
[2023-12-22 20:55:01,262] {processor.py:652} INFO - DAG(s) dict_keys(['example_branch_operator']) retrieved from /home/airflow/.local/lib/python3.6/site-packages/airflow/example_dags/example_branch_operator.py
[2023-12-22 20:55:01,278] {logging_mixin.py:109} INFO - [2023-12-22 20:55:01,278] {dag.py:2398} INFO - Sync 1 DAGs
[2023-12-22 20:55:01,294] {logging_mixin.py:109} INFO - [2023-12-22 20:55:01,294] {dag.py:2937} INFO - Setting next_dagrun for example_branch_operator to 2023-12-21 00:00:00+00:00
[2023-12-22 20:55:01,302] {processor.py:171} INFO - Processing /home/airflow/.local/lib/python3.6/site-packages/airflow/example_dags/example_branch_operator.py took 0.061 seconds
[2023-12-22 20:55:31,707] {processor.py:163} INFO - Started process (PID=2070) to work on /home/airflow/.local/lib/python3.6/site-packages/airflow/example_dags/example_branch_operator.py
[2023-12-22 20:55:31,708] {processor.py:642} INFO - Processing file /home/airflow/.local/lib/python3.6/site-packages/airflow/example_dags/example_branch_operator.py for tasks to queue
[2023-12-22 20:55:31,709] {logging_mixin.py:109} INFO - [2023-12-22 20:55:31,709] {dagbag.py:500} INFO - Filling up the DagBag from /home/airflow/.local/lib/python3.6/site-packages/airflow/example_dags/example_branch_operator.py
[2023-12-22 20:55:31,724] {processor.py:652} INFO - DAG(s) dict_keys(['example_branch_operator']) retrieved from /home/airflow/.local/lib/python3.6/site-packages/airflow/example_dags/example_branch_operator.py
[2023-12-22 20:55:31,740] {logging_mixin.py:109} INFO - [2023-12-22 20:55:31,740] {dag.py:2398} INFO - Sync 1 DAGs
[2023-12-22 20:55:31,756] {logging_mixin.py:109} INFO - [2023-12-22 20:55:31,756] {dag.py:2937} INFO - Setting next_dagrun for example_branch_operator to 2023-12-21 00:00:00+00:00
[2023-12-22 20:55:31,765] {processor.py:171} INFO - Processing /home/airflow/.local/lib/python3.6/site-packages/airflow/example_dags/example_branch_operator.py took 0.061 seconds
[2023-12-22 20:56:02,019] {processor.py:163} INFO - Started process (PID=2132) to work on /home/airflow/.local/lib/python3.6/site-packages/airflow/example_dags/example_branch_operator.py
[2023-12-22 20:56:02,021] {processor.py:642} INFO - Processing file /home/airflow/.local/lib/python3.6/site-packages/airflow/example_dags/example_branch_operator.py for tasks to queue
[2023-12-22 20:56:02,021] {logging_mixin.py:109} INFO - [2023-12-22 20:56:02,021] {dagbag.py:500} INFO - Filling up the DagBag from /home/airflow/.local/lib/python3.6/site-packages/airflow/example_dags/example_branch_operator.py
[2023-12-22 20:56:02,039] {processor.py:652} INFO - DAG(s) dict_keys(['example_branch_operator']) retrieved from /home/airflow/.local/lib/python3.6/site-packages/airflow/example_dags/example_branch_operator.py
[2023-12-22 20:56:02,055] {logging_mixin.py:109} INFO - [2023-12-22 20:56:02,055] {dag.py:2398} INFO - Sync 1 DAGs
[2023-12-22 20:56:02,070] {logging_mixin.py:109} INFO - [2023-12-22 20:56:02,070] {dag.py:2937} INFO - Setting next_dagrun for example_branch_operator to 2023-12-21 00:00:00+00:00
[2023-12-22 20:56:02,079] {processor.py:171} INFO - Processing /home/airflow/.local/lib/python3.6/site-packages/airflow/example_dags/example_branch_operator.py took 0.063 seconds
[2023-12-22 20:56:32,426] {processor.py:163} INFO - Started process (PID=2205) to work on /home/airflow/.local/lib/python3.6/site-packages/airflow/example_dags/example_branch_operator.py
[2023-12-22 20:56:32,427] {processor.py:642} INFO - Processing file /home/airflow/.local/lib/python3.6/site-packages/airflow/example_dags/example_branch_operator.py for tasks to queue
[2023-12-22 20:56:32,428] {logging_mixin.py:109} INFO - [2023-12-22 20:56:32,428] {dagbag.py:500} INFO - Filling up the DagBag from /home/airflow/.local/lib/python3.6/site-packages/airflow/example_dags/example_branch_operator.py
[2023-12-22 20:56:32,441] {processor.py:652} INFO - DAG(s) dict_keys(['example_branch_operator']) retrieved from /home/airflow/.local/lib/python3.6/site-packages/airflow/example_dags/example_branch_operator.py
[2023-12-22 20:56:32,459] {logging_mixin.py:109} INFO - [2023-12-22 20:56:32,459] {dag.py:2398} INFO - Sync 1 DAGs
[2023-12-22 20:56:32,475] {logging_mixin.py:109} INFO - [2023-12-22 20:56:32,475] {dag.py:2937} INFO - Setting next_dagrun for example_branch_operator to 2023-12-21 00:00:00+00:00
[2023-12-22 20:56:32,483] {processor.py:171} INFO - Processing /home/airflow/.local/lib/python3.6/site-packages/airflow/example_dags/example_branch_operator.py took 0.059 seconds
[2023-12-22 20:57:02,634] {processor.py:163} INFO - Started process (PID=2269) to work on /home/airflow/.local/lib/python3.6/site-packages/airflow/example_dags/example_branch_operator.py
[2023-12-22 20:57:02,638] {processor.py:642} INFO - Processing file /home/airflow/.local/lib/python3.6/site-packages/airflow/example_dags/example_branch_operator.py for tasks to queue
[2023-12-22 20:57:02,640] {logging_mixin.py:109} INFO - [2023-12-22 20:57:02,640] {dagbag.py:500} INFO - Filling up the DagBag from /home/airflow/.local/lib/python3.6/site-packages/airflow/example_dags/example_branch_operator.py
[2023-12-22 20:57:02,661] {processor.py:652} INFO - DAG(s) dict_keys(['example_branch_operator']) retrieved from /home/airflow/.local/lib/python3.6/site-packages/airflow/example_dags/example_branch_operator.py
[2023-12-22 20:57:02,683] {logging_mixin.py:109} INFO - [2023-12-22 20:57:02,682] {dag.py:2398} INFO - Sync 1 DAGs
[2023-12-22 20:57:02,701] {logging_mixin.py:109} INFO - [2023-12-22 20:57:02,701] {dag.py:2937} INFO - Setting next_dagrun for example_branch_operator to 2023-12-21 00:00:00+00:00
[2023-12-22 20:57:02,711] {processor.py:171} INFO - Processing /home/airflow/.local/lib/python3.6/site-packages/airflow/example_dags/example_branch_operator.py took 0.086 seconds
[2023-12-22 20:57:32,919] {processor.py:163} INFO - Started process (PID=2343) to work on /home/airflow/.local/lib/python3.6/site-packages/airflow/example_dags/example_branch_operator.py
[2023-12-22 20:57:32,920] {processor.py:642} INFO - Processing file /home/airflow/.local/lib/python3.6/site-packages/airflow/example_dags/example_branch_operator.py for tasks to queue
[2023-12-22 20:57:32,921] {logging_mixin.py:109} INFO - [2023-12-22 20:57:32,921] {dagbag.py:500} INFO - Filling up the DagBag from /home/airflow/.local/lib/python3.6/site-packages/airflow/example_dags/example_branch_operator.py
[2023-12-22 20:57:32,939] {processor.py:652} INFO - DAG(s) dict_keys(['example_branch_operator']) retrieved from /home/airflow/.local/lib/python3.6/site-packages/airflow/example_dags/example_branch_operator.py
[2023-12-22 20:57:32,955] {logging_mixin.py:109} INFO - [2023-12-22 20:57:32,955] {dag.py:2398} INFO - Sync 1 DAGs
[2023-12-22 20:57:32,974] {logging_mixin.py:109} INFO - [2023-12-22 20:57:32,974] {dag.py:2937} INFO - Setting next_dagrun for example_branch_operator to 2023-12-21 00:00:00+00:00
[2023-12-22 20:57:32,982] {processor.py:171} INFO - Processing /home/airflow/.local/lib/python3.6/site-packages/airflow/example_dags/example_branch_operator.py took 0.066 seconds
[2023-12-22 20:58:03,872] {processor.py:163} INFO - Started process (PID=2407) to work on /home/airflow/.local/lib/python3.6/site-packages/airflow/example_dags/example_branch_operator.py
[2023-12-22 20:58:03,874] {processor.py:642} INFO - Processing file /home/airflow/.local/lib/python3.6/site-packages/airflow/example_dags/example_branch_operator.py for tasks to queue
[2023-12-22 20:58:03,876] {logging_mixin.py:109} INFO - [2023-12-22 20:58:03,876] {dagbag.py:500} INFO - Filling up the DagBag from /home/airflow/.local/lib/python3.6/site-packages/airflow/example_dags/example_branch_operator.py
[2023-12-22 20:58:03,901] {processor.py:652} INFO - DAG(s) dict_keys(['example_branch_operator']) retrieved from /home/airflow/.local/lib/python3.6/site-packages/airflow/example_dags/example_branch_operator.py
[2023-12-22 20:58:03,926] {logging_mixin.py:109} INFO - [2023-12-22 20:58:03,926] {dag.py:2398} INFO - Sync 1 DAGs
[2023-12-22 20:58:03,951] {logging_mixin.py:109} INFO - [2023-12-22 20:58:03,950] {dag.py:2937} INFO - Setting next_dagrun for example_branch_operator to 2023-12-21 00:00:00+00:00
[2023-12-22 20:58:03,965] {processor.py:171} INFO - Processing /home/airflow/.local/lib/python3.6/site-packages/airflow/example_dags/example_branch_operator.py took 0.098 seconds
[2023-12-22 20:58:34,378] {processor.py:163} INFO - Started process (PID=2480) to work on /home/airflow/.local/lib/python3.6/site-packages/airflow/example_dags/example_branch_operator.py
[2023-12-22 20:58:34,380] {processor.py:642} INFO - Processing file /home/airflow/.local/lib/python3.6/site-packages/airflow/example_dags/example_branch_operator.py for tasks to queue
[2023-12-22 20:58:34,381] {logging_mixin.py:109} INFO - [2023-12-22 20:58:34,381] {dagbag.py:500} INFO - Filling up the DagBag from /home/airflow/.local/lib/python3.6/site-packages/airflow/example_dags/example_branch_operator.py
[2023-12-22 20:58:34,411] {processor.py:652} INFO - DAG(s) dict_keys(['example_branch_operator']) retrieved from /home/airflow/.local/lib/python3.6/site-packages/airflow/example_dags/example_branch_operator.py
[2023-12-22 20:58:34,458] {logging_mixin.py:109} INFO - [2023-12-22 20:58:34,457] {dag.py:2398} INFO - Sync 1 DAGs
[2023-12-22 20:58:34,496] {logging_mixin.py:109} INFO - [2023-12-22 20:58:34,496] {dag.py:2937} INFO - Setting next_dagrun for example_branch_operator to 2023-12-21 00:00:00+00:00
[2023-12-22 20:58:34,512] {processor.py:171} INFO - Processing /home/airflow/.local/lib/python3.6/site-packages/airflow/example_dags/example_branch_operator.py took 0.138 seconds
[2023-12-22 20:59:05,241] {processor.py:163} INFO - Started process (PID=2544) to work on /home/airflow/.local/lib/python3.6/site-packages/airflow/example_dags/example_branch_operator.py
[2023-12-22 20:59:05,244] {processor.py:642} INFO - Processing file /home/airflow/.local/lib/python3.6/site-packages/airflow/example_dags/example_branch_operator.py for tasks to queue
[2023-12-22 20:59:05,246] {logging_mixin.py:109} INFO - [2023-12-22 20:59:05,246] {dagbag.py:500} INFO - Filling up the DagBag from /home/airflow/.local/lib/python3.6/site-packages/airflow/example_dags/example_branch_operator.py
[2023-12-22 20:59:05,305] {processor.py:652} INFO - DAG(s) dict_keys(['example_branch_operator']) retrieved from /home/airflow/.local/lib/python3.6/site-packages/airflow/example_dags/example_branch_operator.py
[2023-12-22 20:59:05,383] {logging_mixin.py:109} INFO - [2023-12-22 20:59:05,383] {dag.py:2398} INFO - Sync 1 DAGs
[2023-12-22 20:59:05,482] {logging_mixin.py:109} INFO - [2023-12-22 20:59:05,482] {dag.py:2937} INFO - Setting next_dagrun for example_branch_operator to 2023-12-21 00:00:00+00:00
[2023-12-22 20:59:05,534] {processor.py:171} INFO - Processing /home/airflow/.local/lib/python3.6/site-packages/airflow/example_dags/example_branch_operator.py took 0.301 seconds
[2023-12-22 20:59:35,647] {processor.py:163} INFO - Started process (PID=2608) to work on /home/airflow/.local/lib/python3.6/site-packages/airflow/example_dags/example_branch_operator.py
[2023-12-22 20:59:35,660] {processor.py:642} INFO - Processing file /home/airflow/.local/lib/python3.6/site-packages/airflow/example_dags/example_branch_operator.py for tasks to queue
[2023-12-22 20:59:35,667] {logging_mixin.py:109} INFO - [2023-12-22 20:59:35,667] {dagbag.py:500} INFO - Filling up the DagBag from /home/airflow/.local/lib/python3.6/site-packages/airflow/example_dags/example_branch_operator.py
[2023-12-22 20:59:35,716] {processor.py:652} INFO - DAG(s) dict_keys(['example_branch_operator']) retrieved from /home/airflow/.local/lib/python3.6/site-packages/airflow/example_dags/example_branch_operator.py
[2023-12-22 20:59:35,763] {logging_mixin.py:109} INFO - [2023-12-22 20:59:35,763] {dag.py:2398} INFO - Sync 1 DAGs
[2023-12-22 20:59:35,808] {logging_mixin.py:109} INFO - [2023-12-22 20:59:35,807] {dag.py:2937} INFO - Setting next_dagrun for example_branch_operator to 2023-12-21 00:00:00+00:00
[2023-12-22 20:59:35,829] {processor.py:171} INFO - Processing /home/airflow/.local/lib/python3.6/site-packages/airflow/example_dags/example_branch_operator.py took 0.192 seconds
[2023-12-22 21:00:07,125] {processor.py:163} INFO - Started process (PID=2672) to work on /home/airflow/.local/lib/python3.6/site-packages/airflow/example_dags/example_branch_operator.py
[2023-12-22 21:00:07,130] {processor.py:642} INFO - Processing file /home/airflow/.local/lib/python3.6/site-packages/airflow/example_dags/example_branch_operator.py for tasks to queue
[2023-12-22 21:00:07,134] {logging_mixin.py:109} INFO - [2023-12-22 21:00:07,133] {dagbag.py:500} INFO - Filling up the DagBag from /home/airflow/.local/lib/python3.6/site-packages/airflow/example_dags/example_branch_operator.py
[2023-12-22 21:00:07,223] {processor.py:652} INFO - DAG(s) dict_keys(['example_branch_operator']) retrieved from /home/airflow/.local/lib/python3.6/site-packages/airflow/example_dags/example_branch_operator.py
[2023-12-22 21:00:07,294] {logging_mixin.py:109} INFO - [2023-12-22 21:00:07,294] {dag.py:2398} INFO - Sync 1 DAGs
[2023-12-22 21:00:07,347] {logging_mixin.py:109} INFO - [2023-12-22 21:00:07,347] {dag.py:2937} INFO - Setting next_dagrun for example_branch_operator to 2023-12-21 00:00:00+00:00
[2023-12-22 21:00:07,378] {processor.py:171} INFO - Processing /home/airflow/.local/lib/python3.6/site-packages/airflow/example_dags/example_branch_operator.py took 0.264 seconds
[2023-12-22 21:00:38,339] {processor.py:163} INFO - Started process (PID=2736) to work on /home/airflow/.local/lib/python3.6/site-packages/airflow/example_dags/example_branch_operator.py
[2023-12-22 21:00:38,342] {processor.py:642} INFO - Processing file /home/airflow/.local/lib/python3.6/site-packages/airflow/example_dags/example_branch_operator.py for tasks to queue
[2023-12-22 21:00:38,345] {logging_mixin.py:109} INFO - [2023-12-22 21:00:38,344] {dagbag.py:500} INFO - Filling up the DagBag from /home/airflow/.local/lib/python3.6/site-packages/airflow/example_dags/example_branch_operator.py
[2023-12-22 21:00:38,404] {processor.py:652} INFO - DAG(s) dict_keys(['example_branch_operator']) retrieved from /home/airflow/.local/lib/python3.6/site-packages/airflow/example_dags/example_branch_operator.py
[2023-12-22 21:00:38,467] {logging_mixin.py:109} INFO - [2023-12-22 21:00:38,467] {dag.py:2398} INFO - Sync 1 DAGs
[2023-12-22 21:00:38,525] {logging_mixin.py:109} INFO - [2023-12-22 21:00:38,524] {dag.py:2937} INFO - Setting next_dagrun for example_branch_operator to 2023-12-21 00:00:00+00:00
[2023-12-22 21:00:38,568] {processor.py:171} INFO - Processing /home/airflow/.local/lib/python3.6/site-packages/airflow/example_dags/example_branch_operator.py took 0.238 seconds
[2023-12-22 21:01:08,947] {processor.py:163} INFO - Started process (PID=2800) to work on /home/airflow/.local/lib/python3.6/site-packages/airflow/example_dags/example_branch_operator.py
[2023-12-22 21:01:08,948] {processor.py:642} INFO - Processing file /home/airflow/.local/lib/python3.6/site-packages/airflow/example_dags/example_branch_operator.py for tasks to queue
[2023-12-22 21:01:08,951] {logging_mixin.py:109} INFO - [2023-12-22 21:01:08,950] {dagbag.py:500} INFO - Filling up the DagBag from /home/airflow/.local/lib/python3.6/site-packages/airflow/example_dags/example_branch_operator.py
[2023-12-22 21:01:08,972] {processor.py:652} INFO - DAG(s) dict_keys(['example_branch_operator']) retrieved from /home/airflow/.local/lib/python3.6/site-packages/airflow/example_dags/example_branch_operator.py
[2023-12-22 21:01:08,997] {logging_mixin.py:109} INFO - [2023-12-22 21:01:08,997] {dag.py:2398} INFO - Sync 1 DAGs
[2023-12-22 21:01:09,036] {logging_mixin.py:109} INFO - [2023-12-22 21:01:09,036] {dag.py:2937} INFO - Setting next_dagrun for example_branch_operator to 2023-12-21 00:00:00+00:00
[2023-12-22 21:01:09,047] {processor.py:171} INFO - Processing /home/airflow/.local/lib/python3.6/site-packages/airflow/example_dags/example_branch_operator.py took 0.103 seconds
[2023-12-22 21:01:40,355] {processor.py:163} INFO - Started process (PID=2874) to work on /home/airflow/.local/lib/python3.6/site-packages/airflow/example_dags/example_branch_operator.py
[2023-12-22 21:01:40,356] {processor.py:642} INFO - Processing file /home/airflow/.local/lib/python3.6/site-packages/airflow/example_dags/example_branch_operator.py for tasks to queue
[2023-12-22 21:01:40,362] {logging_mixin.py:109} INFO - [2023-12-22 21:01:40,362] {dagbag.py:500} INFO - Filling up the DagBag from /home/airflow/.local/lib/python3.6/site-packages/airflow/example_dags/example_branch_operator.py
[2023-12-22 21:01:40,389] {processor.py:652} INFO - DAG(s) dict_keys(['example_branch_operator']) retrieved from /home/airflow/.local/lib/python3.6/site-packages/airflow/example_dags/example_branch_operator.py
[2023-12-22 21:01:40,429] {logging_mixin.py:109} INFO - [2023-12-22 21:01:40,428] {dag.py:2398} INFO - Sync 1 DAGs
[2023-12-22 21:01:40,460] {logging_mixin.py:109} INFO - [2023-12-22 21:01:40,460] {dag.py:2937} INFO - Setting next_dagrun for example_branch_operator to 2023-12-21 00:00:00+00:00
[2023-12-22 21:01:40,476] {processor.py:171} INFO - Processing /home/airflow/.local/lib/python3.6/site-packages/airflow/example_dags/example_branch_operator.py took 0.126 seconds
[2023-12-22 21:02:10,753] {processor.py:163} INFO - Started process (PID=2938) to work on /home/airflow/.local/lib/python3.6/site-packages/airflow/example_dags/example_branch_operator.py
[2023-12-22 21:02:10,754] {processor.py:642} INFO - Processing file /home/airflow/.local/lib/python3.6/site-packages/airflow/example_dags/example_branch_operator.py for tasks to queue
[2023-12-22 21:02:10,755] {logging_mixin.py:109} INFO - [2023-12-22 21:02:10,755] {dagbag.py:500} INFO - Filling up the DagBag from /home/airflow/.local/lib/python3.6/site-packages/airflow/example_dags/example_branch_operator.py
[2023-12-22 21:02:10,774] {processor.py:652} INFO - DAG(s) dict_keys(['example_branch_operator']) retrieved from /home/airflow/.local/lib/python3.6/site-packages/airflow/example_dags/example_branch_operator.py
[2023-12-22 21:02:10,794] {logging_mixin.py:109} INFO - [2023-12-22 21:02:10,794] {dag.py:2398} INFO - Sync 1 DAGs
[2023-12-22 21:02:10,814] {logging_mixin.py:109} INFO - [2023-12-22 21:02:10,814] {dag.py:2937} INFO - Setting next_dagrun for example_branch_operator to 2023-12-21 00:00:00+00:00
[2023-12-22 21:02:10,830] {processor.py:171} INFO - Processing /home/airflow/.local/lib/python3.6/site-packages/airflow/example_dags/example_branch_operator.py took 0.080 seconds
[2023-12-22 21:02:41,848] {processor.py:163} INFO - Started process (PID=3013) to work on /home/airflow/.local/lib/python3.6/site-packages/airflow/example_dags/example_branch_operator.py
[2023-12-22 21:02:41,849] {processor.py:642} INFO - Processing file /home/airflow/.local/lib/python3.6/site-packages/airflow/example_dags/example_branch_operator.py for tasks to queue
[2023-12-22 21:02:41,850] {logging_mixin.py:109} INFO - [2023-12-22 21:02:41,850] {dagbag.py:500} INFO - Filling up the DagBag from /home/airflow/.local/lib/python3.6/site-packages/airflow/example_dags/example_branch_operator.py
[2023-12-22 21:02:41,868] {processor.py:652} INFO - DAG(s) dict_keys(['example_branch_operator']) retrieved from /home/airflow/.local/lib/python3.6/site-packages/airflow/example_dags/example_branch_operator.py
[2023-12-22 21:02:41,890] {logging_mixin.py:109} INFO - [2023-12-22 21:02:41,889] {dag.py:2398} INFO - Sync 1 DAGs
[2023-12-22 21:02:41,910] {logging_mixin.py:109} INFO - [2023-12-22 21:02:41,910] {dag.py:2937} INFO - Setting next_dagrun for example_branch_operator to 2023-12-21 00:00:00+00:00
[2023-12-22 21:02:41,920] {processor.py:171} INFO - Processing /home/airflow/.local/lib/python3.6/site-packages/airflow/example_dags/example_branch_operator.py took 0.074 seconds
[2023-12-22 21:03:12,366] {processor.py:163} INFO - Started process (PID=3077) to work on /home/airflow/.local/lib/python3.6/site-packages/airflow/example_dags/example_branch_operator.py
[2023-12-22 21:03:12,367] {processor.py:642} INFO - Processing file /home/airflow/.local/lib/python3.6/site-packages/airflow/example_dags/example_branch_operator.py for tasks to queue
[2023-12-22 21:03:12,368] {logging_mixin.py:109} INFO - [2023-12-22 21:03:12,368] {dagbag.py:500} INFO - Filling up the DagBag from /home/airflow/.local/lib/python3.6/site-packages/airflow/example_dags/example_branch_operator.py
[2023-12-22 21:03:12,387] {processor.py:652} INFO - DAG(s) dict_keys(['example_branch_operator']) retrieved from /home/airflow/.local/lib/python3.6/site-packages/airflow/example_dags/example_branch_operator.py
[2023-12-22 21:03:12,407] {logging_mixin.py:109} INFO - [2023-12-22 21:03:12,407] {dag.py:2398} INFO - Sync 1 DAGs
[2023-12-22 21:03:12,424] {logging_mixin.py:109} INFO - [2023-12-22 21:03:12,424] {dag.py:2937} INFO - Setting next_dagrun for example_branch_operator to 2023-12-21 00:00:00+00:00
[2023-12-22 21:03:12,434] {processor.py:171} INFO - Processing /home/airflow/.local/lib/python3.6/site-packages/airflow/example_dags/example_branch_operator.py took 0.070 seconds
[2023-12-22 21:03:43,662] {processor.py:163} INFO - Started process (PID=3150) to work on /home/airflow/.local/lib/python3.6/site-packages/airflow/example_dags/example_branch_operator.py
[2023-12-22 21:03:43,663] {processor.py:642} INFO - Processing file /home/airflow/.local/lib/python3.6/site-packages/airflow/example_dags/example_branch_operator.py for tasks to queue
[2023-12-22 21:03:43,664] {logging_mixin.py:109} INFO - [2023-12-22 21:03:43,664] {dagbag.py:500} INFO - Filling up the DagBag from /home/airflow/.local/lib/python3.6/site-packages/airflow/example_dags/example_branch_operator.py
[2023-12-22 21:03:43,684] {processor.py:652} INFO - DAG(s) dict_keys(['example_branch_operator']) retrieved from /home/airflow/.local/lib/python3.6/site-packages/airflow/example_dags/example_branch_operator.py
[2023-12-22 21:03:43,704] {logging_mixin.py:109} INFO - [2023-12-22 21:03:43,704] {dag.py:2398} INFO - Sync 1 DAGs
[2023-12-22 21:03:43,723] {logging_mixin.py:109} INFO - [2023-12-22 21:03:43,723] {dag.py:2937} INFO - Setting next_dagrun for example_branch_operator to 2023-12-21 00:00:00+00:00
[2023-12-22 21:03:43,732] {processor.py:171} INFO - Processing /home/airflow/.local/lib/python3.6/site-packages/airflow/example_dags/example_branch_operator.py took 0.072 seconds
[2023-12-22 21:04:14,790] {processor.py:163} INFO - Started process (PID=3224) to work on /home/airflow/.local/lib/python3.6/site-packages/airflow/example_dags/example_branch_operator.py
[2023-12-22 21:04:14,790] {processor.py:642} INFO - Processing file /home/airflow/.local/lib/python3.6/site-packages/airflow/example_dags/example_branch_operator.py for tasks to queue
[2023-12-22 21:04:14,791] {logging_mixin.py:109} INFO - [2023-12-22 21:04:14,791] {dagbag.py:500} INFO - Filling up the DagBag from /home/airflow/.local/lib/python3.6/site-packages/airflow/example_dags/example_branch_operator.py
[2023-12-22 21:04:14,806] {processor.py:652} INFO - DAG(s) dict_keys(['example_branch_operator']) retrieved from /home/airflow/.local/lib/python3.6/site-packages/airflow/example_dags/example_branch_operator.py
[2023-12-22 21:04:14,882] {logging_mixin.py:109} INFO - [2023-12-22 21:04:14,882] {dag.py:2398} INFO - Sync 1 DAGs
[2023-12-22 21:04:14,899] {logging_mixin.py:109} INFO - [2023-12-22 21:04:14,899] {dag.py:2937} INFO - Setting next_dagrun for example_branch_operator to 2023-12-21 00:00:00+00:00
[2023-12-22 21:04:14,908] {processor.py:171} INFO - Processing /home/airflow/.local/lib/python3.6/site-packages/airflow/example_dags/example_branch_operator.py took 0.121 seconds
[2023-12-22 21:04:45,098] {processor.py:163} INFO - Started process (PID=3288) to work on /home/airflow/.local/lib/python3.6/site-packages/airflow/example_dags/example_branch_operator.py
[2023-12-22 21:04:45,099] {processor.py:642} INFO - Processing file /home/airflow/.local/lib/python3.6/site-packages/airflow/example_dags/example_branch_operator.py for tasks to queue
[2023-12-22 21:04:45,100] {logging_mixin.py:109} INFO - [2023-12-22 21:04:45,099] {dagbag.py:500} INFO - Filling up the DagBag from /home/airflow/.local/lib/python3.6/site-packages/airflow/example_dags/example_branch_operator.py
[2023-12-22 21:04:45,117] {processor.py:652} INFO - DAG(s) dict_keys(['example_branch_operator']) retrieved from /home/airflow/.local/lib/python3.6/site-packages/airflow/example_dags/example_branch_operator.py
[2023-12-22 21:04:45,139] {logging_mixin.py:109} INFO - [2023-12-22 21:04:45,139] {dag.py:2398} INFO - Sync 1 DAGs
[2023-12-22 21:04:45,159] {logging_mixin.py:109} INFO - [2023-12-22 21:04:45,159] {dag.py:2937} INFO - Setting next_dagrun for example_branch_operator to 2023-12-21 00:00:00+00:00
[2023-12-22 21:04:45,169] {processor.py:171} INFO - Processing /home/airflow/.local/lib/python3.6/site-packages/airflow/example_dags/example_branch_operator.py took 0.074 seconds
[2023-12-22 21:05:16,362] {processor.py:163} INFO - Started process (PID=3362) to work on /home/airflow/.local/lib/python3.6/site-packages/airflow/example_dags/example_branch_operator.py
[2023-12-22 21:05:16,364] {processor.py:642} INFO - Processing file /home/airflow/.local/lib/python3.6/site-packages/airflow/example_dags/example_branch_operator.py for tasks to queue
[2023-12-22 21:05:16,364] {logging_mixin.py:109} INFO - [2023-12-22 21:05:16,364] {dagbag.py:500} INFO - Filling up the DagBag from /home/airflow/.local/lib/python3.6/site-packages/airflow/example_dags/example_branch_operator.py
[2023-12-22 21:05:16,383] {processor.py:652} INFO - DAG(s) dict_keys(['example_branch_operator']) retrieved from /home/airflow/.local/lib/python3.6/site-packages/airflow/example_dags/example_branch_operator.py
[2023-12-22 21:05:16,401] {logging_mixin.py:109} INFO - [2023-12-22 21:05:16,401] {dag.py:2398} INFO - Sync 1 DAGs
[2023-12-22 21:05:16,414] {logging_mixin.py:109} INFO - [2023-12-22 21:05:16,413] {dag.py:2937} INFO - Setting next_dagrun for example_branch_operator to 2023-12-21 00:00:00+00:00
[2023-12-22 21:05:16,423] {processor.py:171} INFO - Processing /home/airflow/.local/lib/python3.6/site-packages/airflow/example_dags/example_branch_operator.py took 0.068 seconds
[2023-12-22 21:05:46,678] {processor.py:163} INFO - Started process (PID=3426) to work on /home/airflow/.local/lib/python3.6/site-packages/airflow/example_dags/example_branch_operator.py
[2023-12-22 21:05:46,680] {processor.py:642} INFO - Processing file /home/airflow/.local/lib/python3.6/site-packages/airflow/example_dags/example_branch_operator.py for tasks to queue
[2023-12-22 21:05:46,681] {logging_mixin.py:109} INFO - [2023-12-22 21:05:46,681] {dagbag.py:500} INFO - Filling up the DagBag from /home/airflow/.local/lib/python3.6/site-packages/airflow/example_dags/example_branch_operator.py
[2023-12-22 21:05:46,702] {processor.py:652} INFO - DAG(s) dict_keys(['example_branch_operator']) retrieved from /home/airflow/.local/lib/python3.6/site-packages/airflow/example_dags/example_branch_operator.py
[2023-12-22 21:05:46,790] {logging_mixin.py:109} INFO - [2023-12-22 21:05:46,790] {dag.py:2398} INFO - Sync 1 DAGs
[2023-12-22 21:05:46,868] {logging_mixin.py:109} INFO - [2023-12-22 21:05:46,868] {dag.py:2937} INFO - Setting next_dagrun for example_branch_operator to 2023-12-21 00:00:00+00:00
[2023-12-22 21:05:46,908] {processor.py:171} INFO - Processing /home/airflow/.local/lib/python3.6/site-packages/airflow/example_dags/example_branch_operator.py took 0.233 seconds
[2023-12-22 21:06:16,966] {processor.py:163} INFO - Started process (PID=3500) to work on /home/airflow/.local/lib/python3.6/site-packages/airflow/example_dags/example_branch_operator.py
[2023-12-22 21:06:16,967] {processor.py:642} INFO - Processing file /home/airflow/.local/lib/python3.6/site-packages/airflow/example_dags/example_branch_operator.py for tasks to queue
[2023-12-22 21:06:16,968] {logging_mixin.py:109} INFO - [2023-12-22 21:06:16,968] {dagbag.py:500} INFO - Filling up the DagBag from /home/airflow/.local/lib/python3.6/site-packages/airflow/example_dags/example_branch_operator.py
[2023-12-22 21:06:16,984] {processor.py:652} INFO - DAG(s) dict_keys(['example_branch_operator']) retrieved from /home/airflow/.local/lib/python3.6/site-packages/airflow/example_dags/example_branch_operator.py
[2023-12-22 21:06:17,000] {logging_mixin.py:109} INFO - [2023-12-22 21:06:17,000] {dag.py:2398} INFO - Sync 1 DAGs
[2023-12-22 21:06:17,015] {logging_mixin.py:109} INFO - [2023-12-22 21:06:17,015] {dag.py:2937} INFO - Setting next_dagrun for example_branch_operator to 2023-12-21 00:00:00+00:00
[2023-12-22 21:06:17,024] {processor.py:171} INFO - Processing /home/airflow/.local/lib/python3.6/site-packages/airflow/example_dags/example_branch_operator.py took 0.061 seconds
[2023-12-22 21:06:48,065] {processor.py:163} INFO - Started process (PID=3564) to work on /home/airflow/.local/lib/python3.6/site-packages/airflow/example_dags/example_branch_operator.py
[2023-12-22 21:06:48,067] {processor.py:642} INFO - Processing file /home/airflow/.local/lib/python3.6/site-packages/airflow/example_dags/example_branch_operator.py for tasks to queue
[2023-12-22 21:06:48,068] {logging_mixin.py:109} INFO - [2023-12-22 21:06:48,068] {dagbag.py:500} INFO - Filling up the DagBag from /home/airflow/.local/lib/python3.6/site-packages/airflow/example_dags/example_branch_operator.py
[2023-12-22 21:06:48,085] {processor.py:652} INFO - DAG(s) dict_keys(['example_branch_operator']) retrieved from /home/airflow/.local/lib/python3.6/site-packages/airflow/example_dags/example_branch_operator.py
[2023-12-22 21:06:48,108] {logging_mixin.py:109} INFO - [2023-12-22 21:06:48,107] {dag.py:2398} INFO - Sync 1 DAGs
[2023-12-22 21:06:48,125] {logging_mixin.py:109} INFO - [2023-12-22 21:06:48,125] {dag.py:2937} INFO - Setting next_dagrun for example_branch_operator to 2023-12-21 00:00:00+00:00
[2023-12-22 21:06:48,137] {processor.py:171} INFO - Processing /home/airflow/.local/lib/python3.6/site-packages/airflow/example_dags/example_branch_operator.py took 0.075 seconds
[2023-12-22 21:07:18,356] {processor.py:163} INFO - Started process (PID=3638) to work on /home/airflow/.local/lib/python3.6/site-packages/airflow/example_dags/example_branch_operator.py
[2023-12-22 21:07:18,357] {processor.py:642} INFO - Processing file /home/airflow/.local/lib/python3.6/site-packages/airflow/example_dags/example_branch_operator.py for tasks to queue
[2023-12-22 21:07:18,358] {logging_mixin.py:109} INFO - [2023-12-22 21:07:18,358] {dagbag.py:500} INFO - Filling up the DagBag from /home/airflow/.local/lib/python3.6/site-packages/airflow/example_dags/example_branch_operator.py
[2023-12-22 21:07:18,376] {processor.py:652} INFO - DAG(s) dict_keys(['example_branch_operator']) retrieved from /home/airflow/.local/lib/python3.6/site-packages/airflow/example_dags/example_branch_operator.py
[2023-12-22 21:07:18,396] {logging_mixin.py:109} INFO - [2023-12-22 21:07:18,396] {dag.py:2398} INFO - Sync 1 DAGs
[2023-12-22 21:07:18,415] {logging_mixin.py:109} INFO - [2023-12-22 21:07:18,415] {dag.py:2937} INFO - Setting next_dagrun for example_branch_operator to 2023-12-21 00:00:00+00:00
[2023-12-22 21:07:18,426] {processor.py:171} INFO - Processing /home/airflow/.local/lib/python3.6/site-packages/airflow/example_dags/example_branch_operator.py took 0.073 seconds
[2023-12-22 21:07:49,150] {processor.py:163} INFO - Started process (PID=3712) to work on /home/airflow/.local/lib/python3.6/site-packages/airflow/example_dags/example_branch_operator.py
[2023-12-22 21:07:49,151] {processor.py:642} INFO - Processing file /home/airflow/.local/lib/python3.6/site-packages/airflow/example_dags/example_branch_operator.py for tasks to queue
[2023-12-22 21:07:49,153] {logging_mixin.py:109} INFO - [2023-12-22 21:07:49,152] {dagbag.py:500} INFO - Filling up the DagBag from /home/airflow/.local/lib/python3.6/site-packages/airflow/example_dags/example_branch_operator.py
[2023-12-22 21:07:49,168] {processor.py:652} INFO - DAG(s) dict_keys(['example_branch_operator']) retrieved from /home/airflow/.local/lib/python3.6/site-packages/airflow/example_dags/example_branch_operator.py
[2023-12-22 21:07:49,191] {logging_mixin.py:109} INFO - [2023-12-22 21:07:49,191] {dag.py:2398} INFO - Sync 1 DAGs
[2023-12-22 21:07:49,210] {logging_mixin.py:109} INFO - [2023-12-22 21:07:49,210] {dag.py:2937} INFO - Setting next_dagrun for example_branch_operator to 2023-12-21 00:00:00+00:00
[2023-12-22 21:07:49,221] {processor.py:171} INFO - Processing /home/airflow/.local/lib/python3.6/site-packages/airflow/example_dags/example_branch_operator.py took 0.075 seconds
[2023-12-22 21:08:20,267] {processor.py:163} INFO - Started process (PID=3777) to work on /home/airflow/.local/lib/python3.6/site-packages/airflow/example_dags/example_branch_operator.py
[2023-12-22 21:08:20,269] {processor.py:642} INFO - Processing file /home/airflow/.local/lib/python3.6/site-packages/airflow/example_dags/example_branch_operator.py for tasks to queue
[2023-12-22 21:08:20,271] {logging_mixin.py:109} INFO - [2023-12-22 21:08:20,271] {dagbag.py:500} INFO - Filling up the DagBag from /home/airflow/.local/lib/python3.6/site-packages/airflow/example_dags/example_branch_operator.py
[2023-12-22 21:08:20,291] {processor.py:652} INFO - DAG(s) dict_keys(['example_branch_operator']) retrieved from /home/airflow/.local/lib/python3.6/site-packages/airflow/example_dags/example_branch_operator.py
[2023-12-22 21:08:20,312] {logging_mixin.py:109} INFO - [2023-12-22 21:08:20,312] {dag.py:2398} INFO - Sync 1 DAGs
[2023-12-22 21:08:20,333] {logging_mixin.py:109} INFO - [2023-12-22 21:08:20,333] {dag.py:2937} INFO - Setting next_dagrun for example_branch_operator to 2023-12-21 00:00:00+00:00
[2023-12-22 21:08:20,347] {processor.py:171} INFO - Processing /home/airflow/.local/lib/python3.6/site-packages/airflow/example_dags/example_branch_operator.py took 0.083 seconds
[2023-12-22 21:08:50,756] {processor.py:163} INFO - Started process (PID=3850) to work on /home/airflow/.local/lib/python3.6/site-packages/airflow/example_dags/example_branch_operator.py
[2023-12-22 21:08:50,757] {processor.py:642} INFO - Processing file /home/airflow/.local/lib/python3.6/site-packages/airflow/example_dags/example_branch_operator.py for tasks to queue
[2023-12-22 21:08:50,758] {logging_mixin.py:109} INFO - [2023-12-22 21:08:50,758] {dagbag.py:500} INFO - Filling up the DagBag from /home/airflow/.local/lib/python3.6/site-packages/airflow/example_dags/example_branch_operator.py
[2023-12-22 21:08:50,772] {processor.py:652} INFO - DAG(s) dict_keys(['example_branch_operator']) retrieved from /home/airflow/.local/lib/python3.6/site-packages/airflow/example_dags/example_branch_operator.py
[2023-12-22 21:08:50,795] {logging_mixin.py:109} INFO - [2023-12-22 21:08:50,795] {dag.py:2398} INFO - Sync 1 DAGs
[2023-12-22 21:08:50,815] {logging_mixin.py:109} INFO - [2023-12-22 21:08:50,814] {dag.py:2937} INFO - Setting next_dagrun for example_branch_operator to 2023-12-21 00:00:00+00:00
[2023-12-22 21:08:50,827] {processor.py:171} INFO - Processing /home/airflow/.local/lib/python3.6/site-packages/airflow/example_dags/example_branch_operator.py took 0.074 seconds
[2023-12-22 21:09:21,146] {processor.py:163} INFO - Started process (PID=3914) to work on /home/airflow/.local/lib/python3.6/site-packages/airflow/example_dags/example_branch_operator.py
[2023-12-22 21:09:21,147] {processor.py:642} INFO - Processing file /home/airflow/.local/lib/python3.6/site-packages/airflow/example_dags/example_branch_operator.py for tasks to queue
[2023-12-22 21:09:21,148] {logging_mixin.py:109} INFO - [2023-12-22 21:09:21,147] {dagbag.py:500} INFO - Filling up the DagBag from /home/airflow/.local/lib/python3.6/site-packages/airflow/example_dags/example_branch_operator.py
[2023-12-22 21:09:21,163] {processor.py:652} INFO - DAG(s) dict_keys(['example_branch_operator']) retrieved from /home/airflow/.local/lib/python3.6/site-packages/airflow/example_dags/example_branch_operator.py
[2023-12-22 21:09:21,179] {logging_mixin.py:109} INFO - [2023-12-22 21:09:21,179] {dag.py:2398} INFO - Sync 1 DAGs
[2023-12-22 21:09:21,197] {logging_mixin.py:109} INFO - [2023-12-22 21:09:21,197] {dag.py:2937} INFO - Setting next_dagrun for example_branch_operator to 2023-12-21 00:00:00+00:00
[2023-12-22 21:09:21,207] {processor.py:171} INFO - Processing /home/airflow/.local/lib/python3.6/site-packages/airflow/example_dags/example_branch_operator.py took 0.064 seconds
[2023-12-22 21:09:51,792] {processor.py:163} INFO - Started process (PID=3988) to work on /home/airflow/.local/lib/python3.6/site-packages/airflow/example_dags/example_branch_operator.py
[2023-12-22 21:09:51,793] {processor.py:642} INFO - Processing file /home/airflow/.local/lib/python3.6/site-packages/airflow/example_dags/example_branch_operator.py for tasks to queue
[2023-12-22 21:09:51,794] {logging_mixin.py:109} INFO - [2023-12-22 21:09:51,793] {dagbag.py:500} INFO - Filling up the DagBag from /home/airflow/.local/lib/python3.6/site-packages/airflow/example_dags/example_branch_operator.py
[2023-12-22 21:09:51,811] {processor.py:652} INFO - DAG(s) dict_keys(['example_branch_operator']) retrieved from /home/airflow/.local/lib/python3.6/site-packages/airflow/example_dags/example_branch_operator.py
[2023-12-22 21:09:51,830] {logging_mixin.py:109} INFO - [2023-12-22 21:09:51,830] {dag.py:2398} INFO - Sync 1 DAGs
[2023-12-22 21:09:51,850] {logging_mixin.py:109} INFO - [2023-12-22 21:09:51,849] {dag.py:2937} INFO - Setting next_dagrun for example_branch_operator to 2023-12-21 00:00:00+00:00
[2023-12-22 21:09:51,862] {processor.py:171} INFO - Processing /home/airflow/.local/lib/python3.6/site-packages/airflow/example_dags/example_branch_operator.py took 0.073 seconds
[2023-12-22 21:10:22,181] {processor.py:163} INFO - Started process (PID=4052) to work on /home/airflow/.local/lib/python3.6/site-packages/airflow/example_dags/example_branch_operator.py
[2023-12-22 21:10:22,182] {processor.py:642} INFO - Processing file /home/airflow/.local/lib/python3.6/site-packages/airflow/example_dags/example_branch_operator.py for tasks to queue
[2023-12-22 21:10:22,183] {logging_mixin.py:109} INFO - [2023-12-22 21:10:22,183] {dagbag.py:500} INFO - Filling up the DagBag from /home/airflow/.local/lib/python3.6/site-packages/airflow/example_dags/example_branch_operator.py
[2023-12-22 21:10:22,198] {processor.py:652} INFO - DAG(s) dict_keys(['example_branch_operator']) retrieved from /home/airflow/.local/lib/python3.6/site-packages/airflow/example_dags/example_branch_operator.py
[2023-12-22 21:10:22,214] {logging_mixin.py:109} INFO - [2023-12-22 21:10:22,214] {dag.py:2398} INFO - Sync 1 DAGs
[2023-12-22 21:10:22,233] {logging_mixin.py:109} INFO - [2023-12-22 21:10:22,233] {dag.py:2937} INFO - Setting next_dagrun for example_branch_operator to 2023-12-21 00:00:00+00:00
[2023-12-22 21:10:22,242] {processor.py:171} INFO - Processing /home/airflow/.local/lib/python3.6/site-packages/airflow/example_dags/example_branch_operator.py took 0.064 seconds
[2023-12-22 21:10:53,010] {processor.py:163} INFO - Started process (PID=4127) to work on /home/airflow/.local/lib/python3.6/site-packages/airflow/example_dags/example_branch_operator.py
[2023-12-22 21:10:53,011] {processor.py:642} INFO - Processing file /home/airflow/.local/lib/python3.6/site-packages/airflow/example_dags/example_branch_operator.py for tasks to queue
[2023-12-22 21:10:53,012] {logging_mixin.py:109} INFO - [2023-12-22 21:10:53,012] {dagbag.py:500} INFO - Filling up the DagBag from /home/airflow/.local/lib/python3.6/site-packages/airflow/example_dags/example_branch_operator.py
[2023-12-22 21:10:53,028] {processor.py:652} INFO - DAG(s) dict_keys(['example_branch_operator']) retrieved from /home/airflow/.local/lib/python3.6/site-packages/airflow/example_dags/example_branch_operator.py
[2023-12-22 21:10:53,049] {logging_mixin.py:109} INFO - [2023-12-22 21:10:53,049] {dag.py:2398} INFO - Sync 1 DAGs
[2023-12-22 21:10:53,067] {logging_mixin.py:109} INFO - [2023-12-22 21:10:53,067] {dag.py:2937} INFO - Setting next_dagrun for example_branch_operator to 2023-12-21 00:00:00+00:00
[2023-12-22 21:10:53,076] {processor.py:171} INFO - Processing /home/airflow/.local/lib/python3.6/site-packages/airflow/example_dags/example_branch_operator.py took 0.069 seconds
[2023-12-22 21:11:23,270] {processor.py:163} INFO - Started process (PID=4200) to work on /home/airflow/.local/lib/python3.6/site-packages/airflow/example_dags/example_branch_operator.py
[2023-12-22 21:11:23,271] {processor.py:642} INFO - Processing file /home/airflow/.local/lib/python3.6/site-packages/airflow/example_dags/example_branch_operator.py for tasks to queue
[2023-12-22 21:11:23,272] {logging_mixin.py:109} INFO - [2023-12-22 21:11:23,272] {dagbag.py:500} INFO - Filling up the DagBag from /home/airflow/.local/lib/python3.6/site-packages/airflow/example_dags/example_branch_operator.py
[2023-12-22 21:11:23,309] {processor.py:652} INFO - DAG(s) dict_keys(['example_branch_operator']) retrieved from /home/airflow/.local/lib/python3.6/site-packages/airflow/example_dags/example_branch_operator.py
[2023-12-22 21:11:23,340] {logging_mixin.py:109} INFO - [2023-12-22 21:11:23,340] {dag.py:2398} INFO - Sync 1 DAGs
[2023-12-22 21:11:23,401] {logging_mixin.py:109} INFO - [2023-12-22 21:11:23,400] {dag.py:2937} INFO - Setting next_dagrun for example_branch_operator to 2023-12-21 00:00:00+00:00
[2023-12-22 21:11:23,417] {processor.py:171} INFO - Processing /home/airflow/.local/lib/python3.6/site-packages/airflow/example_dags/example_branch_operator.py took 0.151 seconds
[2023-12-22 21:11:53,847] {processor.py:163} INFO - Started process (PID=4265) to work on /home/airflow/.local/lib/python3.6/site-packages/airflow/example_dags/example_branch_operator.py
[2023-12-22 21:11:53,848] {processor.py:642} INFO - Processing file /home/airflow/.local/lib/python3.6/site-packages/airflow/example_dags/example_branch_operator.py for tasks to queue
[2023-12-22 21:11:53,849] {logging_mixin.py:109} INFO - [2023-12-22 21:11:53,849] {dagbag.py:500} INFO - Filling up the DagBag from /home/airflow/.local/lib/python3.6/site-packages/airflow/example_dags/example_branch_operator.py
[2023-12-22 21:11:53,867] {processor.py:652} INFO - DAG(s) dict_keys(['example_branch_operator']) retrieved from /home/airflow/.local/lib/python3.6/site-packages/airflow/example_dags/example_branch_operator.py
[2023-12-22 21:11:53,888] {logging_mixin.py:109} INFO - [2023-12-22 21:11:53,888] {dag.py:2398} INFO - Sync 1 DAGs
[2023-12-22 21:11:53,920] {logging_mixin.py:109} INFO - [2023-12-22 21:11:53,920] {dag.py:2937} INFO - Setting next_dagrun for example_branch_operator to 2023-12-21 00:00:00+00:00
[2023-12-22 21:11:53,933] {processor.py:171} INFO - Processing /home/airflow/.local/lib/python3.6/site-packages/airflow/example_dags/example_branch_operator.py took 0.089 seconds
