[2023-12-22 20:40:28,839] {processor.py:163} INFO - Started process (PID=79) to work on /home/airflow/.local/lib/python3.6/site-packages/airflow/example_dags/example_complex.py
[2023-12-22 20:40:28,841] {processor.py:642} INFO - Processing file /home/airflow/.local/lib/python3.6/site-packages/airflow/example_dags/example_complex.py for tasks to queue
[2023-12-22 20:40:28,842] {logging_mixin.py:109} INFO - [2023-12-22 20:40:28,842] {dagbag.py:500} INFO - Filling up the DagBag from /home/airflow/.local/lib/python3.6/site-packages/airflow/example_dags/example_complex.py
[2023-12-22 20:40:28,867] {processor.py:652} INFO - DAG(s) dict_keys(['example_complex']) retrieved from /home/airflow/.local/lib/python3.6/site-packages/airflow/example_dags/example_complex.py
[2023-12-22 20:40:28,892] {logging_mixin.py:109} INFO - [2023-12-22 20:40:28,892] {dag.py:2398} INFO - Sync 1 DAGs
[2023-12-22 20:40:28,911] {logging_mixin.py:109} INFO - [2023-12-22 20:40:28,911] {dag.py:2937} INFO - Setting next_dagrun for example_complex to None
[2023-12-22 20:40:28,925] {processor.py:171} INFO - Processing /home/airflow/.local/lib/python3.6/site-packages/airflow/example_dags/example_complex.py took 0.089 seconds
[2023-12-22 20:41:00,233] {processor.py:163} INFO - Started process (PID=143) to work on /home/airflow/.local/lib/python3.6/site-packages/airflow/example_dags/example_complex.py
[2023-12-22 20:41:00,234] {processor.py:642} INFO - Processing file /home/airflow/.local/lib/python3.6/site-packages/airflow/example_dags/example_complex.py for tasks to queue
[2023-12-22 20:41:00,235] {logging_mixin.py:109} INFO - [2023-12-22 20:41:00,235] {dagbag.py:500} INFO - Filling up the DagBag from /home/airflow/.local/lib/python3.6/site-packages/airflow/example_dags/example_complex.py
[2023-12-22 20:41:00,258] {processor.py:652} INFO - DAG(s) dict_keys(['example_complex']) retrieved from /home/airflow/.local/lib/python3.6/site-packages/airflow/example_dags/example_complex.py
[2023-12-22 20:41:00,295] {logging_mixin.py:109} INFO - [2023-12-22 20:41:00,295] {dag.py:2398} INFO - Sync 1 DAGs
[2023-12-22 20:41:00,324] {logging_mixin.py:109} INFO - [2023-12-22 20:41:00,324] {dag.py:2937} INFO - Setting next_dagrun for example_complex to None
[2023-12-22 20:41:00,340] {processor.py:171} INFO - Processing /home/airflow/.local/lib/python3.6/site-packages/airflow/example_dags/example_complex.py took 0.110 seconds
[2023-12-22 20:41:34,081] {processor.py:163} INFO - Started process (PID=217) to work on /home/airflow/.local/lib/python3.6/site-packages/airflow/example_dags/example_complex.py
[2023-12-22 20:41:34,084] {processor.py:642} INFO - Processing file /home/airflow/.local/lib/python3.6/site-packages/airflow/example_dags/example_complex.py for tasks to queue
[2023-12-22 20:41:34,106] {logging_mixin.py:109} INFO - [2023-12-22 20:41:34,106] {dagbag.py:500} INFO - Filling up the DagBag from /home/airflow/.local/lib/python3.6/site-packages/airflow/example_dags/example_complex.py
[2023-12-22 20:41:34,125] {processor.py:652} INFO - DAG(s) dict_keys(['example_complex']) retrieved from /home/airflow/.local/lib/python3.6/site-packages/airflow/example_dags/example_complex.py
[2023-12-22 20:41:34,208] {logging_mixin.py:109} INFO - [2023-12-22 20:41:34,208] {dag.py:2398} INFO - Sync 1 DAGs
[2023-12-22 20:41:34,333] {logging_mixin.py:109} INFO - [2023-12-22 20:41:34,332] {dag.py:2937} INFO - Setting next_dagrun for example_complex to None
[2023-12-22 20:41:34,353] {processor.py:171} INFO - Processing /home/airflow/.local/lib/python3.6/site-packages/airflow/example_dags/example_complex.py took 0.275 seconds
[2023-12-22 20:42:11,995] {processor.py:163} INFO - Started process (PID=291) to work on /home/airflow/.local/lib/python3.6/site-packages/airflow/example_dags/example_complex.py
[2023-12-22 20:42:11,996] {processor.py:642} INFO - Processing file /home/airflow/.local/lib/python3.6/site-packages/airflow/example_dags/example_complex.py for tasks to queue
[2023-12-22 20:42:11,997] {logging_mixin.py:109} INFO - [2023-12-22 20:42:11,997] {dagbag.py:500} INFO - Filling up the DagBag from /home/airflow/.local/lib/python3.6/site-packages/airflow/example_dags/example_complex.py
[2023-12-22 20:42:12,019] {processor.py:652} INFO - DAG(s) dict_keys(['example_complex']) retrieved from /home/airflow/.local/lib/python3.6/site-packages/airflow/example_dags/example_complex.py
[2023-12-22 20:42:12,170] {logging_mixin.py:109} INFO - [2023-12-22 20:42:12,170] {dag.py:2398} INFO - Sync 1 DAGs
[2023-12-22 20:42:12,348] {logging_mixin.py:109} INFO - [2023-12-22 20:42:12,348] {dag.py:2937} INFO - Setting next_dagrun for example_complex to None
[2023-12-22 20:42:12,516] {processor.py:171} INFO - Processing /home/airflow/.local/lib/python3.6/site-packages/airflow/example_dags/example_complex.py took 0.524 seconds
[2023-12-22 20:42:44,579] {processor.py:163} INFO - Started process (PID=355) to work on /home/airflow/.local/lib/python3.6/site-packages/airflow/example_dags/example_complex.py
[2023-12-22 20:42:44,650] {processor.py:642} INFO - Processing file /home/airflow/.local/lib/python3.6/site-packages/airflow/example_dags/example_complex.py for tasks to queue
[2023-12-22 20:42:44,710] {logging_mixin.py:109} INFO - [2023-12-22 20:42:44,710] {dagbag.py:500} INFO - Filling up the DagBag from /home/airflow/.local/lib/python3.6/site-packages/airflow/example_dags/example_complex.py
[2023-12-22 20:42:44,759] {processor.py:652} INFO - DAG(s) dict_keys(['example_complex']) retrieved from /home/airflow/.local/lib/python3.6/site-packages/airflow/example_dags/example_complex.py
[2023-12-22 20:42:44,962] {logging_mixin.py:109} INFO - [2023-12-22 20:42:44,962] {dag.py:2398} INFO - Sync 1 DAGs
[2023-12-22 20:42:45,237] {logging_mixin.py:109} INFO - [2023-12-22 20:42:45,237] {dag.py:2937} INFO - Setting next_dagrun for example_complex to None
[2023-12-22 20:42:45,313] {processor.py:171} INFO - Processing /home/airflow/.local/lib/python3.6/site-packages/airflow/example_dags/example_complex.py took 0.738 seconds
[2023-12-22 20:43:16,109] {processor.py:163} INFO - Started process (PID=430) to work on /home/airflow/.local/lib/python3.6/site-packages/airflow/example_dags/example_complex.py
[2023-12-22 20:43:16,111] {processor.py:642} INFO - Processing file /home/airflow/.local/lib/python3.6/site-packages/airflow/example_dags/example_complex.py for tasks to queue
[2023-12-22 20:43:16,113] {logging_mixin.py:109} INFO - [2023-12-22 20:43:16,113] {dagbag.py:500} INFO - Filling up the DagBag from /home/airflow/.local/lib/python3.6/site-packages/airflow/example_dags/example_complex.py
[2023-12-22 20:43:16,143] {processor.py:652} INFO - DAG(s) dict_keys(['example_complex']) retrieved from /home/airflow/.local/lib/python3.6/site-packages/airflow/example_dags/example_complex.py
[2023-12-22 20:43:16,237] {logging_mixin.py:109} INFO - [2023-12-22 20:43:16,237] {dag.py:2398} INFO - Sync 1 DAGs
[2023-12-22 20:43:16,381] {logging_mixin.py:109} INFO - [2023-12-22 20:43:16,381] {dag.py:2937} INFO - Setting next_dagrun for example_complex to None
[2023-12-22 20:43:16,451] {processor.py:171} INFO - Processing /home/airflow/.local/lib/python3.6/site-packages/airflow/example_dags/example_complex.py took 0.325 seconds
[2023-12-22 20:43:47,553] {processor.py:163} INFO - Started process (PID=494) to work on /home/airflow/.local/lib/python3.6/site-packages/airflow/example_dags/example_complex.py
[2023-12-22 20:43:47,562] {processor.py:642} INFO - Processing file /home/airflow/.local/lib/python3.6/site-packages/airflow/example_dags/example_complex.py for tasks to queue
[2023-12-22 20:43:47,567] {logging_mixin.py:109} INFO - [2023-12-22 20:43:47,566] {dagbag.py:500} INFO - Filling up the DagBag from /home/airflow/.local/lib/python3.6/site-packages/airflow/example_dags/example_complex.py
[2023-12-22 20:43:47,592] {processor.py:652} INFO - DAG(s) dict_keys(['example_complex']) retrieved from /home/airflow/.local/lib/python3.6/site-packages/airflow/example_dags/example_complex.py
[2023-12-22 20:43:47,776] {logging_mixin.py:109} INFO - [2023-12-22 20:43:47,776] {dag.py:2398} INFO - Sync 1 DAGs
[2023-12-22 20:43:47,888] {logging_mixin.py:109} INFO - [2023-12-22 20:43:47,888] {dag.py:2937} INFO - Setting next_dagrun for example_complex to None
[2023-12-22 20:43:48,023] {processor.py:171} INFO - Processing /home/airflow/.local/lib/python3.6/site-packages/airflow/example_dags/example_complex.py took 0.472 seconds
[2023-12-22 20:44:18,348] {processor.py:163} INFO - Started process (PID=557) to work on /home/airflow/.local/lib/python3.6/site-packages/airflow/example_dags/example_complex.py
[2023-12-22 20:44:18,349] {processor.py:642} INFO - Processing file /home/airflow/.local/lib/python3.6/site-packages/airflow/example_dags/example_complex.py for tasks to queue
[2023-12-22 20:44:18,349] {logging_mixin.py:109} INFO - [2023-12-22 20:44:18,349] {dagbag.py:500} INFO - Filling up the DagBag from /home/airflow/.local/lib/python3.6/site-packages/airflow/example_dags/example_complex.py
[2023-12-22 20:44:18,371] {processor.py:652} INFO - DAG(s) dict_keys(['example_complex']) retrieved from /home/airflow/.local/lib/python3.6/site-packages/airflow/example_dags/example_complex.py
[2023-12-22 20:44:18,467] {logging_mixin.py:109} INFO - [2023-12-22 20:44:18,467] {dag.py:2398} INFO - Sync 1 DAGs
[2023-12-22 20:44:18,484] {logging_mixin.py:109} INFO - [2023-12-22 20:44:18,484] {dag.py:2937} INFO - Setting next_dagrun for example_complex to None
[2023-12-22 20:44:18,494] {processor.py:171} INFO - Processing /home/airflow/.local/lib/python3.6/site-packages/airflow/example_dags/example_complex.py took 0.149 seconds
[2023-12-22 20:44:50,273] {processor.py:163} INFO - Started process (PID=632) to work on /home/airflow/.local/lib/python3.6/site-packages/airflow/example_dags/example_complex.py
[2023-12-22 20:44:50,276] {processor.py:642} INFO - Processing file /home/airflow/.local/lib/python3.6/site-packages/airflow/example_dags/example_complex.py for tasks to queue
[2023-12-22 20:44:50,277] {logging_mixin.py:109} INFO - [2023-12-22 20:44:50,276] {dagbag.py:500} INFO - Filling up the DagBag from /home/airflow/.local/lib/python3.6/site-packages/airflow/example_dags/example_complex.py
[2023-12-22 20:44:50,301] {processor.py:652} INFO - DAG(s) dict_keys(['example_complex']) retrieved from /home/airflow/.local/lib/python3.6/site-packages/airflow/example_dags/example_complex.py
[2023-12-22 20:44:50,408] {logging_mixin.py:109} INFO - [2023-12-22 20:44:50,407] {dag.py:2398} INFO - Sync 1 DAGs
[2023-12-22 20:44:50,460] {logging_mixin.py:109} INFO - [2023-12-22 20:44:50,460] {dag.py:2937} INFO - Setting next_dagrun for example_complex to None
[2023-12-22 20:44:50,502] {processor.py:171} INFO - Processing /home/airflow/.local/lib/python3.6/site-packages/airflow/example_dags/example_complex.py took 0.232 seconds
[2023-12-22 20:45:21,481] {processor.py:163} INFO - Started process (PID=696) to work on /home/airflow/.local/lib/python3.6/site-packages/airflow/example_dags/example_complex.py
[2023-12-22 20:45:21,574] {processor.py:642} INFO - Processing file /home/airflow/.local/lib/python3.6/site-packages/airflow/example_dags/example_complex.py for tasks to queue
[2023-12-22 20:45:21,578] {logging_mixin.py:109} INFO - [2023-12-22 20:45:21,578] {dagbag.py:500} INFO - Filling up the DagBag from /home/airflow/.local/lib/python3.6/site-packages/airflow/example_dags/example_complex.py
[2023-12-22 20:45:21,695] {processor.py:652} INFO - DAG(s) dict_keys(['example_complex']) retrieved from /home/airflow/.local/lib/python3.6/site-packages/airflow/example_dags/example_complex.py
[2023-12-22 20:45:21,776] {logging_mixin.py:109} INFO - [2023-12-22 20:45:21,776] {dag.py:2398} INFO - Sync 1 DAGs
[2023-12-22 20:45:21,804] {logging_mixin.py:109} INFO - [2023-12-22 20:45:21,803] {dag.py:2937} INFO - Setting next_dagrun for example_complex to None
[2023-12-22 20:45:22,094] {processor.py:171} INFO - Processing /home/airflow/.local/lib/python3.6/site-packages/airflow/example_dags/example_complex.py took 0.615 seconds
[2023-12-22 20:45:52,255] {processor.py:163} INFO - Started process (PID=771) to work on /home/airflow/.local/lib/python3.6/site-packages/airflow/example_dags/example_complex.py
[2023-12-22 20:45:52,256] {processor.py:642} INFO - Processing file /home/airflow/.local/lib/python3.6/site-packages/airflow/example_dags/example_complex.py for tasks to queue
[2023-12-22 20:45:52,257] {logging_mixin.py:109} INFO - [2023-12-22 20:45:52,257] {dagbag.py:500} INFO - Filling up the DagBag from /home/airflow/.local/lib/python3.6/site-packages/airflow/example_dags/example_complex.py
[2023-12-22 20:45:52,342] {processor.py:652} INFO - DAG(s) dict_keys(['example_complex']) retrieved from /home/airflow/.local/lib/python3.6/site-packages/airflow/example_dags/example_complex.py
[2023-12-22 20:45:52,389] {logging_mixin.py:109} INFO - [2023-12-22 20:45:52,389] {dag.py:2398} INFO - Sync 1 DAGs
[2023-12-22 20:45:52,422] {logging_mixin.py:109} INFO - [2023-12-22 20:45:52,422] {dag.py:2937} INFO - Setting next_dagrun for example_complex to None
[2023-12-22 20:45:52,432] {processor.py:171} INFO - Processing /home/airflow/.local/lib/python3.6/site-packages/airflow/example_dags/example_complex.py took 0.179 seconds
[2023-12-22 20:46:22,595] {processor.py:163} INFO - Started process (PID=834) to work on /home/airflow/.local/lib/python3.6/site-packages/airflow/example_dags/example_complex.py
[2023-12-22 20:46:22,596] {processor.py:642} INFO - Processing file /home/airflow/.local/lib/python3.6/site-packages/airflow/example_dags/example_complex.py for tasks to queue
[2023-12-22 20:46:22,597] {logging_mixin.py:109} INFO - [2023-12-22 20:46:22,597] {dagbag.py:500} INFO - Filling up the DagBag from /home/airflow/.local/lib/python3.6/site-packages/airflow/example_dags/example_complex.py
[2023-12-22 20:46:22,711] {processor.py:652} INFO - DAG(s) dict_keys(['example_complex']) retrieved from /home/airflow/.local/lib/python3.6/site-packages/airflow/example_dags/example_complex.py
[2023-12-22 20:46:22,739] {logging_mixin.py:109} INFO - [2023-12-22 20:46:22,739] {dag.py:2398} INFO - Sync 1 DAGs
[2023-12-22 20:46:22,755] {logging_mixin.py:109} INFO - [2023-12-22 20:46:22,755] {dag.py:2937} INFO - Setting next_dagrun for example_complex to None
[2023-12-22 20:46:22,766] {processor.py:171} INFO - Processing /home/airflow/.local/lib/python3.6/site-packages/airflow/example_dags/example_complex.py took 0.173 seconds
[2023-12-22 20:46:53,551] {processor.py:163} INFO - Started process (PID=908) to work on /home/airflow/.local/lib/python3.6/site-packages/airflow/example_dags/example_complex.py
[2023-12-22 20:46:53,554] {processor.py:642} INFO - Processing file /home/airflow/.local/lib/python3.6/site-packages/airflow/example_dags/example_complex.py for tasks to queue
[2023-12-22 20:46:53,555] {logging_mixin.py:109} INFO - [2023-12-22 20:46:53,555] {dagbag.py:500} INFO - Filling up the DagBag from /home/airflow/.local/lib/python3.6/site-packages/airflow/example_dags/example_complex.py
[2023-12-22 20:46:53,651] {processor.py:652} INFO - DAG(s) dict_keys(['example_complex']) retrieved from /home/airflow/.local/lib/python3.6/site-packages/airflow/example_dags/example_complex.py
[2023-12-22 20:46:53,670] {logging_mixin.py:109} INFO - [2023-12-22 20:46:53,669] {dag.py:2398} INFO - Sync 1 DAGs
[2023-12-22 20:46:53,685] {logging_mixin.py:109} INFO - [2023-12-22 20:46:53,685] {dag.py:2937} INFO - Setting next_dagrun for example_complex to None
[2023-12-22 20:46:53,694] {processor.py:171} INFO - Processing /home/airflow/.local/lib/python3.6/site-packages/airflow/example_dags/example_complex.py took 0.145 seconds
[2023-12-22 20:47:24,369] {processor.py:163} INFO - Started process (PID=972) to work on /home/airflow/.local/lib/python3.6/site-packages/airflow/example_dags/example_complex.py
[2023-12-22 20:47:24,370] {processor.py:642} INFO - Processing file /home/airflow/.local/lib/python3.6/site-packages/airflow/example_dags/example_complex.py for tasks to queue
[2023-12-22 20:47:24,371] {logging_mixin.py:109} INFO - [2023-12-22 20:47:24,371] {dagbag.py:500} INFO - Filling up the DagBag from /home/airflow/.local/lib/python3.6/site-packages/airflow/example_dags/example_complex.py
[2023-12-22 20:47:24,447] {processor.py:652} INFO - DAG(s) dict_keys(['example_complex']) retrieved from /home/airflow/.local/lib/python3.6/site-packages/airflow/example_dags/example_complex.py
[2023-12-22 20:47:24,465] {logging_mixin.py:109} INFO - [2023-12-22 20:47:24,465] {dag.py:2398} INFO - Sync 1 DAGs
[2023-12-22 20:47:24,476] {logging_mixin.py:109} INFO - [2023-12-22 20:47:24,476] {dag.py:2937} INFO - Setting next_dagrun for example_complex to None
[2023-12-22 20:47:24,505] {processor.py:171} INFO - Processing /home/airflow/.local/lib/python3.6/site-packages/airflow/example_dags/example_complex.py took 0.139 seconds
[2023-12-22 20:47:54,531] {processor.py:163} INFO - Started process (PID=1045) to work on /home/airflow/.local/lib/python3.6/site-packages/airflow/example_dags/example_complex.py
[2023-12-22 20:47:54,532] {processor.py:642} INFO - Processing file /home/airflow/.local/lib/python3.6/site-packages/airflow/example_dags/example_complex.py for tasks to queue
[2023-12-22 20:47:54,533] {logging_mixin.py:109} INFO - [2023-12-22 20:47:54,533] {dagbag.py:500} INFO - Filling up the DagBag from /home/airflow/.local/lib/python3.6/site-packages/airflow/example_dags/example_complex.py
[2023-12-22 20:47:54,623] {processor.py:652} INFO - DAG(s) dict_keys(['example_complex']) retrieved from /home/airflow/.local/lib/python3.6/site-packages/airflow/example_dags/example_complex.py
[2023-12-22 20:47:54,641] {logging_mixin.py:109} INFO - [2023-12-22 20:47:54,641] {dag.py:2398} INFO - Sync 1 DAGs
[2023-12-22 20:47:54,652] {logging_mixin.py:109} INFO - [2023-12-22 20:47:54,652] {dag.py:2937} INFO - Setting next_dagrun for example_complex to None
[2023-12-22 20:47:54,680] {processor.py:171} INFO - Processing /home/airflow/.local/lib/python3.6/site-packages/airflow/example_dags/example_complex.py took 0.151 seconds
[2023-12-22 20:48:25,148] {processor.py:163} INFO - Started process (PID=1118) to work on /home/airflow/.local/lib/python3.6/site-packages/airflow/example_dags/example_complex.py
[2023-12-22 20:48:25,149] {processor.py:642} INFO - Processing file /home/airflow/.local/lib/python3.6/site-packages/airflow/example_dags/example_complex.py for tasks to queue
[2023-12-22 20:48:25,150] {logging_mixin.py:109} INFO - [2023-12-22 20:48:25,150] {dagbag.py:500} INFO - Filling up the DagBag from /home/airflow/.local/lib/python3.6/site-packages/airflow/example_dags/example_complex.py
[2023-12-22 20:48:25,245] {processor.py:652} INFO - DAG(s) dict_keys(['example_complex']) retrieved from /home/airflow/.local/lib/python3.6/site-packages/airflow/example_dags/example_complex.py
[2023-12-22 20:48:25,276] {logging_mixin.py:109} INFO - [2023-12-22 20:48:25,276] {dag.py:2398} INFO - Sync 1 DAGs
[2023-12-22 20:48:25,291] {logging_mixin.py:109} INFO - [2023-12-22 20:48:25,291] {dag.py:2937} INFO - Setting next_dagrun for example_complex to None
[2023-12-22 20:48:25,302] {processor.py:171} INFO - Processing /home/airflow/.local/lib/python3.6/site-packages/airflow/example_dags/example_complex.py took 0.158 seconds
[2023-12-22 20:48:56,173] {processor.py:163} INFO - Started process (PID=1183) to work on /home/airflow/.local/lib/python3.6/site-packages/airflow/example_dags/example_complex.py
[2023-12-22 20:48:56,177] {processor.py:642} INFO - Processing file /home/airflow/.local/lib/python3.6/site-packages/airflow/example_dags/example_complex.py for tasks to queue
[2023-12-22 20:48:56,178] {logging_mixin.py:109} INFO - [2023-12-22 20:48:56,178] {dagbag.py:500} INFO - Filling up the DagBag from /home/airflow/.local/lib/python3.6/site-packages/airflow/example_dags/example_complex.py
[2023-12-22 20:48:56,270] {processor.py:652} INFO - DAG(s) dict_keys(['example_complex']) retrieved from /home/airflow/.local/lib/python3.6/site-packages/airflow/example_dags/example_complex.py
[2023-12-22 20:48:56,289] {logging_mixin.py:109} INFO - [2023-12-22 20:48:56,289] {dag.py:2398} INFO - Sync 1 DAGs
[2023-12-22 20:48:56,303] {logging_mixin.py:109} INFO - [2023-12-22 20:48:56,303] {dag.py:2937} INFO - Setting next_dagrun for example_complex to None
[2023-12-22 20:48:56,332] {processor.py:171} INFO - Processing /home/airflow/.local/lib/python3.6/site-packages/airflow/example_dags/example_complex.py took 0.161 seconds
[2023-12-22 20:49:26,701] {processor.py:163} INFO - Started process (PID=1257) to work on /home/airflow/.local/lib/python3.6/site-packages/airflow/example_dags/example_complex.py
[2023-12-22 20:49:26,702] {processor.py:642} INFO - Processing file /home/airflow/.local/lib/python3.6/site-packages/airflow/example_dags/example_complex.py for tasks to queue
[2023-12-22 20:49:26,703] {logging_mixin.py:109} INFO - [2023-12-22 20:49:26,703] {dagbag.py:500} INFO - Filling up the DagBag from /home/airflow/.local/lib/python3.6/site-packages/airflow/example_dags/example_complex.py
[2023-12-22 20:49:26,812] {processor.py:652} INFO - DAG(s) dict_keys(['example_complex']) retrieved from /home/airflow/.local/lib/python3.6/site-packages/airflow/example_dags/example_complex.py
[2023-12-22 20:49:26,887] {logging_mixin.py:109} INFO - [2023-12-22 20:49:26,887] {dag.py:2398} INFO - Sync 1 DAGs
[2023-12-22 20:49:26,906] {logging_mixin.py:109} INFO - [2023-12-22 20:49:26,906] {dag.py:2937} INFO - Setting next_dagrun for example_complex to None
[2023-12-22 20:49:26,914] {processor.py:171} INFO - Processing /home/airflow/.local/lib/python3.6/site-packages/airflow/example_dags/example_complex.py took 0.216 seconds
[2023-12-22 20:49:57,221] {processor.py:163} INFO - Started process (PID=1320) to work on /home/airflow/.local/lib/python3.6/site-packages/airflow/example_dags/example_complex.py
[2023-12-22 20:49:57,223] {processor.py:642} INFO - Processing file /home/airflow/.local/lib/python3.6/site-packages/airflow/example_dags/example_complex.py for tasks to queue
[2023-12-22 20:49:57,225] {logging_mixin.py:109} INFO - [2023-12-22 20:49:57,225] {dagbag.py:500} INFO - Filling up the DagBag from /home/airflow/.local/lib/python3.6/site-packages/airflow/example_dags/example_complex.py
[2023-12-22 20:49:57,248] {processor.py:652} INFO - DAG(s) dict_keys(['example_complex']) retrieved from /home/airflow/.local/lib/python3.6/site-packages/airflow/example_dags/example_complex.py
[2023-12-22 20:49:57,275] {logging_mixin.py:109} INFO - [2023-12-22 20:49:57,275] {dag.py:2398} INFO - Sync 1 DAGs
[2023-12-22 20:49:57,292] {logging_mixin.py:109} INFO - [2023-12-22 20:49:57,292] {dag.py:2937} INFO - Setting next_dagrun for example_complex to None
[2023-12-22 20:49:57,302] {processor.py:171} INFO - Processing /home/airflow/.local/lib/python3.6/site-packages/airflow/example_dags/example_complex.py took 0.083 seconds
[2023-12-22 20:50:27,384] {processor.py:163} INFO - Started process (PID=1383) to work on /home/airflow/.local/lib/python3.6/site-packages/airflow/example_dags/example_complex.py
[2023-12-22 20:50:27,385] {processor.py:642} INFO - Processing file /home/airflow/.local/lib/python3.6/site-packages/airflow/example_dags/example_complex.py for tasks to queue
[2023-12-22 20:50:27,385] {logging_mixin.py:109} INFO - [2023-12-22 20:50:27,385] {dagbag.py:500} INFO - Filling up the DagBag from /home/airflow/.local/lib/python3.6/site-packages/airflow/example_dags/example_complex.py
[2023-12-22 20:50:27,406] {processor.py:652} INFO - DAG(s) dict_keys(['example_complex']) retrieved from /home/airflow/.local/lib/python3.6/site-packages/airflow/example_dags/example_complex.py
[2023-12-22 20:50:27,426] {logging_mixin.py:109} INFO - [2023-12-22 20:50:27,426] {dag.py:2398} INFO - Sync 1 DAGs
[2023-12-22 20:50:27,442] {logging_mixin.py:109} INFO - [2023-12-22 20:50:27,442] {dag.py:2937} INFO - Setting next_dagrun for example_complex to None
[2023-12-22 20:50:27,451] {processor.py:171} INFO - Processing /home/airflow/.local/lib/python3.6/site-packages/airflow/example_dags/example_complex.py took 0.069 seconds
[2023-12-22 20:50:58,426] {processor.py:163} INFO - Started process (PID=1446) to work on /home/airflow/.local/lib/python3.6/site-packages/airflow/example_dags/example_complex.py
[2023-12-22 20:50:58,428] {processor.py:642} INFO - Processing file /home/airflow/.local/lib/python3.6/site-packages/airflow/example_dags/example_complex.py for tasks to queue
[2023-12-22 20:50:58,429] {logging_mixin.py:109} INFO - [2023-12-22 20:50:58,429] {dagbag.py:500} INFO - Filling up the DagBag from /home/airflow/.local/lib/python3.6/site-packages/airflow/example_dags/example_complex.py
[2023-12-22 20:50:58,448] {processor.py:652} INFO - DAG(s) dict_keys(['example_complex']) retrieved from /home/airflow/.local/lib/python3.6/site-packages/airflow/example_dags/example_complex.py
[2023-12-22 20:50:58,470] {logging_mixin.py:109} INFO - [2023-12-22 20:50:58,470] {dag.py:2398} INFO - Sync 1 DAGs
[2023-12-22 20:50:58,484] {logging_mixin.py:109} INFO - [2023-12-22 20:50:58,484] {dag.py:2937} INFO - Setting next_dagrun for example_complex to None
[2023-12-22 20:50:58,497] {processor.py:171} INFO - Processing /home/airflow/.local/lib/python3.6/site-packages/airflow/example_dags/example_complex.py took 0.074 seconds
[2023-12-22 20:51:28,910] {processor.py:163} INFO - Started process (PID=1519) to work on /home/airflow/.local/lib/python3.6/site-packages/airflow/example_dags/example_complex.py
[2023-12-22 20:51:28,912] {processor.py:642} INFO - Processing file /home/airflow/.local/lib/python3.6/site-packages/airflow/example_dags/example_complex.py for tasks to queue
[2023-12-22 20:51:28,913] {logging_mixin.py:109} INFO - [2023-12-22 20:51:28,913] {dagbag.py:500} INFO - Filling up the DagBag from /home/airflow/.local/lib/python3.6/site-packages/airflow/example_dags/example_complex.py
[2023-12-22 20:51:28,937] {processor.py:652} INFO - DAG(s) dict_keys(['example_complex']) retrieved from /home/airflow/.local/lib/python3.6/site-packages/airflow/example_dags/example_complex.py
[2023-12-22 20:51:28,965] {logging_mixin.py:109} INFO - [2023-12-22 20:51:28,965] {dag.py:2398} INFO - Sync 1 DAGs
[2023-12-22 20:51:28,988] {logging_mixin.py:109} INFO - [2023-12-22 20:51:28,988] {dag.py:2937} INFO - Setting next_dagrun for example_complex to None
[2023-12-22 20:51:29,000] {processor.py:171} INFO - Processing /home/airflow/.local/lib/python3.6/site-packages/airflow/example_dags/example_complex.py took 0.093 seconds
[2023-12-22 20:51:59,268] {processor.py:163} INFO - Started process (PID=1584) to work on /home/airflow/.local/lib/python3.6/site-packages/airflow/example_dags/example_complex.py
[2023-12-22 20:51:59,269] {processor.py:642} INFO - Processing file /home/airflow/.local/lib/python3.6/site-packages/airflow/example_dags/example_complex.py for tasks to queue
[2023-12-22 20:51:59,270] {logging_mixin.py:109} INFO - [2023-12-22 20:51:59,270] {dagbag.py:500} INFO - Filling up the DagBag from /home/airflow/.local/lib/python3.6/site-packages/airflow/example_dags/example_complex.py
[2023-12-22 20:51:59,287] {processor.py:652} INFO - DAG(s) dict_keys(['example_complex']) retrieved from /home/airflow/.local/lib/python3.6/site-packages/airflow/example_dags/example_complex.py
[2023-12-22 20:51:59,306] {logging_mixin.py:109} INFO - [2023-12-22 20:51:59,306] {dag.py:2398} INFO - Sync 1 DAGs
[2023-12-22 20:51:59,320] {logging_mixin.py:109} INFO - [2023-12-22 20:51:59,320] {dag.py:2937} INFO - Setting next_dagrun for example_complex to None
[2023-12-22 20:51:59,349] {processor.py:171} INFO - Processing /home/airflow/.local/lib/python3.6/site-packages/airflow/example_dags/example_complex.py took 0.084 seconds
[2023-12-22 20:52:30,152] {processor.py:163} INFO - Started process (PID=1658) to work on /home/airflow/.local/lib/python3.6/site-packages/airflow/example_dags/example_complex.py
[2023-12-22 20:52:30,153] {processor.py:642} INFO - Processing file /home/airflow/.local/lib/python3.6/site-packages/airflow/example_dags/example_complex.py for tasks to queue
[2023-12-22 20:52:30,154] {logging_mixin.py:109} INFO - [2023-12-22 20:52:30,154] {dagbag.py:500} INFO - Filling up the DagBag from /home/airflow/.local/lib/python3.6/site-packages/airflow/example_dags/example_complex.py
[2023-12-22 20:52:30,187] {processor.py:652} INFO - DAG(s) dict_keys(['example_complex']) retrieved from /home/airflow/.local/lib/python3.6/site-packages/airflow/example_dags/example_complex.py
[2023-12-22 20:52:30,221] {logging_mixin.py:109} INFO - [2023-12-22 20:52:30,221] {dag.py:2398} INFO - Sync 1 DAGs
[2023-12-22 20:52:30,248] {logging_mixin.py:109} INFO - [2023-12-22 20:52:30,248] {dag.py:2937} INFO - Setting next_dagrun for example_complex to None
[2023-12-22 20:52:30,280] {processor.py:171} INFO - Processing /home/airflow/.local/lib/python3.6/site-packages/airflow/example_dags/example_complex.py took 0.132 seconds
[2023-12-22 20:53:00,725] {processor.py:163} INFO - Started process (PID=1722) to work on /home/airflow/.local/lib/python3.6/site-packages/airflow/example_dags/example_complex.py
[2023-12-22 20:53:00,726] {processor.py:642} INFO - Processing file /home/airflow/.local/lib/python3.6/site-packages/airflow/example_dags/example_complex.py for tasks to queue
[2023-12-22 20:53:00,728] {logging_mixin.py:109} INFO - [2023-12-22 20:53:00,728] {dagbag.py:500} INFO - Filling up the DagBag from /home/airflow/.local/lib/python3.6/site-packages/airflow/example_dags/example_complex.py
[2023-12-22 20:53:00,746] {processor.py:652} INFO - DAG(s) dict_keys(['example_complex']) retrieved from /home/airflow/.local/lib/python3.6/site-packages/airflow/example_dags/example_complex.py
[2023-12-22 20:53:00,775] {logging_mixin.py:109} INFO - [2023-12-22 20:53:00,774] {dag.py:2398} INFO - Sync 1 DAGs
[2023-12-22 20:53:00,794] {logging_mixin.py:109} INFO - [2023-12-22 20:53:00,794] {dag.py:2937} INFO - Setting next_dagrun for example_complex to None
[2023-12-22 20:53:00,825] {processor.py:171} INFO - Processing /home/airflow/.local/lib/python3.6/site-packages/airflow/example_dags/example_complex.py took 0.104 seconds
[2023-12-22 20:53:31,605] {processor.py:163} INFO - Started process (PID=1796) to work on /home/airflow/.local/lib/python3.6/site-packages/airflow/example_dags/example_complex.py
[2023-12-22 20:53:31,606] {processor.py:642} INFO - Processing file /home/airflow/.local/lib/python3.6/site-packages/airflow/example_dags/example_complex.py for tasks to queue
[2023-12-22 20:53:31,608] {logging_mixin.py:109} INFO - [2023-12-22 20:53:31,608] {dagbag.py:500} INFO - Filling up the DagBag from /home/airflow/.local/lib/python3.6/site-packages/airflow/example_dags/example_complex.py
[2023-12-22 20:53:31,630] {processor.py:652} INFO - DAG(s) dict_keys(['example_complex']) retrieved from /home/airflow/.local/lib/python3.6/site-packages/airflow/example_dags/example_complex.py
[2023-12-22 20:53:31,649] {logging_mixin.py:109} INFO - [2023-12-22 20:53:31,649] {dag.py:2398} INFO - Sync 1 DAGs
[2023-12-22 20:53:31,664] {logging_mixin.py:109} INFO - [2023-12-22 20:53:31,664] {dag.py:2937} INFO - Setting next_dagrun for example_complex to None
[2023-12-22 20:53:31,673] {processor.py:171} INFO - Processing /home/airflow/.local/lib/python3.6/site-packages/airflow/example_dags/example_complex.py took 0.071 seconds
[2023-12-22 20:54:01,910] {processor.py:163} INFO - Started process (PID=1860) to work on /home/airflow/.local/lib/python3.6/site-packages/airflow/example_dags/example_complex.py
[2023-12-22 20:54:01,911] {processor.py:642} INFO - Processing file /home/airflow/.local/lib/python3.6/site-packages/airflow/example_dags/example_complex.py for tasks to queue
[2023-12-22 20:54:01,912] {logging_mixin.py:109} INFO - [2023-12-22 20:54:01,912] {dagbag.py:500} INFO - Filling up the DagBag from /home/airflow/.local/lib/python3.6/site-packages/airflow/example_dags/example_complex.py
[2023-12-22 20:54:01,929] {processor.py:652} INFO - DAG(s) dict_keys(['example_complex']) retrieved from /home/airflow/.local/lib/python3.6/site-packages/airflow/example_dags/example_complex.py
[2023-12-22 20:54:01,955] {logging_mixin.py:109} INFO - [2023-12-22 20:54:01,955] {dag.py:2398} INFO - Sync 1 DAGs
[2023-12-22 20:54:01,981] {logging_mixin.py:109} INFO - [2023-12-22 20:54:01,981] {dag.py:2937} INFO - Setting next_dagrun for example_complex to None
[2023-12-22 20:54:02,000] {processor.py:171} INFO - Processing /home/airflow/.local/lib/python3.6/site-packages/airflow/example_dags/example_complex.py took 0.092 seconds
[2023-12-22 20:54:32,768] {processor.py:163} INFO - Started process (PID=1933) to work on /home/airflow/.local/lib/python3.6/site-packages/airflow/example_dags/example_complex.py
[2023-12-22 20:54:32,769] {processor.py:642} INFO - Processing file /home/airflow/.local/lib/python3.6/site-packages/airflow/example_dags/example_complex.py for tasks to queue
[2023-12-22 20:54:32,770] {logging_mixin.py:109} INFO - [2023-12-22 20:54:32,770] {dagbag.py:500} INFO - Filling up the DagBag from /home/airflow/.local/lib/python3.6/site-packages/airflow/example_dags/example_complex.py
[2023-12-22 20:54:32,802] {processor.py:652} INFO - DAG(s) dict_keys(['example_complex']) retrieved from /home/airflow/.local/lib/python3.6/site-packages/airflow/example_dags/example_complex.py
[2023-12-22 20:54:32,836] {logging_mixin.py:109} INFO - [2023-12-22 20:54:32,836] {dag.py:2398} INFO - Sync 1 DAGs
[2023-12-22 20:54:32,871] {logging_mixin.py:109} INFO - [2023-12-22 20:54:32,870] {dag.py:2937} INFO - Setting next_dagrun for example_complex to None
[2023-12-22 20:54:32,907] {processor.py:171} INFO - Processing /home/airflow/.local/lib/python3.6/site-packages/airflow/example_dags/example_complex.py took 0.142 seconds
[2023-12-22 20:55:03,272] {processor.py:163} INFO - Started process (PID=1997) to work on /home/airflow/.local/lib/python3.6/site-packages/airflow/example_dags/example_complex.py
[2023-12-22 20:55:03,273] {processor.py:642} INFO - Processing file /home/airflow/.local/lib/python3.6/site-packages/airflow/example_dags/example_complex.py for tasks to queue
[2023-12-22 20:55:03,273] {logging_mixin.py:109} INFO - [2023-12-22 20:55:03,273] {dagbag.py:500} INFO - Filling up the DagBag from /home/airflow/.local/lib/python3.6/site-packages/airflow/example_dags/example_complex.py
[2023-12-22 20:55:03,293] {processor.py:652} INFO - DAG(s) dict_keys(['example_complex']) retrieved from /home/airflow/.local/lib/python3.6/site-packages/airflow/example_dags/example_complex.py
[2023-12-22 20:55:03,312] {logging_mixin.py:109} INFO - [2023-12-22 20:55:03,312] {dag.py:2398} INFO - Sync 1 DAGs
[2023-12-22 20:55:03,327] {logging_mixin.py:109} INFO - [2023-12-22 20:55:03,327] {dag.py:2937} INFO - Setting next_dagrun for example_complex to None
[2023-12-22 20:55:03,335] {processor.py:171} INFO - Processing /home/airflow/.local/lib/python3.6/site-packages/airflow/example_dags/example_complex.py took 0.066 seconds
[2023-12-22 20:55:33,735] {processor.py:163} INFO - Started process (PID=2071) to work on /home/airflow/.local/lib/python3.6/site-packages/airflow/example_dags/example_complex.py
[2023-12-22 20:55:33,736] {processor.py:642} INFO - Processing file /home/airflow/.local/lib/python3.6/site-packages/airflow/example_dags/example_complex.py for tasks to queue
[2023-12-22 20:55:33,736] {logging_mixin.py:109} INFO - [2023-12-22 20:55:33,736] {dagbag.py:500} INFO - Filling up the DagBag from /home/airflow/.local/lib/python3.6/site-packages/airflow/example_dags/example_complex.py
[2023-12-22 20:55:33,755] {processor.py:652} INFO - DAG(s) dict_keys(['example_complex']) retrieved from /home/airflow/.local/lib/python3.6/site-packages/airflow/example_dags/example_complex.py
[2023-12-22 20:55:33,773] {logging_mixin.py:109} INFO - [2023-12-22 20:55:33,773] {dag.py:2398} INFO - Sync 1 DAGs
[2023-12-22 20:55:33,786] {logging_mixin.py:109} INFO - [2023-12-22 20:55:33,786] {dag.py:2937} INFO - Setting next_dagrun for example_complex to None
[2023-12-22 20:55:33,793] {processor.py:171} INFO - Processing /home/airflow/.local/lib/python3.6/site-packages/airflow/example_dags/example_complex.py took 0.060 seconds
[2023-12-22 20:56:04,045] {processor.py:163} INFO - Started process (PID=2142) to work on /home/airflow/.local/lib/python3.6/site-packages/airflow/example_dags/example_complex.py
[2023-12-22 20:56:04,046] {processor.py:642} INFO - Processing file /home/airflow/.local/lib/python3.6/site-packages/airflow/example_dags/example_complex.py for tasks to queue
[2023-12-22 20:56:04,046] {logging_mixin.py:109} INFO - [2023-12-22 20:56:04,046] {dagbag.py:500} INFO - Filling up the DagBag from /home/airflow/.local/lib/python3.6/site-packages/airflow/example_dags/example_complex.py
[2023-12-22 20:56:04,063] {processor.py:652} INFO - DAG(s) dict_keys(['example_complex']) retrieved from /home/airflow/.local/lib/python3.6/site-packages/airflow/example_dags/example_complex.py
[2023-12-22 20:56:04,081] {logging_mixin.py:109} INFO - [2023-12-22 20:56:04,081] {dag.py:2398} INFO - Sync 1 DAGs
[2023-12-22 20:56:04,098] {logging_mixin.py:109} INFO - [2023-12-22 20:56:04,097] {dag.py:2937} INFO - Setting next_dagrun for example_complex to None
[2023-12-22 20:56:04,106] {processor.py:171} INFO - Processing /home/airflow/.local/lib/python3.6/site-packages/airflow/example_dags/example_complex.py took 0.064 seconds
[2023-12-22 20:56:34,495] {processor.py:163} INFO - Started process (PID=2206) to work on /home/airflow/.local/lib/python3.6/site-packages/airflow/example_dags/example_complex.py
[2023-12-22 20:56:34,508] {processor.py:642} INFO - Processing file /home/airflow/.local/lib/python3.6/site-packages/airflow/example_dags/example_complex.py for tasks to queue
[2023-12-22 20:56:34,509] {logging_mixin.py:109} INFO - [2023-12-22 20:56:34,509] {dagbag.py:500} INFO - Filling up the DagBag from /home/airflow/.local/lib/python3.6/site-packages/airflow/example_dags/example_complex.py
[2023-12-22 20:56:34,528] {processor.py:652} INFO - DAG(s) dict_keys(['example_complex']) retrieved from /home/airflow/.local/lib/python3.6/site-packages/airflow/example_dags/example_complex.py
[2023-12-22 20:56:34,549] {logging_mixin.py:109} INFO - [2023-12-22 20:56:34,549] {dag.py:2398} INFO - Sync 1 DAGs
[2023-12-22 20:56:34,564] {logging_mixin.py:109} INFO - [2023-12-22 20:56:34,564] {dag.py:2937} INFO - Setting next_dagrun for example_complex to None
[2023-12-22 20:56:34,575] {processor.py:171} INFO - Processing /home/airflow/.local/lib/python3.6/site-packages/airflow/example_dags/example_complex.py took 0.084 seconds
[2023-12-22 20:57:04,753] {processor.py:163} INFO - Started process (PID=2280) to work on /home/airflow/.local/lib/python3.6/site-packages/airflow/example_dags/example_complex.py
[2023-12-22 20:57:04,754] {processor.py:642} INFO - Processing file /home/airflow/.local/lib/python3.6/site-packages/airflow/example_dags/example_complex.py for tasks to queue
[2023-12-22 20:57:04,755] {logging_mixin.py:109} INFO - [2023-12-22 20:57:04,755] {dagbag.py:500} INFO - Filling up the DagBag from /home/airflow/.local/lib/python3.6/site-packages/airflow/example_dags/example_complex.py
[2023-12-22 20:57:04,779] {processor.py:652} INFO - DAG(s) dict_keys(['example_complex']) retrieved from /home/airflow/.local/lib/python3.6/site-packages/airflow/example_dags/example_complex.py
[2023-12-22 20:57:04,817] {logging_mixin.py:109} INFO - [2023-12-22 20:57:04,817] {dag.py:2398} INFO - Sync 1 DAGs
[2023-12-22 20:57:04,842] {logging_mixin.py:109} INFO - [2023-12-22 20:57:04,842] {dag.py:2937} INFO - Setting next_dagrun for example_complex to None
[2023-12-22 20:57:04,862] {processor.py:171} INFO - Processing /home/airflow/.local/lib/python3.6/site-packages/airflow/example_dags/example_complex.py took 0.112 seconds
[2023-12-22 20:57:34,983] {processor.py:163} INFO - Started process (PID=2344) to work on /home/airflow/.local/lib/python3.6/site-packages/airflow/example_dags/example_complex.py
[2023-12-22 20:57:34,984] {processor.py:642} INFO - Processing file /home/airflow/.local/lib/python3.6/site-packages/airflow/example_dags/example_complex.py for tasks to queue
[2023-12-22 20:57:34,985] {logging_mixin.py:109} INFO - [2023-12-22 20:57:34,985] {dagbag.py:500} INFO - Filling up the DagBag from /home/airflow/.local/lib/python3.6/site-packages/airflow/example_dags/example_complex.py
[2023-12-22 20:57:35,002] {processor.py:652} INFO - DAG(s) dict_keys(['example_complex']) retrieved from /home/airflow/.local/lib/python3.6/site-packages/airflow/example_dags/example_complex.py
[2023-12-22 20:57:35,020] {logging_mixin.py:109} INFO - [2023-12-22 20:57:35,020] {dag.py:2398} INFO - Sync 1 DAGs
[2023-12-22 20:57:35,033] {logging_mixin.py:109} INFO - [2023-12-22 20:57:35,033] {dag.py:2937} INFO - Setting next_dagrun for example_complex to None
[2023-12-22 20:57:35,041] {processor.py:171} INFO - Processing /home/airflow/.local/lib/python3.6/site-packages/airflow/example_dags/example_complex.py took 0.060 seconds
[2023-12-22 20:58:05,913] {processor.py:163} INFO - Started process (PID=2417) to work on /home/airflow/.local/lib/python3.6/site-packages/airflow/example_dags/example_complex.py
[2023-12-22 20:58:05,915] {processor.py:642} INFO - Processing file /home/airflow/.local/lib/python3.6/site-packages/airflow/example_dags/example_complex.py for tasks to queue
[2023-12-22 20:58:05,916] {logging_mixin.py:109} INFO - [2023-12-22 20:58:05,916] {dagbag.py:500} INFO - Filling up the DagBag from /home/airflow/.local/lib/python3.6/site-packages/airflow/example_dags/example_complex.py
[2023-12-22 20:58:05,951] {processor.py:652} INFO - DAG(s) dict_keys(['example_complex']) retrieved from /home/airflow/.local/lib/python3.6/site-packages/airflow/example_dags/example_complex.py
[2023-12-22 20:58:05,993] {logging_mixin.py:109} INFO - [2023-12-22 20:58:05,993] {dag.py:2398} INFO - Sync 1 DAGs
[2023-12-22 20:58:06,028] {logging_mixin.py:109} INFO - [2023-12-22 20:58:06,028] {dag.py:2937} INFO - Setting next_dagrun for example_complex to None
[2023-12-22 20:58:06,047] {processor.py:171} INFO - Processing /home/airflow/.local/lib/python3.6/site-packages/airflow/example_dags/example_complex.py took 0.138 seconds
[2023-12-22 20:58:36,402] {processor.py:163} INFO - Started process (PID=2481) to work on /home/airflow/.local/lib/python3.6/site-packages/airflow/example_dags/example_complex.py
[2023-12-22 20:58:36,405] {processor.py:642} INFO - Processing file /home/airflow/.local/lib/python3.6/site-packages/airflow/example_dags/example_complex.py for tasks to queue
[2023-12-22 20:58:36,409] {logging_mixin.py:109} INFO - [2023-12-22 20:58:36,409] {dagbag.py:500} INFO - Filling up the DagBag from /home/airflow/.local/lib/python3.6/site-packages/airflow/example_dags/example_complex.py
[2023-12-22 20:58:36,447] {processor.py:652} INFO - DAG(s) dict_keys(['example_complex']) retrieved from /home/airflow/.local/lib/python3.6/site-packages/airflow/example_dags/example_complex.py
[2023-12-22 20:58:36,483] {logging_mixin.py:109} INFO - [2023-12-22 20:58:36,483] {dag.py:2398} INFO - Sync 1 DAGs
[2023-12-22 20:58:36,514] {logging_mixin.py:109} INFO - [2023-12-22 20:58:36,514] {dag.py:2937} INFO - Setting next_dagrun for example_complex to None
[2023-12-22 20:58:36,532] {processor.py:171} INFO - Processing /home/airflow/.local/lib/python3.6/site-packages/airflow/example_dags/example_complex.py took 0.134 seconds
[2023-12-22 20:59:06,629] {processor.py:163} INFO - Started process (PID=2545) to work on /home/airflow/.local/lib/python3.6/site-packages/airflow/example_dags/example_complex.py
[2023-12-22 20:59:06,632] {processor.py:642} INFO - Processing file /home/airflow/.local/lib/python3.6/site-packages/airflow/example_dags/example_complex.py for tasks to queue
[2023-12-22 20:59:06,634] {logging_mixin.py:109} INFO - [2023-12-22 20:59:06,634] {dagbag.py:500} INFO - Filling up the DagBag from /home/airflow/.local/lib/python3.6/site-packages/airflow/example_dags/example_complex.py
[2023-12-22 20:59:06,709] {processor.py:652} INFO - DAG(s) dict_keys(['example_complex']) retrieved from /home/airflow/.local/lib/python3.6/site-packages/airflow/example_dags/example_complex.py
[2023-12-22 20:59:06,789] {logging_mixin.py:109} INFO - [2023-12-22 20:59:06,788] {dag.py:2398} INFO - Sync 1 DAGs
[2023-12-22 20:59:06,859] {logging_mixin.py:109} INFO - [2023-12-22 20:59:06,859] {dag.py:2937} INFO - Setting next_dagrun for example_complex to None
[2023-12-22 20:59:06,890] {processor.py:171} INFO - Processing /home/airflow/.local/lib/python3.6/site-packages/airflow/example_dags/example_complex.py took 0.267 seconds
[2023-12-22 20:59:37,690] {processor.py:163} INFO - Started process (PID=2609) to work on /home/airflow/.local/lib/python3.6/site-packages/airflow/example_dags/example_complex.py
[2023-12-22 20:59:37,692] {processor.py:642} INFO - Processing file /home/airflow/.local/lib/python3.6/site-packages/airflow/example_dags/example_complex.py for tasks to queue
[2023-12-22 20:59:37,700] {logging_mixin.py:109} INFO - [2023-12-22 20:59:37,699] {dagbag.py:500} INFO - Filling up the DagBag from /home/airflow/.local/lib/python3.6/site-packages/airflow/example_dags/example_complex.py
[2023-12-22 20:59:37,765] {processor.py:652} INFO - DAG(s) dict_keys(['example_complex']) retrieved from /home/airflow/.local/lib/python3.6/site-packages/airflow/example_dags/example_complex.py
[2023-12-22 20:59:37,825] {logging_mixin.py:109} INFO - [2023-12-22 20:59:37,825] {dag.py:2398} INFO - Sync 1 DAGs
[2023-12-22 20:59:37,862] {logging_mixin.py:109} INFO - [2023-12-22 20:59:37,862] {dag.py:2937} INFO - Setting next_dagrun for example_complex to None
[2023-12-22 20:59:37,879] {processor.py:171} INFO - Processing /home/airflow/.local/lib/python3.6/site-packages/airflow/example_dags/example_complex.py took 0.201 seconds
[2023-12-22 21:00:08,462] {processor.py:163} INFO - Started process (PID=2673) to work on /home/airflow/.local/lib/python3.6/site-packages/airflow/example_dags/example_complex.py
[2023-12-22 21:00:08,468] {processor.py:642} INFO - Processing file /home/airflow/.local/lib/python3.6/site-packages/airflow/example_dags/example_complex.py for tasks to queue
[2023-12-22 21:00:08,472] {logging_mixin.py:109} INFO - [2023-12-22 21:00:08,472] {dagbag.py:500} INFO - Filling up the DagBag from /home/airflow/.local/lib/python3.6/site-packages/airflow/example_dags/example_complex.py
[2023-12-22 21:00:08,524] {processor.py:652} INFO - DAG(s) dict_keys(['example_complex']) retrieved from /home/airflow/.local/lib/python3.6/site-packages/airflow/example_dags/example_complex.py
[2023-12-22 21:00:08,576] {logging_mixin.py:109} INFO - [2023-12-22 21:00:08,576] {dag.py:2398} INFO - Sync 1 DAGs
[2023-12-22 21:00:08,611] {logging_mixin.py:109} INFO - [2023-12-22 21:00:08,611] {dag.py:2937} INFO - Setting next_dagrun for example_complex to None
[2023-12-22 21:00:08,635] {processor.py:171} INFO - Processing /home/airflow/.local/lib/python3.6/site-packages/airflow/example_dags/example_complex.py took 0.179 seconds
[2023-12-22 21:00:38,773] {processor.py:163} INFO - Started process (PID=2737) to work on /home/airflow/.local/lib/python3.6/site-packages/airflow/example_dags/example_complex.py
[2023-12-22 21:00:38,779] {processor.py:642} INFO - Processing file /home/airflow/.local/lib/python3.6/site-packages/airflow/example_dags/example_complex.py for tasks to queue
[2023-12-22 21:00:38,782] {logging_mixin.py:109} INFO - [2023-12-22 21:00:38,782] {dagbag.py:500} INFO - Filling up the DagBag from /home/airflow/.local/lib/python3.6/site-packages/airflow/example_dags/example_complex.py
[2023-12-22 21:00:38,847] {processor.py:652} INFO - DAG(s) dict_keys(['example_complex']) retrieved from /home/airflow/.local/lib/python3.6/site-packages/airflow/example_dags/example_complex.py
[2023-12-22 21:00:38,918] {logging_mixin.py:109} INFO - [2023-12-22 21:00:38,918] {dag.py:2398} INFO - Sync 1 DAGs
[2023-12-22 21:00:38,974] {logging_mixin.py:109} INFO - [2023-12-22 21:00:38,974] {dag.py:2937} INFO - Setting next_dagrun for example_complex to None
[2023-12-22 21:00:39,006] {processor.py:171} INFO - Processing /home/airflow/.local/lib/python3.6/site-packages/airflow/example_dags/example_complex.py took 0.241 seconds
[2023-12-22 21:01:09,080] {processor.py:163} INFO - Started process (PID=2801) to work on /home/airflow/.local/lib/python3.6/site-packages/airflow/example_dags/example_complex.py
[2023-12-22 21:01:09,082] {processor.py:642} INFO - Processing file /home/airflow/.local/lib/python3.6/site-packages/airflow/example_dags/example_complex.py for tasks to queue
[2023-12-22 21:01:09,083] {logging_mixin.py:109} INFO - [2023-12-22 21:01:09,083] {dagbag.py:500} INFO - Filling up the DagBag from /home/airflow/.local/lib/python3.6/site-packages/airflow/example_dags/example_complex.py
[2023-12-22 21:01:09,110] {processor.py:652} INFO - DAG(s) dict_keys(['example_complex']) retrieved from /home/airflow/.local/lib/python3.6/site-packages/airflow/example_dags/example_complex.py
[2023-12-22 21:01:09,145] {logging_mixin.py:109} INFO - [2023-12-22 21:01:09,145] {dag.py:2398} INFO - Sync 1 DAGs
[2023-12-22 21:01:09,183] {logging_mixin.py:109} INFO - [2023-12-22 21:01:09,183] {dag.py:2937} INFO - Setting next_dagrun for example_complex to None
[2023-12-22 21:01:09,194] {processor.py:171} INFO - Processing /home/airflow/.local/lib/python3.6/site-packages/airflow/example_dags/example_complex.py took 0.118 seconds
[2023-12-22 21:01:40,354] {processor.py:163} INFO - Started process (PID=2875) to work on /home/airflow/.local/lib/python3.6/site-packages/airflow/example_dags/example_complex.py
[2023-12-22 21:01:40,356] {processor.py:642} INFO - Processing file /home/airflow/.local/lib/python3.6/site-packages/airflow/example_dags/example_complex.py for tasks to queue
[2023-12-22 21:01:40,363] {logging_mixin.py:109} INFO - [2023-12-22 21:01:40,363] {dagbag.py:500} INFO - Filling up the DagBag from /home/airflow/.local/lib/python3.6/site-packages/airflow/example_dags/example_complex.py
[2023-12-22 21:01:40,396] {processor.py:652} INFO - DAG(s) dict_keys(['example_complex']) retrieved from /home/airflow/.local/lib/python3.6/site-packages/airflow/example_dags/example_complex.py
[2023-12-22 21:01:40,433] {logging_mixin.py:109} INFO - [2023-12-22 21:01:40,433] {dag.py:2398} INFO - Sync 1 DAGs
[2023-12-22 21:01:40,458] {logging_mixin.py:109} INFO - [2023-12-22 21:01:40,458] {dag.py:2937} INFO - Setting next_dagrun for example_complex to None
[2023-12-22 21:01:40,474] {processor.py:171} INFO - Processing /home/airflow/.local/lib/python3.6/site-packages/airflow/example_dags/example_complex.py took 0.124 seconds
[2023-12-22 21:02:10,753] {processor.py:163} INFO - Started process (PID=2939) to work on /home/airflow/.local/lib/python3.6/site-packages/airflow/example_dags/example_complex.py
[2023-12-22 21:02:10,754] {processor.py:642} INFO - Processing file /home/airflow/.local/lib/python3.6/site-packages/airflow/example_dags/example_complex.py for tasks to queue
[2023-12-22 21:02:10,755] {logging_mixin.py:109} INFO - [2023-12-22 21:02:10,755] {dagbag.py:500} INFO - Filling up the DagBag from /home/airflow/.local/lib/python3.6/site-packages/airflow/example_dags/example_complex.py
[2023-12-22 21:02:10,776] {processor.py:652} INFO - DAG(s) dict_keys(['example_complex']) retrieved from /home/airflow/.local/lib/python3.6/site-packages/airflow/example_dags/example_complex.py
[2023-12-22 21:02:10,800] {logging_mixin.py:109} INFO - [2023-12-22 21:02:10,800] {dag.py:2398} INFO - Sync 1 DAGs
[2023-12-22 21:02:10,827] {logging_mixin.py:109} INFO - [2023-12-22 21:02:10,827] {dag.py:2937} INFO - Setting next_dagrun for example_complex to None
[2023-12-22 21:02:10,837] {processor.py:171} INFO - Processing /home/airflow/.local/lib/python3.6/site-packages/airflow/example_dags/example_complex.py took 0.086 seconds
[2023-12-22 21:02:41,849] {processor.py:163} INFO - Started process (PID=3014) to work on /home/airflow/.local/lib/python3.6/site-packages/airflow/example_dags/example_complex.py
[2023-12-22 21:02:41,851] {processor.py:642} INFO - Processing file /home/airflow/.local/lib/python3.6/site-packages/airflow/example_dags/example_complex.py for tasks to queue
[2023-12-22 21:02:41,852] {logging_mixin.py:109} INFO - [2023-12-22 21:02:41,851] {dagbag.py:500} INFO - Filling up the DagBag from /home/airflow/.local/lib/python3.6/site-packages/airflow/example_dags/example_complex.py
[2023-12-22 21:02:41,875] {processor.py:652} INFO - DAG(s) dict_keys(['example_complex']) retrieved from /home/airflow/.local/lib/python3.6/site-packages/airflow/example_dags/example_complex.py
[2023-12-22 21:02:41,899] {logging_mixin.py:109} INFO - [2023-12-22 21:02:41,899] {dag.py:2398} INFO - Sync 1 DAGs
[2023-12-22 21:02:41,915] {logging_mixin.py:109} INFO - [2023-12-22 21:02:41,914] {dag.py:2937} INFO - Setting next_dagrun for example_complex to None
[2023-12-22 21:02:41,923] {processor.py:171} INFO - Processing /home/airflow/.local/lib/python3.6/site-packages/airflow/example_dags/example_complex.py took 0.077 seconds
[2023-12-22 21:03:12,440] {processor.py:163} INFO - Started process (PID=3078) to work on /home/airflow/.local/lib/python3.6/site-packages/airflow/example_dags/example_complex.py
[2023-12-22 21:03:12,441] {processor.py:642} INFO - Processing file /home/airflow/.local/lib/python3.6/site-packages/airflow/example_dags/example_complex.py for tasks to queue
[2023-12-22 21:03:12,442] {logging_mixin.py:109} INFO - [2023-12-22 21:03:12,442] {dagbag.py:500} INFO - Filling up the DagBag from /home/airflow/.local/lib/python3.6/site-packages/airflow/example_dags/example_complex.py
[2023-12-22 21:03:12,459] {processor.py:652} INFO - DAG(s) dict_keys(['example_complex']) retrieved from /home/airflow/.local/lib/python3.6/site-packages/airflow/example_dags/example_complex.py
[2023-12-22 21:03:12,477] {logging_mixin.py:109} INFO - [2023-12-22 21:03:12,477] {dag.py:2398} INFO - Sync 1 DAGs
[2023-12-22 21:03:12,490] {logging_mixin.py:109} INFO - [2023-12-22 21:03:12,490] {dag.py:2937} INFO - Setting next_dagrun for example_complex to None
[2023-12-22 21:03:12,497] {processor.py:171} INFO - Processing /home/airflow/.local/lib/python3.6/site-packages/airflow/example_dags/example_complex.py took 0.061 seconds
[2023-12-22 21:03:43,662] {processor.py:163} INFO - Started process (PID=3151) to work on /home/airflow/.local/lib/python3.6/site-packages/airflow/example_dags/example_complex.py
[2023-12-22 21:03:43,663] {processor.py:642} INFO - Processing file /home/airflow/.local/lib/python3.6/site-packages/airflow/example_dags/example_complex.py for tasks to queue
[2023-12-22 21:03:43,664] {logging_mixin.py:109} INFO - [2023-12-22 21:03:43,664] {dagbag.py:500} INFO - Filling up the DagBag from /home/airflow/.local/lib/python3.6/site-packages/airflow/example_dags/example_complex.py
[2023-12-22 21:03:43,690] {processor.py:652} INFO - DAG(s) dict_keys(['example_complex']) retrieved from /home/airflow/.local/lib/python3.6/site-packages/airflow/example_dags/example_complex.py
[2023-12-22 21:03:43,714] {logging_mixin.py:109} INFO - [2023-12-22 21:03:43,714] {dag.py:2398} INFO - Sync 1 DAGs
[2023-12-22 21:03:43,730] {logging_mixin.py:109} INFO - [2023-12-22 21:03:43,730] {dag.py:2937} INFO - Setting next_dagrun for example_complex to None
[2023-12-22 21:03:43,741] {processor.py:171} INFO - Processing /home/airflow/.local/lib/python3.6/site-packages/airflow/example_dags/example_complex.py took 0.082 seconds
[2023-12-22 21:04:14,861] {processor.py:163} INFO - Started process (PID=3225) to work on /home/airflow/.local/lib/python3.6/site-packages/airflow/example_dags/example_complex.py
[2023-12-22 21:04:14,862] {processor.py:642} INFO - Processing file /home/airflow/.local/lib/python3.6/site-packages/airflow/example_dags/example_complex.py for tasks to queue
[2023-12-22 21:04:14,863] {logging_mixin.py:109} INFO - [2023-12-22 21:04:14,863] {dagbag.py:500} INFO - Filling up the DagBag from /home/airflow/.local/lib/python3.6/site-packages/airflow/example_dags/example_complex.py
[2023-12-22 21:04:14,888] {processor.py:652} INFO - DAG(s) dict_keys(['example_complex']) retrieved from /home/airflow/.local/lib/python3.6/site-packages/airflow/example_dags/example_complex.py
[2023-12-22 21:04:14,909] {logging_mixin.py:109} INFO - [2023-12-22 21:04:14,909] {dag.py:2398} INFO - Sync 1 DAGs
[2023-12-22 21:04:14,926] {logging_mixin.py:109} INFO - [2023-12-22 21:04:14,926] {dag.py:2937} INFO - Setting next_dagrun for example_complex to None
[2023-12-22 21:04:14,937] {processor.py:171} INFO - Processing /home/airflow/.local/lib/python3.6/site-packages/airflow/example_dags/example_complex.py took 0.080 seconds
[2023-12-22 21:04:45,145] {processor.py:163} INFO - Started process (PID=3289) to work on /home/airflow/.local/lib/python3.6/site-packages/airflow/example_dags/example_complex.py
[2023-12-22 21:04:45,146] {processor.py:642} INFO - Processing file /home/airflow/.local/lib/python3.6/site-packages/airflow/example_dags/example_complex.py for tasks to queue
[2023-12-22 21:04:45,146] {logging_mixin.py:109} INFO - [2023-12-22 21:04:45,146] {dagbag.py:500} INFO - Filling up the DagBag from /home/airflow/.local/lib/python3.6/site-packages/airflow/example_dags/example_complex.py
[2023-12-22 21:04:45,163] {processor.py:652} INFO - DAG(s) dict_keys(['example_complex']) retrieved from /home/airflow/.local/lib/python3.6/site-packages/airflow/example_dags/example_complex.py
[2023-12-22 21:04:45,187] {logging_mixin.py:109} INFO - [2023-12-22 21:04:45,187] {dag.py:2398} INFO - Sync 1 DAGs
[2023-12-22 21:04:45,203] {logging_mixin.py:109} INFO - [2023-12-22 21:04:45,203] {dag.py:2937} INFO - Setting next_dagrun for example_complex to None
[2023-12-22 21:04:45,214] {processor.py:171} INFO - Processing /home/airflow/.local/lib/python3.6/site-packages/airflow/example_dags/example_complex.py took 0.071 seconds
[2023-12-22 21:05:16,362] {processor.py:163} INFO - Started process (PID=3363) to work on /home/airflow/.local/lib/python3.6/site-packages/airflow/example_dags/example_complex.py
[2023-12-22 21:05:16,364] {processor.py:642} INFO - Processing file /home/airflow/.local/lib/python3.6/site-packages/airflow/example_dags/example_complex.py for tasks to queue
[2023-12-22 21:05:16,364] {logging_mixin.py:109} INFO - [2023-12-22 21:05:16,364] {dagbag.py:500} INFO - Filling up the DagBag from /home/airflow/.local/lib/python3.6/site-packages/airflow/example_dags/example_complex.py
[2023-12-22 21:05:16,389] {processor.py:652} INFO - DAG(s) dict_keys(['example_complex']) retrieved from /home/airflow/.local/lib/python3.6/site-packages/airflow/example_dags/example_complex.py
[2023-12-22 21:05:16,409] {logging_mixin.py:109} INFO - [2023-12-22 21:05:16,409] {dag.py:2398} INFO - Sync 1 DAGs
[2023-12-22 21:05:16,419] {logging_mixin.py:109} INFO - [2023-12-22 21:05:16,419] {dag.py:2937} INFO - Setting next_dagrun for example_complex to None
[2023-12-22 21:05:16,427] {processor.py:171} INFO - Processing /home/airflow/.local/lib/python3.6/site-packages/airflow/example_dags/example_complex.py took 0.072 seconds
[2023-12-22 21:05:46,678] {processor.py:163} INFO - Started process (PID=3427) to work on /home/airflow/.local/lib/python3.6/site-packages/airflow/example_dags/example_complex.py
[2023-12-22 21:05:46,680] {processor.py:642} INFO - Processing file /home/airflow/.local/lib/python3.6/site-packages/airflow/example_dags/example_complex.py for tasks to queue
[2023-12-22 21:05:46,681] {logging_mixin.py:109} INFO - [2023-12-22 21:05:46,681] {dagbag.py:500} INFO - Filling up the DagBag from /home/airflow/.local/lib/python3.6/site-packages/airflow/example_dags/example_complex.py
[2023-12-22 21:05:46,708] {processor.py:652} INFO - DAG(s) dict_keys(['example_complex']) retrieved from /home/airflow/.local/lib/python3.6/site-packages/airflow/example_dags/example_complex.py
[2023-12-22 21:05:46,794] {logging_mixin.py:109} INFO - [2023-12-22 21:05:46,794] {dag.py:2398} INFO - Sync 1 DAGs
[2023-12-22 21:05:46,868] {logging_mixin.py:109} INFO - [2023-12-22 21:05:46,868] {dag.py:2937} INFO - Setting next_dagrun for example_complex to None
[2023-12-22 21:05:46,900] {processor.py:171} INFO - Processing /home/airflow/.local/lib/python3.6/site-packages/airflow/example_dags/example_complex.py took 0.224 seconds
[2023-12-22 21:06:17,045] {processor.py:163} INFO - Started process (PID=3501) to work on /home/airflow/.local/lib/python3.6/site-packages/airflow/example_dags/example_complex.py
[2023-12-22 21:06:17,046] {processor.py:642} INFO - Processing file /home/airflow/.local/lib/python3.6/site-packages/airflow/example_dags/example_complex.py for tasks to queue
[2023-12-22 21:06:17,047] {logging_mixin.py:109} INFO - [2023-12-22 21:06:17,046] {dagbag.py:500} INFO - Filling up the DagBag from /home/airflow/.local/lib/python3.6/site-packages/airflow/example_dags/example_complex.py
[2023-12-22 21:06:17,067] {processor.py:652} INFO - DAG(s) dict_keys(['example_complex']) retrieved from /home/airflow/.local/lib/python3.6/site-packages/airflow/example_dags/example_complex.py
[2023-12-22 21:06:17,086] {logging_mixin.py:109} INFO - [2023-12-22 21:06:17,086] {dag.py:2398} INFO - Sync 1 DAGs
[2023-12-22 21:06:17,100] {logging_mixin.py:109} INFO - [2023-12-22 21:06:17,100] {dag.py:2937} INFO - Setting next_dagrun for example_complex to None
[2023-12-22 21:06:17,109] {processor.py:171} INFO - Processing /home/airflow/.local/lib/python3.6/site-packages/airflow/example_dags/example_complex.py took 0.067 seconds
[2023-12-22 21:06:48,151] {processor.py:163} INFO - Started process (PID=3565) to work on /home/airflow/.local/lib/python3.6/site-packages/airflow/example_dags/example_complex.py
[2023-12-22 21:06:48,152] {processor.py:642} INFO - Processing file /home/airflow/.local/lib/python3.6/site-packages/airflow/example_dags/example_complex.py for tasks to queue
[2023-12-22 21:06:48,153] {logging_mixin.py:109} INFO - [2023-12-22 21:06:48,153] {dagbag.py:500} INFO - Filling up the DagBag from /home/airflow/.local/lib/python3.6/site-packages/airflow/example_dags/example_complex.py
[2023-12-22 21:06:48,179] {processor.py:652} INFO - DAG(s) dict_keys(['example_complex']) retrieved from /home/airflow/.local/lib/python3.6/site-packages/airflow/example_dags/example_complex.py
[2023-12-22 21:06:48,212] {logging_mixin.py:109} INFO - [2023-12-22 21:06:48,212] {dag.py:2398} INFO - Sync 1 DAGs
[2023-12-22 21:06:48,232] {logging_mixin.py:109} INFO - [2023-12-22 21:06:48,232] {dag.py:2937} INFO - Setting next_dagrun for example_complex to None
[2023-12-22 21:06:48,247] {processor.py:171} INFO - Processing /home/airflow/.local/lib/python3.6/site-packages/airflow/example_dags/example_complex.py took 0.099 seconds
[2023-12-22 21:07:18,383] {processor.py:163} INFO - Started process (PID=3639) to work on /home/airflow/.local/lib/python3.6/site-packages/airflow/example_dags/example_complex.py
[2023-12-22 21:07:18,385] {processor.py:642} INFO - Processing file /home/airflow/.local/lib/python3.6/site-packages/airflow/example_dags/example_complex.py for tasks to queue
[2023-12-22 21:07:18,386] {logging_mixin.py:109} INFO - [2023-12-22 21:07:18,386] {dagbag.py:500} INFO - Filling up the DagBag from /home/airflow/.local/lib/python3.6/site-packages/airflow/example_dags/example_complex.py
[2023-12-22 21:07:18,409] {processor.py:652} INFO - DAG(s) dict_keys(['example_complex']) retrieved from /home/airflow/.local/lib/python3.6/site-packages/airflow/example_dags/example_complex.py
[2023-12-22 21:07:18,431] {logging_mixin.py:109} INFO - [2023-12-22 21:07:18,431] {dag.py:2398} INFO - Sync 1 DAGs
[2023-12-22 21:07:18,448] {logging_mixin.py:109} INFO - [2023-12-22 21:07:18,448] {dag.py:2937} INFO - Setting next_dagrun for example_complex to None
[2023-12-22 21:07:18,458] {processor.py:171} INFO - Processing /home/airflow/.local/lib/python3.6/site-packages/airflow/example_dags/example_complex.py took 0.077 seconds
[2023-12-22 21:07:49,233] {processor.py:163} INFO - Started process (PID=3713) to work on /home/airflow/.local/lib/python3.6/site-packages/airflow/example_dags/example_complex.py
[2023-12-22 21:07:49,235] {processor.py:642} INFO - Processing file /home/airflow/.local/lib/python3.6/site-packages/airflow/example_dags/example_complex.py for tasks to queue
[2023-12-22 21:07:49,236] {logging_mixin.py:109} INFO - [2023-12-22 21:07:49,235] {dagbag.py:500} INFO - Filling up the DagBag from /home/airflow/.local/lib/python3.6/site-packages/airflow/example_dags/example_complex.py
[2023-12-22 21:07:49,259] {processor.py:652} INFO - DAG(s) dict_keys(['example_complex']) retrieved from /home/airflow/.local/lib/python3.6/site-packages/airflow/example_dags/example_complex.py
[2023-12-22 21:07:49,287] {logging_mixin.py:109} INFO - [2023-12-22 21:07:49,287] {dag.py:2398} INFO - Sync 1 DAGs
[2023-12-22 21:07:49,307] {logging_mixin.py:109} INFO - [2023-12-22 21:07:49,307] {dag.py:2937} INFO - Setting next_dagrun for example_complex to None
[2023-12-22 21:07:49,317] {processor.py:171} INFO - Processing /home/airflow/.local/lib/python3.6/site-packages/airflow/example_dags/example_complex.py took 0.088 seconds
[2023-12-22 21:08:20,297] {processor.py:163} INFO - Started process (PID=3778) to work on /home/airflow/.local/lib/python3.6/site-packages/airflow/example_dags/example_complex.py
[2023-12-22 21:08:20,298] {processor.py:642} INFO - Processing file /home/airflow/.local/lib/python3.6/site-packages/airflow/example_dags/example_complex.py for tasks to queue
[2023-12-22 21:08:20,299] {logging_mixin.py:109} INFO - [2023-12-22 21:08:20,299] {dagbag.py:500} INFO - Filling up the DagBag from /home/airflow/.local/lib/python3.6/site-packages/airflow/example_dags/example_complex.py
[2023-12-22 21:08:20,320] {processor.py:652} INFO - DAG(s) dict_keys(['example_complex']) retrieved from /home/airflow/.local/lib/python3.6/site-packages/airflow/example_dags/example_complex.py
[2023-12-22 21:08:20,344] {logging_mixin.py:109} INFO - [2023-12-22 21:08:20,344] {dag.py:2398} INFO - Sync 1 DAGs
[2023-12-22 21:08:20,367] {logging_mixin.py:109} INFO - [2023-12-22 21:08:20,367] {dag.py:2937} INFO - Setting next_dagrun for example_complex to None
[2023-12-22 21:08:20,380] {processor.py:171} INFO - Processing /home/airflow/.local/lib/python3.6/site-packages/airflow/example_dags/example_complex.py took 0.087 seconds
[2023-12-22 21:08:50,848] {processor.py:163} INFO - Started process (PID=3851) to work on /home/airflow/.local/lib/python3.6/site-packages/airflow/example_dags/example_complex.py
[2023-12-22 21:08:50,850] {processor.py:642} INFO - Processing file /home/airflow/.local/lib/python3.6/site-packages/airflow/example_dags/example_complex.py for tasks to queue
[2023-12-22 21:08:50,851] {logging_mixin.py:109} INFO - [2023-12-22 21:08:50,851] {dagbag.py:500} INFO - Filling up the DagBag from /home/airflow/.local/lib/python3.6/site-packages/airflow/example_dags/example_complex.py
[2023-12-22 21:08:50,873] {processor.py:652} INFO - DAG(s) dict_keys(['example_complex']) retrieved from /home/airflow/.local/lib/python3.6/site-packages/airflow/example_dags/example_complex.py
[2023-12-22 21:08:50,901] {logging_mixin.py:109} INFO - [2023-12-22 21:08:50,901] {dag.py:2398} INFO - Sync 1 DAGs
[2023-12-22 21:08:50,919] {logging_mixin.py:109} INFO - [2023-12-22 21:08:50,919] {dag.py:2937} INFO - Setting next_dagrun for example_complex to None
[2023-12-22 21:08:50,930] {processor.py:171} INFO - Processing /home/airflow/.local/lib/python3.6/site-packages/airflow/example_dags/example_complex.py took 0.084 seconds
[2023-12-22 21:09:21,229] {processor.py:163} INFO - Started process (PID=3915) to work on /home/airflow/.local/lib/python3.6/site-packages/airflow/example_dags/example_complex.py
[2023-12-22 21:09:21,230] {processor.py:642} INFO - Processing file /home/airflow/.local/lib/python3.6/site-packages/airflow/example_dags/example_complex.py for tasks to queue
[2023-12-22 21:09:21,231] {logging_mixin.py:109} INFO - [2023-12-22 21:09:21,231] {dagbag.py:500} INFO - Filling up the DagBag from /home/airflow/.local/lib/python3.6/site-packages/airflow/example_dags/example_complex.py
[2023-12-22 21:09:21,256] {processor.py:652} INFO - DAG(s) dict_keys(['example_complex']) retrieved from /home/airflow/.local/lib/python3.6/site-packages/airflow/example_dags/example_complex.py
[2023-12-22 21:09:21,295] {logging_mixin.py:109} INFO - [2023-12-22 21:09:21,295] {dag.py:2398} INFO - Sync 1 DAGs
[2023-12-22 21:09:21,318] {logging_mixin.py:109} INFO - [2023-12-22 21:09:21,318] {dag.py:2937} INFO - Setting next_dagrun for example_complex to None
[2023-12-22 21:09:21,327] {processor.py:171} INFO - Processing /home/airflow/.local/lib/python3.6/site-packages/airflow/example_dags/example_complex.py took 0.101 seconds
[2023-12-22 21:09:51,944] {processor.py:163} INFO - Started process (PID=3989) to work on /home/airflow/.local/lib/python3.6/site-packages/airflow/example_dags/example_complex.py
[2023-12-22 21:09:51,946] {processor.py:642} INFO - Processing file /home/airflow/.local/lib/python3.6/site-packages/airflow/example_dags/example_complex.py for tasks to queue
[2023-12-22 21:09:51,947] {logging_mixin.py:109} INFO - [2023-12-22 21:09:51,947] {dagbag.py:500} INFO - Filling up the DagBag from /home/airflow/.local/lib/python3.6/site-packages/airflow/example_dags/example_complex.py
[2023-12-22 21:09:51,979] {processor.py:652} INFO - DAG(s) dict_keys(['example_complex']) retrieved from /home/airflow/.local/lib/python3.6/site-packages/airflow/example_dags/example_complex.py
[2023-12-22 21:09:52,005] {logging_mixin.py:109} INFO - [2023-12-22 21:09:52,005] {dag.py:2398} INFO - Sync 1 DAGs
[2023-12-22 21:09:52,093] {logging_mixin.py:109} INFO - [2023-12-22 21:09:52,093] {dag.py:2937} INFO - Setting next_dagrun for example_complex to None
[2023-12-22 21:09:52,102] {processor.py:171} INFO - Processing /home/airflow/.local/lib/python3.6/site-packages/airflow/example_dags/example_complex.py took 0.161 seconds
[2023-12-22 21:10:22,237] {processor.py:163} INFO - Started process (PID=4053) to work on /home/airflow/.local/lib/python3.6/site-packages/airflow/example_dags/example_complex.py
[2023-12-22 21:10:22,238] {processor.py:642} INFO - Processing file /home/airflow/.local/lib/python3.6/site-packages/airflow/example_dags/example_complex.py for tasks to queue
[2023-12-22 21:10:22,238] {logging_mixin.py:109} INFO - [2023-12-22 21:10:22,238] {dagbag.py:500} INFO - Filling up the DagBag from /home/airflow/.local/lib/python3.6/site-packages/airflow/example_dags/example_complex.py
[2023-12-22 21:10:22,261] {processor.py:652} INFO - DAG(s) dict_keys(['example_complex']) retrieved from /home/airflow/.local/lib/python3.6/site-packages/airflow/example_dags/example_complex.py
[2023-12-22 21:10:22,281] {logging_mixin.py:109} INFO - [2023-12-22 21:10:22,280] {dag.py:2398} INFO - Sync 1 DAGs
[2023-12-22 21:10:22,294] {logging_mixin.py:109} INFO - [2023-12-22 21:10:22,294] {dag.py:2937} INFO - Setting next_dagrun for example_complex to None
[2023-12-22 21:10:22,304] {processor.py:171} INFO - Processing /home/airflow/.local/lib/python3.6/site-packages/airflow/example_dags/example_complex.py took 0.070 seconds
[2023-12-22 21:10:53,098] {processor.py:163} INFO - Started process (PID=4128) to work on /home/airflow/.local/lib/python3.6/site-packages/airflow/example_dags/example_complex.py
[2023-12-22 21:10:53,099] {processor.py:642} INFO - Processing file /home/airflow/.local/lib/python3.6/site-packages/airflow/example_dags/example_complex.py for tasks to queue
[2023-12-22 21:10:53,100] {logging_mixin.py:109} INFO - [2023-12-22 21:10:53,100] {dagbag.py:500} INFO - Filling up the DagBag from /home/airflow/.local/lib/python3.6/site-packages/airflow/example_dags/example_complex.py
[2023-12-22 21:10:53,121] {processor.py:652} INFO - DAG(s) dict_keys(['example_complex']) retrieved from /home/airflow/.local/lib/python3.6/site-packages/airflow/example_dags/example_complex.py
[2023-12-22 21:10:53,146] {logging_mixin.py:109} INFO - [2023-12-22 21:10:53,145] {dag.py:2398} INFO - Sync 1 DAGs
[2023-12-22 21:10:53,164] {logging_mixin.py:109} INFO - [2023-12-22 21:10:53,164] {dag.py:2937} INFO - Setting next_dagrun for example_complex to None
[2023-12-22 21:10:53,173] {processor.py:171} INFO - Processing /home/airflow/.local/lib/python3.6/site-packages/airflow/example_dags/example_complex.py took 0.078 seconds
[2023-12-22 21:11:23,429] {processor.py:163} INFO - Started process (PID=4201) to work on /home/airflow/.local/lib/python3.6/site-packages/airflow/example_dags/example_complex.py
[2023-12-22 21:11:23,431] {processor.py:642} INFO - Processing file /home/airflow/.local/lib/python3.6/site-packages/airflow/example_dags/example_complex.py for tasks to queue
[2023-12-22 21:11:23,432] {logging_mixin.py:109} INFO - [2023-12-22 21:11:23,432] {dagbag.py:500} INFO - Filling up the DagBag from /home/airflow/.local/lib/python3.6/site-packages/airflow/example_dags/example_complex.py
[2023-12-22 21:11:23,451] {processor.py:652} INFO - DAG(s) dict_keys(['example_complex']) retrieved from /home/airflow/.local/lib/python3.6/site-packages/airflow/example_dags/example_complex.py
[2023-12-22 21:11:23,481] {logging_mixin.py:109} INFO - [2023-12-22 21:11:23,481] {dag.py:2398} INFO - Sync 1 DAGs
[2023-12-22 21:11:23,498] {logging_mixin.py:109} INFO - [2023-12-22 21:11:23,498] {dag.py:2937} INFO - Setting next_dagrun for example_complex to None
[2023-12-22 21:11:23,512] {processor.py:171} INFO - Processing /home/airflow/.local/lib/python3.6/site-packages/airflow/example_dags/example_complex.py took 0.086 seconds
[2023-12-22 21:11:53,931] {processor.py:163} INFO - Started process (PID=4266) to work on /home/airflow/.local/lib/python3.6/site-packages/airflow/example_dags/example_complex.py
[2023-12-22 21:11:53,933] {processor.py:642} INFO - Processing file /home/airflow/.local/lib/python3.6/site-packages/airflow/example_dags/example_complex.py for tasks to queue
[2023-12-22 21:11:53,933] {logging_mixin.py:109} INFO - [2023-12-22 21:11:53,933] {dagbag.py:500} INFO - Filling up the DagBag from /home/airflow/.local/lib/python3.6/site-packages/airflow/example_dags/example_complex.py
[2023-12-22 21:11:53,959] {processor.py:652} INFO - DAG(s) dict_keys(['example_complex']) retrieved from /home/airflow/.local/lib/python3.6/site-packages/airflow/example_dags/example_complex.py
[2023-12-22 21:11:53,981] {logging_mixin.py:109} INFO - [2023-12-22 21:11:53,981] {dag.py:2398} INFO - Sync 1 DAGs
[2023-12-22 21:11:53,996] {logging_mixin.py:109} INFO - [2023-12-22 21:11:53,996] {dag.py:2937} INFO - Setting next_dagrun for example_complex to None
[2023-12-22 21:11:54,005] {processor.py:171} INFO - Processing /home/airflow/.local/lib/python3.6/site-packages/airflow/example_dags/example_complex.py took 0.077 seconds
