[2023-12-22 20:40:27,125] {processor.py:163} INFO - Started process (PID=47) to work on /home/airflow/.local/lib/python3.6/site-packages/airflow/example_dags/example_branch_python_dop_operator_3.py
[2023-12-22 20:40:27,127] {processor.py:642} INFO - Processing file /home/airflow/.local/lib/python3.6/site-packages/airflow/example_dags/example_branch_python_dop_operator_3.py for tasks to queue
[2023-12-22 20:40:27,127] {logging_mixin.py:109} INFO - [2023-12-22 20:40:27,127] {dagbag.py:500} INFO - Filling up the DagBag from /home/airflow/.local/lib/python3.6/site-packages/airflow/example_dags/example_branch_python_dop_operator_3.py
[2023-12-22 20:40:27,141] {processor.py:652} INFO - DAG(s) dict_keys(['example_branch_dop_operator_v3']) retrieved from /home/airflow/.local/lib/python3.6/site-packages/airflow/example_dags/example_branch_python_dop_operator_3.py
[2023-12-22 20:40:27,158] {logging_mixin.py:109} INFO - [2023-12-22 20:40:27,158] {dag.py:2398} INFO - Sync 1 DAGs
[2023-12-22 20:40:27,181] {logging_mixin.py:109} INFO - [2023-12-22 20:40:27,181] {dag.py:2937} INFO - Setting next_dagrun for example_branch_dop_operator_v3 to 2023-12-22T20:39:00+00:00
[2023-12-22 20:40:27,192] {processor.py:171} INFO - Processing /home/airflow/.local/lib/python3.6/site-packages/airflow/example_dags/example_branch_python_dop_operator_3.py took 0.069 seconds
[2023-12-22 20:40:58,036] {processor.py:163} INFO - Started process (PID=121) to work on /home/airflow/.local/lib/python3.6/site-packages/airflow/example_dags/example_branch_python_dop_operator_3.py
[2023-12-22 20:40:58,037] {processor.py:642} INFO - Processing file /home/airflow/.local/lib/python3.6/site-packages/airflow/example_dags/example_branch_python_dop_operator_3.py for tasks to queue
[2023-12-22 20:40:58,038] {logging_mixin.py:109} INFO - [2023-12-22 20:40:58,038] {dagbag.py:500} INFO - Filling up the DagBag from /home/airflow/.local/lib/python3.6/site-packages/airflow/example_dags/example_branch_python_dop_operator_3.py
[2023-12-22 20:40:58,071] {processor.py:652} INFO - DAG(s) dict_keys(['example_branch_dop_operator_v3']) retrieved from /home/airflow/.local/lib/python3.6/site-packages/airflow/example_dags/example_branch_python_dop_operator_3.py
[2023-12-22 20:40:58,111] {logging_mixin.py:109} INFO - [2023-12-22 20:40:58,111] {dag.py:2398} INFO - Sync 1 DAGs
[2023-12-22 20:40:58,141] {logging_mixin.py:109} INFO - [2023-12-22 20:40:58,140] {dag.py:2937} INFO - Setting next_dagrun for example_branch_dop_operator_v3 to 2023-12-22T20:39:00+00:00
[2023-12-22 20:40:58,175] {processor.py:171} INFO - Processing /home/airflow/.local/lib/python3.6/site-packages/airflow/example_dags/example_branch_python_dop_operator_3.py took 0.141 seconds
[2023-12-22 20:41:29,413] {processor.py:163} INFO - Started process (PID=194) to work on /home/airflow/.local/lib/python3.6/site-packages/airflow/example_dags/example_branch_python_dop_operator_3.py
[2023-12-22 20:41:29,415] {processor.py:642} INFO - Processing file /home/airflow/.local/lib/python3.6/site-packages/airflow/example_dags/example_branch_python_dop_operator_3.py for tasks to queue
[2023-12-22 20:41:29,416] {logging_mixin.py:109} INFO - [2023-12-22 20:41:29,416] {dagbag.py:500} INFO - Filling up the DagBag from /home/airflow/.local/lib/python3.6/site-packages/airflow/example_dags/example_branch_python_dop_operator_3.py
[2023-12-22 20:41:29,431] {processor.py:652} INFO - DAG(s) dict_keys(['example_branch_dop_operator_v3']) retrieved from /home/airflow/.local/lib/python3.6/site-packages/airflow/example_dags/example_branch_python_dop_operator_3.py
[2023-12-22 20:41:29,451] {logging_mixin.py:109} INFO - [2023-12-22 20:41:29,451] {dag.py:2398} INFO - Sync 1 DAGs
[2023-12-22 20:41:29,476] {logging_mixin.py:109} INFO - [2023-12-22 20:41:29,476] {dag.py:2937} INFO - Setting next_dagrun for example_branch_dop_operator_v3 to 2023-12-22T20:40:00+00:00
[2023-12-22 20:41:29,488] {processor.py:171} INFO - Processing /home/airflow/.local/lib/python3.6/site-packages/airflow/example_dags/example_branch_python_dop_operator_3.py took 0.077 seconds
[2023-12-22 20:42:00,920] {processor.py:163} INFO - Started process (PID=248) to work on /home/airflow/.local/lib/python3.6/site-packages/airflow/example_dags/example_branch_python_dop_operator_3.py
[2023-12-22 20:42:00,925] {processor.py:642} INFO - Processing file /home/airflow/.local/lib/python3.6/site-packages/airflow/example_dags/example_branch_python_dop_operator_3.py for tasks to queue
[2023-12-22 20:42:00,929] {logging_mixin.py:109} INFO - [2023-12-22 20:42:00,929] {dagbag.py:500} INFO - Filling up the DagBag from /home/airflow/.local/lib/python3.6/site-packages/airflow/example_dags/example_branch_python_dop_operator_3.py
[2023-12-22 20:42:00,973] {processor.py:652} INFO - DAG(s) dict_keys(['example_branch_dop_operator_v3']) retrieved from /home/airflow/.local/lib/python3.6/site-packages/airflow/example_dags/example_branch_python_dop_operator_3.py
[2023-12-22 20:42:01,076] {logging_mixin.py:109} INFO - [2023-12-22 20:42:01,076] {dag.py:2398} INFO - Sync 1 DAGs
[2023-12-22 20:42:01,182] {logging_mixin.py:109} INFO - [2023-12-22 20:42:01,182] {dag.py:2937} INFO - Setting next_dagrun for example_branch_dop_operator_v3 to 2023-12-22T20:41:00+00:00
[2023-12-22 20:42:01,274] {processor.py:171} INFO - Processing /home/airflow/.local/lib/python3.6/site-packages/airflow/example_dags/example_branch_python_dop_operator_3.py took 0.357 seconds
[2023-12-22 20:42:31,867] {processor.py:163} INFO - Started process (PID=311) to work on /home/airflow/.local/lib/python3.6/site-packages/airflow/example_dags/example_branch_python_dop_operator_3.py
[2023-12-22 20:42:31,903] {processor.py:642} INFO - Processing file /home/airflow/.local/lib/python3.6/site-packages/airflow/example_dags/example_branch_python_dop_operator_3.py for tasks to queue
[2023-12-22 20:42:32,037] {logging_mixin.py:109} INFO - [2023-12-22 20:42:32,037] {dagbag.py:500} INFO - Filling up the DagBag from /home/airflow/.local/lib/python3.6/site-packages/airflow/example_dags/example_branch_python_dop_operator_3.py
[2023-12-22 20:42:32,249] {processor.py:652} INFO - DAG(s) dict_keys(['example_branch_dop_operator_v3']) retrieved from /home/airflow/.local/lib/python3.6/site-packages/airflow/example_dags/example_branch_python_dop_operator_3.py
[2023-12-22 20:42:32,353] {logging_mixin.py:109} INFO - [2023-12-22 20:42:32,353] {dag.py:2398} INFO - Sync 1 DAGs
[2023-12-22 20:42:32,520] {logging_mixin.py:109} INFO - [2023-12-22 20:42:32,520] {dag.py:2937} INFO - Setting next_dagrun for example_branch_dop_operator_v3 to 2023-12-22T20:41:00+00:00
[2023-12-22 20:42:32,645] {processor.py:171} INFO - Processing /home/airflow/.local/lib/python3.6/site-packages/airflow/example_dags/example_branch_python_dop_operator_3.py took 0.781 seconds
[2023-12-22 20:43:03,305] {processor.py:163} INFO - Started process (PID=386) to work on /home/airflow/.local/lib/python3.6/site-packages/airflow/example_dags/example_branch_python_dop_operator_3.py
[2023-12-22 20:43:03,306] {processor.py:642} INFO - Processing file /home/airflow/.local/lib/python3.6/site-packages/airflow/example_dags/example_branch_python_dop_operator_3.py for tasks to queue
[2023-12-22 20:43:03,308] {logging_mixin.py:109} INFO - [2023-12-22 20:43:03,307] {dagbag.py:500} INFO - Filling up the DagBag from /home/airflow/.local/lib/python3.6/site-packages/airflow/example_dags/example_branch_python_dop_operator_3.py
[2023-12-22 20:43:03,347] {processor.py:652} INFO - DAG(s) dict_keys(['example_branch_dop_operator_v3']) retrieved from /home/airflow/.local/lib/python3.6/site-packages/airflow/example_dags/example_branch_python_dop_operator_3.py
[2023-12-22 20:43:03,383] {logging_mixin.py:109} INFO - [2023-12-22 20:43:03,383] {dag.py:2398} INFO - Sync 1 DAGs
[2023-12-22 20:43:03,430] {logging_mixin.py:109} INFO - [2023-12-22 20:43:03,430] {dag.py:2937} INFO - Setting next_dagrun for example_branch_dop_operator_v3 to 2023-12-22T20:42:00+00:00
[2023-12-22 20:43:03,525] {processor.py:171} INFO - Processing /home/airflow/.local/lib/python3.6/site-packages/airflow/example_dags/example_branch_python_dop_operator_3.py took 0.225 seconds
[2023-12-22 20:43:36,911] {processor.py:163} INFO - Started process (PID=450) to work on /home/airflow/.local/lib/python3.6/site-packages/airflow/example_dags/example_branch_python_dop_operator_3.py
[2023-12-22 20:43:37,025] {processor.py:642} INFO - Processing file /home/airflow/.local/lib/python3.6/site-packages/airflow/example_dags/example_branch_python_dop_operator_3.py for tasks to queue
[2023-12-22 20:43:37,098] {logging_mixin.py:109} INFO - [2023-12-22 20:43:37,098] {dagbag.py:500} INFO - Filling up the DagBag from /home/airflow/.local/lib/python3.6/site-packages/airflow/example_dags/example_branch_python_dop_operator_3.py
[2023-12-22 20:43:37,168] {processor.py:652} INFO - DAG(s) dict_keys(['example_branch_dop_operator_v3']) retrieved from /home/airflow/.local/lib/python3.6/site-packages/airflow/example_dags/example_branch_python_dop_operator_3.py
[2023-12-22 20:43:37,286] {logging_mixin.py:109} INFO - [2023-12-22 20:43:37,285] {dag.py:2398} INFO - Sync 1 DAGs
[2023-12-22 20:43:37,484] {logging_mixin.py:109} INFO - [2023-12-22 20:43:37,483] {dag.py:2937} INFO - Setting next_dagrun for example_branch_dop_operator_v3 to 2023-12-22T20:42:00+00:00
[2023-12-22 20:43:37,526] {processor.py:171} INFO - Processing /home/airflow/.local/lib/python3.6/site-packages/airflow/example_dags/example_branch_python_dop_operator_3.py took 0.618 seconds
[2023-12-22 20:44:07,928] {processor.py:163} INFO - Started process (PID=523) to work on /home/airflow/.local/lib/python3.6/site-packages/airflow/example_dags/example_branch_python_dop_operator_3.py
[2023-12-22 20:44:07,937] {processor.py:642} INFO - Processing file /home/airflow/.local/lib/python3.6/site-packages/airflow/example_dags/example_branch_python_dop_operator_3.py for tasks to queue
[2023-12-22 20:44:07,938] {logging_mixin.py:109} INFO - [2023-12-22 20:44:07,938] {dagbag.py:500} INFO - Filling up the DagBag from /home/airflow/.local/lib/python3.6/site-packages/airflow/example_dags/example_branch_python_dop_operator_3.py
[2023-12-22 20:44:07,951] {processor.py:652} INFO - DAG(s) dict_keys(['example_branch_dop_operator_v3']) retrieved from /home/airflow/.local/lib/python3.6/site-packages/airflow/example_dags/example_branch_python_dop_operator_3.py
[2023-12-22 20:44:08,097] {logging_mixin.py:109} INFO - [2023-12-22 20:44:08,097] {dag.py:2398} INFO - Sync 1 DAGs
[2023-12-22 20:44:08,174] {logging_mixin.py:109} INFO - [2023-12-22 20:44:08,174] {dag.py:2937} INFO - Setting next_dagrun for example_branch_dop_operator_v3 to 2023-12-22T20:43:00+00:00
[2023-12-22 20:44:08,239] {processor.py:171} INFO - Processing /home/airflow/.local/lib/python3.6/site-packages/airflow/example_dags/example_branch_python_dop_operator_3.py took 0.313 seconds
[2023-12-22 20:44:38,773] {processor.py:163} INFO - Started process (PID=588) to work on /home/airflow/.local/lib/python3.6/site-packages/airflow/example_dags/example_branch_python_dop_operator_3.py
[2023-12-22 20:44:38,774] {processor.py:642} INFO - Processing file /home/airflow/.local/lib/python3.6/site-packages/airflow/example_dags/example_branch_python_dop_operator_3.py for tasks to queue
[2023-12-22 20:44:38,775] {logging_mixin.py:109} INFO - [2023-12-22 20:44:38,775] {dagbag.py:500} INFO - Filling up the DagBag from /home/airflow/.local/lib/python3.6/site-packages/airflow/example_dags/example_branch_python_dop_operator_3.py
[2023-12-22 20:44:38,793] {processor.py:652} INFO - DAG(s) dict_keys(['example_branch_dop_operator_v3']) retrieved from /home/airflow/.local/lib/python3.6/site-packages/airflow/example_dags/example_branch_python_dop_operator_3.py
[2023-12-22 20:44:38,878] {logging_mixin.py:109} INFO - [2023-12-22 20:44:38,878] {dag.py:2398} INFO - Sync 1 DAGs
[2023-12-22 20:44:38,989] {logging_mixin.py:109} INFO - [2023-12-22 20:44:38,989] {dag.py:2937} INFO - Setting next_dagrun for example_branch_dop_operator_v3 to 2023-12-22T20:43:00+00:00
[2023-12-22 20:44:39,043] {processor.py:171} INFO - Processing /home/airflow/.local/lib/python3.6/site-packages/airflow/example_dags/example_branch_python_dop_operator_3.py took 0.273 seconds
[2023-12-22 20:45:09,644] {processor.py:163} INFO - Started process (PID=659) to work on /home/airflow/.local/lib/python3.6/site-packages/airflow/example_dags/example_branch_python_dop_operator_3.py
[2023-12-22 20:45:09,647] {processor.py:642} INFO - Processing file /home/airflow/.local/lib/python3.6/site-packages/airflow/example_dags/example_branch_python_dop_operator_3.py for tasks to queue
[2023-12-22 20:45:09,648] {logging_mixin.py:109} INFO - [2023-12-22 20:45:09,648] {dagbag.py:500} INFO - Filling up the DagBag from /home/airflow/.local/lib/python3.6/site-packages/airflow/example_dags/example_branch_python_dop_operator_3.py
[2023-12-22 20:45:09,668] {processor.py:652} INFO - DAG(s) dict_keys(['example_branch_dop_operator_v3']) retrieved from /home/airflow/.local/lib/python3.6/site-packages/airflow/example_dags/example_branch_python_dop_operator_3.py
[2023-12-22 20:45:09,691] {logging_mixin.py:109} INFO - [2023-12-22 20:45:09,691] {dag.py:2398} INFO - Sync 1 DAGs
[2023-12-22 20:45:09,786] {logging_mixin.py:109} INFO - [2023-12-22 20:45:09,786] {dag.py:2937} INFO - Setting next_dagrun for example_branch_dop_operator_v3 to 2023-12-22T20:44:00+00:00
[2023-12-22 20:45:09,799] {processor.py:171} INFO - Processing /home/airflow/.local/lib/python3.6/site-packages/airflow/example_dags/example_branch_python_dop_operator_3.py took 0.158 seconds
[2023-12-22 20:45:40,099] {processor.py:163} INFO - Started process (PID=727) to work on /home/airflow/.local/lib/python3.6/site-packages/airflow/example_dags/example_branch_python_dop_operator_3.py
[2023-12-22 20:45:40,109] {processor.py:642} INFO - Processing file /home/airflow/.local/lib/python3.6/site-packages/airflow/example_dags/example_branch_python_dop_operator_3.py for tasks to queue
[2023-12-22 20:45:40,110] {logging_mixin.py:109} INFO - [2023-12-22 20:45:40,109] {dagbag.py:500} INFO - Filling up the DagBag from /home/airflow/.local/lib/python3.6/site-packages/airflow/example_dags/example_branch_python_dop_operator_3.py
[2023-12-22 20:45:40,134] {processor.py:652} INFO - DAG(s) dict_keys(['example_branch_dop_operator_v3']) retrieved from /home/airflow/.local/lib/python3.6/site-packages/airflow/example_dags/example_branch_python_dop_operator_3.py
[2023-12-22 20:45:40,231] {logging_mixin.py:109} INFO - [2023-12-22 20:45:40,231] {dag.py:2398} INFO - Sync 1 DAGs
[2023-12-22 20:45:40,250] {logging_mixin.py:109} INFO - [2023-12-22 20:45:40,250] {dag.py:2937} INFO - Setting next_dagrun for example_branch_dop_operator_v3 to 2023-12-22T20:44:00+00:00
[2023-12-22 20:45:40,260] {processor.py:171} INFO - Processing /home/airflow/.local/lib/python3.6/site-packages/airflow/example_dags/example_branch_python_dop_operator_3.py took 0.167 seconds
[2023-12-22 20:46:10,876] {processor.py:163} INFO - Started process (PID=791) to work on /home/airflow/.local/lib/python3.6/site-packages/airflow/example_dags/example_branch_python_dop_operator_3.py
[2023-12-22 20:46:10,877] {processor.py:642} INFO - Processing file /home/airflow/.local/lib/python3.6/site-packages/airflow/example_dags/example_branch_python_dop_operator_3.py for tasks to queue
[2023-12-22 20:46:10,878] {logging_mixin.py:109} INFO - [2023-12-22 20:46:10,878] {dagbag.py:500} INFO - Filling up the DagBag from /home/airflow/.local/lib/python3.6/site-packages/airflow/example_dags/example_branch_python_dop_operator_3.py
[2023-12-22 20:46:10,982] {processor.py:652} INFO - DAG(s) dict_keys(['example_branch_dop_operator_v3']) retrieved from /home/airflow/.local/lib/python3.6/site-packages/airflow/example_dags/example_branch_python_dop_operator_3.py
[2023-12-22 20:46:10,999] {logging_mixin.py:109} INFO - [2023-12-22 20:46:10,999] {dag.py:2398} INFO - Sync 1 DAGs
[2023-12-22 20:46:11,016] {logging_mixin.py:109} INFO - [2023-12-22 20:46:11,016] {dag.py:2937} INFO - Setting next_dagrun for example_branch_dop_operator_v3 to 2023-12-22T20:45:00+00:00
[2023-12-22 20:46:11,028] {processor.py:171} INFO - Processing /home/airflow/.local/lib/python3.6/site-packages/airflow/example_dags/example_branch_python_dop_operator_3.py took 0.155 seconds
[2023-12-22 20:46:41,253] {processor.py:163} INFO - Started process (PID=865) to work on /home/airflow/.local/lib/python3.6/site-packages/airflow/example_dags/example_branch_python_dop_operator_3.py
[2023-12-22 20:46:41,254] {processor.py:642} INFO - Processing file /home/airflow/.local/lib/python3.6/site-packages/airflow/example_dags/example_branch_python_dop_operator_3.py for tasks to queue
[2023-12-22 20:46:41,255] {logging_mixin.py:109} INFO - [2023-12-22 20:46:41,255] {dagbag.py:500} INFO - Filling up the DagBag from /home/airflow/.local/lib/python3.6/site-packages/airflow/example_dags/example_branch_python_dop_operator_3.py
[2023-12-22 20:46:41,369] {processor.py:652} INFO - DAG(s) dict_keys(['example_branch_dop_operator_v3']) retrieved from /home/airflow/.local/lib/python3.6/site-packages/airflow/example_dags/example_branch_python_dop_operator_3.py
[2023-12-22 20:46:41,416] {logging_mixin.py:109} INFO - [2023-12-22 20:46:41,416] {dag.py:2398} INFO - Sync 1 DAGs
[2023-12-22 20:46:41,494] {logging_mixin.py:109} INFO - [2023-12-22 20:46:41,494] {dag.py:2937} INFO - Setting next_dagrun for example_branch_dop_operator_v3 to 2023-12-22T20:45:00+00:00
[2023-12-22 20:46:41,530] {processor.py:171} INFO - Processing /home/airflow/.local/lib/python3.6/site-packages/airflow/example_dags/example_branch_python_dop_operator_3.py took 0.280 seconds
[2023-12-22 20:47:11,827] {processor.py:163} INFO - Started process (PID=928) to work on /home/airflow/.local/lib/python3.6/site-packages/airflow/example_dags/example_branch_python_dop_operator_3.py
[2023-12-22 20:47:11,828] {processor.py:642} INFO - Processing file /home/airflow/.local/lib/python3.6/site-packages/airflow/example_dags/example_branch_python_dop_operator_3.py for tasks to queue
[2023-12-22 20:47:11,831] {logging_mixin.py:109} INFO - [2023-12-22 20:47:11,830] {dagbag.py:500} INFO - Filling up the DagBag from /home/airflow/.local/lib/python3.6/site-packages/airflow/example_dags/example_branch_python_dop_operator_3.py
[2023-12-22 20:47:11,931] {processor.py:652} INFO - DAG(s) dict_keys(['example_branch_dop_operator_v3']) retrieved from /home/airflow/.local/lib/python3.6/site-packages/airflow/example_dags/example_branch_python_dop_operator_3.py
[2023-12-22 20:47:11,949] {logging_mixin.py:109} INFO - [2023-12-22 20:47:11,949] {dag.py:2398} INFO - Sync 1 DAGs
[2023-12-22 20:47:11,968] {logging_mixin.py:109} INFO - [2023-12-22 20:47:11,968] {dag.py:2937} INFO - Setting next_dagrun for example_branch_dop_operator_v3 to 2023-12-22T20:46:00+00:00
[2023-12-22 20:47:11,977] {processor.py:171} INFO - Processing /home/airflow/.local/lib/python3.6/site-packages/airflow/example_dags/example_branch_python_dop_operator_3.py took 0.154 seconds
[2023-12-22 20:47:42,221] {processor.py:163} INFO - Started process (PID=1001) to work on /home/airflow/.local/lib/python3.6/site-packages/airflow/example_dags/example_branch_python_dop_operator_3.py
[2023-12-22 20:47:42,222] {processor.py:642} INFO - Processing file /home/airflow/.local/lib/python3.6/site-packages/airflow/example_dags/example_branch_python_dop_operator_3.py for tasks to queue
[2023-12-22 20:47:42,223] {logging_mixin.py:109} INFO - [2023-12-22 20:47:42,222] {dagbag.py:500} INFO - Filling up the DagBag from /home/airflow/.local/lib/python3.6/site-packages/airflow/example_dags/example_branch_python_dop_operator_3.py
[2023-12-22 20:47:42,340] {processor.py:652} INFO - DAG(s) dict_keys(['example_branch_dop_operator_v3']) retrieved from /home/airflow/.local/lib/python3.6/site-packages/airflow/example_dags/example_branch_python_dop_operator_3.py
[2023-12-22 20:47:42,357] {logging_mixin.py:109} INFO - [2023-12-22 20:47:42,357] {dag.py:2398} INFO - Sync 1 DAGs
[2023-12-22 20:47:42,385] {logging_mixin.py:109} INFO - [2023-12-22 20:47:42,385] {dag.py:2937} INFO - Setting next_dagrun for example_branch_dop_operator_v3 to 2023-12-22T20:46:00+00:00
[2023-12-22 20:47:42,418] {processor.py:171} INFO - Processing /home/airflow/.local/lib/python3.6/site-packages/airflow/example_dags/example_branch_python_dop_operator_3.py took 0.201 seconds
[2023-12-22 20:48:12,562] {processor.py:163} INFO - Started process (PID=1072) to work on /home/airflow/.local/lib/python3.6/site-packages/airflow/example_dags/example_branch_python_dop_operator_3.py
[2023-12-22 20:48:12,563] {processor.py:642} INFO - Processing file /home/airflow/.local/lib/python3.6/site-packages/airflow/example_dags/example_branch_python_dop_operator_3.py for tasks to queue
[2023-12-22 20:48:12,564] {logging_mixin.py:109} INFO - [2023-12-22 20:48:12,564] {dagbag.py:500} INFO - Filling up the DagBag from /home/airflow/.local/lib/python3.6/site-packages/airflow/example_dags/example_branch_python_dop_operator_3.py
[2023-12-22 20:48:12,669] {processor.py:652} INFO - DAG(s) dict_keys(['example_branch_dop_operator_v3']) retrieved from /home/airflow/.local/lib/python3.6/site-packages/airflow/example_dags/example_branch_python_dop_operator_3.py
[2023-12-22 20:48:12,685] {logging_mixin.py:109} INFO - [2023-12-22 20:48:12,685] {dag.py:2398} INFO - Sync 1 DAGs
[2023-12-22 20:48:12,708] {logging_mixin.py:109} INFO - [2023-12-22 20:48:12,708] {dag.py:2937} INFO - Setting next_dagrun for example_branch_dop_operator_v3 to 2023-12-22T20:47:00+00:00
[2023-12-22 20:48:12,741] {processor.py:171} INFO - Processing /home/airflow/.local/lib/python3.6/site-packages/airflow/example_dags/example_branch_python_dop_operator_3.py took 0.181 seconds
[2023-12-22 20:48:42,964] {processor.py:163} INFO - Started process (PID=1139) to work on /home/airflow/.local/lib/python3.6/site-packages/airflow/example_dags/example_branch_python_dop_operator_3.py
[2023-12-22 20:48:42,965] {processor.py:642} INFO - Processing file /home/airflow/.local/lib/python3.6/site-packages/airflow/example_dags/example_branch_python_dop_operator_3.py for tasks to queue
[2023-12-22 20:48:42,966] {logging_mixin.py:109} INFO - [2023-12-22 20:48:42,966] {dagbag.py:500} INFO - Filling up the DagBag from /home/airflow/.local/lib/python3.6/site-packages/airflow/example_dags/example_branch_python_dop_operator_3.py
[2023-12-22 20:48:43,065] {processor.py:652} INFO - DAG(s) dict_keys(['example_branch_dop_operator_v3']) retrieved from /home/airflow/.local/lib/python3.6/site-packages/airflow/example_dags/example_branch_python_dop_operator_3.py
[2023-12-22 20:48:43,085] {logging_mixin.py:109} INFO - [2023-12-22 20:48:43,085] {dag.py:2398} INFO - Sync 1 DAGs
[2023-12-22 20:48:43,107] {logging_mixin.py:109} INFO - [2023-12-22 20:48:43,107] {dag.py:2937} INFO - Setting next_dagrun for example_branch_dop_operator_v3 to 2023-12-22T20:47:00+00:00
[2023-12-22 20:48:43,121] {processor.py:171} INFO - Processing /home/airflow/.local/lib/python3.6/site-packages/airflow/example_dags/example_branch_python_dop_operator_3.py took 0.161 seconds
[2023-12-22 20:49:13,974] {processor.py:163} INFO - Started process (PID=1213) to work on /home/airflow/.local/lib/python3.6/site-packages/airflow/example_dags/example_branch_python_dop_operator_3.py
[2023-12-22 20:49:13,976] {processor.py:642} INFO - Processing file /home/airflow/.local/lib/python3.6/site-packages/airflow/example_dags/example_branch_python_dop_operator_3.py for tasks to queue
[2023-12-22 20:49:13,977] {logging_mixin.py:109} INFO - [2023-12-22 20:49:13,977] {dagbag.py:500} INFO - Filling up the DagBag from /home/airflow/.local/lib/python3.6/site-packages/airflow/example_dags/example_branch_python_dop_operator_3.py
[2023-12-22 20:49:14,073] {processor.py:652} INFO - DAG(s) dict_keys(['example_branch_dop_operator_v3']) retrieved from /home/airflow/.local/lib/python3.6/site-packages/airflow/example_dags/example_branch_python_dop_operator_3.py
[2023-12-22 20:49:14,091] {logging_mixin.py:109} INFO - [2023-12-22 20:49:14,091] {dag.py:2398} INFO - Sync 1 DAGs
[2023-12-22 20:49:14,114] {logging_mixin.py:109} INFO - [2023-12-22 20:49:14,114] {dag.py:2937} INFO - Setting next_dagrun for example_branch_dop_operator_v3 to 2023-12-22T20:48:00+00:00
[2023-12-22 20:49:14,144] {processor.py:171} INFO - Processing /home/airflow/.local/lib/python3.6/site-packages/airflow/example_dags/example_branch_python_dop_operator_3.py took 0.174 seconds
[2023-12-22 20:49:44,311] {processor.py:163} INFO - Started process (PID=1277) to work on /home/airflow/.local/lib/python3.6/site-packages/airflow/example_dags/example_branch_python_dop_operator_3.py
[2023-12-22 20:49:44,312] {processor.py:642} INFO - Processing file /home/airflow/.local/lib/python3.6/site-packages/airflow/example_dags/example_branch_python_dop_operator_3.py for tasks to queue
[2023-12-22 20:49:44,313] {logging_mixin.py:109} INFO - [2023-12-22 20:49:44,313] {dagbag.py:500} INFO - Filling up the DagBag from /home/airflow/.local/lib/python3.6/site-packages/airflow/example_dags/example_branch_python_dop_operator_3.py
[2023-12-22 20:49:44,328] {processor.py:652} INFO - DAG(s) dict_keys(['example_branch_dop_operator_v3']) retrieved from /home/airflow/.local/lib/python3.6/site-packages/airflow/example_dags/example_branch_python_dop_operator_3.py
[2023-12-22 20:49:44,346] {logging_mixin.py:109} INFO - [2023-12-22 20:49:44,346] {dag.py:2398} INFO - Sync 1 DAGs
[2023-12-22 20:49:44,366] {logging_mixin.py:109} INFO - [2023-12-22 20:49:44,366] {dag.py:2937} INFO - Setting next_dagrun for example_branch_dop_operator_v3 to 2023-12-22T20:48:00+00:00
[2023-12-22 20:49:44,394] {processor.py:171} INFO - Processing /home/airflow/.local/lib/python3.6/site-packages/airflow/example_dags/example_branch_python_dop_operator_3.py took 0.086 seconds
[2023-12-22 20:50:14,485] {processor.py:163} INFO - Started process (PID=1351) to work on /home/airflow/.local/lib/python3.6/site-packages/airflow/example_dags/example_branch_python_dop_operator_3.py
[2023-12-22 20:50:14,486] {processor.py:642} INFO - Processing file /home/airflow/.local/lib/python3.6/site-packages/airflow/example_dags/example_branch_python_dop_operator_3.py for tasks to queue
[2023-12-22 20:50:14,487] {logging_mixin.py:109} INFO - [2023-12-22 20:50:14,487] {dagbag.py:500} INFO - Filling up the DagBag from /home/airflow/.local/lib/python3.6/site-packages/airflow/example_dags/example_branch_python_dop_operator_3.py
[2023-12-22 20:50:14,506] {processor.py:652} INFO - DAG(s) dict_keys(['example_branch_dop_operator_v3']) retrieved from /home/airflow/.local/lib/python3.6/site-packages/airflow/example_dags/example_branch_python_dop_operator_3.py
[2023-12-22 20:50:14,525] {logging_mixin.py:109} INFO - [2023-12-22 20:50:14,525] {dag.py:2398} INFO - Sync 1 DAGs
[2023-12-22 20:50:14,551] {logging_mixin.py:109} INFO - [2023-12-22 20:50:14,551] {dag.py:2937} INFO - Setting next_dagrun for example_branch_dop_operator_v3 to 2023-12-22T20:49:00+00:00
[2023-12-22 20:50:14,562] {processor.py:171} INFO - Processing /home/airflow/.local/lib/python3.6/site-packages/airflow/example_dags/example_branch_python_dop_operator_3.py took 0.079 seconds
[2023-12-22 20:50:45,026] {processor.py:163} INFO - Started process (PID=1415) to work on /home/airflow/.local/lib/python3.6/site-packages/airflow/example_dags/example_branch_python_dop_operator_3.py
[2023-12-22 20:50:45,027] {processor.py:642} INFO - Processing file /home/airflow/.local/lib/python3.6/site-packages/airflow/example_dags/example_branch_python_dop_operator_3.py for tasks to queue
[2023-12-22 20:50:45,028] {logging_mixin.py:109} INFO - [2023-12-22 20:50:45,027] {dagbag.py:500} INFO - Filling up the DagBag from /home/airflow/.local/lib/python3.6/site-packages/airflow/example_dags/example_branch_python_dop_operator_3.py
[2023-12-22 20:50:45,043] {processor.py:652} INFO - DAG(s) dict_keys(['example_branch_dop_operator_v3']) retrieved from /home/airflow/.local/lib/python3.6/site-packages/airflow/example_dags/example_branch_python_dop_operator_3.py
[2023-12-22 20:50:45,060] {logging_mixin.py:109} INFO - [2023-12-22 20:50:45,060] {dag.py:2398} INFO - Sync 1 DAGs
[2023-12-22 20:50:45,084] {logging_mixin.py:109} INFO - [2023-12-22 20:50:45,084] {dag.py:2937} INFO - Setting next_dagrun for example_branch_dop_operator_v3 to 2023-12-22T20:49:00+00:00
[2023-12-22 20:50:45,114] {processor.py:171} INFO - Processing /home/airflow/.local/lib/python3.6/site-packages/airflow/example_dags/example_branch_python_dop_operator_3.py took 0.091 seconds
[2023-12-22 20:51:15,699] {processor.py:163} INFO - Started process (PID=1488) to work on /home/airflow/.local/lib/python3.6/site-packages/airflow/example_dags/example_branch_python_dop_operator_3.py
[2023-12-22 20:51:15,700] {processor.py:642} INFO - Processing file /home/airflow/.local/lib/python3.6/site-packages/airflow/example_dags/example_branch_python_dop_operator_3.py for tasks to queue
[2023-12-22 20:51:15,701] {logging_mixin.py:109} INFO - [2023-12-22 20:51:15,701] {dagbag.py:500} INFO - Filling up the DagBag from /home/airflow/.local/lib/python3.6/site-packages/airflow/example_dags/example_branch_python_dop_operator_3.py
[2023-12-22 20:51:15,714] {processor.py:652} INFO - DAG(s) dict_keys(['example_branch_dop_operator_v3']) retrieved from /home/airflow/.local/lib/python3.6/site-packages/airflow/example_dags/example_branch_python_dop_operator_3.py
[2023-12-22 20:51:15,736] {logging_mixin.py:109} INFO - [2023-12-22 20:51:15,736] {dag.py:2398} INFO - Sync 1 DAGs
[2023-12-22 20:51:15,759] {logging_mixin.py:109} INFO - [2023-12-22 20:51:15,759] {dag.py:2937} INFO - Setting next_dagrun for example_branch_dop_operator_v3 to 2023-12-22T20:50:00+00:00
[2023-12-22 20:51:15,790] {processor.py:171} INFO - Processing /home/airflow/.local/lib/python3.6/site-packages/airflow/example_dags/example_branch_python_dop_operator_3.py took 0.094 seconds
[2023-12-22 20:51:46,005] {processor.py:163} INFO - Started process (PID=1553) to work on /home/airflow/.local/lib/python3.6/site-packages/airflow/example_dags/example_branch_python_dop_operator_3.py
[2023-12-22 20:51:46,007] {processor.py:642} INFO - Processing file /home/airflow/.local/lib/python3.6/site-packages/airflow/example_dags/example_branch_python_dop_operator_3.py for tasks to queue
[2023-12-22 20:51:46,007] {logging_mixin.py:109} INFO - [2023-12-22 20:51:46,007] {dagbag.py:500} INFO - Filling up the DagBag from /home/airflow/.local/lib/python3.6/site-packages/airflow/example_dags/example_branch_python_dop_operator_3.py
[2023-12-22 20:51:46,026] {processor.py:652} INFO - DAG(s) dict_keys(['example_branch_dop_operator_v3']) retrieved from /home/airflow/.local/lib/python3.6/site-packages/airflow/example_dags/example_branch_python_dop_operator_3.py
[2023-12-22 20:51:46,046] {logging_mixin.py:109} INFO - [2023-12-22 20:51:46,046] {dag.py:2398} INFO - Sync 1 DAGs
[2023-12-22 20:51:46,066] {logging_mixin.py:109} INFO - [2023-12-22 20:51:46,066] {dag.py:2937} INFO - Setting next_dagrun for example_branch_dop_operator_v3 to 2023-12-22T20:50:00+00:00
[2023-12-22 20:51:46,097] {processor.py:171} INFO - Processing /home/airflow/.local/lib/python3.6/site-packages/airflow/example_dags/example_branch_python_dop_operator_3.py took 0.096 seconds
[2023-12-22 20:52:16,958] {processor.py:163} INFO - Started process (PID=1627) to work on /home/airflow/.local/lib/python3.6/site-packages/airflow/example_dags/example_branch_python_dop_operator_3.py
[2023-12-22 20:52:16,960] {processor.py:642} INFO - Processing file /home/airflow/.local/lib/python3.6/site-packages/airflow/example_dags/example_branch_python_dop_operator_3.py for tasks to queue
[2023-12-22 20:52:16,961] {logging_mixin.py:109} INFO - [2023-12-22 20:52:16,961] {dagbag.py:500} INFO - Filling up the DagBag from /home/airflow/.local/lib/python3.6/site-packages/airflow/example_dags/example_branch_python_dop_operator_3.py
[2023-12-22 20:52:16,981] {processor.py:652} INFO - DAG(s) dict_keys(['example_branch_dop_operator_v3']) retrieved from /home/airflow/.local/lib/python3.6/site-packages/airflow/example_dags/example_branch_python_dop_operator_3.py
[2023-12-22 20:52:17,012] {logging_mixin.py:109} INFO - [2023-12-22 20:52:17,012] {dag.py:2398} INFO - Sync 1 DAGs
[2023-12-22 20:52:17,052] {logging_mixin.py:109} INFO - [2023-12-22 20:52:17,051] {dag.py:2937} INFO - Setting next_dagrun for example_branch_dop_operator_v3 to 2023-12-22T20:51:00+00:00
[2023-12-22 20:52:17,067] {processor.py:171} INFO - Processing /home/airflow/.local/lib/python3.6/site-packages/airflow/example_dags/example_branch_python_dop_operator_3.py took 0.113 seconds
[2023-12-22 20:52:47,508] {processor.py:163} INFO - Started process (PID=1691) to work on /home/airflow/.local/lib/python3.6/site-packages/airflow/example_dags/example_branch_python_dop_operator_3.py
[2023-12-22 20:52:47,510] {processor.py:642} INFO - Processing file /home/airflow/.local/lib/python3.6/site-packages/airflow/example_dags/example_branch_python_dop_operator_3.py for tasks to queue
[2023-12-22 20:52:47,512] {logging_mixin.py:109} INFO - [2023-12-22 20:52:47,512] {dagbag.py:500} INFO - Filling up the DagBag from /home/airflow/.local/lib/python3.6/site-packages/airflow/example_dags/example_branch_python_dop_operator_3.py
[2023-12-22 20:52:47,529] {processor.py:652} INFO - DAG(s) dict_keys(['example_branch_dop_operator_v3']) retrieved from /home/airflow/.local/lib/python3.6/site-packages/airflow/example_dags/example_branch_python_dop_operator_3.py
[2023-12-22 20:52:47,552] {logging_mixin.py:109} INFO - [2023-12-22 20:52:47,552] {dag.py:2398} INFO - Sync 1 DAGs
[2023-12-22 20:52:47,574] {logging_mixin.py:109} INFO - [2023-12-22 20:52:47,574] {dag.py:2937} INFO - Setting next_dagrun for example_branch_dop_operator_v3 to 2023-12-22T20:51:00+00:00
[2023-12-22 20:52:47,585] {processor.py:171} INFO - Processing /home/airflow/.local/lib/python3.6/site-packages/airflow/example_dags/example_branch_python_dop_operator_3.py took 0.079 seconds
[2023-12-22 20:53:18,205] {processor.py:163} INFO - Started process (PID=1765) to work on /home/airflow/.local/lib/python3.6/site-packages/airflow/example_dags/example_branch_python_dop_operator_3.py
[2023-12-22 20:53:18,206] {processor.py:642} INFO - Processing file /home/airflow/.local/lib/python3.6/site-packages/airflow/example_dags/example_branch_python_dop_operator_3.py for tasks to queue
[2023-12-22 20:53:18,207] {logging_mixin.py:109} INFO - [2023-12-22 20:53:18,207] {dagbag.py:500} INFO - Filling up the DagBag from /home/airflow/.local/lib/python3.6/site-packages/airflow/example_dags/example_branch_python_dop_operator_3.py
[2023-12-22 20:53:18,228] {processor.py:652} INFO - DAG(s) dict_keys(['example_branch_dop_operator_v3']) retrieved from /home/airflow/.local/lib/python3.6/site-packages/airflow/example_dags/example_branch_python_dop_operator_3.py
[2023-12-22 20:53:18,249] {logging_mixin.py:109} INFO - [2023-12-22 20:53:18,249] {dag.py:2398} INFO - Sync 1 DAGs
[2023-12-22 20:53:18,272] {logging_mixin.py:109} INFO - [2023-12-22 20:53:18,272] {dag.py:2937} INFO - Setting next_dagrun for example_branch_dop_operator_v3 to 2023-12-22T20:52:00+00:00
[2023-12-22 20:53:18,303] {processor.py:171} INFO - Processing /home/airflow/.local/lib/python3.6/site-packages/airflow/example_dags/example_branch_python_dop_operator_3.py took 0.101 seconds
[2023-12-22 20:53:48,951] {processor.py:163} INFO - Started process (PID=1829) to work on /home/airflow/.local/lib/python3.6/site-packages/airflow/example_dags/example_branch_python_dop_operator_3.py
[2023-12-22 20:53:48,952] {processor.py:642} INFO - Processing file /home/airflow/.local/lib/python3.6/site-packages/airflow/example_dags/example_branch_python_dop_operator_3.py for tasks to queue
[2023-12-22 20:53:48,953] {logging_mixin.py:109} INFO - [2023-12-22 20:53:48,953] {dagbag.py:500} INFO - Filling up the DagBag from /home/airflow/.local/lib/python3.6/site-packages/airflow/example_dags/example_branch_python_dop_operator_3.py
[2023-12-22 20:53:48,969] {processor.py:652} INFO - DAG(s) dict_keys(['example_branch_dop_operator_v3']) retrieved from /home/airflow/.local/lib/python3.6/site-packages/airflow/example_dags/example_branch_python_dop_operator_3.py
[2023-12-22 20:53:48,990] {logging_mixin.py:109} INFO - [2023-12-22 20:53:48,990] {dag.py:2398} INFO - Sync 1 DAGs
[2023-12-22 20:53:49,009] {logging_mixin.py:109} INFO - [2023-12-22 20:53:49,009] {dag.py:2937} INFO - Setting next_dagrun for example_branch_dop_operator_v3 to 2023-12-22T20:52:00+00:00
[2023-12-22 20:53:49,037] {processor.py:171} INFO - Processing /home/airflow/.local/lib/python3.6/site-packages/airflow/example_dags/example_branch_python_dop_operator_3.py took 0.089 seconds
[2023-12-22 20:54:19,075] {processor.py:163} INFO - Started process (PID=1902) to work on /home/airflow/.local/lib/python3.6/site-packages/airflow/example_dags/example_branch_python_dop_operator_3.py
[2023-12-22 20:54:19,077] {processor.py:642} INFO - Processing file /home/airflow/.local/lib/python3.6/site-packages/airflow/example_dags/example_branch_python_dop_operator_3.py for tasks to queue
[2023-12-22 20:54:19,078] {logging_mixin.py:109} INFO - [2023-12-22 20:54:19,078] {dagbag.py:500} INFO - Filling up the DagBag from /home/airflow/.local/lib/python3.6/site-packages/airflow/example_dags/example_branch_python_dop_operator_3.py
[2023-12-22 20:54:19,091] {processor.py:652} INFO - DAG(s) dict_keys(['example_branch_dop_operator_v3']) retrieved from /home/airflow/.local/lib/python3.6/site-packages/airflow/example_dags/example_branch_python_dop_operator_3.py
[2023-12-22 20:54:19,112] {logging_mixin.py:109} INFO - [2023-12-22 20:54:19,112] {dag.py:2398} INFO - Sync 1 DAGs
[2023-12-22 20:54:19,135] {logging_mixin.py:109} INFO - [2023-12-22 20:54:19,135] {dag.py:2937} INFO - Setting next_dagrun for example_branch_dop_operator_v3 to 2023-12-22T20:53:00+00:00
[2023-12-22 20:54:19,147] {processor.py:171} INFO - Processing /home/airflow/.local/lib/python3.6/site-packages/airflow/example_dags/example_branch_python_dop_operator_3.py took 0.074 seconds
[2023-12-22 20:54:50,080] {processor.py:163} INFO - Started process (PID=1966) to work on /home/airflow/.local/lib/python3.6/site-packages/airflow/example_dags/example_branch_python_dop_operator_3.py
[2023-12-22 20:54:50,081] {processor.py:642} INFO - Processing file /home/airflow/.local/lib/python3.6/site-packages/airflow/example_dags/example_branch_python_dop_operator_3.py for tasks to queue
[2023-12-22 20:54:50,082] {logging_mixin.py:109} INFO - [2023-12-22 20:54:50,082] {dagbag.py:500} INFO - Filling up the DagBag from /home/airflow/.local/lib/python3.6/site-packages/airflow/example_dags/example_branch_python_dop_operator_3.py
[2023-12-22 20:54:50,099] {processor.py:652} INFO - DAG(s) dict_keys(['example_branch_dop_operator_v3']) retrieved from /home/airflow/.local/lib/python3.6/site-packages/airflow/example_dags/example_branch_python_dop_operator_3.py
[2023-12-22 20:54:50,118] {logging_mixin.py:109} INFO - [2023-12-22 20:54:50,117] {dag.py:2398} INFO - Sync 1 DAGs
[2023-12-22 20:54:50,138] {logging_mixin.py:109} INFO - [2023-12-22 20:54:50,138] {dag.py:2937} INFO - Setting next_dagrun for example_branch_dop_operator_v3 to 2023-12-22T20:53:00+00:00
[2023-12-22 20:54:50,149] {processor.py:171} INFO - Processing /home/airflow/.local/lib/python3.6/site-packages/airflow/example_dags/example_branch_python_dop_operator_3.py took 0.072 seconds
[2023-12-22 20:55:20,676] {processor.py:163} INFO - Started process (PID=2040) to work on /home/airflow/.local/lib/python3.6/site-packages/airflow/example_dags/example_branch_python_dop_operator_3.py
[2023-12-22 20:55:20,677] {processor.py:642} INFO - Processing file /home/airflow/.local/lib/python3.6/site-packages/airflow/example_dags/example_branch_python_dop_operator_3.py for tasks to queue
[2023-12-22 20:55:20,678] {logging_mixin.py:109} INFO - [2023-12-22 20:55:20,678] {dagbag.py:500} INFO - Filling up the DagBag from /home/airflow/.local/lib/python3.6/site-packages/airflow/example_dags/example_branch_python_dop_operator_3.py
[2023-12-22 20:55:20,693] {processor.py:652} INFO - DAG(s) dict_keys(['example_branch_dop_operator_v3']) retrieved from /home/airflow/.local/lib/python3.6/site-packages/airflow/example_dags/example_branch_python_dop_operator_3.py
[2023-12-22 20:55:20,709] {logging_mixin.py:109} INFO - [2023-12-22 20:55:20,709] {dag.py:2398} INFO - Sync 1 DAGs
[2023-12-22 20:55:20,727] {logging_mixin.py:109} INFO - [2023-12-22 20:55:20,727] {dag.py:2937} INFO - Setting next_dagrun for example_branch_dop_operator_v3 to 2023-12-22T20:54:00+00:00
[2023-12-22 20:55:20,737] {processor.py:171} INFO - Processing /home/airflow/.local/lib/python3.6/site-packages/airflow/example_dags/example_branch_python_dop_operator_3.py took 0.063 seconds
[2023-12-22 20:55:50,794] {processor.py:163} INFO - Started process (PID=2103) to work on /home/airflow/.local/lib/python3.6/site-packages/airflow/example_dags/example_branch_python_dop_operator_3.py
[2023-12-22 20:55:50,795] {processor.py:642} INFO - Processing file /home/airflow/.local/lib/python3.6/site-packages/airflow/example_dags/example_branch_python_dop_operator_3.py for tasks to queue
[2023-12-22 20:55:50,796] {logging_mixin.py:109} INFO - [2023-12-22 20:55:50,796] {dagbag.py:500} INFO - Filling up the DagBag from /home/airflow/.local/lib/python3.6/site-packages/airflow/example_dags/example_branch_python_dop_operator_3.py
[2023-12-22 20:55:50,808] {processor.py:652} INFO - DAG(s) dict_keys(['example_branch_dop_operator_v3']) retrieved from /home/airflow/.local/lib/python3.6/site-packages/airflow/example_dags/example_branch_python_dop_operator_3.py
[2023-12-22 20:55:50,827] {logging_mixin.py:109} INFO - [2023-12-22 20:55:50,827] {dag.py:2398} INFO - Sync 1 DAGs
[2023-12-22 20:55:50,844] {logging_mixin.py:109} INFO - [2023-12-22 20:55:50,844] {dag.py:2937} INFO - Setting next_dagrun for example_branch_dop_operator_v3 to 2023-12-22T20:54:00+00:00
[2023-12-22 20:55:50,855] {processor.py:171} INFO - Processing /home/airflow/.local/lib/python3.6/site-packages/airflow/example_dags/example_branch_python_dop_operator_3.py took 0.062 seconds
[2023-12-22 20:56:21,181] {processor.py:163} INFO - Started process (PID=2176) to work on /home/airflow/.local/lib/python3.6/site-packages/airflow/example_dags/example_branch_python_dop_operator_3.py
[2023-12-22 20:56:21,182] {processor.py:642} INFO - Processing file /home/airflow/.local/lib/python3.6/site-packages/airflow/example_dags/example_branch_python_dop_operator_3.py for tasks to queue
[2023-12-22 20:56:21,183] {logging_mixin.py:109} INFO - [2023-12-22 20:56:21,182] {dagbag.py:500} INFO - Filling up the DagBag from /home/airflow/.local/lib/python3.6/site-packages/airflow/example_dags/example_branch_python_dop_operator_3.py
[2023-12-22 20:56:21,197] {processor.py:652} INFO - DAG(s) dict_keys(['example_branch_dop_operator_v3']) retrieved from /home/airflow/.local/lib/python3.6/site-packages/airflow/example_dags/example_branch_python_dop_operator_3.py
[2023-12-22 20:56:21,214] {logging_mixin.py:109} INFO - [2023-12-22 20:56:21,214] {dag.py:2398} INFO - Sync 1 DAGs
[2023-12-22 20:56:21,232] {logging_mixin.py:109} INFO - [2023-12-22 20:56:21,232] {dag.py:2937} INFO - Setting next_dagrun for example_branch_dop_operator_v3 to 2023-12-22T20:55:00+00:00
[2023-12-22 20:56:21,242] {processor.py:171} INFO - Processing /home/airflow/.local/lib/python3.6/site-packages/airflow/example_dags/example_branch_python_dop_operator_3.py took 0.064 seconds
[2023-12-22 20:56:51,440] {processor.py:163} INFO - Started process (PID=2239) to work on /home/airflow/.local/lib/python3.6/site-packages/airflow/example_dags/example_branch_python_dop_operator_3.py
[2023-12-22 20:56:51,441] {processor.py:642} INFO - Processing file /home/airflow/.local/lib/python3.6/site-packages/airflow/example_dags/example_branch_python_dop_operator_3.py for tasks to queue
[2023-12-22 20:56:51,442] {logging_mixin.py:109} INFO - [2023-12-22 20:56:51,441] {dagbag.py:500} INFO - Filling up the DagBag from /home/airflow/.local/lib/python3.6/site-packages/airflow/example_dags/example_branch_python_dop_operator_3.py
[2023-12-22 20:56:51,462] {processor.py:652} INFO - DAG(s) dict_keys(['example_branch_dop_operator_v3']) retrieved from /home/airflow/.local/lib/python3.6/site-packages/airflow/example_dags/example_branch_python_dop_operator_3.py
[2023-12-22 20:56:51,480] {logging_mixin.py:109} INFO - [2023-12-22 20:56:51,480] {dag.py:2398} INFO - Sync 1 DAGs
[2023-12-22 20:56:51,509] {logging_mixin.py:109} INFO - [2023-12-22 20:56:51,508] {dag.py:2937} INFO - Setting next_dagrun for example_branch_dop_operator_v3 to 2023-12-22T20:55:00+00:00
[2023-12-22 20:56:51,525] {processor.py:171} INFO - Processing /home/airflow/.local/lib/python3.6/site-packages/airflow/example_dags/example_branch_python_dop_operator_3.py took 0.088 seconds
[2023-12-22 20:57:21,707] {processor.py:163} INFO - Started process (PID=2313) to work on /home/airflow/.local/lib/python3.6/site-packages/airflow/example_dags/example_branch_python_dop_operator_3.py
[2023-12-22 20:57:21,708] {processor.py:642} INFO - Processing file /home/airflow/.local/lib/python3.6/site-packages/airflow/example_dags/example_branch_python_dop_operator_3.py for tasks to queue
[2023-12-22 20:57:21,709] {logging_mixin.py:109} INFO - [2023-12-22 20:57:21,709] {dagbag.py:500} INFO - Filling up the DagBag from /home/airflow/.local/lib/python3.6/site-packages/airflow/example_dags/example_branch_python_dop_operator_3.py
[2023-12-22 20:57:21,729] {processor.py:652} INFO - DAG(s) dict_keys(['example_branch_dop_operator_v3']) retrieved from /home/airflow/.local/lib/python3.6/site-packages/airflow/example_dags/example_branch_python_dop_operator_3.py
[2023-12-22 20:57:21,747] {logging_mixin.py:109} INFO - [2023-12-22 20:57:21,747] {dag.py:2398} INFO - Sync 1 DAGs
[2023-12-22 20:57:21,769] {logging_mixin.py:109} INFO - [2023-12-22 20:57:21,769] {dag.py:2937} INFO - Setting next_dagrun for example_branch_dop_operator_v3 to 2023-12-22T20:56:00+00:00
[2023-12-22 20:57:21,777] {processor.py:171} INFO - Processing /home/airflow/.local/lib/python3.6/site-packages/airflow/example_dags/example_branch_python_dop_operator_3.py took 0.072 seconds
[2023-12-22 20:57:52,494] {processor.py:163} INFO - Started process (PID=2377) to work on /home/airflow/.local/lib/python3.6/site-packages/airflow/example_dags/example_branch_python_dop_operator_3.py
[2023-12-22 20:57:52,495] {processor.py:642} INFO - Processing file /home/airflow/.local/lib/python3.6/site-packages/airflow/example_dags/example_branch_python_dop_operator_3.py for tasks to queue
[2023-12-22 20:57:52,496] {logging_mixin.py:109} INFO - [2023-12-22 20:57:52,496] {dagbag.py:500} INFO - Filling up the DagBag from /home/airflow/.local/lib/python3.6/site-packages/airflow/example_dags/example_branch_python_dop_operator_3.py
[2023-12-22 20:57:52,510] {processor.py:652} INFO - DAG(s) dict_keys(['example_branch_dop_operator_v3']) retrieved from /home/airflow/.local/lib/python3.6/site-packages/airflow/example_dags/example_branch_python_dop_operator_3.py
[2023-12-22 20:57:52,529] {logging_mixin.py:109} INFO - [2023-12-22 20:57:52,529] {dag.py:2398} INFO - Sync 1 DAGs
[2023-12-22 20:57:52,551] {logging_mixin.py:109} INFO - [2023-12-22 20:57:52,551] {dag.py:2937} INFO - Setting next_dagrun for example_branch_dop_operator_v3 to 2023-12-22T20:56:00+00:00
[2023-12-22 20:57:52,563] {processor.py:171} INFO - Processing /home/airflow/.local/lib/python3.6/site-packages/airflow/example_dags/example_branch_python_dop_operator_3.py took 0.072 seconds
[2023-12-22 20:58:22,827] {processor.py:163} INFO - Started process (PID=2450) to work on /home/airflow/.local/lib/python3.6/site-packages/airflow/example_dags/example_branch_python_dop_operator_3.py
[2023-12-22 20:58:22,828] {processor.py:642} INFO - Processing file /home/airflow/.local/lib/python3.6/site-packages/airflow/example_dags/example_branch_python_dop_operator_3.py for tasks to queue
[2023-12-22 20:58:22,829] {logging_mixin.py:109} INFO - [2023-12-22 20:58:22,829] {dagbag.py:500} INFO - Filling up the DagBag from /home/airflow/.local/lib/python3.6/site-packages/airflow/example_dags/example_branch_python_dop_operator_3.py
[2023-12-22 20:58:22,850] {processor.py:652} INFO - DAG(s) dict_keys(['example_branch_dop_operator_v3']) retrieved from /home/airflow/.local/lib/python3.6/site-packages/airflow/example_dags/example_branch_python_dop_operator_3.py
[2023-12-22 20:58:22,876] {logging_mixin.py:109} INFO - [2023-12-22 20:58:22,875] {dag.py:2398} INFO - Sync 1 DAGs
[2023-12-22 20:58:22,902] {logging_mixin.py:109} INFO - [2023-12-22 20:58:22,902] {dag.py:2937} INFO - Setting next_dagrun for example_branch_dop_operator_v3 to 2023-12-22T20:57:00+00:00
[2023-12-22 20:58:22,919] {processor.py:171} INFO - Processing /home/airflow/.local/lib/python3.6/site-packages/airflow/example_dags/example_branch_python_dop_operator_3.py took 0.100 seconds
[2023-12-22 20:58:53,526] {processor.py:163} INFO - Started process (PID=2514) to work on /home/airflow/.local/lib/python3.6/site-packages/airflow/example_dags/example_branch_python_dop_operator_3.py
[2023-12-22 20:58:53,533] {processor.py:642} INFO - Processing file /home/airflow/.local/lib/python3.6/site-packages/airflow/example_dags/example_branch_python_dop_operator_3.py for tasks to queue
[2023-12-22 20:58:53,536] {logging_mixin.py:109} INFO - [2023-12-22 20:58:53,536] {dagbag.py:500} INFO - Filling up the DagBag from /home/airflow/.local/lib/python3.6/site-packages/airflow/example_dags/example_branch_python_dop_operator_3.py
[2023-12-22 20:58:53,603] {processor.py:652} INFO - DAG(s) dict_keys(['example_branch_dop_operator_v3']) retrieved from /home/airflow/.local/lib/python3.6/site-packages/airflow/example_dags/example_branch_python_dop_operator_3.py
[2023-12-22 20:58:53,666] {logging_mixin.py:109} INFO - [2023-12-22 20:58:53,666] {dag.py:2398} INFO - Sync 1 DAGs
[2023-12-22 20:58:53,726] {logging_mixin.py:109} INFO - [2023-12-22 20:58:53,725] {dag.py:2937} INFO - Setting next_dagrun for example_branch_dop_operator_v3 to 2023-12-22T20:57:00+00:00
[2023-12-22 20:58:53,748] {processor.py:171} INFO - Processing /home/airflow/.local/lib/python3.6/site-packages/airflow/example_dags/example_branch_python_dop_operator_3.py took 0.233 seconds
[2023-12-22 20:59:24,062] {processor.py:163} INFO - Started process (PID=2578) to work on /home/airflow/.local/lib/python3.6/site-packages/airflow/example_dags/example_branch_python_dop_operator_3.py
[2023-12-22 20:59:24,070] {processor.py:642} INFO - Processing file /home/airflow/.local/lib/python3.6/site-packages/airflow/example_dags/example_branch_python_dop_operator_3.py for tasks to queue
[2023-12-22 20:59:24,075] {logging_mixin.py:109} INFO - [2023-12-22 20:59:24,075] {dagbag.py:500} INFO - Filling up the DagBag from /home/airflow/.local/lib/python3.6/site-packages/airflow/example_dags/example_branch_python_dop_operator_3.py
[2023-12-22 20:59:24,100] {processor.py:652} INFO - DAG(s) dict_keys(['example_branch_dop_operator_v3']) retrieved from /home/airflow/.local/lib/python3.6/site-packages/airflow/example_dags/example_branch_python_dop_operator_3.py
[2023-12-22 20:59:24,130] {logging_mixin.py:109} INFO - [2023-12-22 20:59:24,130] {dag.py:2398} INFO - Sync 1 DAGs
[2023-12-22 20:59:24,166] {logging_mixin.py:109} INFO - [2023-12-22 20:59:24,165] {dag.py:2937} INFO - Setting next_dagrun for example_branch_dop_operator_v3 to 2023-12-22T20:58:00+00:00
[2023-12-22 20:59:24,179] {processor.py:171} INFO - Processing /home/airflow/.local/lib/python3.6/site-packages/airflow/example_dags/example_branch_python_dop_operator_3.py took 0.120 seconds
[2023-12-22 20:59:54,791] {processor.py:163} INFO - Started process (PID=2642) to work on /home/airflow/.local/lib/python3.6/site-packages/airflow/example_dags/example_branch_python_dop_operator_3.py
[2023-12-22 20:59:54,794] {processor.py:642} INFO - Processing file /home/airflow/.local/lib/python3.6/site-packages/airflow/example_dags/example_branch_python_dop_operator_3.py for tasks to queue
[2023-12-22 20:59:54,795] {logging_mixin.py:109} INFO - [2023-12-22 20:59:54,795] {dagbag.py:500} INFO - Filling up the DagBag from /home/airflow/.local/lib/python3.6/site-packages/airflow/example_dags/example_branch_python_dop_operator_3.py
[2023-12-22 20:59:54,833] {processor.py:652} INFO - DAG(s) dict_keys(['example_branch_dop_operator_v3']) retrieved from /home/airflow/.local/lib/python3.6/site-packages/airflow/example_dags/example_branch_python_dop_operator_3.py
[2023-12-22 20:59:54,873] {logging_mixin.py:109} INFO - [2023-12-22 20:59:54,872] {dag.py:2398} INFO - Sync 1 DAGs
[2023-12-22 20:59:54,913] {logging_mixin.py:109} INFO - [2023-12-22 20:59:54,913] {dag.py:2937} INFO - Setting next_dagrun for example_branch_dop_operator_v3 to 2023-12-22T20:58:00+00:00
[2023-12-22 20:59:54,936] {processor.py:171} INFO - Processing /home/airflow/.local/lib/python3.6/site-packages/airflow/example_dags/example_branch_python_dop_operator_3.py took 0.151 seconds
[2023-12-22 21:00:25,803] {processor.py:163} INFO - Started process (PID=2706) to work on /home/airflow/.local/lib/python3.6/site-packages/airflow/example_dags/example_branch_python_dop_operator_3.py
[2023-12-22 21:00:25,814] {processor.py:642} INFO - Processing file /home/airflow/.local/lib/python3.6/site-packages/airflow/example_dags/example_branch_python_dop_operator_3.py for tasks to queue
[2023-12-22 21:00:25,817] {logging_mixin.py:109} INFO - [2023-12-22 21:00:25,817] {dagbag.py:500} INFO - Filling up the DagBag from /home/airflow/.local/lib/python3.6/site-packages/airflow/example_dags/example_branch_python_dop_operator_3.py
[2023-12-22 21:00:25,911] {processor.py:652} INFO - DAG(s) dict_keys(['example_branch_dop_operator_v3']) retrieved from /home/airflow/.local/lib/python3.6/site-packages/airflow/example_dags/example_branch_python_dop_operator_3.py
[2023-12-22 21:00:25,995] {logging_mixin.py:109} INFO - [2023-12-22 21:00:25,994] {dag.py:2398} INFO - Sync 1 DAGs
[2023-12-22 21:00:26,110] {logging_mixin.py:109} INFO - [2023-12-22 21:00:26,109] {dag.py:2937} INFO - Setting next_dagrun for example_branch_dop_operator_v3 to 2023-12-22T20:59:00+00:00
[2023-12-22 21:00:26,151] {processor.py:171} INFO - Processing /home/airflow/.local/lib/python3.6/site-packages/airflow/example_dags/example_branch_python_dop_operator_3.py took 0.353 seconds
[2023-12-22 21:00:56,995] {processor.py:163} INFO - Started process (PID=2770) to work on /home/airflow/.local/lib/python3.6/site-packages/airflow/example_dags/example_branch_python_dop_operator_3.py
[2023-12-22 21:00:56,998] {processor.py:642} INFO - Processing file /home/airflow/.local/lib/python3.6/site-packages/airflow/example_dags/example_branch_python_dop_operator_3.py for tasks to queue
[2023-12-22 21:00:56,999] {logging_mixin.py:109} INFO - [2023-12-22 21:00:56,999] {dagbag.py:500} INFO - Filling up the DagBag from /home/airflow/.local/lib/python3.6/site-packages/airflow/example_dags/example_branch_python_dop_operator_3.py
[2023-12-22 21:00:57,037] {processor.py:652} INFO - DAG(s) dict_keys(['example_branch_dop_operator_v3']) retrieved from /home/airflow/.local/lib/python3.6/site-packages/airflow/example_dags/example_branch_python_dop_operator_3.py
[2023-12-22 21:00:57,077] {logging_mixin.py:109} INFO - [2023-12-22 21:00:57,077] {dag.py:2398} INFO - Sync 1 DAGs
[2023-12-22 21:00:57,136] {logging_mixin.py:109} INFO - [2023-12-22 21:00:57,136] {dag.py:2937} INFO - Setting next_dagrun for example_branch_dop_operator_v3 to 2023-12-22T20:59:00+00:00
[2023-12-22 21:00:57,160] {processor.py:171} INFO - Processing /home/airflow/.local/lib/python3.6/site-packages/airflow/example_dags/example_branch_python_dop_operator_3.py took 0.169 seconds
[2023-12-22 21:01:27,219] {processor.py:163} INFO - Started process (PID=2844) to work on /home/airflow/.local/lib/python3.6/site-packages/airflow/example_dags/example_branch_python_dop_operator_3.py
[2023-12-22 21:01:27,220] {processor.py:642} INFO - Processing file /home/airflow/.local/lib/python3.6/site-packages/airflow/example_dags/example_branch_python_dop_operator_3.py for tasks to queue
[2023-12-22 21:01:27,222] {logging_mixin.py:109} INFO - [2023-12-22 21:01:27,222] {dagbag.py:500} INFO - Filling up the DagBag from /home/airflow/.local/lib/python3.6/site-packages/airflow/example_dags/example_branch_python_dop_operator_3.py
[2023-12-22 21:01:27,238] {processor.py:652} INFO - DAG(s) dict_keys(['example_branch_dop_operator_v3']) retrieved from /home/airflow/.local/lib/python3.6/site-packages/airflow/example_dags/example_branch_python_dop_operator_3.py
[2023-12-22 21:01:27,256] {logging_mixin.py:109} INFO - [2023-12-22 21:01:27,256] {dag.py:2398} INFO - Sync 1 DAGs
[2023-12-22 21:01:27,278] {logging_mixin.py:109} INFO - [2023-12-22 21:01:27,277] {dag.py:2937} INFO - Setting next_dagrun for example_branch_dop_operator_v3 to 2023-12-22T21:00:00+00:00
[2023-12-22 21:01:27,291] {processor.py:171} INFO - Processing /home/airflow/.local/lib/python3.6/site-packages/airflow/example_dags/example_branch_python_dop_operator_3.py took 0.076 seconds
[2023-12-22 21:01:58,117] {processor.py:163} INFO - Started process (PID=2908) to work on /home/airflow/.local/lib/python3.6/site-packages/airflow/example_dags/example_branch_python_dop_operator_3.py
[2023-12-22 21:01:58,119] {processor.py:642} INFO - Processing file /home/airflow/.local/lib/python3.6/site-packages/airflow/example_dags/example_branch_python_dop_operator_3.py for tasks to queue
[2023-12-22 21:01:58,120] {logging_mixin.py:109} INFO - [2023-12-22 21:01:58,120] {dagbag.py:500} INFO - Filling up the DagBag from /home/airflow/.local/lib/python3.6/site-packages/airflow/example_dags/example_branch_python_dop_operator_3.py
[2023-12-22 21:01:58,135] {processor.py:652} INFO - DAG(s) dict_keys(['example_branch_dop_operator_v3']) retrieved from /home/airflow/.local/lib/python3.6/site-packages/airflow/example_dags/example_branch_python_dop_operator_3.py
[2023-12-22 21:01:58,154] {logging_mixin.py:109} INFO - [2023-12-22 21:01:58,154] {dag.py:2398} INFO - Sync 1 DAGs
[2023-12-22 21:01:58,177] {logging_mixin.py:109} INFO - [2023-12-22 21:01:58,177] {dag.py:2937} INFO - Setting next_dagrun for example_branch_dop_operator_v3 to 2023-12-22T21:00:00+00:00
[2023-12-22 21:01:58,188] {processor.py:171} INFO - Processing /home/airflow/.local/lib/python3.6/site-packages/airflow/example_dags/example_branch_python_dop_operator_3.py took 0.073 seconds
[2023-12-22 21:02:28,496] {processor.py:163} INFO - Started process (PID=2983) to work on /home/airflow/.local/lib/python3.6/site-packages/airflow/example_dags/example_branch_python_dop_operator_3.py
[2023-12-22 21:02:28,498] {processor.py:642} INFO - Processing file /home/airflow/.local/lib/python3.6/site-packages/airflow/example_dags/example_branch_python_dop_operator_3.py for tasks to queue
[2023-12-22 21:02:28,499] {logging_mixin.py:109} INFO - [2023-12-22 21:02:28,499] {dagbag.py:500} INFO - Filling up the DagBag from /home/airflow/.local/lib/python3.6/site-packages/airflow/example_dags/example_branch_python_dop_operator_3.py
[2023-12-22 21:02:28,518] {processor.py:652} INFO - DAG(s) dict_keys(['example_branch_dop_operator_v3']) retrieved from /home/airflow/.local/lib/python3.6/site-packages/airflow/example_dags/example_branch_python_dop_operator_3.py
[2023-12-22 21:02:28,537] {logging_mixin.py:109} INFO - [2023-12-22 21:02:28,537] {dag.py:2398} INFO - Sync 1 DAGs
[2023-12-22 21:02:28,557] {logging_mixin.py:109} INFO - [2023-12-22 21:02:28,557] {dag.py:2937} INFO - Setting next_dagrun for example_branch_dop_operator_v3 to 2023-12-22T21:01:00+00:00
[2023-12-22 21:02:28,568] {processor.py:171} INFO - Processing /home/airflow/.local/lib/python3.6/site-packages/airflow/example_dags/example_branch_python_dop_operator_3.py took 0.074 seconds
[2023-12-22 21:02:58,930] {processor.py:163} INFO - Started process (PID=3047) to work on /home/airflow/.local/lib/python3.6/site-packages/airflow/example_dags/example_branch_python_dop_operator_3.py
[2023-12-22 21:02:58,931] {processor.py:642} INFO - Processing file /home/airflow/.local/lib/python3.6/site-packages/airflow/example_dags/example_branch_python_dop_operator_3.py for tasks to queue
[2023-12-22 21:02:58,932] {logging_mixin.py:109} INFO - [2023-12-22 21:02:58,932] {dagbag.py:500} INFO - Filling up the DagBag from /home/airflow/.local/lib/python3.6/site-packages/airflow/example_dags/example_branch_python_dop_operator_3.py
[2023-12-22 21:02:58,945] {processor.py:652} INFO - DAG(s) dict_keys(['example_branch_dop_operator_v3']) retrieved from /home/airflow/.local/lib/python3.6/site-packages/airflow/example_dags/example_branch_python_dop_operator_3.py
[2023-12-22 21:02:58,961] {logging_mixin.py:109} INFO - [2023-12-22 21:02:58,961] {dag.py:2398} INFO - Sync 1 DAGs
[2023-12-22 21:02:58,980] {logging_mixin.py:109} INFO - [2023-12-22 21:02:58,979] {dag.py:2937} INFO - Setting next_dagrun for example_branch_dop_operator_v3 to 2023-12-22T21:01:00+00:00
[2023-12-22 21:02:58,990] {processor.py:171} INFO - Processing /home/airflow/.local/lib/python3.6/site-packages/airflow/example_dags/example_branch_python_dop_operator_3.py took 0.063 seconds
[2023-12-22 21:03:29,114] {processor.py:163} INFO - Started process (PID=3109) to work on /home/airflow/.local/lib/python3.6/site-packages/airflow/example_dags/example_branch_python_dop_operator_3.py
[2023-12-22 21:03:29,116] {processor.py:642} INFO - Processing file /home/airflow/.local/lib/python3.6/site-packages/airflow/example_dags/example_branch_python_dop_operator_3.py for tasks to queue
[2023-12-22 21:03:29,116] {logging_mixin.py:109} INFO - [2023-12-22 21:03:29,116] {dagbag.py:500} INFO - Filling up the DagBag from /home/airflow/.local/lib/python3.6/site-packages/airflow/example_dags/example_branch_python_dop_operator_3.py
[2023-12-22 21:03:29,131] {processor.py:652} INFO - DAG(s) dict_keys(['example_branch_dop_operator_v3']) retrieved from /home/airflow/.local/lib/python3.6/site-packages/airflow/example_dags/example_branch_python_dop_operator_3.py
[2023-12-22 21:03:29,152] {logging_mixin.py:109} INFO - [2023-12-22 21:03:29,152] {dag.py:2398} INFO - Sync 1 DAGs
[2023-12-22 21:03:29,172] {logging_mixin.py:109} INFO - [2023-12-22 21:03:29,172] {dag.py:2937} INFO - Setting next_dagrun for example_branch_dop_operator_v3 to 2023-12-22T21:02:00+00:00
[2023-12-22 21:03:29,182] {processor.py:171} INFO - Processing /home/airflow/.local/lib/python3.6/site-packages/airflow/example_dags/example_branch_python_dop_operator_3.py took 0.070 seconds
[2023-12-22 21:03:59,394] {processor.py:163} INFO - Started process (PID=3172) to work on /home/airflow/.local/lib/python3.6/site-packages/airflow/example_dags/example_branch_python_dop_operator_3.py
[2023-12-22 21:03:59,396] {processor.py:642} INFO - Processing file /home/airflow/.local/lib/python3.6/site-packages/airflow/example_dags/example_branch_python_dop_operator_3.py for tasks to queue
[2023-12-22 21:03:59,397] {logging_mixin.py:109} INFO - [2023-12-22 21:03:59,397] {dagbag.py:500} INFO - Filling up the DagBag from /home/airflow/.local/lib/python3.6/site-packages/airflow/example_dags/example_branch_python_dop_operator_3.py
[2023-12-22 21:03:59,414] {processor.py:652} INFO - DAG(s) dict_keys(['example_branch_dop_operator_v3']) retrieved from /home/airflow/.local/lib/python3.6/site-packages/airflow/example_dags/example_branch_python_dop_operator_3.py
[2023-12-22 21:03:59,434] {logging_mixin.py:109} INFO - [2023-12-22 21:03:59,434] {dag.py:2398} INFO - Sync 1 DAGs
[2023-12-22 21:03:59,456] {logging_mixin.py:109} INFO - [2023-12-22 21:03:59,456] {dag.py:2937} INFO - Setting next_dagrun for example_branch_dop_operator_v3 to 2023-12-22T21:02:00+00:00
[2023-12-22 21:03:59,468] {processor.py:171} INFO - Processing /home/airflow/.local/lib/python3.6/site-packages/airflow/example_dags/example_branch_python_dop_operator_3.py took 0.076 seconds
[2023-12-22 21:04:29,625] {processor.py:163} INFO - Started process (PID=3246) to work on /home/airflow/.local/lib/python3.6/site-packages/airflow/example_dags/example_branch_python_dop_operator_3.py
[2023-12-22 21:04:29,627] {processor.py:642} INFO - Processing file /home/airflow/.local/lib/python3.6/site-packages/airflow/example_dags/example_branch_python_dop_operator_3.py for tasks to queue
[2023-12-22 21:04:29,627] {logging_mixin.py:109} INFO - [2023-12-22 21:04:29,627] {dagbag.py:500} INFO - Filling up the DagBag from /home/airflow/.local/lib/python3.6/site-packages/airflow/example_dags/example_branch_python_dop_operator_3.py
[2023-12-22 21:04:29,641] {processor.py:652} INFO - DAG(s) dict_keys(['example_branch_dop_operator_v3']) retrieved from /home/airflow/.local/lib/python3.6/site-packages/airflow/example_dags/example_branch_python_dop_operator_3.py
[2023-12-22 21:04:29,661] {logging_mixin.py:109} INFO - [2023-12-22 21:04:29,661] {dag.py:2398} INFO - Sync 1 DAGs
[2023-12-22 21:04:29,686] {logging_mixin.py:109} INFO - [2023-12-22 21:04:29,686] {dag.py:2937} INFO - Setting next_dagrun for example_branch_dop_operator_v3 to 2023-12-22T21:03:00+00:00
[2023-12-22 21:04:29,697] {processor.py:171} INFO - Processing /home/airflow/.local/lib/python3.6/site-packages/airflow/example_dags/example_branch_python_dop_operator_3.py took 0.074 seconds
[2023-12-22 21:04:59,949] {processor.py:163} INFO - Started process (PID=3310) to work on /home/airflow/.local/lib/python3.6/site-packages/airflow/example_dags/example_branch_python_dop_operator_3.py
[2023-12-22 21:04:59,950] {processor.py:642} INFO - Processing file /home/airflow/.local/lib/python3.6/site-packages/airflow/example_dags/example_branch_python_dop_operator_3.py for tasks to queue
[2023-12-22 21:04:59,951] {logging_mixin.py:109} INFO - [2023-12-22 21:04:59,951] {dagbag.py:500} INFO - Filling up the DagBag from /home/airflow/.local/lib/python3.6/site-packages/airflow/example_dags/example_branch_python_dop_operator_3.py
[2023-12-22 21:04:59,963] {processor.py:652} INFO - DAG(s) dict_keys(['example_branch_dop_operator_v3']) retrieved from /home/airflow/.local/lib/python3.6/site-packages/airflow/example_dags/example_branch_python_dop_operator_3.py
[2023-12-22 21:04:59,980] {logging_mixin.py:109} INFO - [2023-12-22 21:04:59,980] {dag.py:2398} INFO - Sync 1 DAGs
[2023-12-22 21:04:59,999] {logging_mixin.py:109} INFO - [2023-12-22 21:04:59,999] {dag.py:2937} INFO - Setting next_dagrun for example_branch_dop_operator_v3 to 2023-12-22T21:03:00+00:00
[2023-12-22 21:05:00,008] {processor.py:171} INFO - Processing /home/airflow/.local/lib/python3.6/site-packages/airflow/example_dags/example_branch_python_dop_operator_3.py took 0.062 seconds
[2023-12-22 21:05:30,298] {processor.py:163} INFO - Started process (PID=3384) to work on /home/airflow/.local/lib/python3.6/site-packages/airflow/example_dags/example_branch_python_dop_operator_3.py
[2023-12-22 21:05:30,299] {processor.py:642} INFO - Processing file /home/airflow/.local/lib/python3.6/site-packages/airflow/example_dags/example_branch_python_dop_operator_3.py for tasks to queue
[2023-12-22 21:05:30,300] {logging_mixin.py:109} INFO - [2023-12-22 21:05:30,300] {dagbag.py:500} INFO - Filling up the DagBag from /home/airflow/.local/lib/python3.6/site-packages/airflow/example_dags/example_branch_python_dop_operator_3.py
[2023-12-22 21:05:30,316] {processor.py:652} INFO - DAG(s) dict_keys(['example_branch_dop_operator_v3']) retrieved from /home/airflow/.local/lib/python3.6/site-packages/airflow/example_dags/example_branch_python_dop_operator_3.py
[2023-12-22 21:05:30,334] {logging_mixin.py:109} INFO - [2023-12-22 21:05:30,334] {dag.py:2398} INFO - Sync 1 DAGs
[2023-12-22 21:05:30,353] {logging_mixin.py:109} INFO - [2023-12-22 21:05:30,353] {dag.py:2937} INFO - Setting next_dagrun for example_branch_dop_operator_v3 to 2023-12-22T21:04:00+00:00
[2023-12-22 21:05:30,361] {processor.py:171} INFO - Processing /home/airflow/.local/lib/python3.6/site-packages/airflow/example_dags/example_branch_python_dop_operator_3.py took 0.066 seconds
[2023-12-22 21:06:00,615] {processor.py:163} INFO - Started process (PID=3455) to work on /home/airflow/.local/lib/python3.6/site-packages/airflow/example_dags/example_branch_python_dop_operator_3.py
[2023-12-22 21:06:00,616] {processor.py:642} INFO - Processing file /home/airflow/.local/lib/python3.6/site-packages/airflow/example_dags/example_branch_python_dop_operator_3.py for tasks to queue
[2023-12-22 21:06:00,617] {logging_mixin.py:109} INFO - [2023-12-22 21:06:00,617] {dagbag.py:500} INFO - Filling up the DagBag from /home/airflow/.local/lib/python3.6/site-packages/airflow/example_dags/example_branch_python_dop_operator_3.py
[2023-12-22 21:06:00,636] {processor.py:652} INFO - DAG(s) dict_keys(['example_branch_dop_operator_v3']) retrieved from /home/airflow/.local/lib/python3.6/site-packages/airflow/example_dags/example_branch_python_dop_operator_3.py
[2023-12-22 21:06:00,658] {logging_mixin.py:109} INFO - [2023-12-22 21:06:00,658] {dag.py:2398} INFO - Sync 1 DAGs
[2023-12-22 21:06:00,688] {logging_mixin.py:109} INFO - [2023-12-22 21:06:00,687] {dag.py:2937} INFO - Setting next_dagrun for example_branch_dop_operator_v3 to 2023-12-22T21:05:00+00:00
[2023-12-22 21:06:00,706] {processor.py:171} INFO - Processing /home/airflow/.local/lib/python3.6/site-packages/airflow/example_dags/example_branch_python_dop_operator_3.py took 0.095 seconds
[2023-12-22 21:06:30,831] {processor.py:163} INFO - Started process (PID=3522) to work on /home/airflow/.local/lib/python3.6/site-packages/airflow/example_dags/example_branch_python_dop_operator_3.py
[2023-12-22 21:06:30,832] {processor.py:642} INFO - Processing file /home/airflow/.local/lib/python3.6/site-packages/airflow/example_dags/example_branch_python_dop_operator_3.py for tasks to queue
[2023-12-22 21:06:30,833] {logging_mixin.py:109} INFO - [2023-12-22 21:06:30,832] {dagbag.py:500} INFO - Filling up the DagBag from /home/airflow/.local/lib/python3.6/site-packages/airflow/example_dags/example_branch_python_dop_operator_3.py
[2023-12-22 21:06:30,846] {processor.py:652} INFO - DAG(s) dict_keys(['example_branch_dop_operator_v3']) retrieved from /home/airflow/.local/lib/python3.6/site-packages/airflow/example_dags/example_branch_python_dop_operator_3.py
[2023-12-22 21:06:30,862] {logging_mixin.py:109} INFO - [2023-12-22 21:06:30,862] {dag.py:2398} INFO - Sync 1 DAGs
[2023-12-22 21:06:30,881] {logging_mixin.py:109} INFO - [2023-12-22 21:06:30,881] {dag.py:2937} INFO - Setting next_dagrun for example_branch_dop_operator_v3 to 2023-12-22T21:05:00+00:00
[2023-12-22 21:06:30,889] {processor.py:171} INFO - Processing /home/airflow/.local/lib/python3.6/site-packages/airflow/example_dags/example_branch_python_dop_operator_3.py took 0.061 seconds
[2023-12-22 21:07:01,025] {processor.py:163} INFO - Started process (PID=3596) to work on /home/airflow/.local/lib/python3.6/site-packages/airflow/example_dags/example_branch_python_dop_operator_3.py
[2023-12-22 21:07:01,026] {processor.py:642} INFO - Processing file /home/airflow/.local/lib/python3.6/site-packages/airflow/example_dags/example_branch_python_dop_operator_3.py for tasks to queue
[2023-12-22 21:07:01,027] {logging_mixin.py:109} INFO - [2023-12-22 21:07:01,026] {dagbag.py:500} INFO - Filling up the DagBag from /home/airflow/.local/lib/python3.6/site-packages/airflow/example_dags/example_branch_python_dop_operator_3.py
[2023-12-22 21:07:01,045] {processor.py:652} INFO - DAG(s) dict_keys(['example_branch_dop_operator_v3']) retrieved from /home/airflow/.local/lib/python3.6/site-packages/airflow/example_dags/example_branch_python_dop_operator_3.py
[2023-12-22 21:07:01,065] {logging_mixin.py:109} INFO - [2023-12-22 21:07:01,065] {dag.py:2398} INFO - Sync 1 DAGs
[2023-12-22 21:07:01,089] {logging_mixin.py:109} INFO - [2023-12-22 21:07:01,089] {dag.py:2937} INFO - Setting next_dagrun for example_branch_dop_operator_v3 to 2023-12-22T21:06:00+00:00
[2023-12-22 21:07:01,098] {processor.py:171} INFO - Processing /home/airflow/.local/lib/python3.6/site-packages/airflow/example_dags/example_branch_python_dop_operator_3.py took 0.075 seconds
[2023-12-22 21:07:31,218] {processor.py:163} INFO - Started process (PID=3660) to work on /home/airflow/.local/lib/python3.6/site-packages/airflow/example_dags/example_branch_python_dop_operator_3.py
[2023-12-22 21:07:31,220] {processor.py:642} INFO - Processing file /home/airflow/.local/lib/python3.6/site-packages/airflow/example_dags/example_branch_python_dop_operator_3.py for tasks to queue
[2023-12-22 21:07:31,221] {logging_mixin.py:109} INFO - [2023-12-22 21:07:31,221] {dagbag.py:500} INFO - Filling up the DagBag from /home/airflow/.local/lib/python3.6/site-packages/airflow/example_dags/example_branch_python_dop_operator_3.py
[2023-12-22 21:07:31,238] {processor.py:652} INFO - DAG(s) dict_keys(['example_branch_dop_operator_v3']) retrieved from /home/airflow/.local/lib/python3.6/site-packages/airflow/example_dags/example_branch_python_dop_operator_3.py
[2023-12-22 21:07:31,262] {logging_mixin.py:109} INFO - [2023-12-22 21:07:31,262] {dag.py:2398} INFO - Sync 1 DAGs
[2023-12-22 21:07:31,288] {logging_mixin.py:109} INFO - [2023-12-22 21:07:31,287] {dag.py:2937} INFO - Setting next_dagrun for example_branch_dop_operator_v3 to 2023-12-22T21:06:00+00:00
[2023-12-22 21:07:31,304] {processor.py:171} INFO - Processing /home/airflow/.local/lib/python3.6/site-packages/airflow/example_dags/example_branch_python_dop_operator_3.py took 0.089 seconds
[2023-12-22 21:08:01,363] {processor.py:163} INFO - Started process (PID=3735) to work on /home/airflow/.local/lib/python3.6/site-packages/airflow/example_dags/example_branch_python_dop_operator_3.py
[2023-12-22 21:08:01,365] {processor.py:642} INFO - Processing file /home/airflow/.local/lib/python3.6/site-packages/airflow/example_dags/example_branch_python_dop_operator_3.py for tasks to queue
[2023-12-22 21:08:01,366] {logging_mixin.py:109} INFO - [2023-12-22 21:08:01,366] {dagbag.py:500} INFO - Filling up the DagBag from /home/airflow/.local/lib/python3.6/site-packages/airflow/example_dags/example_branch_python_dop_operator_3.py
[2023-12-22 21:08:01,387] {processor.py:652} INFO - DAG(s) dict_keys(['example_branch_dop_operator_v3']) retrieved from /home/airflow/.local/lib/python3.6/site-packages/airflow/example_dags/example_branch_python_dop_operator_3.py
[2023-12-22 21:08:01,407] {logging_mixin.py:109} INFO - [2023-12-22 21:08:01,407] {dag.py:2398} INFO - Sync 1 DAGs
[2023-12-22 21:08:01,432] {logging_mixin.py:109} INFO - [2023-12-22 21:08:01,432] {dag.py:2937} INFO - Setting next_dagrun for example_branch_dop_operator_v3 to 2023-12-22T21:07:00+00:00
[2023-12-22 21:08:01,440] {processor.py:171} INFO - Processing /home/airflow/.local/lib/python3.6/site-packages/airflow/example_dags/example_branch_python_dop_operator_3.py took 0.079 seconds
[2023-12-22 21:08:32,077] {processor.py:163} INFO - Started process (PID=3799) to work on /home/airflow/.local/lib/python3.6/site-packages/airflow/example_dags/example_branch_python_dop_operator_3.py
[2023-12-22 21:08:32,078] {processor.py:642} INFO - Processing file /home/airflow/.local/lib/python3.6/site-packages/airflow/example_dags/example_branch_python_dop_operator_3.py for tasks to queue
[2023-12-22 21:08:32,079] {logging_mixin.py:109} INFO - [2023-12-22 21:08:32,079] {dagbag.py:500} INFO - Filling up the DagBag from /home/airflow/.local/lib/python3.6/site-packages/airflow/example_dags/example_branch_python_dop_operator_3.py
[2023-12-22 21:08:32,097] {processor.py:652} INFO - DAG(s) dict_keys(['example_branch_dop_operator_v3']) retrieved from /home/airflow/.local/lib/python3.6/site-packages/airflow/example_dags/example_branch_python_dop_operator_3.py
[2023-12-22 21:08:32,120] {logging_mixin.py:109} INFO - [2023-12-22 21:08:32,120] {dag.py:2398} INFO - Sync 1 DAGs
[2023-12-22 21:08:32,140] {logging_mixin.py:109} INFO - [2023-12-22 21:08:32,139] {dag.py:2937} INFO - Setting next_dagrun for example_branch_dop_operator_v3 to 2023-12-22T21:07:00+00:00
[2023-12-22 21:08:32,148] {processor.py:171} INFO - Processing /home/airflow/.local/lib/python3.6/site-packages/airflow/example_dags/example_branch_python_dop_operator_3.py took 0.074 seconds
[2023-12-22 21:09:02,746] {processor.py:163} INFO - Started process (PID=3872) to work on /home/airflow/.local/lib/python3.6/site-packages/airflow/example_dags/example_branch_python_dop_operator_3.py
[2023-12-22 21:09:02,747] {processor.py:642} INFO - Processing file /home/airflow/.local/lib/python3.6/site-packages/airflow/example_dags/example_branch_python_dop_operator_3.py for tasks to queue
[2023-12-22 21:09:02,747] {logging_mixin.py:109} INFO - [2023-12-22 21:09:02,747] {dagbag.py:500} INFO - Filling up the DagBag from /home/airflow/.local/lib/python3.6/site-packages/airflow/example_dags/example_branch_python_dop_operator_3.py
[2023-12-22 21:09:02,763] {processor.py:652} INFO - DAG(s) dict_keys(['example_branch_dop_operator_v3']) retrieved from /home/airflow/.local/lib/python3.6/site-packages/airflow/example_dags/example_branch_python_dop_operator_3.py
[2023-12-22 21:09:02,792] {logging_mixin.py:109} INFO - [2023-12-22 21:09:02,792] {dag.py:2398} INFO - Sync 1 DAGs
[2023-12-22 21:09:02,816] {logging_mixin.py:109} INFO - [2023-12-22 21:09:02,816] {dag.py:2937} INFO - Setting next_dagrun for example_branch_dop_operator_v3 to 2023-12-22T21:08:00+00:00
[2023-12-22 21:09:02,824] {processor.py:171} INFO - Processing /home/airflow/.local/lib/python3.6/site-packages/airflow/example_dags/example_branch_python_dop_operator_3.py took 0.082 seconds
[2023-12-22 21:09:32,969] {processor.py:163} INFO - Started process (PID=3936) to work on /home/airflow/.local/lib/python3.6/site-packages/airflow/example_dags/example_branch_python_dop_operator_3.py
[2023-12-22 21:09:32,970] {processor.py:642} INFO - Processing file /home/airflow/.local/lib/python3.6/site-packages/airflow/example_dags/example_branch_python_dop_operator_3.py for tasks to queue
[2023-12-22 21:09:32,973] {logging_mixin.py:109} INFO - [2023-12-22 21:09:32,972] {dagbag.py:500} INFO - Filling up the DagBag from /home/airflow/.local/lib/python3.6/site-packages/airflow/example_dags/example_branch_python_dop_operator_3.py
[2023-12-22 21:09:32,990] {processor.py:652} INFO - DAG(s) dict_keys(['example_branch_dop_operator_v3']) retrieved from /home/airflow/.local/lib/python3.6/site-packages/airflow/example_dags/example_branch_python_dop_operator_3.py
[2023-12-22 21:09:33,015] {logging_mixin.py:109} INFO - [2023-12-22 21:09:33,015] {dag.py:2398} INFO - Sync 1 DAGs
[2023-12-22 21:09:33,050] {logging_mixin.py:109} INFO - [2023-12-22 21:09:33,050] {dag.py:2937} INFO - Setting next_dagrun for example_branch_dop_operator_v3 to 2023-12-22T21:08:00+00:00
[2023-12-22 21:09:33,063] {processor.py:171} INFO - Processing /home/airflow/.local/lib/python3.6/site-packages/airflow/example_dags/example_branch_python_dop_operator_3.py took 0.101 seconds
[2023-12-22 21:10:03,752] {processor.py:163} INFO - Started process (PID=4009) to work on /home/airflow/.local/lib/python3.6/site-packages/airflow/example_dags/example_branch_python_dop_operator_3.py
[2023-12-22 21:10:03,754] {processor.py:642} INFO - Processing file /home/airflow/.local/lib/python3.6/site-packages/airflow/example_dags/example_branch_python_dop_operator_3.py for tasks to queue
[2023-12-22 21:10:03,754] {logging_mixin.py:109} INFO - [2023-12-22 21:10:03,754] {dagbag.py:500} INFO - Filling up the DagBag from /home/airflow/.local/lib/python3.6/site-packages/airflow/example_dags/example_branch_python_dop_operator_3.py
[2023-12-22 21:10:03,774] {processor.py:652} INFO - DAG(s) dict_keys(['example_branch_dop_operator_v3']) retrieved from /home/airflow/.local/lib/python3.6/site-packages/airflow/example_dags/example_branch_python_dop_operator_3.py
[2023-12-22 21:10:03,797] {logging_mixin.py:109} INFO - [2023-12-22 21:10:03,797] {dag.py:2398} INFO - Sync 1 DAGs
[2023-12-22 21:10:03,824] {logging_mixin.py:109} INFO - [2023-12-22 21:10:03,824] {dag.py:2937} INFO - Setting next_dagrun for example_branch_dop_operator_v3 to 2023-12-22T21:09:00+00:00
[2023-12-22 21:10:03,836] {processor.py:171} INFO - Processing /home/airflow/.local/lib/python3.6/site-packages/airflow/example_dags/example_branch_python_dop_operator_3.py took 0.087 seconds
[2023-12-22 21:10:33,990] {processor.py:163} INFO - Started process (PID=4074) to work on /home/airflow/.local/lib/python3.6/site-packages/airflow/example_dags/example_branch_python_dop_operator_3.py
[2023-12-22 21:10:33,992] {processor.py:642} INFO - Processing file /home/airflow/.local/lib/python3.6/site-packages/airflow/example_dags/example_branch_python_dop_operator_3.py for tasks to queue
[2023-12-22 21:10:33,993] {logging_mixin.py:109} INFO - [2023-12-22 21:10:33,993] {dagbag.py:500} INFO - Filling up the DagBag from /home/airflow/.local/lib/python3.6/site-packages/airflow/example_dags/example_branch_python_dop_operator_3.py
[2023-12-22 21:10:34,020] {processor.py:652} INFO - DAG(s) dict_keys(['example_branch_dop_operator_v3']) retrieved from /home/airflow/.local/lib/python3.6/site-packages/airflow/example_dags/example_branch_python_dop_operator_3.py
[2023-12-22 21:10:34,042] {logging_mixin.py:109} INFO - [2023-12-22 21:10:34,042] {dag.py:2398} INFO - Sync 1 DAGs
[2023-12-22 21:10:34,066] {logging_mixin.py:109} INFO - [2023-12-22 21:10:34,066] {dag.py:2937} INFO - Setting next_dagrun for example_branch_dop_operator_v3 to 2023-12-22T21:09:00+00:00
[2023-12-22 21:10:34,077] {processor.py:171} INFO - Processing /home/airflow/.local/lib/python3.6/site-packages/airflow/example_dags/example_branch_python_dop_operator_3.py took 0.091 seconds
[2023-12-22 21:11:04,844] {processor.py:163} INFO - Started process (PID=4149) to work on /home/airflow/.local/lib/python3.6/site-packages/airflow/example_dags/example_branch_python_dop_operator_3.py
[2023-12-22 21:11:04,846] {processor.py:642} INFO - Processing file /home/airflow/.local/lib/python3.6/site-packages/airflow/example_dags/example_branch_python_dop_operator_3.py for tasks to queue
[2023-12-22 21:11:04,846] {logging_mixin.py:109} INFO - [2023-12-22 21:11:04,846] {dagbag.py:500} INFO - Filling up the DagBag from /home/airflow/.local/lib/python3.6/site-packages/airflow/example_dags/example_branch_python_dop_operator_3.py
[2023-12-22 21:11:04,858] {processor.py:652} INFO - DAG(s) dict_keys(['example_branch_dop_operator_v3']) retrieved from /home/airflow/.local/lib/python3.6/site-packages/airflow/example_dags/example_branch_python_dop_operator_3.py
[2023-12-22 21:11:04,875] {logging_mixin.py:109} INFO - [2023-12-22 21:11:04,875] {dag.py:2398} INFO - Sync 1 DAGs
[2023-12-22 21:11:04,893] {logging_mixin.py:109} INFO - [2023-12-22 21:11:04,893] {dag.py:2937} INFO - Setting next_dagrun for example_branch_dop_operator_v3 to 2023-12-22T21:10:00+00:00
[2023-12-22 21:11:04,902] {processor.py:171} INFO - Processing /home/airflow/.local/lib/python3.6/site-packages/airflow/example_dags/example_branch_python_dop_operator_3.py took 0.060 seconds
[2023-12-22 21:11:35,310] {processor.py:163} INFO - Started process (PID=4222) to work on /home/airflow/.local/lib/python3.6/site-packages/airflow/example_dags/example_branch_python_dop_operator_3.py
[2023-12-22 21:11:35,315] {processor.py:642} INFO - Processing file /home/airflow/.local/lib/python3.6/site-packages/airflow/example_dags/example_branch_python_dop_operator_3.py for tasks to queue
[2023-12-22 21:11:35,319] {logging_mixin.py:109} INFO - [2023-12-22 21:11:35,319] {dagbag.py:500} INFO - Filling up the DagBag from /home/airflow/.local/lib/python3.6/site-packages/airflow/example_dags/example_branch_python_dop_operator_3.py
[2023-12-22 21:11:35,357] {processor.py:652} INFO - DAG(s) dict_keys(['example_branch_dop_operator_v3']) retrieved from /home/airflow/.local/lib/python3.6/site-packages/airflow/example_dags/example_branch_python_dop_operator_3.py
[2023-12-22 21:11:35,374] {logging_mixin.py:109} INFO - [2023-12-22 21:11:35,374] {dag.py:2398} INFO - Sync 1 DAGs
[2023-12-22 21:11:35,467] {logging_mixin.py:109} INFO - [2023-12-22 21:11:35,467] {dag.py:2937} INFO - Setting next_dagrun for example_branch_dop_operator_v3 to 2023-12-22T21:10:00+00:00
[2023-12-22 21:11:35,511] {processor.py:171} INFO - Processing /home/airflow/.local/lib/python3.6/site-packages/airflow/example_dags/example_branch_python_dop_operator_3.py took 0.203 seconds
