[2023-12-22 20:40:27,497] {processor.py:163} INFO - Started process (PID=52) to work on /home/airflow/.local/lib/python3.6/site-packages/airflow/example_dags/example_task_group_decorator.py
[2023-12-22 20:40:27,498] {processor.py:642} INFO - Processing file /home/airflow/.local/lib/python3.6/site-packages/airflow/example_dags/example_task_group_decorator.py for tasks to queue
[2023-12-22 20:40:27,499] {logging_mixin.py:109} INFO - [2023-12-22 20:40:27,499] {dagbag.py:500} INFO - Filling up the DagBag from /home/airflow/.local/lib/python3.6/site-packages/airflow/example_dags/example_task_group_decorator.py
[2023-12-22 20:40:27,528] {processor.py:652} INFO - DAG(s) dict_keys(['example_task_group_decorator']) retrieved from /home/airflow/.local/lib/python3.6/site-packages/airflow/example_dags/example_task_group_decorator.py
[2023-12-22 20:40:27,791] {logging_mixin.py:109} INFO - [2023-12-22 20:40:27,791] {dag.py:2398} INFO - Sync 1 DAGs
[2023-12-22 20:40:27,805] {logging_mixin.py:109} INFO - [2023-12-22 20:40:27,805] {dag.py:2937} INFO - Setting next_dagrun for example_task_group_decorator to 2023-12-21T20:40:27.805379+00:00
[2023-12-22 20:40:27,818] {processor.py:171} INFO - Processing /home/airflow/.local/lib/python3.6/site-packages/airflow/example_dags/example_task_group_decorator.py took 0.323 seconds
[2023-12-22 20:40:58,656] {processor.py:163} INFO - Started process (PID=126) to work on /home/airflow/.local/lib/python3.6/site-packages/airflow/example_dags/example_task_group_decorator.py
[2023-12-22 20:40:58,657] {processor.py:642} INFO - Processing file /home/airflow/.local/lib/python3.6/site-packages/airflow/example_dags/example_task_group_decorator.py for tasks to queue
[2023-12-22 20:40:58,658] {logging_mixin.py:109} INFO - [2023-12-22 20:40:58,658] {dagbag.py:500} INFO - Filling up the DagBag from /home/airflow/.local/lib/python3.6/site-packages/airflow/example_dags/example_task_group_decorator.py
[2023-12-22 20:40:58,688] {processor.py:652} INFO - DAG(s) dict_keys(['example_task_group_decorator']) retrieved from /home/airflow/.local/lib/python3.6/site-packages/airflow/example_dags/example_task_group_decorator.py
[2023-12-22 20:40:58,975] {logging_mixin.py:109} INFO - [2023-12-22 20:40:58,975] {dag.py:2398} INFO - Sync 1 DAGs
[2023-12-22 20:40:58,990] {logging_mixin.py:109} INFO - [2023-12-22 20:40:58,990] {dag.py:2937} INFO - Setting next_dagrun for example_task_group_decorator to 2023-12-21T20:40:58.990006+00:00
[2023-12-22 20:40:59,003] {processor.py:171} INFO - Processing /home/airflow/.local/lib/python3.6/site-packages/airflow/example_dags/example_task_group_decorator.py took 0.354 seconds
[2023-12-22 20:41:30,148] {processor.py:163} INFO - Started process (PID=200) to work on /home/airflow/.local/lib/python3.6/site-packages/airflow/example_dags/example_task_group_decorator.py
[2023-12-22 20:41:30,158] {processor.py:642} INFO - Processing file /home/airflow/.local/lib/python3.6/site-packages/airflow/example_dags/example_task_group_decorator.py for tasks to queue
[2023-12-22 20:41:30,160] {logging_mixin.py:109} INFO - [2023-12-22 20:41:30,160] {dagbag.py:500} INFO - Filling up the DagBag from /home/airflow/.local/lib/python3.6/site-packages/airflow/example_dags/example_task_group_decorator.py
[2023-12-22 20:41:30,211] {processor.py:652} INFO - DAG(s) dict_keys(['example_task_group_decorator']) retrieved from /home/airflow/.local/lib/python3.6/site-packages/airflow/example_dags/example_task_group_decorator.py
[2023-12-22 20:41:30,740] {logging_mixin.py:109} INFO - [2023-12-22 20:41:30,740] {dag.py:2398} INFO - Sync 1 DAGs
[2023-12-22 20:41:30,763] {logging_mixin.py:109} INFO - [2023-12-22 20:41:30,763] {dag.py:2937} INFO - Setting next_dagrun for example_task_group_decorator to 2023-12-21T20:41:30.762896+00:00
[2023-12-22 20:41:30,919] {processor.py:171} INFO - Processing /home/airflow/.local/lib/python3.6/site-packages/airflow/example_dags/example_task_group_decorator.py took 0.795 seconds
[2023-12-22 20:42:03,265] {processor.py:163} INFO - Started process (PID=264) to work on /home/airflow/.local/lib/python3.6/site-packages/airflow/example_dags/example_task_group_decorator.py
[2023-12-22 20:42:03,298] {processor.py:642} INFO - Processing file /home/airflow/.local/lib/python3.6/site-packages/airflow/example_dags/example_task_group_decorator.py for tasks to queue
[2023-12-22 20:42:03,299] {logging_mixin.py:109} INFO - [2023-12-22 20:42:03,299] {dagbag.py:500} INFO - Filling up the DagBag from /home/airflow/.local/lib/python3.6/site-packages/airflow/example_dags/example_task_group_decorator.py
[2023-12-22 20:42:03,445] {processor.py:652} INFO - DAG(s) dict_keys(['example_task_group_decorator']) retrieved from /home/airflow/.local/lib/python3.6/site-packages/airflow/example_dags/example_task_group_decorator.py
[2023-12-22 20:42:04,292] {logging_mixin.py:109} INFO - [2023-12-22 20:42:04,292] {dag.py:2398} INFO - Sync 1 DAGs
[2023-12-22 20:42:04,386] {logging_mixin.py:109} INFO - [2023-12-22 20:42:04,386] {dag.py:2937} INFO - Setting next_dagrun for example_task_group_decorator to 2023-12-21T20:42:04.385990+00:00
[2023-12-22 20:42:04,526] {processor.py:171} INFO - Processing /home/airflow/.local/lib/python3.6/site-packages/airflow/example_dags/example_task_group_decorator.py took 1.263 seconds
[2023-12-22 20:42:37,923] {processor.py:163} INFO - Started process (PID=338) to work on /home/airflow/.local/lib/python3.6/site-packages/airflow/example_dags/example_task_group_decorator.py
[2023-12-22 20:42:38,007] {processor.py:642} INFO - Processing file /home/airflow/.local/lib/python3.6/site-packages/airflow/example_dags/example_task_group_decorator.py for tasks to queue
[2023-12-22 20:42:38,213] {logging_mixin.py:109} INFO - [2023-12-22 20:42:38,213] {dagbag.py:500} INFO - Filling up the DagBag from /home/airflow/.local/lib/python3.6/site-packages/airflow/example_dags/example_task_group_decorator.py
[2023-12-22 20:42:38,379] {processor.py:652} INFO - DAG(s) dict_keys(['example_task_group_decorator']) retrieved from /home/airflow/.local/lib/python3.6/site-packages/airflow/example_dags/example_task_group_decorator.py
[2023-12-22 20:42:38,906] {logging_mixin.py:109} INFO - [2023-12-22 20:42:38,906] {dag.py:2398} INFO - Sync 1 DAGs
[2023-12-22 20:42:38,918] {logging_mixin.py:109} INFO - [2023-12-22 20:42:38,918] {dag.py:2937} INFO - Setting next_dagrun for example_task_group_decorator to 2023-12-21T20:42:38.918152+00:00
[2023-12-22 20:42:38,936] {processor.py:171} INFO - Processing /home/airflow/.local/lib/python3.6/site-packages/airflow/example_dags/example_task_group_decorator.py took 1.016 seconds
[2023-12-22 20:43:09,532] {processor.py:163} INFO - Started process (PID=392) to work on /home/airflow/.local/lib/python3.6/site-packages/airflow/example_dags/example_task_group_decorator.py
[2023-12-22 20:43:09,533] {processor.py:642} INFO - Processing file /home/airflow/.local/lib/python3.6/site-packages/airflow/example_dags/example_task_group_decorator.py for tasks to queue
[2023-12-22 20:43:09,540] {logging_mixin.py:109} INFO - [2023-12-22 20:43:09,540] {dagbag.py:500} INFO - Filling up the DagBag from /home/airflow/.local/lib/python3.6/site-packages/airflow/example_dags/example_task_group_decorator.py
[2023-12-22 20:43:09,609] {processor.py:652} INFO - DAG(s) dict_keys(['example_task_group_decorator']) retrieved from /home/airflow/.local/lib/python3.6/site-packages/airflow/example_dags/example_task_group_decorator.py
[2023-12-22 20:43:09,888] {logging_mixin.py:109} INFO - [2023-12-22 20:43:09,888] {dag.py:2398} INFO - Sync 1 DAGs
[2023-12-22 20:43:09,905] {logging_mixin.py:109} INFO - [2023-12-22 20:43:09,905] {dag.py:2937} INFO - Setting next_dagrun for example_task_group_decorator to 2023-12-21T20:43:09.905357+00:00
[2023-12-22 20:43:09,920] {processor.py:171} INFO - Processing /home/airflow/.local/lib/python3.6/site-packages/airflow/example_dags/example_task_group_decorator.py took 0.392 seconds
[2023-12-22 20:43:41,779] {processor.py:163} INFO - Started process (PID=467) to work on /home/airflow/.local/lib/python3.6/site-packages/airflow/example_dags/example_task_group_decorator.py
[2023-12-22 20:43:41,780] {processor.py:642} INFO - Processing file /home/airflow/.local/lib/python3.6/site-packages/airflow/example_dags/example_task_group_decorator.py for tasks to queue
[2023-12-22 20:43:41,781] {logging_mixin.py:109} INFO - [2023-12-22 20:43:41,781] {dagbag.py:500} INFO - Filling up the DagBag from /home/airflow/.local/lib/python3.6/site-packages/airflow/example_dags/example_task_group_decorator.py
[2023-12-22 20:43:41,809] {processor.py:652} INFO - DAG(s) dict_keys(['example_task_group_decorator']) retrieved from /home/airflow/.local/lib/python3.6/site-packages/airflow/example_dags/example_task_group_decorator.py
[2023-12-22 20:43:42,190] {logging_mixin.py:109} INFO - [2023-12-22 20:43:42,190] {dag.py:2398} INFO - Sync 1 DAGs
[2023-12-22 20:43:42,215] {logging_mixin.py:109} INFO - [2023-12-22 20:43:42,214] {dag.py:2937} INFO - Setting next_dagrun for example_task_group_decorator to 2023-12-21T20:43:42.213776+00:00
[2023-12-22 20:43:42,237] {processor.py:171} INFO - Processing /home/airflow/.local/lib/python3.6/site-packages/airflow/example_dags/example_task_group_decorator.py took 0.460 seconds
[2023-12-22 20:44:12,897] {processor.py:163} INFO - Started process (PID=530) to work on /home/airflow/.local/lib/python3.6/site-packages/airflow/example_dags/example_task_group_decorator.py
[2023-12-22 20:44:12,898] {processor.py:642} INFO - Processing file /home/airflow/.local/lib/python3.6/site-packages/airflow/example_dags/example_task_group_decorator.py for tasks to queue
[2023-12-22 20:44:12,899] {logging_mixin.py:109} INFO - [2023-12-22 20:44:12,898] {dagbag.py:500} INFO - Filling up the DagBag from /home/airflow/.local/lib/python3.6/site-packages/airflow/example_dags/example_task_group_decorator.py
[2023-12-22 20:44:12,922] {processor.py:652} INFO - DAG(s) dict_keys(['example_task_group_decorator']) retrieved from /home/airflow/.local/lib/python3.6/site-packages/airflow/example_dags/example_task_group_decorator.py
[2023-12-22 20:44:13,493] {logging_mixin.py:109} INFO - [2023-12-22 20:44:13,493] {dag.py:2398} INFO - Sync 1 DAGs
[2023-12-22 20:44:13,509] {logging_mixin.py:109} INFO - [2023-12-22 20:44:13,508] {dag.py:2937} INFO - Setting next_dagrun for example_task_group_decorator to 2023-12-21T20:44:13.508803+00:00
[2023-12-22 20:44:13,522] {processor.py:171} INFO - Processing /home/airflow/.local/lib/python3.6/site-packages/airflow/example_dags/example_task_group_decorator.py took 0.627 seconds
[2023-12-22 20:44:44,308] {processor.py:163} INFO - Started process (PID=594) to work on /home/airflow/.local/lib/python3.6/site-packages/airflow/example_dags/example_task_group_decorator.py
[2023-12-22 20:44:44,351] {processor.py:642} INFO - Processing file /home/airflow/.local/lib/python3.6/site-packages/airflow/example_dags/example_task_group_decorator.py for tasks to queue
[2023-12-22 20:44:44,381] {logging_mixin.py:109} INFO - [2023-12-22 20:44:44,381] {dagbag.py:500} INFO - Filling up the DagBag from /home/airflow/.local/lib/python3.6/site-packages/airflow/example_dags/example_task_group_decorator.py
[2023-12-22 20:44:44,528] {processor.py:652} INFO - DAG(s) dict_keys(['example_task_group_decorator']) retrieved from /home/airflow/.local/lib/python3.6/site-packages/airflow/example_dags/example_task_group_decorator.py
[2023-12-22 20:44:45,077] {logging_mixin.py:109} INFO - [2023-12-22 20:44:45,077] {dag.py:2398} INFO - Sync 1 DAGs
[2023-12-22 20:44:45,093] {logging_mixin.py:109} INFO - [2023-12-22 20:44:45,093] {dag.py:2937} INFO - Setting next_dagrun for example_task_group_decorator to 2023-12-21T20:44:45.092849+00:00
[2023-12-22 20:44:45,111] {processor.py:171} INFO - Processing /home/airflow/.local/lib/python3.6/site-packages/airflow/example_dags/example_task_group_decorator.py took 0.807 seconds
[2023-12-22 20:45:15,595] {processor.py:163} INFO - Started process (PID=669) to work on /home/airflow/.local/lib/python3.6/site-packages/airflow/example_dags/example_task_group_decorator.py
[2023-12-22 20:45:15,597] {processor.py:642} INFO - Processing file /home/airflow/.local/lib/python3.6/site-packages/airflow/example_dags/example_task_group_decorator.py for tasks to queue
[2023-12-22 20:45:15,599] {logging_mixin.py:109} INFO - [2023-12-22 20:45:15,599] {dagbag.py:500} INFO - Filling up the DagBag from /home/airflow/.local/lib/python3.6/site-packages/airflow/example_dags/example_task_group_decorator.py
[2023-12-22 20:45:15,723] {processor.py:652} INFO - DAG(s) dict_keys(['example_task_group_decorator']) retrieved from /home/airflow/.local/lib/python3.6/site-packages/airflow/example_dags/example_task_group_decorator.py
[2023-12-22 20:45:16,019] {logging_mixin.py:109} INFO - [2023-12-22 20:45:16,019] {dag.py:2398} INFO - Sync 1 DAGs
[2023-12-22 20:45:16,047] {logging_mixin.py:109} INFO - [2023-12-22 20:45:16,047] {dag.py:2937} INFO - Setting next_dagrun for example_task_group_decorator to 2023-12-21T20:45:16.047476+00:00
[2023-12-22 20:45:16,087] {processor.py:171} INFO - Processing /home/airflow/.local/lib/python3.6/site-packages/airflow/example_dags/example_task_group_decorator.py took 0.495 seconds
[2023-12-22 20:45:46,322] {processor.py:163} INFO - Started process (PID=736) to work on /home/airflow/.local/lib/python3.6/site-packages/airflow/example_dags/example_task_group_decorator.py
[2023-12-22 20:45:46,325] {processor.py:642} INFO - Processing file /home/airflow/.local/lib/python3.6/site-packages/airflow/example_dags/example_task_group_decorator.py for tasks to queue
[2023-12-22 20:45:46,325] {logging_mixin.py:109} INFO - [2023-12-22 20:45:46,325] {dagbag.py:500} INFO - Filling up the DagBag from /home/airflow/.local/lib/python3.6/site-packages/airflow/example_dags/example_task_group_decorator.py
[2023-12-22 20:45:46,440] {processor.py:652} INFO - DAG(s) dict_keys(['example_task_group_decorator']) retrieved from /home/airflow/.local/lib/python3.6/site-packages/airflow/example_dags/example_task_group_decorator.py
[2023-12-22 20:45:46,766] {logging_mixin.py:109} INFO - [2023-12-22 20:45:46,766] {dag.py:2398} INFO - Sync 1 DAGs
[2023-12-22 20:45:46,782] {logging_mixin.py:109} INFO - [2023-12-22 20:45:46,782] {dag.py:2937} INFO - Setting next_dagrun for example_task_group_decorator to 2023-12-21T20:45:46.782298+00:00
[2023-12-22 20:45:46,795] {processor.py:171} INFO - Processing /home/airflow/.local/lib/python3.6/site-packages/airflow/example_dags/example_task_group_decorator.py took 0.475 seconds
[2023-12-22 20:46:17,115] {processor.py:163} INFO - Started process (PID=810) to work on /home/airflow/.local/lib/python3.6/site-packages/airflow/example_dags/example_task_group_decorator.py
[2023-12-22 20:46:17,129] {processor.py:642} INFO - Processing file /home/airflow/.local/lib/python3.6/site-packages/airflow/example_dags/example_task_group_decorator.py for tasks to queue
[2023-12-22 20:46:17,133] {logging_mixin.py:109} INFO - [2023-12-22 20:46:17,133] {dagbag.py:500} INFO - Filling up the DagBag from /home/airflow/.local/lib/python3.6/site-packages/airflow/example_dags/example_task_group_decorator.py
[2023-12-22 20:46:17,309] {processor.py:652} INFO - DAG(s) dict_keys(['example_task_group_decorator']) retrieved from /home/airflow/.local/lib/python3.6/site-packages/airflow/example_dags/example_task_group_decorator.py
[2023-12-22 20:46:17,630] {logging_mixin.py:109} INFO - [2023-12-22 20:46:17,630] {dag.py:2398} INFO - Sync 1 DAGs
[2023-12-22 20:46:17,665] {logging_mixin.py:109} INFO - [2023-12-22 20:46:17,664] {dag.py:2937} INFO - Setting next_dagrun for example_task_group_decorator to 2023-12-21T20:46:17.664812+00:00
[2023-12-22 20:46:17,681] {processor.py:171} INFO - Processing /home/airflow/.local/lib/python3.6/site-packages/airflow/example_dags/example_task_group_decorator.py took 0.569 seconds
[2023-12-22 20:46:48,495] {processor.py:163} INFO - Started process (PID=880) to work on /home/airflow/.local/lib/python3.6/site-packages/airflow/example_dags/example_task_group_decorator.py
[2023-12-22 20:46:48,518] {processor.py:642} INFO - Processing file /home/airflow/.local/lib/python3.6/site-packages/airflow/example_dags/example_task_group_decorator.py for tasks to queue
[2023-12-22 20:46:48,519] {logging_mixin.py:109} INFO - [2023-12-22 20:46:48,519] {dagbag.py:500} INFO - Filling up the DagBag from /home/airflow/.local/lib/python3.6/site-packages/airflow/example_dags/example_task_group_decorator.py
[2023-12-22 20:46:48,640] {processor.py:652} INFO - DAG(s) dict_keys(['example_task_group_decorator']) retrieved from /home/airflow/.local/lib/python3.6/site-packages/airflow/example_dags/example_task_group_decorator.py
[2023-12-22 20:46:48,854] {logging_mixin.py:109} INFO - [2023-12-22 20:46:48,854] {dag.py:2398} INFO - Sync 1 DAGs
[2023-12-22 20:46:48,871] {logging_mixin.py:109} INFO - [2023-12-22 20:46:48,870] {dag.py:2937} INFO - Setting next_dagrun for example_task_group_decorator to 2023-12-21T20:46:48.870743+00:00
[2023-12-22 20:46:48,884] {processor.py:171} INFO - Processing /home/airflow/.local/lib/python3.6/site-packages/airflow/example_dags/example_task_group_decorator.py took 0.393 seconds
[2023-12-22 20:47:19,008] {processor.py:163} INFO - Started process (PID=948) to work on /home/airflow/.local/lib/python3.6/site-packages/airflow/example_dags/example_task_group_decorator.py
[2023-12-22 20:47:19,009] {processor.py:642} INFO - Processing file /home/airflow/.local/lib/python3.6/site-packages/airflow/example_dags/example_task_group_decorator.py for tasks to queue
[2023-12-22 20:47:19,010] {logging_mixin.py:109} INFO - [2023-12-22 20:47:19,010] {dagbag.py:500} INFO - Filling up the DagBag from /home/airflow/.local/lib/python3.6/site-packages/airflow/example_dags/example_task_group_decorator.py
[2023-12-22 20:47:19,153] {processor.py:652} INFO - DAG(s) dict_keys(['example_task_group_decorator']) retrieved from /home/airflow/.local/lib/python3.6/site-packages/airflow/example_dags/example_task_group_decorator.py
[2023-12-22 20:47:19,342] {logging_mixin.py:109} INFO - [2023-12-22 20:47:19,342] {dag.py:2398} INFO - Sync 1 DAGs
[2023-12-22 20:47:19,356] {logging_mixin.py:109} INFO - [2023-12-22 20:47:19,356] {dag.py:2937} INFO - Setting next_dagrun for example_task_group_decorator to 2023-12-21T20:47:19.356538+00:00
[2023-12-22 20:47:19,369] {processor.py:171} INFO - Processing /home/airflow/.local/lib/python3.6/site-packages/airflow/example_dags/example_task_group_decorator.py took 0.365 seconds
[2023-12-22 20:47:50,063] {processor.py:163} INFO - Started process (PID=1021) to work on /home/airflow/.local/lib/python3.6/site-packages/airflow/example_dags/example_task_group_decorator.py
[2023-12-22 20:47:50,064] {processor.py:642} INFO - Processing file /home/airflow/.local/lib/python3.6/site-packages/airflow/example_dags/example_task_group_decorator.py for tasks to queue
[2023-12-22 20:47:50,065] {logging_mixin.py:109} INFO - [2023-12-22 20:47:50,065] {dagbag.py:500} INFO - Filling up the DagBag from /home/airflow/.local/lib/python3.6/site-packages/airflow/example_dags/example_task_group_decorator.py
[2023-12-22 20:47:50,186] {processor.py:652} INFO - DAG(s) dict_keys(['example_task_group_decorator']) retrieved from /home/airflow/.local/lib/python3.6/site-packages/airflow/example_dags/example_task_group_decorator.py
[2023-12-22 20:47:50,380] {logging_mixin.py:109} INFO - [2023-12-22 20:47:50,380] {dag.py:2398} INFO - Sync 1 DAGs
[2023-12-22 20:47:50,396] {logging_mixin.py:109} INFO - [2023-12-22 20:47:50,396] {dag.py:2937} INFO - Setting next_dagrun for example_task_group_decorator to 2023-12-21T20:47:50.396090+00:00
[2023-12-22 20:47:50,429] {processor.py:171} INFO - Processing /home/airflow/.local/lib/python3.6/site-packages/airflow/example_dags/example_task_group_decorator.py took 0.368 seconds
[2023-12-22 20:48:20,510] {processor.py:163} INFO - Started process (PID=1085) to work on /home/airflow/.local/lib/python3.6/site-packages/airflow/example_dags/example_task_group_decorator.py
[2023-12-22 20:48:20,512] {processor.py:642} INFO - Processing file /home/airflow/.local/lib/python3.6/site-packages/airflow/example_dags/example_task_group_decorator.py for tasks to queue
[2023-12-22 20:48:20,514] {logging_mixin.py:109} INFO - [2023-12-22 20:48:20,513] {dagbag.py:500} INFO - Filling up the DagBag from /home/airflow/.local/lib/python3.6/site-packages/airflow/example_dags/example_task_group_decorator.py
[2023-12-22 20:48:20,615] {processor.py:652} INFO - DAG(s) dict_keys(['example_task_group_decorator']) retrieved from /home/airflow/.local/lib/python3.6/site-packages/airflow/example_dags/example_task_group_decorator.py
[2023-12-22 20:48:20,767] {logging_mixin.py:109} INFO - [2023-12-22 20:48:20,766] {dag.py:2398} INFO - Sync 1 DAGs
[2023-12-22 20:48:20,781] {logging_mixin.py:109} INFO - [2023-12-22 20:48:20,781] {dag.py:2937} INFO - Setting next_dagrun for example_task_group_decorator to 2023-12-21T20:48:20.781322+00:00
[2023-12-22 20:48:20,792] {processor.py:171} INFO - Processing /home/airflow/.local/lib/python3.6/site-packages/airflow/example_dags/example_task_group_decorator.py took 0.285 seconds
[2023-12-22 20:48:51,250] {processor.py:163} INFO - Started process (PID=1159) to work on /home/airflow/.local/lib/python3.6/site-packages/airflow/example_dags/example_task_group_decorator.py
[2023-12-22 20:48:51,251] {processor.py:642} INFO - Processing file /home/airflow/.local/lib/python3.6/site-packages/airflow/example_dags/example_task_group_decorator.py for tasks to queue
[2023-12-22 20:48:51,252] {logging_mixin.py:109} INFO - [2023-12-22 20:48:51,252] {dagbag.py:500} INFO - Filling up the DagBag from /home/airflow/.local/lib/python3.6/site-packages/airflow/example_dags/example_task_group_decorator.py
[2023-12-22 20:48:51,398] {processor.py:652} INFO - DAG(s) dict_keys(['example_task_group_decorator']) retrieved from /home/airflow/.local/lib/python3.6/site-packages/airflow/example_dags/example_task_group_decorator.py
[2023-12-22 20:48:51,731] {logging_mixin.py:109} INFO - [2023-12-22 20:48:51,731] {dag.py:2398} INFO - Sync 1 DAGs
[2023-12-22 20:48:51,749] {logging_mixin.py:109} INFO - [2023-12-22 20:48:51,749] {dag.py:2937} INFO - Setting next_dagrun for example_task_group_decorator to 2023-12-21T20:48:51.749212+00:00
[2023-12-22 20:48:51,766] {processor.py:171} INFO - Processing /home/airflow/.local/lib/python3.6/site-packages/airflow/example_dags/example_task_group_decorator.py took 0.520 seconds
[2023-12-22 20:49:21,845] {processor.py:163} INFO - Started process (PID=1223) to work on /home/airflow/.local/lib/python3.6/site-packages/airflow/example_dags/example_task_group_decorator.py
[2023-12-22 20:49:21,846] {processor.py:642} INFO - Processing file /home/airflow/.local/lib/python3.6/site-packages/airflow/example_dags/example_task_group_decorator.py for tasks to queue
[2023-12-22 20:49:21,847] {logging_mixin.py:109} INFO - [2023-12-22 20:49:21,847] {dagbag.py:500} INFO - Filling up the DagBag from /home/airflow/.local/lib/python3.6/site-packages/airflow/example_dags/example_task_group_decorator.py
[2023-12-22 20:49:21,964] {processor.py:652} INFO - DAG(s) dict_keys(['example_task_group_decorator']) retrieved from /home/airflow/.local/lib/python3.6/site-packages/airflow/example_dags/example_task_group_decorator.py
[2023-12-22 20:49:22,130] {logging_mixin.py:109} INFO - [2023-12-22 20:49:22,130] {dag.py:2398} INFO - Sync 1 DAGs
[2023-12-22 20:49:22,145] {logging_mixin.py:109} INFO - [2023-12-22 20:49:22,145] {dag.py:2937} INFO - Setting next_dagrun for example_task_group_decorator to 2023-12-21T20:49:22.145053+00:00
[2023-12-22 20:49:22,167] {processor.py:171} INFO - Processing /home/airflow/.local/lib/python3.6/site-packages/airflow/example_dags/example_task_group_decorator.py took 0.332 seconds
[2023-12-22 20:49:52,356] {processor.py:163} INFO - Started process (PID=1297) to work on /home/airflow/.local/lib/python3.6/site-packages/airflow/example_dags/example_task_group_decorator.py
[2023-12-22 20:49:52,361] {processor.py:642} INFO - Processing file /home/airflow/.local/lib/python3.6/site-packages/airflow/example_dags/example_task_group_decorator.py for tasks to queue
[2023-12-22 20:49:52,363] {logging_mixin.py:109} INFO - [2023-12-22 20:49:52,363] {dagbag.py:500} INFO - Filling up the DagBag from /home/airflow/.local/lib/python3.6/site-packages/airflow/example_dags/example_task_group_decorator.py
[2023-12-22 20:49:52,401] {processor.py:652} INFO - DAG(s) dict_keys(['example_task_group_decorator']) retrieved from /home/airflow/.local/lib/python3.6/site-packages/airflow/example_dags/example_task_group_decorator.py
[2023-12-22 20:49:52,654] {logging_mixin.py:109} INFO - [2023-12-22 20:49:52,654] {dag.py:2398} INFO - Sync 1 DAGs
[2023-12-22 20:49:52,666] {logging_mixin.py:109} INFO - [2023-12-22 20:49:52,666] {dag.py:2937} INFO - Setting next_dagrun for example_task_group_decorator to 2023-12-21T20:49:52.666585+00:00
[2023-12-22 20:49:52,676] {processor.py:171} INFO - Processing /home/airflow/.local/lib/python3.6/site-packages/airflow/example_dags/example_task_group_decorator.py took 0.322 seconds
[2023-12-22 20:50:22,734] {processor.py:163} INFO - Started process (PID=1362) to work on /home/airflow/.local/lib/python3.6/site-packages/airflow/example_dags/example_task_group_decorator.py
[2023-12-22 20:50:22,735] {processor.py:642} INFO - Processing file /home/airflow/.local/lib/python3.6/site-packages/airflow/example_dags/example_task_group_decorator.py for tasks to queue
[2023-12-22 20:50:22,736] {logging_mixin.py:109} INFO - [2023-12-22 20:50:22,736] {dagbag.py:500} INFO - Filling up the DagBag from /home/airflow/.local/lib/python3.6/site-packages/airflow/example_dags/example_task_group_decorator.py
[2023-12-22 20:50:22,768] {processor.py:652} INFO - DAG(s) dict_keys(['example_task_group_decorator']) retrieved from /home/airflow/.local/lib/python3.6/site-packages/airflow/example_dags/example_task_group_decorator.py
[2023-12-22 20:50:23,130] {logging_mixin.py:109} INFO - [2023-12-22 20:50:23,130] {dag.py:2398} INFO - Sync 1 DAGs
[2023-12-22 20:50:23,148] {logging_mixin.py:109} INFO - [2023-12-22 20:50:23,147] {dag.py:2937} INFO - Setting next_dagrun for example_task_group_decorator to 2023-12-21T20:50:23.147656+00:00
[2023-12-22 20:50:23,162] {processor.py:171} INFO - Processing /home/airflow/.local/lib/python3.6/site-packages/airflow/example_dags/example_task_group_decorator.py took 0.430 seconds
[2023-12-22 20:50:53,613] {processor.py:163} INFO - Started process (PID=1434) to work on /home/airflow/.local/lib/python3.6/site-packages/airflow/example_dags/example_task_group_decorator.py
[2023-12-22 20:50:53,615] {processor.py:642} INFO - Processing file /home/airflow/.local/lib/python3.6/site-packages/airflow/example_dags/example_task_group_decorator.py for tasks to queue
[2023-12-22 20:50:53,616] {logging_mixin.py:109} INFO - [2023-12-22 20:50:53,615] {dagbag.py:500} INFO - Filling up the DagBag from /home/airflow/.local/lib/python3.6/site-packages/airflow/example_dags/example_task_group_decorator.py
[2023-12-22 20:50:53,644] {processor.py:652} INFO - DAG(s) dict_keys(['example_task_group_decorator']) retrieved from /home/airflow/.local/lib/python3.6/site-packages/airflow/example_dags/example_task_group_decorator.py
[2023-12-22 20:50:53,809] {logging_mixin.py:109} INFO - [2023-12-22 20:50:53,809] {dag.py:2398} INFO - Sync 1 DAGs
[2023-12-22 20:50:53,822] {logging_mixin.py:109} INFO - [2023-12-22 20:50:53,822] {dag.py:2937} INFO - Setting next_dagrun for example_task_group_decorator to 2023-12-21T20:50:53.822071+00:00
[2023-12-22 20:50:53,851] {processor.py:171} INFO - Processing /home/airflow/.local/lib/python3.6/site-packages/airflow/example_dags/example_task_group_decorator.py took 0.240 seconds
[2023-12-22 20:51:24,352] {processor.py:163} INFO - Started process (PID=1498) to work on /home/airflow/.local/lib/python3.6/site-packages/airflow/example_dags/example_task_group_decorator.py
[2023-12-22 20:51:24,353] {processor.py:642} INFO - Processing file /home/airflow/.local/lib/python3.6/site-packages/airflow/example_dags/example_task_group_decorator.py for tasks to queue
[2023-12-22 20:51:24,354] {logging_mixin.py:109} INFO - [2023-12-22 20:51:24,354] {dagbag.py:500} INFO - Filling up the DagBag from /home/airflow/.local/lib/python3.6/site-packages/airflow/example_dags/example_task_group_decorator.py
[2023-12-22 20:51:24,382] {processor.py:652} INFO - DAG(s) dict_keys(['example_task_group_decorator']) retrieved from /home/airflow/.local/lib/python3.6/site-packages/airflow/example_dags/example_task_group_decorator.py
[2023-12-22 20:51:24,564] {logging_mixin.py:109} INFO - [2023-12-22 20:51:24,564] {dag.py:2398} INFO - Sync 1 DAGs
[2023-12-22 20:51:24,584] {logging_mixin.py:109} INFO - [2023-12-22 20:51:24,584] {dag.py:2937} INFO - Setting next_dagrun for example_task_group_decorator to 2023-12-21T20:51:24.584427+00:00
[2023-12-22 20:51:24,619] {processor.py:171} INFO - Processing /home/airflow/.local/lib/python3.6/site-packages/airflow/example_dags/example_task_group_decorator.py took 0.269 seconds
[2023-12-22 20:51:54,668] {processor.py:163} INFO - Started process (PID=1573) to work on /home/airflow/.local/lib/python3.6/site-packages/airflow/example_dags/example_task_group_decorator.py
[2023-12-22 20:51:54,669] {processor.py:642} INFO - Processing file /home/airflow/.local/lib/python3.6/site-packages/airflow/example_dags/example_task_group_decorator.py for tasks to queue
[2023-12-22 20:51:54,669] {logging_mixin.py:109} INFO - [2023-12-22 20:51:54,669] {dagbag.py:500} INFO - Filling up the DagBag from /home/airflow/.local/lib/python3.6/site-packages/airflow/example_dags/example_task_group_decorator.py
[2023-12-22 20:51:54,712] {processor.py:652} INFO - DAG(s) dict_keys(['example_task_group_decorator']) retrieved from /home/airflow/.local/lib/python3.6/site-packages/airflow/example_dags/example_task_group_decorator.py
[2023-12-22 20:51:54,877] {logging_mixin.py:109} INFO - [2023-12-22 20:51:54,877] {dag.py:2398} INFO - Sync 1 DAGs
[2023-12-22 20:51:54,889] {logging_mixin.py:109} INFO - [2023-12-22 20:51:54,889] {dag.py:2937} INFO - Setting next_dagrun for example_task_group_decorator to 2023-12-21T20:51:54.889136+00:00
[2023-12-22 20:51:54,918] {processor.py:171} INFO - Processing /home/airflow/.local/lib/python3.6/site-packages/airflow/example_dags/example_task_group_decorator.py took 0.253 seconds
[2023-12-22 20:52:25,028] {processor.py:163} INFO - Started process (PID=1645) to work on /home/airflow/.local/lib/python3.6/site-packages/airflow/example_dags/example_task_group_decorator.py
[2023-12-22 20:52:25,035] {processor.py:642} INFO - Processing file /home/airflow/.local/lib/python3.6/site-packages/airflow/example_dags/example_task_group_decorator.py for tasks to queue
[2023-12-22 20:52:25,036] {logging_mixin.py:109} INFO - [2023-12-22 20:52:25,036] {dagbag.py:500} INFO - Filling up the DagBag from /home/airflow/.local/lib/python3.6/site-packages/airflow/example_dags/example_task_group_decorator.py
[2023-12-22 20:52:25,074] {processor.py:652} INFO - DAG(s) dict_keys(['example_task_group_decorator']) retrieved from /home/airflow/.local/lib/python3.6/site-packages/airflow/example_dags/example_task_group_decorator.py
[2023-12-22 20:52:25,303] {logging_mixin.py:109} INFO - [2023-12-22 20:52:25,303] {dag.py:2398} INFO - Sync 1 DAGs
[2023-12-22 20:52:25,323] {logging_mixin.py:109} INFO - [2023-12-22 20:52:25,322] {dag.py:2937} INFO - Setting next_dagrun for example_task_group_decorator to 2023-12-21T20:52:25.322622+00:00
[2023-12-22 20:52:25,358] {processor.py:171} INFO - Processing /home/airflow/.local/lib/python3.6/site-packages/airflow/example_dags/example_task_group_decorator.py took 0.334 seconds
[2023-12-22 20:52:55,494] {processor.py:163} INFO - Started process (PID=1711) to work on /home/airflow/.local/lib/python3.6/site-packages/airflow/example_dags/example_task_group_decorator.py
[2023-12-22 20:52:55,496] {processor.py:642} INFO - Processing file /home/airflow/.local/lib/python3.6/site-packages/airflow/example_dags/example_task_group_decorator.py for tasks to queue
[2023-12-22 20:52:55,498] {logging_mixin.py:109} INFO - [2023-12-22 20:52:55,498] {dagbag.py:500} INFO - Filling up the DagBag from /home/airflow/.local/lib/python3.6/site-packages/airflow/example_dags/example_task_group_decorator.py
[2023-12-22 20:52:55,540] {processor.py:652} INFO - DAG(s) dict_keys(['example_task_group_decorator']) retrieved from /home/airflow/.local/lib/python3.6/site-packages/airflow/example_dags/example_task_group_decorator.py
[2023-12-22 20:52:55,822] {logging_mixin.py:109} INFO - [2023-12-22 20:52:55,822] {dag.py:2398} INFO - Sync 1 DAGs
[2023-12-22 20:52:55,846] {logging_mixin.py:109} INFO - [2023-12-22 20:52:55,846] {dag.py:2937} INFO - Setting next_dagrun for example_task_group_decorator to 2023-12-21T20:52:55.846280+00:00
[2023-12-22 20:52:55,870] {processor.py:171} INFO - Processing /home/airflow/.local/lib/python3.6/site-packages/airflow/example_dags/example_task_group_decorator.py took 0.382 seconds
[2023-12-22 20:53:26,839] {processor.py:163} INFO - Started process (PID=1775) to work on /home/airflow/.local/lib/python3.6/site-packages/airflow/example_dags/example_task_group_decorator.py
[2023-12-22 20:53:26,844] {processor.py:642} INFO - Processing file /home/airflow/.local/lib/python3.6/site-packages/airflow/example_dags/example_task_group_decorator.py for tasks to queue
[2023-12-22 20:53:26,845] {logging_mixin.py:109} INFO - [2023-12-22 20:53:26,845] {dagbag.py:500} INFO - Filling up the DagBag from /home/airflow/.local/lib/python3.6/site-packages/airflow/example_dags/example_task_group_decorator.py
[2023-12-22 20:53:26,875] {processor.py:652} INFO - DAG(s) dict_keys(['example_task_group_decorator']) retrieved from /home/airflow/.local/lib/python3.6/site-packages/airflow/example_dags/example_task_group_decorator.py
[2023-12-22 20:53:27,052] {logging_mixin.py:109} INFO - [2023-12-22 20:53:27,052] {dag.py:2398} INFO - Sync 1 DAGs
[2023-12-22 20:53:27,067] {logging_mixin.py:109} INFO - [2023-12-22 20:53:27,067] {dag.py:2937} INFO - Setting next_dagrun for example_task_group_decorator to 2023-12-21T20:53:27.067347+00:00
[2023-12-22 20:53:27,077] {processor.py:171} INFO - Processing /home/airflow/.local/lib/python3.6/site-packages/airflow/example_dags/example_task_group_decorator.py took 0.241 seconds
[2023-12-22 20:53:57,393] {processor.py:163} INFO - Started process (PID=1849) to work on /home/airflow/.local/lib/python3.6/site-packages/airflow/example_dags/example_task_group_decorator.py
[2023-12-22 20:53:57,396] {processor.py:642} INFO - Processing file /home/airflow/.local/lib/python3.6/site-packages/airflow/example_dags/example_task_group_decorator.py for tasks to queue
[2023-12-22 20:53:57,397] {logging_mixin.py:109} INFO - [2023-12-22 20:53:57,397] {dagbag.py:500} INFO - Filling up the DagBag from /home/airflow/.local/lib/python3.6/site-packages/airflow/example_dags/example_task_group_decorator.py
[2023-12-22 20:53:57,431] {processor.py:652} INFO - DAG(s) dict_keys(['example_task_group_decorator']) retrieved from /home/airflow/.local/lib/python3.6/site-packages/airflow/example_dags/example_task_group_decorator.py
[2023-12-22 20:53:57,606] {logging_mixin.py:109} INFO - [2023-12-22 20:53:57,606] {dag.py:2398} INFO - Sync 1 DAGs
[2023-12-22 20:53:57,623] {logging_mixin.py:109} INFO - [2023-12-22 20:53:57,623] {dag.py:2937} INFO - Setting next_dagrun for example_task_group_decorator to 2023-12-21T20:53:57.622773+00:00
[2023-12-22 20:53:57,633] {processor.py:171} INFO - Processing /home/airflow/.local/lib/python3.6/site-packages/airflow/example_dags/example_task_group_decorator.py took 0.243 seconds
[2023-12-22 20:54:27,848] {processor.py:163} INFO - Started process (PID=1919) to work on /home/airflow/.local/lib/python3.6/site-packages/airflow/example_dags/example_task_group_decorator.py
[2023-12-22 20:54:27,851] {processor.py:642} INFO - Processing file /home/airflow/.local/lib/python3.6/site-packages/airflow/example_dags/example_task_group_decorator.py for tasks to queue
[2023-12-22 20:54:27,852] {logging_mixin.py:109} INFO - [2023-12-22 20:54:27,852] {dagbag.py:500} INFO - Filling up the DagBag from /home/airflow/.local/lib/python3.6/site-packages/airflow/example_dags/example_task_group_decorator.py
[2023-12-22 20:54:27,888] {processor.py:652} INFO - DAG(s) dict_keys(['example_task_group_decorator']) retrieved from /home/airflow/.local/lib/python3.6/site-packages/airflow/example_dags/example_task_group_decorator.py
[2023-12-22 20:54:28,158] {logging_mixin.py:109} INFO - [2023-12-22 20:54:28,158] {dag.py:2398} INFO - Sync 1 DAGs
[2023-12-22 20:54:28,180] {logging_mixin.py:109} INFO - [2023-12-22 20:54:28,180] {dag.py:2937} INFO - Setting next_dagrun for example_task_group_decorator to 2023-12-21T20:54:28.180400+00:00
[2023-12-22 20:54:28,196] {processor.py:171} INFO - Processing /home/airflow/.local/lib/python3.6/site-packages/airflow/example_dags/example_task_group_decorator.py took 0.351 seconds
[2023-12-22 20:54:58,715] {processor.py:163} INFO - Started process (PID=1986) to work on /home/airflow/.local/lib/python3.6/site-packages/airflow/example_dags/example_task_group_decorator.py
[2023-12-22 20:54:58,716] {processor.py:642} INFO - Processing file /home/airflow/.local/lib/python3.6/site-packages/airflow/example_dags/example_task_group_decorator.py for tasks to queue
[2023-12-22 20:54:58,717] {logging_mixin.py:109} INFO - [2023-12-22 20:54:58,717] {dagbag.py:500} INFO - Filling up the DagBag from /home/airflow/.local/lib/python3.6/site-packages/airflow/example_dags/example_task_group_decorator.py
[2023-12-22 20:54:58,743] {processor.py:652} INFO - DAG(s) dict_keys(['example_task_group_decorator']) retrieved from /home/airflow/.local/lib/python3.6/site-packages/airflow/example_dags/example_task_group_decorator.py
[2023-12-22 20:54:58,934] {logging_mixin.py:109} INFO - [2023-12-22 20:54:58,934] {dag.py:2398} INFO - Sync 1 DAGs
[2023-12-22 20:54:58,948] {logging_mixin.py:109} INFO - [2023-12-22 20:54:58,948] {dag.py:2937} INFO - Setting next_dagrun for example_task_group_decorator to 2023-12-21T20:54:58.948231+00:00
[2023-12-22 20:54:58,957] {processor.py:171} INFO - Processing /home/airflow/.local/lib/python3.6/site-packages/airflow/example_dags/example_task_group_decorator.py took 0.245 seconds
[2023-12-22 20:55:28,983] {processor.py:163} INFO - Started process (PID=2060) to work on /home/airflow/.local/lib/python3.6/site-packages/airflow/example_dags/example_task_group_decorator.py
[2023-12-22 20:55:28,984] {processor.py:642} INFO - Processing file /home/airflow/.local/lib/python3.6/site-packages/airflow/example_dags/example_task_group_decorator.py for tasks to queue
[2023-12-22 20:55:28,985] {logging_mixin.py:109} INFO - [2023-12-22 20:55:28,985] {dagbag.py:500} INFO - Filling up the DagBag from /home/airflow/.local/lib/python3.6/site-packages/airflow/example_dags/example_task_group_decorator.py
[2023-12-22 20:55:29,019] {processor.py:652} INFO - DAG(s) dict_keys(['example_task_group_decorator']) retrieved from /home/airflow/.local/lib/python3.6/site-packages/airflow/example_dags/example_task_group_decorator.py
[2023-12-22 20:55:29,232] {logging_mixin.py:109} INFO - [2023-12-22 20:55:29,232] {dag.py:2398} INFO - Sync 1 DAGs
[2023-12-22 20:55:29,255] {logging_mixin.py:109} INFO - [2023-12-22 20:55:29,255] {dag.py:2937} INFO - Setting next_dagrun for example_task_group_decorator to 2023-12-21T20:55:29.254919+00:00
[2023-12-22 20:55:29,268] {processor.py:171} INFO - Processing /home/airflow/.local/lib/python3.6/site-packages/airflow/example_dags/example_task_group_decorator.py took 0.288 seconds
[2023-12-22 20:55:59,391] {processor.py:163} INFO - Started process (PID=2124) to work on /home/airflow/.local/lib/python3.6/site-packages/airflow/example_dags/example_task_group_decorator.py
[2023-12-22 20:55:59,392] {processor.py:642} INFO - Processing file /home/airflow/.local/lib/python3.6/site-packages/airflow/example_dags/example_task_group_decorator.py for tasks to queue
[2023-12-22 20:55:59,393] {logging_mixin.py:109} INFO - [2023-12-22 20:55:59,393] {dagbag.py:500} INFO - Filling up the DagBag from /home/airflow/.local/lib/python3.6/site-packages/airflow/example_dags/example_task_group_decorator.py
[2023-12-22 20:55:59,416] {processor.py:652} INFO - DAG(s) dict_keys(['example_task_group_decorator']) retrieved from /home/airflow/.local/lib/python3.6/site-packages/airflow/example_dags/example_task_group_decorator.py
[2023-12-22 20:55:59,592] {logging_mixin.py:109} INFO - [2023-12-22 20:55:59,592] {dag.py:2398} INFO - Sync 1 DAGs
[2023-12-22 20:55:59,606] {logging_mixin.py:109} INFO - [2023-12-22 20:55:59,606] {dag.py:2937} INFO - Setting next_dagrun for example_task_group_decorator to 2023-12-21T20:55:59.606585+00:00
[2023-12-22 20:55:59,635] {processor.py:171} INFO - Processing /home/airflow/.local/lib/python3.6/site-packages/airflow/example_dags/example_task_group_decorator.py took 0.246 seconds
[2023-12-22 20:56:29,744] {processor.py:163} INFO - Started process (PID=2195) to work on /home/airflow/.local/lib/python3.6/site-packages/airflow/example_dags/example_task_group_decorator.py
[2023-12-22 20:56:29,746] {processor.py:642} INFO - Processing file /home/airflow/.local/lib/python3.6/site-packages/airflow/example_dags/example_task_group_decorator.py for tasks to queue
[2023-12-22 20:56:29,747] {logging_mixin.py:109} INFO - [2023-12-22 20:56:29,747] {dagbag.py:500} INFO - Filling up the DagBag from /home/airflow/.local/lib/python3.6/site-packages/airflow/example_dags/example_task_group_decorator.py
[2023-12-22 20:56:29,787] {processor.py:652} INFO - DAG(s) dict_keys(['example_task_group_decorator']) retrieved from /home/airflow/.local/lib/python3.6/site-packages/airflow/example_dags/example_task_group_decorator.py
[2023-12-22 20:56:30,019] {logging_mixin.py:109} INFO - [2023-12-22 20:56:30,019] {dag.py:2398} INFO - Sync 1 DAGs
[2023-12-22 20:56:30,035] {logging_mixin.py:109} INFO - [2023-12-22 20:56:30,035] {dag.py:2937} INFO - Setting next_dagrun for example_task_group_decorator to 2023-12-21T20:56:30.035188+00:00
[2023-12-22 20:56:30,045] {processor.py:171} INFO - Processing /home/airflow/.local/lib/python3.6/site-packages/airflow/example_dags/example_task_group_decorator.py took 0.304 seconds
[2023-12-22 20:57:00,074] {processor.py:163} INFO - Started process (PID=2261) to work on /home/airflow/.local/lib/python3.6/site-packages/airflow/example_dags/example_task_group_decorator.py
[2023-12-22 20:57:00,075] {processor.py:642} INFO - Processing file /home/airflow/.local/lib/python3.6/site-packages/airflow/example_dags/example_task_group_decorator.py for tasks to queue
[2023-12-22 20:57:00,076] {logging_mixin.py:109} INFO - [2023-12-22 20:57:00,076] {dagbag.py:500} INFO - Filling up the DagBag from /home/airflow/.local/lib/python3.6/site-packages/airflow/example_dags/example_task_group_decorator.py
[2023-12-22 20:57:00,097] {processor.py:652} INFO - DAG(s) dict_keys(['example_task_group_decorator']) retrieved from /home/airflow/.local/lib/python3.6/site-packages/airflow/example_dags/example_task_group_decorator.py
[2023-12-22 20:57:00,129] {logging_mixin.py:109} INFO - [2023-12-22 20:57:00,129] {dag.py:2398} INFO - Sync 1 DAGs
[2023-12-22 20:57:00,169] {logging_mixin.py:109} INFO - [2023-12-22 20:57:00,165] {dag.py:2937} INFO - Setting next_dagrun for example_task_group_decorator to 2023-12-21T20:57:00.165739+00:00
[2023-12-22 20:57:00,186] {processor.py:171} INFO - Processing /home/airflow/.local/lib/python3.6/site-packages/airflow/example_dags/example_task_group_decorator.py took 0.115 seconds
[2023-12-22 20:57:30,389] {processor.py:163} INFO - Started process (PID=2335) to work on /home/airflow/.local/lib/python3.6/site-packages/airflow/example_dags/example_task_group_decorator.py
[2023-12-22 20:57:30,390] {processor.py:642} INFO - Processing file /home/airflow/.local/lib/python3.6/site-packages/airflow/example_dags/example_task_group_decorator.py for tasks to queue
[2023-12-22 20:57:30,392] {logging_mixin.py:109} INFO - [2023-12-22 20:57:30,392] {dagbag.py:500} INFO - Filling up the DagBag from /home/airflow/.local/lib/python3.6/site-packages/airflow/example_dags/example_task_group_decorator.py
[2023-12-22 20:57:30,419] {processor.py:652} INFO - DAG(s) dict_keys(['example_task_group_decorator']) retrieved from /home/airflow/.local/lib/python3.6/site-packages/airflow/example_dags/example_task_group_decorator.py
[2023-12-22 20:57:30,597] {logging_mixin.py:109} INFO - [2023-12-22 20:57:30,597] {dag.py:2398} INFO - Sync 1 DAGs
[2023-12-22 20:57:30,612] {logging_mixin.py:109} INFO - [2023-12-22 20:57:30,612] {dag.py:2937} INFO - Setting next_dagrun for example_task_group_decorator to 2023-12-21T20:57:30.612171+00:00
[2023-12-22 20:57:30,623] {processor.py:171} INFO - Processing /home/airflow/.local/lib/python3.6/site-packages/airflow/example_dags/example_task_group_decorator.py took 0.236 seconds
[2023-12-22 20:58:01,296] {processor.py:163} INFO - Started process (PID=2400) to work on /home/airflow/.local/lib/python3.6/site-packages/airflow/example_dags/example_task_group_decorator.py
[2023-12-22 20:58:01,297] {processor.py:642} INFO - Processing file /home/airflow/.local/lib/python3.6/site-packages/airflow/example_dags/example_task_group_decorator.py for tasks to queue
[2023-12-22 20:58:01,298] {logging_mixin.py:109} INFO - [2023-12-22 20:58:01,298] {dagbag.py:500} INFO - Filling up the DagBag from /home/airflow/.local/lib/python3.6/site-packages/airflow/example_dags/example_task_group_decorator.py
[2023-12-22 20:58:01,334] {processor.py:652} INFO - DAG(s) dict_keys(['example_task_group_decorator']) retrieved from /home/airflow/.local/lib/python3.6/site-packages/airflow/example_dags/example_task_group_decorator.py
[2023-12-22 20:58:01,565] {logging_mixin.py:109} INFO - [2023-12-22 20:58:01,565] {dag.py:2398} INFO - Sync 1 DAGs
[2023-12-22 20:58:01,582] {logging_mixin.py:109} INFO - [2023-12-22 20:58:01,582] {dag.py:2937} INFO - Setting next_dagrun for example_task_group_decorator to 2023-12-21T20:58:01.582293+00:00
[2023-12-22 20:58:01,617] {processor.py:171} INFO - Processing /home/airflow/.local/lib/python3.6/site-packages/airflow/example_dags/example_task_group_decorator.py took 0.324 seconds
[2023-12-22 20:58:32,575] {processor.py:163} INFO - Started process (PID=2473) to work on /home/airflow/.local/lib/python3.6/site-packages/airflow/example_dags/example_task_group_decorator.py
[2023-12-22 20:58:32,578] {processor.py:642} INFO - Processing file /home/airflow/.local/lib/python3.6/site-packages/airflow/example_dags/example_task_group_decorator.py for tasks to queue
[2023-12-22 20:58:32,579] {logging_mixin.py:109} INFO - [2023-12-22 20:58:32,579] {dagbag.py:500} INFO - Filling up the DagBag from /home/airflow/.local/lib/python3.6/site-packages/airflow/example_dags/example_task_group_decorator.py
[2023-12-22 20:58:32,627] {processor.py:652} INFO - DAG(s) dict_keys(['example_task_group_decorator']) retrieved from /home/airflow/.local/lib/python3.6/site-packages/airflow/example_dags/example_task_group_decorator.py
[2023-12-22 20:58:32,866] {logging_mixin.py:109} INFO - [2023-12-22 20:58:32,865] {dag.py:2398} INFO - Sync 1 DAGs
[2023-12-22 20:58:32,882] {logging_mixin.py:109} INFO - [2023-12-22 20:58:32,882] {dag.py:2937} INFO - Setting next_dagrun for example_task_group_decorator to 2023-12-21T20:58:32.881843+00:00
[2023-12-22 20:58:32,897] {processor.py:171} INFO - Processing /home/airflow/.local/lib/python3.6/site-packages/airflow/example_dags/example_task_group_decorator.py took 0.327 seconds
[2023-12-22 20:59:03,262] {processor.py:163} INFO - Started process (PID=2537) to work on /home/airflow/.local/lib/python3.6/site-packages/airflow/example_dags/example_task_group_decorator.py
[2023-12-22 20:59:03,268] {processor.py:642} INFO - Processing file /home/airflow/.local/lib/python3.6/site-packages/airflow/example_dags/example_task_group_decorator.py for tasks to queue
[2023-12-22 20:59:03,275] {logging_mixin.py:109} INFO - [2023-12-22 20:59:03,275] {dagbag.py:500} INFO - Filling up the DagBag from /home/airflow/.local/lib/python3.6/site-packages/airflow/example_dags/example_task_group_decorator.py
[2023-12-22 20:59:03,362] {processor.py:652} INFO - DAG(s) dict_keys(['example_task_group_decorator']) retrieved from /home/airflow/.local/lib/python3.6/site-packages/airflow/example_dags/example_task_group_decorator.py
[2023-12-22 20:59:03,991] {logging_mixin.py:109} INFO - [2023-12-22 20:59:03,991] {dag.py:2398} INFO - Sync 1 DAGs
[2023-12-22 20:59:04,031] {logging_mixin.py:109} INFO - [2023-12-22 20:59:04,031] {dag.py:2937} INFO - Setting next_dagrun for example_task_group_decorator to 2023-12-21T20:59:04.030684+00:00
[2023-12-22 20:59:04,060] {processor.py:171} INFO - Processing /home/airflow/.local/lib/python3.6/site-packages/airflow/example_dags/example_task_group_decorator.py took 0.804 seconds
[2023-12-22 20:59:34,570] {processor.py:163} INFO - Started process (PID=2601) to work on /home/airflow/.local/lib/python3.6/site-packages/airflow/example_dags/example_task_group_decorator.py
[2023-12-22 20:59:34,573] {processor.py:642} INFO - Processing file /home/airflow/.local/lib/python3.6/site-packages/airflow/example_dags/example_task_group_decorator.py for tasks to queue
[2023-12-22 20:59:34,574] {logging_mixin.py:109} INFO - [2023-12-22 20:59:34,574] {dagbag.py:500} INFO - Filling up the DagBag from /home/airflow/.local/lib/python3.6/site-packages/airflow/example_dags/example_task_group_decorator.py
[2023-12-22 20:59:34,622] {processor.py:652} INFO - DAG(s) dict_keys(['example_task_group_decorator']) retrieved from /home/airflow/.local/lib/python3.6/site-packages/airflow/example_dags/example_task_group_decorator.py
[2023-12-22 20:59:34,996] {logging_mixin.py:109} INFO - [2023-12-22 20:59:34,996] {dag.py:2398} INFO - Sync 1 DAGs
[2023-12-22 20:59:35,027] {logging_mixin.py:109} INFO - [2023-12-22 20:59:35,027] {dag.py:2937} INFO - Setting next_dagrun for example_task_group_decorator to 2023-12-21T20:59:35.026968+00:00
[2023-12-22 20:59:35,047] {processor.py:171} INFO - Processing /home/airflow/.local/lib/python3.6/site-packages/airflow/example_dags/example_task_group_decorator.py took 0.481 seconds
[2023-12-22 21:00:05,328] {processor.py:163} INFO - Started process (PID=2665) to work on /home/airflow/.local/lib/python3.6/site-packages/airflow/example_dags/example_task_group_decorator.py
[2023-12-22 21:00:05,342] {processor.py:642} INFO - Processing file /home/airflow/.local/lib/python3.6/site-packages/airflow/example_dags/example_task_group_decorator.py for tasks to queue
[2023-12-22 21:00:05,344] {logging_mixin.py:109} INFO - [2023-12-22 21:00:05,343] {dagbag.py:500} INFO - Filling up the DagBag from /home/airflow/.local/lib/python3.6/site-packages/airflow/example_dags/example_task_group_decorator.py
[2023-12-22 21:00:05,457] {processor.py:652} INFO - DAG(s) dict_keys(['example_task_group_decorator']) retrieved from /home/airflow/.local/lib/python3.6/site-packages/airflow/example_dags/example_task_group_decorator.py
[2023-12-22 21:00:06,283] {logging_mixin.py:109} INFO - [2023-12-22 21:00:06,282] {dag.py:2398} INFO - Sync 1 DAGs
[2023-12-22 21:00:06,358] {logging_mixin.py:109} INFO - [2023-12-22 21:00:06,358] {dag.py:2937} INFO - Setting next_dagrun for example_task_group_decorator to 2023-12-21T21:00:06.357333+00:00
[2023-12-22 21:00:06,405] {processor.py:171} INFO - Processing /home/airflow/.local/lib/python3.6/site-packages/airflow/example_dags/example_task_group_decorator.py took 1.082 seconds
[2023-12-22 21:00:36,753] {processor.py:163} INFO - Started process (PID=2731) to work on /home/airflow/.local/lib/python3.6/site-packages/airflow/example_dags/example_task_group_decorator.py
[2023-12-22 21:00:36,765] {processor.py:642} INFO - Processing file /home/airflow/.local/lib/python3.6/site-packages/airflow/example_dags/example_task_group_decorator.py for tasks to queue
[2023-12-22 21:00:36,775] {logging_mixin.py:109} INFO - [2023-12-22 21:00:36,774] {dagbag.py:500} INFO - Filling up the DagBag from /home/airflow/.local/lib/python3.6/site-packages/airflow/example_dags/example_task_group_decorator.py
[2023-12-22 21:00:36,859] {processor.py:652} INFO - DAG(s) dict_keys(['example_task_group_decorator']) retrieved from /home/airflow/.local/lib/python3.6/site-packages/airflow/example_dags/example_task_group_decorator.py
[2023-12-22 21:00:37,626] {logging_mixin.py:109} INFO - [2023-12-22 21:00:37,626] {dag.py:2398} INFO - Sync 1 DAGs
[2023-12-22 21:00:37,687] {logging_mixin.py:109} INFO - [2023-12-22 21:00:37,687] {dag.py:2937} INFO - Setting next_dagrun for example_task_group_decorator to 2023-12-21T21:00:37.686850+00:00
[2023-12-22 21:00:37,737] {processor.py:171} INFO - Processing /home/airflow/.local/lib/python3.6/site-packages/airflow/example_dags/example_task_group_decorator.py took 0.989 seconds
[2023-12-22 21:01:08,176] {processor.py:163} INFO - Started process (PID=2795) to work on /home/airflow/.local/lib/python3.6/site-packages/airflow/example_dags/example_task_group_decorator.py
[2023-12-22 21:01:08,180] {processor.py:642} INFO - Processing file /home/airflow/.local/lib/python3.6/site-packages/airflow/example_dags/example_task_group_decorator.py for tasks to queue
[2023-12-22 21:01:08,182] {logging_mixin.py:109} INFO - [2023-12-22 21:01:08,182] {dagbag.py:500} INFO - Filling up the DagBag from /home/airflow/.local/lib/python3.6/site-packages/airflow/example_dags/example_task_group_decorator.py
[2023-12-22 21:01:08,227] {processor.py:652} INFO - DAG(s) dict_keys(['example_task_group_decorator']) retrieved from /home/airflow/.local/lib/python3.6/site-packages/airflow/example_dags/example_task_group_decorator.py
[2023-12-22 21:01:08,573] {logging_mixin.py:109} INFO - [2023-12-22 21:01:08,573] {dag.py:2398} INFO - Sync 1 DAGs
[2023-12-22 21:01:08,595] {logging_mixin.py:109} INFO - [2023-12-22 21:01:08,594] {dag.py:2937} INFO - Setting next_dagrun for example_task_group_decorator to 2023-12-21T21:01:08.594341+00:00
[2023-12-22 21:01:08,609] {processor.py:171} INFO - Processing /home/airflow/.local/lib/python3.6/site-packages/airflow/example_dags/example_task_group_decorator.py took 0.438 seconds
[2023-12-22 21:01:39,384] {processor.py:163} INFO - Started process (PID=2869) to work on /home/airflow/.local/lib/python3.6/site-packages/airflow/example_dags/example_task_group_decorator.py
[2023-12-22 21:01:39,386] {processor.py:642} INFO - Processing file /home/airflow/.local/lib/python3.6/site-packages/airflow/example_dags/example_task_group_decorator.py for tasks to queue
[2023-12-22 21:01:39,387] {logging_mixin.py:109} INFO - [2023-12-22 21:01:39,387] {dagbag.py:500} INFO - Filling up the DagBag from /home/airflow/.local/lib/python3.6/site-packages/airflow/example_dags/example_task_group_decorator.py
[2023-12-22 21:01:39,420] {processor.py:652} INFO - DAG(s) dict_keys(['example_task_group_decorator']) retrieved from /home/airflow/.local/lib/python3.6/site-packages/airflow/example_dags/example_task_group_decorator.py
[2023-12-22 21:01:39,689] {logging_mixin.py:109} INFO - [2023-12-22 21:01:39,688] {dag.py:2398} INFO - Sync 1 DAGs
[2023-12-22 21:01:39,711] {logging_mixin.py:109} INFO - [2023-12-22 21:01:39,711] {dag.py:2937} INFO - Setting next_dagrun for example_task_group_decorator to 2023-12-21T21:01:39.711578+00:00
[2023-12-22 21:01:39,726] {processor.py:171} INFO - Processing /home/airflow/.local/lib/python3.6/site-packages/airflow/example_dags/example_task_group_decorator.py took 0.351 seconds
[2023-12-22 21:02:09,925] {processor.py:163} INFO - Started process (PID=2933) to work on /home/airflow/.local/lib/python3.6/site-packages/airflow/example_dags/example_task_group_decorator.py
[2023-12-22 21:02:09,926] {processor.py:642} INFO - Processing file /home/airflow/.local/lib/python3.6/site-packages/airflow/example_dags/example_task_group_decorator.py for tasks to queue
[2023-12-22 21:02:09,927] {logging_mixin.py:109} INFO - [2023-12-22 21:02:09,927] {dagbag.py:500} INFO - Filling up the DagBag from /home/airflow/.local/lib/python3.6/site-packages/airflow/example_dags/example_task_group_decorator.py
[2023-12-22 21:02:09,952] {processor.py:652} INFO - DAG(s) dict_keys(['example_task_group_decorator']) retrieved from /home/airflow/.local/lib/python3.6/site-packages/airflow/example_dags/example_task_group_decorator.py
[2023-12-22 21:02:10,174] {logging_mixin.py:109} INFO - [2023-12-22 21:02:10,174] {dag.py:2398} INFO - Sync 1 DAGs
[2023-12-22 21:02:10,188] {logging_mixin.py:109} INFO - [2023-12-22 21:02:10,188] {dag.py:2937} INFO - Setting next_dagrun for example_task_group_decorator to 2023-12-21T21:02:10.188354+00:00
[2023-12-22 21:02:10,208] {processor.py:171} INFO - Processing /home/airflow/.local/lib/python3.6/site-packages/airflow/example_dags/example_task_group_decorator.py took 0.285 seconds
[2023-12-22 21:02:41,146] {processor.py:163} INFO - Started process (PID=3008) to work on /home/airflow/.local/lib/python3.6/site-packages/airflow/example_dags/example_task_group_decorator.py
[2023-12-22 21:02:41,150] {processor.py:642} INFO - Processing file /home/airflow/.local/lib/python3.6/site-packages/airflow/example_dags/example_task_group_decorator.py for tasks to queue
[2023-12-22 21:02:41,151] {logging_mixin.py:109} INFO - [2023-12-22 21:02:41,151] {dagbag.py:500} INFO - Filling up the DagBag from /home/airflow/.local/lib/python3.6/site-packages/airflow/example_dags/example_task_group_decorator.py
[2023-12-22 21:02:41,192] {processor.py:652} INFO - DAG(s) dict_keys(['example_task_group_decorator']) retrieved from /home/airflow/.local/lib/python3.6/site-packages/airflow/example_dags/example_task_group_decorator.py
[2023-12-22 21:02:41,368] {logging_mixin.py:109} INFO - [2023-12-22 21:02:41,368] {dag.py:2398} INFO - Sync 1 DAGs
[2023-12-22 21:02:41,381] {logging_mixin.py:109} INFO - [2023-12-22 21:02:41,381] {dag.py:2937} INFO - Setting next_dagrun for example_task_group_decorator to 2023-12-21T21:02:41.381171+00:00
[2023-12-22 21:02:41,395] {processor.py:171} INFO - Processing /home/airflow/.local/lib/python3.6/site-packages/airflow/example_dags/example_task_group_decorator.py took 0.252 seconds
[2023-12-22 21:03:11,750] {processor.py:163} INFO - Started process (PID=3072) to work on /home/airflow/.local/lib/python3.6/site-packages/airflow/example_dags/example_task_group_decorator.py
[2023-12-22 21:03:11,751] {processor.py:642} INFO - Processing file /home/airflow/.local/lib/python3.6/site-packages/airflow/example_dags/example_task_group_decorator.py for tasks to queue
[2023-12-22 21:03:11,752] {logging_mixin.py:109} INFO - [2023-12-22 21:03:11,752] {dagbag.py:500} INFO - Filling up the DagBag from /home/airflow/.local/lib/python3.6/site-packages/airflow/example_dags/example_task_group_decorator.py
[2023-12-22 21:03:11,786] {processor.py:652} INFO - DAG(s) dict_keys(['example_task_group_decorator']) retrieved from /home/airflow/.local/lib/python3.6/site-packages/airflow/example_dags/example_task_group_decorator.py
[2023-12-22 21:03:11,988] {logging_mixin.py:109} INFO - [2023-12-22 21:03:11,988] {dag.py:2398} INFO - Sync 1 DAGs
[2023-12-22 21:03:12,004] {logging_mixin.py:109} INFO - [2023-12-22 21:03:12,004] {dag.py:2937} INFO - Setting next_dagrun for example_task_group_decorator to 2023-12-21T21:03:12.004281+00:00
[2023-12-22 21:03:12,017] {processor.py:171} INFO - Processing /home/airflow/.local/lib/python3.6/site-packages/airflow/example_dags/example_task_group_decorator.py took 0.270 seconds
[2023-12-22 21:03:42,932] {processor.py:163} INFO - Started process (PID=3145) to work on /home/airflow/.local/lib/python3.6/site-packages/airflow/example_dags/example_task_group_decorator.py
[2023-12-22 21:03:42,935] {processor.py:642} INFO - Processing file /home/airflow/.local/lib/python3.6/site-packages/airflow/example_dags/example_task_group_decorator.py for tasks to queue
[2023-12-22 21:03:42,935] {logging_mixin.py:109} INFO - [2023-12-22 21:03:42,935] {dagbag.py:500} INFO - Filling up the DagBag from /home/airflow/.local/lib/python3.6/site-packages/airflow/example_dags/example_task_group_decorator.py
[2023-12-22 21:03:42,964] {processor.py:652} INFO - DAG(s) dict_keys(['example_task_group_decorator']) retrieved from /home/airflow/.local/lib/python3.6/site-packages/airflow/example_dags/example_task_group_decorator.py
[2023-12-22 21:03:43,158] {logging_mixin.py:109} INFO - [2023-12-22 21:03:43,158] {dag.py:2398} INFO - Sync 1 DAGs
[2023-12-22 21:03:43,175] {logging_mixin.py:109} INFO - [2023-12-22 21:03:43,175] {dag.py:2937} INFO - Setting next_dagrun for example_task_group_decorator to 2023-12-21T21:03:43.175306+00:00
[2023-12-22 21:03:43,195] {processor.py:171} INFO - Processing /home/airflow/.local/lib/python3.6/site-packages/airflow/example_dags/example_task_group_decorator.py took 0.266 seconds
[2023-12-22 21:04:14,181] {processor.py:163} INFO - Started process (PID=3219) to work on /home/airflow/.local/lib/python3.6/site-packages/airflow/example_dags/example_task_group_decorator.py
[2023-12-22 21:04:14,182] {processor.py:642} INFO - Processing file /home/airflow/.local/lib/python3.6/site-packages/airflow/example_dags/example_task_group_decorator.py for tasks to queue
[2023-12-22 21:04:14,183] {logging_mixin.py:109} INFO - [2023-12-22 21:04:14,183] {dagbag.py:500} INFO - Filling up the DagBag from /home/airflow/.local/lib/python3.6/site-packages/airflow/example_dags/example_task_group_decorator.py
[2023-12-22 21:04:14,217] {processor.py:652} INFO - DAG(s) dict_keys(['example_task_group_decorator']) retrieved from /home/airflow/.local/lib/python3.6/site-packages/airflow/example_dags/example_task_group_decorator.py
[2023-12-22 21:04:14,459] {logging_mixin.py:109} INFO - [2023-12-22 21:04:14,459] {dag.py:2398} INFO - Sync 1 DAGs
[2023-12-22 21:04:14,482] {logging_mixin.py:109} INFO - [2023-12-22 21:04:14,482] {dag.py:2937} INFO - Setting next_dagrun for example_task_group_decorator to 2023-12-21T21:04:14.482213+00:00
[2023-12-22 21:04:14,505] {processor.py:171} INFO - Processing /home/airflow/.local/lib/python3.6/site-packages/airflow/example_dags/example_task_group_decorator.py took 0.327 seconds
[2023-12-22 21:04:44,828] {processor.py:163} INFO - Started process (PID=3283) to work on /home/airflow/.local/lib/python3.6/site-packages/airflow/example_dags/example_task_group_decorator.py
[2023-12-22 21:04:44,829] {processor.py:642} INFO - Processing file /home/airflow/.local/lib/python3.6/site-packages/airflow/example_dags/example_task_group_decorator.py for tasks to queue
[2023-12-22 21:04:44,830] {logging_mixin.py:109} INFO - [2023-12-22 21:04:44,830] {dagbag.py:500} INFO - Filling up the DagBag from /home/airflow/.local/lib/python3.6/site-packages/airflow/example_dags/example_task_group_decorator.py
[2023-12-22 21:04:44,857] {processor.py:652} INFO - DAG(s) dict_keys(['example_task_group_decorator']) retrieved from /home/airflow/.local/lib/python3.6/site-packages/airflow/example_dags/example_task_group_decorator.py
[2023-12-22 21:04:45,046] {logging_mixin.py:109} INFO - [2023-12-22 21:04:45,046] {dag.py:2398} INFO - Sync 1 DAGs
[2023-12-22 21:04:45,068] {logging_mixin.py:109} INFO - [2023-12-22 21:04:45,068] {dag.py:2937} INFO - Setting next_dagrun for example_task_group_decorator to 2023-12-21T21:04:45.067990+00:00
[2023-12-22 21:04:45,076] {processor.py:171} INFO - Processing /home/airflow/.local/lib/python3.6/site-packages/airflow/example_dags/example_task_group_decorator.py took 0.251 seconds
[2023-12-22 21:05:15,670] {processor.py:163} INFO - Started process (PID=3357) to work on /home/airflow/.local/lib/python3.6/site-packages/airflow/example_dags/example_task_group_decorator.py
[2023-12-22 21:05:15,671] {processor.py:642} INFO - Processing file /home/airflow/.local/lib/python3.6/site-packages/airflow/example_dags/example_task_group_decorator.py for tasks to queue
[2023-12-22 21:05:15,672] {logging_mixin.py:109} INFO - [2023-12-22 21:05:15,672] {dagbag.py:500} INFO - Filling up the DagBag from /home/airflow/.local/lib/python3.6/site-packages/airflow/example_dags/example_task_group_decorator.py
[2023-12-22 21:05:15,712] {processor.py:652} INFO - DAG(s) dict_keys(['example_task_group_decorator']) retrieved from /home/airflow/.local/lib/python3.6/site-packages/airflow/example_dags/example_task_group_decorator.py
[2023-12-22 21:05:15,915] {logging_mixin.py:109} INFO - [2023-12-22 21:05:15,915] {dag.py:2398} INFO - Sync 1 DAGs
[2023-12-22 21:05:15,927] {logging_mixin.py:109} INFO - [2023-12-22 21:05:15,927] {dag.py:2937} INFO - Setting next_dagrun for example_task_group_decorator to 2023-12-21T21:05:15.927588+00:00
[2023-12-22 21:05:15,960] {processor.py:171} INFO - Processing /home/airflow/.local/lib/python3.6/site-packages/airflow/example_dags/example_task_group_decorator.py took 0.293 seconds
[2023-12-22 21:05:46,026] {processor.py:163} INFO - Started process (PID=3421) to work on /home/airflow/.local/lib/python3.6/site-packages/airflow/example_dags/example_task_group_decorator.py
[2023-12-22 21:05:46,028] {processor.py:642} INFO - Processing file /home/airflow/.local/lib/python3.6/site-packages/airflow/example_dags/example_task_group_decorator.py for tasks to queue
[2023-12-22 21:05:46,029] {logging_mixin.py:109} INFO - [2023-12-22 21:05:46,028] {dagbag.py:500} INFO - Filling up the DagBag from /home/airflow/.local/lib/python3.6/site-packages/airflow/example_dags/example_task_group_decorator.py
[2023-12-22 21:05:46,055] {processor.py:652} INFO - DAG(s) dict_keys(['example_task_group_decorator']) retrieved from /home/airflow/.local/lib/python3.6/site-packages/airflow/example_dags/example_task_group_decorator.py
[2023-12-22 21:05:46,232] {logging_mixin.py:109} INFO - [2023-12-22 21:05:46,232] {dag.py:2398} INFO - Sync 1 DAGs
[2023-12-22 21:05:46,246] {logging_mixin.py:109} INFO - [2023-12-22 21:05:46,246] {dag.py:2937} INFO - Setting next_dagrun for example_task_group_decorator to 2023-12-21T21:05:46.245864+00:00
[2023-12-22 21:05:46,258] {processor.py:171} INFO - Processing /home/airflow/.local/lib/python3.6/site-packages/airflow/example_dags/example_task_group_decorator.py took 0.234 seconds
[2023-12-22 21:06:16,322] {processor.py:163} INFO - Started process (PID=3495) to work on /home/airflow/.local/lib/python3.6/site-packages/airflow/example_dags/example_task_group_decorator.py
[2023-12-22 21:06:16,324] {processor.py:642} INFO - Processing file /home/airflow/.local/lib/python3.6/site-packages/airflow/example_dags/example_task_group_decorator.py for tasks to queue
[2023-12-22 21:06:16,325] {logging_mixin.py:109} INFO - [2023-12-22 21:06:16,325] {dagbag.py:500} INFO - Filling up the DagBag from /home/airflow/.local/lib/python3.6/site-packages/airflow/example_dags/example_task_group_decorator.py
[2023-12-22 21:06:16,355] {processor.py:652} INFO - DAG(s) dict_keys(['example_task_group_decorator']) retrieved from /home/airflow/.local/lib/python3.6/site-packages/airflow/example_dags/example_task_group_decorator.py
[2023-12-22 21:06:16,531] {logging_mixin.py:109} INFO - [2023-12-22 21:06:16,531] {dag.py:2398} INFO - Sync 1 DAGs
[2023-12-22 21:06:16,545] {logging_mixin.py:109} INFO - [2023-12-22 21:06:16,545] {dag.py:2937} INFO - Setting next_dagrun for example_task_group_decorator to 2023-12-21T21:06:16.545601+00:00
[2023-12-22 21:06:16,577] {processor.py:171} INFO - Processing /home/airflow/.local/lib/python3.6/site-packages/airflow/example_dags/example_task_group_decorator.py took 0.268 seconds
[2023-12-22 21:06:47,445] {processor.py:163} INFO - Started process (PID=3559) to work on /home/airflow/.local/lib/python3.6/site-packages/airflow/example_dags/example_task_group_decorator.py
[2023-12-22 21:06:47,446] {processor.py:642} INFO - Processing file /home/airflow/.local/lib/python3.6/site-packages/airflow/example_dags/example_task_group_decorator.py for tasks to queue
[2023-12-22 21:06:47,447] {logging_mixin.py:109} INFO - [2023-12-22 21:06:47,446] {dagbag.py:500} INFO - Filling up the DagBag from /home/airflow/.local/lib/python3.6/site-packages/airflow/example_dags/example_task_group_decorator.py
[2023-12-22 21:06:47,473] {processor.py:652} INFO - DAG(s) dict_keys(['example_task_group_decorator']) retrieved from /home/airflow/.local/lib/python3.6/site-packages/airflow/example_dags/example_task_group_decorator.py
[2023-12-22 21:06:47,649] {logging_mixin.py:109} INFO - [2023-12-22 21:06:47,649] {dag.py:2398} INFO - Sync 1 DAGs
[2023-12-22 21:06:47,662] {logging_mixin.py:109} INFO - [2023-12-22 21:06:47,662] {dag.py:2937} INFO - Setting next_dagrun for example_task_group_decorator to 2023-12-21T21:06:47.662612+00:00
[2023-12-22 21:06:47,691] {processor.py:171} INFO - Processing /home/airflow/.local/lib/python3.6/site-packages/airflow/example_dags/example_task_group_decorator.py took 0.249 seconds
[2023-12-22 21:07:17,924] {processor.py:163} INFO - Started process (PID=3633) to work on /home/airflow/.local/lib/python3.6/site-packages/airflow/example_dags/example_task_group_decorator.py
[2023-12-22 21:07:17,926] {processor.py:642} INFO - Processing file /home/airflow/.local/lib/python3.6/site-packages/airflow/example_dags/example_task_group_decorator.py for tasks to queue
[2023-12-22 21:07:17,940] {logging_mixin.py:109} INFO - [2023-12-22 21:07:17,928] {dagbag.py:500} INFO - Filling up the DagBag from /home/airflow/.local/lib/python3.6/site-packages/airflow/example_dags/example_task_group_decorator.py
[2023-12-22 21:07:17,978] {processor.py:652} INFO - DAG(s) dict_keys(['example_task_group_decorator']) retrieved from /home/airflow/.local/lib/python3.6/site-packages/airflow/example_dags/example_task_group_decorator.py
[2023-12-22 21:07:18,202] {logging_mixin.py:109} INFO - [2023-12-22 21:07:18,202] {dag.py:2398} INFO - Sync 1 DAGs
[2023-12-22 21:07:18,220] {logging_mixin.py:109} INFO - [2023-12-22 21:07:18,220] {dag.py:2937} INFO - Setting next_dagrun for example_task_group_decorator to 2023-12-21T21:07:18.220625+00:00
[2023-12-22 21:07:18,234] {processor.py:171} INFO - Processing /home/airflow/.local/lib/python3.6/site-packages/airflow/example_dags/example_task_group_decorator.py took 0.315 seconds
[2023-12-22 21:07:48,427] {processor.py:163} INFO - Started process (PID=3706) to work on /home/airflow/.local/lib/python3.6/site-packages/airflow/example_dags/example_task_group_decorator.py
[2023-12-22 21:07:48,429] {processor.py:642} INFO - Processing file /home/airflow/.local/lib/python3.6/site-packages/airflow/example_dags/example_task_group_decorator.py for tasks to queue
[2023-12-22 21:07:48,430] {logging_mixin.py:109} INFO - [2023-12-22 21:07:48,430] {dagbag.py:500} INFO - Filling up the DagBag from /home/airflow/.local/lib/python3.6/site-packages/airflow/example_dags/example_task_group_decorator.py
[2023-12-22 21:07:48,458] {processor.py:652} INFO - DAG(s) dict_keys(['example_task_group_decorator']) retrieved from /home/airflow/.local/lib/python3.6/site-packages/airflow/example_dags/example_task_group_decorator.py
[2023-12-22 21:07:48,687] {logging_mixin.py:109} INFO - [2023-12-22 21:07:48,687] {dag.py:2398} INFO - Sync 1 DAGs
[2023-12-22 21:07:48,701] {logging_mixin.py:109} INFO - [2023-12-22 21:07:48,701] {dag.py:2937} INFO - Setting next_dagrun for example_task_group_decorator to 2023-12-21T21:07:48.700958+00:00
[2023-12-22 21:07:48,739] {processor.py:171} INFO - Processing /home/airflow/.local/lib/python3.6/site-packages/airflow/example_dags/example_task_group_decorator.py took 0.315 seconds
[2023-12-22 21:08:19,679] {processor.py:163} INFO - Started process (PID=3772) to work on /home/airflow/.local/lib/python3.6/site-packages/airflow/example_dags/example_task_group_decorator.py
[2023-12-22 21:08:19,680] {processor.py:642} INFO - Processing file /home/airflow/.local/lib/python3.6/site-packages/airflow/example_dags/example_task_group_decorator.py for tasks to queue
[2023-12-22 21:08:19,684] {logging_mixin.py:109} INFO - [2023-12-22 21:08:19,681] {dagbag.py:500} INFO - Filling up the DagBag from /home/airflow/.local/lib/python3.6/site-packages/airflow/example_dags/example_task_group_decorator.py
[2023-12-22 21:08:19,762] {processor.py:652} INFO - DAG(s) dict_keys(['example_task_group_decorator']) retrieved from /home/airflow/.local/lib/python3.6/site-packages/airflow/example_dags/example_task_group_decorator.py
[2023-12-22 21:08:19,953] {logging_mixin.py:109} INFO - [2023-12-22 21:08:19,953] {dag.py:2398} INFO - Sync 1 DAGs
[2023-12-22 21:08:19,969] {logging_mixin.py:109} INFO - [2023-12-22 21:08:19,969] {dag.py:2937} INFO - Setting next_dagrun for example_task_group_decorator to 2023-12-21T21:08:19.969038+00:00
[2023-12-22 21:08:19,979] {processor.py:171} INFO - Processing /home/airflow/.local/lib/python3.6/site-packages/airflow/example_dags/example_task_group_decorator.py took 0.303 seconds
[2023-12-22 21:08:50,210] {processor.py:163} INFO - Started process (PID=3845) to work on /home/airflow/.local/lib/python3.6/site-packages/airflow/example_dags/example_task_group_decorator.py
[2023-12-22 21:08:50,211] {processor.py:642} INFO - Processing file /home/airflow/.local/lib/python3.6/site-packages/airflow/example_dags/example_task_group_decorator.py for tasks to queue
[2023-12-22 21:08:50,212] {logging_mixin.py:109} INFO - [2023-12-22 21:08:50,212] {dagbag.py:500} INFO - Filling up the DagBag from /home/airflow/.local/lib/python3.6/site-packages/airflow/example_dags/example_task_group_decorator.py
[2023-12-22 21:08:50,244] {processor.py:652} INFO - DAG(s) dict_keys(['example_task_group_decorator']) retrieved from /home/airflow/.local/lib/python3.6/site-packages/airflow/example_dags/example_task_group_decorator.py
[2023-12-22 21:08:50,428] {logging_mixin.py:109} INFO - [2023-12-22 21:08:50,428] {dag.py:2398} INFO - Sync 1 DAGs
[2023-12-22 21:08:50,442] {logging_mixin.py:109} INFO - [2023-12-22 21:08:50,442] {dag.py:2937} INFO - Setting next_dagrun for example_task_group_decorator to 2023-12-21T21:08:50.442255+00:00
[2023-12-22 21:08:50,476] {processor.py:171} INFO - Processing /home/airflow/.local/lib/python3.6/site-packages/airflow/example_dags/example_task_group_decorator.py took 0.270 seconds
[2023-12-22 21:09:20,615] {processor.py:163} INFO - Started process (PID=3909) to work on /home/airflow/.local/lib/python3.6/site-packages/airflow/example_dags/example_task_group_decorator.py
[2023-12-22 21:09:20,616] {processor.py:642} INFO - Processing file /home/airflow/.local/lib/python3.6/site-packages/airflow/example_dags/example_task_group_decorator.py for tasks to queue
[2023-12-22 21:09:20,618] {logging_mixin.py:109} INFO - [2023-12-22 21:09:20,618] {dagbag.py:500} INFO - Filling up the DagBag from /home/airflow/.local/lib/python3.6/site-packages/airflow/example_dags/example_task_group_decorator.py
[2023-12-22 21:09:20,643] {processor.py:652} INFO - DAG(s) dict_keys(['example_task_group_decorator']) retrieved from /home/airflow/.local/lib/python3.6/site-packages/airflow/example_dags/example_task_group_decorator.py
[2023-12-22 21:09:20,832] {logging_mixin.py:109} INFO - [2023-12-22 21:09:20,832] {dag.py:2398} INFO - Sync 1 DAGs
[2023-12-22 21:09:20,849] {logging_mixin.py:109} INFO - [2023-12-22 21:09:20,849] {dag.py:2937} INFO - Setting next_dagrun for example_task_group_decorator to 2023-12-21T21:09:20.849613+00:00
[2023-12-22 21:09:20,860] {processor.py:171} INFO - Processing /home/airflow/.local/lib/python3.6/site-packages/airflow/example_dags/example_task_group_decorator.py took 0.247 seconds
[2023-12-22 21:09:51,291] {processor.py:163} INFO - Started process (PID=3983) to work on /home/airflow/.local/lib/python3.6/site-packages/airflow/example_dags/example_task_group_decorator.py
[2023-12-22 21:09:51,293] {processor.py:642} INFO - Processing file /home/airflow/.local/lib/python3.6/site-packages/airflow/example_dags/example_task_group_decorator.py for tasks to queue
[2023-12-22 21:09:51,294] {logging_mixin.py:109} INFO - [2023-12-22 21:09:51,294] {dagbag.py:500} INFO - Filling up the DagBag from /home/airflow/.local/lib/python3.6/site-packages/airflow/example_dags/example_task_group_decorator.py
[2023-12-22 21:09:51,330] {processor.py:652} INFO - DAG(s) dict_keys(['example_task_group_decorator']) retrieved from /home/airflow/.local/lib/python3.6/site-packages/airflow/example_dags/example_task_group_decorator.py
[2023-12-22 21:09:51,567] {logging_mixin.py:109} INFO - [2023-12-22 21:09:51,567] {dag.py:2398} INFO - Sync 1 DAGs
[2023-12-22 21:09:51,588] {logging_mixin.py:109} INFO - [2023-12-22 21:09:51,588] {dag.py:2937} INFO - Setting next_dagrun for example_task_group_decorator to 2023-12-21T21:09:51.587976+00:00
[2023-12-22 21:09:51,603] {processor.py:171} INFO - Processing /home/airflow/.local/lib/python3.6/site-packages/airflow/example_dags/example_task_group_decorator.py took 0.315 seconds
[2023-12-22 21:10:21,801] {processor.py:163} INFO - Started process (PID=4047) to work on /home/airflow/.local/lib/python3.6/site-packages/airflow/example_dags/example_task_group_decorator.py
[2023-12-22 21:10:21,802] {processor.py:642} INFO - Processing file /home/airflow/.local/lib/python3.6/site-packages/airflow/example_dags/example_task_group_decorator.py for tasks to queue
[2023-12-22 21:10:21,803] {logging_mixin.py:109} INFO - [2023-12-22 21:10:21,803] {dagbag.py:500} INFO - Filling up the DagBag from /home/airflow/.local/lib/python3.6/site-packages/airflow/example_dags/example_task_group_decorator.py
[2023-12-22 21:10:21,826] {processor.py:652} INFO - DAG(s) dict_keys(['example_task_group_decorator']) retrieved from /home/airflow/.local/lib/python3.6/site-packages/airflow/example_dags/example_task_group_decorator.py
[2023-12-22 21:10:22,056] {logging_mixin.py:109} INFO - [2023-12-22 21:10:22,056] {dag.py:2398} INFO - Sync 1 DAGs
[2023-12-22 21:10:22,072] {logging_mixin.py:109} INFO - [2023-12-22 21:10:22,072] {dag.py:2937} INFO - Setting next_dagrun for example_task_group_decorator to 2023-12-21T21:10:22.072236+00:00
[2023-12-22 21:10:22,083] {processor.py:171} INFO - Processing /home/airflow/.local/lib/python3.6/site-packages/airflow/example_dags/example_task_group_decorator.py took 0.284 seconds
[2023-12-22 21:10:52,313] {processor.py:163} INFO - Started process (PID=4122) to work on /home/airflow/.local/lib/python3.6/site-packages/airflow/example_dags/example_task_group_decorator.py
[2023-12-22 21:10:52,314] {processor.py:642} INFO - Processing file /home/airflow/.local/lib/python3.6/site-packages/airflow/example_dags/example_task_group_decorator.py for tasks to queue
[2023-12-22 21:10:52,315] {logging_mixin.py:109} INFO - [2023-12-22 21:10:52,315] {dagbag.py:500} INFO - Filling up the DagBag from /home/airflow/.local/lib/python3.6/site-packages/airflow/example_dags/example_task_group_decorator.py
[2023-12-22 21:10:52,345] {processor.py:652} INFO - DAG(s) dict_keys(['example_task_group_decorator']) retrieved from /home/airflow/.local/lib/python3.6/site-packages/airflow/example_dags/example_task_group_decorator.py
[2023-12-22 21:10:52,527] {logging_mixin.py:109} INFO - [2023-12-22 21:10:52,527] {dag.py:2398} INFO - Sync 1 DAGs
[2023-12-22 21:10:52,542] {logging_mixin.py:109} INFO - [2023-12-22 21:10:52,542] {dag.py:2937} INFO - Setting next_dagrun for example_task_group_decorator to 2023-12-21T21:10:52.541992+00:00
[2023-12-22 21:10:52,577] {processor.py:171} INFO - Processing /home/airflow/.local/lib/python3.6/site-packages/airflow/example_dags/example_task_group_decorator.py took 0.267 seconds
[2023-12-22 21:11:22,640] {processor.py:163} INFO - Started process (PID=4185) to work on /home/airflow/.local/lib/python3.6/site-packages/airflow/example_dags/example_task_group_decorator.py
[2023-12-22 21:11:22,643] {processor.py:642} INFO - Processing file /home/airflow/.local/lib/python3.6/site-packages/airflow/example_dags/example_task_group_decorator.py for tasks to queue
[2023-12-22 21:11:22,644] {logging_mixin.py:109} INFO - [2023-12-22 21:11:22,644] {dagbag.py:500} INFO - Filling up the DagBag from /home/airflow/.local/lib/python3.6/site-packages/airflow/example_dags/example_task_group_decorator.py
[2023-12-22 21:11:22,666] {processor.py:652} INFO - DAG(s) dict_keys(['example_task_group_decorator']) retrieved from /home/airflow/.local/lib/python3.6/site-packages/airflow/example_dags/example_task_group_decorator.py
[2023-12-22 21:11:22,835] {logging_mixin.py:109} INFO - [2023-12-22 21:11:22,835] {dag.py:2398} INFO - Sync 1 DAGs
[2023-12-22 21:11:22,852] {logging_mixin.py:109} INFO - [2023-12-22 21:11:22,851] {dag.py:2937} INFO - Setting next_dagrun for example_task_group_decorator to 2023-12-21T21:11:22.851612+00:00
[2023-12-22 21:11:22,863] {processor.py:171} INFO - Processing /home/airflow/.local/lib/python3.6/site-packages/airflow/example_dags/example_task_group_decorator.py took 0.233 seconds
[2023-12-22 21:11:53,160] {processor.py:163} INFO - Started process (PID=4260) to work on /home/airflow/.local/lib/python3.6/site-packages/airflow/example_dags/example_task_group_decorator.py
[2023-12-22 21:11:53,164] {processor.py:642} INFO - Processing file /home/airflow/.local/lib/python3.6/site-packages/airflow/example_dags/example_task_group_decorator.py for tasks to queue
[2023-12-22 21:11:53,165] {logging_mixin.py:109} INFO - [2023-12-22 21:11:53,165] {dagbag.py:500} INFO - Filling up the DagBag from /home/airflow/.local/lib/python3.6/site-packages/airflow/example_dags/example_task_group_decorator.py
[2023-12-22 21:11:53,188] {processor.py:652} INFO - DAG(s) dict_keys(['example_task_group_decorator']) retrieved from /home/airflow/.local/lib/python3.6/site-packages/airflow/example_dags/example_task_group_decorator.py
[2023-12-22 21:11:53,380] {logging_mixin.py:109} INFO - [2023-12-22 21:11:53,379] {dag.py:2398} INFO - Sync 1 DAGs
[2023-12-22 21:11:53,399] {logging_mixin.py:109} INFO - [2023-12-22 21:11:53,399] {dag.py:2937} INFO - Setting next_dagrun for example_task_group_decorator to 2023-12-21T21:11:53.398906+00:00
[2023-12-22 21:11:53,438] {processor.py:171} INFO - Processing /home/airflow/.local/lib/python3.6/site-packages/airflow/example_dags/example_task_group_decorator.py took 0.282 seconds
