[2023-12-22 20:40:27,843] {processor.py:163} INFO - Started process (PID=54) to work on /home/airflow/.local/lib/python3.6/site-packages/airflow/example_dags/example_time_delta_sensor_async.py
[2023-12-22 20:40:27,844] {processor.py:642} INFO - Processing file /home/airflow/.local/lib/python3.6/site-packages/airflow/example_dags/example_time_delta_sensor_async.py for tasks to queue
[2023-12-22 20:40:27,845] {logging_mixin.py:109} INFO - [2023-12-22 20:40:27,845] {dagbag.py:500} INFO - Filling up the DagBag from /home/airflow/.local/lib/python3.6/site-packages/airflow/example_dags/example_time_delta_sensor_async.py
[2023-12-22 20:40:27,860] {processor.py:652} INFO - DAG(s) dict_keys(['example_time_delta_sensor_async']) retrieved from /home/airflow/.local/lib/python3.6/site-packages/airflow/example_dags/example_time_delta_sensor_async.py
[2023-12-22 20:40:27,879] {logging_mixin.py:109} INFO - [2023-12-22 20:40:27,878] {dag.py:2398} INFO - Sync 1 DAGs
[2023-12-22 20:40:27,898] {logging_mixin.py:109} INFO - [2023-12-22 20:40:27,898] {dag.py:2937} INFO - Setting next_dagrun for example_time_delta_sensor_async to None
[2023-12-22 20:40:27,909] {processor.py:171} INFO - Processing /home/airflow/.local/lib/python3.6/site-packages/airflow/example_dags/example_time_delta_sensor_async.py took 0.069 seconds
[2023-12-22 20:40:59,028] {processor.py:163} INFO - Started process (PID=128) to work on /home/airflow/.local/lib/python3.6/site-packages/airflow/example_dags/example_time_delta_sensor_async.py
[2023-12-22 20:40:59,030] {processor.py:642} INFO - Processing file /home/airflow/.local/lib/python3.6/site-packages/airflow/example_dags/example_time_delta_sensor_async.py for tasks to queue
[2023-12-22 20:40:59,031] {logging_mixin.py:109} INFO - [2023-12-22 20:40:59,031] {dagbag.py:500} INFO - Filling up the DagBag from /home/airflow/.local/lib/python3.6/site-packages/airflow/example_dags/example_time_delta_sensor_async.py
[2023-12-22 20:40:59,050] {processor.py:652} INFO - DAG(s) dict_keys(['example_time_delta_sensor_async']) retrieved from /home/airflow/.local/lib/python3.6/site-packages/airflow/example_dags/example_time_delta_sensor_async.py
[2023-12-22 20:40:59,070] {logging_mixin.py:109} INFO - [2023-12-22 20:40:59,070] {dag.py:2398} INFO - Sync 1 DAGs
[2023-12-22 20:40:59,087] {logging_mixin.py:109} INFO - [2023-12-22 20:40:59,087] {dag.py:2937} INFO - Setting next_dagrun for example_time_delta_sensor_async to None
[2023-12-22 20:40:59,100] {processor.py:171} INFO - Processing /home/airflow/.local/lib/python3.6/site-packages/airflow/example_dags/example_time_delta_sensor_async.py took 0.075 seconds
[2023-12-22 20:41:30,942] {processor.py:163} INFO - Started process (PID=202) to work on /home/airflow/.local/lib/python3.6/site-packages/airflow/example_dags/example_time_delta_sensor_async.py
[2023-12-22 20:41:30,943] {processor.py:642} INFO - Processing file /home/airflow/.local/lib/python3.6/site-packages/airflow/example_dags/example_time_delta_sensor_async.py for tasks to queue
[2023-12-22 20:41:30,944] {logging_mixin.py:109} INFO - [2023-12-22 20:41:30,944] {dagbag.py:500} INFO - Filling up the DagBag from /home/airflow/.local/lib/python3.6/site-packages/airflow/example_dags/example_time_delta_sensor_async.py
[2023-12-22 20:41:30,955] {processor.py:652} INFO - DAG(s) dict_keys(['example_time_delta_sensor_async']) retrieved from /home/airflow/.local/lib/python3.6/site-packages/airflow/example_dags/example_time_delta_sensor_async.py
[2023-12-22 20:41:30,972] {logging_mixin.py:109} INFO - [2023-12-22 20:41:30,972] {dag.py:2398} INFO - Sync 1 DAGs
[2023-12-22 20:41:31,016] {logging_mixin.py:109} INFO - [2023-12-22 20:41:31,016] {dag.py:2937} INFO - Setting next_dagrun for example_time_delta_sensor_async to None
[2023-12-22 20:41:31,089] {processor.py:171} INFO - Processing /home/airflow/.local/lib/python3.6/site-packages/airflow/example_dags/example_time_delta_sensor_async.py took 0.149 seconds
[2023-12-22 20:42:04,821] {processor.py:163} INFO - Started process (PID=266) to work on /home/airflow/.local/lib/python3.6/site-packages/airflow/example_dags/example_time_delta_sensor_async.py
[2023-12-22 20:42:04,834] {processor.py:642} INFO - Processing file /home/airflow/.local/lib/python3.6/site-packages/airflow/example_dags/example_time_delta_sensor_async.py for tasks to queue
[2023-12-22 20:42:04,917] {logging_mixin.py:109} INFO - [2023-12-22 20:42:04,917] {dagbag.py:500} INFO - Filling up the DagBag from /home/airflow/.local/lib/python3.6/site-packages/airflow/example_dags/example_time_delta_sensor_async.py
[2023-12-22 20:42:05,050] {processor.py:652} INFO - DAG(s) dict_keys(['example_time_delta_sensor_async']) retrieved from /home/airflow/.local/lib/python3.6/site-packages/airflow/example_dags/example_time_delta_sensor_async.py
[2023-12-22 20:42:05,113] {logging_mixin.py:109} INFO - [2023-12-22 20:42:05,113] {dag.py:2398} INFO - Sync 1 DAGs
[2023-12-22 20:42:05,145] {logging_mixin.py:109} INFO - [2023-12-22 20:42:05,145] {dag.py:2937} INFO - Setting next_dagrun for example_time_delta_sensor_async to None
[2023-12-22 20:42:05,165] {processor.py:171} INFO - Processing /home/airflow/.local/lib/python3.6/site-packages/airflow/example_dags/example_time_delta_sensor_async.py took 0.347 seconds
[2023-12-22 20:42:38,421] {processor.py:163} INFO - Started process (PID=340) to work on /home/airflow/.local/lib/python3.6/site-packages/airflow/example_dags/example_time_delta_sensor_async.py
[2023-12-22 20:42:38,424] {processor.py:642} INFO - Processing file /home/airflow/.local/lib/python3.6/site-packages/airflow/example_dags/example_time_delta_sensor_async.py for tasks to queue
[2023-12-22 20:42:38,427] {logging_mixin.py:109} INFO - [2023-12-22 20:42:38,427] {dagbag.py:500} INFO - Filling up the DagBag from /home/airflow/.local/lib/python3.6/site-packages/airflow/example_dags/example_time_delta_sensor_async.py
[2023-12-22 20:42:38,452] {processor.py:652} INFO - DAG(s) dict_keys(['example_time_delta_sensor_async']) retrieved from /home/airflow/.local/lib/python3.6/site-packages/airflow/example_dags/example_time_delta_sensor_async.py
[2023-12-22 20:42:38,560] {logging_mixin.py:109} INFO - [2023-12-22 20:42:38,560] {dag.py:2398} INFO - Sync 1 DAGs
[2023-12-22 20:42:38,693] {logging_mixin.py:109} INFO - [2023-12-22 20:42:38,693] {dag.py:2937} INFO - Setting next_dagrun for example_time_delta_sensor_async to None
[2023-12-22 20:42:38,722] {processor.py:171} INFO - Processing /home/airflow/.local/lib/python3.6/site-packages/airflow/example_dags/example_time_delta_sensor_async.py took 0.303 seconds
[2023-12-22 20:43:09,949] {processor.py:163} INFO - Started process (PID=404) to work on /home/airflow/.local/lib/python3.6/site-packages/airflow/example_dags/example_time_delta_sensor_async.py
[2023-12-22 20:43:09,951] {processor.py:642} INFO - Processing file /home/airflow/.local/lib/python3.6/site-packages/airflow/example_dags/example_time_delta_sensor_async.py for tasks to queue
[2023-12-22 20:43:09,951] {logging_mixin.py:109} INFO - [2023-12-22 20:43:09,951] {dagbag.py:500} INFO - Filling up the DagBag from /home/airflow/.local/lib/python3.6/site-packages/airflow/example_dags/example_time_delta_sensor_async.py
[2023-12-22 20:43:09,968] {processor.py:652} INFO - DAG(s) dict_keys(['example_time_delta_sensor_async']) retrieved from /home/airflow/.local/lib/python3.6/site-packages/airflow/example_dags/example_time_delta_sensor_async.py
[2023-12-22 20:43:09,992] {logging_mixin.py:109} INFO - [2023-12-22 20:43:09,991] {dag.py:2398} INFO - Sync 1 DAGs
[2023-12-22 20:43:10,018] {logging_mixin.py:109} INFO - [2023-12-22 20:43:10,017] {dag.py:2937} INFO - Setting next_dagrun for example_time_delta_sensor_async to None
[2023-12-22 20:43:10,031] {processor.py:171} INFO - Processing /home/airflow/.local/lib/python3.6/site-packages/airflow/example_dags/example_time_delta_sensor_async.py took 0.085 seconds
[2023-12-22 20:43:42,275] {processor.py:163} INFO - Started process (PID=479) to work on /home/airflow/.local/lib/python3.6/site-packages/airflow/example_dags/example_time_delta_sensor_async.py
[2023-12-22 20:43:42,276] {processor.py:642} INFO - Processing file /home/airflow/.local/lib/python3.6/site-packages/airflow/example_dags/example_time_delta_sensor_async.py for tasks to queue
[2023-12-22 20:43:42,277] {logging_mixin.py:109} INFO - [2023-12-22 20:43:42,277] {dagbag.py:500} INFO - Filling up the DagBag from /home/airflow/.local/lib/python3.6/site-packages/airflow/example_dags/example_time_delta_sensor_async.py
[2023-12-22 20:43:42,296] {processor.py:652} INFO - DAG(s) dict_keys(['example_time_delta_sensor_async']) retrieved from /home/airflow/.local/lib/python3.6/site-packages/airflow/example_dags/example_time_delta_sensor_async.py
[2023-12-22 20:43:42,331] {logging_mixin.py:109} INFO - [2023-12-22 20:43:42,331] {dag.py:2398} INFO - Sync 1 DAGs
[2023-12-22 20:43:42,353] {logging_mixin.py:109} INFO - [2023-12-22 20:43:42,353] {dag.py:2937} INFO - Setting next_dagrun for example_time_delta_sensor_async to None
[2023-12-22 20:43:42,463] {processor.py:171} INFO - Processing /home/airflow/.local/lib/python3.6/site-packages/airflow/example_dags/example_time_delta_sensor_async.py took 0.192 seconds
[2023-12-22 20:44:13,548] {processor.py:163} INFO - Started process (PID=542) to work on /home/airflow/.local/lib/python3.6/site-packages/airflow/example_dags/example_time_delta_sensor_async.py
[2023-12-22 20:44:13,549] {processor.py:642} INFO - Processing file /home/airflow/.local/lib/python3.6/site-packages/airflow/example_dags/example_time_delta_sensor_async.py for tasks to queue
[2023-12-22 20:44:13,550] {logging_mixin.py:109} INFO - [2023-12-22 20:44:13,550] {dagbag.py:500} INFO - Filling up the DagBag from /home/airflow/.local/lib/python3.6/site-packages/airflow/example_dags/example_time_delta_sensor_async.py
[2023-12-22 20:44:13,561] {processor.py:652} INFO - DAG(s) dict_keys(['example_time_delta_sensor_async']) retrieved from /home/airflow/.local/lib/python3.6/site-packages/airflow/example_dags/example_time_delta_sensor_async.py
[2023-12-22 20:44:13,580] {logging_mixin.py:109} INFO - [2023-12-22 20:44:13,580] {dag.py:2398} INFO - Sync 1 DAGs
[2023-12-22 20:44:13,686] {logging_mixin.py:109} INFO - [2023-12-22 20:44:13,686] {dag.py:2937} INFO - Setting next_dagrun for example_time_delta_sensor_async to None
[2023-12-22 20:44:13,696] {processor.py:171} INFO - Processing /home/airflow/.local/lib/python3.6/site-packages/airflow/example_dags/example_time_delta_sensor_async.py took 0.151 seconds
[2023-12-22 20:44:43,975] {processor.py:163} INFO - Started process (PID=595) to work on /home/airflow/.local/lib/python3.6/site-packages/airflow/example_dags/example_time_delta_sensor_async.py
[2023-12-22 20:44:43,976] {processor.py:642} INFO - Processing file /home/airflow/.local/lib/python3.6/site-packages/airflow/example_dags/example_time_delta_sensor_async.py for tasks to queue
[2023-12-22 20:44:43,977] {logging_mixin.py:109} INFO - [2023-12-22 20:44:43,977] {dagbag.py:500} INFO - Filling up the DagBag from /home/airflow/.local/lib/python3.6/site-packages/airflow/example_dags/example_time_delta_sensor_async.py
[2023-12-22 20:44:44,033] {processor.py:652} INFO - DAG(s) dict_keys(['example_time_delta_sensor_async']) retrieved from /home/airflow/.local/lib/python3.6/site-packages/airflow/example_dags/example_time_delta_sensor_async.py
[2023-12-22 20:44:44,082] {logging_mixin.py:109} INFO - [2023-12-22 20:44:44,082] {dag.py:2398} INFO - Sync 1 DAGs
[2023-12-22 20:44:44,304] {logging_mixin.py:109} INFO - [2023-12-22 20:44:44,304] {dag.py:2937} INFO - Setting next_dagrun for example_time_delta_sensor_async to None
[2023-12-22 20:44:44,411] {processor.py:171} INFO - Processing /home/airflow/.local/lib/python3.6/site-packages/airflow/example_dags/example_time_delta_sensor_async.py took 0.439 seconds
[2023-12-22 20:45:14,587] {processor.py:163} INFO - Started process (PID=668) to work on /home/airflow/.local/lib/python3.6/site-packages/airflow/example_dags/example_time_delta_sensor_async.py
[2023-12-22 20:45:14,589] {processor.py:642} INFO - Processing file /home/airflow/.local/lib/python3.6/site-packages/airflow/example_dags/example_time_delta_sensor_async.py for tasks to queue
[2023-12-22 20:45:14,590] {logging_mixin.py:109} INFO - [2023-12-22 20:45:14,590] {dagbag.py:500} INFO - Filling up the DagBag from /home/airflow/.local/lib/python3.6/site-packages/airflow/example_dags/example_time_delta_sensor_async.py
[2023-12-22 20:45:14,603] {processor.py:652} INFO - DAG(s) dict_keys(['example_time_delta_sensor_async']) retrieved from /home/airflow/.local/lib/python3.6/site-packages/airflow/example_dags/example_time_delta_sensor_async.py
[2023-12-22 20:45:14,618] {logging_mixin.py:109} INFO - [2023-12-22 20:45:14,618] {dag.py:2398} INFO - Sync 1 DAGs
[2023-12-22 20:45:14,703] {logging_mixin.py:109} INFO - [2023-12-22 20:45:14,703] {dag.py:2937} INFO - Setting next_dagrun for example_time_delta_sensor_async to None
[2023-12-22 20:45:14,712] {processor.py:171} INFO - Processing /home/airflow/.local/lib/python3.6/site-packages/airflow/example_dags/example_time_delta_sensor_async.py took 0.128 seconds
[2023-12-22 20:45:44,788] {processor.py:163} INFO - Started process (PID=733) to work on /home/airflow/.local/lib/python3.6/site-packages/airflow/example_dags/example_time_delta_sensor_async.py
[2023-12-22 20:45:44,789] {processor.py:642} INFO - Processing file /home/airflow/.local/lib/python3.6/site-packages/airflow/example_dags/example_time_delta_sensor_async.py for tasks to queue
[2023-12-22 20:45:44,790] {logging_mixin.py:109} INFO - [2023-12-22 20:45:44,790] {dagbag.py:500} INFO - Filling up the DagBag from /home/airflow/.local/lib/python3.6/site-packages/airflow/example_dags/example_time_delta_sensor_async.py
[2023-12-22 20:45:44,811] {processor.py:652} INFO - DAG(s) dict_keys(['example_time_delta_sensor_async']) retrieved from /home/airflow/.local/lib/python3.6/site-packages/airflow/example_dags/example_time_delta_sensor_async.py
[2023-12-22 20:45:44,910] {logging_mixin.py:109} INFO - [2023-12-22 20:45:44,910] {dag.py:2398} INFO - Sync 1 DAGs
[2023-12-22 20:45:44,934] {logging_mixin.py:109} INFO - [2023-12-22 20:45:44,933] {dag.py:2937} INFO - Setting next_dagrun for example_time_delta_sensor_async to None
[2023-12-22 20:45:44,951] {processor.py:171} INFO - Processing /home/airflow/.local/lib/python3.6/site-packages/airflow/example_dags/example_time_delta_sensor_async.py took 0.166 seconds
[2023-12-22 20:46:15,550] {processor.py:163} INFO - Started process (PID=807) to work on /home/airflow/.local/lib/python3.6/site-packages/airflow/example_dags/example_time_delta_sensor_async.py
[2023-12-22 20:46:15,551] {processor.py:642} INFO - Processing file /home/airflow/.local/lib/python3.6/site-packages/airflow/example_dags/example_time_delta_sensor_async.py for tasks to queue
[2023-12-22 20:46:15,554] {logging_mixin.py:109} INFO - [2023-12-22 20:46:15,554] {dagbag.py:500} INFO - Filling up the DagBag from /home/airflow/.local/lib/python3.6/site-packages/airflow/example_dags/example_time_delta_sensor_async.py
[2023-12-22 20:46:15,568] {processor.py:652} INFO - DAG(s) dict_keys(['example_time_delta_sensor_async']) retrieved from /home/airflow/.local/lib/python3.6/site-packages/airflow/example_dags/example_time_delta_sensor_async.py
[2023-12-22 20:46:15,678] {logging_mixin.py:109} INFO - [2023-12-22 20:46:15,678] {dag.py:2398} INFO - Sync 1 DAGs
[2023-12-22 20:46:15,696] {logging_mixin.py:109} INFO - [2023-12-22 20:46:15,696] {dag.py:2937} INFO - Setting next_dagrun for example_time_delta_sensor_async to None
[2023-12-22 20:46:15,716] {processor.py:171} INFO - Processing /home/airflow/.local/lib/python3.6/site-packages/airflow/example_dags/example_time_delta_sensor_async.py took 0.169 seconds
[2023-12-22 20:46:46,124] {processor.py:163} INFO - Started process (PID=871) to work on /home/airflow/.local/lib/python3.6/site-packages/airflow/example_dags/example_time_delta_sensor_async.py
[2023-12-22 20:46:46,125] {processor.py:642} INFO - Processing file /home/airflow/.local/lib/python3.6/site-packages/airflow/example_dags/example_time_delta_sensor_async.py for tasks to queue
[2023-12-22 20:46:46,126] {logging_mixin.py:109} INFO - [2023-12-22 20:46:46,126] {dagbag.py:500} INFO - Filling up the DagBag from /home/airflow/.local/lib/python3.6/site-packages/airflow/example_dags/example_time_delta_sensor_async.py
[2023-12-22 20:46:46,229] {processor.py:652} INFO - DAG(s) dict_keys(['example_time_delta_sensor_async']) retrieved from /home/airflow/.local/lib/python3.6/site-packages/airflow/example_dags/example_time_delta_sensor_async.py
[2023-12-22 20:46:46,246] {logging_mixin.py:109} INFO - [2023-12-22 20:46:46,246] {dag.py:2398} INFO - Sync 1 DAGs
[2023-12-22 20:46:46,268] {logging_mixin.py:109} INFO - [2023-12-22 20:46:46,268] {dag.py:2937} INFO - Setting next_dagrun for example_time_delta_sensor_async to None
[2023-12-22 20:46:46,279] {processor.py:171} INFO - Processing /home/airflow/.local/lib/python3.6/site-packages/airflow/example_dags/example_time_delta_sensor_async.py took 0.158 seconds
[2023-12-22 20:47:17,285] {processor.py:163} INFO - Started process (PID=944) to work on /home/airflow/.local/lib/python3.6/site-packages/airflow/example_dags/example_time_delta_sensor_async.py
[2023-12-22 20:47:17,286] {processor.py:642} INFO - Processing file /home/airflow/.local/lib/python3.6/site-packages/airflow/example_dags/example_time_delta_sensor_async.py for tasks to queue
[2023-12-22 20:47:17,286] {logging_mixin.py:109} INFO - [2023-12-22 20:47:17,286] {dagbag.py:500} INFO - Filling up the DagBag from /home/airflow/.local/lib/python3.6/site-packages/airflow/example_dags/example_time_delta_sensor_async.py
[2023-12-22 20:47:17,382] {processor.py:652} INFO - DAG(s) dict_keys(['example_time_delta_sensor_async']) retrieved from /home/airflow/.local/lib/python3.6/site-packages/airflow/example_dags/example_time_delta_sensor_async.py
[2023-12-22 20:47:17,397] {logging_mixin.py:109} INFO - [2023-12-22 20:47:17,397] {dag.py:2398} INFO - Sync 1 DAGs
[2023-12-22 20:47:17,409] {logging_mixin.py:109} INFO - [2023-12-22 20:47:17,409] {dag.py:2937} INFO - Setting next_dagrun for example_time_delta_sensor_async to None
[2023-12-22 20:47:17,420] {processor.py:171} INFO - Processing /home/airflow/.local/lib/python3.6/site-packages/airflow/example_dags/example_time_delta_sensor_async.py took 0.138 seconds
[2023-12-22 20:47:47,683] {processor.py:163} INFO - Started process (PID=1007) to work on /home/airflow/.local/lib/python3.6/site-packages/airflow/example_dags/example_time_delta_sensor_async.py
[2023-12-22 20:47:47,684] {processor.py:642} INFO - Processing file /home/airflow/.local/lib/python3.6/site-packages/airflow/example_dags/example_time_delta_sensor_async.py for tasks to queue
[2023-12-22 20:47:47,685] {logging_mixin.py:109} INFO - [2023-12-22 20:47:47,685] {dagbag.py:500} INFO - Filling up the DagBag from /home/airflow/.local/lib/python3.6/site-packages/airflow/example_dags/example_time_delta_sensor_async.py
[2023-12-22 20:47:47,779] {processor.py:652} INFO - DAG(s) dict_keys(['example_time_delta_sensor_async']) retrieved from /home/airflow/.local/lib/python3.6/site-packages/airflow/example_dags/example_time_delta_sensor_async.py
[2023-12-22 20:47:47,793] {logging_mixin.py:109} INFO - [2023-12-22 20:47:47,793] {dag.py:2398} INFO - Sync 1 DAGs
[2023-12-22 20:47:47,807] {logging_mixin.py:109} INFO - [2023-12-22 20:47:47,807] {dag.py:2937} INFO - Setting next_dagrun for example_time_delta_sensor_async to None
[2023-12-22 20:47:47,837] {processor.py:171} INFO - Processing /home/airflow/.local/lib/python3.6/site-packages/airflow/example_dags/example_time_delta_sensor_async.py took 0.157 seconds
[2023-12-22 20:48:17,986] {processor.py:163} INFO - Started process (PID=1080) to work on /home/airflow/.local/lib/python3.6/site-packages/airflow/example_dags/example_time_delta_sensor_async.py
[2023-12-22 20:48:17,987] {processor.py:642} INFO - Processing file /home/airflow/.local/lib/python3.6/site-packages/airflow/example_dags/example_time_delta_sensor_async.py for tasks to queue
[2023-12-22 20:48:17,988] {logging_mixin.py:109} INFO - [2023-12-22 20:48:17,988] {dagbag.py:500} INFO - Filling up the DagBag from /home/airflow/.local/lib/python3.6/site-packages/airflow/example_dags/example_time_delta_sensor_async.py
[2023-12-22 20:48:18,064] {processor.py:652} INFO - DAG(s) dict_keys(['example_time_delta_sensor_async']) retrieved from /home/airflow/.local/lib/python3.6/site-packages/airflow/example_dags/example_time_delta_sensor_async.py
[2023-12-22 20:48:18,081] {logging_mixin.py:109} INFO - [2023-12-22 20:48:18,081] {dag.py:2398} INFO - Sync 1 DAGs
[2023-12-22 20:48:18,100] {logging_mixin.py:109} INFO - [2023-12-22 20:48:18,100] {dag.py:2937} INFO - Setting next_dagrun for example_time_delta_sensor_async to None
[2023-12-22 20:48:18,127] {processor.py:171} INFO - Processing /home/airflow/.local/lib/python3.6/site-packages/airflow/example_dags/example_time_delta_sensor_async.py took 0.143 seconds
[2023-12-22 20:48:48,537] {processor.py:163} INFO - Started process (PID=1145) to work on /home/airflow/.local/lib/python3.6/site-packages/airflow/example_dags/example_time_delta_sensor_async.py
[2023-12-22 20:48:48,539] {processor.py:642} INFO - Processing file /home/airflow/.local/lib/python3.6/site-packages/airflow/example_dags/example_time_delta_sensor_async.py for tasks to queue
[2023-12-22 20:48:48,540] {logging_mixin.py:109} INFO - [2023-12-22 20:48:48,540] {dagbag.py:500} INFO - Filling up the DagBag from /home/airflow/.local/lib/python3.6/site-packages/airflow/example_dags/example_time_delta_sensor_async.py
[2023-12-22 20:48:48,679] {processor.py:652} INFO - DAG(s) dict_keys(['example_time_delta_sensor_async']) retrieved from /home/airflow/.local/lib/python3.6/site-packages/airflow/example_dags/example_time_delta_sensor_async.py
[2023-12-22 20:48:48,707] {logging_mixin.py:109} INFO - [2023-12-22 20:48:48,707] {dag.py:2398} INFO - Sync 1 DAGs
[2023-12-22 20:48:48,730] {logging_mixin.py:109} INFO - [2023-12-22 20:48:48,730] {dag.py:2937} INFO - Setting next_dagrun for example_time_delta_sensor_async to None
[2023-12-22 20:48:48,767] {processor.py:171} INFO - Processing /home/airflow/.local/lib/python3.6/site-packages/airflow/example_dags/example_time_delta_sensor_async.py took 0.234 seconds
[2023-12-22 20:49:19,380] {processor.py:163} INFO - Started process (PID=1219) to work on /home/airflow/.local/lib/python3.6/site-packages/airflow/example_dags/example_time_delta_sensor_async.py
[2023-12-22 20:49:19,382] {processor.py:642} INFO - Processing file /home/airflow/.local/lib/python3.6/site-packages/airflow/example_dags/example_time_delta_sensor_async.py for tasks to queue
[2023-12-22 20:49:19,383] {logging_mixin.py:109} INFO - [2023-12-22 20:49:19,383] {dagbag.py:500} INFO - Filling up the DagBag from /home/airflow/.local/lib/python3.6/site-packages/airflow/example_dags/example_time_delta_sensor_async.py
[2023-12-22 20:49:19,488] {processor.py:652} INFO - DAG(s) dict_keys(['example_time_delta_sensor_async']) retrieved from /home/airflow/.local/lib/python3.6/site-packages/airflow/example_dags/example_time_delta_sensor_async.py
[2023-12-22 20:49:19,505] {logging_mixin.py:109} INFO - [2023-12-22 20:49:19,505] {dag.py:2398} INFO - Sync 1 DAGs
[2023-12-22 20:49:19,517] {logging_mixin.py:109} INFO - [2023-12-22 20:49:19,517] {dag.py:2937} INFO - Setting next_dagrun for example_time_delta_sensor_async to None
[2023-12-22 20:49:19,523] {processor.py:171} INFO - Processing /home/airflow/.local/lib/python3.6/site-packages/airflow/example_dags/example_time_delta_sensor_async.py took 0.146 seconds
[2023-12-22 20:49:49,718] {processor.py:163} INFO - Started process (PID=1292) to work on /home/airflow/.local/lib/python3.6/site-packages/airflow/example_dags/example_time_delta_sensor_async.py
[2023-12-22 20:49:49,823] {processor.py:642} INFO - Processing file /home/airflow/.local/lib/python3.6/site-packages/airflow/example_dags/example_time_delta_sensor_async.py for tasks to queue
[2023-12-22 20:49:49,828] {logging_mixin.py:109} INFO - [2023-12-22 20:49:49,828] {dagbag.py:500} INFO - Filling up the DagBag from /home/airflow/.local/lib/python3.6/site-packages/airflow/example_dags/example_time_delta_sensor_async.py
[2023-12-22 20:49:49,868] {processor.py:652} INFO - DAG(s) dict_keys(['example_time_delta_sensor_async']) retrieved from /home/airflow/.local/lib/python3.6/site-packages/airflow/example_dags/example_time_delta_sensor_async.py
[2023-12-22 20:49:49,886] {logging_mixin.py:109} INFO - [2023-12-22 20:49:49,886] {dag.py:2398} INFO - Sync 1 DAGs
[2023-12-22 20:49:49,903] {logging_mixin.py:109} INFO - [2023-12-22 20:49:49,903] {dag.py:2937} INFO - Setting next_dagrun for example_time_delta_sensor_async to None
[2023-12-22 20:49:49,913] {processor.py:171} INFO - Processing /home/airflow/.local/lib/python3.6/site-packages/airflow/example_dags/example_time_delta_sensor_async.py took 0.198 seconds
[2023-12-22 20:50:20,884] {processor.py:163} INFO - Started process (PID=1357) to work on /home/airflow/.local/lib/python3.6/site-packages/airflow/example_dags/example_time_delta_sensor_async.py
[2023-12-22 20:50:20,886] {processor.py:642} INFO - Processing file /home/airflow/.local/lib/python3.6/site-packages/airflow/example_dags/example_time_delta_sensor_async.py for tasks to queue
[2023-12-22 20:50:20,887] {logging_mixin.py:109} INFO - [2023-12-22 20:50:20,887] {dagbag.py:500} INFO - Filling up the DagBag from /home/airflow/.local/lib/python3.6/site-packages/airflow/example_dags/example_time_delta_sensor_async.py
[2023-12-22 20:50:20,906] {processor.py:652} INFO - DAG(s) dict_keys(['example_time_delta_sensor_async']) retrieved from /home/airflow/.local/lib/python3.6/site-packages/airflow/example_dags/example_time_delta_sensor_async.py
[2023-12-22 20:50:20,992] {logging_mixin.py:109} INFO - [2023-12-22 20:50:20,992] {dag.py:2398} INFO - Sync 1 DAGs
[2023-12-22 20:50:21,045] {logging_mixin.py:109} INFO - [2023-12-22 20:50:21,044] {dag.py:2937} INFO - Setting next_dagrun for example_time_delta_sensor_async to None
[2023-12-22 20:50:21,116] {processor.py:171} INFO - Processing /home/airflow/.local/lib/python3.6/site-packages/airflow/example_dags/example_time_delta_sensor_async.py took 0.234 seconds
[2023-12-22 20:50:51,236] {processor.py:163} INFO - Started process (PID=1429) to work on /home/airflow/.local/lib/python3.6/site-packages/airflow/example_dags/example_time_delta_sensor_async.py
[2023-12-22 20:50:51,238] {processor.py:642} INFO - Processing file /home/airflow/.local/lib/python3.6/site-packages/airflow/example_dags/example_time_delta_sensor_async.py for tasks to queue
[2023-12-22 20:50:51,238] {logging_mixin.py:109} INFO - [2023-12-22 20:50:51,238] {dagbag.py:500} INFO - Filling up the DagBag from /home/airflow/.local/lib/python3.6/site-packages/airflow/example_dags/example_time_delta_sensor_async.py
[2023-12-22 20:50:51,249] {processor.py:652} INFO - DAG(s) dict_keys(['example_time_delta_sensor_async']) retrieved from /home/airflow/.local/lib/python3.6/site-packages/airflow/example_dags/example_time_delta_sensor_async.py
[2023-12-22 20:50:51,273] {logging_mixin.py:109} INFO - [2023-12-22 20:50:51,272] {dag.py:2398} INFO - Sync 1 DAGs
[2023-12-22 20:50:51,293] {logging_mixin.py:109} INFO - [2023-12-22 20:50:51,293] {dag.py:2937} INFO - Setting next_dagrun for example_time_delta_sensor_async to None
[2023-12-22 20:50:51,306] {processor.py:171} INFO - Processing /home/airflow/.local/lib/python3.6/site-packages/airflow/example_dags/example_time_delta_sensor_async.py took 0.072 seconds
[2023-12-22 20:51:21,909] {processor.py:163} INFO - Started process (PID=1493) to work on /home/airflow/.local/lib/python3.6/site-packages/airflow/example_dags/example_time_delta_sensor_async.py
[2023-12-22 20:51:21,911] {processor.py:642} INFO - Processing file /home/airflow/.local/lib/python3.6/site-packages/airflow/example_dags/example_time_delta_sensor_async.py for tasks to queue
[2023-12-22 20:51:21,911] {logging_mixin.py:109} INFO - [2023-12-22 20:51:21,911] {dagbag.py:500} INFO - Filling up the DagBag from /home/airflow/.local/lib/python3.6/site-packages/airflow/example_dags/example_time_delta_sensor_async.py
[2023-12-22 20:51:21,931] {processor.py:652} INFO - DAG(s) dict_keys(['example_time_delta_sensor_async']) retrieved from /home/airflow/.local/lib/python3.6/site-packages/airflow/example_dags/example_time_delta_sensor_async.py
[2023-12-22 20:51:21,948] {logging_mixin.py:109} INFO - [2023-12-22 20:51:21,948] {dag.py:2398} INFO - Sync 1 DAGs
[2023-12-22 20:51:21,966] {logging_mixin.py:109} INFO - [2023-12-22 20:51:21,966] {dag.py:2937} INFO - Setting next_dagrun for example_time_delta_sensor_async to None
[2023-12-22 20:51:21,978] {processor.py:171} INFO - Processing /home/airflow/.local/lib/python3.6/site-packages/airflow/example_dags/example_time_delta_sensor_async.py took 0.071 seconds
[2023-12-22 20:51:52,284] {processor.py:163} INFO - Started process (PID=1568) to work on /home/airflow/.local/lib/python3.6/site-packages/airflow/example_dags/example_time_delta_sensor_async.py
[2023-12-22 20:51:52,292] {processor.py:642} INFO - Processing file /home/airflow/.local/lib/python3.6/site-packages/airflow/example_dags/example_time_delta_sensor_async.py for tasks to queue
[2023-12-22 20:51:52,293] {logging_mixin.py:109} INFO - [2023-12-22 20:51:52,293] {dagbag.py:500} INFO - Filling up the DagBag from /home/airflow/.local/lib/python3.6/site-packages/airflow/example_dags/example_time_delta_sensor_async.py
[2023-12-22 20:51:52,307] {processor.py:652} INFO - DAG(s) dict_keys(['example_time_delta_sensor_async']) retrieved from /home/airflow/.local/lib/python3.6/site-packages/airflow/example_dags/example_time_delta_sensor_async.py
[2023-12-22 20:51:52,324] {logging_mixin.py:109} INFO - [2023-12-22 20:51:52,324] {dag.py:2398} INFO - Sync 1 DAGs
[2023-12-22 20:51:52,340] {logging_mixin.py:109} INFO - [2023-12-22 20:51:52,340] {dag.py:2937} INFO - Setting next_dagrun for example_time_delta_sensor_async to None
[2023-12-22 20:51:52,369] {processor.py:171} INFO - Processing /home/airflow/.local/lib/python3.6/site-packages/airflow/example_dags/example_time_delta_sensor_async.py took 0.087 seconds
[2023-12-22 20:52:23,300] {processor.py:163} INFO - Started process (PID=1632) to work on /home/airflow/.local/lib/python3.6/site-packages/airflow/example_dags/example_time_delta_sensor_async.py
[2023-12-22 20:52:23,315] {processor.py:642} INFO - Processing file /home/airflow/.local/lib/python3.6/site-packages/airflow/example_dags/example_time_delta_sensor_async.py for tasks to queue
[2023-12-22 20:52:23,316] {logging_mixin.py:109} INFO - [2023-12-22 20:52:23,316] {dagbag.py:500} INFO - Filling up the DagBag from /home/airflow/.local/lib/python3.6/site-packages/airflow/example_dags/example_time_delta_sensor_async.py
[2023-12-22 20:52:23,334] {processor.py:652} INFO - DAG(s) dict_keys(['example_time_delta_sensor_async']) retrieved from /home/airflow/.local/lib/python3.6/site-packages/airflow/example_dags/example_time_delta_sensor_async.py
[2023-12-22 20:52:23,357] {logging_mixin.py:109} INFO - [2023-12-22 20:52:23,357] {dag.py:2398} INFO - Sync 1 DAGs
[2023-12-22 20:52:23,386] {logging_mixin.py:109} INFO - [2023-12-22 20:52:23,386] {dag.py:2937} INFO - Setting next_dagrun for example_time_delta_sensor_async to None
[2023-12-22 20:52:23,403] {processor.py:171} INFO - Processing /home/airflow/.local/lib/python3.6/site-packages/airflow/example_dags/example_time_delta_sensor_async.py took 0.107 seconds
[2023-12-22 20:52:53,682] {processor.py:163} INFO - Started process (PID=1706) to work on /home/airflow/.local/lib/python3.6/site-packages/airflow/example_dags/example_time_delta_sensor_async.py
[2023-12-22 20:52:53,683] {processor.py:642} INFO - Processing file /home/airflow/.local/lib/python3.6/site-packages/airflow/example_dags/example_time_delta_sensor_async.py for tasks to queue
[2023-12-22 20:52:53,684] {logging_mixin.py:109} INFO - [2023-12-22 20:52:53,684] {dagbag.py:500} INFO - Filling up the DagBag from /home/airflow/.local/lib/python3.6/site-packages/airflow/example_dags/example_time_delta_sensor_async.py
[2023-12-22 20:52:53,706] {processor.py:652} INFO - DAG(s) dict_keys(['example_time_delta_sensor_async']) retrieved from /home/airflow/.local/lib/python3.6/site-packages/airflow/example_dags/example_time_delta_sensor_async.py
[2023-12-22 20:52:53,734] {logging_mixin.py:109} INFO - [2023-12-22 20:52:53,734] {dag.py:2398} INFO - Sync 1 DAGs
[2023-12-22 20:52:53,822] {logging_mixin.py:109} INFO - [2023-12-22 20:52:53,821] {dag.py:2937} INFO - Setting next_dagrun for example_time_delta_sensor_async to None
[2023-12-22 20:52:53,889] {processor.py:171} INFO - Processing /home/airflow/.local/lib/python3.6/site-packages/airflow/example_dags/example_time_delta_sensor_async.py took 0.210 seconds
[2023-12-22 20:53:24,548] {processor.py:163} INFO - Started process (PID=1770) to work on /home/airflow/.local/lib/python3.6/site-packages/airflow/example_dags/example_time_delta_sensor_async.py
[2023-12-22 20:53:24,549] {processor.py:642} INFO - Processing file /home/airflow/.local/lib/python3.6/site-packages/airflow/example_dags/example_time_delta_sensor_async.py for tasks to queue
[2023-12-22 20:53:24,549] {logging_mixin.py:109} INFO - [2023-12-22 20:53:24,549] {dagbag.py:500} INFO - Filling up the DagBag from /home/airflow/.local/lib/python3.6/site-packages/airflow/example_dags/example_time_delta_sensor_async.py
[2023-12-22 20:53:24,565] {processor.py:652} INFO - DAG(s) dict_keys(['example_time_delta_sensor_async']) retrieved from /home/airflow/.local/lib/python3.6/site-packages/airflow/example_dags/example_time_delta_sensor_async.py
[2023-12-22 20:53:24,586] {logging_mixin.py:109} INFO - [2023-12-22 20:53:24,586] {dag.py:2398} INFO - Sync 1 DAGs
[2023-12-22 20:53:24,603] {logging_mixin.py:109} INFO - [2023-12-22 20:53:24,603] {dag.py:2937} INFO - Setting next_dagrun for example_time_delta_sensor_async to None
[2023-12-22 20:53:24,632] {processor.py:171} INFO - Processing /home/airflow/.local/lib/python3.6/site-packages/airflow/example_dags/example_time_delta_sensor_async.py took 0.087 seconds
[2023-12-22 20:53:55,155] {processor.py:163} INFO - Started process (PID=1844) to work on /home/airflow/.local/lib/python3.6/site-packages/airflow/example_dags/example_time_delta_sensor_async.py
[2023-12-22 20:53:55,156] {processor.py:642} INFO - Processing file /home/airflow/.local/lib/python3.6/site-packages/airflow/example_dags/example_time_delta_sensor_async.py for tasks to queue
[2023-12-22 20:53:55,162] {logging_mixin.py:109} INFO - [2023-12-22 20:53:55,162] {dagbag.py:500} INFO - Filling up the DagBag from /home/airflow/.local/lib/python3.6/site-packages/airflow/example_dags/example_time_delta_sensor_async.py
[2023-12-22 20:53:55,176] {processor.py:652} INFO - DAG(s) dict_keys(['example_time_delta_sensor_async']) retrieved from /home/airflow/.local/lib/python3.6/site-packages/airflow/example_dags/example_time_delta_sensor_async.py
[2023-12-22 20:53:55,191] {logging_mixin.py:109} INFO - [2023-12-22 20:53:55,191] {dag.py:2398} INFO - Sync 1 DAGs
[2023-12-22 20:53:55,206] {logging_mixin.py:109} INFO - [2023-12-22 20:53:55,206] {dag.py:2937} INFO - Setting next_dagrun for example_time_delta_sensor_async to None
[2023-12-22 20:53:55,234] {processor.py:171} INFO - Processing /home/airflow/.local/lib/python3.6/site-packages/airflow/example_dags/example_time_delta_sensor_async.py took 0.082 seconds
[2023-12-22 20:54:25,426] {processor.py:163} INFO - Started process (PID=1907) to work on /home/airflow/.local/lib/python3.6/site-packages/airflow/example_dags/example_time_delta_sensor_async.py
[2023-12-22 20:54:25,427] {processor.py:642} INFO - Processing file /home/airflow/.local/lib/python3.6/site-packages/airflow/example_dags/example_time_delta_sensor_async.py for tasks to queue
[2023-12-22 20:54:25,428] {logging_mixin.py:109} INFO - [2023-12-22 20:54:25,428] {dagbag.py:500} INFO - Filling up the DagBag from /home/airflow/.local/lib/python3.6/site-packages/airflow/example_dags/example_time_delta_sensor_async.py
[2023-12-22 20:54:25,457] {processor.py:652} INFO - DAG(s) dict_keys(['example_time_delta_sensor_async']) retrieved from /home/airflow/.local/lib/python3.6/site-packages/airflow/example_dags/example_time_delta_sensor_async.py
[2023-12-22 20:54:25,477] {logging_mixin.py:109} INFO - [2023-12-22 20:54:25,477] {dag.py:2398} INFO - Sync 1 DAGs
[2023-12-22 20:54:25,497] {logging_mixin.py:109} INFO - [2023-12-22 20:54:25,497] {dag.py:2937} INFO - Setting next_dagrun for example_time_delta_sensor_async to None
[2023-12-22 20:54:25,530] {processor.py:171} INFO - Processing /home/airflow/.local/lib/python3.6/site-packages/airflow/example_dags/example_time_delta_sensor_async.py took 0.108 seconds
[2023-12-22 20:54:56,242] {processor.py:163} INFO - Started process (PID=1981) to work on /home/airflow/.local/lib/python3.6/site-packages/airflow/example_dags/example_time_delta_sensor_async.py
[2023-12-22 20:54:56,245] {processor.py:642} INFO - Processing file /home/airflow/.local/lib/python3.6/site-packages/airflow/example_dags/example_time_delta_sensor_async.py for tasks to queue
[2023-12-22 20:54:56,246] {logging_mixin.py:109} INFO - [2023-12-22 20:54:56,246] {dagbag.py:500} INFO - Filling up the DagBag from /home/airflow/.local/lib/python3.6/site-packages/airflow/example_dags/example_time_delta_sensor_async.py
[2023-12-22 20:54:56,262] {processor.py:652} INFO - DAG(s) dict_keys(['example_time_delta_sensor_async']) retrieved from /home/airflow/.local/lib/python3.6/site-packages/airflow/example_dags/example_time_delta_sensor_async.py
[2023-12-22 20:54:56,288] {logging_mixin.py:109} INFO - [2023-12-22 20:54:56,288] {dag.py:2398} INFO - Sync 1 DAGs
[2023-12-22 20:54:56,310] {logging_mixin.py:109} INFO - [2023-12-22 20:54:56,310] {dag.py:2937} INFO - Setting next_dagrun for example_time_delta_sensor_async to None
[2023-12-22 20:54:56,341] {processor.py:171} INFO - Processing /home/airflow/.local/lib/python3.6/site-packages/airflow/example_dags/example_time_delta_sensor_async.py took 0.101 seconds
[2023-12-22 20:55:26,497] {processor.py:163} INFO - Started process (PID=2045) to work on /home/airflow/.local/lib/python3.6/site-packages/airflow/example_dags/example_time_delta_sensor_async.py
[2023-12-22 20:55:26,499] {processor.py:642} INFO - Processing file /home/airflow/.local/lib/python3.6/site-packages/airflow/example_dags/example_time_delta_sensor_async.py for tasks to queue
[2023-12-22 20:55:26,499] {logging_mixin.py:109} INFO - [2023-12-22 20:55:26,499] {dagbag.py:500} INFO - Filling up the DagBag from /home/airflow/.local/lib/python3.6/site-packages/airflow/example_dags/example_time_delta_sensor_async.py
[2023-12-22 20:55:26,518] {processor.py:652} INFO - DAG(s) dict_keys(['example_time_delta_sensor_async']) retrieved from /home/airflow/.local/lib/python3.6/site-packages/airflow/example_dags/example_time_delta_sensor_async.py
[2023-12-22 20:55:26,545] {logging_mixin.py:109} INFO - [2023-12-22 20:55:26,545] {dag.py:2398} INFO - Sync 1 DAGs
[2023-12-22 20:55:26,563] {logging_mixin.py:109} INFO - [2023-12-22 20:55:26,562] {dag.py:2937} INFO - Setting next_dagrun for example_time_delta_sensor_async to None
[2023-12-22 20:55:26,579] {processor.py:171} INFO - Processing /home/airflow/.local/lib/python3.6/site-packages/airflow/example_dags/example_time_delta_sensor_async.py took 0.086 seconds
[2023-12-22 20:55:56,946] {processor.py:163} INFO - Started process (PID=2117) to work on /home/airflow/.local/lib/python3.6/site-packages/airflow/example_dags/example_time_delta_sensor_async.py
[2023-12-22 20:55:56,947] {processor.py:642} INFO - Processing file /home/airflow/.local/lib/python3.6/site-packages/airflow/example_dags/example_time_delta_sensor_async.py for tasks to queue
[2023-12-22 20:55:56,948] {logging_mixin.py:109} INFO - [2023-12-22 20:55:56,948] {dagbag.py:500} INFO - Filling up the DagBag from /home/airflow/.local/lib/python3.6/site-packages/airflow/example_dags/example_time_delta_sensor_async.py
[2023-12-22 20:55:56,966] {processor.py:652} INFO - DAG(s) dict_keys(['example_time_delta_sensor_async']) retrieved from /home/airflow/.local/lib/python3.6/site-packages/airflow/example_dags/example_time_delta_sensor_async.py
[2023-12-22 20:55:56,986] {logging_mixin.py:109} INFO - [2023-12-22 20:55:56,986] {dag.py:2398} INFO - Sync 1 DAGs
[2023-12-22 20:55:57,007] {logging_mixin.py:109} INFO - [2023-12-22 20:55:57,006] {dag.py:2937} INFO - Setting next_dagrun for example_time_delta_sensor_async to None
[2023-12-22 20:55:57,037] {processor.py:171} INFO - Processing /home/airflow/.local/lib/python3.6/site-packages/airflow/example_dags/example_time_delta_sensor_async.py took 0.094 seconds
[2023-12-22 20:56:27,377] {processor.py:163} INFO - Started process (PID=2187) to work on /home/airflow/.local/lib/python3.6/site-packages/airflow/example_dags/example_time_delta_sensor_async.py
[2023-12-22 20:56:27,379] {processor.py:642} INFO - Processing file /home/airflow/.local/lib/python3.6/site-packages/airflow/example_dags/example_time_delta_sensor_async.py for tasks to queue
[2023-12-22 20:56:27,380] {logging_mixin.py:109} INFO - [2023-12-22 20:56:27,380] {dagbag.py:500} INFO - Filling up the DagBag from /home/airflow/.local/lib/python3.6/site-packages/airflow/example_dags/example_time_delta_sensor_async.py
[2023-12-22 20:56:27,392] {processor.py:652} INFO - DAG(s) dict_keys(['example_time_delta_sensor_async']) retrieved from /home/airflow/.local/lib/python3.6/site-packages/airflow/example_dags/example_time_delta_sensor_async.py
[2023-12-22 20:56:27,410] {logging_mixin.py:109} INFO - [2023-12-22 20:56:27,409] {dag.py:2398} INFO - Sync 1 DAGs
[2023-12-22 20:56:27,430] {logging_mixin.py:109} INFO - [2023-12-22 20:56:27,429] {dag.py:2937} INFO - Setting next_dagrun for example_time_delta_sensor_async to None
[2023-12-22 20:56:27,462] {processor.py:171} INFO - Processing /home/airflow/.local/lib/python3.6/site-packages/airflow/example_dags/example_time_delta_sensor_async.py took 0.088 seconds
[2023-12-22 20:56:57,649] {processor.py:163} INFO - Started process (PID=2254) to work on /home/airflow/.local/lib/python3.6/site-packages/airflow/example_dags/example_time_delta_sensor_async.py
[2023-12-22 20:56:57,651] {processor.py:642} INFO - Processing file /home/airflow/.local/lib/python3.6/site-packages/airflow/example_dags/example_time_delta_sensor_async.py for tasks to queue
[2023-12-22 20:56:57,651] {logging_mixin.py:109} INFO - [2023-12-22 20:56:57,651] {dagbag.py:500} INFO - Filling up the DagBag from /home/airflow/.local/lib/python3.6/site-packages/airflow/example_dags/example_time_delta_sensor_async.py
[2023-12-22 20:56:57,666] {processor.py:652} INFO - DAG(s) dict_keys(['example_time_delta_sensor_async']) retrieved from /home/airflow/.local/lib/python3.6/site-packages/airflow/example_dags/example_time_delta_sensor_async.py
[2023-12-22 20:56:57,686] {logging_mixin.py:109} INFO - [2023-12-22 20:56:57,686] {dag.py:2398} INFO - Sync 1 DAGs
[2023-12-22 20:56:57,704] {logging_mixin.py:109} INFO - [2023-12-22 20:56:57,703] {dag.py:2937} INFO - Setting next_dagrun for example_time_delta_sensor_async to None
[2023-12-22 20:56:57,734] {processor.py:171} INFO - Processing /home/airflow/.local/lib/python3.6/site-packages/airflow/example_dags/example_time_delta_sensor_async.py took 0.088 seconds
[2023-12-22 20:57:27,907] {processor.py:163} INFO - Started process (PID=2318) to work on /home/airflow/.local/lib/python3.6/site-packages/airflow/example_dags/example_time_delta_sensor_async.py
[2023-12-22 20:57:27,908] {processor.py:642} INFO - Processing file /home/airflow/.local/lib/python3.6/site-packages/airflow/example_dags/example_time_delta_sensor_async.py for tasks to queue
[2023-12-22 20:57:27,909] {logging_mixin.py:109} INFO - [2023-12-22 20:57:27,909] {dagbag.py:500} INFO - Filling up the DagBag from /home/airflow/.local/lib/python3.6/site-packages/airflow/example_dags/example_time_delta_sensor_async.py
[2023-12-22 20:57:27,920] {processor.py:652} INFO - DAG(s) dict_keys(['example_time_delta_sensor_async']) retrieved from /home/airflow/.local/lib/python3.6/site-packages/airflow/example_dags/example_time_delta_sensor_async.py
[2023-12-22 20:57:27,938] {logging_mixin.py:109} INFO - [2023-12-22 20:57:27,938] {dag.py:2398} INFO - Sync 1 DAGs
[2023-12-22 20:57:27,959] {logging_mixin.py:109} INFO - [2023-12-22 20:57:27,959] {dag.py:2937} INFO - Setting next_dagrun for example_time_delta_sensor_async to None
[2023-12-22 20:57:27,971] {processor.py:171} INFO - Processing /home/airflow/.local/lib/python3.6/site-packages/airflow/example_dags/example_time_delta_sensor_async.py took 0.068 seconds
[2023-12-22 20:57:58,647] {processor.py:163} INFO - Started process (PID=2392) to work on /home/airflow/.local/lib/python3.6/site-packages/airflow/example_dags/example_time_delta_sensor_async.py
[2023-12-22 20:57:58,648] {processor.py:642} INFO - Processing file /home/airflow/.local/lib/python3.6/site-packages/airflow/example_dags/example_time_delta_sensor_async.py for tasks to queue
[2023-12-22 20:57:58,650] {logging_mixin.py:109} INFO - [2023-12-22 20:57:58,649] {dagbag.py:500} INFO - Filling up the DagBag from /home/airflow/.local/lib/python3.6/site-packages/airflow/example_dags/example_time_delta_sensor_async.py
[2023-12-22 20:57:58,664] {processor.py:652} INFO - DAG(s) dict_keys(['example_time_delta_sensor_async']) retrieved from /home/airflow/.local/lib/python3.6/site-packages/airflow/example_dags/example_time_delta_sensor_async.py
[2023-12-22 20:57:58,688] {logging_mixin.py:109} INFO - [2023-12-22 20:57:58,688] {dag.py:2398} INFO - Sync 1 DAGs
[2023-12-22 20:57:58,715] {logging_mixin.py:109} INFO - [2023-12-22 20:57:58,715] {dag.py:2937} INFO - Setting next_dagrun for example_time_delta_sensor_async to None
[2023-12-22 20:57:58,731] {processor.py:171} INFO - Processing /home/airflow/.local/lib/python3.6/site-packages/airflow/example_dags/example_time_delta_sensor_async.py took 0.087 seconds
[2023-12-22 20:58:29,396] {processor.py:163} INFO - Started process (PID=2455) to work on /home/airflow/.local/lib/python3.6/site-packages/airflow/example_dags/example_time_delta_sensor_async.py
[2023-12-22 20:58:29,398] {processor.py:642} INFO - Processing file /home/airflow/.local/lib/python3.6/site-packages/airflow/example_dags/example_time_delta_sensor_async.py for tasks to queue
[2023-12-22 20:58:29,399] {logging_mixin.py:109} INFO - [2023-12-22 20:58:29,399] {dagbag.py:500} INFO - Filling up the DagBag from /home/airflow/.local/lib/python3.6/site-packages/airflow/example_dags/example_time_delta_sensor_async.py
[2023-12-22 20:58:29,450] {processor.py:652} INFO - DAG(s) dict_keys(['example_time_delta_sensor_async']) retrieved from /home/airflow/.local/lib/python3.6/site-packages/airflow/example_dags/example_time_delta_sensor_async.py
[2023-12-22 20:58:29,518] {logging_mixin.py:109} INFO - [2023-12-22 20:58:29,518] {dag.py:2398} INFO - Sync 1 DAGs
[2023-12-22 20:58:29,566] {logging_mixin.py:109} INFO - [2023-12-22 20:58:29,566] {dag.py:2937} INFO - Setting next_dagrun for example_time_delta_sensor_async to None
[2023-12-22 20:58:29,585] {processor.py:171} INFO - Processing /home/airflow/.local/lib/python3.6/site-packages/airflow/example_dags/example_time_delta_sensor_async.py took 0.207 seconds
[2023-12-22 20:58:59,994] {processor.py:163} INFO - Started process (PID=2529) to work on /home/airflow/.local/lib/python3.6/site-packages/airflow/example_dags/example_time_delta_sensor_async.py
[2023-12-22 20:58:59,997] {processor.py:642} INFO - Processing file /home/airflow/.local/lib/python3.6/site-packages/airflow/example_dags/example_time_delta_sensor_async.py for tasks to queue
[2023-12-22 20:58:59,999] {logging_mixin.py:109} INFO - [2023-12-22 20:58:59,999] {dagbag.py:500} INFO - Filling up the DagBag from /home/airflow/.local/lib/python3.6/site-packages/airflow/example_dags/example_time_delta_sensor_async.py
[2023-12-22 20:59:00,041] {processor.py:652} INFO - DAG(s) dict_keys(['example_time_delta_sensor_async']) retrieved from /home/airflow/.local/lib/python3.6/site-packages/airflow/example_dags/example_time_delta_sensor_async.py
[2023-12-22 20:59:00,097] {logging_mixin.py:109} INFO - [2023-12-22 20:59:00,097] {dag.py:2398} INFO - Sync 1 DAGs
[2023-12-22 20:59:00,159] {logging_mixin.py:109} INFO - [2023-12-22 20:59:00,159] {dag.py:2937} INFO - Setting next_dagrun for example_time_delta_sensor_async to None
[2023-12-22 20:59:00,186] {processor.py:171} INFO - Processing /home/airflow/.local/lib/python3.6/site-packages/airflow/example_dags/example_time_delta_sensor_async.py took 0.198 seconds
[2023-12-22 20:59:30,462] {processor.py:163} INFO - Started process (PID=2593) to work on /home/airflow/.local/lib/python3.6/site-packages/airflow/example_dags/example_time_delta_sensor_async.py
[2023-12-22 20:59:30,465] {processor.py:642} INFO - Processing file /home/airflow/.local/lib/python3.6/site-packages/airflow/example_dags/example_time_delta_sensor_async.py for tasks to queue
[2023-12-22 20:59:30,466] {logging_mixin.py:109} INFO - [2023-12-22 20:59:30,466] {dagbag.py:500} INFO - Filling up the DagBag from /home/airflow/.local/lib/python3.6/site-packages/airflow/example_dags/example_time_delta_sensor_async.py
[2023-12-22 20:59:30,490] {processor.py:652} INFO - DAG(s) dict_keys(['example_time_delta_sensor_async']) retrieved from /home/airflow/.local/lib/python3.6/site-packages/airflow/example_dags/example_time_delta_sensor_async.py
[2023-12-22 20:59:30,525] {logging_mixin.py:109} INFO - [2023-12-22 20:59:30,525] {dag.py:2398} INFO - Sync 1 DAGs
[2023-12-22 20:59:30,587] {logging_mixin.py:109} INFO - [2023-12-22 20:59:30,587] {dag.py:2937} INFO - Setting next_dagrun for example_time_delta_sensor_async to None
[2023-12-22 20:59:30,610] {processor.py:171} INFO - Processing /home/airflow/.local/lib/python3.6/site-packages/airflow/example_dags/example_time_delta_sensor_async.py took 0.152 seconds
[2023-12-22 21:00:01,374] {processor.py:163} INFO - Started process (PID=2657) to work on /home/airflow/.local/lib/python3.6/site-packages/airflow/example_dags/example_time_delta_sensor_async.py
[2023-12-22 21:00:01,378] {processor.py:642} INFO - Processing file /home/airflow/.local/lib/python3.6/site-packages/airflow/example_dags/example_time_delta_sensor_async.py for tasks to queue
[2023-12-22 21:00:01,381] {logging_mixin.py:109} INFO - [2023-12-22 21:00:01,381] {dagbag.py:500} INFO - Filling up the DagBag from /home/airflow/.local/lib/python3.6/site-packages/airflow/example_dags/example_time_delta_sensor_async.py
[2023-12-22 21:00:01,416] {processor.py:652} INFO - DAG(s) dict_keys(['example_time_delta_sensor_async']) retrieved from /home/airflow/.local/lib/python3.6/site-packages/airflow/example_dags/example_time_delta_sensor_async.py
[2023-12-22 21:00:01,463] {logging_mixin.py:109} INFO - [2023-12-22 21:00:01,463] {dag.py:2398} INFO - Sync 1 DAGs
[2023-12-22 21:00:01,511] {logging_mixin.py:109} INFO - [2023-12-22 21:00:01,511] {dag.py:2937} INFO - Setting next_dagrun for example_time_delta_sensor_async to None
[2023-12-22 21:00:01,575] {processor.py:171} INFO - Processing /home/airflow/.local/lib/python3.6/site-packages/airflow/example_dags/example_time_delta_sensor_async.py took 0.207 seconds
[2023-12-22 21:00:32,391] {processor.py:163} INFO - Started process (PID=2721) to work on /home/airflow/.local/lib/python3.6/site-packages/airflow/example_dags/example_time_delta_sensor_async.py
[2023-12-22 21:00:32,398] {processor.py:642} INFO - Processing file /home/airflow/.local/lib/python3.6/site-packages/airflow/example_dags/example_time_delta_sensor_async.py for tasks to queue
[2023-12-22 21:00:32,402] {logging_mixin.py:109} INFO - [2023-12-22 21:00:32,401] {dagbag.py:500} INFO - Filling up the DagBag from /home/airflow/.local/lib/python3.6/site-packages/airflow/example_dags/example_time_delta_sensor_async.py
[2023-12-22 21:00:32,440] {processor.py:652} INFO - DAG(s) dict_keys(['example_time_delta_sensor_async']) retrieved from /home/airflow/.local/lib/python3.6/site-packages/airflow/example_dags/example_time_delta_sensor_async.py
[2023-12-22 21:00:32,499] {logging_mixin.py:109} INFO - [2023-12-22 21:00:32,499] {dag.py:2398} INFO - Sync 1 DAGs
[2023-12-22 21:00:32,579] {logging_mixin.py:109} INFO - [2023-12-22 21:00:32,579] {dag.py:2937} INFO - Setting next_dagrun for example_time_delta_sensor_async to None
[2023-12-22 21:00:32,623] {processor.py:171} INFO - Processing /home/airflow/.local/lib/python3.6/site-packages/airflow/example_dags/example_time_delta_sensor_async.py took 0.242 seconds
[2023-12-22 21:01:03,413] {processor.py:163} INFO - Started process (PID=2785) to work on /home/airflow/.local/lib/python3.6/site-packages/airflow/example_dags/example_time_delta_sensor_async.py
[2023-12-22 21:01:03,436] {processor.py:642} INFO - Processing file /home/airflow/.local/lib/python3.6/site-packages/airflow/example_dags/example_time_delta_sensor_async.py for tasks to queue
[2023-12-22 21:01:03,437] {logging_mixin.py:109} INFO - [2023-12-22 21:01:03,437] {dagbag.py:500} INFO - Filling up the DagBag from /home/airflow/.local/lib/python3.6/site-packages/airflow/example_dags/example_time_delta_sensor_async.py
[2023-12-22 21:01:03,458] {processor.py:652} INFO - DAG(s) dict_keys(['example_time_delta_sensor_async']) retrieved from /home/airflow/.local/lib/python3.6/site-packages/airflow/example_dags/example_time_delta_sensor_async.py
[2023-12-22 21:01:03,479] {logging_mixin.py:109} INFO - [2023-12-22 21:01:03,478] {dag.py:2398} INFO - Sync 1 DAGs
[2023-12-22 21:01:03,503] {logging_mixin.py:109} INFO - [2023-12-22 21:01:03,503] {dag.py:2937} INFO - Setting next_dagrun for example_time_delta_sensor_async to None
[2023-12-22 21:01:03,516] {processor.py:171} INFO - Processing /home/airflow/.local/lib/python3.6/site-packages/airflow/example_dags/example_time_delta_sensor_async.py took 0.105 seconds
[2023-12-22 21:01:34,397] {processor.py:163} INFO - Started process (PID=2849) to work on /home/airflow/.local/lib/python3.6/site-packages/airflow/example_dags/example_time_delta_sensor_async.py
[2023-12-22 21:01:34,400] {processor.py:642} INFO - Processing file /home/airflow/.local/lib/python3.6/site-packages/airflow/example_dags/example_time_delta_sensor_async.py for tasks to queue
[2023-12-22 21:01:34,402] {logging_mixin.py:109} INFO - [2023-12-22 21:01:34,402] {dagbag.py:500} INFO - Filling up the DagBag from /home/airflow/.local/lib/python3.6/site-packages/airflow/example_dags/example_time_delta_sensor_async.py
[2023-12-22 21:01:34,415] {processor.py:652} INFO - DAG(s) dict_keys(['example_time_delta_sensor_async']) retrieved from /home/airflow/.local/lib/python3.6/site-packages/airflow/example_dags/example_time_delta_sensor_async.py
[2023-12-22 21:01:34,435] {logging_mixin.py:109} INFO - [2023-12-22 21:01:34,435] {dag.py:2398} INFO - Sync 1 DAGs
[2023-12-22 21:01:34,454] {logging_mixin.py:109} INFO - [2023-12-22 21:01:34,454] {dag.py:2937} INFO - Setting next_dagrun for example_time_delta_sensor_async to None
[2023-12-22 21:01:34,466] {processor.py:171} INFO - Processing /home/airflow/.local/lib/python3.6/site-packages/airflow/example_dags/example_time_delta_sensor_async.py took 0.071 seconds
[2023-12-22 21:02:05,250] {processor.py:163} INFO - Started process (PID=2923) to work on /home/airflow/.local/lib/python3.6/site-packages/airflow/example_dags/example_time_delta_sensor_async.py
[2023-12-22 21:02:05,251] {processor.py:642} INFO - Processing file /home/airflow/.local/lib/python3.6/site-packages/airflow/example_dags/example_time_delta_sensor_async.py for tasks to queue
[2023-12-22 21:02:05,252] {logging_mixin.py:109} INFO - [2023-12-22 21:02:05,252] {dagbag.py:500} INFO - Filling up the DagBag from /home/airflow/.local/lib/python3.6/site-packages/airflow/example_dags/example_time_delta_sensor_async.py
[2023-12-22 21:02:05,269] {processor.py:652} INFO - DAG(s) dict_keys(['example_time_delta_sensor_async']) retrieved from /home/airflow/.local/lib/python3.6/site-packages/airflow/example_dags/example_time_delta_sensor_async.py
[2023-12-22 21:02:05,298] {logging_mixin.py:109} INFO - [2023-12-22 21:02:05,298] {dag.py:2398} INFO - Sync 1 DAGs
[2023-12-22 21:02:05,325] {logging_mixin.py:109} INFO - [2023-12-22 21:02:05,325] {dag.py:2937} INFO - Setting next_dagrun for example_time_delta_sensor_async to None
[2023-12-22 21:02:05,341] {processor.py:171} INFO - Processing /home/airflow/.local/lib/python3.6/site-packages/airflow/example_dags/example_time_delta_sensor_async.py took 0.093 seconds
[2023-12-22 21:02:35,638] {processor.py:163} INFO - Started process (PID=2988) to work on /home/airflow/.local/lib/python3.6/site-packages/airflow/example_dags/example_time_delta_sensor_async.py
[2023-12-22 21:02:35,643] {processor.py:642} INFO - Processing file /home/airflow/.local/lib/python3.6/site-packages/airflow/example_dags/example_time_delta_sensor_async.py for tasks to queue
[2023-12-22 21:02:35,643] {logging_mixin.py:109} INFO - [2023-12-22 21:02:35,643] {dagbag.py:500} INFO - Filling up the DagBag from /home/airflow/.local/lib/python3.6/site-packages/airflow/example_dags/example_time_delta_sensor_async.py
[2023-12-22 21:02:35,661] {processor.py:652} INFO - DAG(s) dict_keys(['example_time_delta_sensor_async']) retrieved from /home/airflow/.local/lib/python3.6/site-packages/airflow/example_dags/example_time_delta_sensor_async.py
[2023-12-22 21:02:35,685] {logging_mixin.py:109} INFO - [2023-12-22 21:02:35,685] {dag.py:2398} INFO - Sync 1 DAGs
[2023-12-22 21:02:35,716] {logging_mixin.py:109} INFO - [2023-12-22 21:02:35,716] {dag.py:2937} INFO - Setting next_dagrun for example_time_delta_sensor_async to None
[2023-12-22 21:02:35,732] {processor.py:171} INFO - Processing /home/airflow/.local/lib/python3.6/site-packages/airflow/example_dags/example_time_delta_sensor_async.py took 0.097 seconds
[2023-12-22 21:03:06,239] {processor.py:163} INFO - Started process (PID=3062) to work on /home/airflow/.local/lib/python3.6/site-packages/airflow/example_dags/example_time_delta_sensor_async.py
[2023-12-22 21:03:06,240] {processor.py:642} INFO - Processing file /home/airflow/.local/lib/python3.6/site-packages/airflow/example_dags/example_time_delta_sensor_async.py for tasks to queue
[2023-12-22 21:03:06,241] {logging_mixin.py:109} INFO - [2023-12-22 21:03:06,241] {dagbag.py:500} INFO - Filling up the DagBag from /home/airflow/.local/lib/python3.6/site-packages/airflow/example_dags/example_time_delta_sensor_async.py
[2023-12-22 21:03:06,259] {processor.py:652} INFO - DAG(s) dict_keys(['example_time_delta_sensor_async']) retrieved from /home/airflow/.local/lib/python3.6/site-packages/airflow/example_dags/example_time_delta_sensor_async.py
[2023-12-22 21:03:06,279] {logging_mixin.py:109} INFO - [2023-12-22 21:03:06,279] {dag.py:2398} INFO - Sync 1 DAGs
[2023-12-22 21:03:06,293] {logging_mixin.py:109} INFO - [2023-12-22 21:03:06,293] {dag.py:2937} INFO - Setting next_dagrun for example_time_delta_sensor_async to None
[2023-12-22 21:03:06,348] {processor.py:171} INFO - Processing /home/airflow/.local/lib/python3.6/site-packages/airflow/example_dags/example_time_delta_sensor_async.py took 0.115 seconds
[2023-12-22 21:03:36,397] {processor.py:163} INFO - Started process (PID=3125) to work on /home/airflow/.local/lib/python3.6/site-packages/airflow/example_dags/example_time_delta_sensor_async.py
[2023-12-22 21:03:36,399] {processor.py:642} INFO - Processing file /home/airflow/.local/lib/python3.6/site-packages/airflow/example_dags/example_time_delta_sensor_async.py for tasks to queue
[2023-12-22 21:03:36,400] {logging_mixin.py:109} INFO - [2023-12-22 21:03:36,400] {dagbag.py:500} INFO - Filling up the DagBag from /home/airflow/.local/lib/python3.6/site-packages/airflow/example_dags/example_time_delta_sensor_async.py
[2023-12-22 21:03:36,411] {processor.py:652} INFO - DAG(s) dict_keys(['example_time_delta_sensor_async']) retrieved from /home/airflow/.local/lib/python3.6/site-packages/airflow/example_dags/example_time_delta_sensor_async.py
[2023-12-22 21:03:36,427] {logging_mixin.py:109} INFO - [2023-12-22 21:03:36,427] {dag.py:2398} INFO - Sync 1 DAGs
[2023-12-22 21:03:36,441] {logging_mixin.py:109} INFO - [2023-12-22 21:03:36,441] {dag.py:2937} INFO - Setting next_dagrun for example_time_delta_sensor_async to None
[2023-12-22 21:03:36,471] {processor.py:171} INFO - Processing /home/airflow/.local/lib/python3.6/site-packages/airflow/example_dags/example_time_delta_sensor_async.py took 0.076 seconds
[2023-12-22 21:04:06,678] {processor.py:163} INFO - Started process (PID=3199) to work on /home/airflow/.local/lib/python3.6/site-packages/airflow/example_dags/example_time_delta_sensor_async.py
[2023-12-22 21:04:06,690] {processor.py:642} INFO - Processing file /home/airflow/.local/lib/python3.6/site-packages/airflow/example_dags/example_time_delta_sensor_async.py for tasks to queue
[2023-12-22 21:04:06,696] {logging_mixin.py:109} INFO - [2023-12-22 21:04:06,696] {dagbag.py:500} INFO - Filling up the DagBag from /home/airflow/.local/lib/python3.6/site-packages/airflow/example_dags/example_time_delta_sensor_async.py
[2023-12-22 21:04:06,718] {processor.py:652} INFO - DAG(s) dict_keys(['example_time_delta_sensor_async']) retrieved from /home/airflow/.local/lib/python3.6/site-packages/airflow/example_dags/example_time_delta_sensor_async.py
[2023-12-22 21:04:06,736] {logging_mixin.py:109} INFO - [2023-12-22 21:04:06,736] {dag.py:2398} INFO - Sync 1 DAGs
[2023-12-22 21:04:06,752] {logging_mixin.py:109} INFO - [2023-12-22 21:04:06,752] {dag.py:2937} INFO - Setting next_dagrun for example_time_delta_sensor_async to None
[2023-12-22 21:04:06,761] {processor.py:171} INFO - Processing /home/airflow/.local/lib/python3.6/site-packages/airflow/example_dags/example_time_delta_sensor_async.py took 0.085 seconds
[2023-12-22 21:04:36,869] {processor.py:163} INFO - Started process (PID=3270) to work on /home/airflow/.local/lib/python3.6/site-packages/airflow/example_dags/example_time_delta_sensor_async.py
[2023-12-22 21:04:36,871] {processor.py:642} INFO - Processing file /home/airflow/.local/lib/python3.6/site-packages/airflow/example_dags/example_time_delta_sensor_async.py for tasks to queue
[2023-12-22 21:04:36,873] {logging_mixin.py:109} INFO - [2023-12-22 21:04:36,873] {dagbag.py:500} INFO - Filling up the DagBag from /home/airflow/.local/lib/python3.6/site-packages/airflow/example_dags/example_time_delta_sensor_async.py
[2023-12-22 21:04:36,892] {processor.py:652} INFO - DAG(s) dict_keys(['example_time_delta_sensor_async']) retrieved from /home/airflow/.local/lib/python3.6/site-packages/airflow/example_dags/example_time_delta_sensor_async.py
[2023-12-22 21:04:36,916] {logging_mixin.py:109} INFO - [2023-12-22 21:04:36,916] {dag.py:2398} INFO - Sync 1 DAGs
[2023-12-22 21:04:36,944] {logging_mixin.py:109} INFO - [2023-12-22 21:04:36,944] {dag.py:2937} INFO - Setting next_dagrun for example_time_delta_sensor_async to None
[2023-12-22 21:04:36,960] {processor.py:171} INFO - Processing /home/airflow/.local/lib/python3.6/site-packages/airflow/example_dags/example_time_delta_sensor_async.py took 0.095 seconds
[2023-12-22 21:05:07,216] {processor.py:163} INFO - Started process (PID=3337) to work on /home/airflow/.local/lib/python3.6/site-packages/airflow/example_dags/example_time_delta_sensor_async.py
[2023-12-22 21:05:07,217] {processor.py:642} INFO - Processing file /home/airflow/.local/lib/python3.6/site-packages/airflow/example_dags/example_time_delta_sensor_async.py for tasks to queue
[2023-12-22 21:05:07,218] {logging_mixin.py:109} INFO - [2023-12-22 21:05:07,218] {dagbag.py:500} INFO - Filling up the DagBag from /home/airflow/.local/lib/python3.6/site-packages/airflow/example_dags/example_time_delta_sensor_async.py
[2023-12-22 21:05:07,233] {processor.py:652} INFO - DAG(s) dict_keys(['example_time_delta_sensor_async']) retrieved from /home/airflow/.local/lib/python3.6/site-packages/airflow/example_dags/example_time_delta_sensor_async.py
[2023-12-22 21:05:07,251] {logging_mixin.py:109} INFO - [2023-12-22 21:05:07,251] {dag.py:2398} INFO - Sync 1 DAGs
[2023-12-22 21:05:07,266] {logging_mixin.py:109} INFO - [2023-12-22 21:05:07,266] {dag.py:2937} INFO - Setting next_dagrun for example_time_delta_sensor_async to None
[2023-12-22 21:05:07,296] {processor.py:171} INFO - Processing /home/airflow/.local/lib/python3.6/site-packages/airflow/example_dags/example_time_delta_sensor_async.py took 0.082 seconds
[2023-12-22 21:05:37,559] {processor.py:163} INFO - Started process (PID=3411) to work on /home/airflow/.local/lib/python3.6/site-packages/airflow/example_dags/example_time_delta_sensor_async.py
[2023-12-22 21:05:37,561] {processor.py:642} INFO - Processing file /home/airflow/.local/lib/python3.6/site-packages/airflow/example_dags/example_time_delta_sensor_async.py for tasks to queue
[2023-12-22 21:05:37,561] {logging_mixin.py:109} INFO - [2023-12-22 21:05:37,561] {dagbag.py:500} INFO - Filling up the DagBag from /home/airflow/.local/lib/python3.6/site-packages/airflow/example_dags/example_time_delta_sensor_async.py
[2023-12-22 21:05:37,577] {processor.py:652} INFO - DAG(s) dict_keys(['example_time_delta_sensor_async']) retrieved from /home/airflow/.local/lib/python3.6/site-packages/airflow/example_dags/example_time_delta_sensor_async.py
[2023-12-22 21:05:37,597] {logging_mixin.py:109} INFO - [2023-12-22 21:05:37,597] {dag.py:2398} INFO - Sync 1 DAGs
[2023-12-22 21:05:37,617] {logging_mixin.py:109} INFO - [2023-12-22 21:05:37,617] {dag.py:2937} INFO - Setting next_dagrun for example_time_delta_sensor_async to None
[2023-12-22 21:05:37,648] {processor.py:171} INFO - Processing /home/airflow/.local/lib/python3.6/site-packages/airflow/example_dags/example_time_delta_sensor_async.py took 0.092 seconds
[2023-12-22 21:06:07,897] {processor.py:163} INFO - Started process (PID=3475) to work on /home/airflow/.local/lib/python3.6/site-packages/airflow/example_dags/example_time_delta_sensor_async.py
[2023-12-22 21:06:07,900] {processor.py:642} INFO - Processing file /home/airflow/.local/lib/python3.6/site-packages/airflow/example_dags/example_time_delta_sensor_async.py for tasks to queue
[2023-12-22 21:06:07,901] {logging_mixin.py:109} INFO - [2023-12-22 21:06:07,900] {dagbag.py:500} INFO - Filling up the DagBag from /home/airflow/.local/lib/python3.6/site-packages/airflow/example_dags/example_time_delta_sensor_async.py
[2023-12-22 21:06:07,918] {processor.py:652} INFO - DAG(s) dict_keys(['example_time_delta_sensor_async']) retrieved from /home/airflow/.local/lib/python3.6/site-packages/airflow/example_dags/example_time_delta_sensor_async.py
[2023-12-22 21:06:07,939] {logging_mixin.py:109} INFO - [2023-12-22 21:06:07,939] {dag.py:2398} INFO - Sync 1 DAGs
[2023-12-22 21:06:07,958] {logging_mixin.py:109} INFO - [2023-12-22 21:06:07,958] {dag.py:2937} INFO - Setting next_dagrun for example_time_delta_sensor_async to None
[2023-12-22 21:06:07,971] {processor.py:171} INFO - Processing /home/airflow/.local/lib/python3.6/site-packages/airflow/example_dags/example_time_delta_sensor_async.py took 0.077 seconds
[2023-12-22 21:06:38,091] {processor.py:163} INFO - Started process (PID=3549) to work on /home/airflow/.local/lib/python3.6/site-packages/airflow/example_dags/example_time_delta_sensor_async.py
[2023-12-22 21:06:38,094] {processor.py:642} INFO - Processing file /home/airflow/.local/lib/python3.6/site-packages/airflow/example_dags/example_time_delta_sensor_async.py for tasks to queue
[2023-12-22 21:06:38,095] {logging_mixin.py:109} INFO - [2023-12-22 21:06:38,095] {dagbag.py:500} INFO - Filling up the DagBag from /home/airflow/.local/lib/python3.6/site-packages/airflow/example_dags/example_time_delta_sensor_async.py
[2023-12-22 21:06:38,110] {processor.py:652} INFO - DAG(s) dict_keys(['example_time_delta_sensor_async']) retrieved from /home/airflow/.local/lib/python3.6/site-packages/airflow/example_dags/example_time_delta_sensor_async.py
[2023-12-22 21:06:38,126] {logging_mixin.py:109} INFO - [2023-12-22 21:06:38,126] {dag.py:2398} INFO - Sync 1 DAGs
[2023-12-22 21:06:38,144] {logging_mixin.py:109} INFO - [2023-12-22 21:06:38,144] {dag.py:2937} INFO - Setting next_dagrun for example_time_delta_sensor_async to None
[2023-12-22 21:06:38,175] {processor.py:171} INFO - Processing /home/airflow/.local/lib/python3.6/site-packages/airflow/example_dags/example_time_delta_sensor_async.py took 0.088 seconds
[2023-12-22 21:07:08,353] {processor.py:163} INFO - Started process (PID=3602) to work on /home/airflow/.local/lib/python3.6/site-packages/airflow/example_dags/example_time_delta_sensor_async.py
[2023-12-22 21:07:08,354] {processor.py:642} INFO - Processing file /home/airflow/.local/lib/python3.6/site-packages/airflow/example_dags/example_time_delta_sensor_async.py for tasks to queue
[2023-12-22 21:07:08,354] {logging_mixin.py:109} INFO - [2023-12-22 21:07:08,354] {dagbag.py:500} INFO - Filling up the DagBag from /home/airflow/.local/lib/python3.6/site-packages/airflow/example_dags/example_time_delta_sensor_async.py
[2023-12-22 21:07:08,368] {processor.py:652} INFO - DAG(s) dict_keys(['example_time_delta_sensor_async']) retrieved from /home/airflow/.local/lib/python3.6/site-packages/airflow/example_dags/example_time_delta_sensor_async.py
[2023-12-22 21:07:08,402] {logging_mixin.py:109} INFO - [2023-12-22 21:07:08,401] {dag.py:2398} INFO - Sync 1 DAGs
[2023-12-22 21:07:08,496] {logging_mixin.py:109} INFO - [2023-12-22 21:07:08,496] {dag.py:2937} INFO - Setting next_dagrun for example_time_delta_sensor_async to None
[2023-12-22 21:07:08,526] {processor.py:171} INFO - Processing /home/airflow/.local/lib/python3.6/site-packages/airflow/example_dags/example_time_delta_sensor_async.py took 0.175 seconds
[2023-12-22 21:07:38,634] {processor.py:163} INFO - Started process (PID=3675) to work on /home/airflow/.local/lib/python3.6/site-packages/airflow/example_dags/example_time_delta_sensor_async.py
[2023-12-22 21:07:38,635] {processor.py:642} INFO - Processing file /home/airflow/.local/lib/python3.6/site-packages/airflow/example_dags/example_time_delta_sensor_async.py for tasks to queue
[2023-12-22 21:07:38,636] {logging_mixin.py:109} INFO - [2023-12-22 21:07:38,636] {dagbag.py:500} INFO - Filling up the DagBag from /home/airflow/.local/lib/python3.6/site-packages/airflow/example_dags/example_time_delta_sensor_async.py
[2023-12-22 21:07:38,651] {processor.py:652} INFO - DAG(s) dict_keys(['example_time_delta_sensor_async']) retrieved from /home/airflow/.local/lib/python3.6/site-packages/airflow/example_dags/example_time_delta_sensor_async.py
[2023-12-22 21:07:38,672] {logging_mixin.py:109} INFO - [2023-12-22 21:07:38,672] {dag.py:2398} INFO - Sync 1 DAGs
[2023-12-22 21:07:38,687] {logging_mixin.py:109} INFO - [2023-12-22 21:07:38,687] {dag.py:2937} INFO - Setting next_dagrun for example_time_delta_sensor_async to None
[2023-12-22 21:07:38,696] {processor.py:171} INFO - Processing /home/airflow/.local/lib/python3.6/site-packages/airflow/example_dags/example_time_delta_sensor_async.py took 0.065 seconds
[2023-12-22 21:08:08,818] {processor.py:163} INFO - Started process (PID=3740) to work on /home/airflow/.local/lib/python3.6/site-packages/airflow/example_dags/example_time_delta_sensor_async.py
[2023-12-22 21:08:08,820] {processor.py:642} INFO - Processing file /home/airflow/.local/lib/python3.6/site-packages/airflow/example_dags/example_time_delta_sensor_async.py for tasks to queue
[2023-12-22 21:08:08,821] {logging_mixin.py:109} INFO - [2023-12-22 21:08:08,821] {dagbag.py:500} INFO - Filling up the DagBag from /home/airflow/.local/lib/python3.6/site-packages/airflow/example_dags/example_time_delta_sensor_async.py
[2023-12-22 21:08:08,834] {processor.py:652} INFO - DAG(s) dict_keys(['example_time_delta_sensor_async']) retrieved from /home/airflow/.local/lib/python3.6/site-packages/airflow/example_dags/example_time_delta_sensor_async.py
[2023-12-22 21:08:08,856] {logging_mixin.py:109} INFO - [2023-12-22 21:08:08,855] {dag.py:2398} INFO - Sync 1 DAGs
[2023-12-22 21:08:08,874] {logging_mixin.py:109} INFO - [2023-12-22 21:08:08,873] {dag.py:2937} INFO - Setting next_dagrun for example_time_delta_sensor_async to None
[2023-12-22 21:08:08,883] {processor.py:171} INFO - Processing /home/airflow/.local/lib/python3.6/site-packages/airflow/example_dags/example_time_delta_sensor_async.py took 0.069 seconds
[2023-12-22 21:08:39,365] {processor.py:163} INFO - Started process (PID=3814) to work on /home/airflow/.local/lib/python3.6/site-packages/airflow/example_dags/example_time_delta_sensor_async.py
[2023-12-22 21:08:39,367] {processor.py:642} INFO - Processing file /home/airflow/.local/lib/python3.6/site-packages/airflow/example_dags/example_time_delta_sensor_async.py for tasks to queue
[2023-12-22 21:08:39,368] {logging_mixin.py:109} INFO - [2023-12-22 21:08:39,368] {dagbag.py:500} INFO - Filling up the DagBag from /home/airflow/.local/lib/python3.6/site-packages/airflow/example_dags/example_time_delta_sensor_async.py
[2023-12-22 21:08:39,381] {processor.py:652} INFO - DAG(s) dict_keys(['example_time_delta_sensor_async']) retrieved from /home/airflow/.local/lib/python3.6/site-packages/airflow/example_dags/example_time_delta_sensor_async.py
[2023-12-22 21:08:39,399] {logging_mixin.py:109} INFO - [2023-12-22 21:08:39,399] {dag.py:2398} INFO - Sync 1 DAGs
[2023-12-22 21:08:39,417] {logging_mixin.py:109} INFO - [2023-12-22 21:08:39,417] {dag.py:2937} INFO - Setting next_dagrun for example_time_delta_sensor_async to None
[2023-12-22 21:08:39,448] {processor.py:171} INFO - Processing /home/airflow/.local/lib/python3.6/site-packages/airflow/example_dags/example_time_delta_sensor_async.py took 0.085 seconds
[2023-12-22 21:09:10,019] {processor.py:163} INFO - Started process (PID=3877) to work on /home/airflow/.local/lib/python3.6/site-packages/airflow/example_dags/example_time_delta_sensor_async.py
[2023-12-22 21:09:10,019] {processor.py:642} INFO - Processing file /home/airflow/.local/lib/python3.6/site-packages/airflow/example_dags/example_time_delta_sensor_async.py for tasks to queue
[2023-12-22 21:09:10,020] {logging_mixin.py:109} INFO - [2023-12-22 21:09:10,020] {dagbag.py:500} INFO - Filling up the DagBag from /home/airflow/.local/lib/python3.6/site-packages/airflow/example_dags/example_time_delta_sensor_async.py
[2023-12-22 21:09:10,035] {processor.py:652} INFO - DAG(s) dict_keys(['example_time_delta_sensor_async']) retrieved from /home/airflow/.local/lib/python3.6/site-packages/airflow/example_dags/example_time_delta_sensor_async.py
[2023-12-22 21:09:10,056] {logging_mixin.py:109} INFO - [2023-12-22 21:09:10,056] {dag.py:2398} INFO - Sync 1 DAGs
[2023-12-22 21:09:10,076] {logging_mixin.py:109} INFO - [2023-12-22 21:09:10,076] {dag.py:2937} INFO - Setting next_dagrun for example_time_delta_sensor_async to None
[2023-12-22 21:09:10,107] {processor.py:171} INFO - Processing /home/airflow/.local/lib/python3.6/site-packages/airflow/example_dags/example_time_delta_sensor_async.py took 0.095 seconds
[2023-12-22 21:09:40,268] {processor.py:163} INFO - Started process (PID=3951) to work on /home/airflow/.local/lib/python3.6/site-packages/airflow/example_dags/example_time_delta_sensor_async.py
[2023-12-22 21:09:40,269] {processor.py:642} INFO - Processing file /home/airflow/.local/lib/python3.6/site-packages/airflow/example_dags/example_time_delta_sensor_async.py for tasks to queue
[2023-12-22 21:09:40,270] {logging_mixin.py:109} INFO - [2023-12-22 21:09:40,270] {dagbag.py:500} INFO - Filling up the DagBag from /home/airflow/.local/lib/python3.6/site-packages/airflow/example_dags/example_time_delta_sensor_async.py
[2023-12-22 21:09:40,285] {processor.py:652} INFO - DAG(s) dict_keys(['example_time_delta_sensor_async']) retrieved from /home/airflow/.local/lib/python3.6/site-packages/airflow/example_dags/example_time_delta_sensor_async.py
[2023-12-22 21:09:40,302] {logging_mixin.py:109} INFO - [2023-12-22 21:09:40,302] {dag.py:2398} INFO - Sync 1 DAGs
[2023-12-22 21:09:40,321] {logging_mixin.py:109} INFO - [2023-12-22 21:09:40,321] {dag.py:2937} INFO - Setting next_dagrun for example_time_delta_sensor_async to None
[2023-12-22 21:09:40,333] {processor.py:171} INFO - Processing /home/airflow/.local/lib/python3.6/site-packages/airflow/example_dags/example_time_delta_sensor_async.py took 0.068 seconds
[2023-12-22 21:10:11,017] {processor.py:163} INFO - Started process (PID=4014) to work on /home/airflow/.local/lib/python3.6/site-packages/airflow/example_dags/example_time_delta_sensor_async.py
[2023-12-22 21:10:11,019] {processor.py:642} INFO - Processing file /home/airflow/.local/lib/python3.6/site-packages/airflow/example_dags/example_time_delta_sensor_async.py for tasks to queue
[2023-12-22 21:10:11,020] {logging_mixin.py:109} INFO - [2023-12-22 21:10:11,020] {dagbag.py:500} INFO - Filling up the DagBag from /home/airflow/.local/lib/python3.6/site-packages/airflow/example_dags/example_time_delta_sensor_async.py
[2023-12-22 21:10:11,034] {processor.py:652} INFO - DAG(s) dict_keys(['example_time_delta_sensor_async']) retrieved from /home/airflow/.local/lib/python3.6/site-packages/airflow/example_dags/example_time_delta_sensor_async.py
[2023-12-22 21:10:11,057] {logging_mixin.py:109} INFO - [2023-12-22 21:10:11,057] {dag.py:2398} INFO - Sync 1 DAGs
[2023-12-22 21:10:11,077] {logging_mixin.py:109} INFO - [2023-12-22 21:10:11,077] {dag.py:2937} INFO - Setting next_dagrun for example_time_delta_sensor_async to None
[2023-12-22 21:10:11,113] {processor.py:171} INFO - Processing /home/airflow/.local/lib/python3.6/site-packages/airflow/example_dags/example_time_delta_sensor_async.py took 0.099 seconds
[2023-12-22 21:10:41,226] {processor.py:163} INFO - Started process (PID=4090) to work on /home/airflow/.local/lib/python3.6/site-packages/airflow/example_dags/example_time_delta_sensor_async.py
[2023-12-22 21:10:41,228] {processor.py:642} INFO - Processing file /home/airflow/.local/lib/python3.6/site-packages/airflow/example_dags/example_time_delta_sensor_async.py for tasks to queue
[2023-12-22 21:10:41,229] {logging_mixin.py:109} INFO - [2023-12-22 21:10:41,229] {dagbag.py:500} INFO - Filling up the DagBag from /home/airflow/.local/lib/python3.6/site-packages/airflow/example_dags/example_time_delta_sensor_async.py
[2023-12-22 21:10:41,247] {processor.py:652} INFO - DAG(s) dict_keys(['example_time_delta_sensor_async']) retrieved from /home/airflow/.local/lib/python3.6/site-packages/airflow/example_dags/example_time_delta_sensor_async.py
[2023-12-22 21:10:41,265] {logging_mixin.py:109} INFO - [2023-12-22 21:10:41,265] {dag.py:2398} INFO - Sync 1 DAGs
[2023-12-22 21:10:41,285] {logging_mixin.py:109} INFO - [2023-12-22 21:10:41,285] {dag.py:2937} INFO - Setting next_dagrun for example_time_delta_sensor_async to None
[2023-12-22 21:10:41,297] {processor.py:171} INFO - Processing /home/airflow/.local/lib/python3.6/site-packages/airflow/example_dags/example_time_delta_sensor_async.py took 0.074 seconds
[2023-12-22 21:11:12,125] {processor.py:163} INFO - Started process (PID=4163) to work on /home/airflow/.local/lib/python3.6/site-packages/airflow/example_dags/example_time_delta_sensor_async.py
[2023-12-22 21:11:12,126] {processor.py:642} INFO - Processing file /home/airflow/.local/lib/python3.6/site-packages/airflow/example_dags/example_time_delta_sensor_async.py for tasks to queue
[2023-12-22 21:11:12,127] {logging_mixin.py:109} INFO - [2023-12-22 21:11:12,127] {dagbag.py:500} INFO - Filling up the DagBag from /home/airflow/.local/lib/python3.6/site-packages/airflow/example_dags/example_time_delta_sensor_async.py
[2023-12-22 21:11:12,149] {processor.py:652} INFO - DAG(s) dict_keys(['example_time_delta_sensor_async']) retrieved from /home/airflow/.local/lib/python3.6/site-packages/airflow/example_dags/example_time_delta_sensor_async.py
[2023-12-22 21:11:12,176] {logging_mixin.py:109} INFO - [2023-12-22 21:11:12,176] {dag.py:2398} INFO - Sync 1 DAGs
[2023-12-22 21:11:12,196] {logging_mixin.py:109} INFO - [2023-12-22 21:11:12,196] {dag.py:2937} INFO - Setting next_dagrun for example_time_delta_sensor_async to None
[2023-12-22 21:11:12,207] {processor.py:171} INFO - Processing /home/airflow/.local/lib/python3.6/site-packages/airflow/example_dags/example_time_delta_sensor_async.py took 0.084 seconds
[2023-12-22 21:11:42,708] {processor.py:163} INFO - Started process (PID=4228) to work on /home/airflow/.local/lib/python3.6/site-packages/airflow/example_dags/example_time_delta_sensor_async.py
[2023-12-22 21:11:42,710] {processor.py:642} INFO - Processing file /home/airflow/.local/lib/python3.6/site-packages/airflow/example_dags/example_time_delta_sensor_async.py for tasks to queue
[2023-12-22 21:11:42,711] {logging_mixin.py:109} INFO - [2023-12-22 21:11:42,711] {dagbag.py:500} INFO - Filling up the DagBag from /home/airflow/.local/lib/python3.6/site-packages/airflow/example_dags/example_time_delta_sensor_async.py
[2023-12-22 21:11:42,722] {processor.py:652} INFO - DAG(s) dict_keys(['example_time_delta_sensor_async']) retrieved from /home/airflow/.local/lib/python3.6/site-packages/airflow/example_dags/example_time_delta_sensor_async.py
[2023-12-22 21:11:42,743] {logging_mixin.py:109} INFO - [2023-12-22 21:11:42,742] {dag.py:2398} INFO - Sync 1 DAGs
[2023-12-22 21:11:42,758] {logging_mixin.py:109} INFO - [2023-12-22 21:11:42,757] {dag.py:2937} INFO - Setting next_dagrun for example_time_delta_sensor_async to None
[2023-12-22 21:11:42,797] {processor.py:171} INFO - Processing /home/airflow/.local/lib/python3.6/site-packages/airflow/example_dags/example_time_delta_sensor_async.py took 0.092 seconds
