[2023-12-22 20:40:28,646] {processor.py:163} INFO - Started process (PID=75) to work on /home/airflow/.local/lib/python3.6/site-packages/airflow/example_dags/example_short_circuit_operator.py
[2023-12-22 20:40:28,647] {processor.py:642} INFO - Processing file /home/airflow/.local/lib/python3.6/site-packages/airflow/example_dags/example_short_circuit_operator.py for tasks to queue
[2023-12-22 20:40:28,648] {logging_mixin.py:109} INFO - [2023-12-22 20:40:28,648] {dagbag.py:500} INFO - Filling up the DagBag from /home/airflow/.local/lib/python3.6/site-packages/airflow/example_dags/example_short_circuit_operator.py
[2023-12-22 20:40:28,663] {processor.py:652} INFO - DAG(s) dict_keys(['example_short_circuit_operator']) retrieved from /home/airflow/.local/lib/python3.6/site-packages/airflow/example_dags/example_short_circuit_operator.py
[2023-12-22 20:40:28,685] {logging_mixin.py:109} INFO - [2023-12-22 20:40:28,685] {dag.py:2398} INFO - Sync 1 DAGs
[2023-12-22 20:40:28,706] {logging_mixin.py:109} INFO - [2023-12-22 20:40:28,706] {dag.py:2937} INFO - Setting next_dagrun for example_short_circuit_operator to 2023-12-21T20:40:28.706387+00:00
[2023-12-22 20:40:28,719] {processor.py:171} INFO - Processing /home/airflow/.local/lib/python3.6/site-packages/airflow/example_dags/example_short_circuit_operator.py took 0.075 seconds
[2023-12-22 20:40:59,920] {processor.py:163} INFO - Started process (PID=140) to work on /home/airflow/.local/lib/python3.6/site-packages/airflow/example_dags/example_short_circuit_operator.py
[2023-12-22 20:40:59,922] {processor.py:642} INFO - Processing file /home/airflow/.local/lib/python3.6/site-packages/airflow/example_dags/example_short_circuit_operator.py for tasks to queue
[2023-12-22 20:40:59,923] {logging_mixin.py:109} INFO - [2023-12-22 20:40:59,923] {dagbag.py:500} INFO - Filling up the DagBag from /home/airflow/.local/lib/python3.6/site-packages/airflow/example_dags/example_short_circuit_operator.py
[2023-12-22 20:40:59,935] {processor.py:652} INFO - DAG(s) dict_keys(['example_short_circuit_operator']) retrieved from /home/airflow/.local/lib/python3.6/site-packages/airflow/example_dags/example_short_circuit_operator.py
[2023-12-22 20:40:59,964] {logging_mixin.py:109} INFO - [2023-12-22 20:40:59,963] {dag.py:2398} INFO - Sync 1 DAGs
[2023-12-22 20:40:59,986] {logging_mixin.py:109} INFO - [2023-12-22 20:40:59,985] {dag.py:2937} INFO - Setting next_dagrun for example_short_circuit_operator to 2023-12-21T20:40:59.985439+00:00
[2023-12-22 20:41:00,000] {processor.py:171} INFO - Processing /home/airflow/.local/lib/python3.6/site-packages/airflow/example_dags/example_short_circuit_operator.py took 0.083 seconds
[2023-12-22 20:41:33,597] {processor.py:163} INFO - Started process (PID=214) to work on /home/airflow/.local/lib/python3.6/site-packages/airflow/example_dags/example_short_circuit_operator.py
[2023-12-22 20:41:33,603] {processor.py:642} INFO - Processing file /home/airflow/.local/lib/python3.6/site-packages/airflow/example_dags/example_short_circuit_operator.py for tasks to queue
[2023-12-22 20:41:33,605] {logging_mixin.py:109} INFO - [2023-12-22 20:41:33,605] {dagbag.py:500} INFO - Filling up the DagBag from /home/airflow/.local/lib/python3.6/site-packages/airflow/example_dags/example_short_circuit_operator.py
[2023-12-22 20:41:33,633] {processor.py:652} INFO - DAG(s) dict_keys(['example_short_circuit_operator']) retrieved from /home/airflow/.local/lib/python3.6/site-packages/airflow/example_dags/example_short_circuit_operator.py
[2023-12-22 20:41:33,764] {logging_mixin.py:109} INFO - [2023-12-22 20:41:33,764] {dag.py:2398} INFO - Sync 1 DAGs
[2023-12-22 20:41:33,788] {logging_mixin.py:109} INFO - [2023-12-22 20:41:33,788] {dag.py:2937} INFO - Setting next_dagrun for example_short_circuit_operator to 2023-12-21T20:41:33.788334+00:00
[2023-12-22 20:41:33,911] {processor.py:171} INFO - Processing /home/airflow/.local/lib/python3.6/site-packages/airflow/example_dags/example_short_circuit_operator.py took 0.317 seconds
[2023-12-22 20:42:10,767] {processor.py:163} INFO - Started process (PID=288) to work on /home/airflow/.local/lib/python3.6/site-packages/airflow/example_dags/example_short_circuit_operator.py
[2023-12-22 20:42:10,768] {processor.py:642} INFO - Processing file /home/airflow/.local/lib/python3.6/site-packages/airflow/example_dags/example_short_circuit_operator.py for tasks to queue
[2023-12-22 20:42:10,769] {logging_mixin.py:109} INFO - [2023-12-22 20:42:10,769] {dagbag.py:500} INFO - Filling up the DagBag from /home/airflow/.local/lib/python3.6/site-packages/airflow/example_dags/example_short_circuit_operator.py
[2023-12-22 20:42:10,783] {processor.py:652} INFO - DAG(s) dict_keys(['example_short_circuit_operator']) retrieved from /home/airflow/.local/lib/python3.6/site-packages/airflow/example_dags/example_short_circuit_operator.py
[2023-12-22 20:42:10,799] {logging_mixin.py:109} INFO - [2023-12-22 20:42:10,798] {dag.py:2398} INFO - Sync 1 DAGs
[2023-12-22 20:42:10,815] {logging_mixin.py:109} INFO - [2023-12-22 20:42:10,815] {dag.py:2937} INFO - Setting next_dagrun for example_short_circuit_operator to 2023-12-21T20:42:10.815372+00:00
[2023-12-22 20:42:10,826] {processor.py:171} INFO - Processing /home/airflow/.local/lib/python3.6/site-packages/airflow/example_dags/example_short_circuit_operator.py took 0.063 seconds
[2023-12-22 20:42:43,249] {processor.py:163} INFO - Started process (PID=352) to work on /home/airflow/.local/lib/python3.6/site-packages/airflow/example_dags/example_short_circuit_operator.py
[2023-12-22 20:42:43,268] {processor.py:642} INFO - Processing file /home/airflow/.local/lib/python3.6/site-packages/airflow/example_dags/example_short_circuit_operator.py for tasks to queue
[2023-12-22 20:42:43,363] {logging_mixin.py:109} INFO - [2023-12-22 20:42:43,363] {dagbag.py:500} INFO - Filling up the DagBag from /home/airflow/.local/lib/python3.6/site-packages/airflow/example_dags/example_short_circuit_operator.py
[2023-12-22 20:42:43,402] {processor.py:652} INFO - DAG(s) dict_keys(['example_short_circuit_operator']) retrieved from /home/airflow/.local/lib/python3.6/site-packages/airflow/example_dags/example_short_circuit_operator.py
[2023-12-22 20:42:43,518] {logging_mixin.py:109} INFO - [2023-12-22 20:42:43,518] {dag.py:2398} INFO - Sync 1 DAGs
[2023-12-22 20:42:43,593] {logging_mixin.py:109} INFO - [2023-12-22 20:42:43,593] {dag.py:2937} INFO - Setting next_dagrun for example_short_circuit_operator to 2023-12-21T20:42:43.593183+00:00
[2023-12-22 20:42:43,820] {processor.py:171} INFO - Processing /home/airflow/.local/lib/python3.6/site-packages/airflow/example_dags/example_short_circuit_operator.py took 0.578 seconds
[2023-12-22 20:43:15,024] {processor.py:163} INFO - Started process (PID=427) to work on /home/airflow/.local/lib/python3.6/site-packages/airflow/example_dags/example_short_circuit_operator.py
[2023-12-22 20:43:15,025] {processor.py:642} INFO - Processing file /home/airflow/.local/lib/python3.6/site-packages/airflow/example_dags/example_short_circuit_operator.py for tasks to queue
[2023-12-22 20:43:15,026] {logging_mixin.py:109} INFO - [2023-12-22 20:43:15,026] {dagbag.py:500} INFO - Filling up the DagBag from /home/airflow/.local/lib/python3.6/site-packages/airflow/example_dags/example_short_circuit_operator.py
[2023-12-22 20:43:15,051] {processor.py:652} INFO - DAG(s) dict_keys(['example_short_circuit_operator']) retrieved from /home/airflow/.local/lib/python3.6/site-packages/airflow/example_dags/example_short_circuit_operator.py
[2023-12-22 20:43:15,169] {logging_mixin.py:109} INFO - [2023-12-22 20:43:15,169] {dag.py:2398} INFO - Sync 1 DAGs
[2023-12-22 20:43:15,308] {logging_mixin.py:109} INFO - [2023-12-22 20:43:15,307] {dag.py:2937} INFO - Setting next_dagrun for example_short_circuit_operator to 2023-12-21T20:43:15.307572+00:00
[2023-12-22 20:43:15,383] {processor.py:171} INFO - Processing /home/airflow/.local/lib/python3.6/site-packages/airflow/example_dags/example_short_circuit_operator.py took 0.361 seconds
[2023-12-22 20:43:46,439] {processor.py:163} INFO - Started process (PID=491) to work on /home/airflow/.local/lib/python3.6/site-packages/airflow/example_dags/example_short_circuit_operator.py
[2023-12-22 20:43:46,441] {processor.py:642} INFO - Processing file /home/airflow/.local/lib/python3.6/site-packages/airflow/example_dags/example_short_circuit_operator.py for tasks to queue
[2023-12-22 20:43:46,442] {logging_mixin.py:109} INFO - [2023-12-22 20:43:46,442] {dagbag.py:500} INFO - Filling up the DagBag from /home/airflow/.local/lib/python3.6/site-packages/airflow/example_dags/example_short_circuit_operator.py
[2023-12-22 20:43:46,469] {processor.py:652} INFO - DAG(s) dict_keys(['example_short_circuit_operator']) retrieved from /home/airflow/.local/lib/python3.6/site-packages/airflow/example_dags/example_short_circuit_operator.py
[2023-12-22 20:43:46,568] {logging_mixin.py:109} INFO - [2023-12-22 20:43:46,568] {dag.py:2398} INFO - Sync 1 DAGs
[2023-12-22 20:43:46,661] {logging_mixin.py:109} INFO - [2023-12-22 20:43:46,661] {dag.py:2937} INFO - Setting next_dagrun for example_short_circuit_operator to 2023-12-21T20:43:46.661521+00:00
[2023-12-22 20:43:46,825] {processor.py:171} INFO - Processing /home/airflow/.local/lib/python3.6/site-packages/airflow/example_dags/example_short_circuit_operator.py took 0.390 seconds
[2023-12-22 20:44:17,399] {processor.py:163} INFO - Started process (PID=553) to work on /home/airflow/.local/lib/python3.6/site-packages/airflow/example_dags/example_short_circuit_operator.py
[2023-12-22 20:44:17,400] {processor.py:642} INFO - Processing file /home/airflow/.local/lib/python3.6/site-packages/airflow/example_dags/example_short_circuit_operator.py for tasks to queue
[2023-12-22 20:44:17,400] {logging_mixin.py:109} INFO - [2023-12-22 20:44:17,400] {dagbag.py:500} INFO - Filling up the DagBag from /home/airflow/.local/lib/python3.6/site-packages/airflow/example_dags/example_short_circuit_operator.py
[2023-12-22 20:44:17,422] {processor.py:652} INFO - DAG(s) dict_keys(['example_short_circuit_operator']) retrieved from /home/airflow/.local/lib/python3.6/site-packages/airflow/example_dags/example_short_circuit_operator.py
[2023-12-22 20:44:17,531] {logging_mixin.py:109} INFO - [2023-12-22 20:44:17,531] {dag.py:2398} INFO - Sync 1 DAGs
[2023-12-22 20:44:17,655] {logging_mixin.py:109} INFO - [2023-12-22 20:44:17,655] {dag.py:2937} INFO - Setting next_dagrun for example_short_circuit_operator to 2023-12-21T20:44:17.655314+00:00
[2023-12-22 20:44:17,711] {processor.py:171} INFO - Processing /home/airflow/.local/lib/python3.6/site-packages/airflow/example_dags/example_short_circuit_operator.py took 0.315 seconds
[2023-12-22 20:44:48,294] {processor.py:163} INFO - Started process (PID=628) to work on /home/airflow/.local/lib/python3.6/site-packages/airflow/example_dags/example_short_circuit_operator.py
[2023-12-22 20:44:48,299] {processor.py:642} INFO - Processing file /home/airflow/.local/lib/python3.6/site-packages/airflow/example_dags/example_short_circuit_operator.py for tasks to queue
[2023-12-22 20:44:48,300] {logging_mixin.py:109} INFO - [2023-12-22 20:44:48,300] {dagbag.py:500} INFO - Filling up the DagBag from /home/airflow/.local/lib/python3.6/site-packages/airflow/example_dags/example_short_circuit_operator.py
[2023-12-22 20:44:48,320] {processor.py:652} INFO - DAG(s) dict_keys(['example_short_circuit_operator']) retrieved from /home/airflow/.local/lib/python3.6/site-packages/airflow/example_dags/example_short_circuit_operator.py
[2023-12-22 20:44:48,351] {logging_mixin.py:109} INFO - [2023-12-22 20:44:48,350] {dag.py:2398} INFO - Sync 1 DAGs
[2023-12-22 20:44:48,484] {logging_mixin.py:109} INFO - [2023-12-22 20:44:48,484] {dag.py:2937} INFO - Setting next_dagrun for example_short_circuit_operator to 2023-12-21T20:44:48.483875+00:00
[2023-12-22 20:44:48,498] {processor.py:171} INFO - Processing /home/airflow/.local/lib/python3.6/site-packages/airflow/example_dags/example_short_circuit_operator.py took 0.207 seconds
[2023-12-22 20:45:18,773] {processor.py:163} INFO - Started process (PID=692) to work on /home/airflow/.local/lib/python3.6/site-packages/airflow/example_dags/example_short_circuit_operator.py
[2023-12-22 20:45:18,774] {processor.py:642} INFO - Processing file /home/airflow/.local/lib/python3.6/site-packages/airflow/example_dags/example_short_circuit_operator.py for tasks to queue
[2023-12-22 20:45:18,775] {logging_mixin.py:109} INFO - [2023-12-22 20:45:18,775] {dagbag.py:500} INFO - Filling up the DagBag from /home/airflow/.local/lib/python3.6/site-packages/airflow/example_dags/example_short_circuit_operator.py
[2023-12-22 20:45:18,793] {processor.py:652} INFO - DAG(s) dict_keys(['example_short_circuit_operator']) retrieved from /home/airflow/.local/lib/python3.6/site-packages/airflow/example_dags/example_short_circuit_operator.py
[2023-12-22 20:45:18,817] {logging_mixin.py:109} INFO - [2023-12-22 20:45:18,817] {dag.py:2398} INFO - Sync 1 DAGs
[2023-12-22 20:45:18,955] {logging_mixin.py:109} INFO - [2023-12-22 20:45:18,955] {dag.py:2937} INFO - Setting next_dagrun for example_short_circuit_operator to 2023-12-21T20:45:18.955615+00:00
[2023-12-22 20:45:18,980] {processor.py:171} INFO - Processing /home/airflow/.local/lib/python3.6/site-packages/airflow/example_dags/example_short_circuit_operator.py took 0.210 seconds
[2023-12-22 20:45:49,552] {processor.py:163} INFO - Started process (PID=767) to work on /home/airflow/.local/lib/python3.6/site-packages/airflow/example_dags/example_short_circuit_operator.py
[2023-12-22 20:45:49,553] {processor.py:642} INFO - Processing file /home/airflow/.local/lib/python3.6/site-packages/airflow/example_dags/example_short_circuit_operator.py for tasks to queue
[2023-12-22 20:45:49,554] {logging_mixin.py:109} INFO - [2023-12-22 20:45:49,554] {dagbag.py:500} INFO - Filling up the DagBag from /home/airflow/.local/lib/python3.6/site-packages/airflow/example_dags/example_short_circuit_operator.py
[2023-12-22 20:45:49,661] {processor.py:652} INFO - DAG(s) dict_keys(['example_short_circuit_operator']) retrieved from /home/airflow/.local/lib/python3.6/site-packages/airflow/example_dags/example_short_circuit_operator.py
[2023-12-22 20:45:49,722] {logging_mixin.py:109} INFO - [2023-12-22 20:45:49,721] {dag.py:2398} INFO - Sync 1 DAGs
[2023-12-22 20:45:49,756] {logging_mixin.py:109} INFO - [2023-12-22 20:45:49,756] {dag.py:2937} INFO - Setting next_dagrun for example_short_circuit_operator to 2023-12-21T20:45:49.756356+00:00
[2023-12-22 20:45:49,796] {processor.py:171} INFO - Processing /home/airflow/.local/lib/python3.6/site-packages/airflow/example_dags/example_short_circuit_operator.py took 0.246 seconds
[2023-12-22 20:46:20,299] {processor.py:163} INFO - Started process (PID=831) to work on /home/airflow/.local/lib/python3.6/site-packages/airflow/example_dags/example_short_circuit_operator.py
[2023-12-22 20:46:20,301] {processor.py:642} INFO - Processing file /home/airflow/.local/lib/python3.6/site-packages/airflow/example_dags/example_short_circuit_operator.py for tasks to queue
[2023-12-22 20:46:20,302] {logging_mixin.py:109} INFO - [2023-12-22 20:46:20,302] {dagbag.py:500} INFO - Filling up the DagBag from /home/airflow/.local/lib/python3.6/site-packages/airflow/example_dags/example_short_circuit_operator.py
[2023-12-22 20:46:20,426] {processor.py:652} INFO - DAG(s) dict_keys(['example_short_circuit_operator']) retrieved from /home/airflow/.local/lib/python3.6/site-packages/airflow/example_dags/example_short_circuit_operator.py
[2023-12-22 20:46:20,478] {logging_mixin.py:109} INFO - [2023-12-22 20:46:20,478] {dag.py:2398} INFO - Sync 1 DAGs
[2023-12-22 20:46:20,518] {logging_mixin.py:109} INFO - [2023-12-22 20:46:20,518] {dag.py:2937} INFO - Setting next_dagrun for example_short_circuit_operator to 2023-12-21T20:46:20.518324+00:00
[2023-12-22 20:46:20,544] {processor.py:171} INFO - Processing /home/airflow/.local/lib/python3.6/site-packages/airflow/example_dags/example_short_circuit_operator.py took 0.247 seconds
[2023-12-22 20:46:51,101] {processor.py:163} INFO - Started process (PID=904) to work on /home/airflow/.local/lib/python3.6/site-packages/airflow/example_dags/example_short_circuit_operator.py
[2023-12-22 20:46:51,103] {processor.py:642} INFO - Processing file /home/airflow/.local/lib/python3.6/site-packages/airflow/example_dags/example_short_circuit_operator.py for tasks to queue
[2023-12-22 20:46:51,103] {logging_mixin.py:109} INFO - [2023-12-22 20:46:51,103] {dagbag.py:500} INFO - Filling up the DagBag from /home/airflow/.local/lib/python3.6/site-packages/airflow/example_dags/example_short_circuit_operator.py
[2023-12-22 20:46:51,208] {processor.py:652} INFO - DAG(s) dict_keys(['example_short_circuit_operator']) retrieved from /home/airflow/.local/lib/python3.6/site-packages/airflow/example_dags/example_short_circuit_operator.py
[2023-12-22 20:46:51,231] {logging_mixin.py:109} INFO - [2023-12-22 20:46:51,231] {dag.py:2398} INFO - Sync 1 DAGs
[2023-12-22 20:46:51,260] {logging_mixin.py:109} INFO - [2023-12-22 20:46:51,259] {dag.py:2937} INFO - Setting next_dagrun for example_short_circuit_operator to 2023-12-21T20:46:51.259748+00:00
[2023-12-22 20:46:51,285] {processor.py:171} INFO - Processing /home/airflow/.local/lib/python3.6/site-packages/airflow/example_dags/example_short_circuit_operator.py took 0.186 seconds
[2023-12-22 20:47:22,779] {processor.py:163} INFO - Started process (PID=968) to work on /home/airflow/.local/lib/python3.6/site-packages/airflow/example_dags/example_short_circuit_operator.py
[2023-12-22 20:47:22,780] {processor.py:642} INFO - Processing file /home/airflow/.local/lib/python3.6/site-packages/airflow/example_dags/example_short_circuit_operator.py for tasks to queue
[2023-12-22 20:47:22,781] {logging_mixin.py:109} INFO - [2023-12-22 20:47:22,781] {dagbag.py:500} INFO - Filling up the DagBag from /home/airflow/.local/lib/python3.6/site-packages/airflow/example_dags/example_short_circuit_operator.py
[2023-12-22 20:47:22,898] {processor.py:652} INFO - DAG(s) dict_keys(['example_short_circuit_operator']) retrieved from /home/airflow/.local/lib/python3.6/site-packages/airflow/example_dags/example_short_circuit_operator.py
[2023-12-22 20:47:22,983] {logging_mixin.py:109} INFO - [2023-12-22 20:47:22,983] {dag.py:2398} INFO - Sync 1 DAGs
[2023-12-22 20:47:23,065] {logging_mixin.py:109} INFO - [2023-12-22 20:47:23,064] {dag.py:2937} INFO - Setting next_dagrun for example_short_circuit_operator to 2023-12-21T20:47:23.064685+00:00
[2023-12-22 20:47:23,107] {processor.py:171} INFO - Processing /home/airflow/.local/lib/python3.6/site-packages/airflow/example_dags/example_short_circuit_operator.py took 0.331 seconds
[2023-12-22 20:47:53,229] {processor.py:163} INFO - Started process (PID=1041) to work on /home/airflow/.local/lib/python3.6/site-packages/airflow/example_dags/example_short_circuit_operator.py
[2023-12-22 20:47:53,230] {processor.py:642} INFO - Processing file /home/airflow/.local/lib/python3.6/site-packages/airflow/example_dags/example_short_circuit_operator.py for tasks to queue
[2023-12-22 20:47:53,230] {logging_mixin.py:109} INFO - [2023-12-22 20:47:53,230] {dagbag.py:500} INFO - Filling up the DagBag from /home/airflow/.local/lib/python3.6/site-packages/airflow/example_dags/example_short_circuit_operator.py
[2023-12-22 20:47:53,307] {processor.py:652} INFO - DAG(s) dict_keys(['example_short_circuit_operator']) retrieved from /home/airflow/.local/lib/python3.6/site-packages/airflow/example_dags/example_short_circuit_operator.py
[2023-12-22 20:47:53,322] {logging_mixin.py:109} INFO - [2023-12-22 20:47:53,321] {dag.py:2398} INFO - Sync 1 DAGs
[2023-12-22 20:47:53,332] {logging_mixin.py:109} INFO - [2023-12-22 20:47:53,332] {dag.py:2937} INFO - Setting next_dagrun for example_short_circuit_operator to 2023-12-21T20:47:53.332170+00:00
[2023-12-22 20:47:53,359] {processor.py:171} INFO - Processing /home/airflow/.local/lib/python3.6/site-packages/airflow/example_dags/example_short_circuit_operator.py took 0.133 seconds
[2023-12-22 20:48:23,624] {processor.py:163} INFO - Started process (PID=1105) to work on /home/airflow/.local/lib/python3.6/site-packages/airflow/example_dags/example_short_circuit_operator.py
[2023-12-22 20:48:23,625] {processor.py:642} INFO - Processing file /home/airflow/.local/lib/python3.6/site-packages/airflow/example_dags/example_short_circuit_operator.py for tasks to queue
[2023-12-22 20:48:23,626] {logging_mixin.py:109} INFO - [2023-12-22 20:48:23,626] {dagbag.py:500} INFO - Filling up the DagBag from /home/airflow/.local/lib/python3.6/site-packages/airflow/example_dags/example_short_circuit_operator.py
[2023-12-22 20:48:23,705] {processor.py:652} INFO - DAG(s) dict_keys(['example_short_circuit_operator']) retrieved from /home/airflow/.local/lib/python3.6/site-packages/airflow/example_dags/example_short_circuit_operator.py
[2023-12-22 20:48:23,721] {logging_mixin.py:109} INFO - [2023-12-22 20:48:23,721] {dag.py:2398} INFO - Sync 1 DAGs
[2023-12-22 20:48:23,734] {logging_mixin.py:109} INFO - [2023-12-22 20:48:23,734] {dag.py:2937} INFO - Setting next_dagrun for example_short_circuit_operator to 2023-12-21T20:48:23.734441+00:00
[2023-12-22 20:48:23,752] {processor.py:171} INFO - Processing /home/airflow/.local/lib/python3.6/site-packages/airflow/example_dags/example_short_circuit_operator.py took 0.130 seconds
[2023-12-22 20:48:54,566] {processor.py:163} INFO - Started process (PID=1168) to work on /home/airflow/.local/lib/python3.6/site-packages/airflow/example_dags/example_short_circuit_operator.py
[2023-12-22 20:48:54,568] {processor.py:642} INFO - Processing file /home/airflow/.local/lib/python3.6/site-packages/airflow/example_dags/example_short_circuit_operator.py for tasks to queue
[2023-12-22 20:48:54,569] {logging_mixin.py:109} INFO - [2023-12-22 20:48:54,568] {dagbag.py:500} INFO - Filling up the DagBag from /home/airflow/.local/lib/python3.6/site-packages/airflow/example_dags/example_short_circuit_operator.py
[2023-12-22 20:48:54,764] {processor.py:652} INFO - DAG(s) dict_keys(['example_short_circuit_operator']) retrieved from /home/airflow/.local/lib/python3.6/site-packages/airflow/example_dags/example_short_circuit_operator.py
[2023-12-22 20:48:54,790] {logging_mixin.py:109} INFO - [2023-12-22 20:48:54,790] {dag.py:2398} INFO - Sync 1 DAGs
[2023-12-22 20:48:54,803] {logging_mixin.py:109} INFO - [2023-12-22 20:48:54,803] {dag.py:2937} INFO - Setting next_dagrun for example_short_circuit_operator to 2023-12-21T20:48:54.803569+00:00
[2023-12-22 20:48:54,834] {processor.py:171} INFO - Processing /home/airflow/.local/lib/python3.6/site-packages/airflow/example_dags/example_short_circuit_operator.py took 0.271 seconds
[2023-12-22 20:49:24,954] {processor.py:163} INFO - Started process (PID=1238) to work on /home/airflow/.local/lib/python3.6/site-packages/airflow/example_dags/example_short_circuit_operator.py
[2023-12-22 20:49:24,955] {processor.py:642} INFO - Processing file /home/airflow/.local/lib/python3.6/site-packages/airflow/example_dags/example_short_circuit_operator.py for tasks to queue
[2023-12-22 20:49:24,956] {logging_mixin.py:109} INFO - [2023-12-22 20:49:24,956] {dagbag.py:500} INFO - Filling up the DagBag from /home/airflow/.local/lib/python3.6/site-packages/airflow/example_dags/example_short_circuit_operator.py
[2023-12-22 20:49:25,045] {processor.py:652} INFO - DAG(s) dict_keys(['example_short_circuit_operator']) retrieved from /home/airflow/.local/lib/python3.6/site-packages/airflow/example_dags/example_short_circuit_operator.py
[2023-12-22 20:49:25,062] {logging_mixin.py:109} INFO - [2023-12-22 20:49:25,062] {dag.py:2398} INFO - Sync 1 DAGs
[2023-12-22 20:49:25,081] {logging_mixin.py:109} INFO - [2023-12-22 20:49:25,081] {dag.py:2937} INFO - Setting next_dagrun for example_short_circuit_operator to 2023-12-21T20:49:25.081238+00:00
[2023-12-22 20:49:25,091] {processor.py:171} INFO - Processing /home/airflow/.local/lib/python3.6/site-packages/airflow/example_dags/example_short_circuit_operator.py took 0.141 seconds
[2023-12-22 20:49:56,010] {processor.py:163} INFO - Started process (PID=1305) to work on /home/airflow/.local/lib/python3.6/site-packages/airflow/example_dags/example_short_circuit_operator.py
[2023-12-22 20:49:56,012] {processor.py:642} INFO - Processing file /home/airflow/.local/lib/python3.6/site-packages/airflow/example_dags/example_short_circuit_operator.py for tasks to queue
[2023-12-22 20:49:56,013] {logging_mixin.py:109} INFO - [2023-12-22 20:49:56,012] {dagbag.py:500} INFO - Filling up the DagBag from /home/airflow/.local/lib/python3.6/site-packages/airflow/example_dags/example_short_circuit_operator.py
[2023-12-22 20:49:56,029] {processor.py:652} INFO - DAG(s) dict_keys(['example_short_circuit_operator']) retrieved from /home/airflow/.local/lib/python3.6/site-packages/airflow/example_dags/example_short_circuit_operator.py
[2023-12-22 20:49:56,052] {logging_mixin.py:109} INFO - [2023-12-22 20:49:56,051] {dag.py:2398} INFO - Sync 1 DAGs
[2023-12-22 20:49:56,074] {logging_mixin.py:109} INFO - [2023-12-22 20:49:56,074] {dag.py:2937} INFO - Setting next_dagrun for example_short_circuit_operator to 2023-12-21T20:49:56.074081+00:00
[2023-12-22 20:49:56,086] {processor.py:171} INFO - Processing /home/airflow/.local/lib/python3.6/site-packages/airflow/example_dags/example_short_circuit_operator.py took 0.078 seconds
[2023-12-22 20:50:26,248] {processor.py:163} INFO - Started process (PID=1379) to work on /home/airflow/.local/lib/python3.6/site-packages/airflow/example_dags/example_short_circuit_operator.py
[2023-12-22 20:50:26,249] {processor.py:642} INFO - Processing file /home/airflow/.local/lib/python3.6/site-packages/airflow/example_dags/example_short_circuit_operator.py for tasks to queue
[2023-12-22 20:50:26,249] {logging_mixin.py:109} INFO - [2023-12-22 20:50:26,249] {dagbag.py:500} INFO - Filling up the DagBag from /home/airflow/.local/lib/python3.6/site-packages/airflow/example_dags/example_short_circuit_operator.py
[2023-12-22 20:50:26,269] {processor.py:652} INFO - DAG(s) dict_keys(['example_short_circuit_operator']) retrieved from /home/airflow/.local/lib/python3.6/site-packages/airflow/example_dags/example_short_circuit_operator.py
[2023-12-22 20:50:26,290] {logging_mixin.py:109} INFO - [2023-12-22 20:50:26,290] {dag.py:2398} INFO - Sync 1 DAGs
[2023-12-22 20:50:26,307] {logging_mixin.py:109} INFO - [2023-12-22 20:50:26,307] {dag.py:2937} INFO - Setting next_dagrun for example_short_circuit_operator to 2023-12-21T20:50:26.307172+00:00
[2023-12-22 20:50:26,316] {processor.py:171} INFO - Processing /home/airflow/.local/lib/python3.6/site-packages/airflow/example_dags/example_short_circuit_operator.py took 0.070 seconds
[2023-12-22 20:50:56,339] {processor.py:163} INFO - Started process (PID=1443) to work on /home/airflow/.local/lib/python3.6/site-packages/airflow/example_dags/example_short_circuit_operator.py
[2023-12-22 20:50:56,340] {processor.py:642} INFO - Processing file /home/airflow/.local/lib/python3.6/site-packages/airflow/example_dags/example_short_circuit_operator.py for tasks to queue
[2023-12-22 20:50:56,340] {logging_mixin.py:109} INFO - [2023-12-22 20:50:56,340] {dagbag.py:500} INFO - Filling up the DagBag from /home/airflow/.local/lib/python3.6/site-packages/airflow/example_dags/example_short_circuit_operator.py
[2023-12-22 20:50:56,355] {processor.py:652} INFO - DAG(s) dict_keys(['example_short_circuit_operator']) retrieved from /home/airflow/.local/lib/python3.6/site-packages/airflow/example_dags/example_short_circuit_operator.py
[2023-12-22 20:50:56,370] {logging_mixin.py:109} INFO - [2023-12-22 20:50:56,370] {dag.py:2398} INFO - Sync 1 DAGs
[2023-12-22 20:50:56,388] {logging_mixin.py:109} INFO - [2023-12-22 20:50:56,388] {dag.py:2937} INFO - Setting next_dagrun for example_short_circuit_operator to 2023-12-21T20:50:56.387924+00:00
[2023-12-22 20:50:56,396] {processor.py:171} INFO - Processing /home/airflow/.local/lib/python3.6/site-packages/airflow/example_dags/example_short_circuit_operator.py took 0.060 seconds
[2023-12-22 20:51:26,711] {processor.py:163} INFO - Started process (PID=1516) to work on /home/airflow/.local/lib/python3.6/site-packages/airflow/example_dags/example_short_circuit_operator.py
[2023-12-22 20:51:26,712] {processor.py:642} INFO - Processing file /home/airflow/.local/lib/python3.6/site-packages/airflow/example_dags/example_short_circuit_operator.py for tasks to queue
[2023-12-22 20:51:26,713] {logging_mixin.py:109} INFO - [2023-12-22 20:51:26,713] {dagbag.py:500} INFO - Filling up the DagBag from /home/airflow/.local/lib/python3.6/site-packages/airflow/example_dags/example_short_circuit_operator.py
[2023-12-22 20:51:26,728] {processor.py:652} INFO - DAG(s) dict_keys(['example_short_circuit_operator']) retrieved from /home/airflow/.local/lib/python3.6/site-packages/airflow/example_dags/example_short_circuit_operator.py
[2023-12-22 20:51:26,743] {logging_mixin.py:109} INFO - [2023-12-22 20:51:26,743] {dag.py:2398} INFO - Sync 1 DAGs
[2023-12-22 20:51:26,758] {logging_mixin.py:109} INFO - [2023-12-22 20:51:26,758] {dag.py:2937} INFO - Setting next_dagrun for example_short_circuit_operator to 2023-12-21T20:51:26.757854+00:00
[2023-12-22 20:51:26,769] {processor.py:171} INFO - Processing /home/airflow/.local/lib/python3.6/site-packages/airflow/example_dags/example_short_circuit_operator.py took 0.060 seconds
[2023-12-22 20:51:57,074] {processor.py:163} INFO - Started process (PID=1581) to work on /home/airflow/.local/lib/python3.6/site-packages/airflow/example_dags/example_short_circuit_operator.py
[2023-12-22 20:51:57,075] {processor.py:642} INFO - Processing file /home/airflow/.local/lib/python3.6/site-packages/airflow/example_dags/example_short_circuit_operator.py for tasks to queue
[2023-12-22 20:51:57,076] {logging_mixin.py:109} INFO - [2023-12-22 20:51:57,076] {dagbag.py:500} INFO - Filling up the DagBag from /home/airflow/.local/lib/python3.6/site-packages/airflow/example_dags/example_short_circuit_operator.py
[2023-12-22 20:51:57,088] {processor.py:652} INFO - DAG(s) dict_keys(['example_short_circuit_operator']) retrieved from /home/airflow/.local/lib/python3.6/site-packages/airflow/example_dags/example_short_circuit_operator.py
[2023-12-22 20:51:57,102] {logging_mixin.py:109} INFO - [2023-12-22 20:51:57,102] {dag.py:2398} INFO - Sync 1 DAGs
[2023-12-22 20:51:57,118] {logging_mixin.py:109} INFO - [2023-12-22 20:51:57,118] {dag.py:2937} INFO - Setting next_dagrun for example_short_circuit_operator to 2023-12-21T20:51:57.117801+00:00
[2023-12-22 20:51:57,127] {processor.py:171} INFO - Processing /home/airflow/.local/lib/python3.6/site-packages/airflow/example_dags/example_short_circuit_operator.py took 0.055 seconds
[2023-12-22 20:52:27,761] {processor.py:163} INFO - Started process (PID=1655) to work on /home/airflow/.local/lib/python3.6/site-packages/airflow/example_dags/example_short_circuit_operator.py
[2023-12-22 20:52:27,765] {processor.py:642} INFO - Processing file /home/airflow/.local/lib/python3.6/site-packages/airflow/example_dags/example_short_circuit_operator.py for tasks to queue
[2023-12-22 20:52:27,768] {logging_mixin.py:109} INFO - [2023-12-22 20:52:27,767] {dagbag.py:500} INFO - Filling up the DagBag from /home/airflow/.local/lib/python3.6/site-packages/airflow/example_dags/example_short_circuit_operator.py
[2023-12-22 20:52:27,798] {processor.py:652} INFO - DAG(s) dict_keys(['example_short_circuit_operator']) retrieved from /home/airflow/.local/lib/python3.6/site-packages/airflow/example_dags/example_short_circuit_operator.py
[2023-12-22 20:52:27,852] {logging_mixin.py:109} INFO - [2023-12-22 20:52:27,852] {dag.py:2398} INFO - Sync 1 DAGs
[2023-12-22 20:52:27,931] {logging_mixin.py:109} INFO - [2023-12-22 20:52:27,931] {dag.py:2937} INFO - Setting next_dagrun for example_short_circuit_operator to 2023-12-21T20:52:27.930992+00:00
[2023-12-22 20:52:27,950] {processor.py:171} INFO - Processing /home/airflow/.local/lib/python3.6/site-packages/airflow/example_dags/example_short_circuit_operator.py took 0.195 seconds
[2023-12-22 20:52:58,572] {processor.py:163} INFO - Started process (PID=1719) to work on /home/airflow/.local/lib/python3.6/site-packages/airflow/example_dags/example_short_circuit_operator.py
[2023-12-22 20:52:58,576] {processor.py:642} INFO - Processing file /home/airflow/.local/lib/python3.6/site-packages/airflow/example_dags/example_short_circuit_operator.py for tasks to queue
[2023-12-22 20:52:58,577] {logging_mixin.py:109} INFO - [2023-12-22 20:52:58,577] {dagbag.py:500} INFO - Filling up the DagBag from /home/airflow/.local/lib/python3.6/site-packages/airflow/example_dags/example_short_circuit_operator.py
[2023-12-22 20:52:58,597] {processor.py:652} INFO - DAG(s) dict_keys(['example_short_circuit_operator']) retrieved from /home/airflow/.local/lib/python3.6/site-packages/airflow/example_dags/example_short_circuit_operator.py
[2023-12-22 20:52:58,637] {logging_mixin.py:109} INFO - [2023-12-22 20:52:58,637] {dag.py:2398} INFO - Sync 1 DAGs
[2023-12-22 20:52:58,661] {logging_mixin.py:109} INFO - [2023-12-22 20:52:58,661] {dag.py:2937} INFO - Setting next_dagrun for example_short_circuit_operator to 2023-12-21T20:52:58.660709+00:00
[2023-12-22 20:52:58,673] {processor.py:171} INFO - Processing /home/airflow/.local/lib/python3.6/site-packages/airflow/example_dags/example_short_circuit_operator.py took 0.104 seconds
[2023-12-22 20:53:29,468] {processor.py:163} INFO - Started process (PID=1793) to work on /home/airflow/.local/lib/python3.6/site-packages/airflow/example_dags/example_short_circuit_operator.py
[2023-12-22 20:53:29,476] {processor.py:642} INFO - Processing file /home/airflow/.local/lib/python3.6/site-packages/airflow/example_dags/example_short_circuit_operator.py for tasks to queue
[2023-12-22 20:53:29,477] {logging_mixin.py:109} INFO - [2023-12-22 20:53:29,477] {dagbag.py:500} INFO - Filling up the DagBag from /home/airflow/.local/lib/python3.6/site-packages/airflow/example_dags/example_short_circuit_operator.py
[2023-12-22 20:53:29,510] {processor.py:652} INFO - DAG(s) dict_keys(['example_short_circuit_operator']) retrieved from /home/airflow/.local/lib/python3.6/site-packages/airflow/example_dags/example_short_circuit_operator.py
[2023-12-22 20:53:29,529] {logging_mixin.py:109} INFO - [2023-12-22 20:53:29,529] {dag.py:2398} INFO - Sync 1 DAGs
[2023-12-22 20:53:29,548] {logging_mixin.py:109} INFO - [2023-12-22 20:53:29,548] {dag.py:2937} INFO - Setting next_dagrun for example_short_circuit_operator to 2023-12-21T20:53:29.548309+00:00
[2023-12-22 20:53:29,561] {processor.py:171} INFO - Processing /home/airflow/.local/lib/python3.6/site-packages/airflow/example_dags/example_short_circuit_operator.py took 0.096 seconds
[2023-12-22 20:53:59,765] {processor.py:163} INFO - Started process (PID=1857) to work on /home/airflow/.local/lib/python3.6/site-packages/airflow/example_dags/example_short_circuit_operator.py
[2023-12-22 20:53:59,766] {processor.py:642} INFO - Processing file /home/airflow/.local/lib/python3.6/site-packages/airflow/example_dags/example_short_circuit_operator.py for tasks to queue
[2023-12-22 20:53:59,767] {logging_mixin.py:109} INFO - [2023-12-22 20:53:59,767] {dagbag.py:500} INFO - Filling up the DagBag from /home/airflow/.local/lib/python3.6/site-packages/airflow/example_dags/example_short_circuit_operator.py
[2023-12-22 20:53:59,783] {processor.py:652} INFO - DAG(s) dict_keys(['example_short_circuit_operator']) retrieved from /home/airflow/.local/lib/python3.6/site-packages/airflow/example_dags/example_short_circuit_operator.py
[2023-12-22 20:53:59,801] {logging_mixin.py:109} INFO - [2023-12-22 20:53:59,801] {dag.py:2398} INFO - Sync 1 DAGs
[2023-12-22 20:53:59,818] {logging_mixin.py:109} INFO - [2023-12-22 20:53:59,818] {dag.py:2937} INFO - Setting next_dagrun for example_short_circuit_operator to 2023-12-21T20:53:59.818437+00:00
[2023-12-22 20:53:59,830] {processor.py:171} INFO - Processing /home/airflow/.local/lib/python3.6/site-packages/airflow/example_dags/example_short_circuit_operator.py took 0.068 seconds
[2023-12-22 20:54:30,602] {processor.py:163} INFO - Started process (PID=1930) to work on /home/airflow/.local/lib/python3.6/site-packages/airflow/example_dags/example_short_circuit_operator.py
[2023-12-22 20:54:30,605] {processor.py:642} INFO - Processing file /home/airflow/.local/lib/python3.6/site-packages/airflow/example_dags/example_short_circuit_operator.py for tasks to queue
[2023-12-22 20:54:30,606] {logging_mixin.py:109} INFO - [2023-12-22 20:54:30,606] {dagbag.py:500} INFO - Filling up the DagBag from /home/airflow/.local/lib/python3.6/site-packages/airflow/example_dags/example_short_circuit_operator.py
[2023-12-22 20:54:30,627] {processor.py:652} INFO - DAG(s) dict_keys(['example_short_circuit_operator']) retrieved from /home/airflow/.local/lib/python3.6/site-packages/airflow/example_dags/example_short_circuit_operator.py
[2023-12-22 20:54:30,651] {logging_mixin.py:109} INFO - [2023-12-22 20:54:30,651] {dag.py:2398} INFO - Sync 1 DAGs
[2023-12-22 20:54:30,671] {logging_mixin.py:109} INFO - [2023-12-22 20:54:30,671] {dag.py:2937} INFO - Setting next_dagrun for example_short_circuit_operator to 2023-12-21T20:54:30.671020+00:00
[2023-12-22 20:54:30,681] {processor.py:171} INFO - Processing /home/airflow/.local/lib/python3.6/site-packages/airflow/example_dags/example_short_circuit_operator.py took 0.082 seconds
[2023-12-22 20:55:01,148] {processor.py:163} INFO - Started process (PID=1994) to work on /home/airflow/.local/lib/python3.6/site-packages/airflow/example_dags/example_short_circuit_operator.py
[2023-12-22 20:55:01,149] {processor.py:642} INFO - Processing file /home/airflow/.local/lib/python3.6/site-packages/airflow/example_dags/example_short_circuit_operator.py for tasks to queue
[2023-12-22 20:55:01,149] {logging_mixin.py:109} INFO - [2023-12-22 20:55:01,149] {dagbag.py:500} INFO - Filling up the DagBag from /home/airflow/.local/lib/python3.6/site-packages/airflow/example_dags/example_short_circuit_operator.py
[2023-12-22 20:55:01,172] {processor.py:652} INFO - DAG(s) dict_keys(['example_short_circuit_operator']) retrieved from /home/airflow/.local/lib/python3.6/site-packages/airflow/example_dags/example_short_circuit_operator.py
[2023-12-22 20:55:01,193] {logging_mixin.py:109} INFO - [2023-12-22 20:55:01,193] {dag.py:2398} INFO - Sync 1 DAGs
[2023-12-22 20:55:01,209] {logging_mixin.py:109} INFO - [2023-12-22 20:55:01,209] {dag.py:2937} INFO - Setting next_dagrun for example_short_circuit_operator to 2023-12-21T20:55:01.209132+00:00
[2023-12-22 20:55:01,220] {processor.py:171} INFO - Processing /home/airflow/.local/lib/python3.6/site-packages/airflow/example_dags/example_short_circuit_operator.py took 0.075 seconds
[2023-12-22 20:55:31,623] {processor.py:163} INFO - Started process (PID=2068) to work on /home/airflow/.local/lib/python3.6/site-packages/airflow/example_dags/example_short_circuit_operator.py
[2023-12-22 20:55:31,624] {processor.py:642} INFO - Processing file /home/airflow/.local/lib/python3.6/site-packages/airflow/example_dags/example_short_circuit_operator.py for tasks to queue
[2023-12-22 20:55:31,626] {logging_mixin.py:109} INFO - [2023-12-22 20:55:31,625] {dagbag.py:500} INFO - Filling up the DagBag from /home/airflow/.local/lib/python3.6/site-packages/airflow/example_dags/example_short_circuit_operator.py
[2023-12-22 20:55:31,639] {processor.py:652} INFO - DAG(s) dict_keys(['example_short_circuit_operator']) retrieved from /home/airflow/.local/lib/python3.6/site-packages/airflow/example_dags/example_short_circuit_operator.py
[2023-12-22 20:55:31,657] {logging_mixin.py:109} INFO - [2023-12-22 20:55:31,657] {dag.py:2398} INFO - Sync 1 DAGs
[2023-12-22 20:55:31,674] {logging_mixin.py:109} INFO - [2023-12-22 20:55:31,674] {dag.py:2937} INFO - Setting next_dagrun for example_short_circuit_operator to 2023-12-21T20:55:31.674279+00:00
[2023-12-22 20:55:31,685] {processor.py:171} INFO - Processing /home/airflow/.local/lib/python3.6/site-packages/airflow/example_dags/example_short_circuit_operator.py took 0.065 seconds
[2023-12-22 20:56:01,937] {processor.py:163} INFO - Started process (PID=2130) to work on /home/airflow/.local/lib/python3.6/site-packages/airflow/example_dags/example_short_circuit_operator.py
[2023-12-22 20:56:01,938] {processor.py:642} INFO - Processing file /home/airflow/.local/lib/python3.6/site-packages/airflow/example_dags/example_short_circuit_operator.py for tasks to queue
[2023-12-22 20:56:01,939] {logging_mixin.py:109} INFO - [2023-12-22 20:56:01,939] {dagbag.py:500} INFO - Filling up the DagBag from /home/airflow/.local/lib/python3.6/site-packages/airflow/example_dags/example_short_circuit_operator.py
[2023-12-22 20:56:01,954] {processor.py:652} INFO - DAG(s) dict_keys(['example_short_circuit_operator']) retrieved from /home/airflow/.local/lib/python3.6/site-packages/airflow/example_dags/example_short_circuit_operator.py
[2023-12-22 20:56:01,974] {logging_mixin.py:109} INFO - [2023-12-22 20:56:01,974] {dag.py:2398} INFO - Sync 1 DAGs
[2023-12-22 20:56:01,992] {logging_mixin.py:109} INFO - [2023-12-22 20:56:01,992] {dag.py:2937} INFO - Setting next_dagrun for example_short_circuit_operator to 2023-12-21T20:56:01.991871+00:00
[2023-12-22 20:56:02,002] {processor.py:171} INFO - Processing /home/airflow/.local/lib/python3.6/site-packages/airflow/example_dags/example_short_circuit_operator.py took 0.068 seconds
[2023-12-22 20:56:32,343] {processor.py:163} INFO - Started process (PID=2203) to work on /home/airflow/.local/lib/python3.6/site-packages/airflow/example_dags/example_short_circuit_operator.py
[2023-12-22 20:56:32,344] {processor.py:642} INFO - Processing file /home/airflow/.local/lib/python3.6/site-packages/airflow/example_dags/example_short_circuit_operator.py for tasks to queue
[2023-12-22 20:56:32,345] {logging_mixin.py:109} INFO - [2023-12-22 20:56:32,345] {dagbag.py:500} INFO - Filling up the DagBag from /home/airflow/.local/lib/python3.6/site-packages/airflow/example_dags/example_short_circuit_operator.py
[2023-12-22 20:56:32,359] {processor.py:652} INFO - DAG(s) dict_keys(['example_short_circuit_operator']) retrieved from /home/airflow/.local/lib/python3.6/site-packages/airflow/example_dags/example_short_circuit_operator.py
[2023-12-22 20:56:32,375] {logging_mixin.py:109} INFO - [2023-12-22 20:56:32,375] {dag.py:2398} INFO - Sync 1 DAGs
[2023-12-22 20:56:32,392] {logging_mixin.py:109} INFO - [2023-12-22 20:56:32,392] {dag.py:2937} INFO - Setting next_dagrun for example_short_circuit_operator to 2023-12-21T20:56:32.391826+00:00
[2023-12-22 20:56:32,400] {processor.py:171} INFO - Processing /home/airflow/.local/lib/python3.6/site-packages/airflow/example_dags/example_short_circuit_operator.py took 0.059 seconds
[2023-12-22 20:57:02,523] {processor.py:163} INFO - Started process (PID=2267) to work on /home/airflow/.local/lib/python3.6/site-packages/airflow/example_dags/example_short_circuit_operator.py
[2023-12-22 20:57:02,524] {processor.py:642} INFO - Processing file /home/airflow/.local/lib/python3.6/site-packages/airflow/example_dags/example_short_circuit_operator.py for tasks to queue
[2023-12-22 20:57:02,525] {logging_mixin.py:109} INFO - [2023-12-22 20:57:02,525] {dagbag.py:500} INFO - Filling up the DagBag from /home/airflow/.local/lib/python3.6/site-packages/airflow/example_dags/example_short_circuit_operator.py
[2023-12-22 20:57:02,542] {processor.py:652} INFO - DAG(s) dict_keys(['example_short_circuit_operator']) retrieved from /home/airflow/.local/lib/python3.6/site-packages/airflow/example_dags/example_short_circuit_operator.py
[2023-12-22 20:57:02,568] {logging_mixin.py:109} INFO - [2023-12-22 20:57:02,568] {dag.py:2398} INFO - Sync 1 DAGs
[2023-12-22 20:57:02,590] {logging_mixin.py:109} INFO - [2023-12-22 20:57:02,590] {dag.py:2937} INFO - Setting next_dagrun for example_short_circuit_operator to 2023-12-21T20:57:02.590170+00:00
[2023-12-22 20:57:02,604] {processor.py:171} INFO - Processing /home/airflow/.local/lib/python3.6/site-packages/airflow/example_dags/example_short_circuit_operator.py took 0.086 seconds
[2023-12-22 20:57:32,834] {processor.py:163} INFO - Started process (PID=2341) to work on /home/airflow/.local/lib/python3.6/site-packages/airflow/example_dags/example_short_circuit_operator.py
[2023-12-22 20:57:32,835] {processor.py:642} INFO - Processing file /home/airflow/.local/lib/python3.6/site-packages/airflow/example_dags/example_short_circuit_operator.py for tasks to queue
[2023-12-22 20:57:32,836] {logging_mixin.py:109} INFO - [2023-12-22 20:57:32,836] {dagbag.py:500} INFO - Filling up the DagBag from /home/airflow/.local/lib/python3.6/site-packages/airflow/example_dags/example_short_circuit_operator.py
[2023-12-22 20:57:32,852] {processor.py:652} INFO - DAG(s) dict_keys(['example_short_circuit_operator']) retrieved from /home/airflow/.local/lib/python3.6/site-packages/airflow/example_dags/example_short_circuit_operator.py
[2023-12-22 20:57:32,870] {logging_mixin.py:109} INFO - [2023-12-22 20:57:32,870] {dag.py:2398} INFO - Sync 1 DAGs
[2023-12-22 20:57:32,888] {logging_mixin.py:109} INFO - [2023-12-22 20:57:32,888] {dag.py:2937} INFO - Setting next_dagrun for example_short_circuit_operator to 2023-12-21T20:57:32.887965+00:00
[2023-12-22 20:57:32,897] {processor.py:171} INFO - Processing /home/airflow/.local/lib/python3.6/site-packages/airflow/example_dags/example_short_circuit_operator.py took 0.066 seconds
[2023-12-22 20:58:03,741] {processor.py:163} INFO - Started process (PID=2405) to work on /home/airflow/.local/lib/python3.6/site-packages/airflow/example_dags/example_short_circuit_operator.py
[2023-12-22 20:58:03,743] {processor.py:642} INFO - Processing file /home/airflow/.local/lib/python3.6/site-packages/airflow/example_dags/example_short_circuit_operator.py for tasks to queue
[2023-12-22 20:58:03,745] {logging_mixin.py:109} INFO - [2023-12-22 20:58:03,745] {dagbag.py:500} INFO - Filling up the DagBag from /home/airflow/.local/lib/python3.6/site-packages/airflow/example_dags/example_short_circuit_operator.py
[2023-12-22 20:58:03,772] {processor.py:652} INFO - DAG(s) dict_keys(['example_short_circuit_operator']) retrieved from /home/airflow/.local/lib/python3.6/site-packages/airflow/example_dags/example_short_circuit_operator.py
[2023-12-22 20:58:03,807] {logging_mixin.py:109} INFO - [2023-12-22 20:58:03,807] {dag.py:2398} INFO - Sync 1 DAGs
[2023-12-22 20:58:03,832] {logging_mixin.py:109} INFO - [2023-12-22 20:58:03,832] {dag.py:2937} INFO - Setting next_dagrun for example_short_circuit_operator to 2023-12-21T20:58:03.831536+00:00
[2023-12-22 20:58:03,846] {processor.py:171} INFO - Processing /home/airflow/.local/lib/python3.6/site-packages/airflow/example_dags/example_short_circuit_operator.py took 0.111 seconds
[2023-12-22 20:58:34,224] {processor.py:163} INFO - Started process (PID=2478) to work on /home/airflow/.local/lib/python3.6/site-packages/airflow/example_dags/example_short_circuit_operator.py
[2023-12-22 20:58:34,226] {processor.py:642} INFO - Processing file /home/airflow/.local/lib/python3.6/site-packages/airflow/example_dags/example_short_circuit_operator.py for tasks to queue
[2023-12-22 20:58:34,227] {logging_mixin.py:109} INFO - [2023-12-22 20:58:34,227] {dagbag.py:500} INFO - Filling up the DagBag from /home/airflow/.local/lib/python3.6/site-packages/airflow/example_dags/example_short_circuit_operator.py
[2023-12-22 20:58:34,252] {processor.py:652} INFO - DAG(s) dict_keys(['example_short_circuit_operator']) retrieved from /home/airflow/.local/lib/python3.6/site-packages/airflow/example_dags/example_short_circuit_operator.py
[2023-12-22 20:58:34,291] {logging_mixin.py:109} INFO - [2023-12-22 20:58:34,290] {dag.py:2398} INFO - Sync 1 DAGs
[2023-12-22 20:58:34,328] {logging_mixin.py:109} INFO - [2023-12-22 20:58:34,328] {dag.py:2937} INFO - Setting next_dagrun for example_short_circuit_operator to 2023-12-21T20:58:34.328393+00:00
[2023-12-22 20:58:34,344] {processor.py:171} INFO - Processing /home/airflow/.local/lib/python3.6/site-packages/airflow/example_dags/example_short_circuit_operator.py took 0.124 seconds
[2023-12-22 20:59:04,973] {processor.py:163} INFO - Started process (PID=2542) to work on /home/airflow/.local/lib/python3.6/site-packages/airflow/example_dags/example_short_circuit_operator.py
[2023-12-22 20:59:04,977] {processor.py:642} INFO - Processing file /home/airflow/.local/lib/python3.6/site-packages/airflow/example_dags/example_short_circuit_operator.py for tasks to queue
[2023-12-22 20:59:04,981] {logging_mixin.py:109} INFO - [2023-12-22 20:59:04,981] {dagbag.py:500} INFO - Filling up the DagBag from /home/airflow/.local/lib/python3.6/site-packages/airflow/example_dags/example_short_circuit_operator.py
[2023-12-22 20:59:05,047] {processor.py:652} INFO - DAG(s) dict_keys(['example_short_circuit_operator']) retrieved from /home/airflow/.local/lib/python3.6/site-packages/airflow/example_dags/example_short_circuit_operator.py
[2023-12-22 20:59:05,103] {logging_mixin.py:109} INFO - [2023-12-22 20:59:05,102] {dag.py:2398} INFO - Sync 1 DAGs
[2023-12-22 20:59:05,152] {logging_mixin.py:109} INFO - [2023-12-22 20:59:05,152] {dag.py:2937} INFO - Setting next_dagrun for example_short_circuit_operator to 2023-12-21T20:59:05.149825+00:00
[2023-12-22 20:59:05,183] {processor.py:171} INFO - Processing /home/airflow/.local/lib/python3.6/site-packages/airflow/example_dags/example_short_circuit_operator.py took 0.220 seconds
[2023-12-22 20:59:35,244] {processor.py:163} INFO - Started process (PID=2606) to work on /home/airflow/.local/lib/python3.6/site-packages/airflow/example_dags/example_short_circuit_operator.py
[2023-12-22 20:59:35,246] {processor.py:642} INFO - Processing file /home/airflow/.local/lib/python3.6/site-packages/airflow/example_dags/example_short_circuit_operator.py for tasks to queue
[2023-12-22 20:59:35,247] {logging_mixin.py:109} INFO - [2023-12-22 20:59:35,247] {dagbag.py:500} INFO - Filling up the DagBag from /home/airflow/.local/lib/python3.6/site-packages/airflow/example_dags/example_short_circuit_operator.py
[2023-12-22 20:59:35,274] {processor.py:652} INFO - DAG(s) dict_keys(['example_short_circuit_operator']) retrieved from /home/airflow/.local/lib/python3.6/site-packages/airflow/example_dags/example_short_circuit_operator.py
[2023-12-22 20:59:35,311] {logging_mixin.py:109} INFO - [2023-12-22 20:59:35,310] {dag.py:2398} INFO - Sync 1 DAGs
[2023-12-22 20:59:35,360] {logging_mixin.py:109} INFO - [2023-12-22 20:59:35,360] {dag.py:2937} INFO - Setting next_dagrun for example_short_circuit_operator to 2023-12-21T20:59:35.359534+00:00
[2023-12-22 20:59:35,379] {processor.py:171} INFO - Processing /home/airflow/.local/lib/python3.6/site-packages/airflow/example_dags/example_short_circuit_operator.py took 0.140 seconds
[2023-12-22 21:00:06,498] {processor.py:163} INFO - Started process (PID=2670) to work on /home/airflow/.local/lib/python3.6/site-packages/airflow/example_dags/example_short_circuit_operator.py
[2023-12-22 21:00:06,502] {processor.py:642} INFO - Processing file /home/airflow/.local/lib/python3.6/site-packages/airflow/example_dags/example_short_circuit_operator.py for tasks to queue
[2023-12-22 21:00:06,506] {logging_mixin.py:109} INFO - [2023-12-22 21:00:06,505] {dagbag.py:500} INFO - Filling up the DagBag from /home/airflow/.local/lib/python3.6/site-packages/airflow/example_dags/example_short_circuit_operator.py
[2023-12-22 21:00:06,585] {processor.py:652} INFO - DAG(s) dict_keys(['example_short_circuit_operator']) retrieved from /home/airflow/.local/lib/python3.6/site-packages/airflow/example_dags/example_short_circuit_operator.py
[2023-12-22 21:00:06,647] {logging_mixin.py:109} INFO - [2023-12-22 21:00:06,646] {dag.py:2398} INFO - Sync 1 DAGs
[2023-12-22 21:00:06,717] {logging_mixin.py:109} INFO - [2023-12-22 21:00:06,717] {dag.py:2937} INFO - Setting next_dagrun for example_short_circuit_operator to 2023-12-21T21:00:06.716648+00:00
[2023-12-22 21:00:06,750] {processor.py:171} INFO - Processing /home/airflow/.local/lib/python3.6/site-packages/airflow/example_dags/example_short_circuit_operator.py took 0.255 seconds
[2023-12-22 21:00:37,806] {processor.py:163} INFO - Started process (PID=2734) to work on /home/airflow/.local/lib/python3.6/site-packages/airflow/example_dags/example_short_circuit_operator.py
[2023-12-22 21:00:37,810] {processor.py:642} INFO - Processing file /home/airflow/.local/lib/python3.6/site-packages/airflow/example_dags/example_short_circuit_operator.py for tasks to queue
[2023-12-22 21:00:37,812] {logging_mixin.py:109} INFO - [2023-12-22 21:00:37,811] {dagbag.py:500} INFO - Filling up the DagBag from /home/airflow/.local/lib/python3.6/site-packages/airflow/example_dags/example_short_circuit_operator.py
[2023-12-22 21:00:37,856] {processor.py:652} INFO - DAG(s) dict_keys(['example_short_circuit_operator']) retrieved from /home/airflow/.local/lib/python3.6/site-packages/airflow/example_dags/example_short_circuit_operator.py
[2023-12-22 21:00:37,913] {logging_mixin.py:109} INFO - [2023-12-22 21:00:37,913] {dag.py:2398} INFO - Sync 1 DAGs
[2023-12-22 21:00:37,970] {logging_mixin.py:109} INFO - [2023-12-22 21:00:37,969] {dag.py:2937} INFO - Setting next_dagrun for example_short_circuit_operator to 2023-12-21T21:00:37.967446+00:00
[2023-12-22 21:00:37,994] {processor.py:171} INFO - Processing /home/airflow/.local/lib/python3.6/site-packages/airflow/example_dags/example_short_circuit_operator.py took 0.193 seconds
[2023-12-22 21:01:08,772] {processor.py:163} INFO - Started process (PID=2797) to work on /home/airflow/.local/lib/python3.6/site-packages/airflow/example_dags/example_short_circuit_operator.py
[2023-12-22 21:01:08,774] {processor.py:642} INFO - Processing file /home/airflow/.local/lib/python3.6/site-packages/airflow/example_dags/example_short_circuit_operator.py for tasks to queue
[2023-12-22 21:01:08,775] {logging_mixin.py:109} INFO - [2023-12-22 21:01:08,774] {dagbag.py:500} INFO - Filling up the DagBag from /home/airflow/.local/lib/python3.6/site-packages/airflow/example_dags/example_short_circuit_operator.py
[2023-12-22 21:01:08,790] {processor.py:652} INFO - DAG(s) dict_keys(['example_short_circuit_operator']) retrieved from /home/airflow/.local/lib/python3.6/site-packages/airflow/example_dags/example_short_circuit_operator.py
[2023-12-22 21:01:08,810] {logging_mixin.py:109} INFO - [2023-12-22 21:01:08,809] {dag.py:2398} INFO - Sync 1 DAGs
[2023-12-22 21:01:08,826] {logging_mixin.py:109} INFO - [2023-12-22 21:01:08,826] {dag.py:2937} INFO - Setting next_dagrun for example_short_circuit_operator to 2023-12-21T21:01:08.825994+00:00
[2023-12-22 21:01:08,836] {processor.py:171} INFO - Processing /home/airflow/.local/lib/python3.6/site-packages/airflow/example_dags/example_short_circuit_operator.py took 0.067 seconds
[2023-12-22 21:01:40,090] {processor.py:163} INFO - Started process (PID=2872) to work on /home/airflow/.local/lib/python3.6/site-packages/airflow/example_dags/example_short_circuit_operator.py
[2023-12-22 21:01:40,092] {processor.py:642} INFO - Processing file /home/airflow/.local/lib/python3.6/site-packages/airflow/example_dags/example_short_circuit_operator.py for tasks to queue
[2023-12-22 21:01:40,093] {logging_mixin.py:109} INFO - [2023-12-22 21:01:40,093] {dagbag.py:500} INFO - Filling up the DagBag from /home/airflow/.local/lib/python3.6/site-packages/airflow/example_dags/example_short_circuit_operator.py
[2023-12-22 21:01:40,112] {processor.py:652} INFO - DAG(s) dict_keys(['example_short_circuit_operator']) retrieved from /home/airflow/.local/lib/python3.6/site-packages/airflow/example_dags/example_short_circuit_operator.py
[2023-12-22 21:01:40,135] {logging_mixin.py:109} INFO - [2023-12-22 21:01:40,135] {dag.py:2398} INFO - Sync 1 DAGs
[2023-12-22 21:01:40,160] {logging_mixin.py:109} INFO - [2023-12-22 21:01:40,160] {dag.py:2937} INFO - Setting next_dagrun for example_short_circuit_operator to 2023-12-21T21:01:40.159907+00:00
[2023-12-22 21:01:40,173] {processor.py:171} INFO - Processing /home/airflow/.local/lib/python3.6/site-packages/airflow/example_dags/example_short_circuit_operator.py took 0.089 seconds
[2023-12-22 21:02:10,558] {processor.py:163} INFO - Started process (PID=2936) to work on /home/airflow/.local/lib/python3.6/site-packages/airflow/example_dags/example_short_circuit_operator.py
[2023-12-22 21:02:10,559] {processor.py:642} INFO - Processing file /home/airflow/.local/lib/python3.6/site-packages/airflow/example_dags/example_short_circuit_operator.py for tasks to queue
[2023-12-22 21:02:10,562] {logging_mixin.py:109} INFO - [2023-12-22 21:02:10,562] {dagbag.py:500} INFO - Filling up the DagBag from /home/airflow/.local/lib/python3.6/site-packages/airflow/example_dags/example_short_circuit_operator.py
[2023-12-22 21:02:10,578] {processor.py:652} INFO - DAG(s) dict_keys(['example_short_circuit_operator']) retrieved from /home/airflow/.local/lib/python3.6/site-packages/airflow/example_dags/example_short_circuit_operator.py
[2023-12-22 21:02:10,600] {logging_mixin.py:109} INFO - [2023-12-22 21:02:10,600] {dag.py:2398} INFO - Sync 1 DAGs
[2023-12-22 21:02:10,617] {logging_mixin.py:109} INFO - [2023-12-22 21:02:10,617] {dag.py:2937} INFO - Setting next_dagrun for example_short_circuit_operator to 2023-12-21T21:02:10.617374+00:00
[2023-12-22 21:02:10,641] {processor.py:171} INFO - Processing /home/airflow/.local/lib/python3.6/site-packages/airflow/example_dags/example_short_circuit_operator.py took 0.086 seconds
[2023-12-22 21:02:41,687] {processor.py:163} INFO - Started process (PID=3011) to work on /home/airflow/.local/lib/python3.6/site-packages/airflow/example_dags/example_short_circuit_operator.py
[2023-12-22 21:02:41,688] {processor.py:642} INFO - Processing file /home/airflow/.local/lib/python3.6/site-packages/airflow/example_dags/example_short_circuit_operator.py for tasks to queue
[2023-12-22 21:02:41,689] {logging_mixin.py:109} INFO - [2023-12-22 21:02:41,688] {dagbag.py:500} INFO - Filling up the DagBag from /home/airflow/.local/lib/python3.6/site-packages/airflow/example_dags/example_short_circuit_operator.py
[2023-12-22 21:02:41,705] {processor.py:652} INFO - DAG(s) dict_keys(['example_short_circuit_operator']) retrieved from /home/airflow/.local/lib/python3.6/site-packages/airflow/example_dags/example_short_circuit_operator.py
[2023-12-22 21:02:41,723] {logging_mixin.py:109} INFO - [2023-12-22 21:02:41,723] {dag.py:2398} INFO - Sync 1 DAGs
[2023-12-22 21:02:41,740] {logging_mixin.py:109} INFO - [2023-12-22 21:02:41,740] {dag.py:2937} INFO - Setting next_dagrun for example_short_circuit_operator to 2023-12-21T21:02:41.740175+00:00
[2023-12-22 21:02:41,750] {processor.py:171} INFO - Processing /home/airflow/.local/lib/python3.6/site-packages/airflow/example_dags/example_short_circuit_operator.py took 0.065 seconds
[2023-12-22 21:03:12,277] {processor.py:163} INFO - Started process (PID=3075) to work on /home/airflow/.local/lib/python3.6/site-packages/airflow/example_dags/example_short_circuit_operator.py
[2023-12-22 21:03:12,278] {processor.py:642} INFO - Processing file /home/airflow/.local/lib/python3.6/site-packages/airflow/example_dags/example_short_circuit_operator.py for tasks to queue
[2023-12-22 21:03:12,278] {logging_mixin.py:109} INFO - [2023-12-22 21:03:12,278] {dagbag.py:500} INFO - Filling up the DagBag from /home/airflow/.local/lib/python3.6/site-packages/airflow/example_dags/example_short_circuit_operator.py
[2023-12-22 21:03:12,294] {processor.py:652} INFO - DAG(s) dict_keys(['example_short_circuit_operator']) retrieved from /home/airflow/.local/lib/python3.6/site-packages/airflow/example_dags/example_short_circuit_operator.py
[2023-12-22 21:03:12,312] {logging_mixin.py:109} INFO - [2023-12-22 21:03:12,312] {dag.py:2398} INFO - Sync 1 DAGs
[2023-12-22 21:03:12,330] {logging_mixin.py:109} INFO - [2023-12-22 21:03:12,330] {dag.py:2937} INFO - Setting next_dagrun for example_short_circuit_operator to 2023-12-21T21:03:12.329840+00:00
[2023-12-22 21:03:12,341] {processor.py:171} INFO - Processing /home/airflow/.local/lib/python3.6/site-packages/airflow/example_dags/example_short_circuit_operator.py took 0.068 seconds
[2023-12-22 21:03:43,473] {processor.py:163} INFO - Started process (PID=3148) to work on /home/airflow/.local/lib/python3.6/site-packages/airflow/example_dags/example_short_circuit_operator.py
[2023-12-22 21:03:43,474] {processor.py:642} INFO - Processing file /home/airflow/.local/lib/python3.6/site-packages/airflow/example_dags/example_short_circuit_operator.py for tasks to queue
[2023-12-22 21:03:43,475] {logging_mixin.py:109} INFO - [2023-12-22 21:03:43,475] {dagbag.py:500} INFO - Filling up the DagBag from /home/airflow/.local/lib/python3.6/site-packages/airflow/example_dags/example_short_circuit_operator.py
[2023-12-22 21:03:43,489] {processor.py:652} INFO - DAG(s) dict_keys(['example_short_circuit_operator']) retrieved from /home/airflow/.local/lib/python3.6/site-packages/airflow/example_dags/example_short_circuit_operator.py
[2023-12-22 21:03:43,507] {logging_mixin.py:109} INFO - [2023-12-22 21:03:43,507] {dag.py:2398} INFO - Sync 1 DAGs
[2023-12-22 21:03:43,524] {logging_mixin.py:109} INFO - [2023-12-22 21:03:43,524] {dag.py:2937} INFO - Setting next_dagrun for example_short_circuit_operator to 2023-12-21T21:03:43.524251+00:00
[2023-12-22 21:03:43,532] {processor.py:171} INFO - Processing /home/airflow/.local/lib/python3.6/site-packages/airflow/example_dags/example_short_circuit_operator.py took 0.063 seconds
[2023-12-22 21:04:14,625] {processor.py:163} INFO - Started process (PID=3222) to work on /home/airflow/.local/lib/python3.6/site-packages/airflow/example_dags/example_short_circuit_operator.py
[2023-12-22 21:04:14,626] {processor.py:642} INFO - Processing file /home/airflow/.local/lib/python3.6/site-packages/airflow/example_dags/example_short_circuit_operator.py for tasks to queue
[2023-12-22 21:04:14,627] {logging_mixin.py:109} INFO - [2023-12-22 21:04:14,627] {dagbag.py:500} INFO - Filling up the DagBag from /home/airflow/.local/lib/python3.6/site-packages/airflow/example_dags/example_short_circuit_operator.py
[2023-12-22 21:04:14,644] {processor.py:652} INFO - DAG(s) dict_keys(['example_short_circuit_operator']) retrieved from /home/airflow/.local/lib/python3.6/site-packages/airflow/example_dags/example_short_circuit_operator.py
[2023-12-22 21:04:14,667] {logging_mixin.py:109} INFO - [2023-12-22 21:04:14,667] {dag.py:2398} INFO - Sync 1 DAGs
[2023-12-22 21:04:14,684] {logging_mixin.py:109} INFO - [2023-12-22 21:04:14,684] {dag.py:2937} INFO - Setting next_dagrun for example_short_circuit_operator to 2023-12-21T21:04:14.683848+00:00
[2023-12-22 21:04:14,704] {processor.py:171} INFO - Processing /home/airflow/.local/lib/python3.6/site-packages/airflow/example_dags/example_short_circuit_operator.py took 0.084 seconds
[2023-12-22 21:04:44,983] {processor.py:163} INFO - Started process (PID=3286) to work on /home/airflow/.local/lib/python3.6/site-packages/airflow/example_dags/example_short_circuit_operator.py
[2023-12-22 21:04:44,984] {processor.py:642} INFO - Processing file /home/airflow/.local/lib/python3.6/site-packages/airflow/example_dags/example_short_circuit_operator.py for tasks to queue
[2023-12-22 21:04:44,985] {logging_mixin.py:109} INFO - [2023-12-22 21:04:44,985] {dagbag.py:500} INFO - Filling up the DagBag from /home/airflow/.local/lib/python3.6/site-packages/airflow/example_dags/example_short_circuit_operator.py
[2023-12-22 21:04:45,000] {processor.py:652} INFO - DAG(s) dict_keys(['example_short_circuit_operator']) retrieved from /home/airflow/.local/lib/python3.6/site-packages/airflow/example_dags/example_short_circuit_operator.py
[2023-12-22 21:04:45,017] {logging_mixin.py:109} INFO - [2023-12-22 21:04:45,017] {dag.py:2398} INFO - Sync 1 DAGs
[2023-12-22 21:04:45,037] {logging_mixin.py:109} INFO - [2023-12-22 21:04:45,037] {dag.py:2937} INFO - Setting next_dagrun for example_short_circuit_operator to 2023-12-21T21:04:45.037219+00:00
[2023-12-22 21:04:45,047] {processor.py:171} INFO - Processing /home/airflow/.local/lib/python3.6/site-packages/airflow/example_dags/example_short_circuit_operator.py took 0.066 seconds
[2023-12-22 21:05:16,213] {processor.py:163} INFO - Started process (PID=3360) to work on /home/airflow/.local/lib/python3.6/site-packages/airflow/example_dags/example_short_circuit_operator.py
[2023-12-22 21:05:16,215] {processor.py:642} INFO - Processing file /home/airflow/.local/lib/python3.6/site-packages/airflow/example_dags/example_short_circuit_operator.py for tasks to queue
[2023-12-22 21:05:16,215] {logging_mixin.py:109} INFO - [2023-12-22 21:05:16,215] {dagbag.py:500} INFO - Filling up the DagBag from /home/airflow/.local/lib/python3.6/site-packages/airflow/example_dags/example_short_circuit_operator.py
[2023-12-22 21:05:16,232] {processor.py:652} INFO - DAG(s) dict_keys(['example_short_circuit_operator']) retrieved from /home/airflow/.local/lib/python3.6/site-packages/airflow/example_dags/example_short_circuit_operator.py
[2023-12-22 21:05:16,250] {logging_mixin.py:109} INFO - [2023-12-22 21:05:16,250] {dag.py:2398} INFO - Sync 1 DAGs
[2023-12-22 21:05:16,266] {logging_mixin.py:109} INFO - [2023-12-22 21:05:16,266] {dag.py:2937} INFO - Setting next_dagrun for example_short_circuit_operator to 2023-12-21T21:05:16.265798+00:00
[2023-12-22 21:05:16,274] {processor.py:171} INFO - Processing /home/airflow/.local/lib/python3.6/site-packages/airflow/example_dags/example_short_circuit_operator.py took 0.065 seconds
[2023-12-22 21:05:46,535] {processor.py:163} INFO - Started process (PID=3424) to work on /home/airflow/.local/lib/python3.6/site-packages/airflow/example_dags/example_short_circuit_operator.py
[2023-12-22 21:05:46,536] {processor.py:642} INFO - Processing file /home/airflow/.local/lib/python3.6/site-packages/airflow/example_dags/example_short_circuit_operator.py for tasks to queue
[2023-12-22 21:05:46,537] {logging_mixin.py:109} INFO - [2023-12-22 21:05:46,537] {dagbag.py:500} INFO - Filling up the DagBag from /home/airflow/.local/lib/python3.6/site-packages/airflow/example_dags/example_short_circuit_operator.py
[2023-12-22 21:05:46,553] {processor.py:652} INFO - DAG(s) dict_keys(['example_short_circuit_operator']) retrieved from /home/airflow/.local/lib/python3.6/site-packages/airflow/example_dags/example_short_circuit_operator.py
[2023-12-22 21:05:46,568] {logging_mixin.py:109} INFO - [2023-12-22 21:05:46,568] {dag.py:2398} INFO - Sync 1 DAGs
[2023-12-22 21:05:46,584] {logging_mixin.py:109} INFO - [2023-12-22 21:05:46,583] {dag.py:2937} INFO - Setting next_dagrun for example_short_circuit_operator to 2023-12-21T21:05:46.583728+00:00
[2023-12-22 21:05:46,592] {processor.py:171} INFO - Processing /home/airflow/.local/lib/python3.6/site-packages/airflow/example_dags/example_short_circuit_operator.py took 0.060 seconds
[2023-12-22 21:06:16,708] {processor.py:163} INFO - Started process (PID=3498) to work on /home/airflow/.local/lib/python3.6/site-packages/airflow/example_dags/example_short_circuit_operator.py
[2023-12-22 21:06:16,710] {processor.py:642} INFO - Processing file /home/airflow/.local/lib/python3.6/site-packages/airflow/example_dags/example_short_circuit_operator.py for tasks to queue
[2023-12-22 21:06:16,711] {logging_mixin.py:109} INFO - [2023-12-22 21:06:16,711] {dagbag.py:500} INFO - Filling up the DagBag from /home/airflow/.local/lib/python3.6/site-packages/airflow/example_dags/example_short_circuit_operator.py
[2023-12-22 21:06:16,725] {processor.py:652} INFO - DAG(s) dict_keys(['example_short_circuit_operator']) retrieved from /home/airflow/.local/lib/python3.6/site-packages/airflow/example_dags/example_short_circuit_operator.py
[2023-12-22 21:06:16,824] {logging_mixin.py:109} INFO - [2023-12-22 21:06:16,824] {dag.py:2398} INFO - Sync 1 DAGs
[2023-12-22 21:06:16,842] {logging_mixin.py:109} INFO - [2023-12-22 21:06:16,842] {dag.py:2937} INFO - Setting next_dagrun for example_short_circuit_operator to 2023-12-21T21:06:16.842127+00:00
[2023-12-22 21:06:16,852] {processor.py:171} INFO - Processing /home/airflow/.local/lib/python3.6/site-packages/airflow/example_dags/example_short_circuit_operator.py took 0.146 seconds
[2023-12-22 21:06:47,972] {processor.py:163} INFO - Started process (PID=3562) to work on /home/airflow/.local/lib/python3.6/site-packages/airflow/example_dags/example_short_circuit_operator.py
[2023-12-22 21:06:47,974] {processor.py:642} INFO - Processing file /home/airflow/.local/lib/python3.6/site-packages/airflow/example_dags/example_short_circuit_operator.py for tasks to queue
[2023-12-22 21:06:47,975] {logging_mixin.py:109} INFO - [2023-12-22 21:06:47,975] {dagbag.py:500} INFO - Filling up the DagBag from /home/airflow/.local/lib/python3.6/site-packages/airflow/example_dags/example_short_circuit_operator.py
[2023-12-22 21:06:47,989] {processor.py:652} INFO - DAG(s) dict_keys(['example_short_circuit_operator']) retrieved from /home/airflow/.local/lib/python3.6/site-packages/airflow/example_dags/example_short_circuit_operator.py
[2023-12-22 21:06:48,007] {logging_mixin.py:109} INFO - [2023-12-22 21:06:48,007] {dag.py:2398} INFO - Sync 1 DAGs
[2023-12-22 21:06:48,023] {logging_mixin.py:109} INFO - [2023-12-22 21:06:48,022] {dag.py:2937} INFO - Setting next_dagrun for example_short_circuit_operator to 2023-12-21T21:06:48.022688+00:00
[2023-12-22 21:06:48,033] {processor.py:171} INFO - Processing /home/airflow/.local/lib/python3.6/site-packages/airflow/example_dags/example_short_circuit_operator.py took 0.064 seconds
[2023-12-22 21:07:18,268] {processor.py:163} INFO - Started process (PID=3636) to work on /home/airflow/.local/lib/python3.6/site-packages/airflow/example_dags/example_short_circuit_operator.py
[2023-12-22 21:07:18,269] {processor.py:642} INFO - Processing file /home/airflow/.local/lib/python3.6/site-packages/airflow/example_dags/example_short_circuit_operator.py for tasks to queue
[2023-12-22 21:07:18,270] {logging_mixin.py:109} INFO - [2023-12-22 21:07:18,270] {dagbag.py:500} INFO - Filling up the DagBag from /home/airflow/.local/lib/python3.6/site-packages/airflow/example_dags/example_short_circuit_operator.py
[2023-12-22 21:07:18,284] {processor.py:652} INFO - DAG(s) dict_keys(['example_short_circuit_operator']) retrieved from /home/airflow/.local/lib/python3.6/site-packages/airflow/example_dags/example_short_circuit_operator.py
[2023-12-22 21:07:18,305] {logging_mixin.py:109} INFO - [2023-12-22 21:07:18,305] {dag.py:2398} INFO - Sync 1 DAGs
[2023-12-22 21:07:18,322] {logging_mixin.py:109} INFO - [2023-12-22 21:07:18,322] {dag.py:2937} INFO - Setting next_dagrun for example_short_circuit_operator to 2023-12-21T21:07:18.322689+00:00
[2023-12-22 21:07:18,335] {processor.py:171} INFO - Processing /home/airflow/.local/lib/python3.6/site-packages/airflow/example_dags/example_short_circuit_operator.py took 0.071 seconds
[2023-12-22 21:07:49,049] {processor.py:163} INFO - Started process (PID=3710) to work on /home/airflow/.local/lib/python3.6/site-packages/airflow/example_dags/example_short_circuit_operator.py
[2023-12-22 21:07:49,050] {processor.py:642} INFO - Processing file /home/airflow/.local/lib/python3.6/site-packages/airflow/example_dags/example_short_circuit_operator.py for tasks to queue
[2023-12-22 21:07:49,051] {logging_mixin.py:109} INFO - [2023-12-22 21:07:49,051] {dagbag.py:500} INFO - Filling up the DagBag from /home/airflow/.local/lib/python3.6/site-packages/airflow/example_dags/example_short_circuit_operator.py
[2023-12-22 21:07:49,071] {processor.py:652} INFO - DAG(s) dict_keys(['example_short_circuit_operator']) retrieved from /home/airflow/.local/lib/python3.6/site-packages/airflow/example_dags/example_short_circuit_operator.py
[2023-12-22 21:07:49,094] {logging_mixin.py:109} INFO - [2023-12-22 21:07:49,094] {dag.py:2398} INFO - Sync 1 DAGs
[2023-12-22 21:07:49,115] {logging_mixin.py:109} INFO - [2023-12-22 21:07:49,115] {dag.py:2937} INFO - Setting next_dagrun for example_short_circuit_operator to 2023-12-21T21:07:49.114917+00:00
[2023-12-22 21:07:49,127] {processor.py:171} INFO - Processing /home/airflow/.local/lib/python3.6/site-packages/airflow/example_dags/example_short_circuit_operator.py took 0.082 seconds
[2023-12-22 21:08:20,077] {processor.py:163} INFO - Started process (PID=3775) to work on /home/airflow/.local/lib/python3.6/site-packages/airflow/example_dags/example_short_circuit_operator.py
[2023-12-22 21:08:20,078] {processor.py:642} INFO - Processing file /home/airflow/.local/lib/python3.6/site-packages/airflow/example_dags/example_short_circuit_operator.py for tasks to queue
[2023-12-22 21:08:20,079] {logging_mixin.py:109} INFO - [2023-12-22 21:08:20,079] {dagbag.py:500} INFO - Filling up the DagBag from /home/airflow/.local/lib/python3.6/site-packages/airflow/example_dags/example_short_circuit_operator.py
[2023-12-22 21:08:20,094] {processor.py:652} INFO - DAG(s) dict_keys(['example_short_circuit_operator']) retrieved from /home/airflow/.local/lib/python3.6/site-packages/airflow/example_dags/example_short_circuit_operator.py
[2023-12-22 21:08:20,110] {logging_mixin.py:109} INFO - [2023-12-22 21:08:20,110] {dag.py:2398} INFO - Sync 1 DAGs
[2023-12-22 21:08:20,126] {logging_mixin.py:109} INFO - [2023-12-22 21:08:20,126] {dag.py:2937} INFO - Setting next_dagrun for example_short_circuit_operator to 2023-12-21T21:08:20.126633+00:00
[2023-12-22 21:08:20,137] {processor.py:171} INFO - Processing /home/airflow/.local/lib/python3.6/site-packages/airflow/example_dags/example_short_circuit_operator.py took 0.062 seconds
[2023-12-22 21:08:50,577] {processor.py:163} INFO - Started process (PID=3847) to work on /home/airflow/.local/lib/python3.6/site-packages/airflow/example_dags/example_short_circuit_operator.py
[2023-12-22 21:08:50,579] {processor.py:642} INFO - Processing file /home/airflow/.local/lib/python3.6/site-packages/airflow/example_dags/example_short_circuit_operator.py for tasks to queue
[2023-12-22 21:08:50,580] {logging_mixin.py:109} INFO - [2023-12-22 21:08:50,580] {dagbag.py:500} INFO - Filling up the DagBag from /home/airflow/.local/lib/python3.6/site-packages/airflow/example_dags/example_short_circuit_operator.py
[2023-12-22 21:08:50,596] {processor.py:652} INFO - DAG(s) dict_keys(['example_short_circuit_operator']) retrieved from /home/airflow/.local/lib/python3.6/site-packages/airflow/example_dags/example_short_circuit_operator.py
[2023-12-22 21:08:50,616] {logging_mixin.py:109} INFO - [2023-12-22 21:08:50,616] {dag.py:2398} INFO - Sync 1 DAGs
[2023-12-22 21:08:50,632] {logging_mixin.py:109} INFO - [2023-12-22 21:08:50,632] {dag.py:2937} INFO - Setting next_dagrun for example_short_circuit_operator to 2023-12-21T21:08:50.632411+00:00
[2023-12-22 21:08:50,643] {processor.py:171} INFO - Processing /home/airflow/.local/lib/python3.6/site-packages/airflow/example_dags/example_short_circuit_operator.py took 0.068 seconds
[2023-12-22 21:09:20,963] {processor.py:163} INFO - Started process (PID=3912) to work on /home/airflow/.local/lib/python3.6/site-packages/airflow/example_dags/example_short_circuit_operator.py
[2023-12-22 21:09:20,964] {processor.py:642} INFO - Processing file /home/airflow/.local/lib/python3.6/site-packages/airflow/example_dags/example_short_circuit_operator.py for tasks to queue
[2023-12-22 21:09:20,965] {logging_mixin.py:109} INFO - [2023-12-22 21:09:20,965] {dagbag.py:500} INFO - Filling up the DagBag from /home/airflow/.local/lib/python3.6/site-packages/airflow/example_dags/example_short_circuit_operator.py
[2023-12-22 21:09:20,979] {processor.py:652} INFO - DAG(s) dict_keys(['example_short_circuit_operator']) retrieved from /home/airflow/.local/lib/python3.6/site-packages/airflow/example_dags/example_short_circuit_operator.py
[2023-12-22 21:09:21,000] {logging_mixin.py:109} INFO - [2023-12-22 21:09:21,000] {dag.py:2398} INFO - Sync 1 DAGs
[2023-12-22 21:09:21,022] {logging_mixin.py:109} INFO - [2023-12-22 21:09:21,022] {dag.py:2937} INFO - Setting next_dagrun for example_short_circuit_operator to 2023-12-21T21:09:21.021804+00:00
[2023-12-22 21:09:21,035] {processor.py:171} INFO - Processing /home/airflow/.local/lib/python3.6/site-packages/airflow/example_dags/example_short_circuit_operator.py took 0.076 seconds
[2023-12-22 21:09:51,693] {processor.py:163} INFO - Started process (PID=3986) to work on /home/airflow/.local/lib/python3.6/site-packages/airflow/example_dags/example_short_circuit_operator.py
[2023-12-22 21:09:51,695] {processor.py:642} INFO - Processing file /home/airflow/.local/lib/python3.6/site-packages/airflow/example_dags/example_short_circuit_operator.py for tasks to queue
[2023-12-22 21:09:51,696] {logging_mixin.py:109} INFO - [2023-12-22 21:09:51,696] {dagbag.py:500} INFO - Filling up the DagBag from /home/airflow/.local/lib/python3.6/site-packages/airflow/example_dags/example_short_circuit_operator.py
[2023-12-22 21:09:51,713] {processor.py:652} INFO - DAG(s) dict_keys(['example_short_circuit_operator']) retrieved from /home/airflow/.local/lib/python3.6/site-packages/airflow/example_dags/example_short_circuit_operator.py
[2023-12-22 21:09:51,731] {logging_mixin.py:109} INFO - [2023-12-22 21:09:51,731] {dag.py:2398} INFO - Sync 1 DAGs
[2023-12-22 21:09:51,753] {logging_mixin.py:109} INFO - [2023-12-22 21:09:51,753] {dag.py:2937} INFO - Setting next_dagrun for example_short_circuit_operator to 2023-12-21T21:09:51.753480+00:00
[2023-12-22 21:09:51,763] {processor.py:171} INFO - Processing /home/airflow/.local/lib/python3.6/site-packages/airflow/example_dags/example_short_circuit_operator.py took 0.073 seconds
[2023-12-22 21:10:22,103] {processor.py:163} INFO - Started process (PID=4050) to work on /home/airflow/.local/lib/python3.6/site-packages/airflow/example_dags/example_short_circuit_operator.py
[2023-12-22 21:10:22,104] {processor.py:642} INFO - Processing file /home/airflow/.local/lib/python3.6/site-packages/airflow/example_dags/example_short_circuit_operator.py for tasks to queue
[2023-12-22 21:10:22,105] {logging_mixin.py:109} INFO - [2023-12-22 21:10:22,105] {dagbag.py:500} INFO - Filling up the DagBag from /home/airflow/.local/lib/python3.6/site-packages/airflow/example_dags/example_short_circuit_operator.py
[2023-12-22 21:10:22,121] {processor.py:652} INFO - DAG(s) dict_keys(['example_short_circuit_operator']) retrieved from /home/airflow/.local/lib/python3.6/site-packages/airflow/example_dags/example_short_circuit_operator.py
[2023-12-22 21:10:22,137] {logging_mixin.py:109} INFO - [2023-12-22 21:10:22,137] {dag.py:2398} INFO - Sync 1 DAGs
[2023-12-22 21:10:22,152] {logging_mixin.py:109} INFO - [2023-12-22 21:10:22,152] {dag.py:2937} INFO - Setting next_dagrun for example_short_circuit_operator to 2023-12-21T21:10:22.152060+00:00
[2023-12-22 21:10:22,161] {processor.py:171} INFO - Processing /home/airflow/.local/lib/python3.6/site-packages/airflow/example_dags/example_short_circuit_operator.py took 0.061 seconds
[2023-12-22 21:10:52,839] {processor.py:163} INFO - Started process (PID=4125) to work on /home/airflow/.local/lib/python3.6/site-packages/airflow/example_dags/example_short_circuit_operator.py
[2023-12-22 21:10:52,840] {processor.py:642} INFO - Processing file /home/airflow/.local/lib/python3.6/site-packages/airflow/example_dags/example_short_circuit_operator.py for tasks to queue
[2023-12-22 21:10:52,841] {logging_mixin.py:109} INFO - [2023-12-22 21:10:52,841] {dagbag.py:500} INFO - Filling up the DagBag from /home/airflow/.local/lib/python3.6/site-packages/airflow/example_dags/example_short_circuit_operator.py
[2023-12-22 21:10:52,853] {processor.py:652} INFO - DAG(s) dict_keys(['example_short_circuit_operator']) retrieved from /home/airflow/.local/lib/python3.6/site-packages/airflow/example_dags/example_short_circuit_operator.py
[2023-12-22 21:10:52,874] {logging_mixin.py:109} INFO - [2023-12-22 21:10:52,874] {dag.py:2398} INFO - Sync 1 DAGs
[2023-12-22 21:10:52,891] {logging_mixin.py:109} INFO - [2023-12-22 21:10:52,891] {dag.py:2937} INFO - Setting next_dagrun for example_short_circuit_operator to 2023-12-21T21:10:52.891390+00:00
[2023-12-22 21:10:52,903] {processor.py:171} INFO - Processing /home/airflow/.local/lib/python3.6/site-packages/airflow/example_dags/example_short_circuit_operator.py took 0.066 seconds
[2023-12-22 21:11:23,175] {processor.py:163} INFO - Started process (PID=4196) to work on /home/airflow/.local/lib/python3.6/site-packages/airflow/example_dags/example_short_circuit_operator.py
[2023-12-22 21:11:23,176] {processor.py:642} INFO - Processing file /home/airflow/.local/lib/python3.6/site-packages/airflow/example_dags/example_short_circuit_operator.py for tasks to queue
[2023-12-22 21:11:23,177] {logging_mixin.py:109} INFO - [2023-12-22 21:11:23,177] {dagbag.py:500} INFO - Filling up the DagBag from /home/airflow/.local/lib/python3.6/site-packages/airflow/example_dags/example_short_circuit_operator.py
[2023-12-22 21:11:23,193] {processor.py:652} INFO - DAG(s) dict_keys(['example_short_circuit_operator']) retrieved from /home/airflow/.local/lib/python3.6/site-packages/airflow/example_dags/example_short_circuit_operator.py
[2023-12-22 21:11:23,212] {logging_mixin.py:109} INFO - [2023-12-22 21:11:23,212] {dag.py:2398} INFO - Sync 1 DAGs
[2023-12-22 21:11:23,230] {logging_mixin.py:109} INFO - [2023-12-22 21:11:23,230] {dag.py:2937} INFO - Setting next_dagrun for example_short_circuit_operator to 2023-12-21T21:11:23.229935+00:00
[2023-12-22 21:11:23,242] {processor.py:171} INFO - Processing /home/airflow/.local/lib/python3.6/site-packages/airflow/example_dags/example_short_circuit_operator.py took 0.071 seconds
[2023-12-22 21:11:53,739] {processor.py:163} INFO - Started process (PID=4263) to work on /home/airflow/.local/lib/python3.6/site-packages/airflow/example_dags/example_short_circuit_operator.py
[2023-12-22 21:11:53,740] {processor.py:642} INFO - Processing file /home/airflow/.local/lib/python3.6/site-packages/airflow/example_dags/example_short_circuit_operator.py for tasks to queue
[2023-12-22 21:11:53,741] {logging_mixin.py:109} INFO - [2023-12-22 21:11:53,741] {dagbag.py:500} INFO - Filling up the DagBag from /home/airflow/.local/lib/python3.6/site-packages/airflow/example_dags/example_short_circuit_operator.py
[2023-12-22 21:11:53,756] {processor.py:652} INFO - DAG(s) dict_keys(['example_short_circuit_operator']) retrieved from /home/airflow/.local/lib/python3.6/site-packages/airflow/example_dags/example_short_circuit_operator.py
[2023-12-22 21:11:53,778] {logging_mixin.py:109} INFO - [2023-12-22 21:11:53,778] {dag.py:2398} INFO - Sync 1 DAGs
[2023-12-22 21:11:53,799] {logging_mixin.py:109} INFO - [2023-12-22 21:11:53,799] {dag.py:2937} INFO - Setting next_dagrun for example_short_circuit_operator to 2023-12-21T21:11:53.799013+00:00
[2023-12-22 21:11:53,811] {processor.py:171} INFO - Processing /home/airflow/.local/lib/python3.6/site-packages/airflow/example_dags/example_short_circuit_operator.py took 0.075 seconds
