[2023-12-22 20:40:28,552] {processor.py:163} INFO - Started process (PID=74) to work on /home/airflow/.local/lib/python3.6/site-packages/airflow/example_dags/example_branch_day_of_week_operator.py
[2023-12-22 20:40:28,553] {processor.py:642} INFO - Processing file /home/airflow/.local/lib/python3.6/site-packages/airflow/example_dags/example_branch_day_of_week_operator.py for tasks to queue
[2023-12-22 20:40:28,554] {logging_mixin.py:109} INFO - [2023-12-22 20:40:28,554] {dagbag.py:500} INFO - Filling up the DagBag from /home/airflow/.local/lib/python3.6/site-packages/airflow/example_dags/example_branch_day_of_week_operator.py
[2023-12-22 20:40:28,571] {processor.py:652} INFO - DAG(s) dict_keys(['example_weekday_branch_operator']) retrieved from /home/airflow/.local/lib/python3.6/site-packages/airflow/example_dags/example_branch_day_of_week_operator.py
[2023-12-22 20:40:28,594] {logging_mixin.py:109} INFO - [2023-12-22 20:40:28,593] {dag.py:2398} INFO - Sync 1 DAGs
[2023-12-22 20:40:28,616] {logging_mixin.py:109} INFO - [2023-12-22 20:40:28,616] {dag.py:2937} INFO - Setting next_dagrun for example_weekday_branch_operator to 2023-12-21 00:00:00+00:00
[2023-12-22 20:40:28,627] {processor.py:171} INFO - Processing /home/airflow/.local/lib/python3.6/site-packages/airflow/example_dags/example_branch_day_of_week_operator.py took 0.079 seconds
[2023-12-22 20:40:59,824] {processor.py:163} INFO - Started process (PID=139) to work on /home/airflow/.local/lib/python3.6/site-packages/airflow/example_dags/example_branch_day_of_week_operator.py
[2023-12-22 20:40:59,825] {processor.py:642} INFO - Processing file /home/airflow/.local/lib/python3.6/site-packages/airflow/example_dags/example_branch_day_of_week_operator.py for tasks to queue
[2023-12-22 20:40:59,826] {logging_mixin.py:109} INFO - [2023-12-22 20:40:59,826] {dagbag.py:500} INFO - Filling up the DagBag from /home/airflow/.local/lib/python3.6/site-packages/airflow/example_dags/example_branch_day_of_week_operator.py
[2023-12-22 20:40:59,845] {processor.py:652} INFO - DAG(s) dict_keys(['example_weekday_branch_operator']) retrieved from /home/airflow/.local/lib/python3.6/site-packages/airflow/example_dags/example_branch_day_of_week_operator.py
[2023-12-22 20:40:59,867] {logging_mixin.py:109} INFO - [2023-12-22 20:40:59,867] {dag.py:2398} INFO - Sync 1 DAGs
[2023-12-22 20:40:59,891] {logging_mixin.py:109} INFO - [2023-12-22 20:40:59,891] {dag.py:2937} INFO - Setting next_dagrun for example_weekday_branch_operator to 2023-12-21 00:00:00+00:00
[2023-12-22 20:40:59,902] {processor.py:171} INFO - Processing /home/airflow/.local/lib/python3.6/site-packages/airflow/example_dags/example_branch_day_of_week_operator.py took 0.081 seconds
[2023-12-22 20:41:33,289] {processor.py:163} INFO - Started process (PID=213) to work on /home/airflow/.local/lib/python3.6/site-packages/airflow/example_dags/example_branch_day_of_week_operator.py
[2023-12-22 20:41:33,297] {processor.py:642} INFO - Processing file /home/airflow/.local/lib/python3.6/site-packages/airflow/example_dags/example_branch_day_of_week_operator.py for tasks to queue
[2023-12-22 20:41:33,298] {logging_mixin.py:109} INFO - [2023-12-22 20:41:33,298] {dagbag.py:500} INFO - Filling up the DagBag from /home/airflow/.local/lib/python3.6/site-packages/airflow/example_dags/example_branch_day_of_week_operator.py
[2023-12-22 20:41:33,334] {processor.py:652} INFO - DAG(s) dict_keys(['example_weekday_branch_operator']) retrieved from /home/airflow/.local/lib/python3.6/site-packages/airflow/example_dags/example_branch_day_of_week_operator.py
[2023-12-22 20:41:33,351] {logging_mixin.py:109} INFO - [2023-12-22 20:41:33,350] {dag.py:2398} INFO - Sync 1 DAGs
[2023-12-22 20:41:33,419] {logging_mixin.py:109} INFO - [2023-12-22 20:41:33,418] {dag.py:2937} INFO - Setting next_dagrun for example_weekday_branch_operator to 2023-12-21 00:00:00+00:00
[2023-12-22 20:41:33,443] {processor.py:171} INFO - Processing /home/airflow/.local/lib/python3.6/site-packages/airflow/example_dags/example_branch_day_of_week_operator.py took 0.157 seconds
[2023-12-22 20:42:10,759] {processor.py:163} INFO - Started process (PID=287) to work on /home/airflow/.local/lib/python3.6/site-packages/airflow/example_dags/example_branch_day_of_week_operator.py
[2023-12-22 20:42:10,760] {processor.py:642} INFO - Processing file /home/airflow/.local/lib/python3.6/site-packages/airflow/example_dags/example_branch_day_of_week_operator.py for tasks to queue
[2023-12-22 20:42:10,761] {logging_mixin.py:109} INFO - [2023-12-22 20:42:10,761] {dagbag.py:500} INFO - Filling up the DagBag from /home/airflow/.local/lib/python3.6/site-packages/airflow/example_dags/example_branch_day_of_week_operator.py
[2023-12-22 20:42:10,773] {processor.py:652} INFO - DAG(s) dict_keys(['example_weekday_branch_operator']) retrieved from /home/airflow/.local/lib/python3.6/site-packages/airflow/example_dags/example_branch_day_of_week_operator.py
[2023-12-22 20:42:10,800] {logging_mixin.py:109} INFO - [2023-12-22 20:42:10,800] {dag.py:2398} INFO - Sync 1 DAGs
[2023-12-22 20:42:10,819] {logging_mixin.py:109} INFO - [2023-12-22 20:42:10,819] {dag.py:2937} INFO - Setting next_dagrun for example_weekday_branch_operator to 2023-12-21 00:00:00+00:00
[2023-12-22 20:42:10,829] {processor.py:171} INFO - Processing /home/airflow/.local/lib/python3.6/site-packages/airflow/example_dags/example_branch_day_of_week_operator.py took 0.072 seconds
[2023-12-22 20:42:42,774] {processor.py:163} INFO - Started process (PID=351) to work on /home/airflow/.local/lib/python3.6/site-packages/airflow/example_dags/example_branch_day_of_week_operator.py
[2023-12-22 20:42:42,776] {processor.py:642} INFO - Processing file /home/airflow/.local/lib/python3.6/site-packages/airflow/example_dags/example_branch_day_of_week_operator.py for tasks to queue
[2023-12-22 20:42:42,781] {logging_mixin.py:109} INFO - [2023-12-22 20:42:42,781] {dagbag.py:500} INFO - Filling up the DagBag from /home/airflow/.local/lib/python3.6/site-packages/airflow/example_dags/example_branch_day_of_week_operator.py
[2023-12-22 20:42:42,808] {processor.py:652} INFO - DAG(s) dict_keys(['example_weekday_branch_operator']) retrieved from /home/airflow/.local/lib/python3.6/site-packages/airflow/example_dags/example_branch_day_of_week_operator.py
[2023-12-22 20:42:42,837] {logging_mixin.py:109} INFO - [2023-12-22 20:42:42,837] {dag.py:2398} INFO - Sync 1 DAGs
[2023-12-22 20:42:42,869] {logging_mixin.py:109} INFO - [2023-12-22 20:42:42,868] {dag.py:2937} INFO - Setting next_dagrun for example_weekday_branch_operator to 2023-12-21 00:00:00+00:00
[2023-12-22 20:42:42,904] {processor.py:171} INFO - Processing /home/airflow/.local/lib/python3.6/site-packages/airflow/example_dags/example_branch_day_of_week_operator.py took 0.133 seconds
[2023-12-22 20:43:13,434] {processor.py:163} INFO - Started process (PID=414) to work on /home/airflow/.local/lib/python3.6/site-packages/airflow/example_dags/example_branch_day_of_week_operator.py
[2023-12-22 20:43:13,435] {processor.py:642} INFO - Processing file /home/airflow/.local/lib/python3.6/site-packages/airflow/example_dags/example_branch_day_of_week_operator.py for tasks to queue
[2023-12-22 20:43:13,562] {logging_mixin.py:109} INFO - [2023-12-22 20:43:13,562] {dagbag.py:500} INFO - Filling up the DagBag from /home/airflow/.local/lib/python3.6/site-packages/airflow/example_dags/example_branch_day_of_week_operator.py
[2023-12-22 20:43:13,716] {processor.py:652} INFO - DAG(s) dict_keys(['example_weekday_branch_operator']) retrieved from /home/airflow/.local/lib/python3.6/site-packages/airflow/example_dags/example_branch_day_of_week_operator.py
[2023-12-22 20:43:13,743] {logging_mixin.py:109} INFO - [2023-12-22 20:43:13,743] {dag.py:2398} INFO - Sync 1 DAGs
[2023-12-22 20:43:13,852] {logging_mixin.py:109} INFO - [2023-12-22 20:43:13,852] {dag.py:2937} INFO - Setting next_dagrun for example_weekday_branch_operator to 2023-12-21 00:00:00+00:00
[2023-12-22 20:43:13,972] {processor.py:171} INFO - Processing /home/airflow/.local/lib/python3.6/site-packages/airflow/example_dags/example_branch_day_of_week_operator.py took 0.541 seconds
[2023-12-22 20:43:45,153] {processor.py:163} INFO - Started process (PID=489) to work on /home/airflow/.local/lib/python3.6/site-packages/airflow/example_dags/example_branch_day_of_week_operator.py
[2023-12-22 20:43:45,256] {processor.py:642} INFO - Processing file /home/airflow/.local/lib/python3.6/site-packages/airflow/example_dags/example_branch_day_of_week_operator.py for tasks to queue
[2023-12-22 20:43:45,262] {logging_mixin.py:109} INFO - [2023-12-22 20:43:45,262] {dagbag.py:500} INFO - Filling up the DagBag from /home/airflow/.local/lib/python3.6/site-packages/airflow/example_dags/example_branch_day_of_week_operator.py
[2023-12-22 20:43:45,286] {processor.py:652} INFO - DAG(s) dict_keys(['example_weekday_branch_operator']) retrieved from /home/airflow/.local/lib/python3.6/site-packages/airflow/example_dags/example_branch_day_of_week_operator.py
[2023-12-22 20:43:45,409] {logging_mixin.py:109} INFO - [2023-12-22 20:43:45,409] {dag.py:2398} INFO - Sync 1 DAGs
[2023-12-22 20:43:45,501] {logging_mixin.py:109} INFO - [2023-12-22 20:43:45,500] {dag.py:2937} INFO - Setting next_dagrun for example_weekday_branch_operator to 2023-12-21 00:00:00+00:00
[2023-12-22 20:43:45,559] {processor.py:171} INFO - Processing /home/airflow/.local/lib/python3.6/site-packages/airflow/example_dags/example_branch_day_of_week_operator.py took 0.410 seconds
[2023-12-22 20:44:16,260] {processor.py:163} INFO - Started process (PID=552) to work on /home/airflow/.local/lib/python3.6/site-packages/airflow/example_dags/example_branch_day_of_week_operator.py
[2023-12-22 20:44:16,261] {processor.py:642} INFO - Processing file /home/airflow/.local/lib/python3.6/site-packages/airflow/example_dags/example_branch_day_of_week_operator.py for tasks to queue
[2023-12-22 20:44:16,263] {logging_mixin.py:109} INFO - [2023-12-22 20:44:16,263] {dagbag.py:500} INFO - Filling up the DagBag from /home/airflow/.local/lib/python3.6/site-packages/airflow/example_dags/example_branch_day_of_week_operator.py
[2023-12-22 20:44:16,281] {processor.py:652} INFO - DAG(s) dict_keys(['example_weekday_branch_operator']) retrieved from /home/airflow/.local/lib/python3.6/site-packages/airflow/example_dags/example_branch_day_of_week_operator.py
[2023-12-22 20:44:16,313] {logging_mixin.py:109} INFO - [2023-12-22 20:44:16,313] {dag.py:2398} INFO - Sync 1 DAGs
[2023-12-22 20:44:16,408] {logging_mixin.py:109} INFO - [2023-12-22 20:44:16,408] {dag.py:2937} INFO - Setting next_dagrun for example_weekday_branch_operator to 2023-12-21 00:00:00+00:00
[2023-12-22 20:44:16,442] {processor.py:171} INFO - Processing /home/airflow/.local/lib/python3.6/site-packages/airflow/example_dags/example_branch_day_of_week_operator.py took 0.171 seconds
[2023-12-22 20:44:47,262] {processor.py:163} INFO - Started process (PID=627) to work on /home/airflow/.local/lib/python3.6/site-packages/airflow/example_dags/example_branch_day_of_week_operator.py
[2023-12-22 20:44:47,264] {processor.py:642} INFO - Processing file /home/airflow/.local/lib/python3.6/site-packages/airflow/example_dags/example_branch_day_of_week_operator.py for tasks to queue
[2023-12-22 20:44:47,266] {logging_mixin.py:109} INFO - [2023-12-22 20:44:47,265] {dagbag.py:500} INFO - Filling up the DagBag from /home/airflow/.local/lib/python3.6/site-packages/airflow/example_dags/example_branch_day_of_week_operator.py
[2023-12-22 20:44:47,289] {processor.py:652} INFO - DAG(s) dict_keys(['example_weekday_branch_operator']) retrieved from /home/airflow/.local/lib/python3.6/site-packages/airflow/example_dags/example_branch_day_of_week_operator.py
[2023-12-22 20:44:47,315] {logging_mixin.py:109} INFO - [2023-12-22 20:44:47,314] {dag.py:2398} INFO - Sync 1 DAGs
[2023-12-22 20:44:47,428] {logging_mixin.py:109} INFO - [2023-12-22 20:44:47,428] {dag.py:2937} INFO - Setting next_dagrun for example_weekday_branch_operator to 2023-12-21 00:00:00+00:00
[2023-12-22 20:44:47,440] {processor.py:171} INFO - Processing /home/airflow/.local/lib/python3.6/site-packages/airflow/example_dags/example_branch_day_of_week_operator.py took 0.182 seconds
[2023-12-22 20:45:17,769] {processor.py:163} INFO - Started process (PID=691) to work on /home/airflow/.local/lib/python3.6/site-packages/airflow/example_dags/example_branch_day_of_week_operator.py
[2023-12-22 20:45:17,771] {processor.py:642} INFO - Processing file /home/airflow/.local/lib/python3.6/site-packages/airflow/example_dags/example_branch_day_of_week_operator.py for tasks to queue
[2023-12-22 20:45:17,773] {logging_mixin.py:109} INFO - [2023-12-22 20:45:17,773] {dagbag.py:500} INFO - Filling up the DagBag from /home/airflow/.local/lib/python3.6/site-packages/airflow/example_dags/example_branch_day_of_week_operator.py
[2023-12-22 20:45:17,789] {processor.py:652} INFO - DAG(s) dict_keys(['example_weekday_branch_operator']) retrieved from /home/airflow/.local/lib/python3.6/site-packages/airflow/example_dags/example_branch_day_of_week_operator.py
[2023-12-22 20:45:17,809] {logging_mixin.py:109} INFO - [2023-12-22 20:45:17,809] {dag.py:2398} INFO - Sync 1 DAGs
[2023-12-22 20:45:17,903] {logging_mixin.py:109} INFO - [2023-12-22 20:45:17,903] {dag.py:2937} INFO - Setting next_dagrun for example_weekday_branch_operator to 2023-12-21 00:00:00+00:00
[2023-12-22 20:45:17,911] {processor.py:171} INFO - Processing /home/airflow/.local/lib/python3.6/site-packages/airflow/example_dags/example_branch_day_of_week_operator.py took 0.145 seconds
[2023-12-22 20:45:48,384] {processor.py:163} INFO - Started process (PID=766) to work on /home/airflow/.local/lib/python3.6/site-packages/airflow/example_dags/example_branch_day_of_week_operator.py
[2023-12-22 20:45:48,386] {processor.py:642} INFO - Processing file /home/airflow/.local/lib/python3.6/site-packages/airflow/example_dags/example_branch_day_of_week_operator.py for tasks to queue
[2023-12-22 20:45:48,387] {logging_mixin.py:109} INFO - [2023-12-22 20:45:48,386] {dagbag.py:500} INFO - Filling up the DagBag from /home/airflow/.local/lib/python3.6/site-packages/airflow/example_dags/example_branch_day_of_week_operator.py
[2023-12-22 20:45:48,403] {processor.py:652} INFO - DAG(s) dict_keys(['example_weekday_branch_operator']) retrieved from /home/airflow/.local/lib/python3.6/site-packages/airflow/example_dags/example_branch_day_of_week_operator.py
[2023-12-22 20:45:48,536] {logging_mixin.py:109} INFO - [2023-12-22 20:45:48,536] {dag.py:2398} INFO - Sync 1 DAGs
[2023-12-22 20:45:48,553] {logging_mixin.py:109} INFO - [2023-12-22 20:45:48,552] {dag.py:2937} INFO - Setting next_dagrun for example_weekday_branch_operator to 2023-12-21 00:00:00+00:00
[2023-12-22 20:45:48,567] {processor.py:171} INFO - Processing /home/airflow/.local/lib/python3.6/site-packages/airflow/example_dags/example_branch_day_of_week_operator.py took 0.185 seconds
[2023-12-22 20:46:20,295] {processor.py:163} INFO - Started process (PID=830) to work on /home/airflow/.local/lib/python3.6/site-packages/airflow/example_dags/example_branch_day_of_week_operator.py
[2023-12-22 20:46:20,297] {processor.py:642} INFO - Processing file /home/airflow/.local/lib/python3.6/site-packages/airflow/example_dags/example_branch_day_of_week_operator.py for tasks to queue
[2023-12-22 20:46:20,299] {logging_mixin.py:109} INFO - [2023-12-22 20:46:20,299] {dagbag.py:500} INFO - Filling up the DagBag from /home/airflow/.local/lib/python3.6/site-packages/airflow/example_dags/example_branch_day_of_week_operator.py
[2023-12-22 20:46:20,423] {processor.py:652} INFO - DAG(s) dict_keys(['example_weekday_branch_operator']) retrieved from /home/airflow/.local/lib/python3.6/site-packages/airflow/example_dags/example_branch_day_of_week_operator.py
[2023-12-22 20:46:20,477] {logging_mixin.py:109} INFO - [2023-12-22 20:46:20,477] {dag.py:2398} INFO - Sync 1 DAGs
[2023-12-22 20:46:20,520] {logging_mixin.py:109} INFO - [2023-12-22 20:46:20,520] {dag.py:2937} INFO - Setting next_dagrun for example_weekday_branch_operator to 2023-12-21 00:00:00+00:00
[2023-12-22 20:46:20,544] {processor.py:171} INFO - Processing /home/airflow/.local/lib/python3.6/site-packages/airflow/example_dags/example_branch_day_of_week_operator.py took 0.252 seconds
[2023-12-22 20:46:50,937] {processor.py:163} INFO - Started process (PID=903) to work on /home/airflow/.local/lib/python3.6/site-packages/airflow/example_dags/example_branch_day_of_week_operator.py
[2023-12-22 20:46:50,939] {processor.py:642} INFO - Processing file /home/airflow/.local/lib/python3.6/site-packages/airflow/example_dags/example_branch_day_of_week_operator.py for tasks to queue
[2023-12-22 20:46:50,941] {logging_mixin.py:109} INFO - [2023-12-22 20:46:50,940] {dagbag.py:500} INFO - Filling up the DagBag from /home/airflow/.local/lib/python3.6/site-packages/airflow/example_dags/example_branch_day_of_week_operator.py
[2023-12-22 20:46:51,036] {processor.py:652} INFO - DAG(s) dict_keys(['example_weekday_branch_operator']) retrieved from /home/airflow/.local/lib/python3.6/site-packages/airflow/example_dags/example_branch_day_of_week_operator.py
[2023-12-22 20:46:51,050] {logging_mixin.py:109} INFO - [2023-12-22 20:46:51,050] {dag.py:2398} INFO - Sync 1 DAGs
[2023-12-22 20:46:51,063] {logging_mixin.py:109} INFO - [2023-12-22 20:46:51,063] {dag.py:2937} INFO - Setting next_dagrun for example_weekday_branch_operator to 2023-12-21 00:00:00+00:00
[2023-12-22 20:46:51,075] {processor.py:171} INFO - Processing /home/airflow/.local/lib/python3.6/site-packages/airflow/example_dags/example_branch_day_of_week_operator.py took 0.140 seconds
[2023-12-22 20:47:22,715] {processor.py:163} INFO - Started process (PID=967) to work on /home/airflow/.local/lib/python3.6/site-packages/airflow/example_dags/example_branch_day_of_week_operator.py
[2023-12-22 20:47:22,717] {processor.py:642} INFO - Processing file /home/airflow/.local/lib/python3.6/site-packages/airflow/example_dags/example_branch_day_of_week_operator.py for tasks to queue
[2023-12-22 20:47:22,721] {logging_mixin.py:109} INFO - [2023-12-22 20:47:22,720] {dagbag.py:500} INFO - Filling up the DagBag from /home/airflow/.local/lib/python3.6/site-packages/airflow/example_dags/example_branch_day_of_week_operator.py
[2023-12-22 20:47:22,823] {processor.py:652} INFO - DAG(s) dict_keys(['example_weekday_branch_operator']) retrieved from /home/airflow/.local/lib/python3.6/site-packages/airflow/example_dags/example_branch_day_of_week_operator.py
[2023-12-22 20:47:22,874] {logging_mixin.py:109} INFO - [2023-12-22 20:47:22,874] {dag.py:2398} INFO - Sync 1 DAGs
[2023-12-22 20:47:22,890] {logging_mixin.py:109} INFO - [2023-12-22 20:47:22,890] {dag.py:2937} INFO - Setting next_dagrun for example_weekday_branch_operator to 2023-12-21 00:00:00+00:00
[2023-12-22 20:47:22,976] {processor.py:171} INFO - Processing /home/airflow/.local/lib/python3.6/site-packages/airflow/example_dags/example_branch_day_of_week_operator.py took 0.263 seconds
[2023-12-22 20:47:53,098] {processor.py:163} INFO - Started process (PID=1040) to work on /home/airflow/.local/lib/python3.6/site-packages/airflow/example_dags/example_branch_day_of_week_operator.py
[2023-12-22 20:47:53,099] {processor.py:642} INFO - Processing file /home/airflow/.local/lib/python3.6/site-packages/airflow/example_dags/example_branch_day_of_week_operator.py for tasks to queue
[2023-12-22 20:47:53,100] {logging_mixin.py:109} INFO - [2023-12-22 20:47:53,099] {dagbag.py:500} INFO - Filling up the DagBag from /home/airflow/.local/lib/python3.6/site-packages/airflow/example_dags/example_branch_day_of_week_operator.py
[2023-12-22 20:47:53,172] {processor.py:652} INFO - DAG(s) dict_keys(['example_weekday_branch_operator']) retrieved from /home/airflow/.local/lib/python3.6/site-packages/airflow/example_dags/example_branch_day_of_week_operator.py
[2023-12-22 20:47:53,185] {logging_mixin.py:109} INFO - [2023-12-22 20:47:53,185] {dag.py:2398} INFO - Sync 1 DAGs
[2023-12-22 20:47:53,198] {logging_mixin.py:109} INFO - [2023-12-22 20:47:53,198] {dag.py:2937} INFO - Setting next_dagrun for example_weekday_branch_operator to 2023-12-21 00:00:00+00:00
[2023-12-22 20:47:53,204] {processor.py:171} INFO - Processing /home/airflow/.local/lib/python3.6/site-packages/airflow/example_dags/example_branch_day_of_week_operator.py took 0.109 seconds
[2023-12-22 20:48:23,381] {processor.py:163} INFO - Started process (PID=1093) to work on /home/airflow/.local/lib/python3.6/site-packages/airflow/example_dags/example_branch_day_of_week_operator.py
[2023-12-22 20:48:23,382] {processor.py:642} INFO - Processing file /home/airflow/.local/lib/python3.6/site-packages/airflow/example_dags/example_branch_day_of_week_operator.py for tasks to queue
[2023-12-22 20:48:23,383] {logging_mixin.py:109} INFO - [2023-12-22 20:48:23,383] {dagbag.py:500} INFO - Filling up the DagBag from /home/airflow/.local/lib/python3.6/site-packages/airflow/example_dags/example_branch_day_of_week_operator.py
[2023-12-22 20:48:23,539] {processor.py:652} INFO - DAG(s) dict_keys(['example_weekday_branch_operator']) retrieved from /home/airflow/.local/lib/python3.6/site-packages/airflow/example_dags/example_branch_day_of_week_operator.py
[2023-12-22 20:48:23,556] {logging_mixin.py:109} INFO - [2023-12-22 20:48:23,556] {dag.py:2398} INFO - Sync 1 DAGs
[2023-12-22 20:48:23,570] {logging_mixin.py:109} INFO - [2023-12-22 20:48:23,570] {dag.py:2937} INFO - Setting next_dagrun for example_weekday_branch_operator to 2023-12-21 00:00:00+00:00
[2023-12-22 20:48:23,598] {processor.py:171} INFO - Processing /home/airflow/.local/lib/python3.6/site-packages/airflow/example_dags/example_branch_day_of_week_operator.py took 0.219 seconds
[2023-12-22 20:48:54,337] {processor.py:163} INFO - Started process (PID=1167) to work on /home/airflow/.local/lib/python3.6/site-packages/airflow/example_dags/example_branch_day_of_week_operator.py
[2023-12-22 20:48:54,338] {processor.py:642} INFO - Processing file /home/airflow/.local/lib/python3.6/site-packages/airflow/example_dags/example_branch_day_of_week_operator.py for tasks to queue
[2023-12-22 20:48:54,339] {logging_mixin.py:109} INFO - [2023-12-22 20:48:54,339] {dagbag.py:500} INFO - Filling up the DagBag from /home/airflow/.local/lib/python3.6/site-packages/airflow/example_dags/example_branch_day_of_week_operator.py
[2023-12-22 20:48:54,451] {processor.py:652} INFO - DAG(s) dict_keys(['example_weekday_branch_operator']) retrieved from /home/airflow/.local/lib/python3.6/site-packages/airflow/example_dags/example_branch_day_of_week_operator.py
[2023-12-22 20:48:54,478] {logging_mixin.py:109} INFO - [2023-12-22 20:48:54,478] {dag.py:2398} INFO - Sync 1 DAGs
[2023-12-22 20:48:54,501] {logging_mixin.py:109} INFO - [2023-12-22 20:48:54,501] {dag.py:2937} INFO - Setting next_dagrun for example_weekday_branch_operator to 2023-12-21 00:00:00+00:00
[2023-12-22 20:48:54,533] {processor.py:171} INFO - Processing /home/airflow/.local/lib/python3.6/site-packages/airflow/example_dags/example_branch_day_of_week_operator.py took 0.199 seconds
[2023-12-22 20:49:24,644] {processor.py:163} INFO - Started process (PID=1230) to work on /home/airflow/.local/lib/python3.6/site-packages/airflow/example_dags/example_branch_day_of_week_operator.py
[2023-12-22 20:49:24,645] {processor.py:642} INFO - Processing file /home/airflow/.local/lib/python3.6/site-packages/airflow/example_dags/example_branch_day_of_week_operator.py for tasks to queue
[2023-12-22 20:49:24,646] {logging_mixin.py:109} INFO - [2023-12-22 20:49:24,646] {dagbag.py:500} INFO - Filling up the DagBag from /home/airflow/.local/lib/python3.6/site-packages/airflow/example_dags/example_branch_day_of_week_operator.py
[2023-12-22 20:49:24,759] {processor.py:652} INFO - DAG(s) dict_keys(['example_weekday_branch_operator']) retrieved from /home/airflow/.local/lib/python3.6/site-packages/airflow/example_dags/example_branch_day_of_week_operator.py
[2023-12-22 20:49:24,786] {logging_mixin.py:109} INFO - [2023-12-22 20:49:24,786] {dag.py:2398} INFO - Sync 1 DAGs
[2023-12-22 20:49:24,893] {logging_mixin.py:109} INFO - [2023-12-22 20:49:24,892] {dag.py:2937} INFO - Setting next_dagrun for example_weekday_branch_operator to 2023-12-21 00:00:00+00:00
[2023-12-22 20:49:24,924] {processor.py:171} INFO - Processing /home/airflow/.local/lib/python3.6/site-packages/airflow/example_dags/example_branch_day_of_week_operator.py took 0.284 seconds
[2023-12-22 20:49:54,989] {processor.py:163} INFO - Started process (PID=1304) to work on /home/airflow/.local/lib/python3.6/site-packages/airflow/example_dags/example_branch_day_of_week_operator.py
[2023-12-22 20:49:54,991] {processor.py:642} INFO - Processing file /home/airflow/.local/lib/python3.6/site-packages/airflow/example_dags/example_branch_day_of_week_operator.py for tasks to queue
[2023-12-22 20:49:54,992] {logging_mixin.py:109} INFO - [2023-12-22 20:49:54,992] {dagbag.py:500} INFO - Filling up the DagBag from /home/airflow/.local/lib/python3.6/site-packages/airflow/example_dags/example_branch_day_of_week_operator.py
[2023-12-22 20:49:55,005] {processor.py:652} INFO - DAG(s) dict_keys(['example_weekday_branch_operator']) retrieved from /home/airflow/.local/lib/python3.6/site-packages/airflow/example_dags/example_branch_day_of_week_operator.py
[2023-12-22 20:49:55,025] {logging_mixin.py:109} INFO - [2023-12-22 20:49:55,025] {dag.py:2398} INFO - Sync 1 DAGs
[2023-12-22 20:49:55,047] {logging_mixin.py:109} INFO - [2023-12-22 20:49:55,047] {dag.py:2937} INFO - Setting next_dagrun for example_weekday_branch_operator to 2023-12-21 00:00:00+00:00
[2023-12-22 20:49:55,061] {processor.py:171} INFO - Processing /home/airflow/.local/lib/python3.6/site-packages/airflow/example_dags/example_branch_day_of_week_operator.py took 0.076 seconds
[2023-12-22 20:50:25,214] {processor.py:163} INFO - Started process (PID=1368) to work on /home/airflow/.local/lib/python3.6/site-packages/airflow/example_dags/example_branch_day_of_week_operator.py
[2023-12-22 20:50:25,215] {processor.py:642} INFO - Processing file /home/airflow/.local/lib/python3.6/site-packages/airflow/example_dags/example_branch_day_of_week_operator.py for tasks to queue
[2023-12-22 20:50:25,216] {logging_mixin.py:109} INFO - [2023-12-22 20:50:25,216] {dagbag.py:500} INFO - Filling up the DagBag from /home/airflow/.local/lib/python3.6/site-packages/airflow/example_dags/example_branch_day_of_week_operator.py
[2023-12-22 20:50:25,227] {processor.py:652} INFO - DAG(s) dict_keys(['example_weekday_branch_operator']) retrieved from /home/airflow/.local/lib/python3.6/site-packages/airflow/example_dags/example_branch_day_of_week_operator.py
[2023-12-22 20:50:25,243] {logging_mixin.py:109} INFO - [2023-12-22 20:50:25,243] {dag.py:2398} INFO - Sync 1 DAGs
[2023-12-22 20:50:25,259] {logging_mixin.py:109} INFO - [2023-12-22 20:50:25,259] {dag.py:2937} INFO - Setting next_dagrun for example_weekday_branch_operator to 2023-12-21 00:00:00+00:00
[2023-12-22 20:50:25,269] {processor.py:171} INFO - Processing /home/airflow/.local/lib/python3.6/site-packages/airflow/example_dags/example_branch_day_of_week_operator.py took 0.057 seconds
[2023-12-22 20:50:56,259] {processor.py:163} INFO - Started process (PID=1441) to work on /home/airflow/.local/lib/python3.6/site-packages/airflow/example_dags/example_branch_day_of_week_operator.py
[2023-12-22 20:50:56,260] {processor.py:642} INFO - Processing file /home/airflow/.local/lib/python3.6/site-packages/airflow/example_dags/example_branch_day_of_week_operator.py for tasks to queue
[2023-12-22 20:50:56,261] {logging_mixin.py:109} INFO - [2023-12-22 20:50:56,261] {dagbag.py:500} INFO - Filling up the DagBag from /home/airflow/.local/lib/python3.6/site-packages/airflow/example_dags/example_branch_day_of_week_operator.py
[2023-12-22 20:50:56,278] {processor.py:652} INFO - DAG(s) dict_keys(['example_weekday_branch_operator']) retrieved from /home/airflow/.local/lib/python3.6/site-packages/airflow/example_dags/example_branch_day_of_week_operator.py
[2023-12-22 20:50:56,297] {logging_mixin.py:109} INFO - [2023-12-22 20:50:56,297] {dag.py:2398} INFO - Sync 1 DAGs
[2023-12-22 20:50:56,314] {logging_mixin.py:109} INFO - [2023-12-22 20:50:56,314] {dag.py:2937} INFO - Setting next_dagrun for example_weekday_branch_operator to 2023-12-21 00:00:00+00:00
[2023-12-22 20:50:56,323] {processor.py:171} INFO - Processing /home/airflow/.local/lib/python3.6/site-packages/airflow/example_dags/example_branch_day_of_week_operator.py took 0.066 seconds
[2023-12-22 20:51:26,636] {processor.py:163} INFO - Started process (PID=1515) to work on /home/airflow/.local/lib/python3.6/site-packages/airflow/example_dags/example_branch_day_of_week_operator.py
[2023-12-22 20:51:26,637] {processor.py:642} INFO - Processing file /home/airflow/.local/lib/python3.6/site-packages/airflow/example_dags/example_branch_day_of_week_operator.py for tasks to queue
[2023-12-22 20:51:26,638] {logging_mixin.py:109} INFO - [2023-12-22 20:51:26,638] {dagbag.py:500} INFO - Filling up the DagBag from /home/airflow/.local/lib/python3.6/site-packages/airflow/example_dags/example_branch_day_of_week_operator.py
[2023-12-22 20:51:26,649] {processor.py:652} INFO - DAG(s) dict_keys(['example_weekday_branch_operator']) retrieved from /home/airflow/.local/lib/python3.6/site-packages/airflow/example_dags/example_branch_day_of_week_operator.py
[2023-12-22 20:51:26,663] {logging_mixin.py:109} INFO - [2023-12-22 20:51:26,663] {dag.py:2398} INFO - Sync 1 DAGs
[2023-12-22 20:51:26,678] {logging_mixin.py:109} INFO - [2023-12-22 20:51:26,678] {dag.py:2937} INFO - Setting next_dagrun for example_weekday_branch_operator to 2023-12-21 00:00:00+00:00
[2023-12-22 20:51:26,688] {processor.py:171} INFO - Processing /home/airflow/.local/lib/python3.6/site-packages/airflow/example_dags/example_branch_day_of_week_operator.py took 0.054 seconds
[2023-12-22 20:51:57,002] {processor.py:163} INFO - Started process (PID=1580) to work on /home/airflow/.local/lib/python3.6/site-packages/airflow/example_dags/example_branch_day_of_week_operator.py
[2023-12-22 20:51:57,003] {processor.py:642} INFO - Processing file /home/airflow/.local/lib/python3.6/site-packages/airflow/example_dags/example_branch_day_of_week_operator.py for tasks to queue
[2023-12-22 20:51:57,003] {logging_mixin.py:109} INFO - [2023-12-22 20:51:57,003] {dagbag.py:500} INFO - Filling up the DagBag from /home/airflow/.local/lib/python3.6/site-packages/airflow/example_dags/example_branch_day_of_week_operator.py
[2023-12-22 20:51:57,015] {processor.py:652} INFO - DAG(s) dict_keys(['example_weekday_branch_operator']) retrieved from /home/airflow/.local/lib/python3.6/site-packages/airflow/example_dags/example_branch_day_of_week_operator.py
[2023-12-22 20:51:57,029] {logging_mixin.py:109} INFO - [2023-12-22 20:51:57,029] {dag.py:2398} INFO - Sync 1 DAGs
[2023-12-22 20:51:57,045] {logging_mixin.py:109} INFO - [2023-12-22 20:51:57,044] {dag.py:2937} INFO - Setting next_dagrun for example_weekday_branch_operator to 2023-12-21 00:00:00+00:00
[2023-12-22 20:51:57,053] {processor.py:171} INFO - Processing /home/airflow/.local/lib/python3.6/site-packages/airflow/example_dags/example_branch_day_of_week_operator.py took 0.054 seconds
[2023-12-22 20:52:27,764] {processor.py:163} INFO - Started process (PID=1654) to work on /home/airflow/.local/lib/python3.6/site-packages/airflow/example_dags/example_branch_day_of_week_operator.py
[2023-12-22 20:52:27,766] {processor.py:642} INFO - Processing file /home/airflow/.local/lib/python3.6/site-packages/airflow/example_dags/example_branch_day_of_week_operator.py for tasks to queue
[2023-12-22 20:52:27,768] {logging_mixin.py:109} INFO - [2023-12-22 20:52:27,767] {dagbag.py:500} INFO - Filling up the DagBag from /home/airflow/.local/lib/python3.6/site-packages/airflow/example_dags/example_branch_day_of_week_operator.py
[2023-12-22 20:52:27,804] {processor.py:652} INFO - DAG(s) dict_keys(['example_weekday_branch_operator']) retrieved from /home/airflow/.local/lib/python3.6/site-packages/airflow/example_dags/example_branch_day_of_week_operator.py
[2023-12-22 20:52:27,861] {logging_mixin.py:109} INFO - [2023-12-22 20:52:27,861] {dag.py:2398} INFO - Sync 1 DAGs
[2023-12-22 20:52:27,919] {logging_mixin.py:109} INFO - [2023-12-22 20:52:27,919] {dag.py:2937} INFO - Setting next_dagrun for example_weekday_branch_operator to 2023-12-21 00:00:00+00:00
[2023-12-22 20:52:27,948] {processor.py:171} INFO - Processing /home/airflow/.local/lib/python3.6/site-packages/airflow/example_dags/example_branch_day_of_week_operator.py took 0.193 seconds
[2023-12-22 20:52:58,366] {processor.py:163} INFO - Started process (PID=1718) to work on /home/airflow/.local/lib/python3.6/site-packages/airflow/example_dags/example_branch_day_of_week_operator.py
[2023-12-22 20:52:58,369] {processor.py:642} INFO - Processing file /home/airflow/.local/lib/python3.6/site-packages/airflow/example_dags/example_branch_day_of_week_operator.py for tasks to queue
[2023-12-22 20:52:58,370] {logging_mixin.py:109} INFO - [2023-12-22 20:52:58,370] {dagbag.py:500} INFO - Filling up the DagBag from /home/airflow/.local/lib/python3.6/site-packages/airflow/example_dags/example_branch_day_of_week_operator.py
[2023-12-22 20:52:58,386] {processor.py:652} INFO - DAG(s) dict_keys(['example_weekday_branch_operator']) retrieved from /home/airflow/.local/lib/python3.6/site-packages/airflow/example_dags/example_branch_day_of_week_operator.py
[2023-12-22 20:52:58,409] {logging_mixin.py:109} INFO - [2023-12-22 20:52:58,408] {dag.py:2398} INFO - Sync 1 DAGs
[2023-12-22 20:52:58,433] {logging_mixin.py:109} INFO - [2023-12-22 20:52:58,432] {dag.py:2937} INFO - Setting next_dagrun for example_weekday_branch_operator to 2023-12-21 00:00:00+00:00
[2023-12-22 20:52:58,457] {processor.py:171} INFO - Processing /home/airflow/.local/lib/python3.6/site-packages/airflow/example_dags/example_branch_day_of_week_operator.py took 0.094 seconds
[2023-12-22 20:53:29,372] {processor.py:163} INFO - Started process (PID=1792) to work on /home/airflow/.local/lib/python3.6/site-packages/airflow/example_dags/example_branch_day_of_week_operator.py
[2023-12-22 20:53:29,373] {processor.py:642} INFO - Processing file /home/airflow/.local/lib/python3.6/site-packages/airflow/example_dags/example_branch_day_of_week_operator.py for tasks to queue
[2023-12-22 20:53:29,374] {logging_mixin.py:109} INFO - [2023-12-22 20:53:29,374] {dagbag.py:500} INFO - Filling up the DagBag from /home/airflow/.local/lib/python3.6/site-packages/airflow/example_dags/example_branch_day_of_week_operator.py
[2023-12-22 20:53:29,387] {processor.py:652} INFO - DAG(s) dict_keys(['example_weekday_branch_operator']) retrieved from /home/airflow/.local/lib/python3.6/site-packages/airflow/example_dags/example_branch_day_of_week_operator.py
[2023-12-22 20:53:29,407] {logging_mixin.py:109} INFO - [2023-12-22 20:53:29,407] {dag.py:2398} INFO - Sync 1 DAGs
[2023-12-22 20:53:29,429] {logging_mixin.py:109} INFO - [2023-12-22 20:53:29,429] {dag.py:2937} INFO - Setting next_dagrun for example_weekday_branch_operator to 2023-12-21 00:00:00+00:00
[2023-12-22 20:53:29,437] {processor.py:171} INFO - Processing /home/airflow/.local/lib/python3.6/site-packages/airflow/example_dags/example_branch_day_of_week_operator.py took 0.067 seconds
[2023-12-22 20:53:59,687] {processor.py:163} INFO - Started process (PID=1856) to work on /home/airflow/.local/lib/python3.6/site-packages/airflow/example_dags/example_branch_day_of_week_operator.py
[2023-12-22 20:53:59,688] {processor.py:642} INFO - Processing file /home/airflow/.local/lib/python3.6/site-packages/airflow/example_dags/example_branch_day_of_week_operator.py for tasks to queue
[2023-12-22 20:53:59,689] {logging_mixin.py:109} INFO - [2023-12-22 20:53:59,689] {dagbag.py:500} INFO - Filling up the DagBag from /home/airflow/.local/lib/python3.6/site-packages/airflow/example_dags/example_branch_day_of_week_operator.py
[2023-12-22 20:53:59,704] {processor.py:652} INFO - DAG(s) dict_keys(['example_weekday_branch_operator']) retrieved from /home/airflow/.local/lib/python3.6/site-packages/airflow/example_dags/example_branch_day_of_week_operator.py
[2023-12-22 20:53:59,725] {logging_mixin.py:109} INFO - [2023-12-22 20:53:59,725] {dag.py:2398} INFO - Sync 1 DAGs
[2023-12-22 20:53:59,742] {logging_mixin.py:109} INFO - [2023-12-22 20:53:59,742] {dag.py:2937} INFO - Setting next_dagrun for example_weekday_branch_operator to 2023-12-21 00:00:00+00:00
[2023-12-22 20:53:59,752] {processor.py:171} INFO - Processing /home/airflow/.local/lib/python3.6/site-packages/airflow/example_dags/example_branch_day_of_week_operator.py took 0.068 seconds
[2023-12-22 20:54:30,488] {processor.py:163} INFO - Started process (PID=1929) to work on /home/airflow/.local/lib/python3.6/site-packages/airflow/example_dags/example_branch_day_of_week_operator.py
[2023-12-22 20:54:30,490] {processor.py:642} INFO - Processing file /home/airflow/.local/lib/python3.6/site-packages/airflow/example_dags/example_branch_day_of_week_operator.py for tasks to queue
[2023-12-22 20:54:30,491] {logging_mixin.py:109} INFO - [2023-12-22 20:54:30,491] {dagbag.py:500} INFO - Filling up the DagBag from /home/airflow/.local/lib/python3.6/site-packages/airflow/example_dags/example_branch_day_of_week_operator.py
[2023-12-22 20:54:30,505] {processor.py:652} INFO - DAG(s) dict_keys(['example_weekday_branch_operator']) retrieved from /home/airflow/.local/lib/python3.6/site-packages/airflow/example_dags/example_branch_day_of_week_operator.py
[2023-12-22 20:54:30,533] {logging_mixin.py:109} INFO - [2023-12-22 20:54:30,533] {dag.py:2398} INFO - Sync 1 DAGs
[2023-12-22 20:54:30,558] {logging_mixin.py:109} INFO - [2023-12-22 20:54:30,558] {dag.py:2937} INFO - Setting next_dagrun for example_weekday_branch_operator to 2023-12-21 00:00:00+00:00
[2023-12-22 20:54:30,572] {processor.py:171} INFO - Processing /home/airflow/.local/lib/python3.6/site-packages/airflow/example_dags/example_branch_day_of_week_operator.py took 0.086 seconds
[2023-12-22 20:55:01,072] {processor.py:163} INFO - Started process (PID=1993) to work on /home/airflow/.local/lib/python3.6/site-packages/airflow/example_dags/example_branch_day_of_week_operator.py
[2023-12-22 20:55:01,073] {processor.py:642} INFO - Processing file /home/airflow/.local/lib/python3.6/site-packages/airflow/example_dags/example_branch_day_of_week_operator.py for tasks to queue
[2023-12-22 20:55:01,074] {logging_mixin.py:109} INFO - [2023-12-22 20:55:01,074] {dagbag.py:500} INFO - Filling up the DagBag from /home/airflow/.local/lib/python3.6/site-packages/airflow/example_dags/example_branch_day_of_week_operator.py
[2023-12-22 20:55:01,084] {processor.py:652} INFO - DAG(s) dict_keys(['example_weekday_branch_operator']) retrieved from /home/airflow/.local/lib/python3.6/site-packages/airflow/example_dags/example_branch_day_of_week_operator.py
[2023-12-22 20:55:01,102] {logging_mixin.py:109} INFO - [2023-12-22 20:55:01,102] {dag.py:2398} INFO - Sync 1 DAGs
[2023-12-22 20:55:01,120] {logging_mixin.py:109} INFO - [2023-12-22 20:55:01,120] {dag.py:2937} INFO - Setting next_dagrun for example_weekday_branch_operator to 2023-12-21 00:00:00+00:00
[2023-12-22 20:55:01,129] {processor.py:171} INFO - Processing /home/airflow/.local/lib/python3.6/site-packages/airflow/example_dags/example_branch_day_of_week_operator.py took 0.060 seconds
[2023-12-22 20:55:31,544] {processor.py:163} INFO - Started process (PID=2067) to work on /home/airflow/.local/lib/python3.6/site-packages/airflow/example_dags/example_branch_day_of_week_operator.py
[2023-12-22 20:55:31,546] {processor.py:642} INFO - Processing file /home/airflow/.local/lib/python3.6/site-packages/airflow/example_dags/example_branch_day_of_week_operator.py for tasks to queue
[2023-12-22 20:55:31,546] {logging_mixin.py:109} INFO - [2023-12-22 20:55:31,546] {dagbag.py:500} INFO - Filling up the DagBag from /home/airflow/.local/lib/python3.6/site-packages/airflow/example_dags/example_branch_day_of_week_operator.py
[2023-12-22 20:55:31,561] {processor.py:652} INFO - DAG(s) dict_keys(['example_weekday_branch_operator']) retrieved from /home/airflow/.local/lib/python3.6/site-packages/airflow/example_dags/example_branch_day_of_week_operator.py
[2023-12-22 20:55:31,577] {logging_mixin.py:109} INFO - [2023-12-22 20:55:31,577] {dag.py:2398} INFO - Sync 1 DAGs
[2023-12-22 20:55:31,594] {logging_mixin.py:109} INFO - [2023-12-22 20:55:31,594] {dag.py:2937} INFO - Setting next_dagrun for example_weekday_branch_operator to 2023-12-21 00:00:00+00:00
[2023-12-22 20:55:31,603] {processor.py:171} INFO - Processing /home/airflow/.local/lib/python3.6/site-packages/airflow/example_dags/example_branch_day_of_week_operator.py took 0.062 seconds
[2023-12-22 20:56:01,846] {processor.py:163} INFO - Started process (PID=2129) to work on /home/airflow/.local/lib/python3.6/site-packages/airflow/example_dags/example_branch_day_of_week_operator.py
[2023-12-22 20:56:01,847] {processor.py:642} INFO - Processing file /home/airflow/.local/lib/python3.6/site-packages/airflow/example_dags/example_branch_day_of_week_operator.py for tasks to queue
[2023-12-22 20:56:01,848] {logging_mixin.py:109} INFO - [2023-12-22 20:56:01,848] {dagbag.py:500} INFO - Filling up the DagBag from /home/airflow/.local/lib/python3.6/site-packages/airflow/example_dags/example_branch_day_of_week_operator.py
[2023-12-22 20:56:01,863] {processor.py:652} INFO - DAG(s) dict_keys(['example_weekday_branch_operator']) retrieved from /home/airflow/.local/lib/python3.6/site-packages/airflow/example_dags/example_branch_day_of_week_operator.py
[2023-12-22 20:56:01,880] {logging_mixin.py:109} INFO - [2023-12-22 20:56:01,880] {dag.py:2398} INFO - Sync 1 DAGs
[2023-12-22 20:56:01,898] {logging_mixin.py:109} INFO - [2023-12-22 20:56:01,898] {dag.py:2937} INFO - Setting next_dagrun for example_weekday_branch_operator to 2023-12-21 00:00:00+00:00
[2023-12-22 20:56:01,907] {processor.py:171} INFO - Processing /home/airflow/.local/lib/python3.6/site-packages/airflow/example_dags/example_branch_day_of_week_operator.py took 0.064 seconds
[2023-12-22 20:56:32,257] {processor.py:163} INFO - Started process (PID=2202) to work on /home/airflow/.local/lib/python3.6/site-packages/airflow/example_dags/example_branch_day_of_week_operator.py
[2023-12-22 20:56:32,259] {processor.py:642} INFO - Processing file /home/airflow/.local/lib/python3.6/site-packages/airflow/example_dags/example_branch_day_of_week_operator.py for tasks to queue
[2023-12-22 20:56:32,260] {logging_mixin.py:109} INFO - [2023-12-22 20:56:32,260] {dagbag.py:500} INFO - Filling up the DagBag from /home/airflow/.local/lib/python3.6/site-packages/airflow/example_dags/example_branch_day_of_week_operator.py
[2023-12-22 20:56:32,272] {processor.py:652} INFO - DAG(s) dict_keys(['example_weekday_branch_operator']) retrieved from /home/airflow/.local/lib/python3.6/site-packages/airflow/example_dags/example_branch_day_of_week_operator.py
[2023-12-22 20:56:32,291] {logging_mixin.py:109} INFO - [2023-12-22 20:56:32,291] {dag.py:2398} INFO - Sync 1 DAGs
[2023-12-22 20:56:32,316] {logging_mixin.py:109} INFO - [2023-12-22 20:56:32,315] {dag.py:2937} INFO - Setting next_dagrun for example_weekday_branch_operator to 2023-12-21 00:00:00+00:00
[2023-12-22 20:56:32,325] {processor.py:171} INFO - Processing /home/airflow/.local/lib/python3.6/site-packages/airflow/example_dags/example_branch_day_of_week_operator.py took 0.070 seconds
[2023-12-22 20:57:02,503] {processor.py:163} INFO - Started process (PID=2266) to work on /home/airflow/.local/lib/python3.6/site-packages/airflow/example_dags/example_branch_day_of_week_operator.py
[2023-12-22 20:57:02,505] {processor.py:642} INFO - Processing file /home/airflow/.local/lib/python3.6/site-packages/airflow/example_dags/example_branch_day_of_week_operator.py for tasks to queue
[2023-12-22 20:57:02,506] {logging_mixin.py:109} INFO - [2023-12-22 20:57:02,506] {dagbag.py:500} INFO - Filling up the DagBag from /home/airflow/.local/lib/python3.6/site-packages/airflow/example_dags/example_branch_day_of_week_operator.py
[2023-12-22 20:57:02,520] {processor.py:652} INFO - DAG(s) dict_keys(['example_weekday_branch_operator']) retrieved from /home/airflow/.local/lib/python3.6/site-packages/airflow/example_dags/example_branch_day_of_week_operator.py
[2023-12-22 20:57:02,543] {logging_mixin.py:109} INFO - [2023-12-22 20:57:02,543] {dag.py:2398} INFO - Sync 1 DAGs
[2023-12-22 20:57:02,571] {logging_mixin.py:109} INFO - [2023-12-22 20:57:02,571] {dag.py:2937} INFO - Setting next_dagrun for example_weekday_branch_operator to 2023-12-21 00:00:00+00:00
[2023-12-22 20:57:02,582] {processor.py:171} INFO - Processing /home/airflow/.local/lib/python3.6/site-packages/airflow/example_dags/example_branch_day_of_week_operator.py took 0.081 seconds
[2023-12-22 20:57:32,818] {processor.py:163} INFO - Started process (PID=2340) to work on /home/airflow/.local/lib/python3.6/site-packages/airflow/example_dags/example_branch_day_of_week_operator.py
[2023-12-22 20:57:32,819] {processor.py:642} INFO - Processing file /home/airflow/.local/lib/python3.6/site-packages/airflow/example_dags/example_branch_day_of_week_operator.py for tasks to queue
[2023-12-22 20:57:32,820] {logging_mixin.py:109} INFO - [2023-12-22 20:57:32,820] {dagbag.py:500} INFO - Filling up the DagBag from /home/airflow/.local/lib/python3.6/site-packages/airflow/example_dags/example_branch_day_of_week_operator.py
[2023-12-22 20:57:32,833] {processor.py:652} INFO - DAG(s) dict_keys(['example_weekday_branch_operator']) retrieved from /home/airflow/.local/lib/python3.6/site-packages/airflow/example_dags/example_branch_day_of_week_operator.py
[2023-12-22 20:57:32,849] {logging_mixin.py:109} INFO - [2023-12-22 20:57:32,849] {dag.py:2398} INFO - Sync 1 DAGs
[2023-12-22 20:57:32,867] {logging_mixin.py:109} INFO - [2023-12-22 20:57:32,867] {dag.py:2937} INFO - Setting next_dagrun for example_weekday_branch_operator to 2023-12-21 00:00:00+00:00
[2023-12-22 20:57:32,876] {processor.py:171} INFO - Processing /home/airflow/.local/lib/python3.6/site-packages/airflow/example_dags/example_branch_day_of_week_operator.py took 0.061 seconds
[2023-12-22 20:58:03,635] {processor.py:163} INFO - Started process (PID=2404) to work on /home/airflow/.local/lib/python3.6/site-packages/airflow/example_dags/example_branch_day_of_week_operator.py
[2023-12-22 20:58:03,637] {processor.py:642} INFO - Processing file /home/airflow/.local/lib/python3.6/site-packages/airflow/example_dags/example_branch_day_of_week_operator.py for tasks to queue
[2023-12-22 20:58:03,638] {logging_mixin.py:109} INFO - [2023-12-22 20:58:03,638] {dagbag.py:500} INFO - Filling up the DagBag from /home/airflow/.local/lib/python3.6/site-packages/airflow/example_dags/example_branch_day_of_week_operator.py
[2023-12-22 20:58:03,663] {processor.py:652} INFO - DAG(s) dict_keys(['example_weekday_branch_operator']) retrieved from /home/airflow/.local/lib/python3.6/site-packages/airflow/example_dags/example_branch_day_of_week_operator.py
[2023-12-22 20:58:03,692] {logging_mixin.py:109} INFO - [2023-12-22 20:58:03,692] {dag.py:2398} INFO - Sync 1 DAGs
[2023-12-22 20:58:03,718] {logging_mixin.py:109} INFO - [2023-12-22 20:58:03,718] {dag.py:2937} INFO - Setting next_dagrun for example_weekday_branch_operator to 2023-12-21 00:00:00+00:00
[2023-12-22 20:58:03,733] {processor.py:171} INFO - Processing /home/airflow/.local/lib/python3.6/site-packages/airflow/example_dags/example_branch_day_of_week_operator.py took 0.101 seconds
[2023-12-22 20:58:34,069] {processor.py:163} INFO - Started process (PID=2477) to work on /home/airflow/.local/lib/python3.6/site-packages/airflow/example_dags/example_branch_day_of_week_operator.py
[2023-12-22 20:58:34,071] {processor.py:642} INFO - Processing file /home/airflow/.local/lib/python3.6/site-packages/airflow/example_dags/example_branch_day_of_week_operator.py for tasks to queue
[2023-12-22 20:58:34,072] {logging_mixin.py:109} INFO - [2023-12-22 20:58:34,072] {dagbag.py:500} INFO - Filling up the DagBag from /home/airflow/.local/lib/python3.6/site-packages/airflow/example_dags/example_branch_day_of_week_operator.py
[2023-12-22 20:58:34,093] {processor.py:652} INFO - DAG(s) dict_keys(['example_weekday_branch_operator']) retrieved from /home/airflow/.local/lib/python3.6/site-packages/airflow/example_dags/example_branch_day_of_week_operator.py
[2023-12-22 20:58:34,123] {logging_mixin.py:109} INFO - [2023-12-22 20:58:34,123] {dag.py:2398} INFO - Sync 1 DAGs
[2023-12-22 20:58:34,160] {logging_mixin.py:109} INFO - [2023-12-22 20:58:34,159] {dag.py:2937} INFO - Setting next_dagrun for example_weekday_branch_operator to 2023-12-21 00:00:00+00:00
[2023-12-22 20:58:34,176] {processor.py:171} INFO - Processing /home/airflow/.local/lib/python3.6/site-packages/airflow/example_dags/example_branch_day_of_week_operator.py took 0.111 seconds
[2023-12-22 20:59:04,648] {processor.py:163} INFO - Started process (PID=2541) to work on /home/airflow/.local/lib/python3.6/site-packages/airflow/example_dags/example_branch_day_of_week_operator.py
[2023-12-22 20:59:04,653] {processor.py:642} INFO - Processing file /home/airflow/.local/lib/python3.6/site-packages/airflow/example_dags/example_branch_day_of_week_operator.py for tasks to queue
[2023-12-22 20:59:04,668] {logging_mixin.py:109} INFO - [2023-12-22 20:59:04,667] {dagbag.py:500} INFO - Filling up the DagBag from /home/airflow/.local/lib/python3.6/site-packages/airflow/example_dags/example_branch_day_of_week_operator.py
[2023-12-22 20:59:04,746] {processor.py:652} INFO - DAG(s) dict_keys(['example_weekday_branch_operator']) retrieved from /home/airflow/.local/lib/python3.6/site-packages/airflow/example_dags/example_branch_day_of_week_operator.py
[2023-12-22 20:59:04,815] {logging_mixin.py:109} INFO - [2023-12-22 20:59:04,814] {dag.py:2398} INFO - Sync 1 DAGs
[2023-12-22 20:59:04,876] {logging_mixin.py:109} INFO - [2023-12-22 20:59:04,876] {dag.py:2937} INFO - Setting next_dagrun for example_weekday_branch_operator to 2023-12-21 00:00:00+00:00
[2023-12-22 20:59:04,906] {processor.py:171} INFO - Processing /home/airflow/.local/lib/python3.6/site-packages/airflow/example_dags/example_branch_day_of_week_operator.py took 0.263 seconds
[2023-12-22 20:59:35,095] {processor.py:163} INFO - Started process (PID=2605) to work on /home/airflow/.local/lib/python3.6/site-packages/airflow/example_dags/example_branch_day_of_week_operator.py
[2023-12-22 20:59:35,097] {processor.py:642} INFO - Processing file /home/airflow/.local/lib/python3.6/site-packages/airflow/example_dags/example_branch_day_of_week_operator.py for tasks to queue
[2023-12-22 20:59:35,098] {logging_mixin.py:109} INFO - [2023-12-22 20:59:35,098] {dagbag.py:500} INFO - Filling up the DagBag from /home/airflow/.local/lib/python3.6/site-packages/airflow/example_dags/example_branch_day_of_week_operator.py
[2023-12-22 20:59:35,125] {processor.py:652} INFO - DAG(s) dict_keys(['example_weekday_branch_operator']) retrieved from /home/airflow/.local/lib/python3.6/site-packages/airflow/example_dags/example_branch_day_of_week_operator.py
[2023-12-22 20:59:35,157] {logging_mixin.py:109} INFO - [2023-12-22 20:59:35,157] {dag.py:2398} INFO - Sync 1 DAGs
[2023-12-22 20:59:35,191] {logging_mixin.py:109} INFO - [2023-12-22 20:59:35,191] {dag.py:2937} INFO - Setting next_dagrun for example_weekday_branch_operator to 2023-12-21 00:00:00+00:00
[2023-12-22 20:59:35,208] {processor.py:171} INFO - Processing /home/airflow/.local/lib/python3.6/site-packages/airflow/example_dags/example_branch_day_of_week_operator.py took 0.118 seconds
[2023-12-22 21:00:06,054] {processor.py:163} INFO - Started process (PID=2668) to work on /home/airflow/.local/lib/python3.6/site-packages/airflow/example_dags/example_branch_day_of_week_operator.py
[2023-12-22 21:00:06,059] {processor.py:642} INFO - Processing file /home/airflow/.local/lib/python3.6/site-packages/airflow/example_dags/example_branch_day_of_week_operator.py for tasks to queue
[2023-12-22 21:00:06,062] {logging_mixin.py:109} INFO - [2023-12-22 21:00:06,062] {dagbag.py:500} INFO - Filling up the DagBag from /home/airflow/.local/lib/python3.6/site-packages/airflow/example_dags/example_branch_day_of_week_operator.py
[2023-12-22 21:00:06,112] {processor.py:652} INFO - DAG(s) dict_keys(['example_weekday_branch_operator']) retrieved from /home/airflow/.local/lib/python3.6/site-packages/airflow/example_dags/example_branch_day_of_week_operator.py
[2023-12-22 21:00:06,196] {logging_mixin.py:109} INFO - [2023-12-22 21:00:06,196] {dag.py:2398} INFO - Sync 1 DAGs
[2023-12-22 21:00:06,303] {logging_mixin.py:109} INFO - [2023-12-22 21:00:06,302] {dag.py:2937} INFO - Setting next_dagrun for example_weekday_branch_operator to 2023-12-21 00:00:00+00:00
[2023-12-22 21:00:06,337] {processor.py:171} INFO - Processing /home/airflow/.local/lib/python3.6/site-packages/airflow/example_dags/example_branch_day_of_week_operator.py took 0.290 seconds
[2023-12-22 21:00:37,521] {processor.py:163} INFO - Started process (PID=2732) to work on /home/airflow/.local/lib/python3.6/site-packages/airflow/example_dags/example_branch_day_of_week_operator.py
[2023-12-22 21:00:37,524] {processor.py:642} INFO - Processing file /home/airflow/.local/lib/python3.6/site-packages/airflow/example_dags/example_branch_day_of_week_operator.py for tasks to queue
[2023-12-22 21:00:37,526] {logging_mixin.py:109} INFO - [2023-12-22 21:00:37,526] {dagbag.py:500} INFO - Filling up the DagBag from /home/airflow/.local/lib/python3.6/site-packages/airflow/example_dags/example_branch_day_of_week_operator.py
[2023-12-22 21:00:37,576] {processor.py:652} INFO - DAG(s) dict_keys(['example_weekday_branch_operator']) retrieved from /home/airflow/.local/lib/python3.6/site-packages/airflow/example_dags/example_branch_day_of_week_operator.py
[2023-12-22 21:00:37,653] {logging_mixin.py:109} INFO - [2023-12-22 21:00:37,652] {dag.py:2398} INFO - Sync 1 DAGs
[2023-12-22 21:00:37,713] {logging_mixin.py:109} INFO - [2023-12-22 21:00:37,713] {dag.py:2937} INFO - Setting next_dagrun for example_weekday_branch_operator to 2023-12-21 00:00:00+00:00
[2023-12-22 21:00:37,754] {processor.py:171} INFO - Processing /home/airflow/.local/lib/python3.6/site-packages/airflow/example_dags/example_branch_day_of_week_operator.py took 0.242 seconds
[2023-12-22 21:01:08,654] {processor.py:163} INFO - Started process (PID=2796) to work on /home/airflow/.local/lib/python3.6/site-packages/airflow/example_dags/example_branch_day_of_week_operator.py
[2023-12-22 21:01:08,655] {processor.py:642} INFO - Processing file /home/airflow/.local/lib/python3.6/site-packages/airflow/example_dags/example_branch_day_of_week_operator.py for tasks to queue
[2023-12-22 21:01:08,656] {logging_mixin.py:109} INFO - [2023-12-22 21:01:08,656] {dagbag.py:500} INFO - Filling up the DagBag from /home/airflow/.local/lib/python3.6/site-packages/airflow/example_dags/example_branch_day_of_week_operator.py
[2023-12-22 21:01:08,674] {processor.py:652} INFO - DAG(s) dict_keys(['example_weekday_branch_operator']) retrieved from /home/airflow/.local/lib/python3.6/site-packages/airflow/example_dags/example_branch_day_of_week_operator.py
[2023-12-22 21:01:08,696] {logging_mixin.py:109} INFO - [2023-12-22 21:01:08,696] {dag.py:2398} INFO - Sync 1 DAGs
[2023-12-22 21:01:08,719] {logging_mixin.py:109} INFO - [2023-12-22 21:01:08,719] {dag.py:2937} INFO - Setting next_dagrun for example_weekday_branch_operator to 2023-12-21 00:00:00+00:00
[2023-12-22 21:01:08,742] {processor.py:171} INFO - Processing /home/airflow/.local/lib/python3.6/site-packages/airflow/example_dags/example_branch_day_of_week_operator.py took 0.092 seconds
[2023-12-22 21:01:40,087] {processor.py:163} INFO - Started process (PID=2871) to work on /home/airflow/.local/lib/python3.6/site-packages/airflow/example_dags/example_branch_day_of_week_operator.py
[2023-12-22 21:01:40,089] {processor.py:642} INFO - Processing file /home/airflow/.local/lib/python3.6/site-packages/airflow/example_dags/example_branch_day_of_week_operator.py for tasks to queue
[2023-12-22 21:01:40,090] {logging_mixin.py:109} INFO - [2023-12-22 21:01:40,090] {dagbag.py:500} INFO - Filling up the DagBag from /home/airflow/.local/lib/python3.6/site-packages/airflow/example_dags/example_branch_day_of_week_operator.py
[2023-12-22 21:01:40,110] {processor.py:652} INFO - DAG(s) dict_keys(['example_weekday_branch_operator']) retrieved from /home/airflow/.local/lib/python3.6/site-packages/airflow/example_dags/example_branch_day_of_week_operator.py
[2023-12-22 21:01:40,138] {logging_mixin.py:109} INFO - [2023-12-22 21:01:40,138] {dag.py:2398} INFO - Sync 1 DAGs
[2023-12-22 21:01:40,161] {logging_mixin.py:109} INFO - [2023-12-22 21:01:40,161] {dag.py:2937} INFO - Setting next_dagrun for example_weekday_branch_operator to 2023-12-21 00:00:00+00:00
[2023-12-22 21:01:40,174] {processor.py:171} INFO - Processing /home/airflow/.local/lib/python3.6/site-packages/airflow/example_dags/example_branch_day_of_week_operator.py took 0.090 seconds
[2023-12-22 21:02:10,558] {processor.py:163} INFO - Started process (PID=2935) to work on /home/airflow/.local/lib/python3.6/site-packages/airflow/example_dags/example_branch_day_of_week_operator.py
[2023-12-22 21:02:10,559] {processor.py:642} INFO - Processing file /home/airflow/.local/lib/python3.6/site-packages/airflow/example_dags/example_branch_day_of_week_operator.py for tasks to queue
[2023-12-22 21:02:10,562] {logging_mixin.py:109} INFO - [2023-12-22 21:02:10,562] {dagbag.py:500} INFO - Filling up the DagBag from /home/airflow/.local/lib/python3.6/site-packages/airflow/example_dags/example_branch_day_of_week_operator.py
[2023-12-22 21:02:10,577] {processor.py:652} INFO - DAG(s) dict_keys(['example_weekday_branch_operator']) retrieved from /home/airflow/.local/lib/python3.6/site-packages/airflow/example_dags/example_branch_day_of_week_operator.py
[2023-12-22 21:02:10,597] {logging_mixin.py:109} INFO - [2023-12-22 21:02:10,597] {dag.py:2398} INFO - Sync 1 DAGs
[2023-12-22 21:02:10,619] {logging_mixin.py:109} INFO - [2023-12-22 21:02:10,619] {dag.py:2937} INFO - Setting next_dagrun for example_weekday_branch_operator to 2023-12-21 00:00:00+00:00
[2023-12-22 21:02:10,643] {processor.py:171} INFO - Processing /home/airflow/.local/lib/python3.6/site-packages/airflow/example_dags/example_branch_day_of_week_operator.py took 0.088 seconds
[2023-12-22 21:02:41,687] {processor.py:163} INFO - Started process (PID=3010) to work on /home/airflow/.local/lib/python3.6/site-packages/airflow/example_dags/example_branch_day_of_week_operator.py
[2023-12-22 21:02:41,688] {processor.py:642} INFO - Processing file /home/airflow/.local/lib/python3.6/site-packages/airflow/example_dags/example_branch_day_of_week_operator.py for tasks to queue
[2023-12-22 21:02:41,689] {logging_mixin.py:109} INFO - [2023-12-22 21:02:41,689] {dagbag.py:500} INFO - Filling up the DagBag from /home/airflow/.local/lib/python3.6/site-packages/airflow/example_dags/example_branch_day_of_week_operator.py
[2023-12-22 21:02:41,703] {processor.py:652} INFO - DAG(s) dict_keys(['example_weekday_branch_operator']) retrieved from /home/airflow/.local/lib/python3.6/site-packages/airflow/example_dags/example_branch_day_of_week_operator.py
[2023-12-22 21:02:41,723] {logging_mixin.py:109} INFO - [2023-12-22 21:02:41,723] {dag.py:2398} INFO - Sync 1 DAGs
[2023-12-22 21:02:41,743] {logging_mixin.py:109} INFO - [2023-12-22 21:02:41,743] {dag.py:2937} INFO - Setting next_dagrun for example_weekday_branch_operator to 2023-12-21 00:00:00+00:00
[2023-12-22 21:02:41,753] {processor.py:171} INFO - Processing /home/airflow/.local/lib/python3.6/site-packages/airflow/example_dags/example_branch_day_of_week_operator.py took 0.068 seconds
[2023-12-22 21:03:12,275] {processor.py:163} INFO - Started process (PID=3074) to work on /home/airflow/.local/lib/python3.6/site-packages/airflow/example_dags/example_branch_day_of_week_operator.py
[2023-12-22 21:03:12,276] {processor.py:642} INFO - Processing file /home/airflow/.local/lib/python3.6/site-packages/airflow/example_dags/example_branch_day_of_week_operator.py for tasks to queue
[2023-12-22 21:03:12,277] {logging_mixin.py:109} INFO - [2023-12-22 21:03:12,277] {dagbag.py:500} INFO - Filling up the DagBag from /home/airflow/.local/lib/python3.6/site-packages/airflow/example_dags/example_branch_day_of_week_operator.py
[2023-12-22 21:03:12,291] {processor.py:652} INFO - DAG(s) dict_keys(['example_weekday_branch_operator']) retrieved from /home/airflow/.local/lib/python3.6/site-packages/airflow/example_dags/example_branch_day_of_week_operator.py
[2023-12-22 21:03:12,311] {logging_mixin.py:109} INFO - [2023-12-22 21:03:12,311] {dag.py:2398} INFO - Sync 1 DAGs
[2023-12-22 21:03:12,331] {logging_mixin.py:109} INFO - [2023-12-22 21:03:12,331] {dag.py:2937} INFO - Setting next_dagrun for example_weekday_branch_operator to 2023-12-21 00:00:00+00:00
[2023-12-22 21:03:12,343] {processor.py:171} INFO - Processing /home/airflow/.local/lib/python3.6/site-packages/airflow/example_dags/example_branch_day_of_week_operator.py took 0.070 seconds
[2023-12-22 21:03:43,473] {processor.py:163} INFO - Started process (PID=3147) to work on /home/airflow/.local/lib/python3.6/site-packages/airflow/example_dags/example_branch_day_of_week_operator.py
[2023-12-22 21:03:43,474] {processor.py:642} INFO - Processing file /home/airflow/.local/lib/python3.6/site-packages/airflow/example_dags/example_branch_day_of_week_operator.py for tasks to queue
[2023-12-22 21:03:43,475] {logging_mixin.py:109} INFO - [2023-12-22 21:03:43,475] {dagbag.py:500} INFO - Filling up the DagBag from /home/airflow/.local/lib/python3.6/site-packages/airflow/example_dags/example_branch_day_of_week_operator.py
[2023-12-22 21:03:43,489] {processor.py:652} INFO - DAG(s) dict_keys(['example_weekday_branch_operator']) retrieved from /home/airflow/.local/lib/python3.6/site-packages/airflow/example_dags/example_branch_day_of_week_operator.py
[2023-12-22 21:03:43,506] {logging_mixin.py:109} INFO - [2023-12-22 21:03:43,506] {dag.py:2398} INFO - Sync 1 DAGs
[2023-12-22 21:03:43,522] {logging_mixin.py:109} INFO - [2023-12-22 21:03:43,521] {dag.py:2937} INFO - Setting next_dagrun for example_weekday_branch_operator to 2023-12-21 00:00:00+00:00
[2023-12-22 21:03:43,531] {processor.py:171} INFO - Processing /home/airflow/.local/lib/python3.6/site-packages/airflow/example_dags/example_branch_day_of_week_operator.py took 0.061 seconds
[2023-12-22 21:04:14,532] {processor.py:163} INFO - Started process (PID=3221) to work on /home/airflow/.local/lib/python3.6/site-packages/airflow/example_dags/example_branch_day_of_week_operator.py
[2023-12-22 21:04:14,534] {processor.py:642} INFO - Processing file /home/airflow/.local/lib/python3.6/site-packages/airflow/example_dags/example_branch_day_of_week_operator.py for tasks to queue
[2023-12-22 21:04:14,535] {logging_mixin.py:109} INFO - [2023-12-22 21:04:14,535] {dagbag.py:500} INFO - Filling up the DagBag from /home/airflow/.local/lib/python3.6/site-packages/airflow/example_dags/example_branch_day_of_week_operator.py
[2023-12-22 21:04:14,547] {processor.py:652} INFO - DAG(s) dict_keys(['example_weekday_branch_operator']) retrieved from /home/airflow/.local/lib/python3.6/site-packages/airflow/example_dags/example_branch_day_of_week_operator.py
[2023-12-22 21:04:14,567] {logging_mixin.py:109} INFO - [2023-12-22 21:04:14,567] {dag.py:2398} INFO - Sync 1 DAGs
[2023-12-22 21:04:14,591] {logging_mixin.py:109} INFO - [2023-12-22 21:04:14,591] {dag.py:2937} INFO - Setting next_dagrun for example_weekday_branch_operator to 2023-12-21 00:00:00+00:00
[2023-12-22 21:04:14,601] {processor.py:171} INFO - Processing /home/airflow/.local/lib/python3.6/site-packages/airflow/example_dags/example_branch_day_of_week_operator.py took 0.071 seconds
[2023-12-22 21:04:44,911] {processor.py:163} INFO - Started process (PID=3285) to work on /home/airflow/.local/lib/python3.6/site-packages/airflow/example_dags/example_branch_day_of_week_operator.py
[2023-12-22 21:04:44,912] {processor.py:642} INFO - Processing file /home/airflow/.local/lib/python3.6/site-packages/airflow/example_dags/example_branch_day_of_week_operator.py for tasks to queue
[2023-12-22 21:04:44,913] {logging_mixin.py:109} INFO - [2023-12-22 21:04:44,913] {dagbag.py:500} INFO - Filling up the DagBag from /home/airflow/.local/lib/python3.6/site-packages/airflow/example_dags/example_branch_day_of_week_operator.py
[2023-12-22 21:04:44,926] {processor.py:652} INFO - DAG(s) dict_keys(['example_weekday_branch_operator']) retrieved from /home/airflow/.local/lib/python3.6/site-packages/airflow/example_dags/example_branch_day_of_week_operator.py
[2023-12-22 21:04:44,942] {logging_mixin.py:109} INFO - [2023-12-22 21:04:44,942] {dag.py:2398} INFO - Sync 1 DAGs
[2023-12-22 21:04:44,960] {logging_mixin.py:109} INFO - [2023-12-22 21:04:44,959] {dag.py:2937} INFO - Setting next_dagrun for example_weekday_branch_operator to 2023-12-21 00:00:00+00:00
[2023-12-22 21:04:44,967] {processor.py:171} INFO - Processing /home/airflow/.local/lib/python3.6/site-packages/airflow/example_dags/example_branch_day_of_week_operator.py took 0.059 seconds
[2023-12-22 21:05:16,213] {processor.py:163} INFO - Started process (PID=3359) to work on /home/airflow/.local/lib/python3.6/site-packages/airflow/example_dags/example_branch_day_of_week_operator.py
[2023-12-22 21:05:16,215] {processor.py:642} INFO - Processing file /home/airflow/.local/lib/python3.6/site-packages/airflow/example_dags/example_branch_day_of_week_operator.py for tasks to queue
[2023-12-22 21:05:16,215] {logging_mixin.py:109} INFO - [2023-12-22 21:05:16,215] {dagbag.py:500} INFO - Filling up the DagBag from /home/airflow/.local/lib/python3.6/site-packages/airflow/example_dags/example_branch_day_of_week_operator.py
[2023-12-22 21:05:16,231] {processor.py:652} INFO - DAG(s) dict_keys(['example_weekday_branch_operator']) retrieved from /home/airflow/.local/lib/python3.6/site-packages/airflow/example_dags/example_branch_day_of_week_operator.py
[2023-12-22 21:05:16,250] {logging_mixin.py:109} INFO - [2023-12-22 21:05:16,250] {dag.py:2398} INFO - Sync 1 DAGs
[2023-12-22 21:05:16,267] {logging_mixin.py:109} INFO - [2023-12-22 21:05:16,267] {dag.py:2937} INFO - Setting next_dagrun for example_weekday_branch_operator to 2023-12-21 00:00:00+00:00
[2023-12-22 21:05:16,275] {processor.py:171} INFO - Processing /home/airflow/.local/lib/python3.6/site-packages/airflow/example_dags/example_branch_day_of_week_operator.py took 0.066 seconds
[2023-12-22 21:05:46,535] {processor.py:163} INFO - Started process (PID=3423) to work on /home/airflow/.local/lib/python3.6/site-packages/airflow/example_dags/example_branch_day_of_week_operator.py
[2023-12-22 21:05:46,536] {processor.py:642} INFO - Processing file /home/airflow/.local/lib/python3.6/site-packages/airflow/example_dags/example_branch_day_of_week_operator.py for tasks to queue
[2023-12-22 21:05:46,537] {logging_mixin.py:109} INFO - [2023-12-22 21:05:46,537] {dagbag.py:500} INFO - Filling up the DagBag from /home/airflow/.local/lib/python3.6/site-packages/airflow/example_dags/example_branch_day_of_week_operator.py
[2023-12-22 21:05:46,548] {processor.py:652} INFO - DAG(s) dict_keys(['example_weekday_branch_operator']) retrieved from /home/airflow/.local/lib/python3.6/site-packages/airflow/example_dags/example_branch_day_of_week_operator.py
[2023-12-22 21:05:46,567] {logging_mixin.py:109} INFO - [2023-12-22 21:05:46,566] {dag.py:2398} INFO - Sync 1 DAGs
[2023-12-22 21:05:46,584] {logging_mixin.py:109} INFO - [2023-12-22 21:05:46,584] {dag.py:2937} INFO - Setting next_dagrun for example_weekday_branch_operator to 2023-12-21 00:00:00+00:00
[2023-12-22 21:05:46,595] {processor.py:171} INFO - Processing /home/airflow/.local/lib/python3.6/site-packages/airflow/example_dags/example_branch_day_of_week_operator.py took 0.063 seconds
[2023-12-22 21:06:16,619] {processor.py:163} INFO - Started process (PID=3497) to work on /home/airflow/.local/lib/python3.6/site-packages/airflow/example_dags/example_branch_day_of_week_operator.py
[2023-12-22 21:06:16,620] {processor.py:642} INFO - Processing file /home/airflow/.local/lib/python3.6/site-packages/airflow/example_dags/example_branch_day_of_week_operator.py for tasks to queue
[2023-12-22 21:06:16,621] {logging_mixin.py:109} INFO - [2023-12-22 21:06:16,621] {dagbag.py:500} INFO - Filling up the DagBag from /home/airflow/.local/lib/python3.6/site-packages/airflow/example_dags/example_branch_day_of_week_operator.py
[2023-12-22 21:06:16,635] {processor.py:652} INFO - DAG(s) dict_keys(['example_weekday_branch_operator']) retrieved from /home/airflow/.local/lib/python3.6/site-packages/airflow/example_dags/example_branch_day_of_week_operator.py
[2023-12-22 21:06:16,655] {logging_mixin.py:109} INFO - [2023-12-22 21:06:16,655] {dag.py:2398} INFO - Sync 1 DAGs
[2023-12-22 21:06:16,677] {logging_mixin.py:109} INFO - [2023-12-22 21:06:16,677] {dag.py:2937} INFO - Setting next_dagrun for example_weekday_branch_operator to 2023-12-21 00:00:00+00:00
[2023-12-22 21:06:16,688] {processor.py:171} INFO - Processing /home/airflow/.local/lib/python3.6/site-packages/airflow/example_dags/example_branch_day_of_week_operator.py took 0.071 seconds
[2023-12-22 21:06:47,972] {processor.py:163} INFO - Started process (PID=3561) to work on /home/airflow/.local/lib/python3.6/site-packages/airflow/example_dags/example_branch_day_of_week_operator.py
[2023-12-22 21:06:47,974] {processor.py:642} INFO - Processing file /home/airflow/.local/lib/python3.6/site-packages/airflow/example_dags/example_branch_day_of_week_operator.py for tasks to queue
[2023-12-22 21:06:47,975] {logging_mixin.py:109} INFO - [2023-12-22 21:06:47,975] {dagbag.py:500} INFO - Filling up the DagBag from /home/airflow/.local/lib/python3.6/site-packages/airflow/example_dags/example_branch_day_of_week_operator.py
[2023-12-22 21:06:47,988] {processor.py:652} INFO - DAG(s) dict_keys(['example_weekday_branch_operator']) retrieved from /home/airflow/.local/lib/python3.6/site-packages/airflow/example_dags/example_branch_day_of_week_operator.py
[2023-12-22 21:06:48,007] {logging_mixin.py:109} INFO - [2023-12-22 21:06:48,007] {dag.py:2398} INFO - Sync 1 DAGs
[2023-12-22 21:06:48,030] {logging_mixin.py:109} INFO - [2023-12-22 21:06:48,030] {dag.py:2937} INFO - Setting next_dagrun for example_weekday_branch_operator to 2023-12-21 00:00:00+00:00
[2023-12-22 21:06:48,044] {processor.py:171} INFO - Processing /home/airflow/.local/lib/python3.6/site-packages/airflow/example_dags/example_branch_day_of_week_operator.py took 0.074 seconds
[2023-12-22 21:07:18,207] {processor.py:163} INFO - Started process (PID=3635) to work on /home/airflow/.local/lib/python3.6/site-packages/airflow/example_dags/example_branch_day_of_week_operator.py
[2023-12-22 21:07:18,209] {processor.py:642} INFO - Processing file /home/airflow/.local/lib/python3.6/site-packages/airflow/example_dags/example_branch_day_of_week_operator.py for tasks to queue
[2023-12-22 21:07:18,209] {logging_mixin.py:109} INFO - [2023-12-22 21:07:18,209] {dagbag.py:500} INFO - Filling up the DagBag from /home/airflow/.local/lib/python3.6/site-packages/airflow/example_dags/example_branch_day_of_week_operator.py
[2023-12-22 21:07:18,224] {processor.py:652} INFO - DAG(s) dict_keys(['example_weekday_branch_operator']) retrieved from /home/airflow/.local/lib/python3.6/site-packages/airflow/example_dags/example_branch_day_of_week_operator.py
[2023-12-22 21:07:18,245] {logging_mixin.py:109} INFO - [2023-12-22 21:07:18,245] {dag.py:2398} INFO - Sync 1 DAGs
[2023-12-22 21:07:18,263] {logging_mixin.py:109} INFO - [2023-12-22 21:07:18,263] {dag.py:2937} INFO - Setting next_dagrun for example_weekday_branch_operator to 2023-12-21 00:00:00+00:00
[2023-12-22 21:07:18,274] {processor.py:171} INFO - Processing /home/airflow/.local/lib/python3.6/site-packages/airflow/example_dags/example_branch_day_of_week_operator.py took 0.070 seconds
[2023-12-22 21:07:49,048] {processor.py:163} INFO - Started process (PID=3709) to work on /home/airflow/.local/lib/python3.6/site-packages/airflow/example_dags/example_branch_day_of_week_operator.py
[2023-12-22 21:07:49,050] {processor.py:642} INFO - Processing file /home/airflow/.local/lib/python3.6/site-packages/airflow/example_dags/example_branch_day_of_week_operator.py for tasks to queue
[2023-12-22 21:07:49,051] {logging_mixin.py:109} INFO - [2023-12-22 21:07:49,051] {dagbag.py:500} INFO - Filling up the DagBag from /home/airflow/.local/lib/python3.6/site-packages/airflow/example_dags/example_branch_day_of_week_operator.py
[2023-12-22 21:07:49,063] {processor.py:652} INFO - DAG(s) dict_keys(['example_weekday_branch_operator']) retrieved from /home/airflow/.local/lib/python3.6/site-packages/airflow/example_dags/example_branch_day_of_week_operator.py
[2023-12-22 21:07:49,085] {logging_mixin.py:109} INFO - [2023-12-22 21:07:49,085] {dag.py:2398} INFO - Sync 1 DAGs
[2023-12-22 21:07:49,105] {logging_mixin.py:109} INFO - [2023-12-22 21:07:49,105] {dag.py:2937} INFO - Setting next_dagrun for example_weekday_branch_operator to 2023-12-21 00:00:00+00:00
[2023-12-22 21:07:49,119] {processor.py:171} INFO - Processing /home/airflow/.local/lib/python3.6/site-packages/airflow/example_dags/example_branch_day_of_week_operator.py took 0.073 seconds
[2023-12-22 21:08:19,998] {processor.py:163} INFO - Started process (PID=3774) to work on /home/airflow/.local/lib/python3.6/site-packages/airflow/example_dags/example_branch_day_of_week_operator.py
[2023-12-22 21:08:19,999] {processor.py:642} INFO - Processing file /home/airflow/.local/lib/python3.6/site-packages/airflow/example_dags/example_branch_day_of_week_operator.py for tasks to queue
[2023-12-22 21:08:20,000] {logging_mixin.py:109} INFO - [2023-12-22 21:08:20,000] {dagbag.py:500} INFO - Filling up the DagBag from /home/airflow/.local/lib/python3.6/site-packages/airflow/example_dags/example_branch_day_of_week_operator.py
[2023-12-22 21:08:20,012] {processor.py:652} INFO - DAG(s) dict_keys(['example_weekday_branch_operator']) retrieved from /home/airflow/.local/lib/python3.6/site-packages/airflow/example_dags/example_branch_day_of_week_operator.py
[2023-12-22 21:08:20,029] {logging_mixin.py:109} INFO - [2023-12-22 21:08:20,028] {dag.py:2398} INFO - Sync 1 DAGs
[2023-12-22 21:08:20,047] {logging_mixin.py:109} INFO - [2023-12-22 21:08:20,047] {dag.py:2937} INFO - Setting next_dagrun for example_weekday_branch_operator to 2023-12-21 00:00:00+00:00
[2023-12-22 21:08:20,057] {processor.py:171} INFO - Processing /home/airflow/.local/lib/python3.6/site-packages/airflow/example_dags/example_branch_day_of_week_operator.py took 0.061 seconds
[2023-12-22 21:08:50,501] {processor.py:163} INFO - Started process (PID=3846) to work on /home/airflow/.local/lib/python3.6/site-packages/airflow/example_dags/example_branch_day_of_week_operator.py
[2023-12-22 21:08:50,502] {processor.py:642} INFO - Processing file /home/airflow/.local/lib/python3.6/site-packages/airflow/example_dags/example_branch_day_of_week_operator.py for tasks to queue
[2023-12-22 21:08:50,503] {logging_mixin.py:109} INFO - [2023-12-22 21:08:50,503] {dagbag.py:500} INFO - Filling up the DagBag from /home/airflow/.local/lib/python3.6/site-packages/airflow/example_dags/example_branch_day_of_week_operator.py
[2023-12-22 21:08:50,515] {processor.py:652} INFO - DAG(s) dict_keys(['example_weekday_branch_operator']) retrieved from /home/airflow/.local/lib/python3.6/site-packages/airflow/example_dags/example_branch_day_of_week_operator.py
[2023-12-22 21:08:50,528] {logging_mixin.py:109} INFO - [2023-12-22 21:08:50,528] {dag.py:2398} INFO - Sync 1 DAGs
[2023-12-22 21:08:50,543] {logging_mixin.py:109} INFO - [2023-12-22 21:08:50,543] {dag.py:2937} INFO - Setting next_dagrun for example_weekday_branch_operator to 2023-12-21 00:00:00+00:00
[2023-12-22 21:08:50,551] {processor.py:171} INFO - Processing /home/airflow/.local/lib/python3.6/site-packages/airflow/example_dags/example_branch_day_of_week_operator.py took 0.052 seconds
[2023-12-22 21:09:20,882] {processor.py:163} INFO - Started process (PID=3910) to work on /home/airflow/.local/lib/python3.6/site-packages/airflow/example_dags/example_branch_day_of_week_operator.py
[2023-12-22 21:09:20,884] {processor.py:642} INFO - Processing file /home/airflow/.local/lib/python3.6/site-packages/airflow/example_dags/example_branch_day_of_week_operator.py for tasks to queue
[2023-12-22 21:09:20,885] {logging_mixin.py:109} INFO - [2023-12-22 21:09:20,885] {dagbag.py:500} INFO - Filling up the DagBag from /home/airflow/.local/lib/python3.6/site-packages/airflow/example_dags/example_branch_day_of_week_operator.py
[2023-12-22 21:09:20,898] {processor.py:652} INFO - DAG(s) dict_keys(['example_weekday_branch_operator']) retrieved from /home/airflow/.local/lib/python3.6/site-packages/airflow/example_dags/example_branch_day_of_week_operator.py
[2023-12-22 21:09:20,914] {logging_mixin.py:109} INFO - [2023-12-22 21:09:20,914] {dag.py:2398} INFO - Sync 1 DAGs
[2023-12-22 21:09:20,933] {logging_mixin.py:109} INFO - [2023-12-22 21:09:20,933] {dag.py:2937} INFO - Setting next_dagrun for example_weekday_branch_operator to 2023-12-21 00:00:00+00:00
[2023-12-22 21:09:20,941] {processor.py:171} INFO - Processing /home/airflow/.local/lib/python3.6/site-packages/airflow/example_dags/example_branch_day_of_week_operator.py took 0.065 seconds
[2023-12-22 21:09:51,623] {processor.py:163} INFO - Started process (PID=3985) to work on /home/airflow/.local/lib/python3.6/site-packages/airflow/example_dags/example_branch_day_of_week_operator.py
[2023-12-22 21:09:51,624] {processor.py:642} INFO - Processing file /home/airflow/.local/lib/python3.6/site-packages/airflow/example_dags/example_branch_day_of_week_operator.py for tasks to queue
[2023-12-22 21:09:51,625] {logging_mixin.py:109} INFO - [2023-12-22 21:09:51,625] {dagbag.py:500} INFO - Filling up the DagBag from /home/airflow/.local/lib/python3.6/site-packages/airflow/example_dags/example_branch_day_of_week_operator.py
[2023-12-22 21:09:51,636] {processor.py:652} INFO - DAG(s) dict_keys(['example_weekday_branch_operator']) retrieved from /home/airflow/.local/lib/python3.6/site-packages/airflow/example_dags/example_branch_day_of_week_operator.py
[2023-12-22 21:09:51,655] {logging_mixin.py:109} INFO - [2023-12-22 21:09:51,655] {dag.py:2398} INFO - Sync 1 DAGs
[2023-12-22 21:09:51,672] {logging_mixin.py:109} INFO - [2023-12-22 21:09:51,672] {dag.py:2937} INFO - Setting next_dagrun for example_weekday_branch_operator to 2023-12-21 00:00:00+00:00
[2023-12-22 21:09:51,682] {processor.py:171} INFO - Processing /home/airflow/.local/lib/python3.6/site-packages/airflow/example_dags/example_branch_day_of_week_operator.py took 0.061 seconds
[2023-12-22 21:10:22,091] {processor.py:163} INFO - Started process (PID=4049) to work on /home/airflow/.local/lib/python3.6/site-packages/airflow/example_dags/example_branch_day_of_week_operator.py
[2023-12-22 21:10:22,092] {processor.py:642} INFO - Processing file /home/airflow/.local/lib/python3.6/site-packages/airflow/example_dags/example_branch_day_of_week_operator.py for tasks to queue
[2023-12-22 21:10:22,093] {logging_mixin.py:109} INFO - [2023-12-22 21:10:22,093] {dagbag.py:500} INFO - Filling up the DagBag from /home/airflow/.local/lib/python3.6/site-packages/airflow/example_dags/example_branch_day_of_week_operator.py
[2023-12-22 21:10:22,106] {processor.py:652} INFO - DAG(s) dict_keys(['example_weekday_branch_operator']) retrieved from /home/airflow/.local/lib/python3.6/site-packages/airflow/example_dags/example_branch_day_of_week_operator.py
[2023-12-22 21:10:22,124] {logging_mixin.py:109} INFO - [2023-12-22 21:10:22,124] {dag.py:2398} INFO - Sync 1 DAGs
[2023-12-22 21:10:22,140] {logging_mixin.py:109} INFO - [2023-12-22 21:10:22,140] {dag.py:2937} INFO - Setting next_dagrun for example_weekday_branch_operator to 2023-12-21 00:00:00+00:00
[2023-12-22 21:10:22,151] {processor.py:171} INFO - Processing /home/airflow/.local/lib/python3.6/site-packages/airflow/example_dags/example_branch_day_of_week_operator.py took 0.062 seconds
[2023-12-22 21:10:52,839] {processor.py:163} INFO - Started process (PID=4124) to work on /home/airflow/.local/lib/python3.6/site-packages/airflow/example_dags/example_branch_day_of_week_operator.py
[2023-12-22 21:10:52,840] {processor.py:642} INFO - Processing file /home/airflow/.local/lib/python3.6/site-packages/airflow/example_dags/example_branch_day_of_week_operator.py for tasks to queue
[2023-12-22 21:10:52,841] {logging_mixin.py:109} INFO - [2023-12-22 21:10:52,841] {dagbag.py:500} INFO - Filling up the DagBag from /home/airflow/.local/lib/python3.6/site-packages/airflow/example_dags/example_branch_day_of_week_operator.py
[2023-12-22 21:10:52,855] {processor.py:652} INFO - DAG(s) dict_keys(['example_weekday_branch_operator']) retrieved from /home/airflow/.local/lib/python3.6/site-packages/airflow/example_dags/example_branch_day_of_week_operator.py
[2023-12-22 21:10:52,875] {logging_mixin.py:109} INFO - [2023-12-22 21:10:52,874] {dag.py:2398} INFO - Sync 1 DAGs
[2023-12-22 21:10:52,892] {logging_mixin.py:109} INFO - [2023-12-22 21:10:52,892] {dag.py:2937} INFO - Setting next_dagrun for example_weekday_branch_operator to 2023-12-21 00:00:00+00:00
[2023-12-22 21:10:52,902] {processor.py:171} INFO - Processing /home/airflow/.local/lib/python3.6/site-packages/airflow/example_dags/example_branch_day_of_week_operator.py took 0.066 seconds
[2023-12-22 21:11:23,175] {processor.py:163} INFO - Started process (PID=4195) to work on /home/airflow/.local/lib/python3.6/site-packages/airflow/example_dags/example_branch_day_of_week_operator.py
[2023-12-22 21:11:23,176] {processor.py:642} INFO - Processing file /home/airflow/.local/lib/python3.6/site-packages/airflow/example_dags/example_branch_day_of_week_operator.py for tasks to queue
[2023-12-22 21:11:23,177] {logging_mixin.py:109} INFO - [2023-12-22 21:11:23,177] {dagbag.py:500} INFO - Filling up the DagBag from /home/airflow/.local/lib/python3.6/site-packages/airflow/example_dags/example_branch_day_of_week_operator.py
[2023-12-22 21:11:23,191] {processor.py:652} INFO - DAG(s) dict_keys(['example_weekday_branch_operator']) retrieved from /home/airflow/.local/lib/python3.6/site-packages/airflow/example_dags/example_branch_day_of_week_operator.py
[2023-12-22 21:11:23,211] {logging_mixin.py:109} INFO - [2023-12-22 21:11:23,211] {dag.py:2398} INFO - Sync 1 DAGs
[2023-12-22 21:11:23,230] {logging_mixin.py:109} INFO - [2023-12-22 21:11:23,230] {dag.py:2937} INFO - Setting next_dagrun for example_weekday_branch_operator to 2023-12-21 00:00:00+00:00
[2023-12-22 21:11:23,245] {processor.py:171} INFO - Processing /home/airflow/.local/lib/python3.6/site-packages/airflow/example_dags/example_branch_day_of_week_operator.py took 0.074 seconds
[2023-12-22 21:11:53,739] {processor.py:163} INFO - Started process (PID=4262) to work on /home/airflow/.local/lib/python3.6/site-packages/airflow/example_dags/example_branch_day_of_week_operator.py
[2023-12-22 21:11:53,741] {processor.py:642} INFO - Processing file /home/airflow/.local/lib/python3.6/site-packages/airflow/example_dags/example_branch_day_of_week_operator.py for tasks to queue
[2023-12-22 21:11:53,743] {logging_mixin.py:109} INFO - [2023-12-22 21:11:53,743] {dagbag.py:500} INFO - Filling up the DagBag from /home/airflow/.local/lib/python3.6/site-packages/airflow/example_dags/example_branch_day_of_week_operator.py
[2023-12-22 21:11:53,761] {processor.py:652} INFO - DAG(s) dict_keys(['example_weekday_branch_operator']) retrieved from /home/airflow/.local/lib/python3.6/site-packages/airflow/example_dags/example_branch_day_of_week_operator.py
[2023-12-22 21:11:53,783] {logging_mixin.py:109} INFO - [2023-12-22 21:11:53,782] {dag.py:2398} INFO - Sync 1 DAGs
[2023-12-22 21:11:53,806] {logging_mixin.py:109} INFO - [2023-12-22 21:11:53,806] {dag.py:2937} INFO - Setting next_dagrun for example_weekday_branch_operator to 2023-12-21 00:00:00+00:00
[2023-12-22 21:11:53,822] {processor.py:171} INFO - Processing /home/airflow/.local/lib/python3.6/site-packages/airflow/example_dags/example_branch_day_of_week_operator.py took 0.086 seconds
