[2023-12-22 20:40:28,025] {processor.py:163} INFO - Started process (PID=58) to work on /home/airflow/.local/lib/python3.6/site-packages/airflow/example_dags/example_nested_branch_dag.py
[2023-12-22 20:40:28,026] {processor.py:642} INFO - Processing file /home/airflow/.local/lib/python3.6/site-packages/airflow/example_dags/example_nested_branch_dag.py for tasks to queue
[2023-12-22 20:40:28,027] {logging_mixin.py:109} INFO - [2023-12-22 20:40:28,027] {dagbag.py:500} INFO - Filling up the DagBag from /home/airflow/.local/lib/python3.6/site-packages/airflow/example_dags/example_nested_branch_dag.py
[2023-12-22 20:40:28,046] {processor.py:652} INFO - DAG(s) dict_keys(['example_nested_branch_dag']) retrieved from /home/airflow/.local/lib/python3.6/site-packages/airflow/example_dags/example_nested_branch_dag.py
[2023-12-22 20:40:28,067] {logging_mixin.py:109} INFO - [2023-12-22 20:40:28,067] {dag.py:2398} INFO - Sync 1 DAGs
[2023-12-22 20:40:28,088] {logging_mixin.py:109} INFO - [2023-12-22 20:40:28,088] {dag.py:2937} INFO - Setting next_dagrun for example_nested_branch_dag to 2023-12-21 00:00:00+00:00
[2023-12-22 20:40:28,100] {processor.py:171} INFO - Processing /home/airflow/.local/lib/python3.6/site-packages/airflow/example_dags/example_nested_branch_dag.py took 0.078 seconds
[2023-12-22 20:40:59,221] {processor.py:163} INFO - Started process (PID=132) to work on /home/airflow/.local/lib/python3.6/site-packages/airflow/example_dags/example_nested_branch_dag.py
[2023-12-22 20:40:59,222] {processor.py:642} INFO - Processing file /home/airflow/.local/lib/python3.6/site-packages/airflow/example_dags/example_nested_branch_dag.py for tasks to queue
[2023-12-22 20:40:59,223] {logging_mixin.py:109} INFO - [2023-12-22 20:40:59,223] {dagbag.py:500} INFO - Filling up the DagBag from /home/airflow/.local/lib/python3.6/site-packages/airflow/example_dags/example_nested_branch_dag.py
[2023-12-22 20:40:59,239] {processor.py:652} INFO - DAG(s) dict_keys(['example_nested_branch_dag']) retrieved from /home/airflow/.local/lib/python3.6/site-packages/airflow/example_dags/example_nested_branch_dag.py
[2023-12-22 20:40:59,263] {logging_mixin.py:109} INFO - [2023-12-22 20:40:59,262] {dag.py:2398} INFO - Sync 1 DAGs
[2023-12-22 20:40:59,288] {logging_mixin.py:109} INFO - [2023-12-22 20:40:59,287] {dag.py:2937} INFO - Setting next_dagrun for example_nested_branch_dag to 2023-12-21 00:00:00+00:00
[2023-12-22 20:40:59,306] {processor.py:171} INFO - Processing /home/airflow/.local/lib/python3.6/site-packages/airflow/example_dags/example_nested_branch_dag.py took 0.089 seconds
[2023-12-22 20:41:31,515] {processor.py:163} INFO - Started process (PID=206) to work on /home/airflow/.local/lib/python3.6/site-packages/airflow/example_dags/example_nested_branch_dag.py
[2023-12-22 20:41:31,517] {processor.py:642} INFO - Processing file /home/airflow/.local/lib/python3.6/site-packages/airflow/example_dags/example_nested_branch_dag.py for tasks to queue
[2023-12-22 20:41:31,518] {logging_mixin.py:109} INFO - [2023-12-22 20:41:31,518] {dagbag.py:500} INFO - Filling up the DagBag from /home/airflow/.local/lib/python3.6/site-packages/airflow/example_dags/example_nested_branch_dag.py
[2023-12-22 20:41:31,538] {processor.py:652} INFO - DAG(s) dict_keys(['example_nested_branch_dag']) retrieved from /home/airflow/.local/lib/python3.6/site-packages/airflow/example_dags/example_nested_branch_dag.py
[2023-12-22 20:41:31,682] {logging_mixin.py:109} INFO - [2023-12-22 20:41:31,681] {dag.py:2398} INFO - Sync 1 DAGs
[2023-12-22 20:41:31,753] {logging_mixin.py:109} INFO - [2023-12-22 20:41:31,752] {dag.py:2937} INFO - Setting next_dagrun for example_nested_branch_dag to 2023-12-21 00:00:00+00:00
[2023-12-22 20:41:31,783] {processor.py:171} INFO - Processing /home/airflow/.local/lib/python3.6/site-packages/airflow/example_dags/example_nested_branch_dag.py took 0.270 seconds
[2023-12-22 20:42:05,547] {processor.py:163} INFO - Started process (PID=269) to work on /home/airflow/.local/lib/python3.6/site-packages/airflow/example_dags/example_nested_branch_dag.py
[2023-12-22 20:42:05,551] {processor.py:642} INFO - Processing file /home/airflow/.local/lib/python3.6/site-packages/airflow/example_dags/example_nested_branch_dag.py for tasks to queue
[2023-12-22 20:42:05,553] {logging_mixin.py:109} INFO - [2023-12-22 20:42:05,553] {dagbag.py:500} INFO - Filling up the DagBag from /home/airflow/.local/lib/python3.6/site-packages/airflow/example_dags/example_nested_branch_dag.py
[2023-12-22 20:42:05,576] {processor.py:652} INFO - DAG(s) dict_keys(['example_nested_branch_dag']) retrieved from /home/airflow/.local/lib/python3.6/site-packages/airflow/example_dags/example_nested_branch_dag.py
[2023-12-22 20:42:05,705] {logging_mixin.py:109} INFO - [2023-12-22 20:42:05,705] {dag.py:2398} INFO - Sync 1 DAGs
[2023-12-22 20:42:05,727] {logging_mixin.py:109} INFO - [2023-12-22 20:42:05,727] {dag.py:2937} INFO - Setting next_dagrun for example_nested_branch_dag to 2023-12-21 00:00:00+00:00
[2023-12-22 20:42:05,827] {processor.py:171} INFO - Processing /home/airflow/.local/lib/python3.6/site-packages/airflow/example_dags/example_nested_branch_dag.py took 0.283 seconds
[2023-12-22 20:42:39,388] {processor.py:163} INFO - Started process (PID=343) to work on /home/airflow/.local/lib/python3.6/site-packages/airflow/example_dags/example_nested_branch_dag.py
[2023-12-22 20:42:39,449] {processor.py:642} INFO - Processing file /home/airflow/.local/lib/python3.6/site-packages/airflow/example_dags/example_nested_branch_dag.py for tasks to queue
[2023-12-22 20:42:39,498] {logging_mixin.py:109} INFO - [2023-12-22 20:42:39,498] {dagbag.py:500} INFO - Filling up the DagBag from /home/airflow/.local/lib/python3.6/site-packages/airflow/example_dags/example_nested_branch_dag.py
[2023-12-22 20:42:39,529] {processor.py:652} INFO - DAG(s) dict_keys(['example_nested_branch_dag']) retrieved from /home/airflow/.local/lib/python3.6/site-packages/airflow/example_dags/example_nested_branch_dag.py
[2023-12-22 20:42:39,605] {logging_mixin.py:109} INFO - [2023-12-22 20:42:39,605] {dag.py:2398} INFO - Sync 1 DAGs
[2023-12-22 20:42:39,624] {logging_mixin.py:109} INFO - [2023-12-22 20:42:39,623] {dag.py:2937} INFO - Setting next_dagrun for example_nested_branch_dag to 2023-12-21 00:00:00+00:00
[2023-12-22 20:42:39,822] {processor.py:171} INFO - Processing /home/airflow/.local/lib/python3.6/site-packages/airflow/example_dags/example_nested_branch_dag.py took 0.438 seconds
[2023-12-22 20:43:10,235] {processor.py:163} INFO - Started process (PID=407) to work on /home/airflow/.local/lib/python3.6/site-packages/airflow/example_dags/example_nested_branch_dag.py
[2023-12-22 20:43:10,237] {processor.py:642} INFO - Processing file /home/airflow/.local/lib/python3.6/site-packages/airflow/example_dags/example_nested_branch_dag.py for tasks to queue
[2023-12-22 20:43:10,238] {logging_mixin.py:109} INFO - [2023-12-22 20:43:10,237] {dagbag.py:500} INFO - Filling up the DagBag from /home/airflow/.local/lib/python3.6/site-packages/airflow/example_dags/example_nested_branch_dag.py
[2023-12-22 20:43:10,309] {processor.py:652} INFO - DAG(s) dict_keys(['example_nested_branch_dag']) retrieved from /home/airflow/.local/lib/python3.6/site-packages/airflow/example_dags/example_nested_branch_dag.py
[2023-12-22 20:43:10,378] {logging_mixin.py:109} INFO - [2023-12-22 20:43:10,377] {dag.py:2398} INFO - Sync 1 DAGs
[2023-12-22 20:43:10,527] {logging_mixin.py:109} INFO - [2023-12-22 20:43:10,526] {dag.py:2937} INFO - Setting next_dagrun for example_nested_branch_dag to 2023-12-21 00:00:00+00:00
[2023-12-22 20:43:10,712] {processor.py:171} INFO - Processing /home/airflow/.local/lib/python3.6/site-packages/airflow/example_dags/example_nested_branch_dag.py took 0.479 seconds
[2023-12-22 20:43:43,184] {processor.py:163} INFO - Started process (PID=483) to work on /home/airflow/.local/lib/python3.6/site-packages/airflow/example_dags/example_nested_branch_dag.py
[2023-12-22 20:43:43,185] {processor.py:642} INFO - Processing file /home/airflow/.local/lib/python3.6/site-packages/airflow/example_dags/example_nested_branch_dag.py for tasks to queue
[2023-12-22 20:43:43,186] {logging_mixin.py:109} INFO - [2023-12-22 20:43:43,186] {dagbag.py:500} INFO - Filling up the DagBag from /home/airflow/.local/lib/python3.6/site-packages/airflow/example_dags/example_nested_branch_dag.py
[2023-12-22 20:43:43,218] {processor.py:652} INFO - DAG(s) dict_keys(['example_nested_branch_dag']) retrieved from /home/airflow/.local/lib/python3.6/site-packages/airflow/example_dags/example_nested_branch_dag.py
[2023-12-22 20:43:43,245] {logging_mixin.py:109} INFO - [2023-12-22 20:43:43,245] {dag.py:2398} INFO - Sync 1 DAGs
[2023-12-22 20:43:43,428] {logging_mixin.py:109} INFO - [2023-12-22 20:43:43,428] {dag.py:2937} INFO - Setting next_dagrun for example_nested_branch_dag to 2023-12-21 00:00:00+00:00
[2023-12-22 20:43:43,454] {processor.py:171} INFO - Processing /home/airflow/.local/lib/python3.6/site-packages/airflow/example_dags/example_nested_branch_dag.py took 0.274 seconds
[2023-12-22 20:44:14,180] {processor.py:163} INFO - Started process (PID=546) to work on /home/airflow/.local/lib/python3.6/site-packages/airflow/example_dags/example_nested_branch_dag.py
[2023-12-22 20:44:14,182] {processor.py:642} INFO - Processing file /home/airflow/.local/lib/python3.6/site-packages/airflow/example_dags/example_nested_branch_dag.py for tasks to queue
[2023-12-22 20:44:14,183] {logging_mixin.py:109} INFO - [2023-12-22 20:44:14,183] {dagbag.py:500} INFO - Filling up the DagBag from /home/airflow/.local/lib/python3.6/site-packages/airflow/example_dags/example_nested_branch_dag.py
[2023-12-22 20:44:14,202] {processor.py:652} INFO - DAG(s) dict_keys(['example_nested_branch_dag']) retrieved from /home/airflow/.local/lib/python3.6/site-packages/airflow/example_dags/example_nested_branch_dag.py
[2023-12-22 20:44:14,225] {logging_mixin.py:109} INFO - [2023-12-22 20:44:14,225] {dag.py:2398} INFO - Sync 1 DAGs
[2023-12-22 20:44:14,333] {logging_mixin.py:109} INFO - [2023-12-22 20:44:14,333] {dag.py:2937} INFO - Setting next_dagrun for example_nested_branch_dag to 2023-12-21 00:00:00+00:00
[2023-12-22 20:44:14,345] {processor.py:171} INFO - Processing /home/airflow/.local/lib/python3.6/site-packages/airflow/example_dags/example_nested_branch_dag.py took 0.167 seconds
[2023-12-22 20:44:45,716] {processor.py:163} INFO - Started process (PID=620) to work on /home/airflow/.local/lib/python3.6/site-packages/airflow/example_dags/example_nested_branch_dag.py
[2023-12-22 20:44:45,718] {processor.py:642} INFO - Processing file /home/airflow/.local/lib/python3.6/site-packages/airflow/example_dags/example_nested_branch_dag.py for tasks to queue
[2023-12-22 20:44:45,719] {logging_mixin.py:109} INFO - [2023-12-22 20:44:45,719] {dagbag.py:500} INFO - Filling up the DagBag from /home/airflow/.local/lib/python3.6/site-packages/airflow/example_dags/example_nested_branch_dag.py
[2023-12-22 20:44:45,745] {processor.py:652} INFO - DAG(s) dict_keys(['example_nested_branch_dag']) retrieved from /home/airflow/.local/lib/python3.6/site-packages/airflow/example_dags/example_nested_branch_dag.py
[2023-12-22 20:44:45,766] {logging_mixin.py:109} INFO - [2023-12-22 20:44:45,766] {dag.py:2398} INFO - Sync 1 DAGs
[2023-12-22 20:44:45,884] {logging_mixin.py:109} INFO - [2023-12-22 20:44:45,884] {dag.py:2937} INFO - Setting next_dagrun for example_nested_branch_dag to 2023-12-21 00:00:00+00:00
[2023-12-22 20:44:45,900] {processor.py:171} INFO - Processing /home/airflow/.local/lib/python3.6/site-packages/airflow/example_dags/example_nested_branch_dag.py took 0.186 seconds
[2023-12-22 20:45:16,947] {processor.py:163} INFO - Started process (PID=684) to work on /home/airflow/.local/lib/python3.6/site-packages/airflow/example_dags/example_nested_branch_dag.py
[2023-12-22 20:45:16,949] {processor.py:642} INFO - Processing file /home/airflow/.local/lib/python3.6/site-packages/airflow/example_dags/example_nested_branch_dag.py for tasks to queue
[2023-12-22 20:45:16,950] {logging_mixin.py:109} INFO - [2023-12-22 20:45:16,950] {dagbag.py:500} INFO - Filling up the DagBag from /home/airflow/.local/lib/python3.6/site-packages/airflow/example_dags/example_nested_branch_dag.py
[2023-12-22 20:45:16,984] {processor.py:652} INFO - DAG(s) dict_keys(['example_nested_branch_dag']) retrieved from /home/airflow/.local/lib/python3.6/site-packages/airflow/example_dags/example_nested_branch_dag.py
[2023-12-22 20:45:17,106] {logging_mixin.py:109} INFO - [2023-12-22 20:45:17,106] {dag.py:2398} INFO - Sync 1 DAGs
[2023-12-22 20:45:17,124] {logging_mixin.py:109} INFO - [2023-12-22 20:45:17,124] {dag.py:2937} INFO - Setting next_dagrun for example_nested_branch_dag to 2023-12-21 00:00:00+00:00
[2023-12-22 20:45:17,135] {processor.py:171} INFO - Processing /home/airflow/.local/lib/python3.6/site-packages/airflow/example_dags/example_nested_branch_dag.py took 0.192 seconds
[2023-12-22 20:45:47,329] {processor.py:163} INFO - Started process (PID=747) to work on /home/airflow/.local/lib/python3.6/site-packages/airflow/example_dags/example_nested_branch_dag.py
[2023-12-22 20:45:47,330] {processor.py:642} INFO - Processing file /home/airflow/.local/lib/python3.6/site-packages/airflow/example_dags/example_nested_branch_dag.py for tasks to queue
[2023-12-22 20:45:47,331] {logging_mixin.py:109} INFO - [2023-12-22 20:45:47,331] {dagbag.py:500} INFO - Filling up the DagBag from /home/airflow/.local/lib/python3.6/site-packages/airflow/example_dags/example_nested_branch_dag.py
[2023-12-22 20:45:47,426] {processor.py:652} INFO - DAG(s) dict_keys(['example_nested_branch_dag']) retrieved from /home/airflow/.local/lib/python3.6/site-packages/airflow/example_dags/example_nested_branch_dag.py
[2023-12-22 20:45:47,446] {logging_mixin.py:109} INFO - [2023-12-22 20:45:47,446] {dag.py:2398} INFO - Sync 1 DAGs
[2023-12-22 20:45:47,464] {logging_mixin.py:109} INFO - [2023-12-22 20:45:47,464] {dag.py:2937} INFO - Setting next_dagrun for example_nested_branch_dag to 2023-12-21 00:00:00+00:00
[2023-12-22 20:45:47,476] {processor.py:171} INFO - Processing /home/airflow/.local/lib/python3.6/site-packages/airflow/example_dags/example_nested_branch_dag.py took 0.150 seconds
[2023-12-22 20:46:17,853] {processor.py:163} INFO - Started process (PID=811) to work on /home/airflow/.local/lib/python3.6/site-packages/airflow/example_dags/example_nested_branch_dag.py
[2023-12-22 20:46:17,855] {processor.py:642} INFO - Processing file /home/airflow/.local/lib/python3.6/site-packages/airflow/example_dags/example_nested_branch_dag.py for tasks to queue
[2023-12-22 20:46:17,856] {logging_mixin.py:109} INFO - [2023-12-22 20:46:17,856] {dagbag.py:500} INFO - Filling up the DagBag from /home/airflow/.local/lib/python3.6/site-packages/airflow/example_dags/example_nested_branch_dag.py
[2023-12-22 20:46:17,962] {processor.py:652} INFO - DAG(s) dict_keys(['example_nested_branch_dag']) retrieved from /home/airflow/.local/lib/python3.6/site-packages/airflow/example_dags/example_nested_branch_dag.py
[2023-12-22 20:46:18,024] {logging_mixin.py:109} INFO - [2023-12-22 20:46:18,024] {dag.py:2398} INFO - Sync 1 DAGs
[2023-12-22 20:46:18,141] {logging_mixin.py:109} INFO - [2023-12-22 20:46:18,141] {dag.py:2937} INFO - Setting next_dagrun for example_nested_branch_dag to 2023-12-21 00:00:00+00:00
[2023-12-22 20:46:18,169] {processor.py:171} INFO - Processing /home/airflow/.local/lib/python3.6/site-packages/airflow/example_dags/example_nested_branch_dag.py took 0.320 seconds
[2023-12-22 20:46:48,493] {processor.py:163} INFO - Started process (PID=881) to work on /home/airflow/.local/lib/python3.6/site-packages/airflow/example_dags/example_nested_branch_dag.py
[2023-12-22 20:46:48,518] {processor.py:642} INFO - Processing file /home/airflow/.local/lib/python3.6/site-packages/airflow/example_dags/example_nested_branch_dag.py for tasks to queue
[2023-12-22 20:46:48,519] {logging_mixin.py:109} INFO - [2023-12-22 20:46:48,519] {dagbag.py:500} INFO - Filling up the DagBag from /home/airflow/.local/lib/python3.6/site-packages/airflow/example_dags/example_nested_branch_dag.py
[2023-12-22 20:46:48,625] {processor.py:652} INFO - DAG(s) dict_keys(['example_nested_branch_dag']) retrieved from /home/airflow/.local/lib/python3.6/site-packages/airflow/example_dags/example_nested_branch_dag.py
[2023-12-22 20:46:48,643] {logging_mixin.py:109} INFO - [2023-12-22 20:46:48,643] {dag.py:2398} INFO - Sync 1 DAGs
[2023-12-22 20:46:48,659] {logging_mixin.py:109} INFO - [2023-12-22 20:46:48,659] {dag.py:2937} INFO - Setting next_dagrun for example_nested_branch_dag to 2023-12-21 00:00:00+00:00
[2023-12-22 20:46:48,669] {processor.py:171} INFO - Processing /home/airflow/.local/lib/python3.6/site-packages/airflow/example_dags/example_nested_branch_dag.py took 0.179 seconds
[2023-12-22 20:47:18,821] {processor.py:163} INFO - Started process (PID=947) to work on /home/airflow/.local/lib/python3.6/site-packages/airflow/example_dags/example_nested_branch_dag.py
[2023-12-22 20:47:18,822] {processor.py:642} INFO - Processing file /home/airflow/.local/lib/python3.6/site-packages/airflow/example_dags/example_nested_branch_dag.py for tasks to queue
[2023-12-22 20:47:18,822] {logging_mixin.py:109} INFO - [2023-12-22 20:47:18,822] {dagbag.py:500} INFO - Filling up the DagBag from /home/airflow/.local/lib/python3.6/site-packages/airflow/example_dags/example_nested_branch_dag.py
[2023-12-22 20:47:18,932] {processor.py:652} INFO - DAG(s) dict_keys(['example_nested_branch_dag']) retrieved from /home/airflow/.local/lib/python3.6/site-packages/airflow/example_dags/example_nested_branch_dag.py
[2023-12-22 20:47:18,949] {logging_mixin.py:109} INFO - [2023-12-22 20:47:18,948] {dag.py:2398} INFO - Sync 1 DAGs
[2023-12-22 20:47:18,965] {logging_mixin.py:109} INFO - [2023-12-22 20:47:18,965] {dag.py:2937} INFO - Setting next_dagrun for example_nested_branch_dag to 2023-12-21 00:00:00+00:00
[2023-12-22 20:47:18,978] {processor.py:171} INFO - Processing /home/airflow/.local/lib/python3.6/site-packages/airflow/example_dags/example_nested_branch_dag.py took 0.161 seconds
[2023-12-22 20:47:49,057] {processor.py:163} INFO - Started process (PID=1019) to work on /home/airflow/.local/lib/python3.6/site-packages/airflow/example_dags/example_nested_branch_dag.py
[2023-12-22 20:47:49,058] {processor.py:642} INFO - Processing file /home/airflow/.local/lib/python3.6/site-packages/airflow/example_dags/example_nested_branch_dag.py for tasks to queue
[2023-12-22 20:47:49,059] {logging_mixin.py:109} INFO - [2023-12-22 20:47:49,059] {dagbag.py:500} INFO - Filling up the DagBag from /home/airflow/.local/lib/python3.6/site-packages/airflow/example_dags/example_nested_branch_dag.py
[2023-12-22 20:47:49,136] {processor.py:652} INFO - DAG(s) dict_keys(['example_nested_branch_dag']) retrieved from /home/airflow/.local/lib/python3.6/site-packages/airflow/example_dags/example_nested_branch_dag.py
[2023-12-22 20:47:49,152] {logging_mixin.py:109} INFO - [2023-12-22 20:47:49,152] {dag.py:2398} INFO - Sync 1 DAGs
[2023-12-22 20:47:49,165] {logging_mixin.py:109} INFO - [2023-12-22 20:47:49,165] {dag.py:2937} INFO - Setting next_dagrun for example_nested_branch_dag to 2023-12-21 00:00:00+00:00
[2023-12-22 20:47:49,174] {processor.py:171} INFO - Processing /home/airflow/.local/lib/python3.6/site-packages/airflow/example_dags/example_nested_branch_dag.py took 0.120 seconds
[2023-12-22 20:48:19,356] {processor.py:163} INFO - Started process (PID=1084) to work on /home/airflow/.local/lib/python3.6/site-packages/airflow/example_dags/example_nested_branch_dag.py
[2023-12-22 20:48:19,357] {processor.py:642} INFO - Processing file /home/airflow/.local/lib/python3.6/site-packages/airflow/example_dags/example_nested_branch_dag.py for tasks to queue
[2023-12-22 20:48:19,358] {logging_mixin.py:109} INFO - [2023-12-22 20:48:19,358] {dagbag.py:500} INFO - Filling up the DagBag from /home/airflow/.local/lib/python3.6/site-packages/airflow/example_dags/example_nested_branch_dag.py
[2023-12-22 20:48:19,432] {processor.py:652} INFO - DAG(s) dict_keys(['example_nested_branch_dag']) retrieved from /home/airflow/.local/lib/python3.6/site-packages/airflow/example_dags/example_nested_branch_dag.py
[2023-12-22 20:48:19,444] {logging_mixin.py:109} INFO - [2023-12-22 20:48:19,444] {dag.py:2398} INFO - Sync 1 DAGs
[2023-12-22 20:48:19,456] {logging_mixin.py:109} INFO - [2023-12-22 20:48:19,456] {dag.py:2937} INFO - Setting next_dagrun for example_nested_branch_dag to 2023-12-21 00:00:00+00:00
[2023-12-22 20:48:19,484] {processor.py:171} INFO - Processing /home/airflow/.local/lib/python3.6/site-packages/airflow/example_dags/example_nested_branch_dag.py took 0.130 seconds
[2023-12-22 20:48:50,092] {processor.py:163} INFO - Started process (PID=1158) to work on /home/airflow/.local/lib/python3.6/site-packages/airflow/example_dags/example_nested_branch_dag.py
[2023-12-22 20:48:50,094] {processor.py:642} INFO - Processing file /home/airflow/.local/lib/python3.6/site-packages/airflow/example_dags/example_nested_branch_dag.py for tasks to queue
[2023-12-22 20:48:50,095] {logging_mixin.py:109} INFO - [2023-12-22 20:48:50,095] {dagbag.py:500} INFO - Filling up the DagBag from /home/airflow/.local/lib/python3.6/site-packages/airflow/example_dags/example_nested_branch_dag.py
[2023-12-22 20:48:50,196] {processor.py:652} INFO - DAG(s) dict_keys(['example_nested_branch_dag']) retrieved from /home/airflow/.local/lib/python3.6/site-packages/airflow/example_dags/example_nested_branch_dag.py
[2023-12-22 20:48:50,216] {logging_mixin.py:109} INFO - [2023-12-22 20:48:50,216] {dag.py:2398} INFO - Sync 1 DAGs
[2023-12-22 20:48:50,236] {logging_mixin.py:109} INFO - [2023-12-22 20:48:50,236] {dag.py:2937} INFO - Setting next_dagrun for example_nested_branch_dag to 2023-12-21 00:00:00+00:00
[2023-12-22 20:48:50,247] {processor.py:171} INFO - Processing /home/airflow/.local/lib/python3.6/site-packages/airflow/example_dags/example_nested_branch_dag.py took 0.160 seconds
[2023-12-22 20:49:20,744] {processor.py:163} INFO - Started process (PID=1222) to work on /home/airflow/.local/lib/python3.6/site-packages/airflow/example_dags/example_nested_branch_dag.py
[2023-12-22 20:49:20,745] {processor.py:642} INFO - Processing file /home/airflow/.local/lib/python3.6/site-packages/airflow/example_dags/example_nested_branch_dag.py for tasks to queue
[2023-12-22 20:49:20,746] {logging_mixin.py:109} INFO - [2023-12-22 20:49:20,746] {dagbag.py:500} INFO - Filling up the DagBag from /home/airflow/.local/lib/python3.6/site-packages/airflow/example_dags/example_nested_branch_dag.py
[2023-12-22 20:49:20,827] {processor.py:652} INFO - DAG(s) dict_keys(['example_nested_branch_dag']) retrieved from /home/airflow/.local/lib/python3.6/site-packages/airflow/example_dags/example_nested_branch_dag.py
[2023-12-22 20:49:20,841] {logging_mixin.py:109} INFO - [2023-12-22 20:49:20,841] {dag.py:2398} INFO - Sync 1 DAGs
[2023-12-22 20:49:20,855] {logging_mixin.py:109} INFO - [2023-12-22 20:49:20,855] {dag.py:2937} INFO - Setting next_dagrun for example_nested_branch_dag to 2023-12-21 00:00:00+00:00
[2023-12-22 20:49:20,863] {processor.py:171} INFO - Processing /home/airflow/.local/lib/python3.6/site-packages/airflow/example_dags/example_nested_branch_dag.py took 0.121 seconds
[2023-12-22 20:49:51,310] {processor.py:163} INFO - Started process (PID=1296) to work on /home/airflow/.local/lib/python3.6/site-packages/airflow/example_dags/example_nested_branch_dag.py
[2023-12-22 20:49:51,311] {processor.py:642} INFO - Processing file /home/airflow/.local/lib/python3.6/site-packages/airflow/example_dags/example_nested_branch_dag.py for tasks to queue
[2023-12-22 20:49:51,316] {logging_mixin.py:109} INFO - [2023-12-22 20:49:51,316] {dagbag.py:500} INFO - Filling up the DagBag from /home/airflow/.local/lib/python3.6/site-packages/airflow/example_dags/example_nested_branch_dag.py
[2023-12-22 20:49:51,337] {processor.py:652} INFO - DAG(s) dict_keys(['example_nested_branch_dag']) retrieved from /home/airflow/.local/lib/python3.6/site-packages/airflow/example_dags/example_nested_branch_dag.py
[2023-12-22 20:49:51,368] {logging_mixin.py:109} INFO - [2023-12-22 20:49:51,368] {dag.py:2398} INFO - Sync 1 DAGs
[2023-12-22 20:49:51,381] {logging_mixin.py:109} INFO - [2023-12-22 20:49:51,381] {dag.py:2937} INFO - Setting next_dagrun for example_nested_branch_dag to 2023-12-21 00:00:00+00:00
[2023-12-22 20:49:51,389] {processor.py:171} INFO - Processing /home/airflow/.local/lib/python3.6/site-packages/airflow/example_dags/example_nested_branch_dag.py took 0.082 seconds
[2023-12-22 20:50:21,460] {processor.py:163} INFO - Started process (PID=1360) to work on /home/airflow/.local/lib/python3.6/site-packages/airflow/example_dags/example_nested_branch_dag.py
[2023-12-22 20:50:21,461] {processor.py:642} INFO - Processing file /home/airflow/.local/lib/python3.6/site-packages/airflow/example_dags/example_nested_branch_dag.py for tasks to queue
[2023-12-22 20:50:21,462] {logging_mixin.py:109} INFO - [2023-12-22 20:50:21,462] {dagbag.py:500} INFO - Filling up the DagBag from /home/airflow/.local/lib/python3.6/site-packages/airflow/example_dags/example_nested_branch_dag.py
[2023-12-22 20:50:21,480] {processor.py:652} INFO - DAG(s) dict_keys(['example_nested_branch_dag']) retrieved from /home/airflow/.local/lib/python3.6/site-packages/airflow/example_dags/example_nested_branch_dag.py
[2023-12-22 20:50:21,500] {logging_mixin.py:109} INFO - [2023-12-22 20:50:21,500] {dag.py:2398} INFO - Sync 1 DAGs
[2023-12-22 20:50:21,519] {logging_mixin.py:109} INFO - [2023-12-22 20:50:21,519] {dag.py:2937} INFO - Setting next_dagrun for example_nested_branch_dag to 2023-12-21 00:00:00+00:00
[2023-12-22 20:50:21,528] {processor.py:171} INFO - Processing /home/airflow/.local/lib/python3.6/site-packages/airflow/example_dags/example_nested_branch_dag.py took 0.071 seconds
[2023-12-22 20:50:52,519] {processor.py:163} INFO - Started process (PID=1433) to work on /home/airflow/.local/lib/python3.6/site-packages/airflow/example_dags/example_nested_branch_dag.py
[2023-12-22 20:50:52,520] {processor.py:642} INFO - Processing file /home/airflow/.local/lib/python3.6/site-packages/airflow/example_dags/example_nested_branch_dag.py for tasks to queue
[2023-12-22 20:50:52,521] {logging_mixin.py:109} INFO - [2023-12-22 20:50:52,521] {dagbag.py:500} INFO - Filling up the DagBag from /home/airflow/.local/lib/python3.6/site-packages/airflow/example_dags/example_nested_branch_dag.py
[2023-12-22 20:50:52,533] {processor.py:652} INFO - DAG(s) dict_keys(['example_nested_branch_dag']) retrieved from /home/airflow/.local/lib/python3.6/site-packages/airflow/example_dags/example_nested_branch_dag.py
[2023-12-22 20:50:52,549] {logging_mixin.py:109} INFO - [2023-12-22 20:50:52,549] {dag.py:2398} INFO - Sync 1 DAGs
[2023-12-22 20:50:52,565] {logging_mixin.py:109} INFO - [2023-12-22 20:50:52,565] {dag.py:2937} INFO - Setting next_dagrun for example_nested_branch_dag to 2023-12-21 00:00:00+00:00
[2023-12-22 20:50:52,573] {processor.py:171} INFO - Processing /home/airflow/.local/lib/python3.6/site-packages/airflow/example_dags/example_nested_branch_dag.py took 0.056 seconds
[2023-12-22 20:51:23,292] {processor.py:163} INFO - Started process (PID=1497) to work on /home/airflow/.local/lib/python3.6/site-packages/airflow/example_dags/example_nested_branch_dag.py
[2023-12-22 20:51:23,293] {processor.py:642} INFO - Processing file /home/airflow/.local/lib/python3.6/site-packages/airflow/example_dags/example_nested_branch_dag.py for tasks to queue
[2023-12-22 20:51:23,294] {logging_mixin.py:109} INFO - [2023-12-22 20:51:23,294] {dagbag.py:500} INFO - Filling up the DagBag from /home/airflow/.local/lib/python3.6/site-packages/airflow/example_dags/example_nested_branch_dag.py
[2023-12-22 20:51:23,310] {processor.py:652} INFO - DAG(s) dict_keys(['example_nested_branch_dag']) retrieved from /home/airflow/.local/lib/python3.6/site-packages/airflow/example_dags/example_nested_branch_dag.py
[2023-12-22 20:51:23,332] {logging_mixin.py:109} INFO - [2023-12-22 20:51:23,332] {dag.py:2398} INFO - Sync 1 DAGs
[2023-12-22 20:51:23,347] {logging_mixin.py:109} INFO - [2023-12-22 20:51:23,347] {dag.py:2937} INFO - Setting next_dagrun for example_nested_branch_dag to 2023-12-21 00:00:00+00:00
[2023-12-22 20:51:23,355] {processor.py:171} INFO - Processing /home/airflow/.local/lib/python3.6/site-packages/airflow/example_dags/example_nested_branch_dag.py took 0.067 seconds
[2023-12-22 20:51:53,667] {processor.py:163} INFO - Started process (PID=1572) to work on /home/airflow/.local/lib/python3.6/site-packages/airflow/example_dags/example_nested_branch_dag.py
[2023-12-22 20:51:53,668] {processor.py:642} INFO - Processing file /home/airflow/.local/lib/python3.6/site-packages/airflow/example_dags/example_nested_branch_dag.py for tasks to queue
[2023-12-22 20:51:53,669] {logging_mixin.py:109} INFO - [2023-12-22 20:51:53,669] {dagbag.py:500} INFO - Filling up the DagBag from /home/airflow/.local/lib/python3.6/site-packages/airflow/example_dags/example_nested_branch_dag.py
[2023-12-22 20:51:53,690] {processor.py:652} INFO - DAG(s) dict_keys(['example_nested_branch_dag']) retrieved from /home/airflow/.local/lib/python3.6/site-packages/airflow/example_dags/example_nested_branch_dag.py
[2023-12-22 20:51:53,704] {logging_mixin.py:109} INFO - [2023-12-22 20:51:53,704] {dag.py:2398} INFO - Sync 1 DAGs
[2023-12-22 20:51:53,718] {logging_mixin.py:109} INFO - [2023-12-22 20:51:53,718] {dag.py:2937} INFO - Setting next_dagrun for example_nested_branch_dag to 2023-12-21 00:00:00+00:00
[2023-12-22 20:51:53,724] {processor.py:171} INFO - Processing /home/airflow/.local/lib/python3.6/site-packages/airflow/example_dags/example_nested_branch_dag.py took 0.060 seconds
[2023-12-22 20:52:24,658] {processor.py:163} INFO - Started process (PID=1636) to work on /home/airflow/.local/lib/python3.6/site-packages/airflow/example_dags/example_nested_branch_dag.py
[2023-12-22 20:52:24,663] {processor.py:642} INFO - Processing file /home/airflow/.local/lib/python3.6/site-packages/airflow/example_dags/example_nested_branch_dag.py for tasks to queue
[2023-12-22 20:52:24,664] {logging_mixin.py:109} INFO - [2023-12-22 20:52:24,664] {dagbag.py:500} INFO - Filling up the DagBag from /home/airflow/.local/lib/python3.6/site-packages/airflow/example_dags/example_nested_branch_dag.py
[2023-12-22 20:52:24,700] {processor.py:652} INFO - DAG(s) dict_keys(['example_nested_branch_dag']) retrieved from /home/airflow/.local/lib/python3.6/site-packages/airflow/example_dags/example_nested_branch_dag.py
[2023-12-22 20:52:24,752] {logging_mixin.py:109} INFO - [2023-12-22 20:52:24,752] {dag.py:2398} INFO - Sync 1 DAGs
[2023-12-22 20:52:24,791] {logging_mixin.py:109} INFO - [2023-12-22 20:52:24,791] {dag.py:2937} INFO - Setting next_dagrun for example_nested_branch_dag to 2023-12-21 00:00:00+00:00
[2023-12-22 20:52:24,834] {processor.py:171} INFO - Processing /home/airflow/.local/lib/python3.6/site-packages/airflow/example_dags/example_nested_branch_dag.py took 0.181 seconds
[2023-12-22 20:52:55,308] {processor.py:163} INFO - Started process (PID=1710) to work on /home/airflow/.local/lib/python3.6/site-packages/airflow/example_dags/example_nested_branch_dag.py
[2023-12-22 20:52:55,311] {processor.py:642} INFO - Processing file /home/airflow/.local/lib/python3.6/site-packages/airflow/example_dags/example_nested_branch_dag.py for tasks to queue
[2023-12-22 20:52:55,313] {logging_mixin.py:109} INFO - [2023-12-22 20:52:55,313] {dagbag.py:500} INFO - Filling up the DagBag from /home/airflow/.local/lib/python3.6/site-packages/airflow/example_dags/example_nested_branch_dag.py
[2023-12-22 20:52:55,345] {processor.py:652} INFO - DAG(s) dict_keys(['example_nested_branch_dag']) retrieved from /home/airflow/.local/lib/python3.6/site-packages/airflow/example_dags/example_nested_branch_dag.py
[2023-12-22 20:52:55,381] {logging_mixin.py:109} INFO - [2023-12-22 20:52:55,380] {dag.py:2398} INFO - Sync 1 DAGs
[2023-12-22 20:52:55,422] {logging_mixin.py:109} INFO - [2023-12-22 20:52:55,421] {dag.py:2937} INFO - Setting next_dagrun for example_nested_branch_dag to 2023-12-21 00:00:00+00:00
[2023-12-22 20:52:55,442] {processor.py:171} INFO - Processing /home/airflow/.local/lib/python3.6/site-packages/airflow/example_dags/example_nested_branch_dag.py took 0.139 seconds
[2023-12-22 20:53:25,758] {processor.py:163} INFO - Started process (PID=1774) to work on /home/airflow/.local/lib/python3.6/site-packages/airflow/example_dags/example_nested_branch_dag.py
[2023-12-22 20:53:25,760] {processor.py:642} INFO - Processing file /home/airflow/.local/lib/python3.6/site-packages/airflow/example_dags/example_nested_branch_dag.py for tasks to queue
[2023-12-22 20:53:25,760] {logging_mixin.py:109} INFO - [2023-12-22 20:53:25,760] {dagbag.py:500} INFO - Filling up the DagBag from /home/airflow/.local/lib/python3.6/site-packages/airflow/example_dags/example_nested_branch_dag.py
[2023-12-22 20:53:25,775] {processor.py:652} INFO - DAG(s) dict_keys(['example_nested_branch_dag']) retrieved from /home/airflow/.local/lib/python3.6/site-packages/airflow/example_dags/example_nested_branch_dag.py
[2023-12-22 20:53:25,789] {logging_mixin.py:109} INFO - [2023-12-22 20:53:25,789] {dag.py:2398} INFO - Sync 1 DAGs
[2023-12-22 20:53:25,804] {logging_mixin.py:109} INFO - [2023-12-22 20:53:25,804] {dag.py:2937} INFO - Setting next_dagrun for example_nested_branch_dag to 2023-12-21 00:00:00+00:00
[2023-12-22 20:53:25,812] {processor.py:171} INFO - Processing /home/airflow/.local/lib/python3.6/site-packages/airflow/example_dags/example_nested_branch_dag.py took 0.057 seconds
[2023-12-22 20:53:56,390] {processor.py:163} INFO - Started process (PID=1848) to work on /home/airflow/.local/lib/python3.6/site-packages/airflow/example_dags/example_nested_branch_dag.py
[2023-12-22 20:53:56,391] {processor.py:642} INFO - Processing file /home/airflow/.local/lib/python3.6/site-packages/airflow/example_dags/example_nested_branch_dag.py for tasks to queue
[2023-12-22 20:53:56,392] {logging_mixin.py:109} INFO - [2023-12-22 20:53:56,392] {dagbag.py:500} INFO - Filling up the DagBag from /home/airflow/.local/lib/python3.6/site-packages/airflow/example_dags/example_nested_branch_dag.py
[2023-12-22 20:53:56,405] {processor.py:652} INFO - DAG(s) dict_keys(['example_nested_branch_dag']) retrieved from /home/airflow/.local/lib/python3.6/site-packages/airflow/example_dags/example_nested_branch_dag.py
[2023-12-22 20:53:56,439] {logging_mixin.py:109} INFO - [2023-12-22 20:53:56,439] {dag.py:2398} INFO - Sync 1 DAGs
[2023-12-22 20:53:56,461] {logging_mixin.py:109} INFO - [2023-12-22 20:53:56,461] {dag.py:2937} INFO - Setting next_dagrun for example_nested_branch_dag to 2023-12-21 00:00:00+00:00
[2023-12-22 20:53:56,475] {processor.py:171} INFO - Processing /home/airflow/.local/lib/python3.6/site-packages/airflow/example_dags/example_nested_branch_dag.py took 0.088 seconds
[2023-12-22 20:54:26,735] {processor.py:163} INFO - Started process (PID=1911) to work on /home/airflow/.local/lib/python3.6/site-packages/airflow/example_dags/example_nested_branch_dag.py
[2023-12-22 20:54:26,737] {processor.py:642} INFO - Processing file /home/airflow/.local/lib/python3.6/site-packages/airflow/example_dags/example_nested_branch_dag.py for tasks to queue
[2023-12-22 20:54:26,738] {logging_mixin.py:109} INFO - [2023-12-22 20:54:26,738] {dagbag.py:500} INFO - Filling up the DagBag from /home/airflow/.local/lib/python3.6/site-packages/airflow/example_dags/example_nested_branch_dag.py
[2023-12-22 20:54:26,762] {processor.py:652} INFO - DAG(s) dict_keys(['example_nested_branch_dag']) retrieved from /home/airflow/.local/lib/python3.6/site-packages/airflow/example_dags/example_nested_branch_dag.py
[2023-12-22 20:54:26,787] {logging_mixin.py:109} INFO - [2023-12-22 20:54:26,787] {dag.py:2398} INFO - Sync 1 DAGs
[2023-12-22 20:54:26,816] {logging_mixin.py:109} INFO - [2023-12-22 20:54:26,816] {dag.py:2937} INFO - Setting next_dagrun for example_nested_branch_dag to 2023-12-21 00:00:00+00:00
[2023-12-22 20:54:26,828] {processor.py:171} INFO - Processing /home/airflow/.local/lib/python3.6/site-packages/airflow/example_dags/example_nested_branch_dag.py took 0.096 seconds
[2023-12-22 20:54:57,695] {processor.py:163} INFO - Started process (PID=1985) to work on /home/airflow/.local/lib/python3.6/site-packages/airflow/example_dags/example_nested_branch_dag.py
[2023-12-22 20:54:57,697] {processor.py:642} INFO - Processing file /home/airflow/.local/lib/python3.6/site-packages/airflow/example_dags/example_nested_branch_dag.py for tasks to queue
[2023-12-22 20:54:57,697] {logging_mixin.py:109} INFO - [2023-12-22 20:54:57,697] {dagbag.py:500} INFO - Filling up the DagBag from /home/airflow/.local/lib/python3.6/site-packages/airflow/example_dags/example_nested_branch_dag.py
[2023-12-22 20:54:57,714] {processor.py:652} INFO - DAG(s) dict_keys(['example_nested_branch_dag']) retrieved from /home/airflow/.local/lib/python3.6/site-packages/airflow/example_dags/example_nested_branch_dag.py
[2023-12-22 20:54:57,732] {logging_mixin.py:109} INFO - [2023-12-22 20:54:57,732] {dag.py:2398} INFO - Sync 1 DAGs
[2023-12-22 20:54:57,747] {logging_mixin.py:109} INFO - [2023-12-22 20:54:57,747] {dag.py:2937} INFO - Setting next_dagrun for example_nested_branch_dag to 2023-12-21 00:00:00+00:00
[2023-12-22 20:54:57,758] {processor.py:171} INFO - Processing /home/airflow/.local/lib/python3.6/site-packages/airflow/example_dags/example_nested_branch_dag.py took 0.065 seconds
[2023-12-22 20:55:27,869] {processor.py:163} INFO - Started process (PID=2049) to work on /home/airflow/.local/lib/python3.6/site-packages/airflow/example_dags/example_nested_branch_dag.py
[2023-12-22 20:55:27,872] {processor.py:642} INFO - Processing file /home/airflow/.local/lib/python3.6/site-packages/airflow/example_dags/example_nested_branch_dag.py for tasks to queue
[2023-12-22 20:55:27,873] {logging_mixin.py:109} INFO - [2023-12-22 20:55:27,873] {dagbag.py:500} INFO - Filling up the DagBag from /home/airflow/.local/lib/python3.6/site-packages/airflow/example_dags/example_nested_branch_dag.py
[2023-12-22 20:55:27,894] {processor.py:652} INFO - DAG(s) dict_keys(['example_nested_branch_dag']) retrieved from /home/airflow/.local/lib/python3.6/site-packages/airflow/example_dags/example_nested_branch_dag.py
[2023-12-22 20:55:27,924] {logging_mixin.py:109} INFO - [2023-12-22 20:55:27,924] {dag.py:2398} INFO - Sync 1 DAGs
[2023-12-22 20:55:27,944] {logging_mixin.py:109} INFO - [2023-12-22 20:55:27,944] {dag.py:2937} INFO - Setting next_dagrun for example_nested_branch_dag to 2023-12-21 00:00:00+00:00
[2023-12-22 20:55:27,957] {processor.py:171} INFO - Processing /home/airflow/.local/lib/python3.6/site-packages/airflow/example_dags/example_nested_branch_dag.py took 0.091 seconds
[2023-12-22 20:55:58,177] {processor.py:163} INFO - Started process (PID=2120) to work on /home/airflow/.local/lib/python3.6/site-packages/airflow/example_dags/example_nested_branch_dag.py
[2023-12-22 20:55:58,178] {processor.py:642} INFO - Processing file /home/airflow/.local/lib/python3.6/site-packages/airflow/example_dags/example_nested_branch_dag.py for tasks to queue
[2023-12-22 20:55:58,178] {logging_mixin.py:109} INFO - [2023-12-22 20:55:58,178] {dagbag.py:500} INFO - Filling up the DagBag from /home/airflow/.local/lib/python3.6/site-packages/airflow/example_dags/example_nested_branch_dag.py
[2023-12-22 20:55:58,194] {processor.py:652} INFO - DAG(s) dict_keys(['example_nested_branch_dag']) retrieved from /home/airflow/.local/lib/python3.6/site-packages/airflow/example_dags/example_nested_branch_dag.py
[2023-12-22 20:55:58,216] {logging_mixin.py:109} INFO - [2023-12-22 20:55:58,216] {dag.py:2398} INFO - Sync 1 DAGs
[2023-12-22 20:55:58,232] {logging_mixin.py:109} INFO - [2023-12-22 20:55:58,232] {dag.py:2937} INFO - Setting next_dagrun for example_nested_branch_dag to 2023-12-21 00:00:00+00:00
[2023-12-22 20:55:58,243] {processor.py:171} INFO - Processing /home/airflow/.local/lib/python3.6/site-packages/airflow/example_dags/example_nested_branch_dag.py took 0.068 seconds
[2023-12-22 20:56:28,616] {processor.py:163} INFO - Started process (PID=2193) to work on /home/airflow/.local/lib/python3.6/site-packages/airflow/example_dags/example_nested_branch_dag.py
[2023-12-22 20:56:28,618] {processor.py:642} INFO - Processing file /home/airflow/.local/lib/python3.6/site-packages/airflow/example_dags/example_nested_branch_dag.py for tasks to queue
[2023-12-22 20:56:28,619] {logging_mixin.py:109} INFO - [2023-12-22 20:56:28,619] {dagbag.py:500} INFO - Filling up the DagBag from /home/airflow/.local/lib/python3.6/site-packages/airflow/example_dags/example_nested_branch_dag.py
[2023-12-22 20:56:28,635] {processor.py:652} INFO - DAG(s) dict_keys(['example_nested_branch_dag']) retrieved from /home/airflow/.local/lib/python3.6/site-packages/airflow/example_dags/example_nested_branch_dag.py
[2023-12-22 20:56:28,669] {logging_mixin.py:109} INFO - [2023-12-22 20:56:28,669] {dag.py:2398} INFO - Sync 1 DAGs
[2023-12-22 20:56:28,693] {logging_mixin.py:109} INFO - [2023-12-22 20:56:28,693] {dag.py:2937} INFO - Setting next_dagrun for example_nested_branch_dag to 2023-12-21 00:00:00+00:00
[2023-12-22 20:56:28,705] {processor.py:171} INFO - Processing /home/airflow/.local/lib/python3.6/site-packages/airflow/example_dags/example_nested_branch_dag.py took 0.092 seconds
[2023-12-22 20:56:58,805] {processor.py:163} INFO - Started process (PID=2257) to work on /home/airflow/.local/lib/python3.6/site-packages/airflow/example_dags/example_nested_branch_dag.py
[2023-12-22 20:56:58,811] {processor.py:642} INFO - Processing file /home/airflow/.local/lib/python3.6/site-packages/airflow/example_dags/example_nested_branch_dag.py for tasks to queue
[2023-12-22 20:56:58,812] {logging_mixin.py:109} INFO - [2023-12-22 20:56:58,812] {dagbag.py:500} INFO - Filling up the DagBag from /home/airflow/.local/lib/python3.6/site-packages/airflow/example_dags/example_nested_branch_dag.py
[2023-12-22 20:56:58,832] {processor.py:652} INFO - DAG(s) dict_keys(['example_nested_branch_dag']) retrieved from /home/airflow/.local/lib/python3.6/site-packages/airflow/example_dags/example_nested_branch_dag.py
[2023-12-22 20:56:58,852] {logging_mixin.py:109} INFO - [2023-12-22 20:56:58,852] {dag.py:2398} INFO - Sync 1 DAGs
[2023-12-22 20:56:58,874] {logging_mixin.py:109} INFO - [2023-12-22 20:56:58,874] {dag.py:2937} INFO - Setting next_dagrun for example_nested_branch_dag to 2023-12-21 00:00:00+00:00
[2023-12-22 20:56:58,885] {processor.py:171} INFO - Processing /home/airflow/.local/lib/python3.6/site-packages/airflow/example_dags/example_nested_branch_dag.py took 0.082 seconds
[2023-12-22 20:57:29,025] {processor.py:163} INFO - Started process (PID=2328) to work on /home/airflow/.local/lib/python3.6/site-packages/airflow/example_dags/example_nested_branch_dag.py
[2023-12-22 20:57:29,026] {processor.py:642} INFO - Processing file /home/airflow/.local/lib/python3.6/site-packages/airflow/example_dags/example_nested_branch_dag.py for tasks to queue
[2023-12-22 20:57:29,027] {logging_mixin.py:109} INFO - [2023-12-22 20:57:29,027] {dagbag.py:500} INFO - Filling up the DagBag from /home/airflow/.local/lib/python3.6/site-packages/airflow/example_dags/example_nested_branch_dag.py
[2023-12-22 20:57:29,044] {processor.py:652} INFO - DAG(s) dict_keys(['example_nested_branch_dag']) retrieved from /home/airflow/.local/lib/python3.6/site-packages/airflow/example_dags/example_nested_branch_dag.py
[2023-12-22 20:57:29,065] {logging_mixin.py:109} INFO - [2023-12-22 20:57:29,065] {dag.py:2398} INFO - Sync 1 DAGs
[2023-12-22 20:57:29,083] {logging_mixin.py:109} INFO - [2023-12-22 20:57:29,083] {dag.py:2937} INFO - Setting next_dagrun for example_nested_branch_dag to 2023-12-21 00:00:00+00:00
[2023-12-22 20:57:29,095] {processor.py:171} INFO - Processing /home/airflow/.local/lib/python3.6/site-packages/airflow/example_dags/example_nested_branch_dag.py took 0.073 seconds
[2023-12-22 20:58:00,252] {processor.py:163} INFO - Started process (PID=2395) to work on /home/airflow/.local/lib/python3.6/site-packages/airflow/example_dags/example_nested_branch_dag.py
[2023-12-22 20:58:00,270] {processor.py:642} INFO - Processing file /home/airflow/.local/lib/python3.6/site-packages/airflow/example_dags/example_nested_branch_dag.py for tasks to queue
[2023-12-22 20:58:00,287] {logging_mixin.py:109} INFO - [2023-12-22 20:58:00,286] {dagbag.py:500} INFO - Filling up the DagBag from /home/airflow/.local/lib/python3.6/site-packages/airflow/example_dags/example_nested_branch_dag.py
[2023-12-22 20:58:00,327] {processor.py:652} INFO - DAG(s) dict_keys(['example_nested_branch_dag']) retrieved from /home/airflow/.local/lib/python3.6/site-packages/airflow/example_dags/example_nested_branch_dag.py
[2023-12-22 20:58:00,355] {logging_mixin.py:109} INFO - [2023-12-22 20:58:00,355] {dag.py:2398} INFO - Sync 1 DAGs
[2023-12-22 20:58:00,396] {logging_mixin.py:109} INFO - [2023-12-22 20:58:00,396] {dag.py:2937} INFO - Setting next_dagrun for example_nested_branch_dag to 2023-12-21 00:00:00+00:00
[2023-12-22 20:58:00,434] {processor.py:171} INFO - Processing /home/airflow/.local/lib/python3.6/site-packages/airflow/example_dags/example_nested_branch_dag.py took 0.184 seconds
[2023-12-22 20:58:30,894] {processor.py:163} INFO - Started process (PID=2465) to work on /home/airflow/.local/lib/python3.6/site-packages/airflow/example_dags/example_nested_branch_dag.py
[2023-12-22 20:58:30,897] {processor.py:642} INFO - Processing file /home/airflow/.local/lib/python3.6/site-packages/airflow/example_dags/example_nested_branch_dag.py for tasks to queue
[2023-12-22 20:58:30,898] {logging_mixin.py:109} INFO - [2023-12-22 20:58:30,898] {dagbag.py:500} INFO - Filling up the DagBag from /home/airflow/.local/lib/python3.6/site-packages/airflow/example_dags/example_nested_branch_dag.py
[2023-12-22 20:58:30,934] {processor.py:652} INFO - DAG(s) dict_keys(['example_nested_branch_dag']) retrieved from /home/airflow/.local/lib/python3.6/site-packages/airflow/example_dags/example_nested_branch_dag.py
[2023-12-22 20:58:30,976] {logging_mixin.py:109} INFO - [2023-12-22 20:58:30,976] {dag.py:2398} INFO - Sync 1 DAGs
[2023-12-22 20:58:31,017] {logging_mixin.py:109} INFO - [2023-12-22 20:58:31,017] {dag.py:2937} INFO - Setting next_dagrun for example_nested_branch_dag to 2023-12-21 00:00:00+00:00
[2023-12-22 20:58:31,037] {processor.py:171} INFO - Processing /home/airflow/.local/lib/python3.6/site-packages/airflow/example_dags/example_nested_branch_dag.py took 0.145 seconds
[2023-12-22 20:59:01,582] {processor.py:163} INFO - Started process (PID=2532) to work on /home/airflow/.local/lib/python3.6/site-packages/airflow/example_dags/example_nested_branch_dag.py
[2023-12-22 20:59:01,586] {processor.py:642} INFO - Processing file /home/airflow/.local/lib/python3.6/site-packages/airflow/example_dags/example_nested_branch_dag.py for tasks to queue
[2023-12-22 20:59:01,588] {logging_mixin.py:109} INFO - [2023-12-22 20:59:01,588] {dagbag.py:500} INFO - Filling up the DagBag from /home/airflow/.local/lib/python3.6/site-packages/airflow/example_dags/example_nested_branch_dag.py
[2023-12-22 20:59:01,642] {processor.py:652} INFO - DAG(s) dict_keys(['example_nested_branch_dag']) retrieved from /home/airflow/.local/lib/python3.6/site-packages/airflow/example_dags/example_nested_branch_dag.py
[2023-12-22 20:59:01,703] {logging_mixin.py:109} INFO - [2023-12-22 20:59:01,703] {dag.py:2398} INFO - Sync 1 DAGs
[2023-12-22 20:59:01,747] {logging_mixin.py:109} INFO - [2023-12-22 20:59:01,747] {dag.py:2937} INFO - Setting next_dagrun for example_nested_branch_dag to 2023-12-21 00:00:00+00:00
[2023-12-22 20:59:01,775] {processor.py:171} INFO - Processing /home/airflow/.local/lib/python3.6/site-packages/airflow/example_dags/example_nested_branch_dag.py took 0.200 seconds
[2023-12-22 20:59:31,978] {processor.py:163} INFO - Started process (PID=2596) to work on /home/airflow/.local/lib/python3.6/site-packages/airflow/example_dags/example_nested_branch_dag.py
[2023-12-22 20:59:31,981] {processor.py:642} INFO - Processing file /home/airflow/.local/lib/python3.6/site-packages/airflow/example_dags/example_nested_branch_dag.py for tasks to queue
[2023-12-22 20:59:31,983] {logging_mixin.py:109} INFO - [2023-12-22 20:59:31,982] {dagbag.py:500} INFO - Filling up the DagBag from /home/airflow/.local/lib/python3.6/site-packages/airflow/example_dags/example_nested_branch_dag.py
[2023-12-22 20:59:32,015] {processor.py:652} INFO - DAG(s) dict_keys(['example_nested_branch_dag']) retrieved from /home/airflow/.local/lib/python3.6/site-packages/airflow/example_dags/example_nested_branch_dag.py
[2023-12-22 20:59:32,051] {logging_mixin.py:109} INFO - [2023-12-22 20:59:32,051] {dag.py:2398} INFO - Sync 1 DAGs
[2023-12-22 20:59:32,084] {logging_mixin.py:109} INFO - [2023-12-22 20:59:32,084] {dag.py:2937} INFO - Setting next_dagrun for example_nested_branch_dag to 2023-12-21 00:00:00+00:00
[2023-12-22 20:59:32,105] {processor.py:171} INFO - Processing /home/airflow/.local/lib/python3.6/site-packages/airflow/example_dags/example_nested_branch_dag.py took 0.133 seconds
[2023-12-22 21:00:02,698] {processor.py:163} INFO - Started process (PID=2660) to work on /home/airflow/.local/lib/python3.6/site-packages/airflow/example_dags/example_nested_branch_dag.py
[2023-12-22 21:00:02,701] {processor.py:642} INFO - Processing file /home/airflow/.local/lib/python3.6/site-packages/airflow/example_dags/example_nested_branch_dag.py for tasks to queue
[2023-12-22 21:00:02,703] {logging_mixin.py:109} INFO - [2023-12-22 21:00:02,703] {dagbag.py:500} INFO - Filling up the DagBag from /home/airflow/.local/lib/python3.6/site-packages/airflow/example_dags/example_nested_branch_dag.py
[2023-12-22 21:00:02,738] {processor.py:652} INFO - DAG(s) dict_keys(['example_nested_branch_dag']) retrieved from /home/airflow/.local/lib/python3.6/site-packages/airflow/example_dags/example_nested_branch_dag.py
[2023-12-22 21:00:02,778] {logging_mixin.py:109} INFO - [2023-12-22 21:00:02,778] {dag.py:2398} INFO - Sync 1 DAGs
[2023-12-22 21:00:02,811] {logging_mixin.py:109} INFO - [2023-12-22 21:00:02,811] {dag.py:2937} INFO - Setting next_dagrun for example_nested_branch_dag to 2023-12-21 00:00:00+00:00
[2023-12-22 21:00:02,868] {processor.py:171} INFO - Processing /home/airflow/.local/lib/python3.6/site-packages/airflow/example_dags/example_nested_branch_dag.py took 0.174 seconds
[2023-12-22 21:00:33,647] {processor.py:163} INFO - Started process (PID=2724) to work on /home/airflow/.local/lib/python3.6/site-packages/airflow/example_dags/example_nested_branch_dag.py
[2023-12-22 21:00:33,649] {processor.py:642} INFO - Processing file /home/airflow/.local/lib/python3.6/site-packages/airflow/example_dags/example_nested_branch_dag.py for tasks to queue
[2023-12-22 21:00:33,653] {logging_mixin.py:109} INFO - [2023-12-22 21:00:33,653] {dagbag.py:500} INFO - Filling up the DagBag from /home/airflow/.local/lib/python3.6/site-packages/airflow/example_dags/example_nested_branch_dag.py
[2023-12-22 21:00:33,683] {processor.py:652} INFO - DAG(s) dict_keys(['example_nested_branch_dag']) retrieved from /home/airflow/.local/lib/python3.6/site-packages/airflow/example_dags/example_nested_branch_dag.py
[2023-12-22 21:00:33,718] {logging_mixin.py:109} INFO - [2023-12-22 21:00:33,717] {dag.py:2398} INFO - Sync 1 DAGs
[2023-12-22 21:00:33,753] {logging_mixin.py:109} INFO - [2023-12-22 21:00:33,752] {dag.py:2937} INFO - Setting next_dagrun for example_nested_branch_dag to 2023-12-21 00:00:00+00:00
[2023-12-22 21:00:33,770] {processor.py:171} INFO - Processing /home/airflow/.local/lib/python3.6/site-packages/airflow/example_dags/example_nested_branch_dag.py took 0.128 seconds
[2023-12-22 21:01:04,670] {processor.py:163} INFO - Started process (PID=2788) to work on /home/airflow/.local/lib/python3.6/site-packages/airflow/example_dags/example_nested_branch_dag.py
[2023-12-22 21:01:04,673] {processor.py:642} INFO - Processing file /home/airflow/.local/lib/python3.6/site-packages/airflow/example_dags/example_nested_branch_dag.py for tasks to queue
[2023-12-22 21:01:04,673] {logging_mixin.py:109} INFO - [2023-12-22 21:01:04,673] {dagbag.py:500} INFO - Filling up the DagBag from /home/airflow/.local/lib/python3.6/site-packages/airflow/example_dags/example_nested_branch_dag.py
[2023-12-22 21:01:04,700] {processor.py:652} INFO - DAG(s) dict_keys(['example_nested_branch_dag']) retrieved from /home/airflow/.local/lib/python3.6/site-packages/airflow/example_dags/example_nested_branch_dag.py
[2023-12-22 21:01:04,735] {logging_mixin.py:109} INFO - [2023-12-22 21:01:04,735] {dag.py:2398} INFO - Sync 1 DAGs
[2023-12-22 21:01:04,762] {logging_mixin.py:109} INFO - [2023-12-22 21:01:04,762] {dag.py:2937} INFO - Setting next_dagrun for example_nested_branch_dag to 2023-12-21 00:00:00+00:00
[2023-12-22 21:01:04,775] {processor.py:171} INFO - Processing /home/airflow/.local/lib/python3.6/site-packages/airflow/example_dags/example_nested_branch_dag.py took 0.109 seconds
[2023-12-22 21:01:35,703] {processor.py:163} INFO - Started process (PID=2852) to work on /home/airflow/.local/lib/python3.6/site-packages/airflow/example_dags/example_nested_branch_dag.py
[2023-12-22 21:01:35,705] {processor.py:642} INFO - Processing file /home/airflow/.local/lib/python3.6/site-packages/airflow/example_dags/example_nested_branch_dag.py for tasks to queue
[2023-12-22 21:01:35,706] {logging_mixin.py:109} INFO - [2023-12-22 21:01:35,706] {dagbag.py:500} INFO - Filling up the DagBag from /home/airflow/.local/lib/python3.6/site-packages/airflow/example_dags/example_nested_branch_dag.py
[2023-12-22 21:01:35,732] {processor.py:652} INFO - DAG(s) dict_keys(['example_nested_branch_dag']) retrieved from /home/airflow/.local/lib/python3.6/site-packages/airflow/example_dags/example_nested_branch_dag.py
[2023-12-22 21:01:35,764] {logging_mixin.py:109} INFO - [2023-12-22 21:01:35,764] {dag.py:2398} INFO - Sync 1 DAGs
[2023-12-22 21:01:35,796] {logging_mixin.py:109} INFO - [2023-12-22 21:01:35,796] {dag.py:2937} INFO - Setting next_dagrun for example_nested_branch_dag to 2023-12-21 00:00:00+00:00
[2023-12-22 21:01:35,812] {processor.py:171} INFO - Processing /home/airflow/.local/lib/python3.6/site-packages/airflow/example_dags/example_nested_branch_dag.py took 0.112 seconds
[2023-12-22 21:02:06,434] {processor.py:163} INFO - Started process (PID=2926) to work on /home/airflow/.local/lib/python3.6/site-packages/airflow/example_dags/example_nested_branch_dag.py
[2023-12-22 21:02:06,435] {processor.py:642} INFO - Processing file /home/airflow/.local/lib/python3.6/site-packages/airflow/example_dags/example_nested_branch_dag.py for tasks to queue
[2023-12-22 21:02:06,436] {logging_mixin.py:109} INFO - [2023-12-22 21:02:06,436] {dagbag.py:500} INFO - Filling up the DagBag from /home/airflow/.local/lib/python3.6/site-packages/airflow/example_dags/example_nested_branch_dag.py
[2023-12-22 21:02:06,452] {processor.py:652} INFO - DAG(s) dict_keys(['example_nested_branch_dag']) retrieved from /home/airflow/.local/lib/python3.6/site-packages/airflow/example_dags/example_nested_branch_dag.py
[2023-12-22 21:02:06,484] {logging_mixin.py:109} INFO - [2023-12-22 21:02:06,484] {dag.py:2398} INFO - Sync 1 DAGs
[2023-12-22 21:02:06,504] {logging_mixin.py:109} INFO - [2023-12-22 21:02:06,504] {dag.py:2937} INFO - Setting next_dagrun for example_nested_branch_dag to 2023-12-21 00:00:00+00:00
[2023-12-22 21:02:06,515] {processor.py:171} INFO - Processing /home/airflow/.local/lib/python3.6/site-packages/airflow/example_dags/example_nested_branch_dag.py took 0.083 seconds
[2023-12-22 21:02:36,788] {processor.py:163} INFO - Started process (PID=2991) to work on /home/airflow/.local/lib/python3.6/site-packages/airflow/example_dags/example_nested_branch_dag.py
[2023-12-22 21:02:36,790] {processor.py:642} INFO - Processing file /home/airflow/.local/lib/python3.6/site-packages/airflow/example_dags/example_nested_branch_dag.py for tasks to queue
[2023-12-22 21:02:36,791] {logging_mixin.py:109} INFO - [2023-12-22 21:02:36,791] {dagbag.py:500} INFO - Filling up the DagBag from /home/airflow/.local/lib/python3.6/site-packages/airflow/example_dags/example_nested_branch_dag.py
[2023-12-22 21:02:36,807] {processor.py:652} INFO - DAG(s) dict_keys(['example_nested_branch_dag']) retrieved from /home/airflow/.local/lib/python3.6/site-packages/airflow/example_dags/example_nested_branch_dag.py
[2023-12-22 21:02:36,828] {logging_mixin.py:109} INFO - [2023-12-22 21:02:36,828] {dag.py:2398} INFO - Sync 1 DAGs
[2023-12-22 21:02:36,847] {logging_mixin.py:109} INFO - [2023-12-22 21:02:36,847] {dag.py:2937} INFO - Setting next_dagrun for example_nested_branch_dag to 2023-12-21 00:00:00+00:00
[2023-12-22 21:02:36,858] {processor.py:171} INFO - Processing /home/airflow/.local/lib/python3.6/site-packages/airflow/example_dags/example_nested_branch_dag.py took 0.074 seconds
[2023-12-22 21:03:07,438] {processor.py:163} INFO - Started process (PID=3065) to work on /home/airflow/.local/lib/python3.6/site-packages/airflow/example_dags/example_nested_branch_dag.py
[2023-12-22 21:03:07,440] {processor.py:642} INFO - Processing file /home/airflow/.local/lib/python3.6/site-packages/airflow/example_dags/example_nested_branch_dag.py for tasks to queue
[2023-12-22 21:03:07,441] {logging_mixin.py:109} INFO - [2023-12-22 21:03:07,441] {dagbag.py:500} INFO - Filling up the DagBag from /home/airflow/.local/lib/python3.6/site-packages/airflow/example_dags/example_nested_branch_dag.py
[2023-12-22 21:03:07,458] {processor.py:652} INFO - DAG(s) dict_keys(['example_nested_branch_dag']) retrieved from /home/airflow/.local/lib/python3.6/site-packages/airflow/example_dags/example_nested_branch_dag.py
[2023-12-22 21:03:07,476] {logging_mixin.py:109} INFO - [2023-12-22 21:03:07,476] {dag.py:2398} INFO - Sync 1 DAGs
[2023-12-22 21:03:07,493] {logging_mixin.py:109} INFO - [2023-12-22 21:03:07,493] {dag.py:2937} INFO - Setting next_dagrun for example_nested_branch_dag to 2023-12-21 00:00:00+00:00
[2023-12-22 21:03:07,503] {processor.py:171} INFO - Processing /home/airflow/.local/lib/python3.6/site-packages/airflow/example_dags/example_nested_branch_dag.py took 0.067 seconds
[2023-12-22 21:03:37,626] {processor.py:163} INFO - Started process (PID=3138) to work on /home/airflow/.local/lib/python3.6/site-packages/airflow/example_dags/example_nested_branch_dag.py
[2023-12-22 21:03:37,629] {processor.py:642} INFO - Processing file /home/airflow/.local/lib/python3.6/site-packages/airflow/example_dags/example_nested_branch_dag.py for tasks to queue
[2023-12-22 21:03:37,630] {logging_mixin.py:109} INFO - [2023-12-22 21:03:37,630] {dagbag.py:500} INFO - Filling up the DagBag from /home/airflow/.local/lib/python3.6/site-packages/airflow/example_dags/example_nested_branch_dag.py
[2023-12-22 21:03:37,649] {processor.py:652} INFO - DAG(s) dict_keys(['example_nested_branch_dag']) retrieved from /home/airflow/.local/lib/python3.6/site-packages/airflow/example_dags/example_nested_branch_dag.py
[2023-12-22 21:03:37,674] {logging_mixin.py:109} INFO - [2023-12-22 21:03:37,673] {dag.py:2398} INFO - Sync 1 DAGs
[2023-12-22 21:03:37,693] {logging_mixin.py:109} INFO - [2023-12-22 21:03:37,693] {dag.py:2937} INFO - Setting next_dagrun for example_nested_branch_dag to 2023-12-21 00:00:00+00:00
[2023-12-22 21:03:37,706] {processor.py:171} INFO - Processing /home/airflow/.local/lib/python3.6/site-packages/airflow/example_dags/example_nested_branch_dag.py took 0.082 seconds
[2023-12-22 21:04:07,887] {processor.py:163} INFO - Started process (PID=3202) to work on /home/airflow/.local/lib/python3.6/site-packages/airflow/example_dags/example_nested_branch_dag.py
[2023-12-22 21:04:07,888] {processor.py:642} INFO - Processing file /home/airflow/.local/lib/python3.6/site-packages/airflow/example_dags/example_nested_branch_dag.py for tasks to queue
[2023-12-22 21:04:07,888] {logging_mixin.py:109} INFO - [2023-12-22 21:04:07,888] {dagbag.py:500} INFO - Filling up the DagBag from /home/airflow/.local/lib/python3.6/site-packages/airflow/example_dags/example_nested_branch_dag.py
[2023-12-22 21:04:07,901] {processor.py:652} INFO - DAG(s) dict_keys(['example_nested_branch_dag']) retrieved from /home/airflow/.local/lib/python3.6/site-packages/airflow/example_dags/example_nested_branch_dag.py
[2023-12-22 21:04:07,916] {logging_mixin.py:109} INFO - [2023-12-22 21:04:07,916] {dag.py:2398} INFO - Sync 1 DAGs
[2023-12-22 21:04:07,930] {logging_mixin.py:109} INFO - [2023-12-22 21:04:07,930] {dag.py:2937} INFO - Setting next_dagrun for example_nested_branch_dag to 2023-12-21 00:00:00+00:00
[2023-12-22 21:04:07,939] {processor.py:171} INFO - Processing /home/airflow/.local/lib/python3.6/site-packages/airflow/example_dags/example_nested_branch_dag.py took 0.054 seconds
[2023-12-22 21:04:38,097] {processor.py:163} INFO - Started process (PID=3276) to work on /home/airflow/.local/lib/python3.6/site-packages/airflow/example_dags/example_nested_branch_dag.py
[2023-12-22 21:04:38,099] {processor.py:642} INFO - Processing file /home/airflow/.local/lib/python3.6/site-packages/airflow/example_dags/example_nested_branch_dag.py for tasks to queue
[2023-12-22 21:04:38,100] {logging_mixin.py:109} INFO - [2023-12-22 21:04:38,100] {dagbag.py:500} INFO - Filling up the DagBag from /home/airflow/.local/lib/python3.6/site-packages/airflow/example_dags/example_nested_branch_dag.py
[2023-12-22 21:04:38,117] {processor.py:652} INFO - DAG(s) dict_keys(['example_nested_branch_dag']) retrieved from /home/airflow/.local/lib/python3.6/site-packages/airflow/example_dags/example_nested_branch_dag.py
[2023-12-22 21:04:38,137] {logging_mixin.py:109} INFO - [2023-12-22 21:04:38,137] {dag.py:2398} INFO - Sync 1 DAGs
[2023-12-22 21:04:38,152] {logging_mixin.py:109} INFO - [2023-12-22 21:04:38,152] {dag.py:2937} INFO - Setting next_dagrun for example_nested_branch_dag to 2023-12-21 00:00:00+00:00
[2023-12-22 21:04:38,160] {processor.py:171} INFO - Processing /home/airflow/.local/lib/python3.6/site-packages/airflow/example_dags/example_nested_branch_dag.py took 0.065 seconds
[2023-12-22 21:05:08,392] {processor.py:163} INFO - Started process (PID=3340) to work on /home/airflow/.local/lib/python3.6/site-packages/airflow/example_dags/example_nested_branch_dag.py
[2023-12-22 21:05:08,393] {processor.py:642} INFO - Processing file /home/airflow/.local/lib/python3.6/site-packages/airflow/example_dags/example_nested_branch_dag.py for tasks to queue
[2023-12-22 21:05:08,394] {logging_mixin.py:109} INFO - [2023-12-22 21:05:08,394] {dagbag.py:500} INFO - Filling up the DagBag from /home/airflow/.local/lib/python3.6/site-packages/airflow/example_dags/example_nested_branch_dag.py
[2023-12-22 21:05:08,411] {processor.py:652} INFO - DAG(s) dict_keys(['example_nested_branch_dag']) retrieved from /home/airflow/.local/lib/python3.6/site-packages/airflow/example_dags/example_nested_branch_dag.py
[2023-12-22 21:05:08,433] {logging_mixin.py:109} INFO - [2023-12-22 21:05:08,433] {dag.py:2398} INFO - Sync 1 DAGs
[2023-12-22 21:05:08,449] {logging_mixin.py:109} INFO - [2023-12-22 21:05:08,449] {dag.py:2937} INFO - Setting next_dagrun for example_nested_branch_dag to 2023-12-21 00:00:00+00:00
[2023-12-22 21:05:08,459] {processor.py:171} INFO - Processing /home/airflow/.local/lib/python3.6/site-packages/airflow/example_dags/example_nested_branch_dag.py took 0.071 seconds
[2023-12-22 21:05:38,679] {processor.py:163} INFO - Started process (PID=3414) to work on /home/airflow/.local/lib/python3.6/site-packages/airflow/example_dags/example_nested_branch_dag.py
[2023-12-22 21:05:38,681] {processor.py:642} INFO - Processing file /home/airflow/.local/lib/python3.6/site-packages/airflow/example_dags/example_nested_branch_dag.py for tasks to queue
[2023-12-22 21:05:38,681] {logging_mixin.py:109} INFO - [2023-12-22 21:05:38,681] {dagbag.py:500} INFO - Filling up the DagBag from /home/airflow/.local/lib/python3.6/site-packages/airflow/example_dags/example_nested_branch_dag.py
[2023-12-22 21:05:38,701] {processor.py:652} INFO - DAG(s) dict_keys(['example_nested_branch_dag']) retrieved from /home/airflow/.local/lib/python3.6/site-packages/airflow/example_dags/example_nested_branch_dag.py
[2023-12-22 21:05:38,719] {logging_mixin.py:109} INFO - [2023-12-22 21:05:38,719] {dag.py:2398} INFO - Sync 1 DAGs
[2023-12-22 21:05:38,736] {logging_mixin.py:109} INFO - [2023-12-22 21:05:38,735] {dag.py:2937} INFO - Setting next_dagrun for example_nested_branch_dag to 2023-12-21 00:00:00+00:00
[2023-12-22 21:05:38,746] {processor.py:171} INFO - Processing /home/airflow/.local/lib/python3.6/site-packages/airflow/example_dags/example_nested_branch_dag.py took 0.070 seconds
[2023-12-22 21:06:09,005] {processor.py:163} INFO - Started process (PID=3478) to work on /home/airflow/.local/lib/python3.6/site-packages/airflow/example_dags/example_nested_branch_dag.py
[2023-12-22 21:06:09,006] {processor.py:642} INFO - Processing file /home/airflow/.local/lib/python3.6/site-packages/airflow/example_dags/example_nested_branch_dag.py for tasks to queue
[2023-12-22 21:06:09,007] {logging_mixin.py:109} INFO - [2023-12-22 21:06:09,007] {dagbag.py:500} INFO - Filling up the DagBag from /home/airflow/.local/lib/python3.6/site-packages/airflow/example_dags/example_nested_branch_dag.py
[2023-12-22 21:06:09,021] {processor.py:652} INFO - DAG(s) dict_keys(['example_nested_branch_dag']) retrieved from /home/airflow/.local/lib/python3.6/site-packages/airflow/example_dags/example_nested_branch_dag.py
[2023-12-22 21:06:09,040] {logging_mixin.py:109} INFO - [2023-12-22 21:06:09,040] {dag.py:2398} INFO - Sync 1 DAGs
[2023-12-22 21:06:09,054] {logging_mixin.py:109} INFO - [2023-12-22 21:06:09,054] {dag.py:2937} INFO - Setting next_dagrun for example_nested_branch_dag to 2023-12-21 00:00:00+00:00
[2023-12-22 21:06:09,065] {processor.py:171} INFO - Processing /home/airflow/.local/lib/python3.6/site-packages/airflow/example_dags/example_nested_branch_dag.py took 0.063 seconds
[2023-12-22 21:06:39,212] {processor.py:163} INFO - Started process (PID=3552) to work on /home/airflow/.local/lib/python3.6/site-packages/airflow/example_dags/example_nested_branch_dag.py
[2023-12-22 21:06:39,213] {processor.py:642} INFO - Processing file /home/airflow/.local/lib/python3.6/site-packages/airflow/example_dags/example_nested_branch_dag.py for tasks to queue
[2023-12-22 21:06:39,214] {logging_mixin.py:109} INFO - [2023-12-22 21:06:39,214] {dagbag.py:500} INFO - Filling up the DagBag from /home/airflow/.local/lib/python3.6/site-packages/airflow/example_dags/example_nested_branch_dag.py
[2023-12-22 21:06:39,227] {processor.py:652} INFO - DAG(s) dict_keys(['example_nested_branch_dag']) retrieved from /home/airflow/.local/lib/python3.6/site-packages/airflow/example_dags/example_nested_branch_dag.py
[2023-12-22 21:06:39,242] {logging_mixin.py:109} INFO - [2023-12-22 21:06:39,242] {dag.py:2398} INFO - Sync 1 DAGs
[2023-12-22 21:06:39,255] {logging_mixin.py:109} INFO - [2023-12-22 21:06:39,255] {dag.py:2937} INFO - Setting next_dagrun for example_nested_branch_dag to 2023-12-21 00:00:00+00:00
[2023-12-22 21:06:39,262] {processor.py:171} INFO - Processing /home/airflow/.local/lib/python3.6/site-packages/airflow/example_dags/example_nested_branch_dag.py took 0.052 seconds
[2023-12-22 21:07:09,676] {processor.py:163} INFO - Started process (PID=3616) to work on /home/airflow/.local/lib/python3.6/site-packages/airflow/example_dags/example_nested_branch_dag.py
[2023-12-22 21:07:09,677] {processor.py:642} INFO - Processing file /home/airflow/.local/lib/python3.6/site-packages/airflow/example_dags/example_nested_branch_dag.py for tasks to queue
[2023-12-22 21:07:09,678] {logging_mixin.py:109} INFO - [2023-12-22 21:07:09,678] {dagbag.py:500} INFO - Filling up the DagBag from /home/airflow/.local/lib/python3.6/site-packages/airflow/example_dags/example_nested_branch_dag.py
[2023-12-22 21:07:09,692] {processor.py:652} INFO - DAG(s) dict_keys(['example_nested_branch_dag']) retrieved from /home/airflow/.local/lib/python3.6/site-packages/airflow/example_dags/example_nested_branch_dag.py
[2023-12-22 21:07:09,710] {logging_mixin.py:109} INFO - [2023-12-22 21:07:09,710] {dag.py:2398} INFO - Sync 1 DAGs
[2023-12-22 21:07:09,726] {logging_mixin.py:109} INFO - [2023-12-22 21:07:09,726] {dag.py:2937} INFO - Setting next_dagrun for example_nested_branch_dag to 2023-12-21 00:00:00+00:00
[2023-12-22 21:07:09,738] {processor.py:171} INFO - Processing /home/airflow/.local/lib/python3.6/site-packages/airflow/example_dags/example_nested_branch_dag.py took 0.064 seconds
[2023-12-22 21:07:40,024] {processor.py:163} INFO - Started process (PID=3690) to work on /home/airflow/.local/lib/python3.6/site-packages/airflow/example_dags/example_nested_branch_dag.py
[2023-12-22 21:07:40,025] {processor.py:642} INFO - Processing file /home/airflow/.local/lib/python3.6/site-packages/airflow/example_dags/example_nested_branch_dag.py for tasks to queue
[2023-12-22 21:07:40,026] {logging_mixin.py:109} INFO - [2023-12-22 21:07:40,026] {dagbag.py:500} INFO - Filling up the DagBag from /home/airflow/.local/lib/python3.6/site-packages/airflow/example_dags/example_nested_branch_dag.py
[2023-12-22 21:07:40,041] {processor.py:652} INFO - DAG(s) dict_keys(['example_nested_branch_dag']) retrieved from /home/airflow/.local/lib/python3.6/site-packages/airflow/example_dags/example_nested_branch_dag.py
[2023-12-22 21:07:40,056] {logging_mixin.py:109} INFO - [2023-12-22 21:07:40,056] {dag.py:2398} INFO - Sync 1 DAGs
[2023-12-22 21:07:40,071] {logging_mixin.py:109} INFO - [2023-12-22 21:07:40,071] {dag.py:2937} INFO - Setting next_dagrun for example_nested_branch_dag to 2023-12-21 00:00:00+00:00
[2023-12-22 21:07:40,079] {processor.py:171} INFO - Processing /home/airflow/.local/lib/python3.6/site-packages/airflow/example_dags/example_nested_branch_dag.py took 0.058 seconds
[2023-12-22 21:08:11,063] {processor.py:163} INFO - Started process (PID=3744) to work on /home/airflow/.local/lib/python3.6/site-packages/airflow/example_dags/example_nested_branch_dag.py
[2023-12-22 21:08:11,065] {processor.py:642} INFO - Processing file /home/airflow/.local/lib/python3.6/site-packages/airflow/example_dags/example_nested_branch_dag.py for tasks to queue
[2023-12-22 21:08:11,065] {logging_mixin.py:109} INFO - [2023-12-22 21:08:11,065] {dagbag.py:500} INFO - Filling up the DagBag from /home/airflow/.local/lib/python3.6/site-packages/airflow/example_dags/example_nested_branch_dag.py
[2023-12-22 21:08:11,102] {processor.py:652} INFO - DAG(s) dict_keys(['example_nested_branch_dag']) retrieved from /home/airflow/.local/lib/python3.6/site-packages/airflow/example_dags/example_nested_branch_dag.py
[2023-12-22 21:08:11,152] {logging_mixin.py:109} INFO - [2023-12-22 21:08:11,152] {dag.py:2398} INFO - Sync 1 DAGs
[2023-12-22 21:08:11,201] {logging_mixin.py:109} INFO - [2023-12-22 21:08:11,201] {dag.py:2937} INFO - Setting next_dagrun for example_nested_branch_dag to 2023-12-21 00:00:00+00:00
[2023-12-22 21:08:11,223] {processor.py:171} INFO - Processing /home/airflow/.local/lib/python3.6/site-packages/airflow/example_dags/example_nested_branch_dag.py took 0.163 seconds
[2023-12-22 21:08:41,489] {processor.py:163} INFO - Started process (PID=3817) to work on /home/airflow/.local/lib/python3.6/site-packages/airflow/example_dags/example_nested_branch_dag.py
[2023-12-22 21:08:41,491] {processor.py:642} INFO - Processing file /home/airflow/.local/lib/python3.6/site-packages/airflow/example_dags/example_nested_branch_dag.py for tasks to queue
[2023-12-22 21:08:41,492] {logging_mixin.py:109} INFO - [2023-12-22 21:08:41,492] {dagbag.py:500} INFO - Filling up the DagBag from /home/airflow/.local/lib/python3.6/site-packages/airflow/example_dags/example_nested_branch_dag.py
[2023-12-22 21:08:41,520] {processor.py:652} INFO - DAG(s) dict_keys(['example_nested_branch_dag']) retrieved from /home/airflow/.local/lib/python3.6/site-packages/airflow/example_dags/example_nested_branch_dag.py
[2023-12-22 21:08:41,542] {logging_mixin.py:109} INFO - [2023-12-22 21:08:41,542] {dag.py:2398} INFO - Sync 1 DAGs
[2023-12-22 21:08:41,564] {logging_mixin.py:109} INFO - [2023-12-22 21:08:41,563] {dag.py:2937} INFO - Setting next_dagrun for example_nested_branch_dag to 2023-12-21 00:00:00+00:00
[2023-12-22 21:08:41,595] {processor.py:171} INFO - Processing /home/airflow/.local/lib/python3.6/site-packages/airflow/example_dags/example_nested_branch_dag.py took 0.109 seconds
[2023-12-22 21:09:12,145] {processor.py:163} INFO - Started process (PID=3890) to work on /home/airflow/.local/lib/python3.6/site-packages/airflow/example_dags/example_nested_branch_dag.py
[2023-12-22 21:09:12,147] {processor.py:642} INFO - Processing file /home/airflow/.local/lib/python3.6/site-packages/airflow/example_dags/example_nested_branch_dag.py for tasks to queue
[2023-12-22 21:09:12,148] {logging_mixin.py:109} INFO - [2023-12-22 21:09:12,147] {dagbag.py:500} INFO - Filling up the DagBag from /home/airflow/.local/lib/python3.6/site-packages/airflow/example_dags/example_nested_branch_dag.py
[2023-12-22 21:09:12,170] {processor.py:652} INFO - DAG(s) dict_keys(['example_nested_branch_dag']) retrieved from /home/airflow/.local/lib/python3.6/site-packages/airflow/example_dags/example_nested_branch_dag.py
[2023-12-22 21:09:12,203] {logging_mixin.py:109} INFO - [2023-12-22 21:09:12,203] {dag.py:2398} INFO - Sync 1 DAGs
[2023-12-22 21:09:12,238] {logging_mixin.py:109} INFO - [2023-12-22 21:09:12,238] {dag.py:2937} INFO - Setting next_dagrun for example_nested_branch_dag to 2023-12-21 00:00:00+00:00
[2023-12-22 21:09:12,256] {processor.py:171} INFO - Processing /home/airflow/.local/lib/python3.6/site-packages/airflow/example_dags/example_nested_branch_dag.py took 0.114 seconds
[2023-12-22 21:09:42,310] {processor.py:163} INFO - Started process (PID=3954) to work on /home/airflow/.local/lib/python3.6/site-packages/airflow/example_dags/example_nested_branch_dag.py
[2023-12-22 21:09:42,312] {processor.py:642} INFO - Processing file /home/airflow/.local/lib/python3.6/site-packages/airflow/example_dags/example_nested_branch_dag.py for tasks to queue
[2023-12-22 21:09:42,313] {logging_mixin.py:109} INFO - [2023-12-22 21:09:42,313] {dagbag.py:500} INFO - Filling up the DagBag from /home/airflow/.local/lib/python3.6/site-packages/airflow/example_dags/example_nested_branch_dag.py
[2023-12-22 21:09:42,332] {processor.py:652} INFO - DAG(s) dict_keys(['example_nested_branch_dag']) retrieved from /home/airflow/.local/lib/python3.6/site-packages/airflow/example_dags/example_nested_branch_dag.py
[2023-12-22 21:09:42,349] {logging_mixin.py:109} INFO - [2023-12-22 21:09:42,349] {dag.py:2398} INFO - Sync 1 DAGs
[2023-12-22 21:09:42,367] {logging_mixin.py:109} INFO - [2023-12-22 21:09:42,367] {dag.py:2937} INFO - Setting next_dagrun for example_nested_branch_dag to 2023-12-21 00:00:00+00:00
[2023-12-22 21:09:42,376] {processor.py:171} INFO - Processing /home/airflow/.local/lib/python3.6/site-packages/airflow/example_dags/example_nested_branch_dag.py took 0.068 seconds
[2023-12-22 21:10:13,141] {processor.py:163} INFO - Started process (PID=4028) to work on /home/airflow/.local/lib/python3.6/site-packages/airflow/example_dags/example_nested_branch_dag.py
[2023-12-22 21:10:13,142] {processor.py:642} INFO - Processing file /home/airflow/.local/lib/python3.6/site-packages/airflow/example_dags/example_nested_branch_dag.py for tasks to queue
[2023-12-22 21:10:13,143] {logging_mixin.py:109} INFO - [2023-12-22 21:10:13,142] {dagbag.py:500} INFO - Filling up the DagBag from /home/airflow/.local/lib/python3.6/site-packages/airflow/example_dags/example_nested_branch_dag.py
[2023-12-22 21:10:13,162] {processor.py:652} INFO - DAG(s) dict_keys(['example_nested_branch_dag']) retrieved from /home/airflow/.local/lib/python3.6/site-packages/airflow/example_dags/example_nested_branch_dag.py
[2023-12-22 21:10:13,185] {logging_mixin.py:109} INFO - [2023-12-22 21:10:13,185] {dag.py:2398} INFO - Sync 1 DAGs
[2023-12-22 21:10:13,209] {logging_mixin.py:109} INFO - [2023-12-22 21:10:13,208] {dag.py:2937} INFO - Setting next_dagrun for example_nested_branch_dag to 2023-12-21 00:00:00+00:00
[2023-12-22 21:10:13,245] {processor.py:171} INFO - Processing /home/airflow/.local/lib/python3.6/site-packages/airflow/example_dags/example_nested_branch_dag.py took 0.107 seconds
[2023-12-22 21:10:43,355] {processor.py:163} INFO - Started process (PID=4093) to work on /home/airflow/.local/lib/python3.6/site-packages/airflow/example_dags/example_nested_branch_dag.py
[2023-12-22 21:10:43,356] {processor.py:642} INFO - Processing file /home/airflow/.local/lib/python3.6/site-packages/airflow/example_dags/example_nested_branch_dag.py for tasks to queue
[2023-12-22 21:10:43,359] {logging_mixin.py:109} INFO - [2023-12-22 21:10:43,359] {dagbag.py:500} INFO - Filling up the DagBag from /home/airflow/.local/lib/python3.6/site-packages/airflow/example_dags/example_nested_branch_dag.py
[2023-12-22 21:10:43,384] {processor.py:652} INFO - DAG(s) dict_keys(['example_nested_branch_dag']) retrieved from /home/airflow/.local/lib/python3.6/site-packages/airflow/example_dags/example_nested_branch_dag.py
[2023-12-22 21:10:43,405] {logging_mixin.py:109} INFO - [2023-12-22 21:10:43,405] {dag.py:2398} INFO - Sync 1 DAGs
[2023-12-22 21:10:43,424] {logging_mixin.py:109} INFO - [2023-12-22 21:10:43,424] {dag.py:2937} INFO - Setting next_dagrun for example_nested_branch_dag to 2023-12-21 00:00:00+00:00
[2023-12-22 21:10:43,436] {processor.py:171} INFO - Processing /home/airflow/.local/lib/python3.6/site-packages/airflow/example_dags/example_nested_branch_dag.py took 0.085 seconds
[2023-12-22 21:11:14,253] {processor.py:163} INFO - Started process (PID=4166) to work on /home/airflow/.local/lib/python3.6/site-packages/airflow/example_dags/example_nested_branch_dag.py
[2023-12-22 21:11:14,255] {processor.py:642} INFO - Processing file /home/airflow/.local/lib/python3.6/site-packages/airflow/example_dags/example_nested_branch_dag.py for tasks to queue
[2023-12-22 21:11:14,255] {logging_mixin.py:109} INFO - [2023-12-22 21:11:14,255] {dagbag.py:500} INFO - Filling up the DagBag from /home/airflow/.local/lib/python3.6/site-packages/airflow/example_dags/example_nested_branch_dag.py
[2023-12-22 21:11:14,273] {processor.py:652} INFO - DAG(s) dict_keys(['example_nested_branch_dag']) retrieved from /home/airflow/.local/lib/python3.6/site-packages/airflow/example_dags/example_nested_branch_dag.py
[2023-12-22 21:11:14,290] {logging_mixin.py:109} INFO - [2023-12-22 21:11:14,290] {dag.py:2398} INFO - Sync 1 DAGs
[2023-12-22 21:11:14,310] {logging_mixin.py:109} INFO - [2023-12-22 21:11:14,309] {dag.py:2937} INFO - Setting next_dagrun for example_nested_branch_dag to 2023-12-21 00:00:00+00:00
[2023-12-22 21:11:14,340] {processor.py:171} INFO - Processing /home/airflow/.local/lib/python3.6/site-packages/airflow/example_dags/example_nested_branch_dag.py took 0.089 seconds
[2023-12-22 21:11:44,720] {processor.py:163} INFO - Started process (PID=4231) to work on /home/airflow/.local/lib/python3.6/site-packages/airflow/example_dags/example_nested_branch_dag.py
[2023-12-22 21:11:44,721] {processor.py:642} INFO - Processing file /home/airflow/.local/lib/python3.6/site-packages/airflow/example_dags/example_nested_branch_dag.py for tasks to queue
[2023-12-22 21:11:44,722] {logging_mixin.py:109} INFO - [2023-12-22 21:11:44,722] {dagbag.py:500} INFO - Filling up the DagBag from /home/airflow/.local/lib/python3.6/site-packages/airflow/example_dags/example_nested_branch_dag.py
[2023-12-22 21:11:44,751] {processor.py:652} INFO - DAG(s) dict_keys(['example_nested_branch_dag']) retrieved from /home/airflow/.local/lib/python3.6/site-packages/airflow/example_dags/example_nested_branch_dag.py
[2023-12-22 21:11:44,776] {logging_mixin.py:109} INFO - [2023-12-22 21:11:44,776] {dag.py:2398} INFO - Sync 1 DAGs
[2023-12-22 21:11:44,795] {logging_mixin.py:109} INFO - [2023-12-22 21:11:44,795] {dag.py:2937} INFO - Setting next_dagrun for example_nested_branch_dag to 2023-12-21 00:00:00+00:00
[2023-12-22 21:11:44,807] {processor.py:171} INFO - Processing /home/airflow/.local/lib/python3.6/site-packages/airflow/example_dags/example_nested_branch_dag.py took 0.090 seconds
