[2023-12-22 20:40:28,740] {processor.py:163} INFO - Started process (PID=77) to work on /home/airflow/.local/lib/python3.6/site-packages/airflow/example_dags/example_trigger_controller_dag.py
[2023-12-22 20:40:28,742] {processor.py:642} INFO - Processing file /home/airflow/.local/lib/python3.6/site-packages/airflow/example_dags/example_trigger_controller_dag.py for tasks to queue
[2023-12-22 20:40:28,743] {logging_mixin.py:109} INFO - [2023-12-22 20:40:28,742] {dagbag.py:500} INFO - Filling up the DagBag from /home/airflow/.local/lib/python3.6/site-packages/airflow/example_dags/example_trigger_controller_dag.py
[2023-12-22 20:40:28,760] {processor.py:652} INFO - DAG(s) dict_keys(['example_trigger_controller_dag']) retrieved from /home/airflow/.local/lib/python3.6/site-packages/airflow/example_dags/example_trigger_controller_dag.py
[2023-12-22 20:40:28,784] {logging_mixin.py:109} INFO - [2023-12-22 20:40:28,784] {dag.py:2398} INFO - Sync 1 DAGs
[2023-12-22 20:40:28,804] {logging_mixin.py:109} INFO - [2023-12-22 20:40:28,803] {dag.py:2937} INFO - Setting next_dagrun for example_trigger_controller_dag to 2021-01-01T00:00:00+00:00
[2023-12-22 20:40:28,816] {processor.py:171} INFO - Processing /home/airflow/.local/lib/python3.6/site-packages/airflow/example_dags/example_trigger_controller_dag.py took 0.079 seconds
[2023-12-22 20:41:00,136] {processor.py:163} INFO - Started process (PID=141) to work on /home/airflow/.local/lib/python3.6/site-packages/airflow/example_dags/example_trigger_controller_dag.py
[2023-12-22 20:41:00,138] {processor.py:642} INFO - Processing file /home/airflow/.local/lib/python3.6/site-packages/airflow/example_dags/example_trigger_controller_dag.py for tasks to queue
[2023-12-22 20:41:00,141] {logging_mixin.py:109} INFO - [2023-12-22 20:41:00,141] {dagbag.py:500} INFO - Filling up the DagBag from /home/airflow/.local/lib/python3.6/site-packages/airflow/example_dags/example_trigger_controller_dag.py
[2023-12-22 20:41:00,158] {processor.py:652} INFO - DAG(s) dict_keys(['example_trigger_controller_dag']) retrieved from /home/airflow/.local/lib/python3.6/site-packages/airflow/example_dags/example_trigger_controller_dag.py
[2023-12-22 20:41:00,181] {logging_mixin.py:109} INFO - [2023-12-22 20:41:00,181] {dag.py:2398} INFO - Sync 1 DAGs
[2023-12-22 20:41:00,202] {logging_mixin.py:109} INFO - [2023-12-22 20:41:00,202] {dag.py:2937} INFO - Setting next_dagrun for example_trigger_controller_dag to 2021-01-01T00:00:00+00:00
[2023-12-22 20:41:00,213] {processor.py:171} INFO - Processing /home/airflow/.local/lib/python3.6/site-packages/airflow/example_dags/example_trigger_controller_dag.py took 0.080 seconds
[2023-12-22 20:41:33,619] {processor.py:163} INFO - Started process (PID=215) to work on /home/airflow/.local/lib/python3.6/site-packages/airflow/example_dags/example_trigger_controller_dag.py
[2023-12-22 20:41:33,621] {processor.py:642} INFO - Processing file /home/airflow/.local/lib/python3.6/site-packages/airflow/example_dags/example_trigger_controller_dag.py for tasks to queue
[2023-12-22 20:41:33,623] {logging_mixin.py:109} INFO - [2023-12-22 20:41:33,623] {dagbag.py:500} INFO - Filling up the DagBag from /home/airflow/.local/lib/python3.6/site-packages/airflow/example_dags/example_trigger_controller_dag.py
[2023-12-22 20:41:33,638] {processor.py:652} INFO - DAG(s) dict_keys(['example_trigger_controller_dag']) retrieved from /home/airflow/.local/lib/python3.6/site-packages/airflow/example_dags/example_trigger_controller_dag.py
[2023-12-22 20:41:33,690] {logging_mixin.py:109} INFO - [2023-12-22 20:41:33,690] {dag.py:2398} INFO - Sync 1 DAGs
[2023-12-22 20:41:33,768] {logging_mixin.py:109} INFO - [2023-12-22 20:41:33,768] {dag.py:2937} INFO - Setting next_dagrun for example_trigger_controller_dag to 2021-01-01T00:00:00+00:00
[2023-12-22 20:41:33,818] {processor.py:171} INFO - Processing /home/airflow/.local/lib/python3.6/site-packages/airflow/example_dags/example_trigger_controller_dag.py took 0.202 seconds
[2023-12-22 20:42:10,843] {processor.py:163} INFO - Started process (PID=289) to work on /home/airflow/.local/lib/python3.6/site-packages/airflow/example_dags/example_trigger_controller_dag.py
[2023-12-22 20:42:10,844] {processor.py:642} INFO - Processing file /home/airflow/.local/lib/python3.6/site-packages/airflow/example_dags/example_trigger_controller_dag.py for tasks to queue
[2023-12-22 20:42:10,844] {logging_mixin.py:109} INFO - [2023-12-22 20:42:10,844] {dagbag.py:500} INFO - Filling up the DagBag from /home/airflow/.local/lib/python3.6/site-packages/airflow/example_dags/example_trigger_controller_dag.py
[2023-12-22 20:42:10,859] {processor.py:652} INFO - DAG(s) dict_keys(['example_trigger_controller_dag']) retrieved from /home/airflow/.local/lib/python3.6/site-packages/airflow/example_dags/example_trigger_controller_dag.py
[2023-12-22 20:42:10,877] {logging_mixin.py:109} INFO - [2023-12-22 20:42:10,877] {dag.py:2398} INFO - Sync 1 DAGs
[2023-12-22 20:42:10,892] {logging_mixin.py:109} INFO - [2023-12-22 20:42:10,892] {dag.py:2937} INFO - Setting next_dagrun for example_trigger_controller_dag to 2021-01-01T00:00:00+00:00
[2023-12-22 20:42:10,902] {processor.py:171} INFO - Processing /home/airflow/.local/lib/python3.6/site-packages/airflow/example_dags/example_trigger_controller_dag.py took 0.061 seconds
[2023-12-22 20:42:43,962] {processor.py:163} INFO - Started process (PID=353) to work on /home/airflow/.local/lib/python3.6/site-packages/airflow/example_dags/example_trigger_controller_dag.py
[2023-12-22 20:42:44,033] {processor.py:642} INFO - Processing file /home/airflow/.local/lib/python3.6/site-packages/airflow/example_dags/example_trigger_controller_dag.py for tasks to queue
[2023-12-22 20:42:44,047] {logging_mixin.py:109} INFO - [2023-12-22 20:42:44,047] {dagbag.py:500} INFO - Filling up the DagBag from /home/airflow/.local/lib/python3.6/site-packages/airflow/example_dags/example_trigger_controller_dag.py
[2023-12-22 20:42:44,175] {processor.py:652} INFO - DAG(s) dict_keys(['example_trigger_controller_dag']) retrieved from /home/airflow/.local/lib/python3.6/site-packages/airflow/example_dags/example_trigger_controller_dag.py
[2023-12-22 20:42:44,233] {logging_mixin.py:109} INFO - [2023-12-22 20:42:44,233] {dag.py:2398} INFO - Sync 1 DAGs
[2023-12-22 20:42:44,303] {logging_mixin.py:109} INFO - [2023-12-22 20:42:44,303] {dag.py:2937} INFO - Setting next_dagrun for example_trigger_controller_dag to 2021-01-01T00:00:00+00:00
[2023-12-22 20:42:44,382] {processor.py:171} INFO - Processing /home/airflow/.local/lib/python3.6/site-packages/airflow/example_dags/example_trigger_controller_dag.py took 0.423 seconds
[2023-12-22 20:43:15,450] {processor.py:163} INFO - Started process (PID=428) to work on /home/airflow/.local/lib/python3.6/site-packages/airflow/example_dags/example_trigger_controller_dag.py
[2023-12-22 20:43:15,457] {processor.py:642} INFO - Processing file /home/airflow/.local/lib/python3.6/site-packages/airflow/example_dags/example_trigger_controller_dag.py for tasks to queue
[2023-12-22 20:43:15,459] {logging_mixin.py:109} INFO - [2023-12-22 20:43:15,459] {dagbag.py:500} INFO - Filling up the DagBag from /home/airflow/.local/lib/python3.6/site-packages/airflow/example_dags/example_trigger_controller_dag.py
[2023-12-22 20:43:15,473] {processor.py:652} INFO - DAG(s) dict_keys(['example_trigger_controller_dag']) retrieved from /home/airflow/.local/lib/python3.6/site-packages/airflow/example_dags/example_trigger_controller_dag.py
[2023-12-22 20:43:15,564] {logging_mixin.py:109} INFO - [2023-12-22 20:43:15,564] {dag.py:2398} INFO - Sync 1 DAGs
[2023-12-22 20:43:15,625] {logging_mixin.py:109} INFO - [2023-12-22 20:43:15,625] {dag.py:2937} INFO - Setting next_dagrun for example_trigger_controller_dag to 2021-01-01T00:00:00+00:00
[2023-12-22 20:43:15,646] {processor.py:171} INFO - Processing /home/airflow/.local/lib/python3.6/site-packages/airflow/example_dags/example_trigger_controller_dag.py took 0.199 seconds
[2023-12-22 20:43:46,873] {processor.py:163} INFO - Started process (PID=492) to work on /home/airflow/.local/lib/python3.6/site-packages/airflow/example_dags/example_trigger_controller_dag.py
[2023-12-22 20:43:46,922] {processor.py:642} INFO - Processing file /home/airflow/.local/lib/python3.6/site-packages/airflow/example_dags/example_trigger_controller_dag.py for tasks to queue
[2023-12-22 20:43:46,936] {logging_mixin.py:109} INFO - [2023-12-22 20:43:46,936] {dagbag.py:500} INFO - Filling up the DagBag from /home/airflow/.local/lib/python3.6/site-packages/airflow/example_dags/example_trigger_controller_dag.py
[2023-12-22 20:43:47,053] {processor.py:652} INFO - DAG(s) dict_keys(['example_trigger_controller_dag']) retrieved from /home/airflow/.local/lib/python3.6/site-packages/airflow/example_dags/example_trigger_controller_dag.py
[2023-12-22 20:43:47,081] {logging_mixin.py:109} INFO - [2023-12-22 20:43:47,081] {dag.py:2398} INFO - Sync 1 DAGs
[2023-12-22 20:43:47,205] {logging_mixin.py:109} INFO - [2023-12-22 20:43:47,205] {dag.py:2937} INFO - Setting next_dagrun for example_trigger_controller_dag to 2021-01-01T00:00:00+00:00
[2023-12-22 20:43:47,307] {processor.py:171} INFO - Processing /home/airflow/.local/lib/python3.6/site-packages/airflow/example_dags/example_trigger_controller_dag.py took 0.437 seconds
[2023-12-22 20:44:17,743] {processor.py:163} INFO - Started process (PID=555) to work on /home/airflow/.local/lib/python3.6/site-packages/airflow/example_dags/example_trigger_controller_dag.py
[2023-12-22 20:44:17,745] {processor.py:642} INFO - Processing file /home/airflow/.local/lib/python3.6/site-packages/airflow/example_dags/example_trigger_controller_dag.py for tasks to queue
[2023-12-22 20:44:17,746] {logging_mixin.py:109} INFO - [2023-12-22 20:44:17,746] {dagbag.py:500} INFO - Filling up the DagBag from /home/airflow/.local/lib/python3.6/site-packages/airflow/example_dags/example_trigger_controller_dag.py
[2023-12-22 20:44:17,760] {processor.py:652} INFO - DAG(s) dict_keys(['example_trigger_controller_dag']) retrieved from /home/airflow/.local/lib/python3.6/site-packages/airflow/example_dags/example_trigger_controller_dag.py
[2023-12-22 20:44:17,782] {logging_mixin.py:109} INFO - [2023-12-22 20:44:17,782] {dag.py:2398} INFO - Sync 1 DAGs
[2023-12-22 20:44:17,878] {logging_mixin.py:109} INFO - [2023-12-22 20:44:17,878] {dag.py:2937} INFO - Setting next_dagrun for example_trigger_controller_dag to 2021-01-01T00:00:00+00:00
[2023-12-22 20:44:17,901] {processor.py:171} INFO - Processing /home/airflow/.local/lib/python3.6/site-packages/airflow/example_dags/example_trigger_controller_dag.py took 0.161 seconds
[2023-12-22 20:44:48,293] {processor.py:163} INFO - Started process (PID=629) to work on /home/airflow/.local/lib/python3.6/site-packages/airflow/example_dags/example_trigger_controller_dag.py
[2023-12-22 20:44:48,298] {processor.py:642} INFO - Processing file /home/airflow/.local/lib/python3.6/site-packages/airflow/example_dags/example_trigger_controller_dag.py for tasks to queue
[2023-12-22 20:44:48,301] {logging_mixin.py:109} INFO - [2023-12-22 20:44:48,301] {dagbag.py:500} INFO - Filling up the DagBag from /home/airflow/.local/lib/python3.6/site-packages/airflow/example_dags/example_trigger_controller_dag.py
[2023-12-22 20:44:48,319] {processor.py:652} INFO - DAG(s) dict_keys(['example_trigger_controller_dag']) retrieved from /home/airflow/.local/lib/python3.6/site-packages/airflow/example_dags/example_trigger_controller_dag.py
[2023-12-22 20:44:48,347] {logging_mixin.py:109} INFO - [2023-12-22 20:44:48,346] {dag.py:2398} INFO - Sync 1 DAGs
[2023-12-22 20:44:48,488] {logging_mixin.py:109} INFO - [2023-12-22 20:44:48,488] {dag.py:2937} INFO - Setting next_dagrun for example_trigger_controller_dag to 2021-01-01T00:00:00+00:00
[2023-12-22 20:44:48,500] {processor.py:171} INFO - Processing /home/airflow/.local/lib/python3.6/site-packages/airflow/example_dags/example_trigger_controller_dag.py took 0.210 seconds
[2023-12-22 20:45:18,773] {processor.py:163} INFO - Started process (PID=693) to work on /home/airflow/.local/lib/python3.6/site-packages/airflow/example_dags/example_trigger_controller_dag.py
[2023-12-22 20:45:18,775] {processor.py:642} INFO - Processing file /home/airflow/.local/lib/python3.6/site-packages/airflow/example_dags/example_trigger_controller_dag.py for tasks to queue
[2023-12-22 20:45:18,776] {logging_mixin.py:109} INFO - [2023-12-22 20:45:18,776] {dagbag.py:500} INFO - Filling up the DagBag from /home/airflow/.local/lib/python3.6/site-packages/airflow/example_dags/example_trigger_controller_dag.py
[2023-12-22 20:45:18,790] {processor.py:652} INFO - DAG(s) dict_keys(['example_trigger_controller_dag']) retrieved from /home/airflow/.local/lib/python3.6/site-packages/airflow/example_dags/example_trigger_controller_dag.py
[2023-12-22 20:45:18,814] {logging_mixin.py:109} INFO - [2023-12-22 20:45:18,814] {dag.py:2398} INFO - Sync 1 DAGs
[2023-12-22 20:45:18,955] {logging_mixin.py:109} INFO - [2023-12-22 20:45:18,955] {dag.py:2937} INFO - Setting next_dagrun for example_trigger_controller_dag to 2021-01-01T00:00:00+00:00
[2023-12-22 20:45:19,053] {processor.py:171} INFO - Processing /home/airflow/.local/lib/python3.6/site-packages/airflow/example_dags/example_trigger_controller_dag.py took 0.283 seconds
[2023-12-22 20:45:49,553] {processor.py:163} INFO - Started process (PID=768) to work on /home/airflow/.local/lib/python3.6/site-packages/airflow/example_dags/example_trigger_controller_dag.py
[2023-12-22 20:45:49,554] {processor.py:642} INFO - Processing file /home/airflow/.local/lib/python3.6/site-packages/airflow/example_dags/example_trigger_controller_dag.py for tasks to queue
[2023-12-22 20:45:49,554] {logging_mixin.py:109} INFO - [2023-12-22 20:45:49,554] {dagbag.py:500} INFO - Filling up the DagBag from /home/airflow/.local/lib/python3.6/site-packages/airflow/example_dags/example_trigger_controller_dag.py
[2023-12-22 20:45:49,576] {processor.py:652} INFO - DAG(s) dict_keys(['example_trigger_controller_dag']) retrieved from /home/airflow/.local/lib/python3.6/site-packages/airflow/example_dags/example_trigger_controller_dag.py
[2023-12-22 20:45:49,671] {logging_mixin.py:109} INFO - [2023-12-22 20:45:49,671] {dag.py:2398} INFO - Sync 1 DAGs
[2023-12-22 20:45:49,716] {logging_mixin.py:109} INFO - [2023-12-22 20:45:49,716] {dag.py:2937} INFO - Setting next_dagrun for example_trigger_controller_dag to 2021-01-01T00:00:00+00:00
[2023-12-22 20:45:49,751] {processor.py:171} INFO - Processing /home/airflow/.local/lib/python3.6/site-packages/airflow/example_dags/example_trigger_controller_dag.py took 0.201 seconds
[2023-12-22 20:46:20,602] {processor.py:163} INFO - Started process (PID=832) to work on /home/airflow/.local/lib/python3.6/site-packages/airflow/example_dags/example_trigger_controller_dag.py
[2023-12-22 20:46:20,604] {processor.py:642} INFO - Processing file /home/airflow/.local/lib/python3.6/site-packages/airflow/example_dags/example_trigger_controller_dag.py for tasks to queue
[2023-12-22 20:46:20,612] {logging_mixin.py:109} INFO - [2023-12-22 20:46:20,611] {dagbag.py:500} INFO - Filling up the DagBag from /home/airflow/.local/lib/python3.6/site-packages/airflow/example_dags/example_trigger_controller_dag.py
[2023-12-22 20:46:20,624] {processor.py:652} INFO - DAG(s) dict_keys(['example_trigger_controller_dag']) retrieved from /home/airflow/.local/lib/python3.6/site-packages/airflow/example_dags/example_trigger_controller_dag.py
[2023-12-22 20:46:20,704] {logging_mixin.py:109} INFO - [2023-12-22 20:46:20,704] {dag.py:2398} INFO - Sync 1 DAGs
[2023-12-22 20:46:20,787] {logging_mixin.py:109} INFO - [2023-12-22 20:46:20,787] {dag.py:2937} INFO - Setting next_dagrun for example_trigger_controller_dag to 2021-01-01T00:00:00+00:00
[2023-12-22 20:46:20,895] {processor.py:171} INFO - Processing /home/airflow/.local/lib/python3.6/site-packages/airflow/example_dags/example_trigger_controller_dag.py took 0.297 seconds
[2023-12-22 20:46:51,102] {processor.py:163} INFO - Started process (PID=905) to work on /home/airflow/.local/lib/python3.6/site-packages/airflow/example_dags/example_trigger_controller_dag.py
[2023-12-22 20:46:51,103] {processor.py:642} INFO - Processing file /home/airflow/.local/lib/python3.6/site-packages/airflow/example_dags/example_trigger_controller_dag.py for tasks to queue
[2023-12-22 20:46:51,103] {logging_mixin.py:109} INFO - [2023-12-22 20:46:51,103] {dagbag.py:500} INFO - Filling up the DagBag from /home/airflow/.local/lib/python3.6/site-packages/airflow/example_dags/example_trigger_controller_dag.py
[2023-12-22 20:46:51,116] {processor.py:652} INFO - DAG(s) dict_keys(['example_trigger_controller_dag']) retrieved from /home/airflow/.local/lib/python3.6/site-packages/airflow/example_dags/example_trigger_controller_dag.py
[2023-12-22 20:46:51,233] {logging_mixin.py:109} INFO - [2023-12-22 20:46:51,233] {dag.py:2398} INFO - Sync 1 DAGs
[2023-12-22 20:46:51,273] {logging_mixin.py:109} INFO - [2023-12-22 20:46:51,273] {dag.py:2937} INFO - Setting next_dagrun for example_trigger_controller_dag to 2021-01-01T00:00:00+00:00
[2023-12-22 20:46:51,292] {processor.py:171} INFO - Processing /home/airflow/.local/lib/python3.6/site-packages/airflow/example_dags/example_trigger_controller_dag.py took 0.193 seconds
[2023-12-22 20:47:23,057] {processor.py:163} INFO - Started process (PID=969) to work on /home/airflow/.local/lib/python3.6/site-packages/airflow/example_dags/example_trigger_controller_dag.py
[2023-12-22 20:47:23,058] {processor.py:642} INFO - Processing file /home/airflow/.local/lib/python3.6/site-packages/airflow/example_dags/example_trigger_controller_dag.py for tasks to queue
[2023-12-22 20:47:23,096] {logging_mixin.py:109} INFO - [2023-12-22 20:47:23,096] {dagbag.py:500} INFO - Filling up the DagBag from /home/airflow/.local/lib/python3.6/site-packages/airflow/example_dags/example_trigger_controller_dag.py
[2023-12-22 20:47:23,258] {processor.py:652} INFO - DAG(s) dict_keys(['example_trigger_controller_dag']) retrieved from /home/airflow/.local/lib/python3.6/site-packages/airflow/example_dags/example_trigger_controller_dag.py
[2023-12-22 20:47:23,271] {logging_mixin.py:109} INFO - [2023-12-22 20:47:23,271] {dag.py:2398} INFO - Sync 1 DAGs
[2023-12-22 20:47:23,284] {logging_mixin.py:109} INFO - [2023-12-22 20:47:23,284] {dag.py:2937} INFO - Setting next_dagrun for example_trigger_controller_dag to 2021-01-01T00:00:00+00:00
[2023-12-22 20:47:23,301] {processor.py:171} INFO - Processing /home/airflow/.local/lib/python3.6/site-packages/airflow/example_dags/example_trigger_controller_dag.py took 0.249 seconds
[2023-12-22 20:47:53,382] {processor.py:163} INFO - Started process (PID=1042) to work on /home/airflow/.local/lib/python3.6/site-packages/airflow/example_dags/example_trigger_controller_dag.py
[2023-12-22 20:47:53,383] {processor.py:642} INFO - Processing file /home/airflow/.local/lib/python3.6/site-packages/airflow/example_dags/example_trigger_controller_dag.py for tasks to queue
[2023-12-22 20:47:53,383] {logging_mixin.py:109} INFO - [2023-12-22 20:47:53,383] {dagbag.py:500} INFO - Filling up the DagBag from /home/airflow/.local/lib/python3.6/site-packages/airflow/example_dags/example_trigger_controller_dag.py
[2023-12-22 20:47:53,462] {processor.py:652} INFO - DAG(s) dict_keys(['example_trigger_controller_dag']) retrieved from /home/airflow/.local/lib/python3.6/site-packages/airflow/example_dags/example_trigger_controller_dag.py
[2023-12-22 20:47:53,476] {logging_mixin.py:109} INFO - [2023-12-22 20:47:53,476] {dag.py:2398} INFO - Sync 1 DAGs
[2023-12-22 20:47:53,487] {logging_mixin.py:109} INFO - [2023-12-22 20:47:53,487] {dag.py:2937} INFO - Setting next_dagrun for example_trigger_controller_dag to 2021-01-01T00:00:00+00:00
[2023-12-22 20:47:53,514] {processor.py:171} INFO - Processing /home/airflow/.local/lib/python3.6/site-packages/airflow/example_dags/example_trigger_controller_dag.py took 0.136 seconds
[2023-12-22 20:48:23,780] {processor.py:163} INFO - Started process (PID=1106) to work on /home/airflow/.local/lib/python3.6/site-packages/airflow/example_dags/example_trigger_controller_dag.py
[2023-12-22 20:48:23,781] {processor.py:642} INFO - Processing file /home/airflow/.local/lib/python3.6/site-packages/airflow/example_dags/example_trigger_controller_dag.py for tasks to queue
[2023-12-22 20:48:23,781] {logging_mixin.py:109} INFO - [2023-12-22 20:48:23,781] {dagbag.py:500} INFO - Filling up the DagBag from /home/airflow/.local/lib/python3.6/site-packages/airflow/example_dags/example_trigger_controller_dag.py
[2023-12-22 20:48:23,858] {processor.py:652} INFO - DAG(s) dict_keys(['example_trigger_controller_dag']) retrieved from /home/airflow/.local/lib/python3.6/site-packages/airflow/example_dags/example_trigger_controller_dag.py
[2023-12-22 20:48:23,871] {logging_mixin.py:109} INFO - [2023-12-22 20:48:23,871] {dag.py:2398} INFO - Sync 1 DAGs
[2023-12-22 20:48:23,882] {logging_mixin.py:109} INFO - [2023-12-22 20:48:23,882] {dag.py:2937} INFO - Setting next_dagrun for example_trigger_controller_dag to 2021-01-01T00:00:00+00:00
[2023-12-22 20:48:23,888] {processor.py:171} INFO - Processing /home/airflow/.local/lib/python3.6/site-packages/airflow/example_dags/example_trigger_controller_dag.py took 0.111 seconds
[2023-12-22 20:48:54,856] {processor.py:163} INFO - Started process (PID=1180) to work on /home/airflow/.local/lib/python3.6/site-packages/airflow/example_dags/example_trigger_controller_dag.py
[2023-12-22 20:48:54,857] {processor.py:642} INFO - Processing file /home/airflow/.local/lib/python3.6/site-packages/airflow/example_dags/example_trigger_controller_dag.py for tasks to queue
[2023-12-22 20:48:54,858] {logging_mixin.py:109} INFO - [2023-12-22 20:48:54,858] {dagbag.py:500} INFO - Filling up the DagBag from /home/airflow/.local/lib/python3.6/site-packages/airflow/example_dags/example_trigger_controller_dag.py
[2023-12-22 20:48:54,936] {processor.py:652} INFO - DAG(s) dict_keys(['example_trigger_controller_dag']) retrieved from /home/airflow/.local/lib/python3.6/site-packages/airflow/example_dags/example_trigger_controller_dag.py
[2023-12-22 20:48:54,950] {logging_mixin.py:109} INFO - [2023-12-22 20:48:54,950] {dag.py:2398} INFO - Sync 1 DAGs
[2023-12-22 20:48:54,964] {logging_mixin.py:109} INFO - [2023-12-22 20:48:54,964] {dag.py:2937} INFO - Setting next_dagrun for example_trigger_controller_dag to 2021-01-01T00:00:00+00:00
[2023-12-22 20:48:54,993] {processor.py:171} INFO - Processing /home/airflow/.local/lib/python3.6/site-packages/airflow/example_dags/example_trigger_controller_dag.py took 0.139 seconds
[2023-12-22 20:49:25,134] {processor.py:163} INFO - Started process (PID=1241) to work on /home/airflow/.local/lib/python3.6/site-packages/airflow/example_dags/example_trigger_controller_dag.py
[2023-12-22 20:49:25,135] {processor.py:642} INFO - Processing file /home/airflow/.local/lib/python3.6/site-packages/airflow/example_dags/example_trigger_controller_dag.py for tasks to queue
[2023-12-22 20:49:25,137] {logging_mixin.py:109} INFO - [2023-12-22 20:49:25,136] {dagbag.py:500} INFO - Filling up the DagBag from /home/airflow/.local/lib/python3.6/site-packages/airflow/example_dags/example_trigger_controller_dag.py
[2023-12-22 20:49:25,232] {processor.py:652} INFO - DAG(s) dict_keys(['example_trigger_controller_dag']) retrieved from /home/airflow/.local/lib/python3.6/site-packages/airflow/example_dags/example_trigger_controller_dag.py
[2023-12-22 20:49:25,249] {logging_mixin.py:109} INFO - [2023-12-22 20:49:25,249] {dag.py:2398} INFO - Sync 1 DAGs
[2023-12-22 20:49:25,266] {logging_mixin.py:109} INFO - [2023-12-22 20:49:25,266] {dag.py:2937} INFO - Setting next_dagrun for example_trigger_controller_dag to 2021-01-01T00:00:00+00:00
[2023-12-22 20:49:25,360] {processor.py:171} INFO - Processing /home/airflow/.local/lib/python3.6/site-packages/airflow/example_dags/example_trigger_controller_dag.py took 0.229 seconds
[2023-12-22 20:49:56,010] {processor.py:163} INFO - Started process (PID=1306) to work on /home/airflow/.local/lib/python3.6/site-packages/airflow/example_dags/example_trigger_controller_dag.py
[2023-12-22 20:49:56,011] {processor.py:642} INFO - Processing file /home/airflow/.local/lib/python3.6/site-packages/airflow/example_dags/example_trigger_controller_dag.py for tasks to queue
[2023-12-22 20:49:56,012] {logging_mixin.py:109} INFO - [2023-12-22 20:49:56,012] {dagbag.py:500} INFO - Filling up the DagBag from /home/airflow/.local/lib/python3.6/site-packages/airflow/example_dags/example_trigger_controller_dag.py
[2023-12-22 20:49:56,025] {processor.py:652} INFO - DAG(s) dict_keys(['example_trigger_controller_dag']) retrieved from /home/airflow/.local/lib/python3.6/site-packages/airflow/example_dags/example_trigger_controller_dag.py
[2023-12-22 20:49:56,048] {logging_mixin.py:109} INFO - [2023-12-22 20:49:56,047] {dag.py:2398} INFO - Sync 1 DAGs
[2023-12-22 20:49:56,069] {logging_mixin.py:109} INFO - [2023-12-22 20:49:56,068] {dag.py:2937} INFO - Setting next_dagrun for example_trigger_controller_dag to 2021-01-01T00:00:00+00:00
[2023-12-22 20:49:56,084] {processor.py:171} INFO - Processing /home/airflow/.local/lib/python3.6/site-packages/airflow/example_dags/example_trigger_controller_dag.py took 0.077 seconds
[2023-12-22 20:50:26,248] {processor.py:163} INFO - Started process (PID=1380) to work on /home/airflow/.local/lib/python3.6/site-packages/airflow/example_dags/example_trigger_controller_dag.py
[2023-12-22 20:50:26,249] {processor.py:642} INFO - Processing file /home/airflow/.local/lib/python3.6/site-packages/airflow/example_dags/example_trigger_controller_dag.py for tasks to queue
[2023-12-22 20:50:26,250] {logging_mixin.py:109} INFO - [2023-12-22 20:50:26,250] {dagbag.py:500} INFO - Filling up the DagBag from /home/airflow/.local/lib/python3.6/site-packages/airflow/example_dags/example_trigger_controller_dag.py
[2023-12-22 20:50:26,261] {processor.py:652} INFO - DAG(s) dict_keys(['example_trigger_controller_dag']) retrieved from /home/airflow/.local/lib/python3.6/site-packages/airflow/example_dags/example_trigger_controller_dag.py
[2023-12-22 20:50:26,280] {logging_mixin.py:109} INFO - [2023-12-22 20:50:26,280] {dag.py:2398} INFO - Sync 1 DAGs
[2023-12-22 20:50:26,297] {logging_mixin.py:109} INFO - [2023-12-22 20:50:26,297] {dag.py:2937} INFO - Setting next_dagrun for example_trigger_controller_dag to 2021-01-01T00:00:00+00:00
[2023-12-22 20:50:26,305] {processor.py:171} INFO - Processing /home/airflow/.local/lib/python3.6/site-packages/airflow/example_dags/example_trigger_controller_dag.py took 0.059 seconds
[2023-12-22 20:50:56,325] {processor.py:163} INFO - Started process (PID=1442) to work on /home/airflow/.local/lib/python3.6/site-packages/airflow/example_dags/example_trigger_controller_dag.py
[2023-12-22 20:50:56,326] {processor.py:642} INFO - Processing file /home/airflow/.local/lib/python3.6/site-packages/airflow/example_dags/example_trigger_controller_dag.py for tasks to queue
[2023-12-22 20:50:56,327] {logging_mixin.py:109} INFO - [2023-12-22 20:50:56,327] {dagbag.py:500} INFO - Filling up the DagBag from /home/airflow/.local/lib/python3.6/site-packages/airflow/example_dags/example_trigger_controller_dag.py
[2023-12-22 20:50:56,338] {processor.py:652} INFO - DAG(s) dict_keys(['example_trigger_controller_dag']) retrieved from /home/airflow/.local/lib/python3.6/site-packages/airflow/example_dags/example_trigger_controller_dag.py
[2023-12-22 20:50:56,354] {logging_mixin.py:109} INFO - [2023-12-22 20:50:56,354] {dag.py:2398} INFO - Sync 1 DAGs
[2023-12-22 20:50:56,368] {logging_mixin.py:109} INFO - [2023-12-22 20:50:56,368] {dag.py:2937} INFO - Setting next_dagrun for example_trigger_controller_dag to 2021-01-01T00:00:00+00:00
[2023-12-22 20:50:56,376] {processor.py:171} INFO - Processing /home/airflow/.local/lib/python3.6/site-packages/airflow/example_dags/example_trigger_controller_dag.py took 0.054 seconds
[2023-12-22 20:51:26,797] {processor.py:163} INFO - Started process (PID=1517) to work on /home/airflow/.local/lib/python3.6/site-packages/airflow/example_dags/example_trigger_controller_dag.py
[2023-12-22 20:51:26,798] {processor.py:642} INFO - Processing file /home/airflow/.local/lib/python3.6/site-packages/airflow/example_dags/example_trigger_controller_dag.py for tasks to queue
[2023-12-22 20:51:26,799] {logging_mixin.py:109} INFO - [2023-12-22 20:51:26,799] {dagbag.py:500} INFO - Filling up the DagBag from /home/airflow/.local/lib/python3.6/site-packages/airflow/example_dags/example_trigger_controller_dag.py
[2023-12-22 20:51:26,811] {processor.py:652} INFO - DAG(s) dict_keys(['example_trigger_controller_dag']) retrieved from /home/airflow/.local/lib/python3.6/site-packages/airflow/example_dags/example_trigger_controller_dag.py
[2023-12-22 20:51:26,825] {logging_mixin.py:109} INFO - [2023-12-22 20:51:26,825] {dag.py:2398} INFO - Sync 1 DAGs
[2023-12-22 20:51:26,838] {logging_mixin.py:109} INFO - [2023-12-22 20:51:26,838] {dag.py:2937} INFO - Setting next_dagrun for example_trigger_controller_dag to 2021-01-01T00:00:00+00:00
[2023-12-22 20:51:26,847] {processor.py:171} INFO - Processing /home/airflow/.local/lib/python3.6/site-packages/airflow/example_dags/example_trigger_controller_dag.py took 0.052 seconds
[2023-12-22 20:51:57,163] {processor.py:163} INFO - Started process (PID=1582) to work on /home/airflow/.local/lib/python3.6/site-packages/airflow/example_dags/example_trigger_controller_dag.py
[2023-12-22 20:51:57,164] {processor.py:642} INFO - Processing file /home/airflow/.local/lib/python3.6/site-packages/airflow/example_dags/example_trigger_controller_dag.py for tasks to queue
[2023-12-22 20:51:57,165] {logging_mixin.py:109} INFO - [2023-12-22 20:51:57,165] {dagbag.py:500} INFO - Filling up the DagBag from /home/airflow/.local/lib/python3.6/site-packages/airflow/example_dags/example_trigger_controller_dag.py
[2023-12-22 20:51:57,176] {processor.py:652} INFO - DAG(s) dict_keys(['example_trigger_controller_dag']) retrieved from /home/airflow/.local/lib/python3.6/site-packages/airflow/example_dags/example_trigger_controller_dag.py
[2023-12-22 20:51:57,190] {logging_mixin.py:109} INFO - [2023-12-22 20:51:57,190] {dag.py:2398} INFO - Sync 1 DAGs
[2023-12-22 20:51:57,204] {logging_mixin.py:109} INFO - [2023-12-22 20:51:57,204] {dag.py:2937} INFO - Setting next_dagrun for example_trigger_controller_dag to 2021-01-01T00:00:00+00:00
[2023-12-22 20:51:57,212] {processor.py:171} INFO - Processing /home/airflow/.local/lib/python3.6/site-packages/airflow/example_dags/example_trigger_controller_dag.py took 0.051 seconds
[2023-12-22 20:52:27,999] {processor.py:163} INFO - Started process (PID=1656) to work on /home/airflow/.local/lib/python3.6/site-packages/airflow/example_dags/example_trigger_controller_dag.py
[2023-12-22 20:52:28,001] {processor.py:642} INFO - Processing file /home/airflow/.local/lib/python3.6/site-packages/airflow/example_dags/example_trigger_controller_dag.py for tasks to queue
[2023-12-22 20:52:28,003] {logging_mixin.py:109} INFO - [2023-12-22 20:52:28,002] {dagbag.py:500} INFO - Filling up the DagBag from /home/airflow/.local/lib/python3.6/site-packages/airflow/example_dags/example_trigger_controller_dag.py
[2023-12-22 20:52:28,023] {processor.py:652} INFO - DAG(s) dict_keys(['example_trigger_controller_dag']) retrieved from /home/airflow/.local/lib/python3.6/site-packages/airflow/example_dags/example_trigger_controller_dag.py
[2023-12-22 20:52:28,057] {logging_mixin.py:109} INFO - [2023-12-22 20:52:28,056] {dag.py:2398} INFO - Sync 1 DAGs
[2023-12-22 20:52:28,082] {logging_mixin.py:109} INFO - [2023-12-22 20:52:28,082] {dag.py:2937} INFO - Setting next_dagrun for example_trigger_controller_dag to 2021-01-01T00:00:00+00:00
[2023-12-22 20:52:28,098] {processor.py:171} INFO - Processing /home/airflow/.local/lib/python3.6/site-packages/airflow/example_dags/example_trigger_controller_dag.py took 0.104 seconds
[2023-12-22 20:52:58,574] {processor.py:163} INFO - Started process (PID=1720) to work on /home/airflow/.local/lib/python3.6/site-packages/airflow/example_dags/example_trigger_controller_dag.py
[2023-12-22 20:52:58,576] {processor.py:642} INFO - Processing file /home/airflow/.local/lib/python3.6/site-packages/airflow/example_dags/example_trigger_controller_dag.py for tasks to queue
[2023-12-22 20:52:58,577] {logging_mixin.py:109} INFO - [2023-12-22 20:52:58,577] {dagbag.py:500} INFO - Filling up the DagBag from /home/airflow/.local/lib/python3.6/site-packages/airflow/example_dags/example_trigger_controller_dag.py
[2023-12-22 20:52:58,591] {processor.py:652} INFO - DAG(s) dict_keys(['example_trigger_controller_dag']) retrieved from /home/airflow/.local/lib/python3.6/site-packages/airflow/example_dags/example_trigger_controller_dag.py
[2023-12-22 20:52:58,613] {logging_mixin.py:109} INFO - [2023-12-22 20:52:58,613] {dag.py:2398} INFO - Sync 1 DAGs
[2023-12-22 20:52:58,634] {logging_mixin.py:109} INFO - [2023-12-22 20:52:58,634] {dag.py:2937} INFO - Setting next_dagrun for example_trigger_controller_dag to 2021-01-01T00:00:00+00:00
[2023-12-22 20:52:58,652] {processor.py:171} INFO - Processing /home/airflow/.local/lib/python3.6/site-packages/airflow/example_dags/example_trigger_controller_dag.py took 0.081 seconds
[2023-12-22 20:53:29,471] {processor.py:163} INFO - Started process (PID=1794) to work on /home/airflow/.local/lib/python3.6/site-packages/airflow/example_dags/example_trigger_controller_dag.py
[2023-12-22 20:53:29,476] {processor.py:642} INFO - Processing file /home/airflow/.local/lib/python3.6/site-packages/airflow/example_dags/example_trigger_controller_dag.py for tasks to queue
[2023-12-22 20:53:29,477] {logging_mixin.py:109} INFO - [2023-12-22 20:53:29,477] {dagbag.py:500} INFO - Filling up the DagBag from /home/airflow/.local/lib/python3.6/site-packages/airflow/example_dags/example_trigger_controller_dag.py
[2023-12-22 20:53:29,513] {processor.py:652} INFO - DAG(s) dict_keys(['example_trigger_controller_dag']) retrieved from /home/airflow/.local/lib/python3.6/site-packages/airflow/example_dags/example_trigger_controller_dag.py
[2023-12-22 20:53:29,531] {logging_mixin.py:109} INFO - [2023-12-22 20:53:29,531] {dag.py:2398} INFO - Sync 1 DAGs
[2023-12-22 20:53:29,547] {logging_mixin.py:109} INFO - [2023-12-22 20:53:29,547] {dag.py:2937} INFO - Setting next_dagrun for example_trigger_controller_dag to 2021-01-01T00:00:00+00:00
[2023-12-22 20:53:29,558] {processor.py:171} INFO - Processing /home/airflow/.local/lib/python3.6/site-packages/airflow/example_dags/example_trigger_controller_dag.py took 0.090 seconds
[2023-12-22 20:53:59,772] {processor.py:163} INFO - Started process (PID=1858) to work on /home/airflow/.local/lib/python3.6/site-packages/airflow/example_dags/example_trigger_controller_dag.py
[2023-12-22 20:53:59,773] {processor.py:642} INFO - Processing file /home/airflow/.local/lib/python3.6/site-packages/airflow/example_dags/example_trigger_controller_dag.py for tasks to queue
[2023-12-22 20:53:59,774] {logging_mixin.py:109} INFO - [2023-12-22 20:53:59,774] {dagbag.py:500} INFO - Filling up the DagBag from /home/airflow/.local/lib/python3.6/site-packages/airflow/example_dags/example_trigger_controller_dag.py
[2023-12-22 20:53:59,786] {processor.py:652} INFO - DAG(s) dict_keys(['example_trigger_controller_dag']) retrieved from /home/airflow/.local/lib/python3.6/site-packages/airflow/example_dags/example_trigger_controller_dag.py
[2023-12-22 20:53:59,806] {logging_mixin.py:109} INFO - [2023-12-22 20:53:59,806] {dag.py:2398} INFO - Sync 1 DAGs
[2023-12-22 20:53:59,823] {logging_mixin.py:109} INFO - [2023-12-22 20:53:59,823] {dag.py:2937} INFO - Setting next_dagrun for example_trigger_controller_dag to 2021-01-01T00:00:00+00:00
[2023-12-22 20:53:59,831] {processor.py:171} INFO - Processing /home/airflow/.local/lib/python3.6/site-packages/airflow/example_dags/example_trigger_controller_dag.py took 0.062 seconds
[2023-12-22 20:54:30,605] {processor.py:163} INFO - Started process (PID=1931) to work on /home/airflow/.local/lib/python3.6/site-packages/airflow/example_dags/example_trigger_controller_dag.py
[2023-12-22 20:54:30,606] {processor.py:642} INFO - Processing file /home/airflow/.local/lib/python3.6/site-packages/airflow/example_dags/example_trigger_controller_dag.py for tasks to queue
[2023-12-22 20:54:30,609] {logging_mixin.py:109} INFO - [2023-12-22 20:54:30,609] {dagbag.py:500} INFO - Filling up the DagBag from /home/airflow/.local/lib/python3.6/site-packages/airflow/example_dags/example_trigger_controller_dag.py
[2023-12-22 20:54:30,629] {processor.py:652} INFO - DAG(s) dict_keys(['example_trigger_controller_dag']) retrieved from /home/airflow/.local/lib/python3.6/site-packages/airflow/example_dags/example_trigger_controller_dag.py
[2023-12-22 20:54:30,649] {logging_mixin.py:109} INFO - [2023-12-22 20:54:30,649] {dag.py:2398} INFO - Sync 1 DAGs
[2023-12-22 20:54:30,670] {logging_mixin.py:109} INFO - [2023-12-22 20:54:30,670] {dag.py:2937} INFO - Setting next_dagrun for example_trigger_controller_dag to 2021-01-01T00:00:00+00:00
[2023-12-22 20:54:30,680] {processor.py:171} INFO - Processing /home/airflow/.local/lib/python3.6/site-packages/airflow/example_dags/example_trigger_controller_dag.py took 0.080 seconds
[2023-12-22 20:55:01,164] {processor.py:163} INFO - Started process (PID=1995) to work on /home/airflow/.local/lib/python3.6/site-packages/airflow/example_dags/example_trigger_controller_dag.py
[2023-12-22 20:55:01,166] {processor.py:642} INFO - Processing file /home/airflow/.local/lib/python3.6/site-packages/airflow/example_dags/example_trigger_controller_dag.py for tasks to queue
[2023-12-22 20:55:01,167] {logging_mixin.py:109} INFO - [2023-12-22 20:55:01,167] {dagbag.py:500} INFO - Filling up the DagBag from /home/airflow/.local/lib/python3.6/site-packages/airflow/example_dags/example_trigger_controller_dag.py
[2023-12-22 20:55:01,180] {processor.py:652} INFO - DAG(s) dict_keys(['example_trigger_controller_dag']) retrieved from /home/airflow/.local/lib/python3.6/site-packages/airflow/example_dags/example_trigger_controller_dag.py
[2023-12-22 20:55:01,199] {logging_mixin.py:109} INFO - [2023-12-22 20:55:01,199] {dag.py:2398} INFO - Sync 1 DAGs
[2023-12-22 20:55:01,216] {logging_mixin.py:109} INFO - [2023-12-22 20:55:01,216] {dag.py:2937} INFO - Setting next_dagrun for example_trigger_controller_dag to 2021-01-01T00:00:00+00:00
[2023-12-22 20:55:01,224] {processor.py:171} INFO - Processing /home/airflow/.local/lib/python3.6/site-packages/airflow/example_dags/example_trigger_controller_dag.py took 0.062 seconds
[2023-12-22 20:55:31,630] {processor.py:163} INFO - Started process (PID=2069) to work on /home/airflow/.local/lib/python3.6/site-packages/airflow/example_dags/example_trigger_controller_dag.py
[2023-12-22 20:55:31,631] {processor.py:642} INFO - Processing file /home/airflow/.local/lib/python3.6/site-packages/airflow/example_dags/example_trigger_controller_dag.py for tasks to queue
[2023-12-22 20:55:31,633] {logging_mixin.py:109} INFO - [2023-12-22 20:55:31,633] {dagbag.py:500} INFO - Filling up the DagBag from /home/airflow/.local/lib/python3.6/site-packages/airflow/example_dags/example_trigger_controller_dag.py
[2023-12-22 20:55:31,645] {processor.py:652} INFO - DAG(s) dict_keys(['example_trigger_controller_dag']) retrieved from /home/airflow/.local/lib/python3.6/site-packages/airflow/example_dags/example_trigger_controller_dag.py
[2023-12-22 20:55:31,660] {logging_mixin.py:109} INFO - [2023-12-22 20:55:31,660] {dag.py:2398} INFO - Sync 1 DAGs
[2023-12-22 20:55:31,676] {logging_mixin.py:109} INFO - [2023-12-22 20:55:31,676] {dag.py:2937} INFO - Setting next_dagrun for example_trigger_controller_dag to 2021-01-01T00:00:00+00:00
[2023-12-22 20:55:31,684] {processor.py:171} INFO - Processing /home/airflow/.local/lib/python3.6/site-packages/airflow/example_dags/example_trigger_controller_dag.py took 0.056 seconds
[2023-12-22 20:56:01,937] {processor.py:163} INFO - Started process (PID=2131) to work on /home/airflow/.local/lib/python3.6/site-packages/airflow/example_dags/example_trigger_controller_dag.py
[2023-12-22 20:56:01,939] {processor.py:642} INFO - Processing file /home/airflow/.local/lib/python3.6/site-packages/airflow/example_dags/example_trigger_controller_dag.py for tasks to queue
[2023-12-22 20:56:01,940] {logging_mixin.py:109} INFO - [2023-12-22 20:56:01,940] {dagbag.py:500} INFO - Filling up the DagBag from /home/airflow/.local/lib/python3.6/site-packages/airflow/example_dags/example_trigger_controller_dag.py
[2023-12-22 20:56:01,951] {processor.py:652} INFO - DAG(s) dict_keys(['example_trigger_controller_dag']) retrieved from /home/airflow/.local/lib/python3.6/site-packages/airflow/example_dags/example_trigger_controller_dag.py
[2023-12-22 20:56:01,970] {logging_mixin.py:109} INFO - [2023-12-22 20:56:01,970] {dag.py:2398} INFO - Sync 1 DAGs
[2023-12-22 20:56:01,985] {logging_mixin.py:109} INFO - [2023-12-22 20:56:01,985] {dag.py:2937} INFO - Setting next_dagrun for example_trigger_controller_dag to 2021-01-01T00:00:00+00:00
[2023-12-22 20:56:01,994] {processor.py:171} INFO - Processing /home/airflow/.local/lib/python3.6/site-packages/airflow/example_dags/example_trigger_controller_dag.py took 0.060 seconds
[2023-12-22 20:56:32,344] {processor.py:163} INFO - Started process (PID=2204) to work on /home/airflow/.local/lib/python3.6/site-packages/airflow/example_dags/example_trigger_controller_dag.py
[2023-12-22 20:56:32,345] {processor.py:642} INFO - Processing file /home/airflow/.local/lib/python3.6/site-packages/airflow/example_dags/example_trigger_controller_dag.py for tasks to queue
[2023-12-22 20:56:32,346] {logging_mixin.py:109} INFO - [2023-12-22 20:56:32,346] {dagbag.py:500} INFO - Filling up the DagBag from /home/airflow/.local/lib/python3.6/site-packages/airflow/example_dags/example_trigger_controller_dag.py
[2023-12-22 20:56:32,358] {processor.py:652} INFO - DAG(s) dict_keys(['example_trigger_controller_dag']) retrieved from /home/airflow/.local/lib/python3.6/site-packages/airflow/example_dags/example_trigger_controller_dag.py
[2023-12-22 20:56:32,374] {logging_mixin.py:109} INFO - [2023-12-22 20:56:32,373] {dag.py:2398} INFO - Sync 1 DAGs
[2023-12-22 20:56:32,389] {logging_mixin.py:109} INFO - [2023-12-22 20:56:32,389] {dag.py:2937} INFO - Setting next_dagrun for example_trigger_controller_dag to 2021-01-01T00:00:00+00:00
[2023-12-22 20:56:32,400] {processor.py:171} INFO - Processing /home/airflow/.local/lib/python3.6/site-packages/airflow/example_dags/example_trigger_controller_dag.py took 0.059 seconds
[2023-12-22 20:57:02,604] {processor.py:163} INFO - Started process (PID=2268) to work on /home/airflow/.local/lib/python3.6/site-packages/airflow/example_dags/example_trigger_controller_dag.py
[2023-12-22 20:57:02,605] {processor.py:642} INFO - Processing file /home/airflow/.local/lib/python3.6/site-packages/airflow/example_dags/example_trigger_controller_dag.py for tasks to queue
[2023-12-22 20:57:02,606] {logging_mixin.py:109} INFO - [2023-12-22 20:57:02,606] {dagbag.py:500} INFO - Filling up the DagBag from /home/airflow/.local/lib/python3.6/site-packages/airflow/example_dags/example_trigger_controller_dag.py
[2023-12-22 20:57:02,641] {processor.py:652} INFO - DAG(s) dict_keys(['example_trigger_controller_dag']) retrieved from /home/airflow/.local/lib/python3.6/site-packages/airflow/example_dags/example_trigger_controller_dag.py
[2023-12-22 20:57:02,665] {logging_mixin.py:109} INFO - [2023-12-22 20:57:02,665] {dag.py:2398} INFO - Sync 1 DAGs
[2023-12-22 20:57:02,680] {logging_mixin.py:109} INFO - [2023-12-22 20:57:02,680] {dag.py:2937} INFO - Setting next_dagrun for example_trigger_controller_dag to 2021-01-01T00:00:00+00:00
[2023-12-22 20:57:02,692] {processor.py:171} INFO - Processing /home/airflow/.local/lib/python3.6/site-packages/airflow/example_dags/example_trigger_controller_dag.py took 0.091 seconds
[2023-12-22 20:57:32,896] {processor.py:163} INFO - Started process (PID=2342) to work on /home/airflow/.local/lib/python3.6/site-packages/airflow/example_dags/example_trigger_controller_dag.py
[2023-12-22 20:57:32,897] {processor.py:642} INFO - Processing file /home/airflow/.local/lib/python3.6/site-packages/airflow/example_dags/example_trigger_controller_dag.py for tasks to queue
[2023-12-22 20:57:32,898] {logging_mixin.py:109} INFO - [2023-12-22 20:57:32,898] {dagbag.py:500} INFO - Filling up the DagBag from /home/airflow/.local/lib/python3.6/site-packages/airflow/example_dags/example_trigger_controller_dag.py
[2023-12-22 20:57:32,910] {processor.py:652} INFO - DAG(s) dict_keys(['example_trigger_controller_dag']) retrieved from /home/airflow/.local/lib/python3.6/site-packages/airflow/example_dags/example_trigger_controller_dag.py
[2023-12-22 20:57:32,927] {logging_mixin.py:109} INFO - [2023-12-22 20:57:32,927] {dag.py:2398} INFO - Sync 1 DAGs
[2023-12-22 20:57:32,942] {logging_mixin.py:109} INFO - [2023-12-22 20:57:32,942] {dag.py:2937} INFO - Setting next_dagrun for example_trigger_controller_dag to 2021-01-01T00:00:00+00:00
[2023-12-22 20:57:32,951] {processor.py:171} INFO - Processing /home/airflow/.local/lib/python3.6/site-packages/airflow/example_dags/example_trigger_controller_dag.py took 0.058 seconds
[2023-12-22 20:58:03,766] {processor.py:163} INFO - Started process (PID=2406) to work on /home/airflow/.local/lib/python3.6/site-packages/airflow/example_dags/example_trigger_controller_dag.py
[2023-12-22 20:58:03,768] {processor.py:642} INFO - Processing file /home/airflow/.local/lib/python3.6/site-packages/airflow/example_dags/example_trigger_controller_dag.py for tasks to queue
[2023-12-22 20:58:03,769] {logging_mixin.py:109} INFO - [2023-12-22 20:58:03,769] {dagbag.py:500} INFO - Filling up the DagBag from /home/airflow/.local/lib/python3.6/site-packages/airflow/example_dags/example_trigger_controller_dag.py
[2023-12-22 20:58:03,790] {processor.py:652} INFO - DAG(s) dict_keys(['example_trigger_controller_dag']) retrieved from /home/airflow/.local/lib/python3.6/site-packages/airflow/example_dags/example_trigger_controller_dag.py
[2023-12-22 20:58:03,821] {logging_mixin.py:109} INFO - [2023-12-22 20:58:03,821] {dag.py:2398} INFO - Sync 1 DAGs
[2023-12-22 20:58:03,845] {logging_mixin.py:109} INFO - [2023-12-22 20:58:03,844] {dag.py:2937} INFO - Setting next_dagrun for example_trigger_controller_dag to 2021-01-01T00:00:00+00:00
[2023-12-22 20:58:03,861] {processor.py:171} INFO - Processing /home/airflow/.local/lib/python3.6/site-packages/airflow/example_dags/example_trigger_controller_dag.py took 0.100 seconds
[2023-12-22 20:58:34,224] {processor.py:163} INFO - Started process (PID=2479) to work on /home/airflow/.local/lib/python3.6/site-packages/airflow/example_dags/example_trigger_controller_dag.py
[2023-12-22 20:58:34,225] {processor.py:642} INFO - Processing file /home/airflow/.local/lib/python3.6/site-packages/airflow/example_dags/example_trigger_controller_dag.py for tasks to queue
[2023-12-22 20:58:34,226] {logging_mixin.py:109} INFO - [2023-12-22 20:58:34,226] {dagbag.py:500} INFO - Filling up the DagBag from /home/airflow/.local/lib/python3.6/site-packages/airflow/example_dags/example_trigger_controller_dag.py
[2023-12-22 20:58:34,247] {processor.py:652} INFO - DAG(s) dict_keys(['example_trigger_controller_dag']) retrieved from /home/airflow/.local/lib/python3.6/site-packages/airflow/example_dags/example_trigger_controller_dag.py
[2023-12-22 20:58:34,284] {logging_mixin.py:109} INFO - [2023-12-22 20:58:34,284] {dag.py:2398} INFO - Sync 1 DAGs
[2023-12-22 20:58:34,322] {logging_mixin.py:109} INFO - [2023-12-22 20:58:34,322] {dag.py:2937} INFO - Setting next_dagrun for example_trigger_controller_dag to 2021-01-01T00:00:00+00:00
[2023-12-22 20:58:34,338] {processor.py:171} INFO - Processing /home/airflow/.local/lib/python3.6/site-packages/airflow/example_dags/example_trigger_controller_dag.py took 0.118 seconds
[2023-12-22 20:59:05,058] {processor.py:163} INFO - Started process (PID=2543) to work on /home/airflow/.local/lib/python3.6/site-packages/airflow/example_dags/example_trigger_controller_dag.py
[2023-12-22 20:59:05,061] {processor.py:642} INFO - Processing file /home/airflow/.local/lib/python3.6/site-packages/airflow/example_dags/example_trigger_controller_dag.py for tasks to queue
[2023-12-22 20:59:05,065] {logging_mixin.py:109} INFO - [2023-12-22 20:59:05,064] {dagbag.py:500} INFO - Filling up the DagBag from /home/airflow/.local/lib/python3.6/site-packages/airflow/example_dags/example_trigger_controller_dag.py
[2023-12-22 20:59:05,099] {processor.py:652} INFO - DAG(s) dict_keys(['example_trigger_controller_dag']) retrieved from /home/airflow/.local/lib/python3.6/site-packages/airflow/example_dags/example_trigger_controller_dag.py
[2023-12-22 20:59:05,162] {logging_mixin.py:109} INFO - [2023-12-22 20:59:05,162] {dag.py:2398} INFO - Sync 1 DAGs
[2023-12-22 20:59:05,220] {logging_mixin.py:109} INFO - [2023-12-22 20:59:05,219] {dag.py:2937} INFO - Setting next_dagrun for example_trigger_controller_dag to 2021-01-01T00:00:00+00:00
[2023-12-22 20:59:05,255] {processor.py:171} INFO - Processing /home/airflow/.local/lib/python3.6/site-packages/airflow/example_dags/example_trigger_controller_dag.py took 0.204 seconds
[2023-12-22 20:59:35,432] {processor.py:163} INFO - Started process (PID=2607) to work on /home/airflow/.local/lib/python3.6/site-packages/airflow/example_dags/example_trigger_controller_dag.py
[2023-12-22 20:59:35,435] {processor.py:642} INFO - Processing file /home/airflow/.local/lib/python3.6/site-packages/airflow/example_dags/example_trigger_controller_dag.py for tasks to queue
[2023-12-22 20:59:35,437] {logging_mixin.py:109} INFO - [2023-12-22 20:59:35,437] {dagbag.py:500} INFO - Filling up the DagBag from /home/airflow/.local/lib/python3.6/site-packages/airflow/example_dags/example_trigger_controller_dag.py
[2023-12-22 20:59:35,463] {processor.py:652} INFO - DAG(s) dict_keys(['example_trigger_controller_dag']) retrieved from /home/airflow/.local/lib/python3.6/site-packages/airflow/example_dags/example_trigger_controller_dag.py
[2023-12-22 20:59:35,519] {logging_mixin.py:109} INFO - [2023-12-22 20:59:35,518] {dag.py:2398} INFO - Sync 1 DAGs
[2023-12-22 20:59:35,567] {logging_mixin.py:109} INFO - [2023-12-22 20:59:35,566] {dag.py:2937} INFO - Setting next_dagrun for example_trigger_controller_dag to 2021-01-01T00:00:00+00:00
[2023-12-22 20:59:35,591] {processor.py:171} INFO - Processing /home/airflow/.local/lib/python3.6/site-packages/airflow/example_dags/example_trigger_controller_dag.py took 0.164 seconds
[2023-12-22 21:00:06,831] {processor.py:163} INFO - Started process (PID=2671) to work on /home/airflow/.local/lib/python3.6/site-packages/airflow/example_dags/example_trigger_controller_dag.py
[2023-12-22 21:00:06,837] {processor.py:642} INFO - Processing file /home/airflow/.local/lib/python3.6/site-packages/airflow/example_dags/example_trigger_controller_dag.py for tasks to queue
[2023-12-22 21:00:06,840] {logging_mixin.py:109} INFO - [2023-12-22 21:00:06,840] {dagbag.py:500} INFO - Filling up the DagBag from /home/airflow/.local/lib/python3.6/site-packages/airflow/example_dags/example_trigger_controller_dag.py
[2023-12-22 21:00:06,895] {processor.py:652} INFO - DAG(s) dict_keys(['example_trigger_controller_dag']) retrieved from /home/airflow/.local/lib/python3.6/site-packages/airflow/example_dags/example_trigger_controller_dag.py
[2023-12-22 21:00:06,958] {logging_mixin.py:109} INFO - [2023-12-22 21:00:06,958] {dag.py:2398} INFO - Sync 1 DAGs
[2023-12-22 21:00:07,023] {logging_mixin.py:109} INFO - [2023-12-22 21:00:07,023] {dag.py:2937} INFO - Setting next_dagrun for example_trigger_controller_dag to 2021-01-01T00:00:00+00:00
[2023-12-22 21:00:07,055] {processor.py:171} INFO - Processing /home/airflow/.local/lib/python3.6/site-packages/airflow/example_dags/example_trigger_controller_dag.py took 0.235 seconds
[2023-12-22 21:00:38,068] {processor.py:163} INFO - Started process (PID=2735) to work on /home/airflow/.local/lib/python3.6/site-packages/airflow/example_dags/example_trigger_controller_dag.py
[2023-12-22 21:00:38,073] {processor.py:642} INFO - Processing file /home/airflow/.local/lib/python3.6/site-packages/airflow/example_dags/example_trigger_controller_dag.py for tasks to queue
[2023-12-22 21:00:38,075] {logging_mixin.py:109} INFO - [2023-12-22 21:00:38,075] {dagbag.py:500} INFO - Filling up the DagBag from /home/airflow/.local/lib/python3.6/site-packages/airflow/example_dags/example_trigger_controller_dag.py
[2023-12-22 21:00:38,117] {processor.py:652} INFO - DAG(s) dict_keys(['example_trigger_controller_dag']) retrieved from /home/airflow/.local/lib/python3.6/site-packages/airflow/example_dags/example_trigger_controller_dag.py
[2023-12-22 21:00:38,189] {logging_mixin.py:109} INFO - [2023-12-22 21:00:38,187] {dag.py:2398} INFO - Sync 1 DAGs
[2023-12-22 21:00:38,252] {logging_mixin.py:109} INFO - [2023-12-22 21:00:38,252] {dag.py:2937} INFO - Setting next_dagrun for example_trigger_controller_dag to 2021-01-01T00:00:00+00:00
[2023-12-22 21:00:38,279] {processor.py:171} INFO - Processing /home/airflow/.local/lib/python3.6/site-packages/airflow/example_dags/example_trigger_controller_dag.py took 0.218 seconds
[2023-12-22 21:01:08,862] {processor.py:163} INFO - Started process (PID=2799) to work on /home/airflow/.local/lib/python3.6/site-packages/airflow/example_dags/example_trigger_controller_dag.py
[2023-12-22 21:01:08,863] {processor.py:642} INFO - Processing file /home/airflow/.local/lib/python3.6/site-packages/airflow/example_dags/example_trigger_controller_dag.py for tasks to queue
[2023-12-22 21:01:08,864] {logging_mixin.py:109} INFO - [2023-12-22 21:01:08,864] {dagbag.py:500} INFO - Filling up the DagBag from /home/airflow/.local/lib/python3.6/site-packages/airflow/example_dags/example_trigger_controller_dag.py
[2023-12-22 21:01:08,878] {processor.py:652} INFO - DAG(s) dict_keys(['example_trigger_controller_dag']) retrieved from /home/airflow/.local/lib/python3.6/site-packages/airflow/example_dags/example_trigger_controller_dag.py
[2023-12-22 21:01:08,898] {logging_mixin.py:109} INFO - [2023-12-22 21:01:08,898] {dag.py:2398} INFO - Sync 1 DAGs
[2023-12-22 21:01:08,916] {logging_mixin.py:109} INFO - [2023-12-22 21:01:08,916] {dag.py:2937} INFO - Setting next_dagrun for example_trigger_controller_dag to 2021-01-01T00:00:00+00:00
[2023-12-22 21:01:08,926] {processor.py:171} INFO - Processing /home/airflow/.local/lib/python3.6/site-packages/airflow/example_dags/example_trigger_controller_dag.py took 0.069 seconds
[2023-12-22 21:01:40,218] {processor.py:163} INFO - Started process (PID=2873) to work on /home/airflow/.local/lib/python3.6/site-packages/airflow/example_dags/example_trigger_controller_dag.py
[2023-12-22 21:01:40,220] {processor.py:642} INFO - Processing file /home/airflow/.local/lib/python3.6/site-packages/airflow/example_dags/example_trigger_controller_dag.py for tasks to queue
[2023-12-22 21:01:40,221] {logging_mixin.py:109} INFO - [2023-12-22 21:01:40,221] {dagbag.py:500} INFO - Filling up the DagBag from /home/airflow/.local/lib/python3.6/site-packages/airflow/example_dags/example_trigger_controller_dag.py
[2023-12-22 21:01:40,238] {processor.py:652} INFO - DAG(s) dict_keys(['example_trigger_controller_dag']) retrieved from /home/airflow/.local/lib/python3.6/site-packages/airflow/example_dags/example_trigger_controller_dag.py
[2023-12-22 21:01:40,261] {logging_mixin.py:109} INFO - [2023-12-22 21:01:40,261] {dag.py:2398} INFO - Sync 1 DAGs
[2023-12-22 21:01:40,281] {logging_mixin.py:109} INFO - [2023-12-22 21:01:40,281] {dag.py:2937} INFO - Setting next_dagrun for example_trigger_controller_dag to 2021-01-01T00:00:00+00:00
[2023-12-22 21:01:40,296] {processor.py:171} INFO - Processing /home/airflow/.local/lib/python3.6/site-packages/airflow/example_dags/example_trigger_controller_dag.py took 0.083 seconds
[2023-12-22 21:02:10,674] {processor.py:163} INFO - Started process (PID=2937) to work on /home/airflow/.local/lib/python3.6/site-packages/airflow/example_dags/example_trigger_controller_dag.py
[2023-12-22 21:02:10,675] {processor.py:642} INFO - Processing file /home/airflow/.local/lib/python3.6/site-packages/airflow/example_dags/example_trigger_controller_dag.py for tasks to queue
[2023-12-22 21:02:10,676] {logging_mixin.py:109} INFO - [2023-12-22 21:02:10,676] {dagbag.py:500} INFO - Filling up the DagBag from /home/airflow/.local/lib/python3.6/site-packages/airflow/example_dags/example_trigger_controller_dag.py
[2023-12-22 21:02:10,689] {processor.py:652} INFO - DAG(s) dict_keys(['example_trigger_controller_dag']) retrieved from /home/airflow/.local/lib/python3.6/site-packages/airflow/example_dags/example_trigger_controller_dag.py
[2023-12-22 21:02:10,707] {logging_mixin.py:109} INFO - [2023-12-22 21:02:10,707] {dag.py:2398} INFO - Sync 1 DAGs
[2023-12-22 21:02:10,721] {logging_mixin.py:109} INFO - [2023-12-22 21:02:10,721] {dag.py:2937} INFO - Setting next_dagrun for example_trigger_controller_dag to 2021-01-01T00:00:00+00:00
[2023-12-22 21:02:10,731] {processor.py:171} INFO - Processing /home/airflow/.local/lib/python3.6/site-packages/airflow/example_dags/example_trigger_controller_dag.py took 0.059 seconds
[2023-12-22 21:02:41,769] {processor.py:163} INFO - Started process (PID=3012) to work on /home/airflow/.local/lib/python3.6/site-packages/airflow/example_dags/example_trigger_controller_dag.py
[2023-12-22 21:02:41,770] {processor.py:642} INFO - Processing file /home/airflow/.local/lib/python3.6/site-packages/airflow/example_dags/example_trigger_controller_dag.py for tasks to queue
[2023-12-22 21:02:41,771] {logging_mixin.py:109} INFO - [2023-12-22 21:02:41,771] {dagbag.py:500} INFO - Filling up the DagBag from /home/airflow/.local/lib/python3.6/site-packages/airflow/example_dags/example_trigger_controller_dag.py
[2023-12-22 21:02:41,784] {processor.py:652} INFO - DAG(s) dict_keys(['example_trigger_controller_dag']) retrieved from /home/airflow/.local/lib/python3.6/site-packages/airflow/example_dags/example_trigger_controller_dag.py
[2023-12-22 21:02:41,803] {logging_mixin.py:109} INFO - [2023-12-22 21:02:41,803] {dag.py:2398} INFO - Sync 1 DAGs
[2023-12-22 21:02:41,818] {logging_mixin.py:109} INFO - [2023-12-22 21:02:41,817] {dag.py:2937} INFO - Setting next_dagrun for example_trigger_controller_dag to 2021-01-01T00:00:00+00:00
[2023-12-22 21:02:41,827] {processor.py:171} INFO - Processing /home/airflow/.local/lib/python3.6/site-packages/airflow/example_dags/example_trigger_controller_dag.py took 0.060 seconds
[2023-12-22 21:03:12,366] {processor.py:163} INFO - Started process (PID=3076) to work on /home/airflow/.local/lib/python3.6/site-packages/airflow/example_dags/example_trigger_controller_dag.py
[2023-12-22 21:03:12,367] {processor.py:642} INFO - Processing file /home/airflow/.local/lib/python3.6/site-packages/airflow/example_dags/example_trigger_controller_dag.py for tasks to queue
[2023-12-22 21:03:12,368] {logging_mixin.py:109} INFO - [2023-12-22 21:03:12,368] {dagbag.py:500} INFO - Filling up the DagBag from /home/airflow/.local/lib/python3.6/site-packages/airflow/example_dags/example_trigger_controller_dag.py
[2023-12-22 21:03:12,380] {processor.py:652} INFO - DAG(s) dict_keys(['example_trigger_controller_dag']) retrieved from /home/airflow/.local/lib/python3.6/site-packages/airflow/example_dags/example_trigger_controller_dag.py
[2023-12-22 21:03:12,397] {logging_mixin.py:109} INFO - [2023-12-22 21:03:12,397] {dag.py:2398} INFO - Sync 1 DAGs
[2023-12-22 21:03:12,414] {logging_mixin.py:109} INFO - [2023-12-22 21:03:12,414] {dag.py:2937} INFO - Setting next_dagrun for example_trigger_controller_dag to 2021-01-01T00:00:00+00:00
[2023-12-22 21:03:12,421] {processor.py:171} INFO - Processing /home/airflow/.local/lib/python3.6/site-packages/airflow/example_dags/example_trigger_controller_dag.py took 0.058 seconds
[2023-12-22 21:03:43,569] {processor.py:163} INFO - Started process (PID=3149) to work on /home/airflow/.local/lib/python3.6/site-packages/airflow/example_dags/example_trigger_controller_dag.py
[2023-12-22 21:03:43,570] {processor.py:642} INFO - Processing file /home/airflow/.local/lib/python3.6/site-packages/airflow/example_dags/example_trigger_controller_dag.py for tasks to queue
[2023-12-22 21:03:43,571] {logging_mixin.py:109} INFO - [2023-12-22 21:03:43,571] {dagbag.py:500} INFO - Filling up the DagBag from /home/airflow/.local/lib/python3.6/site-packages/airflow/example_dags/example_trigger_controller_dag.py
[2023-12-22 21:03:43,583] {processor.py:652} INFO - DAG(s) dict_keys(['example_trigger_controller_dag']) retrieved from /home/airflow/.local/lib/python3.6/site-packages/airflow/example_dags/example_trigger_controller_dag.py
[2023-12-22 21:03:43,604] {logging_mixin.py:109} INFO - [2023-12-22 21:03:43,604] {dag.py:2398} INFO - Sync 1 DAGs
[2023-12-22 21:03:43,622] {logging_mixin.py:109} INFO - [2023-12-22 21:03:43,622] {dag.py:2937} INFO - Setting next_dagrun for example_trigger_controller_dag to 2021-01-01T00:00:00+00:00
[2023-12-22 21:03:43,636] {processor.py:171} INFO - Processing /home/airflow/.local/lib/python3.6/site-packages/airflow/example_dags/example_trigger_controller_dag.py took 0.070 seconds
[2023-12-22 21:04:14,725] {processor.py:163} INFO - Started process (PID=3223) to work on /home/airflow/.local/lib/python3.6/site-packages/airflow/example_dags/example_trigger_controller_dag.py
[2023-12-22 21:04:14,727] {processor.py:642} INFO - Processing file /home/airflow/.local/lib/python3.6/site-packages/airflow/example_dags/example_trigger_controller_dag.py for tasks to queue
[2023-12-22 21:04:14,727] {logging_mixin.py:109} INFO - [2023-12-22 21:04:14,727] {dagbag.py:500} INFO - Filling up the DagBag from /home/airflow/.local/lib/python3.6/site-packages/airflow/example_dags/example_trigger_controller_dag.py
[2023-12-22 21:04:14,739] {processor.py:652} INFO - DAG(s) dict_keys(['example_trigger_controller_dag']) retrieved from /home/airflow/.local/lib/python3.6/site-packages/airflow/example_dags/example_trigger_controller_dag.py
[2023-12-22 21:04:14,758] {logging_mixin.py:109} INFO - [2023-12-22 21:04:14,758] {dag.py:2398} INFO - Sync 1 DAGs
[2023-12-22 21:04:14,774] {logging_mixin.py:109} INFO - [2023-12-22 21:04:14,774] {dag.py:2937} INFO - Setting next_dagrun for example_trigger_controller_dag to 2021-01-01T00:00:00+00:00
[2023-12-22 21:04:14,783] {processor.py:171} INFO - Processing /home/airflow/.local/lib/python3.6/site-packages/airflow/example_dags/example_trigger_controller_dag.py took 0.061 seconds
[2023-12-22 21:04:45,064] {processor.py:163} INFO - Started process (PID=3287) to work on /home/airflow/.local/lib/python3.6/site-packages/airflow/example_dags/example_trigger_controller_dag.py
[2023-12-22 21:04:45,065] {processor.py:642} INFO - Processing file /home/airflow/.local/lib/python3.6/site-packages/airflow/example_dags/example_trigger_controller_dag.py for tasks to queue
[2023-12-22 21:04:45,066] {logging_mixin.py:109} INFO - [2023-12-22 21:04:45,066] {dagbag.py:500} INFO - Filling up the DagBag from /home/airflow/.local/lib/python3.6/site-packages/airflow/example_dags/example_trigger_controller_dag.py
[2023-12-22 21:04:45,078] {processor.py:652} INFO - DAG(s) dict_keys(['example_trigger_controller_dag']) retrieved from /home/airflow/.local/lib/python3.6/site-packages/airflow/example_dags/example_trigger_controller_dag.py
[2023-12-22 21:04:45,100] {logging_mixin.py:109} INFO - [2023-12-22 21:04:45,100] {dag.py:2398} INFO - Sync 1 DAGs
[2023-12-22 21:04:45,117] {logging_mixin.py:109} INFO - [2023-12-22 21:04:45,117] {dag.py:2937} INFO - Setting next_dagrun for example_trigger_controller_dag to 2021-01-01T00:00:00+00:00
[2023-12-22 21:04:45,126] {processor.py:171} INFO - Processing /home/airflow/.local/lib/python3.6/site-packages/airflow/example_dags/example_trigger_controller_dag.py took 0.064 seconds
[2023-12-22 21:05:16,294] {processor.py:163} INFO - Started process (PID=3361) to work on /home/airflow/.local/lib/python3.6/site-packages/airflow/example_dags/example_trigger_controller_dag.py
[2023-12-22 21:05:16,295] {processor.py:642} INFO - Processing file /home/airflow/.local/lib/python3.6/site-packages/airflow/example_dags/example_trigger_controller_dag.py for tasks to queue
[2023-12-22 21:05:16,296] {logging_mixin.py:109} INFO - [2023-12-22 21:05:16,295] {dagbag.py:500} INFO - Filling up the DagBag from /home/airflow/.local/lib/python3.6/site-packages/airflow/example_dags/example_trigger_controller_dag.py
[2023-12-22 21:05:16,306] {processor.py:652} INFO - DAG(s) dict_keys(['example_trigger_controller_dag']) retrieved from /home/airflow/.local/lib/python3.6/site-packages/airflow/example_dags/example_trigger_controller_dag.py
[2023-12-22 21:05:16,321] {logging_mixin.py:109} INFO - [2023-12-22 21:05:16,320] {dag.py:2398} INFO - Sync 1 DAGs
[2023-12-22 21:05:16,334] {logging_mixin.py:109} INFO - [2023-12-22 21:05:16,334] {dag.py:2937} INFO - Setting next_dagrun for example_trigger_controller_dag to 2021-01-01T00:00:00+00:00
[2023-12-22 21:05:16,343] {processor.py:171} INFO - Processing /home/airflow/.local/lib/python3.6/site-packages/airflow/example_dags/example_trigger_controller_dag.py took 0.052 seconds
[2023-12-22 21:05:46,615] {processor.py:163} INFO - Started process (PID=3425) to work on /home/airflow/.local/lib/python3.6/site-packages/airflow/example_dags/example_trigger_controller_dag.py
[2023-12-22 21:05:46,616] {processor.py:642} INFO - Processing file /home/airflow/.local/lib/python3.6/site-packages/airflow/example_dags/example_trigger_controller_dag.py for tasks to queue
[2023-12-22 21:05:46,617] {logging_mixin.py:109} INFO - [2023-12-22 21:05:46,617] {dagbag.py:500} INFO - Filling up the DagBag from /home/airflow/.local/lib/python3.6/site-packages/airflow/example_dags/example_trigger_controller_dag.py
[2023-12-22 21:05:46,626] {processor.py:652} INFO - DAG(s) dict_keys(['example_trigger_controller_dag']) retrieved from /home/airflow/.local/lib/python3.6/site-packages/airflow/example_dags/example_trigger_controller_dag.py
[2023-12-22 21:05:46,639] {logging_mixin.py:109} INFO - [2023-12-22 21:05:46,639] {dag.py:2398} INFO - Sync 1 DAGs
[2023-12-22 21:05:46,652] {logging_mixin.py:109} INFO - [2023-12-22 21:05:46,651] {dag.py:2937} INFO - Setting next_dagrun for example_trigger_controller_dag to 2021-01-01T00:00:00+00:00
[2023-12-22 21:05:46,659] {processor.py:171} INFO - Processing /home/airflow/.local/lib/python3.6/site-packages/airflow/example_dags/example_trigger_controller_dag.py took 0.047 seconds
[2023-12-22 21:06:16,873] {processor.py:163} INFO - Started process (PID=3499) to work on /home/airflow/.local/lib/python3.6/site-packages/airflow/example_dags/example_trigger_controller_dag.py
[2023-12-22 21:06:16,874] {processor.py:642} INFO - Processing file /home/airflow/.local/lib/python3.6/site-packages/airflow/example_dags/example_trigger_controller_dag.py for tasks to queue
[2023-12-22 21:06:16,875] {logging_mixin.py:109} INFO - [2023-12-22 21:06:16,875] {dagbag.py:500} INFO - Filling up the DagBag from /home/airflow/.local/lib/python3.6/site-packages/airflow/example_dags/example_trigger_controller_dag.py
[2023-12-22 21:06:16,889] {processor.py:652} INFO - DAG(s) dict_keys(['example_trigger_controller_dag']) retrieved from /home/airflow/.local/lib/python3.6/site-packages/airflow/example_dags/example_trigger_controller_dag.py
[2023-12-22 21:06:16,909] {logging_mixin.py:109} INFO - [2023-12-22 21:06:16,909] {dag.py:2398} INFO - Sync 1 DAGs
[2023-12-22 21:06:16,925] {logging_mixin.py:109} INFO - [2023-12-22 21:06:16,925] {dag.py:2937} INFO - Setting next_dagrun for example_trigger_controller_dag to 2021-01-01T00:00:00+00:00
[2023-12-22 21:06:16,936] {processor.py:171} INFO - Processing /home/airflow/.local/lib/python3.6/site-packages/airflow/example_dags/example_trigger_controller_dag.py took 0.066 seconds
[2023-12-22 21:06:48,055] {processor.py:163} INFO - Started process (PID=3563) to work on /home/airflow/.local/lib/python3.6/site-packages/airflow/example_dags/example_trigger_controller_dag.py
[2023-12-22 21:06:48,056] {processor.py:642} INFO - Processing file /home/airflow/.local/lib/python3.6/site-packages/airflow/example_dags/example_trigger_controller_dag.py for tasks to queue
[2023-12-22 21:06:48,057] {logging_mixin.py:109} INFO - [2023-12-22 21:06:48,057] {dagbag.py:500} INFO - Filling up the DagBag from /home/airflow/.local/lib/python3.6/site-packages/airflow/example_dags/example_trigger_controller_dag.py
[2023-12-22 21:06:48,070] {processor.py:652} INFO - DAG(s) dict_keys(['example_trigger_controller_dag']) retrieved from /home/airflow/.local/lib/python3.6/site-packages/airflow/example_dags/example_trigger_controller_dag.py
[2023-12-22 21:06:48,092] {logging_mixin.py:109} INFO - [2023-12-22 21:06:48,092] {dag.py:2398} INFO - Sync 1 DAGs
[2023-12-22 21:06:48,109] {logging_mixin.py:109} INFO - [2023-12-22 21:06:48,109] {dag.py:2937} INFO - Setting next_dagrun for example_trigger_controller_dag to 2021-01-01T00:00:00+00:00
[2023-12-22 21:06:48,120] {processor.py:171} INFO - Processing /home/airflow/.local/lib/python3.6/site-packages/airflow/example_dags/example_trigger_controller_dag.py took 0.069 seconds
[2023-12-22 21:07:18,295] {processor.py:163} INFO - Started process (PID=3637) to work on /home/airflow/.local/lib/python3.6/site-packages/airflow/example_dags/example_trigger_controller_dag.py
[2023-12-22 21:07:18,297] {processor.py:642} INFO - Processing file /home/airflow/.local/lib/python3.6/site-packages/airflow/example_dags/example_trigger_controller_dag.py for tasks to queue
[2023-12-22 21:07:18,297] {logging_mixin.py:109} INFO - [2023-12-22 21:07:18,297] {dagbag.py:500} INFO - Filling up the DagBag from /home/airflow/.local/lib/python3.6/site-packages/airflow/example_dags/example_trigger_controller_dag.py
[2023-12-22 21:07:18,310] {processor.py:652} INFO - DAG(s) dict_keys(['example_trigger_controller_dag']) retrieved from /home/airflow/.local/lib/python3.6/site-packages/airflow/example_dags/example_trigger_controller_dag.py
[2023-12-22 21:07:18,331] {logging_mixin.py:109} INFO - [2023-12-22 21:07:18,331] {dag.py:2398} INFO - Sync 1 DAGs
[2023-12-22 21:07:18,351] {logging_mixin.py:109} INFO - [2023-12-22 21:07:18,351] {dag.py:2937} INFO - Setting next_dagrun for example_trigger_controller_dag to 2021-01-01T00:00:00+00:00
[2023-12-22 21:07:18,360] {processor.py:171} INFO - Processing /home/airflow/.local/lib/python3.6/site-packages/airflow/example_dags/example_trigger_controller_dag.py took 0.068 seconds
[2023-12-22 21:07:49,140] {processor.py:163} INFO - Started process (PID=3711) to work on /home/airflow/.local/lib/python3.6/site-packages/airflow/example_dags/example_trigger_controller_dag.py
[2023-12-22 21:07:49,142] {processor.py:642} INFO - Processing file /home/airflow/.local/lib/python3.6/site-packages/airflow/example_dags/example_trigger_controller_dag.py for tasks to queue
[2023-12-22 21:07:49,142] {logging_mixin.py:109} INFO - [2023-12-22 21:07:49,142] {dagbag.py:500} INFO - Filling up the DagBag from /home/airflow/.local/lib/python3.6/site-packages/airflow/example_dags/example_trigger_controller_dag.py
[2023-12-22 21:07:49,155] {processor.py:652} INFO - DAG(s) dict_keys(['example_trigger_controller_dag']) retrieved from /home/airflow/.local/lib/python3.6/site-packages/airflow/example_dags/example_trigger_controller_dag.py
[2023-12-22 21:07:49,177] {logging_mixin.py:109} INFO - [2023-12-22 21:07:49,177] {dag.py:2398} INFO - Sync 1 DAGs
[2023-12-22 21:07:49,196] {logging_mixin.py:109} INFO - [2023-12-22 21:07:49,196] {dag.py:2937} INFO - Setting next_dagrun for example_trigger_controller_dag to 2021-01-01T00:00:00+00:00
[2023-12-22 21:07:49,209] {processor.py:171} INFO - Processing /home/airflow/.local/lib/python3.6/site-packages/airflow/example_dags/example_trigger_controller_dag.py took 0.072 seconds
[2023-12-22 21:08:20,166] {processor.py:163} INFO - Started process (PID=3776) to work on /home/airflow/.local/lib/python3.6/site-packages/airflow/example_dags/example_trigger_controller_dag.py
[2023-12-22 21:08:20,168] {processor.py:642} INFO - Processing file /home/airflow/.local/lib/python3.6/site-packages/airflow/example_dags/example_trigger_controller_dag.py for tasks to queue
[2023-12-22 21:08:20,169] {logging_mixin.py:109} INFO - [2023-12-22 21:08:20,169] {dagbag.py:500} INFO - Filling up the DagBag from /home/airflow/.local/lib/python3.6/site-packages/airflow/example_dags/example_trigger_controller_dag.py
[2023-12-22 21:08:20,191] {processor.py:652} INFO - DAG(s) dict_keys(['example_trigger_controller_dag']) retrieved from /home/airflow/.local/lib/python3.6/site-packages/airflow/example_dags/example_trigger_controller_dag.py
[2023-12-22 21:08:20,214] {logging_mixin.py:109} INFO - [2023-12-22 21:08:20,214] {dag.py:2398} INFO - Sync 1 DAGs
[2023-12-22 21:08:20,231] {logging_mixin.py:109} INFO - [2023-12-22 21:08:20,230] {dag.py:2937} INFO - Setting next_dagrun for example_trigger_controller_dag to 2021-01-01T00:00:00+00:00
[2023-12-22 21:08:20,241] {processor.py:171} INFO - Processing /home/airflow/.local/lib/python3.6/site-packages/airflow/example_dags/example_trigger_controller_dag.py took 0.078 seconds
[2023-12-22 21:08:50,673] {processor.py:163} INFO - Started process (PID=3849) to work on /home/airflow/.local/lib/python3.6/site-packages/airflow/example_dags/example_trigger_controller_dag.py
[2023-12-22 21:08:50,675] {processor.py:642} INFO - Processing file /home/airflow/.local/lib/python3.6/site-packages/airflow/example_dags/example_trigger_controller_dag.py for tasks to queue
[2023-12-22 21:08:50,676] {logging_mixin.py:109} INFO - [2023-12-22 21:08:50,676] {dagbag.py:500} INFO - Filling up the DagBag from /home/airflow/.local/lib/python3.6/site-packages/airflow/example_dags/example_trigger_controller_dag.py
[2023-12-22 21:08:50,693] {processor.py:652} INFO - DAG(s) dict_keys(['example_trigger_controller_dag']) retrieved from /home/airflow/.local/lib/python3.6/site-packages/airflow/example_dags/example_trigger_controller_dag.py
[2023-12-22 21:08:50,713] {logging_mixin.py:109} INFO - [2023-12-22 21:08:50,713] {dag.py:2398} INFO - Sync 1 DAGs
[2023-12-22 21:08:50,729] {logging_mixin.py:109} INFO - [2023-12-22 21:08:50,729] {dag.py:2937} INFO - Setting next_dagrun for example_trigger_controller_dag to 2021-01-01T00:00:00+00:00
[2023-12-22 21:08:50,738] {processor.py:171} INFO - Processing /home/airflow/.local/lib/python3.6/site-packages/airflow/example_dags/example_trigger_controller_dag.py took 0.068 seconds
[2023-12-22 21:09:21,066] {processor.py:163} INFO - Started process (PID=3913) to work on /home/airflow/.local/lib/python3.6/site-packages/airflow/example_dags/example_trigger_controller_dag.py
[2023-12-22 21:09:21,068] {processor.py:642} INFO - Processing file /home/airflow/.local/lib/python3.6/site-packages/airflow/example_dags/example_trigger_controller_dag.py for tasks to queue
[2023-12-22 21:09:21,068] {logging_mixin.py:109} INFO - [2023-12-22 21:09:21,068] {dagbag.py:500} INFO - Filling up the DagBag from /home/airflow/.local/lib/python3.6/site-packages/airflow/example_dags/example_trigger_controller_dag.py
[2023-12-22 21:09:21,085] {processor.py:652} INFO - DAG(s) dict_keys(['example_trigger_controller_dag']) retrieved from /home/airflow/.local/lib/python3.6/site-packages/airflow/example_dags/example_trigger_controller_dag.py
[2023-12-22 21:09:21,105] {logging_mixin.py:109} INFO - [2023-12-22 21:09:21,104] {dag.py:2398} INFO - Sync 1 DAGs
[2023-12-22 21:09:21,120] {logging_mixin.py:109} INFO - [2023-12-22 21:09:21,120] {dag.py:2937} INFO - Setting next_dagrun for example_trigger_controller_dag to 2021-01-01T00:00:00+00:00
[2023-12-22 21:09:21,129] {processor.py:171} INFO - Processing /home/airflow/.local/lib/python3.6/site-packages/airflow/example_dags/example_trigger_controller_dag.py took 0.066 seconds
[2023-12-22 21:09:51,700] {processor.py:163} INFO - Started process (PID=3987) to work on /home/airflow/.local/lib/python3.6/site-packages/airflow/example_dags/example_trigger_controller_dag.py
[2023-12-22 21:09:51,702] {processor.py:642} INFO - Processing file /home/airflow/.local/lib/python3.6/site-packages/airflow/example_dags/example_trigger_controller_dag.py for tasks to queue
[2023-12-22 21:09:51,702] {logging_mixin.py:109} INFO - [2023-12-22 21:09:51,702] {dagbag.py:500} INFO - Filling up the DagBag from /home/airflow/.local/lib/python3.6/site-packages/airflow/example_dags/example_trigger_controller_dag.py
[2023-12-22 21:09:51,715] {processor.py:652} INFO - DAG(s) dict_keys(['example_trigger_controller_dag']) retrieved from /home/airflow/.local/lib/python3.6/site-packages/airflow/example_dags/example_trigger_controller_dag.py
[2023-12-22 21:09:51,733] {logging_mixin.py:109} INFO - [2023-12-22 21:09:51,733] {dag.py:2398} INFO - Sync 1 DAGs
[2023-12-22 21:09:51,753] {logging_mixin.py:109} INFO - [2023-12-22 21:09:51,753] {dag.py:2937} INFO - Setting next_dagrun for example_trigger_controller_dag to 2021-01-01T00:00:00+00:00
[2023-12-22 21:09:51,765] {processor.py:171} INFO - Processing /home/airflow/.local/lib/python3.6/site-packages/airflow/example_dags/example_trigger_controller_dag.py took 0.068 seconds
[2023-12-22 21:10:22,167] {processor.py:163} INFO - Started process (PID=4051) to work on /home/airflow/.local/lib/python3.6/site-packages/airflow/example_dags/example_trigger_controller_dag.py
[2023-12-22 21:10:22,168] {processor.py:642} INFO - Processing file /home/airflow/.local/lib/python3.6/site-packages/airflow/example_dags/example_trigger_controller_dag.py for tasks to queue
[2023-12-22 21:10:22,169] {logging_mixin.py:109} INFO - [2023-12-22 21:10:22,169] {dagbag.py:500} INFO - Filling up the DagBag from /home/airflow/.local/lib/python3.6/site-packages/airflow/example_dags/example_trigger_controller_dag.py
[2023-12-22 21:10:22,183] {processor.py:652} INFO - DAG(s) dict_keys(['example_trigger_controller_dag']) retrieved from /home/airflow/.local/lib/python3.6/site-packages/airflow/example_dags/example_trigger_controller_dag.py
[2023-12-22 21:10:22,197] {logging_mixin.py:109} INFO - [2023-12-22 21:10:22,197] {dag.py:2398} INFO - Sync 1 DAGs
[2023-12-22 21:10:22,213] {logging_mixin.py:109} INFO - [2023-12-22 21:10:22,213] {dag.py:2937} INFO - Setting next_dagrun for example_trigger_controller_dag to 2021-01-01T00:00:00+00:00
[2023-12-22 21:10:22,221] {processor.py:171} INFO - Processing /home/airflow/.local/lib/python3.6/site-packages/airflow/example_dags/example_trigger_controller_dag.py took 0.056 seconds
[2023-12-22 21:10:52,929] {processor.py:163} INFO - Started process (PID=4126) to work on /home/airflow/.local/lib/python3.6/site-packages/airflow/example_dags/example_trigger_controller_dag.py
[2023-12-22 21:10:52,930] {processor.py:642} INFO - Processing file /home/airflow/.local/lib/python3.6/site-packages/airflow/example_dags/example_trigger_controller_dag.py for tasks to queue
[2023-12-22 21:10:52,931] {logging_mixin.py:109} INFO - [2023-12-22 21:10:52,931] {dagbag.py:500} INFO - Filling up the DagBag from /home/airflow/.local/lib/python3.6/site-packages/airflow/example_dags/example_trigger_controller_dag.py
[2023-12-22 21:10:52,944] {processor.py:652} INFO - DAG(s) dict_keys(['example_trigger_controller_dag']) retrieved from /home/airflow/.local/lib/python3.6/site-packages/airflow/example_dags/example_trigger_controller_dag.py
[2023-12-22 21:10:52,961] {logging_mixin.py:109} INFO - [2023-12-22 21:10:52,961] {dag.py:2398} INFO - Sync 1 DAGs
[2023-12-22 21:10:52,976] {logging_mixin.py:109} INFO - [2023-12-22 21:10:52,976] {dag.py:2937} INFO - Setting next_dagrun for example_trigger_controller_dag to 2021-01-01T00:00:00+00:00
[2023-12-22 21:10:52,988] {processor.py:171} INFO - Processing /home/airflow/.local/lib/python3.6/site-packages/airflow/example_dags/example_trigger_controller_dag.py took 0.062 seconds
[2023-12-22 21:11:23,267] {processor.py:163} INFO - Started process (PID=4199) to work on /home/airflow/.local/lib/python3.6/site-packages/airflow/example_dags/example_trigger_controller_dag.py
[2023-12-22 21:11:23,269] {processor.py:642} INFO - Processing file /home/airflow/.local/lib/python3.6/site-packages/airflow/example_dags/example_trigger_controller_dag.py for tasks to queue
[2023-12-22 21:11:23,270] {logging_mixin.py:109} INFO - [2023-12-22 21:11:23,270] {dagbag.py:500} INFO - Filling up the DagBag from /home/airflow/.local/lib/python3.6/site-packages/airflow/example_dags/example_trigger_controller_dag.py
[2023-12-22 21:11:23,292] {processor.py:652} INFO - DAG(s) dict_keys(['example_trigger_controller_dag']) retrieved from /home/airflow/.local/lib/python3.6/site-packages/airflow/example_dags/example_trigger_controller_dag.py
[2023-12-22 21:11:23,333] {logging_mixin.py:109} INFO - [2023-12-22 21:11:23,333] {dag.py:2398} INFO - Sync 1 DAGs
[2023-12-22 21:11:23,370] {logging_mixin.py:109} INFO - [2023-12-22 21:11:23,369] {dag.py:2937} INFO - Setting next_dagrun for example_trigger_controller_dag to 2021-01-01T00:00:00+00:00
[2023-12-22 21:11:23,400] {processor.py:171} INFO - Processing /home/airflow/.local/lib/python3.6/site-packages/airflow/example_dags/example_trigger_controller_dag.py took 0.136 seconds
[2023-12-22 21:11:53,834] {processor.py:163} INFO - Started process (PID=4264) to work on /home/airflow/.local/lib/python3.6/site-packages/airflow/example_dags/example_trigger_controller_dag.py
[2023-12-22 21:11:53,836] {processor.py:642} INFO - Processing file /home/airflow/.local/lib/python3.6/site-packages/airflow/example_dags/example_trigger_controller_dag.py for tasks to queue
[2023-12-22 21:11:53,837] {logging_mixin.py:109} INFO - [2023-12-22 21:11:53,837] {dagbag.py:500} INFO - Filling up the DagBag from /home/airflow/.local/lib/python3.6/site-packages/airflow/example_dags/example_trigger_controller_dag.py
[2023-12-22 21:11:53,849] {processor.py:652} INFO - DAG(s) dict_keys(['example_trigger_controller_dag']) retrieved from /home/airflow/.local/lib/python3.6/site-packages/airflow/example_dags/example_trigger_controller_dag.py
[2023-12-22 21:11:53,869] {logging_mixin.py:109} INFO - [2023-12-22 21:11:53,868] {dag.py:2398} INFO - Sync 1 DAGs
[2023-12-22 21:11:53,886] {logging_mixin.py:109} INFO - [2023-12-22 21:11:53,886] {dag.py:2937} INFO - Setting next_dagrun for example_trigger_controller_dag to 2021-01-01T00:00:00+00:00
[2023-12-22 21:11:53,912] {processor.py:171} INFO - Processing /home/airflow/.local/lib/python3.6/site-packages/airflow/example_dags/example_trigger_controller_dag.py took 0.081 seconds
