[2023-12-22 20:40:29,144] {processor.py:163} INFO - Started process (PID=83) to work on /home/airflow/.local/lib/python3.6/site-packages/airflow/example_dags/tutorial_taskflow_api_etl_virtualenv.py
[2023-12-22 20:40:29,145] {processor.py:642} INFO - Processing file /home/airflow/.local/lib/python3.6/site-packages/airflow/example_dags/tutorial_taskflow_api_etl_virtualenv.py for tasks to queue
[2023-12-22 20:40:29,146] {logging_mixin.py:109} INFO - [2023-12-22 20:40:29,146] {dagbag.py:500} INFO - Filling up the DagBag from /home/airflow/.local/lib/python3.6/site-packages/airflow/example_dags/tutorial_taskflow_api_etl_virtualenv.py
[2023-12-22 20:40:29,169] {processor.py:652} INFO - DAG(s) dict_keys(['tutorial_taskflow_api_etl_virtualenv']) retrieved from /home/airflow/.local/lib/python3.6/site-packages/airflow/example_dags/tutorial_taskflow_api_etl_virtualenv.py
[2023-12-22 20:40:29,426] {logging_mixin.py:109} INFO - [2023-12-22 20:40:29,426] {dag.py:2398} INFO - Sync 1 DAGs
[2023-12-22 20:40:29,443] {logging_mixin.py:109} INFO - [2023-12-22 20:40:29,443] {dag.py:2937} INFO - Setting next_dagrun for tutorial_taskflow_api_etl_virtualenv to None
[2023-12-22 20:40:29,458] {processor.py:171} INFO - Processing /home/airflow/.local/lib/python3.6/site-packages/airflow/example_dags/tutorial_taskflow_api_etl_virtualenv.py took 0.316 seconds
[2023-12-22 20:41:00,591] {processor.py:163} INFO - Started process (PID=147) to work on /home/airflow/.local/lib/python3.6/site-packages/airflow/example_dags/tutorial_taskflow_api_etl_virtualenv.py
[2023-12-22 20:41:00,593] {processor.py:642} INFO - Processing file /home/airflow/.local/lib/python3.6/site-packages/airflow/example_dags/tutorial_taskflow_api_etl_virtualenv.py for tasks to queue
[2023-12-22 20:41:00,594] {logging_mixin.py:109} INFO - [2023-12-22 20:41:00,594] {dagbag.py:500} INFO - Filling up the DagBag from /home/airflow/.local/lib/python3.6/site-packages/airflow/example_dags/tutorial_taskflow_api_etl_virtualenv.py
[2023-12-22 20:41:00,619] {processor.py:652} INFO - DAG(s) dict_keys(['tutorial_taskflow_api_etl_virtualenv']) retrieved from /home/airflow/.local/lib/python3.6/site-packages/airflow/example_dags/tutorial_taskflow_api_etl_virtualenv.py
[2023-12-22 20:41:00,968] {logging_mixin.py:109} INFO - [2023-12-22 20:41:00,968] {dag.py:2398} INFO - Sync 1 DAGs
[2023-12-22 20:41:00,990] {logging_mixin.py:109} INFO - [2023-12-22 20:41:00,990] {dag.py:2937} INFO - Setting next_dagrun for tutorial_taskflow_api_etl_virtualenv to None
[2023-12-22 20:41:01,012] {processor.py:171} INFO - Processing /home/airflow/.local/lib/python3.6/site-packages/airflow/example_dags/tutorial_taskflow_api_etl_virtualenv.py took 0.423 seconds
[2023-12-22 20:41:35,566] {processor.py:163} INFO - Started process (PID=221) to work on /home/airflow/.local/lib/python3.6/site-packages/airflow/example_dags/tutorial_taskflow_api_etl_virtualenv.py
[2023-12-22 20:41:35,576] {processor.py:642} INFO - Processing file /home/airflow/.local/lib/python3.6/site-packages/airflow/example_dags/tutorial_taskflow_api_etl_virtualenv.py for tasks to queue
[2023-12-22 20:41:35,577] {logging_mixin.py:109} INFO - [2023-12-22 20:41:35,577] {dagbag.py:500} INFO - Filling up the DagBag from /home/airflow/.local/lib/python3.6/site-packages/airflow/example_dags/tutorial_taskflow_api_etl_virtualenv.py
[2023-12-22 20:41:35,615] {processor.py:652} INFO - DAG(s) dict_keys(['tutorial_taskflow_api_etl_virtualenv']) retrieved from /home/airflow/.local/lib/python3.6/site-packages/airflow/example_dags/tutorial_taskflow_api_etl_virtualenv.py
[2023-12-22 20:41:36,193] {logging_mixin.py:109} INFO - [2023-12-22 20:41:36,193] {dag.py:2398} INFO - Sync 1 DAGs
[2023-12-22 20:41:36,268] {logging_mixin.py:109} INFO - [2023-12-22 20:41:36,268] {dag.py:2937} INFO - Setting next_dagrun for tutorial_taskflow_api_etl_virtualenv to None
[2023-12-22 20:41:36,308] {processor.py:171} INFO - Processing /home/airflow/.local/lib/python3.6/site-packages/airflow/example_dags/tutorial_taskflow_api_etl_virtualenv.py took 0.744 seconds
[2023-12-22 20:42:13,269] {processor.py:163} INFO - Started process (PID=295) to work on /home/airflow/.local/lib/python3.6/site-packages/airflow/example_dags/tutorial_taskflow_api_etl_virtualenv.py
[2023-12-22 20:42:13,275] {processor.py:642} INFO - Processing file /home/airflow/.local/lib/python3.6/site-packages/airflow/example_dags/tutorial_taskflow_api_etl_virtualenv.py for tasks to queue
[2023-12-22 20:42:13,278] {logging_mixin.py:109} INFO - [2023-12-22 20:42:13,277] {dagbag.py:500} INFO - Filling up the DagBag from /home/airflow/.local/lib/python3.6/site-packages/airflow/example_dags/tutorial_taskflow_api_etl_virtualenv.py
[2023-12-22 20:42:13,298] {processor.py:652} INFO - DAG(s) dict_keys(['tutorial_taskflow_api_etl_virtualenv']) retrieved from /home/airflow/.local/lib/python3.6/site-packages/airflow/example_dags/tutorial_taskflow_api_etl_virtualenv.py
[2023-12-22 20:42:13,881] {logging_mixin.py:109} INFO - [2023-12-22 20:42:13,880] {dag.py:2398} INFO - Sync 1 DAGs
[2023-12-22 20:42:13,898] {logging_mixin.py:109} INFO - [2023-12-22 20:42:13,898] {dag.py:2937} INFO - Setting next_dagrun for tutorial_taskflow_api_etl_virtualenv to None
[2023-12-22 20:42:13,913] {processor.py:171} INFO - Processing /home/airflow/.local/lib/python3.6/site-packages/airflow/example_dags/tutorial_taskflow_api_etl_virtualenv.py took 0.647 seconds
[2023-12-22 20:42:47,051] {processor.py:163} INFO - Started process (PID=359) to work on /home/airflow/.local/lib/python3.6/site-packages/airflow/example_dags/tutorial_taskflow_api_etl_virtualenv.py
[2023-12-22 20:42:47,052] {processor.py:642} INFO - Processing file /home/airflow/.local/lib/python3.6/site-packages/airflow/example_dags/tutorial_taskflow_api_etl_virtualenv.py for tasks to queue
[2023-12-22 20:42:47,053] {logging_mixin.py:109} INFO - [2023-12-22 20:42:47,053] {dagbag.py:500} INFO - Filling up the DagBag from /home/airflow/.local/lib/python3.6/site-packages/airflow/example_dags/tutorial_taskflow_api_etl_virtualenv.py
[2023-12-22 20:42:47,074] {processor.py:652} INFO - DAG(s) dict_keys(['tutorial_taskflow_api_etl_virtualenv']) retrieved from /home/airflow/.local/lib/python3.6/site-packages/airflow/example_dags/tutorial_taskflow_api_etl_virtualenv.py
[2023-12-22 20:42:47,864] {logging_mixin.py:109} INFO - [2023-12-22 20:42:47,864] {dag.py:2398} INFO - Sync 1 DAGs
[2023-12-22 20:42:47,892] {logging_mixin.py:109} INFO - [2023-12-22 20:42:47,892] {dag.py:2937} INFO - Setting next_dagrun for tutorial_taskflow_api_etl_virtualenv to None
[2023-12-22 20:42:47,915] {processor.py:171} INFO - Processing /home/airflow/.local/lib/python3.6/site-packages/airflow/example_dags/tutorial_taskflow_api_etl_virtualenv.py took 0.867 seconds
[2023-12-22 20:43:18,718] {processor.py:163} INFO - Started process (PID=434) to work on /home/airflow/.local/lib/python3.6/site-packages/airflow/example_dags/tutorial_taskflow_api_etl_virtualenv.py
[2023-12-22 20:43:18,728] {processor.py:642} INFO - Processing file /home/airflow/.local/lib/python3.6/site-packages/airflow/example_dags/tutorial_taskflow_api_etl_virtualenv.py for tasks to queue
[2023-12-22 20:43:18,731] {logging_mixin.py:109} INFO - [2023-12-22 20:43:18,731] {dagbag.py:500} INFO - Filling up the DagBag from /home/airflow/.local/lib/python3.6/site-packages/airflow/example_dags/tutorial_taskflow_api_etl_virtualenv.py
[2023-12-22 20:43:18,759] {processor.py:652} INFO - DAG(s) dict_keys(['tutorial_taskflow_api_etl_virtualenv']) retrieved from /home/airflow/.local/lib/python3.6/site-packages/airflow/example_dags/tutorial_taskflow_api_etl_virtualenv.py
[2023-12-22 20:43:19,651] {logging_mixin.py:109} INFO - [2023-12-22 20:43:19,651] {dag.py:2398} INFO - Sync 1 DAGs
[2023-12-22 20:43:19,760] {logging_mixin.py:109} INFO - [2023-12-22 20:43:19,760] {dag.py:2937} INFO - Setting next_dagrun for tutorial_taskflow_api_etl_virtualenv to None
[2023-12-22 20:43:19,778] {processor.py:171} INFO - Processing /home/airflow/.local/lib/python3.6/site-packages/airflow/example_dags/tutorial_taskflow_api_etl_virtualenv.py took 1.063 seconds
[2023-12-22 20:43:50,187] {processor.py:163} INFO - Started process (PID=498) to work on /home/airflow/.local/lib/python3.6/site-packages/airflow/example_dags/tutorial_taskflow_api_etl_virtualenv.py
[2023-12-22 20:43:50,189] {processor.py:642} INFO - Processing file /home/airflow/.local/lib/python3.6/site-packages/airflow/example_dags/tutorial_taskflow_api_etl_virtualenv.py for tasks to queue
[2023-12-22 20:43:50,190] {logging_mixin.py:109} INFO - [2023-12-22 20:43:50,190] {dagbag.py:500} INFO - Filling up the DagBag from /home/airflow/.local/lib/python3.6/site-packages/airflow/example_dags/tutorial_taskflow_api_etl_virtualenv.py
[2023-12-22 20:43:50,215] {processor.py:652} INFO - DAG(s) dict_keys(['tutorial_taskflow_api_etl_virtualenv']) retrieved from /home/airflow/.local/lib/python3.6/site-packages/airflow/example_dags/tutorial_taskflow_api_etl_virtualenv.py
[2023-12-22 20:43:50,600] {logging_mixin.py:109} INFO - [2023-12-22 20:43:50,600] {dag.py:2398} INFO - Sync 1 DAGs
[2023-12-22 20:43:50,617] {logging_mixin.py:109} INFO - [2023-12-22 20:43:50,617] {dag.py:2937} INFO - Setting next_dagrun for tutorial_taskflow_api_etl_virtualenv to None
[2023-12-22 20:43:50,631] {processor.py:171} INFO - Processing /home/airflow/.local/lib/python3.6/site-packages/airflow/example_dags/tutorial_taskflow_api_etl_virtualenv.py took 0.448 seconds
[2023-12-22 20:44:20,725] {processor.py:163} INFO - Started process (PID=573) to work on /home/airflow/.local/lib/python3.6/site-packages/airflow/example_dags/tutorial_taskflow_api_etl_virtualenv.py
[2023-12-22 20:44:20,727] {processor.py:642} INFO - Processing file /home/airflow/.local/lib/python3.6/site-packages/airflow/example_dags/tutorial_taskflow_api_etl_virtualenv.py for tasks to queue
[2023-12-22 20:44:20,728] {logging_mixin.py:109} INFO - [2023-12-22 20:44:20,728] {dagbag.py:500} INFO - Filling up the DagBag from /home/airflow/.local/lib/python3.6/site-packages/airflow/example_dags/tutorial_taskflow_api_etl_virtualenv.py
[2023-12-22 20:44:20,761] {processor.py:652} INFO - DAG(s) dict_keys(['tutorial_taskflow_api_etl_virtualenv']) retrieved from /home/airflow/.local/lib/python3.6/site-packages/airflow/example_dags/tutorial_taskflow_api_etl_virtualenv.py
[2023-12-22 20:44:21,203] {logging_mixin.py:109} INFO - [2023-12-22 20:44:21,202] {dag.py:2398} INFO - Sync 1 DAGs
[2023-12-22 20:44:21,226] {logging_mixin.py:109} INFO - [2023-12-22 20:44:21,226] {dag.py:2937} INFO - Setting next_dagrun for tutorial_taskflow_api_etl_virtualenv to None
[2023-12-22 20:44:21,245] {processor.py:171} INFO - Processing /home/airflow/.local/lib/python3.6/site-packages/airflow/example_dags/tutorial_taskflow_api_etl_virtualenv.py took 0.525 seconds
[2023-12-22 20:44:51,318] {processor.py:163} INFO - Started process (PID=637) to work on /home/airflow/.local/lib/python3.6/site-packages/airflow/example_dags/tutorial_taskflow_api_etl_virtualenv.py
[2023-12-22 20:44:51,329] {processor.py:642} INFO - Processing file /home/airflow/.local/lib/python3.6/site-packages/airflow/example_dags/tutorial_taskflow_api_etl_virtualenv.py for tasks to queue
[2023-12-22 20:44:51,331] {logging_mixin.py:109} INFO - [2023-12-22 20:44:51,331] {dagbag.py:500} INFO - Filling up the DagBag from /home/airflow/.local/lib/python3.6/site-packages/airflow/example_dags/tutorial_taskflow_api_etl_virtualenv.py
[2023-12-22 20:44:51,370] {processor.py:652} INFO - DAG(s) dict_keys(['tutorial_taskflow_api_etl_virtualenv']) retrieved from /home/airflow/.local/lib/python3.6/site-packages/airflow/example_dags/tutorial_taskflow_api_etl_virtualenv.py
[2023-12-22 20:44:51,702] {logging_mixin.py:109} INFO - [2023-12-22 20:44:51,701] {dag.py:2398} INFO - Sync 1 DAGs
[2023-12-22 20:44:51,714] {logging_mixin.py:109} INFO - [2023-12-22 20:44:51,714] {dag.py:2937} INFO - Setting next_dagrun for tutorial_taskflow_api_etl_virtualenv to None
[2023-12-22 20:44:51,763] {processor.py:171} INFO - Processing /home/airflow/.local/lib/python3.6/site-packages/airflow/example_dags/tutorial_taskflow_api_etl_virtualenv.py took 0.447 seconds
[2023-12-22 20:45:22,531] {processor.py:163} INFO - Started process (PID=710) to work on /home/airflow/.local/lib/python3.6/site-packages/airflow/example_dags/tutorial_taskflow_api_etl_virtualenv.py
[2023-12-22 20:45:22,533] {processor.py:642} INFO - Processing file /home/airflow/.local/lib/python3.6/site-packages/airflow/example_dags/tutorial_taskflow_api_etl_virtualenv.py for tasks to queue
[2023-12-22 20:45:22,534] {logging_mixin.py:109} INFO - [2023-12-22 20:45:22,533] {dagbag.py:500} INFO - Filling up the DagBag from /home/airflow/.local/lib/python3.6/site-packages/airflow/example_dags/tutorial_taskflow_api_etl_virtualenv.py
[2023-12-22 20:45:22,557] {processor.py:652} INFO - DAG(s) dict_keys(['tutorial_taskflow_api_etl_virtualenv']) retrieved from /home/airflow/.local/lib/python3.6/site-packages/airflow/example_dags/tutorial_taskflow_api_etl_virtualenv.py
[2023-12-22 20:45:22,919] {logging_mixin.py:109} INFO - [2023-12-22 20:45:22,919] {dag.py:2398} INFO - Sync 1 DAGs
[2023-12-22 20:45:22,935] {logging_mixin.py:109} INFO - [2023-12-22 20:45:22,935] {dag.py:2937} INFO - Setting next_dagrun for tutorial_taskflow_api_etl_virtualenv to None
[2023-12-22 20:45:22,949] {processor.py:171} INFO - Processing /home/airflow/.local/lib/python3.6/site-packages/airflow/example_dags/tutorial_taskflow_api_etl_virtualenv.py took 0.421 seconds
[2023-12-22 20:45:53,253] {processor.py:163} INFO - Started process (PID=775) to work on /home/airflow/.local/lib/python3.6/site-packages/airflow/example_dags/tutorial_taskflow_api_etl_virtualenv.py
[2023-12-22 20:45:53,282] {processor.py:642} INFO - Processing file /home/airflow/.local/lib/python3.6/site-packages/airflow/example_dags/tutorial_taskflow_api_etl_virtualenv.py for tasks to queue
[2023-12-22 20:45:53,284] {logging_mixin.py:109} INFO - [2023-12-22 20:45:53,284] {dagbag.py:500} INFO - Filling up the DagBag from /home/airflow/.local/lib/python3.6/site-packages/airflow/example_dags/tutorial_taskflow_api_etl_virtualenv.py
[2023-12-22 20:45:53,445] {processor.py:652} INFO - DAG(s) dict_keys(['tutorial_taskflow_api_etl_virtualenv']) retrieved from /home/airflow/.local/lib/python3.6/site-packages/airflow/example_dags/tutorial_taskflow_api_etl_virtualenv.py
[2023-12-22 20:45:53,910] {logging_mixin.py:109} INFO - [2023-12-22 20:45:53,909] {dag.py:2398} INFO - Sync 1 DAGs
[2023-12-22 20:45:53,926] {logging_mixin.py:109} INFO - [2023-12-22 20:45:53,926] {dag.py:2937} INFO - Setting next_dagrun for tutorial_taskflow_api_etl_virtualenv to None
[2023-12-22 20:45:53,969] {processor.py:171} INFO - Processing /home/airflow/.local/lib/python3.6/site-packages/airflow/example_dags/tutorial_taskflow_api_etl_virtualenv.py took 0.719 seconds
[2023-12-22 20:46:24,480] {processor.py:163} INFO - Started process (PID=848) to work on /home/airflow/.local/lib/python3.6/site-packages/airflow/example_dags/tutorial_taskflow_api_etl_virtualenv.py
[2023-12-22 20:46:24,481] {processor.py:642} INFO - Processing file /home/airflow/.local/lib/python3.6/site-packages/airflow/example_dags/tutorial_taskflow_api_etl_virtualenv.py for tasks to queue
[2023-12-22 20:46:24,482] {logging_mixin.py:109} INFO - [2023-12-22 20:46:24,481] {dagbag.py:500} INFO - Filling up the DagBag from /home/airflow/.local/lib/python3.6/site-packages/airflow/example_dags/tutorial_taskflow_api_etl_virtualenv.py
[2023-12-22 20:46:24,566] {processor.py:652} INFO - DAG(s) dict_keys(['tutorial_taskflow_api_etl_virtualenv']) retrieved from /home/airflow/.local/lib/python3.6/site-packages/airflow/example_dags/tutorial_taskflow_api_etl_virtualenv.py
[2023-12-22 20:46:24,759] {logging_mixin.py:109} INFO - [2023-12-22 20:46:24,759] {dag.py:2398} INFO - Sync 1 DAGs
[2023-12-22 20:46:24,804] {logging_mixin.py:109} INFO - [2023-12-22 20:46:24,804] {dag.py:2937} INFO - Setting next_dagrun for tutorial_taskflow_api_etl_virtualenv to None
[2023-12-22 20:46:24,814] {processor.py:171} INFO - Processing /home/airflow/.local/lib/python3.6/site-packages/airflow/example_dags/tutorial_taskflow_api_etl_virtualenv.py took 0.336 seconds
[2023-12-22 20:46:55,131] {processor.py:163} INFO - Started process (PID=912) to work on /home/airflow/.local/lib/python3.6/site-packages/airflow/example_dags/tutorial_taskflow_api_etl_virtualenv.py
[2023-12-22 20:46:55,134] {processor.py:642} INFO - Processing file /home/airflow/.local/lib/python3.6/site-packages/airflow/example_dags/tutorial_taskflow_api_etl_virtualenv.py for tasks to queue
[2023-12-22 20:46:55,136] {logging_mixin.py:109} INFO - [2023-12-22 20:46:55,135] {dagbag.py:500} INFO - Filling up the DagBag from /home/airflow/.local/lib/python3.6/site-packages/airflow/example_dags/tutorial_taskflow_api_etl_virtualenv.py
[2023-12-22 20:46:55,301] {processor.py:652} INFO - DAG(s) dict_keys(['tutorial_taskflow_api_etl_virtualenv']) retrieved from /home/airflow/.local/lib/python3.6/site-packages/airflow/example_dags/tutorial_taskflow_api_etl_virtualenv.py
[2023-12-22 20:46:55,574] {logging_mixin.py:109} INFO - [2023-12-22 20:46:55,574] {dag.py:2398} INFO - Sync 1 DAGs
[2023-12-22 20:46:55,592] {logging_mixin.py:109} INFO - [2023-12-22 20:46:55,592] {dag.py:2937} INFO - Setting next_dagrun for tutorial_taskflow_api_etl_virtualenv to None
[2023-12-22 20:46:55,608] {processor.py:171} INFO - Processing /home/airflow/.local/lib/python3.6/site-packages/airflow/example_dags/tutorial_taskflow_api_etl_virtualenv.py took 0.481 seconds
[2023-12-22 20:47:25,703] {processor.py:163} INFO - Started process (PID=985) to work on /home/airflow/.local/lib/python3.6/site-packages/airflow/example_dags/tutorial_taskflow_api_etl_virtualenv.py
[2023-12-22 20:47:25,704] {processor.py:642} INFO - Processing file /home/airflow/.local/lib/python3.6/site-packages/airflow/example_dags/tutorial_taskflow_api_etl_virtualenv.py for tasks to queue
[2023-12-22 20:47:25,704] {logging_mixin.py:109} INFO - [2023-12-22 20:47:25,704] {dagbag.py:500} INFO - Filling up the DagBag from /home/airflow/.local/lib/python3.6/site-packages/airflow/example_dags/tutorial_taskflow_api_etl_virtualenv.py
[2023-12-22 20:47:25,812] {processor.py:652} INFO - DAG(s) dict_keys(['tutorial_taskflow_api_etl_virtualenv']) retrieved from /home/airflow/.local/lib/python3.6/site-packages/airflow/example_dags/tutorial_taskflow_api_etl_virtualenv.py
[2023-12-22 20:47:26,082] {logging_mixin.py:109} INFO - [2023-12-22 20:47:26,082] {dag.py:2398} INFO - Sync 1 DAGs
[2023-12-22 20:47:26,096] {logging_mixin.py:109} INFO - [2023-12-22 20:47:26,096] {dag.py:2937} INFO - Setting next_dagrun for tutorial_taskflow_api_etl_virtualenv to None
[2023-12-22 20:47:26,106] {processor.py:171} INFO - Processing /home/airflow/.local/lib/python3.6/site-packages/airflow/example_dags/tutorial_taskflow_api_etl_virtualenv.py took 0.405 seconds
[2023-12-22 20:47:56,159] {processor.py:163} INFO - Started process (PID=1050) to work on /home/airflow/.local/lib/python3.6/site-packages/airflow/example_dags/tutorial_taskflow_api_etl_virtualenv.py
[2023-12-22 20:47:56,160] {processor.py:642} INFO - Processing file /home/airflow/.local/lib/python3.6/site-packages/airflow/example_dags/tutorial_taskflow_api_etl_virtualenv.py for tasks to queue
[2023-12-22 20:47:56,161] {logging_mixin.py:109} INFO - [2023-12-22 20:47:56,161] {dagbag.py:500} INFO - Filling up the DagBag from /home/airflow/.local/lib/python3.6/site-packages/airflow/example_dags/tutorial_taskflow_api_etl_virtualenv.py
[2023-12-22 20:47:56,260] {processor.py:652} INFO - DAG(s) dict_keys(['tutorial_taskflow_api_etl_virtualenv']) retrieved from /home/airflow/.local/lib/python3.6/site-packages/airflow/example_dags/tutorial_taskflow_api_etl_virtualenv.py
[2023-12-22 20:47:56,418] {logging_mixin.py:109} INFO - [2023-12-22 20:47:56,418] {dag.py:2398} INFO - Sync 1 DAGs
[2023-12-22 20:47:56,428] {logging_mixin.py:109} INFO - [2023-12-22 20:47:56,428] {dag.py:2937} INFO - Setting next_dagrun for tutorial_taskflow_api_etl_virtualenv to None
[2023-12-22 20:47:56,435] {processor.py:171} INFO - Processing /home/airflow/.local/lib/python3.6/site-packages/airflow/example_dags/tutorial_taskflow_api_etl_virtualenv.py took 0.280 seconds
[2023-12-22 20:48:26,755] {processor.py:163} INFO - Started process (PID=1126) to work on /home/airflow/.local/lib/python3.6/site-packages/airflow/example_dags/tutorial_taskflow_api_etl_virtualenv.py
[2023-12-22 20:48:26,757] {processor.py:642} INFO - Processing file /home/airflow/.local/lib/python3.6/site-packages/airflow/example_dags/tutorial_taskflow_api_etl_virtualenv.py for tasks to queue
[2023-12-22 20:48:26,757] {logging_mixin.py:109} INFO - [2023-12-22 20:48:26,757] {dagbag.py:500} INFO - Filling up the DagBag from /home/airflow/.local/lib/python3.6/site-packages/airflow/example_dags/tutorial_taskflow_api_etl_virtualenv.py
[2023-12-22 20:48:26,847] {processor.py:652} INFO - DAG(s) dict_keys(['tutorial_taskflow_api_etl_virtualenv']) retrieved from /home/airflow/.local/lib/python3.6/site-packages/airflow/example_dags/tutorial_taskflow_api_etl_virtualenv.py
[2023-12-22 20:48:27,035] {logging_mixin.py:109} INFO - [2023-12-22 20:48:27,035] {dag.py:2398} INFO - Sync 1 DAGs
[2023-12-22 20:48:27,049] {logging_mixin.py:109} INFO - [2023-12-22 20:48:27,049] {dag.py:2937} INFO - Setting next_dagrun for tutorial_taskflow_api_etl_virtualenv to None
[2023-12-22 20:48:27,058] {processor.py:171} INFO - Processing /home/airflow/.local/lib/python3.6/site-packages/airflow/example_dags/tutorial_taskflow_api_etl_virtualenv.py took 0.305 seconds
[2023-12-22 20:48:57,530] {processor.py:163} INFO - Started process (PID=1187) to work on /home/airflow/.local/lib/python3.6/site-packages/airflow/example_dags/tutorial_taskflow_api_etl_virtualenv.py
[2023-12-22 20:48:57,531] {processor.py:642} INFO - Processing file /home/airflow/.local/lib/python3.6/site-packages/airflow/example_dags/tutorial_taskflow_api_etl_virtualenv.py for tasks to queue
[2023-12-22 20:48:57,532] {logging_mixin.py:109} INFO - [2023-12-22 20:48:57,532] {dagbag.py:500} INFO - Filling up the DagBag from /home/airflow/.local/lib/python3.6/site-packages/airflow/example_dags/tutorial_taskflow_api_etl_virtualenv.py
[2023-12-22 20:48:57,610] {processor.py:652} INFO - DAG(s) dict_keys(['tutorial_taskflow_api_etl_virtualenv']) retrieved from /home/airflow/.local/lib/python3.6/site-packages/airflow/example_dags/tutorial_taskflow_api_etl_virtualenv.py
[2023-12-22 20:48:57,799] {logging_mixin.py:109} INFO - [2023-12-22 20:48:57,799] {dag.py:2398} INFO - Sync 1 DAGs
[2023-12-22 20:48:57,811] {logging_mixin.py:109} INFO - [2023-12-22 20:48:57,811] {dag.py:2937} INFO - Setting next_dagrun for tutorial_taskflow_api_etl_virtualenv to None
[2023-12-22 20:48:57,823] {processor.py:171} INFO - Processing /home/airflow/.local/lib/python3.6/site-packages/airflow/example_dags/tutorial_taskflow_api_etl_virtualenv.py took 0.296 seconds
[2023-12-22 20:49:28,611] {processor.py:163} INFO - Started process (PID=1261) to work on /home/airflow/.local/lib/python3.6/site-packages/airflow/example_dags/tutorial_taskflow_api_etl_virtualenv.py
[2023-12-22 20:49:28,612] {processor.py:642} INFO - Processing file /home/airflow/.local/lib/python3.6/site-packages/airflow/example_dags/tutorial_taskflow_api_etl_virtualenv.py for tasks to queue
[2023-12-22 20:49:28,613] {logging_mixin.py:109} INFO - [2023-12-22 20:49:28,613] {dagbag.py:500} INFO - Filling up the DagBag from /home/airflow/.local/lib/python3.6/site-packages/airflow/example_dags/tutorial_taskflow_api_etl_virtualenv.py
[2023-12-22 20:49:28,698] {processor.py:652} INFO - DAG(s) dict_keys(['tutorial_taskflow_api_etl_virtualenv']) retrieved from /home/airflow/.local/lib/python3.6/site-packages/airflow/example_dags/tutorial_taskflow_api_etl_virtualenv.py
[2023-12-22 20:49:28,940] {logging_mixin.py:109} INFO - [2023-12-22 20:49:28,939] {dag.py:2398} INFO - Sync 1 DAGs
[2023-12-22 20:49:28,954] {logging_mixin.py:109} INFO - [2023-12-22 20:49:28,953] {dag.py:2937} INFO - Setting next_dagrun for tutorial_taskflow_api_etl_virtualenv to None
[2023-12-22 20:49:28,964] {processor.py:171} INFO - Processing /home/airflow/.local/lib/python3.6/site-packages/airflow/example_dags/tutorial_taskflow_api_etl_virtualenv.py took 0.356 seconds
[2023-12-22 20:49:59,586] {processor.py:163} INFO - Started process (PID=1325) to work on /home/airflow/.local/lib/python3.6/site-packages/airflow/example_dags/tutorial_taskflow_api_etl_virtualenv.py
[2023-12-22 20:49:59,588] {processor.py:642} INFO - Processing file /home/airflow/.local/lib/python3.6/site-packages/airflow/example_dags/tutorial_taskflow_api_etl_virtualenv.py for tasks to queue
[2023-12-22 20:49:59,589] {logging_mixin.py:109} INFO - [2023-12-22 20:49:59,588] {dagbag.py:500} INFO - Filling up the DagBag from /home/airflow/.local/lib/python3.6/site-packages/airflow/example_dags/tutorial_taskflow_api_etl_virtualenv.py
[2023-12-22 20:49:59,608] {processor.py:652} INFO - DAG(s) dict_keys(['tutorial_taskflow_api_etl_virtualenv']) retrieved from /home/airflow/.local/lib/python3.6/site-packages/airflow/example_dags/tutorial_taskflow_api_etl_virtualenv.py
[2023-12-22 20:49:59,945] {logging_mixin.py:109} INFO - [2023-12-22 20:49:59,944] {dag.py:2398} INFO - Sync 1 DAGs
[2023-12-22 20:49:59,966] {logging_mixin.py:109} INFO - [2023-12-22 20:49:59,966] {dag.py:2937} INFO - Setting next_dagrun for tutorial_taskflow_api_etl_virtualenv to None
[2023-12-22 20:49:59,982] {processor.py:171} INFO - Processing /home/airflow/.local/lib/python3.6/site-packages/airflow/example_dags/tutorial_taskflow_api_etl_virtualenv.py took 0.399 seconds
[2023-12-22 20:50:30,607] {processor.py:163} INFO - Started process (PID=1399) to work on /home/airflow/.local/lib/python3.6/site-packages/airflow/example_dags/tutorial_taskflow_api_etl_virtualenv.py
[2023-12-22 20:50:30,609] {processor.py:642} INFO - Processing file /home/airflow/.local/lib/python3.6/site-packages/airflow/example_dags/tutorial_taskflow_api_etl_virtualenv.py for tasks to queue
[2023-12-22 20:50:30,610] {logging_mixin.py:109} INFO - [2023-12-22 20:50:30,610] {dagbag.py:500} INFO - Filling up the DagBag from /home/airflow/.local/lib/python3.6/site-packages/airflow/example_dags/tutorial_taskflow_api_etl_virtualenv.py
[2023-12-22 20:50:30,630] {processor.py:652} INFO - DAG(s) dict_keys(['tutorial_taskflow_api_etl_virtualenv']) retrieved from /home/airflow/.local/lib/python3.6/site-packages/airflow/example_dags/tutorial_taskflow_api_etl_virtualenv.py
[2023-12-22 20:50:30,814] {logging_mixin.py:109} INFO - [2023-12-22 20:50:30,814] {dag.py:2398} INFO - Sync 1 DAGs
[2023-12-22 20:50:30,829] {logging_mixin.py:109} INFO - [2023-12-22 20:50:30,829] {dag.py:2937} INFO - Setting next_dagrun for tutorial_taskflow_api_etl_virtualenv to None
[2023-12-22 20:50:30,839] {processor.py:171} INFO - Processing /home/airflow/.local/lib/python3.6/site-packages/airflow/example_dags/tutorial_taskflow_api_etl_virtualenv.py took 0.235 seconds
[2023-12-22 20:51:01,193] {processor.py:163} INFO - Started process (PID=1469) to work on /home/airflow/.local/lib/python3.6/site-packages/airflow/example_dags/tutorial_taskflow_api_etl_virtualenv.py
[2023-12-22 20:51:01,194] {processor.py:642} INFO - Processing file /home/airflow/.local/lib/python3.6/site-packages/airflow/example_dags/tutorial_taskflow_api_etl_virtualenv.py for tasks to queue
[2023-12-22 20:51:01,195] {logging_mixin.py:109} INFO - [2023-12-22 20:51:01,195] {dagbag.py:500} INFO - Filling up the DagBag from /home/airflow/.local/lib/python3.6/site-packages/airflow/example_dags/tutorial_taskflow_api_etl_virtualenv.py
[2023-12-22 20:51:01,219] {processor.py:652} INFO - DAG(s) dict_keys(['tutorial_taskflow_api_etl_virtualenv']) retrieved from /home/airflow/.local/lib/python3.6/site-packages/airflow/example_dags/tutorial_taskflow_api_etl_virtualenv.py
[2023-12-22 20:51:01,417] {logging_mixin.py:109} INFO - [2023-12-22 20:51:01,417] {dag.py:2398} INFO - Sync 1 DAGs
[2023-12-22 20:51:01,431] {logging_mixin.py:109} INFO - [2023-12-22 20:51:01,431] {dag.py:2937} INFO - Setting next_dagrun for tutorial_taskflow_api_etl_virtualenv to None
[2023-12-22 20:51:01,443] {processor.py:171} INFO - Processing /home/airflow/.local/lib/python3.6/site-packages/airflow/example_dags/tutorial_taskflow_api_etl_virtualenv.py took 0.253 seconds
[2023-12-22 20:51:31,557] {processor.py:163} INFO - Started process (PID=1536) to work on /home/airflow/.local/lib/python3.6/site-packages/airflow/example_dags/tutorial_taskflow_api_etl_virtualenv.py
[2023-12-22 20:51:31,559] {processor.py:642} INFO - Processing file /home/airflow/.local/lib/python3.6/site-packages/airflow/example_dags/tutorial_taskflow_api_etl_virtualenv.py for tasks to queue
[2023-12-22 20:51:31,560] {logging_mixin.py:109} INFO - [2023-12-22 20:51:31,560] {dagbag.py:500} INFO - Filling up the DagBag from /home/airflow/.local/lib/python3.6/site-packages/airflow/example_dags/tutorial_taskflow_api_etl_virtualenv.py
[2023-12-22 20:51:31,584] {processor.py:652} INFO - DAG(s) dict_keys(['tutorial_taskflow_api_etl_virtualenv']) retrieved from /home/airflow/.local/lib/python3.6/site-packages/airflow/example_dags/tutorial_taskflow_api_etl_virtualenv.py
[2023-12-22 20:51:31,748] {logging_mixin.py:109} INFO - [2023-12-22 20:51:31,748] {dag.py:2398} INFO - Sync 1 DAGs
[2023-12-22 20:51:31,761] {logging_mixin.py:109} INFO - [2023-12-22 20:51:31,761] {dag.py:2937} INFO - Setting next_dagrun for tutorial_taskflow_api_etl_virtualenv to None
[2023-12-22 20:51:31,791] {processor.py:171} INFO - Processing /home/airflow/.local/lib/python3.6/site-packages/airflow/example_dags/tutorial_taskflow_api_etl_virtualenv.py took 0.236 seconds
[2023-12-22 20:52:02,309] {processor.py:163} INFO - Started process (PID=1611) to work on /home/airflow/.local/lib/python3.6/site-packages/airflow/example_dags/tutorial_taskflow_api_etl_virtualenv.py
[2023-12-22 20:52:02,314] {processor.py:642} INFO - Processing file /home/airflow/.local/lib/python3.6/site-packages/airflow/example_dags/tutorial_taskflow_api_etl_virtualenv.py for tasks to queue
[2023-12-22 20:52:02,321] {logging_mixin.py:109} INFO - [2023-12-22 20:52:02,321] {dagbag.py:500} INFO - Filling up the DagBag from /home/airflow/.local/lib/python3.6/site-packages/airflow/example_dags/tutorial_taskflow_api_etl_virtualenv.py
[2023-12-22 20:52:02,357] {processor.py:652} INFO - DAG(s) dict_keys(['tutorial_taskflow_api_etl_virtualenv']) retrieved from /home/airflow/.local/lib/python3.6/site-packages/airflow/example_dags/tutorial_taskflow_api_etl_virtualenv.py
[2023-12-22 20:52:02,567] {logging_mixin.py:109} INFO - [2023-12-22 20:52:02,567] {dag.py:2398} INFO - Sync 1 DAGs
[2023-12-22 20:52:02,594] {logging_mixin.py:109} INFO - [2023-12-22 20:52:02,594] {dag.py:2937} INFO - Setting next_dagrun for tutorial_taskflow_api_etl_virtualenv to None
[2023-12-22 20:52:02,625] {processor.py:171} INFO - Processing /home/airflow/.local/lib/python3.6/site-packages/airflow/example_dags/tutorial_taskflow_api_etl_virtualenv.py took 0.319 seconds
[2023-12-22 20:52:33,068] {processor.py:163} INFO - Started process (PID=1675) to work on /home/airflow/.local/lib/python3.6/site-packages/airflow/example_dags/tutorial_taskflow_api_etl_virtualenv.py
[2023-12-22 20:52:33,069] {processor.py:642} INFO - Processing file /home/airflow/.local/lib/python3.6/site-packages/airflow/example_dags/tutorial_taskflow_api_etl_virtualenv.py for tasks to queue
[2023-12-22 20:52:33,070] {logging_mixin.py:109} INFO - [2023-12-22 20:52:33,070] {dagbag.py:500} INFO - Filling up the DagBag from /home/airflow/.local/lib/python3.6/site-packages/airflow/example_dags/tutorial_taskflow_api_etl_virtualenv.py
[2023-12-22 20:52:33,091] {processor.py:652} INFO - DAG(s) dict_keys(['tutorial_taskflow_api_etl_virtualenv']) retrieved from /home/airflow/.local/lib/python3.6/site-packages/airflow/example_dags/tutorial_taskflow_api_etl_virtualenv.py
[2023-12-22 20:52:33,274] {logging_mixin.py:109} INFO - [2023-12-22 20:52:33,274] {dag.py:2398} INFO - Sync 1 DAGs
[2023-12-22 20:52:33,291] {logging_mixin.py:109} INFO - [2023-12-22 20:52:33,291] {dag.py:2937} INFO - Setting next_dagrun for tutorial_taskflow_api_etl_virtualenv to None
[2023-12-22 20:52:33,300] {processor.py:171} INFO - Processing /home/airflow/.local/lib/python3.6/site-packages/airflow/example_dags/tutorial_taskflow_api_etl_virtualenv.py took 0.236 seconds
[2023-12-22 20:53:03,583] {processor.py:163} INFO - Started process (PID=1749) to work on /home/airflow/.local/lib/python3.6/site-packages/airflow/example_dags/tutorial_taskflow_api_etl_virtualenv.py
[2023-12-22 20:53:03,585] {processor.py:642} INFO - Processing file /home/airflow/.local/lib/python3.6/site-packages/airflow/example_dags/tutorial_taskflow_api_etl_virtualenv.py for tasks to queue
[2023-12-22 20:53:03,586] {logging_mixin.py:109} INFO - [2023-12-22 20:53:03,586] {dagbag.py:500} INFO - Filling up the DagBag from /home/airflow/.local/lib/python3.6/site-packages/airflow/example_dags/tutorial_taskflow_api_etl_virtualenv.py
[2023-12-22 20:53:03,613] {processor.py:652} INFO - DAG(s) dict_keys(['tutorial_taskflow_api_etl_virtualenv']) retrieved from /home/airflow/.local/lib/python3.6/site-packages/airflow/example_dags/tutorial_taskflow_api_etl_virtualenv.py
[2023-12-22 20:53:03,904] {logging_mixin.py:109} INFO - [2023-12-22 20:53:03,903] {dag.py:2398} INFO - Sync 1 DAGs
[2023-12-22 20:53:03,930] {logging_mixin.py:109} INFO - [2023-12-22 20:53:03,930] {dag.py:2937} INFO - Setting next_dagrun for tutorial_taskflow_api_etl_virtualenv to None
[2023-12-22 20:53:03,948] {processor.py:171} INFO - Processing /home/airflow/.local/lib/python3.6/site-packages/airflow/example_dags/tutorial_taskflow_api_etl_virtualenv.py took 0.370 seconds
[2023-12-22 20:53:34,464] {processor.py:163} INFO - Started process (PID=1813) to work on /home/airflow/.local/lib/python3.6/site-packages/airflow/example_dags/tutorial_taskflow_api_etl_virtualenv.py
[2023-12-22 20:53:34,465] {processor.py:642} INFO - Processing file /home/airflow/.local/lib/python3.6/site-packages/airflow/example_dags/tutorial_taskflow_api_etl_virtualenv.py for tasks to queue
[2023-12-22 20:53:34,465] {logging_mixin.py:109} INFO - [2023-12-22 20:53:34,465] {dagbag.py:500} INFO - Filling up the DagBag from /home/airflow/.local/lib/python3.6/site-packages/airflow/example_dags/tutorial_taskflow_api_etl_virtualenv.py
[2023-12-22 20:53:34,481] {processor.py:652} INFO - DAG(s) dict_keys(['tutorial_taskflow_api_etl_virtualenv']) retrieved from /home/airflow/.local/lib/python3.6/site-packages/airflow/example_dags/tutorial_taskflow_api_etl_virtualenv.py
[2023-12-22 20:53:34,674] {logging_mixin.py:109} INFO - [2023-12-22 20:53:34,674] {dag.py:2398} INFO - Sync 1 DAGs
[2023-12-22 20:53:34,695] {logging_mixin.py:109} INFO - [2023-12-22 20:53:34,695] {dag.py:2937} INFO - Setting next_dagrun for tutorial_taskflow_api_etl_virtualenv to None
[2023-12-22 20:53:34,722] {processor.py:171} INFO - Processing /home/airflow/.local/lib/python3.6/site-packages/airflow/example_dags/tutorial_taskflow_api_etl_virtualenv.py took 0.261 seconds
[2023-12-22 20:54:05,487] {processor.py:163} INFO - Started process (PID=1887) to work on /home/airflow/.local/lib/python3.6/site-packages/airflow/example_dags/tutorial_taskflow_api_etl_virtualenv.py
[2023-12-22 20:54:05,488] {processor.py:642} INFO - Processing file /home/airflow/.local/lib/python3.6/site-packages/airflow/example_dags/tutorial_taskflow_api_etl_virtualenv.py for tasks to queue
[2023-12-22 20:54:05,489] {logging_mixin.py:109} INFO - [2023-12-22 20:54:05,489] {dagbag.py:500} INFO - Filling up the DagBag from /home/airflow/.local/lib/python3.6/site-packages/airflow/example_dags/tutorial_taskflow_api_etl_virtualenv.py
[2023-12-22 20:54:05,505] {processor.py:652} INFO - DAG(s) dict_keys(['tutorial_taskflow_api_etl_virtualenv']) retrieved from /home/airflow/.local/lib/python3.6/site-packages/airflow/example_dags/tutorial_taskflow_api_etl_virtualenv.py
[2023-12-22 20:54:05,757] {logging_mixin.py:109} INFO - [2023-12-22 20:54:05,757] {dag.py:2398} INFO - Sync 1 DAGs
[2023-12-22 20:54:05,775] {logging_mixin.py:109} INFO - [2023-12-22 20:54:05,775] {dag.py:2937} INFO - Setting next_dagrun for tutorial_taskflow_api_etl_virtualenv to None
[2023-12-22 20:54:05,787] {processor.py:171} INFO - Processing /home/airflow/.local/lib/python3.6/site-packages/airflow/example_dags/tutorial_taskflow_api_etl_virtualenv.py took 0.303 seconds
[2023-12-22 20:54:36,534] {processor.py:163} INFO - Started process (PID=1950) to work on /home/airflow/.local/lib/python3.6/site-packages/airflow/example_dags/tutorial_taskflow_api_etl_virtualenv.py
[2023-12-22 20:54:36,536] {processor.py:642} INFO - Processing file /home/airflow/.local/lib/python3.6/site-packages/airflow/example_dags/tutorial_taskflow_api_etl_virtualenv.py for tasks to queue
[2023-12-22 20:54:36,536] {logging_mixin.py:109} INFO - [2023-12-22 20:54:36,536] {dagbag.py:500} INFO - Filling up the DagBag from /home/airflow/.local/lib/python3.6/site-packages/airflow/example_dags/tutorial_taskflow_api_etl_virtualenv.py
[2023-12-22 20:54:36,552] {processor.py:652} INFO - DAG(s) dict_keys(['tutorial_taskflow_api_etl_virtualenv']) retrieved from /home/airflow/.local/lib/python3.6/site-packages/airflow/example_dags/tutorial_taskflow_api_etl_virtualenv.py
[2023-12-22 20:54:36,738] {logging_mixin.py:109} INFO - [2023-12-22 20:54:36,737] {dag.py:2398} INFO - Sync 1 DAGs
[2023-12-22 20:54:36,753] {logging_mixin.py:109} INFO - [2023-12-22 20:54:36,753] {dag.py:2937} INFO - Setting next_dagrun for tutorial_taskflow_api_etl_virtualenv to None
[2023-12-22 20:54:36,782] {processor.py:171} INFO - Processing /home/airflow/.local/lib/python3.6/site-packages/airflow/example_dags/tutorial_taskflow_api_etl_virtualenv.py took 0.250 seconds
[2023-12-22 20:55:06,869] {processor.py:163} INFO - Started process (PID=2013) to work on /home/airflow/.local/lib/python3.6/site-packages/airflow/example_dags/tutorial_taskflow_api_etl_virtualenv.py
[2023-12-22 20:55:06,871] {processor.py:642} INFO - Processing file /home/airflow/.local/lib/python3.6/site-packages/airflow/example_dags/tutorial_taskflow_api_etl_virtualenv.py for tasks to queue
[2023-12-22 20:55:06,872] {logging_mixin.py:109} INFO - [2023-12-22 20:55:06,872] {dagbag.py:500} INFO - Filling up the DagBag from /home/airflow/.local/lib/python3.6/site-packages/airflow/example_dags/tutorial_taskflow_api_etl_virtualenv.py
[2023-12-22 20:55:06,899] {processor.py:652} INFO - DAG(s) dict_keys(['tutorial_taskflow_api_etl_virtualenv']) retrieved from /home/airflow/.local/lib/python3.6/site-packages/airflow/example_dags/tutorial_taskflow_api_etl_virtualenv.py
[2023-12-22 20:55:07,213] {logging_mixin.py:109} INFO - [2023-12-22 20:55:07,213] {dag.py:2398} INFO - Sync 1 DAGs
[2023-12-22 20:55:07,234] {logging_mixin.py:109} INFO - [2023-12-22 20:55:07,234] {dag.py:2937} INFO - Setting next_dagrun for tutorial_taskflow_api_etl_virtualenv to None
[2023-12-22 20:55:07,248] {processor.py:171} INFO - Processing /home/airflow/.local/lib/python3.6/site-packages/airflow/example_dags/tutorial_taskflow_api_etl_virtualenv.py took 0.382 seconds
[2023-12-22 20:55:37,287] {processor.py:163} INFO - Started process (PID=2076) to work on /home/airflow/.local/lib/python3.6/site-packages/airflow/example_dags/tutorial_taskflow_api_etl_virtualenv.py
[2023-12-22 20:55:37,288] {processor.py:642} INFO - Processing file /home/airflow/.local/lib/python3.6/site-packages/airflow/example_dags/tutorial_taskflow_api_etl_virtualenv.py for tasks to queue
[2023-12-22 20:55:37,288] {logging_mixin.py:109} INFO - [2023-12-22 20:55:37,288] {dagbag.py:500} INFO - Filling up the DagBag from /home/airflow/.local/lib/python3.6/site-packages/airflow/example_dags/tutorial_taskflow_api_etl_virtualenv.py
[2023-12-22 20:55:37,302] {processor.py:652} INFO - DAG(s) dict_keys(['tutorial_taskflow_api_etl_virtualenv']) retrieved from /home/airflow/.local/lib/python3.6/site-packages/airflow/example_dags/tutorial_taskflow_api_etl_virtualenv.py
[2023-12-22 20:55:37,456] {logging_mixin.py:109} INFO - [2023-12-22 20:55:37,456] {dag.py:2398} INFO - Sync 1 DAGs
[2023-12-22 20:55:37,470] {logging_mixin.py:109} INFO - [2023-12-22 20:55:37,470] {dag.py:2937} INFO - Setting next_dagrun for tutorial_taskflow_api_etl_virtualenv to None
[2023-12-22 20:55:37,483] {processor.py:171} INFO - Processing /home/airflow/.local/lib/python3.6/site-packages/airflow/example_dags/tutorial_taskflow_api_etl_virtualenv.py took 0.198 seconds
[2023-12-22 20:56:07,735] {processor.py:163} INFO - Started process (PID=2148) to work on /home/airflow/.local/lib/python3.6/site-packages/airflow/example_dags/tutorial_taskflow_api_etl_virtualenv.py
[2023-12-22 20:56:07,737] {processor.py:642} INFO - Processing file /home/airflow/.local/lib/python3.6/site-packages/airflow/example_dags/tutorial_taskflow_api_etl_virtualenv.py for tasks to queue
[2023-12-22 20:56:07,738] {logging_mixin.py:109} INFO - [2023-12-22 20:56:07,738] {dagbag.py:500} INFO - Filling up the DagBag from /home/airflow/.local/lib/python3.6/site-packages/airflow/example_dags/tutorial_taskflow_api_etl_virtualenv.py
[2023-12-22 20:56:07,761] {processor.py:652} INFO - DAG(s) dict_keys(['tutorial_taskflow_api_etl_virtualenv']) retrieved from /home/airflow/.local/lib/python3.6/site-packages/airflow/example_dags/tutorial_taskflow_api_etl_virtualenv.py
[2023-12-22 20:56:07,933] {logging_mixin.py:109} INFO - [2023-12-22 20:56:07,933] {dag.py:2398} INFO - Sync 1 DAGs
[2023-12-22 20:56:07,959] {logging_mixin.py:109} INFO - [2023-12-22 20:56:07,958] {dag.py:2937} INFO - Setting next_dagrun for tutorial_taskflow_api_etl_virtualenv to None
[2023-12-22 20:56:07,971] {processor.py:171} INFO - Processing /home/airflow/.local/lib/python3.6/site-packages/airflow/example_dags/tutorial_taskflow_api_etl_virtualenv.py took 0.238 seconds
[2023-12-22 20:56:38,014] {processor.py:163} INFO - Started process (PID=2214) to work on /home/airflow/.local/lib/python3.6/site-packages/airflow/example_dags/tutorial_taskflow_api_etl_virtualenv.py
[2023-12-22 20:56:38,015] {processor.py:642} INFO - Processing file /home/airflow/.local/lib/python3.6/site-packages/airflow/example_dags/tutorial_taskflow_api_etl_virtualenv.py for tasks to queue
[2023-12-22 20:56:38,016] {logging_mixin.py:109} INFO - [2023-12-22 20:56:38,016] {dagbag.py:500} INFO - Filling up the DagBag from /home/airflow/.local/lib/python3.6/site-packages/airflow/example_dags/tutorial_taskflow_api_etl_virtualenv.py
[2023-12-22 20:56:38,033] {processor.py:652} INFO - DAG(s) dict_keys(['tutorial_taskflow_api_etl_virtualenv']) retrieved from /home/airflow/.local/lib/python3.6/site-packages/airflow/example_dags/tutorial_taskflow_api_etl_virtualenv.py
[2023-12-22 20:56:38,194] {logging_mixin.py:109} INFO - [2023-12-22 20:56:38,194] {dag.py:2398} INFO - Sync 1 DAGs
[2023-12-22 20:56:38,209] {logging_mixin.py:109} INFO - [2023-12-22 20:56:38,209] {dag.py:2937} INFO - Setting next_dagrun for tutorial_taskflow_api_etl_virtualenv to None
[2023-12-22 20:56:38,242] {processor.py:171} INFO - Processing /home/airflow/.local/lib/python3.6/site-packages/airflow/example_dags/tutorial_taskflow_api_etl_virtualenv.py took 0.230 seconds
[2023-12-22 20:57:08,559] {processor.py:163} INFO - Started process (PID=2288) to work on /home/airflow/.local/lib/python3.6/site-packages/airflow/example_dags/tutorial_taskflow_api_etl_virtualenv.py
[2023-12-22 20:57:08,560] {processor.py:642} INFO - Processing file /home/airflow/.local/lib/python3.6/site-packages/airflow/example_dags/tutorial_taskflow_api_etl_virtualenv.py for tasks to queue
[2023-12-22 20:57:08,561] {logging_mixin.py:109} INFO - [2023-12-22 20:57:08,561] {dagbag.py:500} INFO - Filling up the DagBag from /home/airflow/.local/lib/python3.6/site-packages/airflow/example_dags/tutorial_taskflow_api_etl_virtualenv.py
[2023-12-22 20:57:08,583] {processor.py:652} INFO - DAG(s) dict_keys(['tutorial_taskflow_api_etl_virtualenv']) retrieved from /home/airflow/.local/lib/python3.6/site-packages/airflow/example_dags/tutorial_taskflow_api_etl_virtualenv.py
[2023-12-22 20:57:08,916] {logging_mixin.py:109} INFO - [2023-12-22 20:57:08,915] {dag.py:2398} INFO - Sync 1 DAGs
[2023-12-22 20:57:08,940] {logging_mixin.py:109} INFO - [2023-12-22 20:57:08,940] {dag.py:2937} INFO - Setting next_dagrun for tutorial_taskflow_api_etl_virtualenv to None
[2023-12-22 20:57:08,957] {processor.py:171} INFO - Processing /home/airflow/.local/lib/python3.6/site-packages/airflow/example_dags/tutorial_taskflow_api_etl_virtualenv.py took 0.401 seconds
[2023-12-22 20:57:39,273] {processor.py:163} INFO - Started process (PID=2352) to work on /home/airflow/.local/lib/python3.6/site-packages/airflow/example_dags/tutorial_taskflow_api_etl_virtualenv.py
[2023-12-22 20:57:39,274] {processor.py:642} INFO - Processing file /home/airflow/.local/lib/python3.6/site-packages/airflow/example_dags/tutorial_taskflow_api_etl_virtualenv.py for tasks to queue
[2023-12-22 20:57:39,275] {logging_mixin.py:109} INFO - [2023-12-22 20:57:39,275] {dagbag.py:500} INFO - Filling up the DagBag from /home/airflow/.local/lib/python3.6/site-packages/airflow/example_dags/tutorial_taskflow_api_etl_virtualenv.py
[2023-12-22 20:57:39,294] {processor.py:652} INFO - DAG(s) dict_keys(['tutorial_taskflow_api_etl_virtualenv']) retrieved from /home/airflow/.local/lib/python3.6/site-packages/airflow/example_dags/tutorial_taskflow_api_etl_virtualenv.py
[2023-12-22 20:57:39,481] {logging_mixin.py:109} INFO - [2023-12-22 20:57:39,481] {dag.py:2398} INFO - Sync 1 DAGs
[2023-12-22 20:57:39,498] {logging_mixin.py:109} INFO - [2023-12-22 20:57:39,498] {dag.py:2937} INFO - Setting next_dagrun for tutorial_taskflow_api_etl_virtualenv to None
[2023-12-22 20:57:39,507] {processor.py:171} INFO - Processing /home/airflow/.local/lib/python3.6/site-packages/airflow/example_dags/tutorial_taskflow_api_etl_virtualenv.py took 0.236 seconds
[2023-12-22 20:58:09,580] {processor.py:163} INFO - Started process (PID=2426) to work on /home/airflow/.local/lib/python3.6/site-packages/airflow/example_dags/tutorial_taskflow_api_etl_virtualenv.py
[2023-12-22 20:58:09,581] {processor.py:642} INFO - Processing file /home/airflow/.local/lib/python3.6/site-packages/airflow/example_dags/tutorial_taskflow_api_etl_virtualenv.py for tasks to queue
[2023-12-22 20:58:09,582] {logging_mixin.py:109} INFO - [2023-12-22 20:58:09,582] {dagbag.py:500} INFO - Filling up the DagBag from /home/airflow/.local/lib/python3.6/site-packages/airflow/example_dags/tutorial_taskflow_api_etl_virtualenv.py
[2023-12-22 20:58:09,615] {processor.py:652} INFO - DAG(s) dict_keys(['tutorial_taskflow_api_etl_virtualenv']) retrieved from /home/airflow/.local/lib/python3.6/site-packages/airflow/example_dags/tutorial_taskflow_api_etl_virtualenv.py
[2023-12-22 20:58:09,917] {logging_mixin.py:109} INFO - [2023-12-22 20:58:09,917] {dag.py:2398} INFO - Sync 1 DAGs
[2023-12-22 20:58:09,943] {logging_mixin.py:109} INFO - [2023-12-22 20:58:09,943] {dag.py:2937} INFO - Setting next_dagrun for tutorial_taskflow_api_etl_virtualenv to None
[2023-12-22 20:58:09,969] {processor.py:171} INFO - Processing /home/airflow/.local/lib/python3.6/site-packages/airflow/example_dags/tutorial_taskflow_api_etl_virtualenv.py took 0.393 seconds
[2023-12-22 20:58:40,570] {processor.py:163} INFO - Started process (PID=2489) to work on /home/airflow/.local/lib/python3.6/site-packages/airflow/example_dags/tutorial_taskflow_api_etl_virtualenv.py
[2023-12-22 20:58:40,574] {processor.py:642} INFO - Processing file /home/airflow/.local/lib/python3.6/site-packages/airflow/example_dags/tutorial_taskflow_api_etl_virtualenv.py for tasks to queue
[2023-12-22 20:58:40,575] {logging_mixin.py:109} INFO - [2023-12-22 20:58:40,575] {dagbag.py:500} INFO - Filling up the DagBag from /home/airflow/.local/lib/python3.6/site-packages/airflow/example_dags/tutorial_taskflow_api_etl_virtualenv.py
[2023-12-22 20:58:40,602] {processor.py:652} INFO - DAG(s) dict_keys(['tutorial_taskflow_api_etl_virtualenv']) retrieved from /home/airflow/.local/lib/python3.6/site-packages/airflow/example_dags/tutorial_taskflow_api_etl_virtualenv.py
[2023-12-22 20:58:40,667] {logging_mixin.py:109} INFO - [2023-12-22 20:58:40,667] {dag.py:2398} INFO - Sync 1 DAGs
[2023-12-22 20:58:40,719] {logging_mixin.py:109} INFO - [2023-12-22 20:58:40,719] {dag.py:2937} INFO - Setting next_dagrun for tutorial_taskflow_api_etl_virtualenv to None
[2023-12-22 20:58:40,834] {processor.py:171} INFO - Processing /home/airflow/.local/lib/python3.6/site-packages/airflow/example_dags/tutorial_taskflow_api_etl_virtualenv.py took 0.268 seconds
[2023-12-22 20:59:11,497] {processor.py:163} INFO - Started process (PID=2553) to work on /home/airflow/.local/lib/python3.6/site-packages/airflow/example_dags/tutorial_taskflow_api_etl_virtualenv.py
[2023-12-22 20:59:11,505] {processor.py:642} INFO - Processing file /home/airflow/.local/lib/python3.6/site-packages/airflow/example_dags/tutorial_taskflow_api_etl_virtualenv.py for tasks to queue
[2023-12-22 20:59:11,509] {logging_mixin.py:109} INFO - [2023-12-22 20:59:11,508] {dagbag.py:500} INFO - Filling up the DagBag from /home/airflow/.local/lib/python3.6/site-packages/airflow/example_dags/tutorial_taskflow_api_etl_virtualenv.py
[2023-12-22 20:59:11,566] {processor.py:652} INFO - DAG(s) dict_keys(['tutorial_taskflow_api_etl_virtualenv']) retrieved from /home/airflow/.local/lib/python3.6/site-packages/airflow/example_dags/tutorial_taskflow_api_etl_virtualenv.py
[2023-12-22 20:59:12,175] {logging_mixin.py:109} INFO - [2023-12-22 20:59:12,174] {dag.py:2398} INFO - Sync 1 DAGs
[2023-12-22 20:59:12,228] {logging_mixin.py:109} INFO - [2023-12-22 20:59:12,227] {dag.py:2937} INFO - Setting next_dagrun for tutorial_taskflow_api_etl_virtualenv to None
[2023-12-22 20:59:12,268] {processor.py:171} INFO - Processing /home/airflow/.local/lib/python3.6/site-packages/airflow/example_dags/tutorial_taskflow_api_etl_virtualenv.py took 0.778 seconds
[2023-12-22 20:59:43,144] {processor.py:163} INFO - Started process (PID=2626) to work on /home/airflow/.local/lib/python3.6/site-packages/airflow/example_dags/tutorial_taskflow_api_etl_virtualenv.py
[2023-12-22 20:59:43,168] {processor.py:642} INFO - Processing file /home/airflow/.local/lib/python3.6/site-packages/airflow/example_dags/tutorial_taskflow_api_etl_virtualenv.py for tasks to queue
[2023-12-22 20:59:43,169] {logging_mixin.py:109} INFO - [2023-12-22 20:59:43,169] {dagbag.py:500} INFO - Filling up the DagBag from /home/airflow/.local/lib/python3.6/site-packages/airflow/example_dags/tutorial_taskflow_api_etl_virtualenv.py
[2023-12-22 20:59:43,198] {processor.py:652} INFO - DAG(s) dict_keys(['tutorial_taskflow_api_etl_virtualenv']) retrieved from /home/airflow/.local/lib/python3.6/site-packages/airflow/example_dags/tutorial_taskflow_api_etl_virtualenv.py
[2023-12-22 20:59:43,518] {logging_mixin.py:109} INFO - [2023-12-22 20:59:43,517] {dag.py:2398} INFO - Sync 1 DAGs
[2023-12-22 20:59:43,546] {logging_mixin.py:109} INFO - [2023-12-22 20:59:43,545] {dag.py:2937} INFO - Setting next_dagrun for tutorial_taskflow_api_etl_virtualenv to None
[2023-12-22 20:59:43,564] {processor.py:171} INFO - Processing /home/airflow/.local/lib/python3.6/site-packages/airflow/example_dags/tutorial_taskflow_api_etl_virtualenv.py took 0.423 seconds
[2023-12-22 21:00:14,037] {processor.py:163} INFO - Started process (PID=2691) to work on /home/airflow/.local/lib/python3.6/site-packages/airflow/example_dags/tutorial_taskflow_api_etl_virtualenv.py
[2023-12-22 21:00:14,039] {processor.py:642} INFO - Processing file /home/airflow/.local/lib/python3.6/site-packages/airflow/example_dags/tutorial_taskflow_api_etl_virtualenv.py for tasks to queue
[2023-12-22 21:00:14,041] {logging_mixin.py:109} INFO - [2023-12-22 21:00:14,041] {dagbag.py:500} INFO - Filling up the DagBag from /home/airflow/.local/lib/python3.6/site-packages/airflow/example_dags/tutorial_taskflow_api_etl_virtualenv.py
[2023-12-22 21:00:14,085] {processor.py:652} INFO - DAG(s) dict_keys(['tutorial_taskflow_api_etl_virtualenv']) retrieved from /home/airflow/.local/lib/python3.6/site-packages/airflow/example_dags/tutorial_taskflow_api_etl_virtualenv.py
[2023-12-22 21:00:14,486] {logging_mixin.py:109} INFO - [2023-12-22 21:00:14,486] {dag.py:2398} INFO - Sync 1 DAGs
[2023-12-22 21:00:14,522] {logging_mixin.py:109} INFO - [2023-12-22 21:00:14,522] {dag.py:2937} INFO - Setting next_dagrun for tutorial_taskflow_api_etl_virtualenv to None
[2023-12-22 21:00:14,546] {processor.py:171} INFO - Processing /home/airflow/.local/lib/python3.6/site-packages/airflow/example_dags/tutorial_taskflow_api_etl_virtualenv.py took 0.517 seconds
[2023-12-22 21:00:45,148] {processor.py:163} INFO - Started process (PID=2755) to work on /home/airflow/.local/lib/python3.6/site-packages/airflow/example_dags/tutorial_taskflow_api_etl_virtualenv.py
[2023-12-22 21:00:45,151] {processor.py:642} INFO - Processing file /home/airflow/.local/lib/python3.6/site-packages/airflow/example_dags/tutorial_taskflow_api_etl_virtualenv.py for tasks to queue
[2023-12-22 21:00:45,153] {logging_mixin.py:109} INFO - [2023-12-22 21:00:45,153] {dagbag.py:500} INFO - Filling up the DagBag from /home/airflow/.local/lib/python3.6/site-packages/airflow/example_dags/tutorial_taskflow_api_etl_virtualenv.py
[2023-12-22 21:00:45,181] {processor.py:652} INFO - DAG(s) dict_keys(['tutorial_taskflow_api_etl_virtualenv']) retrieved from /home/airflow/.local/lib/python3.6/site-packages/airflow/example_dags/tutorial_taskflow_api_etl_virtualenv.py
[2023-12-22 21:00:45,545] {logging_mixin.py:109} INFO - [2023-12-22 21:00:45,545] {dag.py:2398} INFO - Sync 1 DAGs
[2023-12-22 21:00:45,576] {logging_mixin.py:109} INFO - [2023-12-22 21:00:45,576] {dag.py:2937} INFO - Setting next_dagrun for tutorial_taskflow_api_etl_virtualenv to None
[2023-12-22 21:00:45,604] {processor.py:171} INFO - Processing /home/airflow/.local/lib/python3.6/site-packages/airflow/example_dags/tutorial_taskflow_api_etl_virtualenv.py took 0.461 seconds
[2023-12-22 21:01:15,922] {processor.py:163} INFO - Started process (PID=2819) to work on /home/airflow/.local/lib/python3.6/site-packages/airflow/example_dags/tutorial_taskflow_api_etl_virtualenv.py
[2023-12-22 21:01:15,923] {processor.py:642} INFO - Processing file /home/airflow/.local/lib/python3.6/site-packages/airflow/example_dags/tutorial_taskflow_api_etl_virtualenv.py for tasks to queue
[2023-12-22 21:01:15,925] {logging_mixin.py:109} INFO - [2023-12-22 21:01:15,924] {dagbag.py:500} INFO - Filling up the DagBag from /home/airflow/.local/lib/python3.6/site-packages/airflow/example_dags/tutorial_taskflow_api_etl_virtualenv.py
[2023-12-22 21:01:15,954] {processor.py:652} INFO - DAG(s) dict_keys(['tutorial_taskflow_api_etl_virtualenv']) retrieved from /home/airflow/.local/lib/python3.6/site-packages/airflow/example_dags/tutorial_taskflow_api_etl_virtualenv.py
[2023-12-22 21:01:16,371] {logging_mixin.py:109} INFO - [2023-12-22 21:01:16,371] {dag.py:2398} INFO - Sync 1 DAGs
[2023-12-22 21:01:16,387] {logging_mixin.py:109} INFO - [2023-12-22 21:01:16,387] {dag.py:2937} INFO - Setting next_dagrun for tutorial_taskflow_api_etl_virtualenv to None
[2023-12-22 21:01:16,398] {processor.py:171} INFO - Processing /home/airflow/.local/lib/python3.6/site-packages/airflow/example_dags/tutorial_taskflow_api_etl_virtualenv.py took 0.479 seconds
[2023-12-22 21:01:46,758] {processor.py:163} INFO - Started process (PID=2883) to work on /home/airflow/.local/lib/python3.6/site-packages/airflow/example_dags/tutorial_taskflow_api_etl_virtualenv.py
[2023-12-22 21:01:46,802] {processor.py:642} INFO - Processing file /home/airflow/.local/lib/python3.6/site-packages/airflow/example_dags/tutorial_taskflow_api_etl_virtualenv.py for tasks to queue
[2023-12-22 21:01:46,803] {logging_mixin.py:109} INFO - [2023-12-22 21:01:46,803] {dagbag.py:500} INFO - Filling up the DagBag from /home/airflow/.local/lib/python3.6/site-packages/airflow/example_dags/tutorial_taskflow_api_etl_virtualenv.py
[2023-12-22 21:01:46,827] {processor.py:652} INFO - DAG(s) dict_keys(['tutorial_taskflow_api_etl_virtualenv']) retrieved from /home/airflow/.local/lib/python3.6/site-packages/airflow/example_dags/tutorial_taskflow_api_etl_virtualenv.py
[2023-12-22 21:01:47,028] {logging_mixin.py:109} INFO - [2023-12-22 21:01:47,028] {dag.py:2398} INFO - Sync 1 DAGs
[2023-12-22 21:01:47,044] {logging_mixin.py:109} INFO - [2023-12-22 21:01:47,043] {dag.py:2937} INFO - Setting next_dagrun for tutorial_taskflow_api_etl_virtualenv to None
[2023-12-22 21:01:47,058] {processor.py:171} INFO - Processing /home/airflow/.local/lib/python3.6/site-packages/airflow/example_dags/tutorial_taskflow_api_etl_virtualenv.py took 0.302 seconds
[2023-12-22 21:02:17,243] {processor.py:163} INFO - Started process (PID=2958) to work on /home/airflow/.local/lib/python3.6/site-packages/airflow/example_dags/tutorial_taskflow_api_etl_virtualenv.py
[2023-12-22 21:02:17,244] {processor.py:642} INFO - Processing file /home/airflow/.local/lib/python3.6/site-packages/airflow/example_dags/tutorial_taskflow_api_etl_virtualenv.py for tasks to queue
[2023-12-22 21:02:17,245] {logging_mixin.py:109} INFO - [2023-12-22 21:02:17,245] {dagbag.py:500} INFO - Filling up the DagBag from /home/airflow/.local/lib/python3.6/site-packages/airflow/example_dags/tutorial_taskflow_api_etl_virtualenv.py
[2023-12-22 21:02:17,263] {processor.py:652} INFO - DAG(s) dict_keys(['tutorial_taskflow_api_etl_virtualenv']) retrieved from /home/airflow/.local/lib/python3.6/site-packages/airflow/example_dags/tutorial_taskflow_api_etl_virtualenv.py
[2023-12-22 21:02:17,486] {logging_mixin.py:109} INFO - [2023-12-22 21:02:17,486] {dag.py:2398} INFO - Sync 1 DAGs
[2023-12-22 21:02:17,513] {logging_mixin.py:109} INFO - [2023-12-22 21:02:17,512] {dag.py:2937} INFO - Setting next_dagrun for tutorial_taskflow_api_etl_virtualenv to None
[2023-12-22 21:02:17,527] {processor.py:171} INFO - Processing /home/airflow/.local/lib/python3.6/site-packages/airflow/example_dags/tutorial_taskflow_api_etl_virtualenv.py took 0.286 seconds
[2023-12-22 21:02:48,449] {processor.py:163} INFO - Started process (PID=3022) to work on /home/airflow/.local/lib/python3.6/site-packages/airflow/example_dags/tutorial_taskflow_api_etl_virtualenv.py
[2023-12-22 21:02:48,451] {processor.py:642} INFO - Processing file /home/airflow/.local/lib/python3.6/site-packages/airflow/example_dags/tutorial_taskflow_api_etl_virtualenv.py for tasks to queue
[2023-12-22 21:02:48,453] {logging_mixin.py:109} INFO - [2023-12-22 21:02:48,453] {dagbag.py:500} INFO - Filling up the DagBag from /home/airflow/.local/lib/python3.6/site-packages/airflow/example_dags/tutorial_taskflow_api_etl_virtualenv.py
[2023-12-22 21:02:48,478] {processor.py:652} INFO - DAG(s) dict_keys(['tutorial_taskflow_api_etl_virtualenv']) retrieved from /home/airflow/.local/lib/python3.6/site-packages/airflow/example_dags/tutorial_taskflow_api_etl_virtualenv.py
[2023-12-22 21:02:48,690] {logging_mixin.py:109} INFO - [2023-12-22 21:02:48,690] {dag.py:2398} INFO - Sync 1 DAGs
[2023-12-22 21:02:48,709] {logging_mixin.py:109} INFO - [2023-12-22 21:02:48,708] {dag.py:2937} INFO - Setting next_dagrun for tutorial_taskflow_api_etl_virtualenv to None
[2023-12-22 21:02:48,764] {processor.py:171} INFO - Processing /home/airflow/.local/lib/python3.6/site-packages/airflow/example_dags/tutorial_taskflow_api_etl_virtualenv.py took 0.318 seconds
[2023-12-22 21:03:18,970] {processor.py:163} INFO - Started process (PID=3096) to work on /home/airflow/.local/lib/python3.6/site-packages/airflow/example_dags/tutorial_taskflow_api_etl_virtualenv.py
[2023-12-22 21:03:18,972] {processor.py:642} INFO - Processing file /home/airflow/.local/lib/python3.6/site-packages/airflow/example_dags/tutorial_taskflow_api_etl_virtualenv.py for tasks to queue
[2023-12-22 21:03:18,973] {logging_mixin.py:109} INFO - [2023-12-22 21:03:18,972] {dagbag.py:500} INFO - Filling up the DagBag from /home/airflow/.local/lib/python3.6/site-packages/airflow/example_dags/tutorial_taskflow_api_etl_virtualenv.py
[2023-12-22 21:03:18,990] {processor.py:652} INFO - DAG(s) dict_keys(['tutorial_taskflow_api_etl_virtualenv']) retrieved from /home/airflow/.local/lib/python3.6/site-packages/airflow/example_dags/tutorial_taskflow_api_etl_virtualenv.py
[2023-12-22 21:03:19,177] {logging_mixin.py:109} INFO - [2023-12-22 21:03:19,177] {dag.py:2398} INFO - Sync 1 DAGs
[2023-12-22 21:03:19,194] {logging_mixin.py:109} INFO - [2023-12-22 21:03:19,194] {dag.py:2937} INFO - Setting next_dagrun for tutorial_taskflow_api_etl_virtualenv to None
[2023-12-22 21:03:19,210] {processor.py:171} INFO - Processing /home/airflow/.local/lib/python3.6/site-packages/airflow/example_dags/tutorial_taskflow_api_etl_virtualenv.py took 0.243 seconds
[2023-12-22 21:03:50,182] {processor.py:163} INFO - Started process (PID=3169) to work on /home/airflow/.local/lib/python3.6/site-packages/airflow/example_dags/tutorial_taskflow_api_etl_virtualenv.py
[2023-12-22 21:03:50,183] {processor.py:642} INFO - Processing file /home/airflow/.local/lib/python3.6/site-packages/airflow/example_dags/tutorial_taskflow_api_etl_virtualenv.py for tasks to queue
[2023-12-22 21:03:50,184] {logging_mixin.py:109} INFO - [2023-12-22 21:03:50,184] {dagbag.py:500} INFO - Filling up the DagBag from /home/airflow/.local/lib/python3.6/site-packages/airflow/example_dags/tutorial_taskflow_api_etl_virtualenv.py
[2023-12-22 21:03:50,204] {processor.py:652} INFO - DAG(s) dict_keys(['tutorial_taskflow_api_etl_virtualenv']) retrieved from /home/airflow/.local/lib/python3.6/site-packages/airflow/example_dags/tutorial_taskflow_api_etl_virtualenv.py
[2023-12-22 21:03:50,384] {logging_mixin.py:109} INFO - [2023-12-22 21:03:50,384] {dag.py:2398} INFO - Sync 1 DAGs
[2023-12-22 21:03:50,400] {logging_mixin.py:109} INFO - [2023-12-22 21:03:50,400] {dag.py:2937} INFO - Setting next_dagrun for tutorial_taskflow_api_etl_virtualenv to None
[2023-12-22 21:03:50,435] {processor.py:171} INFO - Processing /home/airflow/.local/lib/python3.6/site-packages/airflow/example_dags/tutorial_taskflow_api_etl_virtualenv.py took 0.257 seconds
[2023-12-22 21:04:21,451] {processor.py:163} INFO - Started process (PID=3233) to work on /home/airflow/.local/lib/python3.6/site-packages/airflow/example_dags/tutorial_taskflow_api_etl_virtualenv.py
[2023-12-22 21:04:21,452] {processor.py:642} INFO - Processing file /home/airflow/.local/lib/python3.6/site-packages/airflow/example_dags/tutorial_taskflow_api_etl_virtualenv.py for tasks to queue
[2023-12-22 21:04:21,453] {logging_mixin.py:109} INFO - [2023-12-22 21:04:21,453] {dagbag.py:500} INFO - Filling up the DagBag from /home/airflow/.local/lib/python3.6/site-packages/airflow/example_dags/tutorial_taskflow_api_etl_virtualenv.py
[2023-12-22 21:04:21,468] {processor.py:652} INFO - DAG(s) dict_keys(['tutorial_taskflow_api_etl_virtualenv']) retrieved from /home/airflow/.local/lib/python3.6/site-packages/airflow/example_dags/tutorial_taskflow_api_etl_virtualenv.py
[2023-12-22 21:04:21,621] {logging_mixin.py:109} INFO - [2023-12-22 21:04:21,621] {dag.py:2398} INFO - Sync 1 DAGs
[2023-12-22 21:04:21,632] {logging_mixin.py:109} INFO - [2023-12-22 21:04:21,632] {dag.py:2937} INFO - Setting next_dagrun for tutorial_taskflow_api_etl_virtualenv to None
[2023-12-22 21:04:21,641] {processor.py:171} INFO - Processing /home/airflow/.local/lib/python3.6/site-packages/airflow/example_dags/tutorial_taskflow_api_etl_virtualenv.py took 0.193 seconds
[2023-12-22 21:04:51,710] {processor.py:163} INFO - Started process (PID=3307) to work on /home/airflow/.local/lib/python3.6/site-packages/airflow/example_dags/tutorial_taskflow_api_etl_virtualenv.py
[2023-12-22 21:04:51,711] {processor.py:642} INFO - Processing file /home/airflow/.local/lib/python3.6/site-packages/airflow/example_dags/tutorial_taskflow_api_etl_virtualenv.py for tasks to queue
[2023-12-22 21:04:51,712] {logging_mixin.py:109} INFO - [2023-12-22 21:04:51,712] {dagbag.py:500} INFO - Filling up the DagBag from /home/airflow/.local/lib/python3.6/site-packages/airflow/example_dags/tutorial_taskflow_api_etl_virtualenv.py
[2023-12-22 21:04:51,727] {processor.py:652} INFO - DAG(s) dict_keys(['tutorial_taskflow_api_etl_virtualenv']) retrieved from /home/airflow/.local/lib/python3.6/site-packages/airflow/example_dags/tutorial_taskflow_api_etl_virtualenv.py
[2023-12-22 21:04:51,908] {logging_mixin.py:109} INFO - [2023-12-22 21:04:51,908] {dag.py:2398} INFO - Sync 1 DAGs
[2023-12-22 21:04:51,925] {logging_mixin.py:109} INFO - [2023-12-22 21:04:51,924] {dag.py:2937} INFO - Setting next_dagrun for tutorial_taskflow_api_etl_virtualenv to None
[2023-12-22 21:04:51,959] {processor.py:171} INFO - Processing /home/airflow/.local/lib/python3.6/site-packages/airflow/example_dags/tutorial_taskflow_api_etl_virtualenv.py took 0.251 seconds
[2023-12-22 21:05:22,161] {processor.py:163} INFO - Started process (PID=3371) to work on /home/airflow/.local/lib/python3.6/site-packages/airflow/example_dags/tutorial_taskflow_api_etl_virtualenv.py
[2023-12-22 21:05:22,162] {processor.py:642} INFO - Processing file /home/airflow/.local/lib/python3.6/site-packages/airflow/example_dags/tutorial_taskflow_api_etl_virtualenv.py for tasks to queue
[2023-12-22 21:05:22,163] {logging_mixin.py:109} INFO - [2023-12-22 21:05:22,163] {dagbag.py:500} INFO - Filling up the DagBag from /home/airflow/.local/lib/python3.6/site-packages/airflow/example_dags/tutorial_taskflow_api_etl_virtualenv.py
[2023-12-22 21:05:22,178] {processor.py:652} INFO - DAG(s) dict_keys(['tutorial_taskflow_api_etl_virtualenv']) retrieved from /home/airflow/.local/lib/python3.6/site-packages/airflow/example_dags/tutorial_taskflow_api_etl_virtualenv.py
[2023-12-22 21:05:22,343] {logging_mixin.py:109} INFO - [2023-12-22 21:05:22,343] {dag.py:2398} INFO - Sync 1 DAGs
[2023-12-22 21:05:22,358] {logging_mixin.py:109} INFO - [2023-12-22 21:05:22,358] {dag.py:2937} INFO - Setting next_dagrun for tutorial_taskflow_api_etl_virtualenv to None
[2023-12-22 21:05:22,388] {processor.py:171} INFO - Processing /home/airflow/.local/lib/python3.6/site-packages/airflow/example_dags/tutorial_taskflow_api_etl_virtualenv.py took 0.230 seconds
[2023-12-22 21:05:52,415] {processor.py:163} INFO - Started process (PID=3445) to work on /home/airflow/.local/lib/python3.6/site-packages/airflow/example_dags/tutorial_taskflow_api_etl_virtualenv.py
[2023-12-22 21:05:52,416] {processor.py:642} INFO - Processing file /home/airflow/.local/lib/python3.6/site-packages/airflow/example_dags/tutorial_taskflow_api_etl_virtualenv.py for tasks to queue
[2023-12-22 21:05:52,417] {logging_mixin.py:109} INFO - [2023-12-22 21:05:52,417] {dagbag.py:500} INFO - Filling up the DagBag from /home/airflow/.local/lib/python3.6/site-packages/airflow/example_dags/tutorial_taskflow_api_etl_virtualenv.py
[2023-12-22 21:05:52,434] {processor.py:652} INFO - DAG(s) dict_keys(['tutorial_taskflow_api_etl_virtualenv']) retrieved from /home/airflow/.local/lib/python3.6/site-packages/airflow/example_dags/tutorial_taskflow_api_etl_virtualenv.py
[2023-12-22 21:05:52,610] {logging_mixin.py:109} INFO - [2023-12-22 21:05:52,609] {dag.py:2398} INFO - Sync 1 DAGs
[2023-12-22 21:05:52,627] {logging_mixin.py:109} INFO - [2023-12-22 21:05:52,627] {dag.py:2937} INFO - Setting next_dagrun for tutorial_taskflow_api_etl_virtualenv to None
[2023-12-22 21:05:52,660] {processor.py:171} INFO - Processing /home/airflow/.local/lib/python3.6/site-packages/airflow/example_dags/tutorial_taskflow_api_etl_virtualenv.py took 0.248 seconds
[2023-12-22 21:06:23,669] {processor.py:163} INFO - Started process (PID=3509) to work on /home/airflow/.local/lib/python3.6/site-packages/airflow/example_dags/tutorial_taskflow_api_etl_virtualenv.py
[2023-12-22 21:06:23,670] {processor.py:642} INFO - Processing file /home/airflow/.local/lib/python3.6/site-packages/airflow/example_dags/tutorial_taskflow_api_etl_virtualenv.py for tasks to queue
[2023-12-22 21:06:23,671] {logging_mixin.py:109} INFO - [2023-12-22 21:06:23,671] {dagbag.py:500} INFO - Filling up the DagBag from /home/airflow/.local/lib/python3.6/site-packages/airflow/example_dags/tutorial_taskflow_api_etl_virtualenv.py
[2023-12-22 21:06:23,686] {processor.py:652} INFO - DAG(s) dict_keys(['tutorial_taskflow_api_etl_virtualenv']) retrieved from /home/airflow/.local/lib/python3.6/site-packages/airflow/example_dags/tutorial_taskflow_api_etl_virtualenv.py
[2023-12-22 21:06:23,832] {logging_mixin.py:109} INFO - [2023-12-22 21:06:23,832] {dag.py:2398} INFO - Sync 1 DAGs
[2023-12-22 21:06:23,844] {logging_mixin.py:109} INFO - [2023-12-22 21:06:23,844] {dag.py:2937} INFO - Setting next_dagrun for tutorial_taskflow_api_etl_virtualenv to None
[2023-12-22 21:06:23,873] {processor.py:171} INFO - Processing /home/airflow/.local/lib/python3.6/site-packages/airflow/example_dags/tutorial_taskflow_api_etl_virtualenv.py took 0.206 seconds
[2023-12-22 21:06:54,808] {processor.py:163} INFO - Started process (PID=3583) to work on /home/airflow/.local/lib/python3.6/site-packages/airflow/example_dags/tutorial_taskflow_api_etl_virtualenv.py
[2023-12-22 21:06:54,809] {processor.py:642} INFO - Processing file /home/airflow/.local/lib/python3.6/site-packages/airflow/example_dags/tutorial_taskflow_api_etl_virtualenv.py for tasks to queue
[2023-12-22 21:06:54,810] {logging_mixin.py:109} INFO - [2023-12-22 21:06:54,810] {dagbag.py:500} INFO - Filling up the DagBag from /home/airflow/.local/lib/python3.6/site-packages/airflow/example_dags/tutorial_taskflow_api_etl_virtualenv.py
[2023-12-22 21:06:54,829] {processor.py:652} INFO - DAG(s) dict_keys(['tutorial_taskflow_api_etl_virtualenv']) retrieved from /home/airflow/.local/lib/python3.6/site-packages/airflow/example_dags/tutorial_taskflow_api_etl_virtualenv.py
[2023-12-22 21:06:55,028] {logging_mixin.py:109} INFO - [2023-12-22 21:06:55,028] {dag.py:2398} INFO - Sync 1 DAGs
[2023-12-22 21:06:55,045] {logging_mixin.py:109} INFO - [2023-12-22 21:06:55,044] {dag.py:2937} INFO - Setting next_dagrun for tutorial_taskflow_api_etl_virtualenv to None
[2023-12-22 21:06:55,055] {processor.py:171} INFO - Processing /home/airflow/.local/lib/python3.6/site-packages/airflow/example_dags/tutorial_taskflow_api_etl_virtualenv.py took 0.250 seconds
[2023-12-22 21:07:26,032] {processor.py:163} INFO - Started process (PID=3657) to work on /home/airflow/.local/lib/python3.6/site-packages/airflow/example_dags/tutorial_taskflow_api_etl_virtualenv.py
[2023-12-22 21:07:26,033] {processor.py:642} INFO - Processing file /home/airflow/.local/lib/python3.6/site-packages/airflow/example_dags/tutorial_taskflow_api_etl_virtualenv.py for tasks to queue
[2023-12-22 21:07:26,034] {logging_mixin.py:109} INFO - [2023-12-22 21:07:26,034] {dagbag.py:500} INFO - Filling up the DagBag from /home/airflow/.local/lib/python3.6/site-packages/airflow/example_dags/tutorial_taskflow_api_etl_virtualenv.py
[2023-12-22 21:07:26,055] {processor.py:652} INFO - DAG(s) dict_keys(['tutorial_taskflow_api_etl_virtualenv']) retrieved from /home/airflow/.local/lib/python3.6/site-packages/airflow/example_dags/tutorial_taskflow_api_etl_virtualenv.py
[2023-12-22 21:07:26,221] {logging_mixin.py:109} INFO - [2023-12-22 21:07:26,221] {dag.py:2398} INFO - Sync 1 DAGs
[2023-12-22 21:07:26,239] {logging_mixin.py:109} INFO - [2023-12-22 21:07:26,239] {dag.py:2937} INFO - Setting next_dagrun for tutorial_taskflow_api_etl_virtualenv to None
[2023-12-22 21:07:26,271] {processor.py:171} INFO - Processing /home/airflow/.local/lib/python3.6/site-packages/airflow/example_dags/tutorial_taskflow_api_etl_virtualenv.py took 0.242 seconds
[2023-12-22 21:07:56,951] {processor.py:163} INFO - Started process (PID=3721) to work on /home/airflow/.local/lib/python3.6/site-packages/airflow/example_dags/tutorial_taskflow_api_etl_virtualenv.py
[2023-12-22 21:07:56,953] {processor.py:642} INFO - Processing file /home/airflow/.local/lib/python3.6/site-packages/airflow/example_dags/tutorial_taskflow_api_etl_virtualenv.py for tasks to queue
[2023-12-22 21:07:56,953] {logging_mixin.py:109} INFO - [2023-12-22 21:07:56,953] {dagbag.py:500} INFO - Filling up the DagBag from /home/airflow/.local/lib/python3.6/site-packages/airflow/example_dags/tutorial_taskflow_api_etl_virtualenv.py
[2023-12-22 21:07:56,974] {processor.py:652} INFO - DAG(s) dict_keys(['tutorial_taskflow_api_etl_virtualenv']) retrieved from /home/airflow/.local/lib/python3.6/site-packages/airflow/example_dags/tutorial_taskflow_api_etl_virtualenv.py
[2023-12-22 21:07:57,164] {logging_mixin.py:109} INFO - [2023-12-22 21:07:57,164] {dag.py:2398} INFO - Sync 1 DAGs
[2023-12-22 21:07:57,178] {logging_mixin.py:109} INFO - [2023-12-22 21:07:57,178] {dag.py:2937} INFO - Setting next_dagrun for tutorial_taskflow_api_etl_virtualenv to None
[2023-12-22 21:07:57,210] {processor.py:171} INFO - Processing /home/airflow/.local/lib/python3.6/site-packages/airflow/example_dags/tutorial_taskflow_api_etl_virtualenv.py took 0.263 seconds
[2023-12-22 21:08:27,945] {processor.py:163} INFO - Started process (PID=3796) to work on /home/airflow/.local/lib/python3.6/site-packages/airflow/example_dags/tutorial_taskflow_api_etl_virtualenv.py
[2023-12-22 21:08:27,946] {processor.py:642} INFO - Processing file /home/airflow/.local/lib/python3.6/site-packages/airflow/example_dags/tutorial_taskflow_api_etl_virtualenv.py for tasks to queue
[2023-12-22 21:08:27,947] {logging_mixin.py:109} INFO - [2023-12-22 21:08:27,947] {dagbag.py:500} INFO - Filling up the DagBag from /home/airflow/.local/lib/python3.6/site-packages/airflow/example_dags/tutorial_taskflow_api_etl_virtualenv.py
[2023-12-22 21:08:27,968] {processor.py:652} INFO - DAG(s) dict_keys(['tutorial_taskflow_api_etl_virtualenv']) retrieved from /home/airflow/.local/lib/python3.6/site-packages/airflow/example_dags/tutorial_taskflow_api_etl_virtualenv.py
[2023-12-22 21:08:28,120] {logging_mixin.py:109} INFO - [2023-12-22 21:08:28,120] {dag.py:2398} INFO - Sync 1 DAGs
[2023-12-22 21:08:28,133] {logging_mixin.py:109} INFO - [2023-12-22 21:08:28,133] {dag.py:2937} INFO - Setting next_dagrun for tutorial_taskflow_api_etl_virtualenv to None
[2023-12-22 21:08:28,163] {processor.py:171} INFO - Processing /home/airflow/.local/lib/python3.6/site-packages/airflow/example_dags/tutorial_taskflow_api_etl_virtualenv.py took 0.221 seconds
[2023-12-22 21:08:58,607] {processor.py:163} INFO - Started process (PID=3859) to work on /home/airflow/.local/lib/python3.6/site-packages/airflow/example_dags/tutorial_taskflow_api_etl_virtualenv.py
[2023-12-22 21:08:58,609] {processor.py:642} INFO - Processing file /home/airflow/.local/lib/python3.6/site-packages/airflow/example_dags/tutorial_taskflow_api_etl_virtualenv.py for tasks to queue
[2023-12-22 21:08:58,610] {logging_mixin.py:109} INFO - [2023-12-22 21:08:58,610] {dagbag.py:500} INFO - Filling up the DagBag from /home/airflow/.local/lib/python3.6/site-packages/airflow/example_dags/tutorial_taskflow_api_etl_virtualenv.py
[2023-12-22 21:08:58,630] {processor.py:652} INFO - DAG(s) dict_keys(['tutorial_taskflow_api_etl_virtualenv']) retrieved from /home/airflow/.local/lib/python3.6/site-packages/airflow/example_dags/tutorial_taskflow_api_etl_virtualenv.py
[2023-12-22 21:08:58,816] {logging_mixin.py:109} INFO - [2023-12-22 21:08:58,816] {dag.py:2398} INFO - Sync 1 DAGs
[2023-12-22 21:08:58,832] {logging_mixin.py:109} INFO - [2023-12-22 21:08:58,832] {dag.py:2937} INFO - Setting next_dagrun for tutorial_taskflow_api_etl_virtualenv to None
[2023-12-22 21:08:58,843] {processor.py:171} INFO - Processing /home/airflow/.local/lib/python3.6/site-packages/airflow/example_dags/tutorial_taskflow_api_etl_virtualenv.py took 0.238 seconds
[2023-12-22 21:09:29,796] {processor.py:163} INFO - Started process (PID=3933) to work on /home/airflow/.local/lib/python3.6/site-packages/airflow/example_dags/tutorial_taskflow_api_etl_virtualenv.py
[2023-12-22 21:09:29,797] {processor.py:642} INFO - Processing file /home/airflow/.local/lib/python3.6/site-packages/airflow/example_dags/tutorial_taskflow_api_etl_virtualenv.py for tasks to queue
[2023-12-22 21:09:29,798] {logging_mixin.py:109} INFO - [2023-12-22 21:09:29,798] {dagbag.py:500} INFO - Filling up the DagBag from /home/airflow/.local/lib/python3.6/site-packages/airflow/example_dags/tutorial_taskflow_api_etl_virtualenv.py
[2023-12-22 21:09:29,815] {processor.py:652} INFO - DAG(s) dict_keys(['tutorial_taskflow_api_etl_virtualenv']) retrieved from /home/airflow/.local/lib/python3.6/site-packages/airflow/example_dags/tutorial_taskflow_api_etl_virtualenv.py
[2023-12-22 21:09:29,989] {logging_mixin.py:109} INFO - [2023-12-22 21:09:29,989] {dag.py:2398} INFO - Sync 1 DAGs
[2023-12-22 21:09:30,001] {logging_mixin.py:109} INFO - [2023-12-22 21:09:30,001] {dag.py:2937} INFO - Setting next_dagrun for tutorial_taskflow_api_etl_virtualenv to None
[2023-12-22 21:09:30,013] {processor.py:171} INFO - Processing /home/airflow/.local/lib/python3.6/site-packages/airflow/example_dags/tutorial_taskflow_api_etl_virtualenv.py took 0.219 seconds
[2023-12-22 21:10:00,618] {processor.py:163} INFO - Started process (PID=4006) to work on /home/airflow/.local/lib/python3.6/site-packages/airflow/example_dags/tutorial_taskflow_api_etl_virtualenv.py
[2023-12-22 21:10:00,619] {processor.py:642} INFO - Processing file /home/airflow/.local/lib/python3.6/site-packages/airflow/example_dags/tutorial_taskflow_api_etl_virtualenv.py for tasks to queue
[2023-12-22 21:10:00,619] {logging_mixin.py:109} INFO - [2023-12-22 21:10:00,619] {dagbag.py:500} INFO - Filling up the DagBag from /home/airflow/.local/lib/python3.6/site-packages/airflow/example_dags/tutorial_taskflow_api_etl_virtualenv.py
[2023-12-22 21:10:00,637] {processor.py:652} INFO - DAG(s) dict_keys(['tutorial_taskflow_api_etl_virtualenv']) retrieved from /home/airflow/.local/lib/python3.6/site-packages/airflow/example_dags/tutorial_taskflow_api_etl_virtualenv.py
[2023-12-22 21:10:00,822] {logging_mixin.py:109} INFO - [2023-12-22 21:10:00,822] {dag.py:2398} INFO - Sync 1 DAGs
[2023-12-22 21:10:00,838] {logging_mixin.py:109} INFO - [2023-12-22 21:10:00,837] {dag.py:2937} INFO - Setting next_dagrun for tutorial_taskflow_api_etl_virtualenv to None
[2023-12-22 21:10:00,870] {processor.py:171} INFO - Processing /home/airflow/.local/lib/python3.6/site-packages/airflow/example_dags/tutorial_taskflow_api_etl_virtualenv.py took 0.254 seconds
[2023-12-22 21:10:31,847] {processor.py:163} INFO - Started process (PID=4071) to work on /home/airflow/.local/lib/python3.6/site-packages/airflow/example_dags/tutorial_taskflow_api_etl_virtualenv.py
[2023-12-22 21:10:31,848] {processor.py:642} INFO - Processing file /home/airflow/.local/lib/python3.6/site-packages/airflow/example_dags/tutorial_taskflow_api_etl_virtualenv.py for tasks to queue
[2023-12-22 21:10:31,849] {logging_mixin.py:109} INFO - [2023-12-22 21:10:31,849] {dagbag.py:500} INFO - Filling up the DagBag from /home/airflow/.local/lib/python3.6/site-packages/airflow/example_dags/tutorial_taskflow_api_etl_virtualenv.py
[2023-12-22 21:10:31,865] {processor.py:652} INFO - DAG(s) dict_keys(['tutorial_taskflow_api_etl_virtualenv']) retrieved from /home/airflow/.local/lib/python3.6/site-packages/airflow/example_dags/tutorial_taskflow_api_etl_virtualenv.py
[2023-12-22 21:10:32,016] {logging_mixin.py:109} INFO - [2023-12-22 21:10:32,016] {dag.py:2398} INFO - Sync 1 DAGs
[2023-12-22 21:10:32,030] {logging_mixin.py:109} INFO - [2023-12-22 21:10:32,030] {dag.py:2937} INFO - Setting next_dagrun for tutorial_taskflow_api_etl_virtualenv to None
[2023-12-22 21:10:32,062] {processor.py:171} INFO - Processing /home/airflow/.local/lib/python3.6/site-packages/airflow/example_dags/tutorial_taskflow_api_etl_virtualenv.py took 0.218 seconds
[2023-12-22 21:11:02,700] {processor.py:163} INFO - Started process (PID=4146) to work on /home/airflow/.local/lib/python3.6/site-packages/airflow/example_dags/tutorial_taskflow_api_etl_virtualenv.py
[2023-12-22 21:11:02,701] {processor.py:642} INFO - Processing file /home/airflow/.local/lib/python3.6/site-packages/airflow/example_dags/tutorial_taskflow_api_etl_virtualenv.py for tasks to queue
[2023-12-22 21:11:02,702] {logging_mixin.py:109} INFO - [2023-12-22 21:11:02,702] {dagbag.py:500} INFO - Filling up the DagBag from /home/airflow/.local/lib/python3.6/site-packages/airflow/example_dags/tutorial_taskflow_api_etl_virtualenv.py
[2023-12-22 21:11:02,716] {processor.py:652} INFO - DAG(s) dict_keys(['tutorial_taskflow_api_etl_virtualenv']) retrieved from /home/airflow/.local/lib/python3.6/site-packages/airflow/example_dags/tutorial_taskflow_api_etl_virtualenv.py
[2023-12-22 21:11:02,847] {logging_mixin.py:109} INFO - [2023-12-22 21:11:02,847] {dag.py:2398} INFO - Sync 1 DAGs
[2023-12-22 21:11:02,859] {logging_mixin.py:109} INFO - [2023-12-22 21:11:02,858] {dag.py:2937} INFO - Setting next_dagrun for tutorial_taskflow_api_etl_virtualenv to None
[2023-12-22 21:11:02,890] {processor.py:171} INFO - Processing /home/airflow/.local/lib/python3.6/site-packages/airflow/example_dags/tutorial_taskflow_api_etl_virtualenv.py took 0.193 seconds
[2023-12-22 21:11:33,048] {processor.py:163} INFO - Started process (PID=4210) to work on /home/airflow/.local/lib/python3.6/site-packages/airflow/example_dags/tutorial_taskflow_api_etl_virtualenv.py
[2023-12-22 21:11:33,049] {processor.py:642} INFO - Processing file /home/airflow/.local/lib/python3.6/site-packages/airflow/example_dags/tutorial_taskflow_api_etl_virtualenv.py for tasks to queue
[2023-12-22 21:11:33,050] {logging_mixin.py:109} INFO - [2023-12-22 21:11:33,050] {dagbag.py:500} INFO - Filling up the DagBag from /home/airflow/.local/lib/python3.6/site-packages/airflow/example_dags/tutorial_taskflow_api_etl_virtualenv.py
[2023-12-22 21:11:33,066] {processor.py:652} INFO - DAG(s) dict_keys(['tutorial_taskflow_api_etl_virtualenv']) retrieved from /home/airflow/.local/lib/python3.6/site-packages/airflow/example_dags/tutorial_taskflow_api_etl_virtualenv.py
[2023-12-22 21:11:33,251] {logging_mixin.py:109} INFO - [2023-12-22 21:11:33,251] {dag.py:2398} INFO - Sync 1 DAGs
[2023-12-22 21:11:33,349] {logging_mixin.py:109} INFO - [2023-12-22 21:11:33,348] {dag.py:2937} INFO - Setting next_dagrun for tutorial_taskflow_api_etl_virtualenv to None
[2023-12-22 21:11:33,368] {processor.py:171} INFO - Processing /home/airflow/.local/lib/python3.6/site-packages/airflow/example_dags/tutorial_taskflow_api_etl_virtualenv.py took 0.323 seconds
[2023-12-22 21:12:03,536] {processor.py:163} INFO - Started process (PID=4284) to work on /home/airflow/.local/lib/python3.6/site-packages/airflow/example_dags/tutorial_taskflow_api_etl_virtualenv.py
[2023-12-22 21:12:03,537] {processor.py:642} INFO - Processing file /home/airflow/.local/lib/python3.6/site-packages/airflow/example_dags/tutorial_taskflow_api_etl_virtualenv.py for tasks to queue
[2023-12-22 21:12:03,538] {logging_mixin.py:109} INFO - [2023-12-22 21:12:03,538] {dagbag.py:500} INFO - Filling up the DagBag from /home/airflow/.local/lib/python3.6/site-packages/airflow/example_dags/tutorial_taskflow_api_etl_virtualenv.py
[2023-12-22 21:12:03,552] {processor.py:652} INFO - DAG(s) dict_keys(['tutorial_taskflow_api_etl_virtualenv']) retrieved from /home/airflow/.local/lib/python3.6/site-packages/airflow/example_dags/tutorial_taskflow_api_etl_virtualenv.py
[2023-12-22 21:12:03,725] {logging_mixin.py:109} INFO - [2023-12-22 21:12:03,725] {dag.py:2398} INFO - Sync 1 DAGs
[2023-12-22 21:12:03,740] {logging_mixin.py:109} INFO - [2023-12-22 21:12:03,740] {dag.py:2937} INFO - Setting next_dagrun for tutorial_taskflow_api_etl_virtualenv to None
[2023-12-22 21:12:03,750] {processor.py:171} INFO - Processing /home/airflow/.local/lib/python3.6/site-packages/airflow/example_dags/tutorial_taskflow_api_etl_virtualenv.py took 0.217 seconds
