[2023-12-22 20:40:28,404] {processor.py:163} INFO - Started process (PID=72) to work on /home/airflow/.local/lib/python3.6/site-packages/airflow/example_dags/tutorial_taskflow_api_etl.py
[2023-12-22 20:40:28,405] {processor.py:642} INFO - Processing file /home/airflow/.local/lib/python3.6/site-packages/airflow/example_dags/tutorial_taskflow_api_etl.py for tasks to queue
[2023-12-22 20:40:28,406] {logging_mixin.py:109} INFO - [2023-12-22 20:40:28,406] {dagbag.py:500} INFO - Filling up the DagBag from /home/airflow/.local/lib/python3.6/site-packages/airflow/example_dags/tutorial_taskflow_api_etl.py
[2023-12-22 20:40:28,430] {processor.py:652} INFO - DAG(s) dict_keys(['tutorial_taskflow_api_etl']) retrieved from /home/airflow/.local/lib/python3.6/site-packages/airflow/example_dags/tutorial_taskflow_api_etl.py
[2023-12-22 20:40:28,725] {logging_mixin.py:109} INFO - [2023-12-22 20:40:28,725] {dag.py:2398} INFO - Sync 1 DAGs
[2023-12-22 20:40:28,741] {logging_mixin.py:109} INFO - [2023-12-22 20:40:28,741] {dag.py:2937} INFO - Setting next_dagrun for tutorial_taskflow_api_etl to None
[2023-12-22 20:40:28,766] {processor.py:171} INFO - Processing /home/airflow/.local/lib/python3.6/site-packages/airflow/example_dags/tutorial_taskflow_api_etl.py took 0.366 seconds
[2023-12-22 20:40:59,695] {processor.py:163} INFO - Started process (PID=137) to work on /home/airflow/.local/lib/python3.6/site-packages/airflow/example_dags/tutorial_taskflow_api_etl.py
[2023-12-22 20:40:59,696] {processor.py:642} INFO - Processing file /home/airflow/.local/lib/python3.6/site-packages/airflow/example_dags/tutorial_taskflow_api_etl.py for tasks to queue
[2023-12-22 20:40:59,698] {logging_mixin.py:109} INFO - [2023-12-22 20:40:59,698] {dagbag.py:500} INFO - Filling up the DagBag from /home/airflow/.local/lib/python3.6/site-packages/airflow/example_dags/tutorial_taskflow_api_etl.py
[2023-12-22 20:40:59,719] {processor.py:652} INFO - DAG(s) dict_keys(['tutorial_taskflow_api_etl']) retrieved from /home/airflow/.local/lib/python3.6/site-packages/airflow/example_dags/tutorial_taskflow_api_etl.py
[2023-12-22 20:41:00,057] {logging_mixin.py:109} INFO - [2023-12-22 20:41:00,057] {dag.py:2398} INFO - Sync 1 DAGs
[2023-12-22 20:41:00,075] {logging_mixin.py:109} INFO - [2023-12-22 20:41:00,075] {dag.py:2937} INFO - Setting next_dagrun for tutorial_taskflow_api_etl to None
[2023-12-22 20:41:00,109] {processor.py:171} INFO - Processing /home/airflow/.local/lib/python3.6/site-packages/airflow/example_dags/tutorial_taskflow_api_etl.py took 0.418 seconds
[2023-12-22 20:41:32,678] {processor.py:163} INFO - Started process (PID=211) to work on /home/airflow/.local/lib/python3.6/site-packages/airflow/example_dags/tutorial_taskflow_api_etl.py
[2023-12-22 20:41:32,679] {processor.py:642} INFO - Processing file /home/airflow/.local/lib/python3.6/site-packages/airflow/example_dags/tutorial_taskflow_api_etl.py for tasks to queue
[2023-12-22 20:41:32,680] {logging_mixin.py:109} INFO - [2023-12-22 20:41:32,680] {dagbag.py:500} INFO - Filling up the DagBag from /home/airflow/.local/lib/python3.6/site-packages/airflow/example_dags/tutorial_taskflow_api_etl.py
[2023-12-22 20:41:32,715] {processor.py:652} INFO - DAG(s) dict_keys(['tutorial_taskflow_api_etl']) retrieved from /home/airflow/.local/lib/python3.6/site-packages/airflow/example_dags/tutorial_taskflow_api_etl.py
[2023-12-22 20:41:33,457] {logging_mixin.py:109} INFO - [2023-12-22 20:41:33,457] {dag.py:2398} INFO - Sync 1 DAGs
[2023-12-22 20:41:33,508] {logging_mixin.py:109} INFO - [2023-12-22 20:41:33,508] {dag.py:2937} INFO - Setting next_dagrun for tutorial_taskflow_api_etl to None
[2023-12-22 20:41:33,590] {processor.py:171} INFO - Processing /home/airflow/.local/lib/python3.6/site-packages/airflow/example_dags/tutorial_taskflow_api_etl.py took 0.915 seconds
[2023-12-22 20:42:09,776] {processor.py:163} INFO - Started process (PID=285) to work on /home/airflow/.local/lib/python3.6/site-packages/airflow/example_dags/tutorial_taskflow_api_etl.py
[2023-12-22 20:42:09,782] {processor.py:642} INFO - Processing file /home/airflow/.local/lib/python3.6/site-packages/airflow/example_dags/tutorial_taskflow_api_etl.py for tasks to queue
[2023-12-22 20:42:09,783] {logging_mixin.py:109} INFO - [2023-12-22 20:42:09,783] {dagbag.py:500} INFO - Filling up the DagBag from /home/airflow/.local/lib/python3.6/site-packages/airflow/example_dags/tutorial_taskflow_api_etl.py
[2023-12-22 20:42:09,804] {processor.py:652} INFO - DAG(s) dict_keys(['tutorial_taskflow_api_etl']) retrieved from /home/airflow/.local/lib/python3.6/site-packages/airflow/example_dags/tutorial_taskflow_api_etl.py
[2023-12-22 20:42:10,482] {logging_mixin.py:109} INFO - [2023-12-22 20:42:10,481] {dag.py:2398} INFO - Sync 1 DAGs
[2023-12-22 20:42:10,571] {logging_mixin.py:109} INFO - [2023-12-22 20:42:10,570] {dag.py:2937} INFO - Setting next_dagrun for tutorial_taskflow_api_etl to None
[2023-12-22 20:42:10,661] {processor.py:171} INFO - Processing /home/airflow/.local/lib/python3.6/site-packages/airflow/example_dags/tutorial_taskflow_api_etl.py took 0.887 seconds
[2023-12-22 20:42:42,386] {processor.py:163} INFO - Started process (PID=349) to work on /home/airflow/.local/lib/python3.6/site-packages/airflow/example_dags/tutorial_taskflow_api_etl.py
[2023-12-22 20:42:42,641] {processor.py:642} INFO - Processing file /home/airflow/.local/lib/python3.6/site-packages/airflow/example_dags/tutorial_taskflow_api_etl.py for tasks to queue
[2023-12-22 20:42:42,642] {logging_mixin.py:109} INFO - [2023-12-22 20:42:42,642] {dagbag.py:500} INFO - Filling up the DagBag from /home/airflow/.local/lib/python3.6/site-packages/airflow/example_dags/tutorial_taskflow_api_etl.py
[2023-12-22 20:42:42,671] {processor.py:652} INFO - DAG(s) dict_keys(['tutorial_taskflow_api_etl']) retrieved from /home/airflow/.local/lib/python3.6/site-packages/airflow/example_dags/tutorial_taskflow_api_etl.py
[2023-12-22 20:42:43,613] {logging_mixin.py:109} INFO - [2023-12-22 20:42:43,613] {dag.py:2398} INFO - Sync 1 DAGs
[2023-12-22 20:42:43,723] {logging_mixin.py:109} INFO - [2023-12-22 20:42:43,722] {dag.py:2937} INFO - Setting next_dagrun for tutorial_taskflow_api_etl to None
[2023-12-22 20:42:43,839] {processor.py:171} INFO - Processing /home/airflow/.local/lib/python3.6/site-packages/airflow/example_dags/tutorial_taskflow_api_etl.py took 1.458 seconds
[2023-12-22 20:43:14,548] {processor.py:163} INFO - Started process (PID=423) to work on /home/airflow/.local/lib/python3.6/site-packages/airflow/example_dags/tutorial_taskflow_api_etl.py
[2023-12-22 20:43:14,549] {processor.py:642} INFO - Processing file /home/airflow/.local/lib/python3.6/site-packages/airflow/example_dags/tutorial_taskflow_api_etl.py for tasks to queue
[2023-12-22 20:43:14,560] {logging_mixin.py:109} INFO - [2023-12-22 20:43:14,560] {dagbag.py:500} INFO - Filling up the DagBag from /home/airflow/.local/lib/python3.6/site-packages/airflow/example_dags/tutorial_taskflow_api_etl.py
[2023-12-22 20:43:14,584] {processor.py:652} INFO - DAG(s) dict_keys(['tutorial_taskflow_api_etl']) retrieved from /home/airflow/.local/lib/python3.6/site-packages/airflow/example_dags/tutorial_taskflow_api_etl.py
[2023-12-22 20:43:15,330] {logging_mixin.py:109} INFO - [2023-12-22 20:43:15,330] {dag.py:2398} INFO - Sync 1 DAGs
[2023-12-22 20:43:15,440] {logging_mixin.py:109} INFO - [2023-12-22 20:43:15,439] {dag.py:2937} INFO - Setting next_dagrun for tutorial_taskflow_api_etl to None
[2023-12-22 20:43:15,470] {processor.py:171} INFO - Processing /home/airflow/.local/lib/python3.6/site-packages/airflow/example_dags/tutorial_taskflow_api_etl.py took 0.924 seconds
[2023-12-22 20:43:46,435] {processor.py:163} INFO - Started process (PID=490) to work on /home/airflow/.local/lib/python3.6/site-packages/airflow/example_dags/tutorial_taskflow_api_etl.py
[2023-12-22 20:43:46,442] {processor.py:642} INFO - Processing file /home/airflow/.local/lib/python3.6/site-packages/airflow/example_dags/tutorial_taskflow_api_etl.py for tasks to queue
[2023-12-22 20:43:46,443] {logging_mixin.py:109} INFO - [2023-12-22 20:43:46,443] {dagbag.py:500} INFO - Filling up the DagBag from /home/airflow/.local/lib/python3.6/site-packages/airflow/example_dags/tutorial_taskflow_api_etl.py
[2023-12-22 20:43:46,474] {processor.py:652} INFO - DAG(s) dict_keys(['tutorial_taskflow_api_etl']) retrieved from /home/airflow/.local/lib/python3.6/site-packages/airflow/example_dags/tutorial_taskflow_api_etl.py
[2023-12-22 20:43:46,945] {logging_mixin.py:109} INFO - [2023-12-22 20:43:46,944] {dag.py:2398} INFO - Sync 1 DAGs
[2023-12-22 20:43:47,068] {logging_mixin.py:109} INFO - [2023-12-22 20:43:47,068] {dag.py:2937} INFO - Setting next_dagrun for tutorial_taskflow_api_etl to None
[2023-12-22 20:43:47,199] {processor.py:171} INFO - Processing /home/airflow/.local/lib/python3.6/site-packages/airflow/example_dags/tutorial_taskflow_api_etl.py took 0.766 seconds
[2023-12-22 20:44:17,716] {processor.py:163} INFO - Started process (PID=554) to work on /home/airflow/.local/lib/python3.6/site-packages/airflow/example_dags/tutorial_taskflow_api_etl.py
[2023-12-22 20:44:17,718] {processor.py:642} INFO - Processing file /home/airflow/.local/lib/python3.6/site-packages/airflow/example_dags/tutorial_taskflow_api_etl.py for tasks to queue
[2023-12-22 20:44:17,718] {logging_mixin.py:109} INFO - [2023-12-22 20:44:17,718] {dagbag.py:500} INFO - Filling up the DagBag from /home/airflow/.local/lib/python3.6/site-packages/airflow/example_dags/tutorial_taskflow_api_etl.py
[2023-12-22 20:44:17,734] {processor.py:652} INFO - DAG(s) dict_keys(['tutorial_taskflow_api_etl']) retrieved from /home/airflow/.local/lib/python3.6/site-packages/airflow/example_dags/tutorial_taskflow_api_etl.py
[2023-12-22 20:44:18,221] {logging_mixin.py:109} INFO - [2023-12-22 20:44:18,221] {dag.py:2398} INFO - Sync 1 DAGs
[2023-12-22 20:44:18,234] {logging_mixin.py:109} INFO - [2023-12-22 20:44:18,234] {dag.py:2937} INFO - Setting next_dagrun for tutorial_taskflow_api_etl to None
[2023-12-22 20:44:18,253] {processor.py:171} INFO - Processing /home/airflow/.local/lib/python3.6/site-packages/airflow/example_dags/tutorial_taskflow_api_etl.py took 0.539 seconds
[2023-12-22 20:44:48,533] {processor.py:163} INFO - Started process (PID=630) to work on /home/airflow/.local/lib/python3.6/site-packages/airflow/example_dags/tutorial_taskflow_api_etl.py
[2023-12-22 20:44:48,535] {processor.py:642} INFO - Processing file /home/airflow/.local/lib/python3.6/site-packages/airflow/example_dags/tutorial_taskflow_api_etl.py for tasks to queue
[2023-12-22 20:44:48,536] {logging_mixin.py:109} INFO - [2023-12-22 20:44:48,536] {dagbag.py:500} INFO - Filling up the DagBag from /home/airflow/.local/lib/python3.6/site-packages/airflow/example_dags/tutorial_taskflow_api_etl.py
[2023-12-22 20:44:48,554] {processor.py:652} INFO - DAG(s) dict_keys(['tutorial_taskflow_api_etl']) retrieved from /home/airflow/.local/lib/python3.6/site-packages/airflow/example_dags/tutorial_taskflow_api_etl.py
[2023-12-22 20:44:49,863] {logging_mixin.py:109} INFO - [2023-12-22 20:44:49,863] {dag.py:2398} INFO - Sync 1 DAGs
[2023-12-22 20:44:49,956] {logging_mixin.py:109} INFO - [2023-12-22 20:44:49,956] {dag.py:2937} INFO - Setting next_dagrun for tutorial_taskflow_api_etl to None
[2023-12-22 20:44:50,081] {processor.py:171} INFO - Processing /home/airflow/.local/lib/python3.6/site-packages/airflow/example_dags/tutorial_taskflow_api_etl.py took 1.552 seconds
[2023-12-22 20:45:21,007] {processor.py:163} INFO - Started process (PID=694) to work on /home/airflow/.local/lib/python3.6/site-packages/airflow/example_dags/tutorial_taskflow_api_etl.py
[2023-12-22 20:45:21,008] {processor.py:642} INFO - Processing file /home/airflow/.local/lib/python3.6/site-packages/airflow/example_dags/tutorial_taskflow_api_etl.py for tasks to queue
[2023-12-22 20:45:21,009] {logging_mixin.py:109} INFO - [2023-12-22 20:45:21,009] {dagbag.py:500} INFO - Filling up the DagBag from /home/airflow/.local/lib/python3.6/site-packages/airflow/example_dags/tutorial_taskflow_api_etl.py
[2023-12-22 20:45:21,025] {processor.py:652} INFO - DAG(s) dict_keys(['tutorial_taskflow_api_etl']) retrieved from /home/airflow/.local/lib/python3.6/site-packages/airflow/example_dags/tutorial_taskflow_api_etl.py
[2023-12-22 20:45:21,269] {logging_mixin.py:109} INFO - [2023-12-22 20:45:21,269] {dag.py:2398} INFO - Sync 1 DAGs
[2023-12-22 20:45:21,307] {logging_mixin.py:109} INFO - [2023-12-22 20:45:21,306] {dag.py:2937} INFO - Setting next_dagrun for tutorial_taskflow_api_etl to None
[2023-12-22 20:45:21,436] {processor.py:171} INFO - Processing /home/airflow/.local/lib/python3.6/site-packages/airflow/example_dags/tutorial_taskflow_api_etl.py took 0.431 seconds
[2023-12-22 20:45:51,935] {processor.py:163} INFO - Started process (PID=769) to work on /home/airflow/.local/lib/python3.6/site-packages/airflow/example_dags/tutorial_taskflow_api_etl.py
[2023-12-22 20:45:51,936] {processor.py:642} INFO - Processing file /home/airflow/.local/lib/python3.6/site-packages/airflow/example_dags/tutorial_taskflow_api_etl.py for tasks to queue
[2023-12-22 20:45:51,937] {logging_mixin.py:109} INFO - [2023-12-22 20:45:51,937] {dagbag.py:500} INFO - Filling up the DagBag from /home/airflow/.local/lib/python3.6/site-packages/airflow/example_dags/tutorial_taskflow_api_etl.py
[2023-12-22 20:45:52,042] {processor.py:652} INFO - DAG(s) dict_keys(['tutorial_taskflow_api_etl']) retrieved from /home/airflow/.local/lib/python3.6/site-packages/airflow/example_dags/tutorial_taskflow_api_etl.py
[2023-12-22 20:45:52,461] {logging_mixin.py:109} INFO - [2023-12-22 20:45:52,461] {dag.py:2398} INFO - Sync 1 DAGs
[2023-12-22 20:45:52,567] {logging_mixin.py:109} INFO - [2023-12-22 20:45:52,567] {dag.py:2937} INFO - Setting next_dagrun for tutorial_taskflow_api_etl to None
[2023-12-22 20:45:52,649] {processor.py:171} INFO - Processing /home/airflow/.local/lib/python3.6/site-packages/airflow/example_dags/tutorial_taskflow_api_etl.py took 0.716 seconds
[2023-12-22 20:46:22,792] {processor.py:163} INFO - Started process (PID=835) to work on /home/airflow/.local/lib/python3.6/site-packages/airflow/example_dags/tutorial_taskflow_api_etl.py
[2023-12-22 20:46:22,794] {processor.py:642} INFO - Processing file /home/airflow/.local/lib/python3.6/site-packages/airflow/example_dags/tutorial_taskflow_api_etl.py for tasks to queue
[2023-12-22 20:46:22,795] {logging_mixin.py:109} INFO - [2023-12-22 20:46:22,795] {dagbag.py:500} INFO - Filling up the DagBag from /home/airflow/.local/lib/python3.6/site-packages/airflow/example_dags/tutorial_taskflow_api_etl.py
[2023-12-22 20:46:22,886] {processor.py:652} INFO - DAG(s) dict_keys(['tutorial_taskflow_api_etl']) retrieved from /home/airflow/.local/lib/python3.6/site-packages/airflow/example_dags/tutorial_taskflow_api_etl.py
[2023-12-22 20:46:23,075] {logging_mixin.py:109} INFO - [2023-12-22 20:46:23,075] {dag.py:2398} INFO - Sync 1 DAGs
[2023-12-22 20:46:23,087] {logging_mixin.py:109} INFO - [2023-12-22 20:46:23,087] {dag.py:2937} INFO - Setting next_dagrun for tutorial_taskflow_api_etl to None
[2023-12-22 20:46:23,097] {processor.py:171} INFO - Processing /home/airflow/.local/lib/python3.6/site-packages/airflow/example_dags/tutorial_taskflow_api_etl.py took 0.307 seconds
[2023-12-22 20:46:53,353] {processor.py:163} INFO - Started process (PID=906) to work on /home/airflow/.local/lib/python3.6/site-packages/airflow/example_dags/tutorial_taskflow_api_etl.py
[2023-12-22 20:46:53,355] {processor.py:642} INFO - Processing file /home/airflow/.local/lib/python3.6/site-packages/airflow/example_dags/tutorial_taskflow_api_etl.py for tasks to queue
[2023-12-22 20:46:53,355] {logging_mixin.py:109} INFO - [2023-12-22 20:46:53,355] {dagbag.py:500} INFO - Filling up the DagBag from /home/airflow/.local/lib/python3.6/site-packages/airflow/example_dags/tutorial_taskflow_api_etl.py
[2023-12-22 20:46:53,464] {processor.py:652} INFO - DAG(s) dict_keys(['tutorial_taskflow_api_etl']) retrieved from /home/airflow/.local/lib/python3.6/site-packages/airflow/example_dags/tutorial_taskflow_api_etl.py
[2023-12-22 20:46:53,687] {logging_mixin.py:109} INFO - [2023-12-22 20:46:53,686] {dag.py:2398} INFO - Sync 1 DAGs
[2023-12-22 20:46:53,703] {logging_mixin.py:109} INFO - [2023-12-22 20:46:53,702] {dag.py:2937} INFO - Setting next_dagrun for tutorial_taskflow_api_etl to None
[2023-12-22 20:46:53,713] {processor.py:171} INFO - Processing /home/airflow/.local/lib/python3.6/site-packages/airflow/example_dags/tutorial_taskflow_api_etl.py took 0.363 seconds
[2023-12-22 20:47:24,210] {processor.py:163} INFO - Started process (PID=970) to work on /home/airflow/.local/lib/python3.6/site-packages/airflow/example_dags/tutorial_taskflow_api_etl.py
[2023-12-22 20:47:24,211] {processor.py:642} INFO - Processing file /home/airflow/.local/lib/python3.6/site-packages/airflow/example_dags/tutorial_taskflow_api_etl.py for tasks to queue
[2023-12-22 20:47:24,212] {logging_mixin.py:109} INFO - [2023-12-22 20:47:24,212] {dagbag.py:500} INFO - Filling up the DagBag from /home/airflow/.local/lib/python3.6/site-packages/airflow/example_dags/tutorial_taskflow_api_etl.py
[2023-12-22 20:47:24,297] {processor.py:652} INFO - DAG(s) dict_keys(['tutorial_taskflow_api_etl']) retrieved from /home/airflow/.local/lib/python3.6/site-packages/airflow/example_dags/tutorial_taskflow_api_etl.py
[2023-12-22 20:47:24,459] {logging_mixin.py:109} INFO - [2023-12-22 20:47:24,459] {dag.py:2398} INFO - Sync 1 DAGs
[2023-12-22 20:47:24,472] {logging_mixin.py:109} INFO - [2023-12-22 20:47:24,472] {dag.py:2937} INFO - Setting next_dagrun for tutorial_taskflow_api_etl to None
[2023-12-22 20:47:24,504] {processor.py:171} INFO - Processing /home/airflow/.local/lib/python3.6/site-packages/airflow/example_dags/tutorial_taskflow_api_etl.py took 0.297 seconds
[2023-12-22 20:47:54,531] {processor.py:163} INFO - Started process (PID=1044) to work on /home/airflow/.local/lib/python3.6/site-packages/airflow/example_dags/tutorial_taskflow_api_etl.py
[2023-12-22 20:47:54,532] {processor.py:642} INFO - Processing file /home/airflow/.local/lib/python3.6/site-packages/airflow/example_dags/tutorial_taskflow_api_etl.py for tasks to queue
[2023-12-22 20:47:54,533] {logging_mixin.py:109} INFO - [2023-12-22 20:47:54,533] {dagbag.py:500} INFO - Filling up the DagBag from /home/airflow/.local/lib/python3.6/site-packages/airflow/example_dags/tutorial_taskflow_api_etl.py
[2023-12-22 20:47:54,621] {processor.py:652} INFO - DAG(s) dict_keys(['tutorial_taskflow_api_etl']) retrieved from /home/airflow/.local/lib/python3.6/site-packages/airflow/example_dags/tutorial_taskflow_api_etl.py
[2023-12-22 20:47:54,791] {logging_mixin.py:109} INFO - [2023-12-22 20:47:54,790] {dag.py:2398} INFO - Sync 1 DAGs
[2023-12-22 20:47:54,802] {logging_mixin.py:109} INFO - [2023-12-22 20:47:54,802] {dag.py:2937} INFO - Setting next_dagrun for tutorial_taskflow_api_etl to None
[2023-12-22 20:47:54,833] {processor.py:171} INFO - Processing /home/airflow/.local/lib/python3.6/site-packages/airflow/example_dags/tutorial_taskflow_api_etl.py took 0.305 seconds
[2023-12-22 20:48:24,882] {processor.py:163} INFO - Started process (PID=1116) to work on /home/airflow/.local/lib/python3.6/site-packages/airflow/example_dags/tutorial_taskflow_api_etl.py
[2023-12-22 20:48:24,883] {processor.py:642} INFO - Processing file /home/airflow/.local/lib/python3.6/site-packages/airflow/example_dags/tutorial_taskflow_api_etl.py for tasks to queue
[2023-12-22 20:48:24,884] {logging_mixin.py:109} INFO - [2023-12-22 20:48:24,884] {dagbag.py:500} INFO - Filling up the DagBag from /home/airflow/.local/lib/python3.6/site-packages/airflow/example_dags/tutorial_taskflow_api_etl.py
[2023-12-22 20:48:24,989] {processor.py:652} INFO - DAG(s) dict_keys(['tutorial_taskflow_api_etl']) retrieved from /home/airflow/.local/lib/python3.6/site-packages/airflow/example_dags/tutorial_taskflow_api_etl.py
[2023-12-22 20:48:25,243] {logging_mixin.py:109} INFO - [2023-12-22 20:48:25,243] {dag.py:2398} INFO - Sync 1 DAGs
[2023-12-22 20:48:25,260] {logging_mixin.py:109} INFO - [2023-12-22 20:48:25,260] {dag.py:2937} INFO - Setting next_dagrun for tutorial_taskflow_api_etl to None
[2023-12-22 20:48:25,293] {processor.py:171} INFO - Processing /home/airflow/.local/lib/python3.6/site-packages/airflow/example_dags/tutorial_taskflow_api_etl.py took 0.413 seconds
[2023-12-22 20:48:56,177] {processor.py:163} INFO - Started process (PID=1182) to work on /home/airflow/.local/lib/python3.6/site-packages/airflow/example_dags/tutorial_taskflow_api_etl.py
[2023-12-22 20:48:56,178] {processor.py:642} INFO - Processing file /home/airflow/.local/lib/python3.6/site-packages/airflow/example_dags/tutorial_taskflow_api_etl.py for tasks to queue
[2023-12-22 20:48:56,179] {logging_mixin.py:109} INFO - [2023-12-22 20:48:56,179] {dagbag.py:500} INFO - Filling up the DagBag from /home/airflow/.local/lib/python3.6/site-packages/airflow/example_dags/tutorial_taskflow_api_etl.py
[2023-12-22 20:48:56,273] {processor.py:652} INFO - DAG(s) dict_keys(['tutorial_taskflow_api_etl']) retrieved from /home/airflow/.local/lib/python3.6/site-packages/airflow/example_dags/tutorial_taskflow_api_etl.py
[2023-12-22 20:48:56,438] {logging_mixin.py:109} INFO - [2023-12-22 20:48:56,438] {dag.py:2398} INFO - Sync 1 DAGs
[2023-12-22 20:48:56,452] {logging_mixin.py:109} INFO - [2023-12-22 20:48:56,452] {dag.py:2937} INFO - Setting next_dagrun for tutorial_taskflow_api_etl to None
[2023-12-22 20:48:56,481] {processor.py:171} INFO - Processing /home/airflow/.local/lib/python3.6/site-packages/airflow/example_dags/tutorial_taskflow_api_etl.py took 0.307 seconds
[2023-12-22 20:49:26,701] {processor.py:163} INFO - Started process (PID=1256) to work on /home/airflow/.local/lib/python3.6/site-packages/airflow/example_dags/tutorial_taskflow_api_etl.py
[2023-12-22 20:49:26,702] {processor.py:642} INFO - Processing file /home/airflow/.local/lib/python3.6/site-packages/airflow/example_dags/tutorial_taskflow_api_etl.py for tasks to queue
[2023-12-22 20:49:26,703] {logging_mixin.py:109} INFO - [2023-12-22 20:49:26,703] {dagbag.py:500} INFO - Filling up the DagBag from /home/airflow/.local/lib/python3.6/site-packages/airflow/example_dags/tutorial_taskflow_api_etl.py
[2023-12-22 20:49:26,808] {processor.py:652} INFO - DAG(s) dict_keys(['tutorial_taskflow_api_etl']) retrieved from /home/airflow/.local/lib/python3.6/site-packages/airflow/example_dags/tutorial_taskflow_api_etl.py
[2023-12-22 20:49:27,300] {logging_mixin.py:109} INFO - [2023-12-22 20:49:27,300] {dag.py:2398} INFO - Sync 1 DAGs
[2023-12-22 20:49:27,313] {logging_mixin.py:109} INFO - [2023-12-22 20:49:27,313] {dag.py:2937} INFO - Setting next_dagrun for tutorial_taskflow_api_etl to None
[2023-12-22 20:49:27,323] {processor.py:171} INFO - Processing /home/airflow/.local/lib/python3.6/site-packages/airflow/example_dags/tutorial_taskflow_api_etl.py took 0.624 seconds
[2023-12-22 20:49:58,229] {processor.py:163} INFO - Started process (PID=1321) to work on /home/airflow/.local/lib/python3.6/site-packages/airflow/example_dags/tutorial_taskflow_api_etl.py
[2023-12-22 20:49:58,233] {processor.py:642} INFO - Processing file /home/airflow/.local/lib/python3.6/site-packages/airflow/example_dags/tutorial_taskflow_api_etl.py for tasks to queue
[2023-12-22 20:49:58,235] {logging_mixin.py:109} INFO - [2023-12-22 20:49:58,235] {dagbag.py:500} INFO - Filling up the DagBag from /home/airflow/.local/lib/python3.6/site-packages/airflow/example_dags/tutorial_taskflow_api_etl.py
[2023-12-22 20:49:58,254] {processor.py:652} INFO - DAG(s) dict_keys(['tutorial_taskflow_api_etl']) retrieved from /home/airflow/.local/lib/python3.6/site-packages/airflow/example_dags/tutorial_taskflow_api_etl.py
[2023-12-22 20:49:58,419] {logging_mixin.py:109} INFO - [2023-12-22 20:49:58,419] {dag.py:2398} INFO - Sync 1 DAGs
[2023-12-22 20:49:58,434] {logging_mixin.py:109} INFO - [2023-12-22 20:49:58,434] {dag.py:2937} INFO - Setting next_dagrun for tutorial_taskflow_api_etl to None
[2023-12-22 20:49:58,442] {processor.py:171} INFO - Processing /home/airflow/.local/lib/python3.6/site-packages/airflow/example_dags/tutorial_taskflow_api_etl.py took 0.216 seconds
[2023-12-22 20:50:28,501] {processor.py:163} INFO - Started process (PID=1395) to work on /home/airflow/.local/lib/python3.6/site-packages/airflow/example_dags/tutorial_taskflow_api_etl.py
[2023-12-22 20:50:28,506] {processor.py:642} INFO - Processing file /home/airflow/.local/lib/python3.6/site-packages/airflow/example_dags/tutorial_taskflow_api_etl.py for tasks to queue
[2023-12-22 20:50:28,507] {logging_mixin.py:109} INFO - [2023-12-22 20:50:28,507] {dagbag.py:500} INFO - Filling up the DagBag from /home/airflow/.local/lib/python3.6/site-packages/airflow/example_dags/tutorial_taskflow_api_etl.py
[2023-12-22 20:50:28,528] {processor.py:652} INFO - DAG(s) dict_keys(['tutorial_taskflow_api_etl']) retrieved from /home/airflow/.local/lib/python3.6/site-packages/airflow/example_dags/tutorial_taskflow_api_etl.py
[2023-12-22 20:50:28,707] {logging_mixin.py:109} INFO - [2023-12-22 20:50:28,707] {dag.py:2398} INFO - Sync 1 DAGs
[2023-12-22 20:50:28,724] {logging_mixin.py:109} INFO - [2023-12-22 20:50:28,724] {dag.py:2937} INFO - Setting next_dagrun for tutorial_taskflow_api_etl to None
[2023-12-22 20:50:28,734] {processor.py:171} INFO - Processing /home/airflow/.local/lib/python3.6/site-packages/airflow/example_dags/tutorial_taskflow_api_etl.py took 0.235 seconds
[2023-12-22 20:50:59,086] {processor.py:163} INFO - Started process (PID=1458) to work on /home/airflow/.local/lib/python3.6/site-packages/airflow/example_dags/tutorial_taskflow_api_etl.py
[2023-12-22 20:50:59,087] {processor.py:642} INFO - Processing file /home/airflow/.local/lib/python3.6/site-packages/airflow/example_dags/tutorial_taskflow_api_etl.py for tasks to queue
[2023-12-22 20:50:59,087] {logging_mixin.py:109} INFO - [2023-12-22 20:50:59,087] {dagbag.py:500} INFO - Filling up the DagBag from /home/airflow/.local/lib/python3.6/site-packages/airflow/example_dags/tutorial_taskflow_api_etl.py
[2023-12-22 20:50:59,108] {processor.py:652} INFO - DAG(s) dict_keys(['tutorial_taskflow_api_etl']) retrieved from /home/airflow/.local/lib/python3.6/site-packages/airflow/example_dags/tutorial_taskflow_api_etl.py
[2023-12-22 20:50:59,314] {logging_mixin.py:109} INFO - [2023-12-22 20:50:59,314] {dag.py:2398} INFO - Sync 1 DAGs
[2023-12-22 20:50:59,328] {logging_mixin.py:109} INFO - [2023-12-22 20:50:59,328] {dag.py:2937} INFO - Setting next_dagrun for tutorial_taskflow_api_etl to None
[2023-12-22 20:50:59,337] {processor.py:171} INFO - Processing /home/airflow/.local/lib/python3.6/site-packages/airflow/example_dags/tutorial_taskflow_api_etl.py took 0.254 seconds
[2023-12-22 20:51:29,901] {processor.py:163} INFO - Started process (PID=1521) to work on /home/airflow/.local/lib/python3.6/site-packages/airflow/example_dags/tutorial_taskflow_api_etl.py
[2023-12-22 20:51:29,902] {processor.py:642} INFO - Processing file /home/airflow/.local/lib/python3.6/site-packages/airflow/example_dags/tutorial_taskflow_api_etl.py for tasks to queue
[2023-12-22 20:51:29,903] {logging_mixin.py:109} INFO - [2023-12-22 20:51:29,903] {dagbag.py:500} INFO - Filling up the DagBag from /home/airflow/.local/lib/python3.6/site-packages/airflow/example_dags/tutorial_taskflow_api_etl.py
[2023-12-22 20:51:29,921] {processor.py:652} INFO - DAG(s) dict_keys(['tutorial_taskflow_api_etl']) retrieved from /home/airflow/.local/lib/python3.6/site-packages/airflow/example_dags/tutorial_taskflow_api_etl.py
[2023-12-22 20:51:30,235] {logging_mixin.py:109} INFO - [2023-12-22 20:51:30,235] {dag.py:2398} INFO - Sync 1 DAGs
[2023-12-22 20:51:30,249] {logging_mixin.py:109} INFO - [2023-12-22 20:51:30,249] {dag.py:2937} INFO - Setting next_dagrun for tutorial_taskflow_api_etl to None
[2023-12-22 20:51:30,262] {processor.py:171} INFO - Processing /home/airflow/.local/lib/python3.6/site-packages/airflow/example_dags/tutorial_taskflow_api_etl.py took 0.363 seconds
[2023-12-22 20:52:00,373] {processor.py:163} INFO - Started process (PID=1592) to work on /home/airflow/.local/lib/python3.6/site-packages/airflow/example_dags/tutorial_taskflow_api_etl.py
[2023-12-22 20:52:00,374] {processor.py:642} INFO - Processing file /home/airflow/.local/lib/python3.6/site-packages/airflow/example_dags/tutorial_taskflow_api_etl.py for tasks to queue
[2023-12-22 20:52:00,374] {logging_mixin.py:109} INFO - [2023-12-22 20:52:00,374] {dagbag.py:500} INFO - Filling up the DagBag from /home/airflow/.local/lib/python3.6/site-packages/airflow/example_dags/tutorial_taskflow_api_etl.py
[2023-12-22 20:52:00,391] {processor.py:652} INFO - DAG(s) dict_keys(['tutorial_taskflow_api_etl']) retrieved from /home/airflow/.local/lib/python3.6/site-packages/airflow/example_dags/tutorial_taskflow_api_etl.py
[2023-12-22 20:52:00,552] {logging_mixin.py:109} INFO - [2023-12-22 20:52:00,552] {dag.py:2398} INFO - Sync 1 DAGs
[2023-12-22 20:52:00,564] {logging_mixin.py:109} INFO - [2023-12-22 20:52:00,564] {dag.py:2937} INFO - Setting next_dagrun for tutorial_taskflow_api_etl to None
[2023-12-22 20:52:00,598] {processor.py:171} INFO - Processing /home/airflow/.local/lib/python3.6/site-packages/airflow/example_dags/tutorial_taskflow_api_etl.py took 0.227 seconds
[2023-12-22 20:52:31,320] {processor.py:163} INFO - Started process (PID=1660) to work on /home/airflow/.local/lib/python3.6/site-packages/airflow/example_dags/tutorial_taskflow_api_etl.py
[2023-12-22 20:52:31,322] {processor.py:642} INFO - Processing file /home/airflow/.local/lib/python3.6/site-packages/airflow/example_dags/tutorial_taskflow_api_etl.py for tasks to queue
[2023-12-22 20:52:31,323] {logging_mixin.py:109} INFO - [2023-12-22 20:52:31,323] {dagbag.py:500} INFO - Filling up the DagBag from /home/airflow/.local/lib/python3.6/site-packages/airflow/example_dags/tutorial_taskflow_api_etl.py
[2023-12-22 20:52:31,350] {processor.py:652} INFO - DAG(s) dict_keys(['tutorial_taskflow_api_etl']) retrieved from /home/airflow/.local/lib/python3.6/site-packages/airflow/example_dags/tutorial_taskflow_api_etl.py
[2023-12-22 20:52:31,751] {logging_mixin.py:109} INFO - [2023-12-22 20:52:31,751] {dag.py:2398} INFO - Sync 1 DAGs
[2023-12-22 20:52:31,776] {logging_mixin.py:109} INFO - [2023-12-22 20:52:31,776] {dag.py:2937} INFO - Setting next_dagrun for tutorial_taskflow_api_etl to None
[2023-12-22 20:52:31,812] {processor.py:171} INFO - Processing /home/airflow/.local/lib/python3.6/site-packages/airflow/example_dags/tutorial_taskflow_api_etl.py took 0.496 seconds
[2023-12-22 20:53:01,866] {processor.py:163} INFO - Started process (PID=1723) to work on /home/airflow/.local/lib/python3.6/site-packages/airflow/example_dags/tutorial_taskflow_api_etl.py
[2023-12-22 20:53:01,868] {processor.py:642} INFO - Processing file /home/airflow/.local/lib/python3.6/site-packages/airflow/example_dags/tutorial_taskflow_api_etl.py for tasks to queue
[2023-12-22 20:53:01,869] {logging_mixin.py:109} INFO - [2023-12-22 20:53:01,869] {dagbag.py:500} INFO - Filling up the DagBag from /home/airflow/.local/lib/python3.6/site-packages/airflow/example_dags/tutorial_taskflow_api_etl.py
[2023-12-22 20:53:01,898] {processor.py:652} INFO - DAG(s) dict_keys(['tutorial_taskflow_api_etl']) retrieved from /home/airflow/.local/lib/python3.6/site-packages/airflow/example_dags/tutorial_taskflow_api_etl.py
[2023-12-22 20:53:02,186] {logging_mixin.py:109} INFO - [2023-12-22 20:53:02,186] {dag.py:2398} INFO - Sync 1 DAGs
[2023-12-22 20:53:02,202] {logging_mixin.py:109} INFO - [2023-12-22 20:53:02,202] {dag.py:2937} INFO - Setting next_dagrun for tutorial_taskflow_api_etl to None
[2023-12-22 20:53:02,217] {processor.py:171} INFO - Processing /home/airflow/.local/lib/python3.6/site-packages/airflow/example_dags/tutorial_taskflow_api_etl.py took 0.353 seconds
[2023-12-22 20:53:32,680] {processor.py:163} INFO - Started process (PID=1797) to work on /home/airflow/.local/lib/python3.6/site-packages/airflow/example_dags/tutorial_taskflow_api_etl.py
[2023-12-22 20:53:32,682] {processor.py:642} INFO - Processing file /home/airflow/.local/lib/python3.6/site-packages/airflow/example_dags/tutorial_taskflow_api_etl.py for tasks to queue
[2023-12-22 20:53:32,682] {logging_mixin.py:109} INFO - [2023-12-22 20:53:32,682] {dagbag.py:500} INFO - Filling up the DagBag from /home/airflow/.local/lib/python3.6/site-packages/airflow/example_dags/tutorial_taskflow_api_etl.py
[2023-12-22 20:53:32,700] {processor.py:652} INFO - DAG(s) dict_keys(['tutorial_taskflow_api_etl']) retrieved from /home/airflow/.local/lib/python3.6/site-packages/airflow/example_dags/tutorial_taskflow_api_etl.py
[2023-12-22 20:53:32,878] {logging_mixin.py:109} INFO - [2023-12-22 20:53:32,878] {dag.py:2398} INFO - Sync 1 DAGs
[2023-12-22 20:53:32,894] {logging_mixin.py:109} INFO - [2023-12-22 20:53:32,894] {dag.py:2937} INFO - Setting next_dagrun for tutorial_taskflow_api_etl to None
[2023-12-22 20:53:32,918] {processor.py:171} INFO - Processing /home/airflow/.local/lib/python3.6/site-packages/airflow/example_dags/tutorial_taskflow_api_etl.py took 0.240 seconds
[2023-12-22 20:54:02,959] {processor.py:163} INFO - Started process (PID=1870) to work on /home/airflow/.local/lib/python3.6/site-packages/airflow/example_dags/tutorial_taskflow_api_etl.py
[2023-12-22 20:54:02,960] {processor.py:642} INFO - Processing file /home/airflow/.local/lib/python3.6/site-packages/airflow/example_dags/tutorial_taskflow_api_etl.py for tasks to queue
[2023-12-22 20:54:02,961] {logging_mixin.py:109} INFO - [2023-12-22 20:54:02,961] {dagbag.py:500} INFO - Filling up the DagBag from /home/airflow/.local/lib/python3.6/site-packages/airflow/example_dags/tutorial_taskflow_api_etl.py
[2023-12-22 20:54:03,005] {processor.py:652} INFO - DAG(s) dict_keys(['tutorial_taskflow_api_etl']) retrieved from /home/airflow/.local/lib/python3.6/site-packages/airflow/example_dags/tutorial_taskflow_api_etl.py
[2023-12-22 20:54:03,022] {logging_mixin.py:109} INFO - [2023-12-22 20:54:03,022] {dag.py:2398} INFO - Sync 1 DAGs
[2023-12-22 20:54:03,053] {logging_mixin.py:109} INFO - [2023-12-22 20:54:03,052] {dag.py:2937} INFO - Setting next_dagrun for tutorial_taskflow_api_etl to None
[2023-12-22 20:54:03,080] {processor.py:171} INFO - Processing /home/airflow/.local/lib/python3.6/site-packages/airflow/example_dags/tutorial_taskflow_api_etl.py took 0.123 seconds
[2023-12-22 20:54:33,879] {processor.py:163} INFO - Started process (PID=1934) to work on /home/airflow/.local/lib/python3.6/site-packages/airflow/example_dags/tutorial_taskflow_api_etl.py
[2023-12-22 20:54:33,884] {processor.py:642} INFO - Processing file /home/airflow/.local/lib/python3.6/site-packages/airflow/example_dags/tutorial_taskflow_api_etl.py for tasks to queue
[2023-12-22 20:54:33,888] {logging_mixin.py:109} INFO - [2023-12-22 20:54:33,888] {dagbag.py:500} INFO - Filling up the DagBag from /home/airflow/.local/lib/python3.6/site-packages/airflow/example_dags/tutorial_taskflow_api_etl.py
[2023-12-22 20:54:33,915] {processor.py:652} INFO - DAG(s) dict_keys(['tutorial_taskflow_api_etl']) retrieved from /home/airflow/.local/lib/python3.6/site-packages/airflow/example_dags/tutorial_taskflow_api_etl.py
[2023-12-22 20:54:34,222] {logging_mixin.py:109} INFO - [2023-12-22 20:54:34,222] {dag.py:2398} INFO - Sync 1 DAGs
[2023-12-22 20:54:34,243] {logging_mixin.py:109} INFO - [2023-12-22 20:54:34,243] {dag.py:2937} INFO - Setting next_dagrun for tutorial_taskflow_api_etl to None
[2023-12-22 20:54:34,261] {processor.py:171} INFO - Processing /home/airflow/.local/lib/python3.6/site-packages/airflow/example_dags/tutorial_taskflow_api_etl.py took 0.385 seconds
[2023-12-22 20:55:04,332] {processor.py:163} INFO - Started process (PID=2008) to work on /home/airflow/.local/lib/python3.6/site-packages/airflow/example_dags/tutorial_taskflow_api_etl.py
[2023-12-22 20:55:04,334] {processor.py:642} INFO - Processing file /home/airflow/.local/lib/python3.6/site-packages/airflow/example_dags/tutorial_taskflow_api_etl.py for tasks to queue
[2023-12-22 20:55:04,335] {logging_mixin.py:109} INFO - [2023-12-22 20:55:04,335] {dagbag.py:500} INFO - Filling up the DagBag from /home/airflow/.local/lib/python3.6/site-packages/airflow/example_dags/tutorial_taskflow_api_etl.py
[2023-12-22 20:55:04,360] {processor.py:652} INFO - DAG(s) dict_keys(['tutorial_taskflow_api_etl']) retrieved from /home/airflow/.local/lib/python3.6/site-packages/airflow/example_dags/tutorial_taskflow_api_etl.py
[2023-12-22 20:55:04,575] {logging_mixin.py:109} INFO - [2023-12-22 20:55:04,575] {dag.py:2398} INFO - Sync 1 DAGs
[2023-12-22 20:55:04,590] {logging_mixin.py:109} INFO - [2023-12-22 20:55:04,590] {dag.py:2937} INFO - Setting next_dagrun for tutorial_taskflow_api_etl to None
[2023-12-22 20:55:04,604] {processor.py:171} INFO - Processing /home/airflow/.local/lib/python3.6/site-packages/airflow/example_dags/tutorial_taskflow_api_etl.py took 0.274 seconds
[2023-12-22 20:55:34,819] {processor.py:163} INFO - Started process (PID=2072) to work on /home/airflow/.local/lib/python3.6/site-packages/airflow/example_dags/tutorial_taskflow_api_etl.py
[2023-12-22 20:55:34,820] {processor.py:642} INFO - Processing file /home/airflow/.local/lib/python3.6/site-packages/airflow/example_dags/tutorial_taskflow_api_etl.py for tasks to queue
[2023-12-22 20:55:34,822] {logging_mixin.py:109} INFO - [2023-12-22 20:55:34,822] {dagbag.py:500} INFO - Filling up the DagBag from /home/airflow/.local/lib/python3.6/site-packages/airflow/example_dags/tutorial_taskflow_api_etl.py
[2023-12-22 20:55:34,844] {processor.py:652} INFO - DAG(s) dict_keys(['tutorial_taskflow_api_etl']) retrieved from /home/airflow/.local/lib/python3.6/site-packages/airflow/example_dags/tutorial_taskflow_api_etl.py
[2023-12-22 20:55:35,067] {logging_mixin.py:109} INFO - [2023-12-22 20:55:35,067] {dag.py:2398} INFO - Sync 1 DAGs
[2023-12-22 20:55:35,088] {logging_mixin.py:109} INFO - [2023-12-22 20:55:35,088] {dag.py:2937} INFO - Setting next_dagrun for tutorial_taskflow_api_etl to None
[2023-12-22 20:55:35,098] {processor.py:171} INFO - Processing /home/airflow/.local/lib/python3.6/site-packages/airflow/example_dags/tutorial_taskflow_api_etl.py took 0.285 seconds
[2023-12-22 20:56:05,182] {processor.py:163} INFO - Started process (PID=2146) to work on /home/airflow/.local/lib/python3.6/site-packages/airflow/example_dags/tutorial_taskflow_api_etl.py
[2023-12-22 20:56:05,183] {processor.py:642} INFO - Processing file /home/airflow/.local/lib/python3.6/site-packages/airflow/example_dags/tutorial_taskflow_api_etl.py for tasks to queue
[2023-12-22 20:56:05,183] {logging_mixin.py:109} INFO - [2023-12-22 20:56:05,183] {dagbag.py:500} INFO - Filling up the DagBag from /home/airflow/.local/lib/python3.6/site-packages/airflow/example_dags/tutorial_taskflow_api_etl.py
[2023-12-22 20:56:05,200] {processor.py:652} INFO - DAG(s) dict_keys(['tutorial_taskflow_api_etl']) retrieved from /home/airflow/.local/lib/python3.6/site-packages/airflow/example_dags/tutorial_taskflow_api_etl.py
[2023-12-22 20:56:05,390] {logging_mixin.py:109} INFO - [2023-12-22 20:56:05,390] {dag.py:2398} INFO - Sync 1 DAGs
[2023-12-22 20:56:05,409] {logging_mixin.py:109} INFO - [2023-12-22 20:56:05,409] {dag.py:2937} INFO - Setting next_dagrun for tutorial_taskflow_api_etl to None
[2023-12-22 20:56:05,442] {processor.py:171} INFO - Processing /home/airflow/.local/lib/python3.6/site-packages/airflow/example_dags/tutorial_taskflow_api_etl.py took 0.263 seconds
[2023-12-22 20:56:35,541] {processor.py:163} INFO - Started process (PID=2207) to work on /home/airflow/.local/lib/python3.6/site-packages/airflow/example_dags/tutorial_taskflow_api_etl.py
[2023-12-22 20:56:35,543] {processor.py:642} INFO - Processing file /home/airflow/.local/lib/python3.6/site-packages/airflow/example_dags/tutorial_taskflow_api_etl.py for tasks to queue
[2023-12-22 20:56:35,544] {logging_mixin.py:109} INFO - [2023-12-22 20:56:35,544] {dagbag.py:500} INFO - Filling up the DagBag from /home/airflow/.local/lib/python3.6/site-packages/airflow/example_dags/tutorial_taskflow_api_etl.py
[2023-12-22 20:56:35,590] {processor.py:652} INFO - DAG(s) dict_keys(['tutorial_taskflow_api_etl']) retrieved from /home/airflow/.local/lib/python3.6/site-packages/airflow/example_dags/tutorial_taskflow_api_etl.py
[2023-12-22 20:56:35,802] {logging_mixin.py:109} INFO - [2023-12-22 20:56:35,802] {dag.py:2398} INFO - Sync 1 DAGs
[2023-12-22 20:56:35,816] {logging_mixin.py:109} INFO - [2023-12-22 20:56:35,816] {dag.py:2937} INFO - Setting next_dagrun for tutorial_taskflow_api_etl to None
[2023-12-22 20:56:35,824] {processor.py:171} INFO - Processing /home/airflow/.local/lib/python3.6/site-packages/airflow/example_dags/tutorial_taskflow_api_etl.py took 0.286 seconds
[2023-12-22 20:57:05,886] {processor.py:163} INFO - Started process (PID=2282) to work on /home/airflow/.local/lib/python3.6/site-packages/airflow/example_dags/tutorial_taskflow_api_etl.py
[2023-12-22 20:57:05,888] {processor.py:642} INFO - Processing file /home/airflow/.local/lib/python3.6/site-packages/airflow/example_dags/tutorial_taskflow_api_etl.py for tasks to queue
[2023-12-22 20:57:05,889] {logging_mixin.py:109} INFO - [2023-12-22 20:57:05,889] {dagbag.py:500} INFO - Filling up the DagBag from /home/airflow/.local/lib/python3.6/site-packages/airflow/example_dags/tutorial_taskflow_api_etl.py
[2023-12-22 20:57:05,924] {processor.py:652} INFO - DAG(s) dict_keys(['tutorial_taskflow_api_etl']) retrieved from /home/airflow/.local/lib/python3.6/site-packages/airflow/example_dags/tutorial_taskflow_api_etl.py
[2023-12-22 20:57:06,229] {logging_mixin.py:109} INFO - [2023-12-22 20:57:06,229] {dag.py:2398} INFO - Sync 1 DAGs
[2023-12-22 20:57:06,250] {logging_mixin.py:109} INFO - [2023-12-22 20:57:06,250] {dag.py:2937} INFO - Setting next_dagrun for tutorial_taskflow_api_etl to None
[2023-12-22 20:57:06,270] {processor.py:171} INFO - Processing /home/airflow/.local/lib/python3.6/site-packages/airflow/example_dags/tutorial_taskflow_api_etl.py took 0.387 seconds
[2023-12-22 20:57:37,070] {processor.py:163} INFO - Started process (PID=2347) to work on /home/airflow/.local/lib/python3.6/site-packages/airflow/example_dags/tutorial_taskflow_api_etl.py
[2023-12-22 20:57:37,071] {processor.py:642} INFO - Processing file /home/airflow/.local/lib/python3.6/site-packages/airflow/example_dags/tutorial_taskflow_api_etl.py for tasks to queue
[2023-12-22 20:57:37,073] {logging_mixin.py:109} INFO - [2023-12-22 20:57:37,072] {dagbag.py:500} INFO - Filling up the DagBag from /home/airflow/.local/lib/python3.6/site-packages/airflow/example_dags/tutorial_taskflow_api_etl.py
[2023-12-22 20:57:37,093] {processor.py:652} INFO - DAG(s) dict_keys(['tutorial_taskflow_api_etl']) retrieved from /home/airflow/.local/lib/python3.6/site-packages/airflow/example_dags/tutorial_taskflow_api_etl.py
[2023-12-22 20:57:37,272] {logging_mixin.py:109} INFO - [2023-12-22 20:57:37,271] {dag.py:2398} INFO - Sync 1 DAGs
[2023-12-22 20:57:37,284] {logging_mixin.py:109} INFO - [2023-12-22 20:57:37,284] {dag.py:2937} INFO - Setting next_dagrun for tutorial_taskflow_api_etl to None
[2023-12-22 20:57:37,316] {processor.py:171} INFO - Processing /home/airflow/.local/lib/python3.6/site-packages/airflow/example_dags/tutorial_taskflow_api_etl.py took 0.249 seconds
[2023-12-22 20:58:08,098] {processor.py:163} INFO - Started process (PID=2421) to work on /home/airflow/.local/lib/python3.6/site-packages/airflow/example_dags/tutorial_taskflow_api_etl.py
[2023-12-22 20:58:08,099] {processor.py:642} INFO - Processing file /home/airflow/.local/lib/python3.6/site-packages/airflow/example_dags/tutorial_taskflow_api_etl.py for tasks to queue
[2023-12-22 20:58:08,100] {logging_mixin.py:109} INFO - [2023-12-22 20:58:08,100] {dagbag.py:500} INFO - Filling up the DagBag from /home/airflow/.local/lib/python3.6/site-packages/airflow/example_dags/tutorial_taskflow_api_etl.py
[2023-12-22 20:58:08,125] {processor.py:652} INFO - DAG(s) dict_keys(['tutorial_taskflow_api_etl']) retrieved from /home/airflow/.local/lib/python3.6/site-packages/airflow/example_dags/tutorial_taskflow_api_etl.py
[2023-12-22 20:58:08,370] {logging_mixin.py:109} INFO - [2023-12-22 20:58:08,370] {dag.py:2398} INFO - Sync 1 DAGs
[2023-12-22 20:58:08,389] {logging_mixin.py:109} INFO - [2023-12-22 20:58:08,389] {dag.py:2937} INFO - Setting next_dagrun for tutorial_taskflow_api_etl to None
[2023-12-22 20:58:08,421] {processor.py:171} INFO - Processing /home/airflow/.local/lib/python3.6/site-packages/airflow/example_dags/tutorial_taskflow_api_etl.py took 0.326 seconds
[2023-12-22 20:58:39,230] {processor.py:163} INFO - Started process (PID=2484) to work on /home/airflow/.local/lib/python3.6/site-packages/airflow/example_dags/tutorial_taskflow_api_etl.py
[2023-12-22 20:58:39,240] {processor.py:642} INFO - Processing file /home/airflow/.local/lib/python3.6/site-packages/airflow/example_dags/tutorial_taskflow_api_etl.py for tasks to queue
[2023-12-22 20:58:39,241] {logging_mixin.py:109} INFO - [2023-12-22 20:58:39,241] {dagbag.py:500} INFO - Filling up the DagBag from /home/airflow/.local/lib/python3.6/site-packages/airflow/example_dags/tutorial_taskflow_api_etl.py
[2023-12-22 20:58:39,298] {processor.py:652} INFO - DAG(s) dict_keys(['tutorial_taskflow_api_etl']) retrieved from /home/airflow/.local/lib/python3.6/site-packages/airflow/example_dags/tutorial_taskflow_api_etl.py
[2023-12-22 20:58:39,486] {logging_mixin.py:109} INFO - [2023-12-22 20:58:39,486] {dag.py:2398} INFO - Sync 1 DAGs
[2023-12-22 20:58:39,513] {logging_mixin.py:109} INFO - [2023-12-22 20:58:39,513] {dag.py:2937} INFO - Setting next_dagrun for tutorial_taskflow_api_etl to None
[2023-12-22 20:58:39,525] {processor.py:171} INFO - Processing /home/airflow/.local/lib/python3.6/site-packages/airflow/example_dags/tutorial_taskflow_api_etl.py took 0.300 seconds
[2023-12-22 20:59:09,949] {processor.py:163} INFO - Started process (PID=2548) to work on /home/airflow/.local/lib/python3.6/site-packages/airflow/example_dags/tutorial_taskflow_api_etl.py
[2023-12-22 20:59:09,957] {processor.py:642} INFO - Processing file /home/airflow/.local/lib/python3.6/site-packages/airflow/example_dags/tutorial_taskflow_api_etl.py for tasks to queue
[2023-12-22 20:59:09,959] {logging_mixin.py:109} INFO - [2023-12-22 20:59:09,959] {dagbag.py:500} INFO - Filling up the DagBag from /home/airflow/.local/lib/python3.6/site-packages/airflow/example_dags/tutorial_taskflow_api_etl.py
[2023-12-22 20:59:10,019] {processor.py:652} INFO - DAG(s) dict_keys(['tutorial_taskflow_api_etl']) retrieved from /home/airflow/.local/lib/python3.6/site-packages/airflow/example_dags/tutorial_taskflow_api_etl.py
[2023-12-22 20:59:10,685] {logging_mixin.py:109} INFO - [2023-12-22 20:59:10,685] {dag.py:2398} INFO - Sync 1 DAGs
[2023-12-22 20:59:10,719] {logging_mixin.py:109} INFO - [2023-12-22 20:59:10,719] {dag.py:2937} INFO - Setting next_dagrun for tutorial_taskflow_api_etl to None
[2023-12-22 20:59:10,762] {processor.py:171} INFO - Processing /home/airflow/.local/lib/python3.6/site-packages/airflow/example_dags/tutorial_taskflow_api_etl.py took 0.818 seconds
[2023-12-22 20:59:41,554] {processor.py:163} INFO - Started process (PID=2612) to work on /home/airflow/.local/lib/python3.6/site-packages/airflow/example_dags/tutorial_taskflow_api_etl.py
[2023-12-22 20:59:41,556] {processor.py:642} INFO - Processing file /home/airflow/.local/lib/python3.6/site-packages/airflow/example_dags/tutorial_taskflow_api_etl.py for tasks to queue
[2023-12-22 20:59:41,558] {logging_mixin.py:109} INFO - [2023-12-22 20:59:41,558] {dagbag.py:500} INFO - Filling up the DagBag from /home/airflow/.local/lib/python3.6/site-packages/airflow/example_dags/tutorial_taskflow_api_etl.py
[2023-12-22 20:59:41,588] {processor.py:652} INFO - DAG(s) dict_keys(['tutorial_taskflow_api_etl']) retrieved from /home/airflow/.local/lib/python3.6/site-packages/airflow/example_dags/tutorial_taskflow_api_etl.py
[2023-12-22 20:59:42,111] {logging_mixin.py:109} INFO - [2023-12-22 20:59:42,111] {dag.py:2398} INFO - Sync 1 DAGs
[2023-12-22 20:59:42,149] {logging_mixin.py:109} INFO - [2023-12-22 20:59:42,148] {dag.py:2937} INFO - Setting next_dagrun for tutorial_taskflow_api_etl to None
[2023-12-22 20:59:42,176] {processor.py:171} INFO - Processing /home/airflow/.local/lib/python3.6/site-packages/airflow/example_dags/tutorial_taskflow_api_etl.py took 0.626 seconds
[2023-12-22 21:00:12,718] {processor.py:163} INFO - Started process (PID=2685) to work on /home/airflow/.local/lib/python3.6/site-packages/airflow/example_dags/tutorial_taskflow_api_etl.py
[2023-12-22 21:00:12,747] {processor.py:642} INFO - Processing file /home/airflow/.local/lib/python3.6/site-packages/airflow/example_dags/tutorial_taskflow_api_etl.py for tasks to queue
[2023-12-22 21:00:12,749] {logging_mixin.py:109} INFO - [2023-12-22 21:00:12,749] {dagbag.py:500} INFO - Filling up the DagBag from /home/airflow/.local/lib/python3.6/site-packages/airflow/example_dags/tutorial_taskflow_api_etl.py
[2023-12-22 21:00:12,782] {processor.py:652} INFO - DAG(s) dict_keys(['tutorial_taskflow_api_etl']) retrieved from /home/airflow/.local/lib/python3.6/site-packages/airflow/example_dags/tutorial_taskflow_api_etl.py
[2023-12-22 21:00:13,122] {logging_mixin.py:109} INFO - [2023-12-22 21:00:13,122] {dag.py:2398} INFO - Sync 1 DAGs
[2023-12-22 21:00:13,153] {logging_mixin.py:109} INFO - [2023-12-22 21:00:13,153] {dag.py:2937} INFO - Setting next_dagrun for tutorial_taskflow_api_etl to None
[2023-12-22 21:00:13,174] {processor.py:171} INFO - Processing /home/airflow/.local/lib/python3.6/site-packages/airflow/example_dags/tutorial_taskflow_api_etl.py took 0.461 seconds
[2023-12-22 21:00:43,331] {processor.py:163} INFO - Started process (PID=2750) to work on /home/airflow/.local/lib/python3.6/site-packages/airflow/example_dags/tutorial_taskflow_api_etl.py
[2023-12-22 21:00:43,335] {processor.py:642} INFO - Processing file /home/airflow/.local/lib/python3.6/site-packages/airflow/example_dags/tutorial_taskflow_api_etl.py for tasks to queue
[2023-12-22 21:00:43,336] {logging_mixin.py:109} INFO - [2023-12-22 21:00:43,336] {dagbag.py:500} INFO - Filling up the DagBag from /home/airflow/.local/lib/python3.6/site-packages/airflow/example_dags/tutorial_taskflow_api_etl.py
[2023-12-22 21:00:43,385] {processor.py:652} INFO - DAG(s) dict_keys(['tutorial_taskflow_api_etl']) retrieved from /home/airflow/.local/lib/python3.6/site-packages/airflow/example_dags/tutorial_taskflow_api_etl.py
[2023-12-22 21:00:43,975] {logging_mixin.py:109} INFO - [2023-12-22 21:00:43,975] {dag.py:2398} INFO - Sync 1 DAGs
[2023-12-22 21:00:44,022] {logging_mixin.py:109} INFO - [2023-12-22 21:00:44,022] {dag.py:2937} INFO - Setting next_dagrun for tutorial_taskflow_api_etl to None
[2023-12-22 21:00:44,055] {processor.py:171} INFO - Processing /home/airflow/.local/lib/python3.6/site-packages/airflow/example_dags/tutorial_taskflow_api_etl.py took 0.730 seconds
[2023-12-22 21:01:14,540] {processor.py:163} INFO - Started process (PID=2817) to work on /home/airflow/.local/lib/python3.6/site-packages/airflow/example_dags/tutorial_taskflow_api_etl.py
[2023-12-22 21:01:14,575] {processor.py:642} INFO - Processing file /home/airflow/.local/lib/python3.6/site-packages/airflow/example_dags/tutorial_taskflow_api_etl.py for tasks to queue
[2023-12-22 21:01:14,575] {logging_mixin.py:109} INFO - [2023-12-22 21:01:14,575] {dagbag.py:500} INFO - Filling up the DagBag from /home/airflow/.local/lib/python3.6/site-packages/airflow/example_dags/tutorial_taskflow_api_etl.py
[2023-12-22 21:01:14,596] {processor.py:652} INFO - DAG(s) dict_keys(['tutorial_taskflow_api_etl']) retrieved from /home/airflow/.local/lib/python3.6/site-packages/airflow/example_dags/tutorial_taskflow_api_etl.py
[2023-12-22 21:01:14,828] {logging_mixin.py:109} INFO - [2023-12-22 21:01:14,828] {dag.py:2398} INFO - Sync 1 DAGs
[2023-12-22 21:01:14,847] {logging_mixin.py:109} INFO - [2023-12-22 21:01:14,847] {dag.py:2937} INFO - Setting next_dagrun for tutorial_taskflow_api_etl to None
[2023-12-22 21:01:14,882] {processor.py:171} INFO - Processing /home/airflow/.local/lib/python3.6/site-packages/airflow/example_dags/tutorial_taskflow_api_etl.py took 0.345 seconds
[2023-12-22 21:01:45,913] {processor.py:163} INFO - Started process (PID=2881) to work on /home/airflow/.local/lib/python3.6/site-packages/airflow/example_dags/tutorial_taskflow_api_etl.py
[2023-12-22 21:01:45,915] {processor.py:642} INFO - Processing file /home/airflow/.local/lib/python3.6/site-packages/airflow/example_dags/tutorial_taskflow_api_etl.py for tasks to queue
[2023-12-22 21:01:45,915] {logging_mixin.py:109} INFO - [2023-12-22 21:01:45,915] {dagbag.py:500} INFO - Filling up the DagBag from /home/airflow/.local/lib/python3.6/site-packages/airflow/example_dags/tutorial_taskflow_api_etl.py
[2023-12-22 21:01:45,934] {processor.py:652} INFO - DAG(s) dict_keys(['tutorial_taskflow_api_etl']) retrieved from /home/airflow/.local/lib/python3.6/site-packages/airflow/example_dags/tutorial_taskflow_api_etl.py
[2023-12-22 21:01:46,149] {logging_mixin.py:109} INFO - [2023-12-22 21:01:46,149] {dag.py:2398} INFO - Sync 1 DAGs
[2023-12-22 21:01:46,162] {logging_mixin.py:109} INFO - [2023-12-22 21:01:46,162] {dag.py:2937} INFO - Setting next_dagrun for tutorial_taskflow_api_etl to None
[2023-12-22 21:01:46,172] {processor.py:171} INFO - Processing /home/airflow/.local/lib/python3.6/site-packages/airflow/example_dags/tutorial_taskflow_api_etl.py took 0.276 seconds
[2023-12-22 21:02:16,992] {processor.py:163} INFO - Started process (PID=2956) to work on /home/airflow/.local/lib/python3.6/site-packages/airflow/example_dags/tutorial_taskflow_api_etl.py
[2023-12-22 21:02:16,993] {processor.py:642} INFO - Processing file /home/airflow/.local/lib/python3.6/site-packages/airflow/example_dags/tutorial_taskflow_api_etl.py for tasks to queue
[2023-12-22 21:02:16,994] {logging_mixin.py:109} INFO - [2023-12-22 21:02:16,994] {dagbag.py:500} INFO - Filling up the DagBag from /home/airflow/.local/lib/python3.6/site-packages/airflow/example_dags/tutorial_taskflow_api_etl.py
[2023-12-22 21:02:17,015] {processor.py:652} INFO - DAG(s) dict_keys(['tutorial_taskflow_api_etl']) retrieved from /home/airflow/.local/lib/python3.6/site-packages/airflow/example_dags/tutorial_taskflow_api_etl.py
[2023-12-22 21:02:17,199] {logging_mixin.py:109} INFO - [2023-12-22 21:02:17,199] {dag.py:2398} INFO - Sync 1 DAGs
[2023-12-22 21:02:17,211] {logging_mixin.py:109} INFO - [2023-12-22 21:02:17,211] {dag.py:2937} INFO - Setting next_dagrun for tutorial_taskflow_api_etl to None
[2023-12-22 21:02:17,220] {processor.py:171} INFO - Processing /home/airflow/.local/lib/python3.6/site-packages/airflow/example_dags/tutorial_taskflow_api_etl.py took 0.233 seconds
[2023-12-22 21:02:48,098] {processor.py:163} INFO - Started process (PID=3020) to work on /home/airflow/.local/lib/python3.6/site-packages/airflow/example_dags/tutorial_taskflow_api_etl.py
[2023-12-22 21:02:48,099] {processor.py:642} INFO - Processing file /home/airflow/.local/lib/python3.6/site-packages/airflow/example_dags/tutorial_taskflow_api_etl.py for tasks to queue
[2023-12-22 21:02:48,101] {logging_mixin.py:109} INFO - [2023-12-22 21:02:48,101] {dagbag.py:500} INFO - Filling up the DagBag from /home/airflow/.local/lib/python3.6/site-packages/airflow/example_dags/tutorial_taskflow_api_etl.py
[2023-12-22 21:02:48,124] {processor.py:652} INFO - DAG(s) dict_keys(['tutorial_taskflow_api_etl']) retrieved from /home/airflow/.local/lib/python3.6/site-packages/airflow/example_dags/tutorial_taskflow_api_etl.py
[2023-12-22 21:02:48,424] {logging_mixin.py:109} INFO - [2023-12-22 21:02:48,424] {dag.py:2398} INFO - Sync 1 DAGs
[2023-12-22 21:02:48,442] {logging_mixin.py:109} INFO - [2023-12-22 21:02:48,442] {dag.py:2937} INFO - Setting next_dagrun for tutorial_taskflow_api_etl to None
[2023-12-22 21:02:48,453] {processor.py:171} INFO - Processing /home/airflow/.local/lib/python3.6/site-packages/airflow/example_dags/tutorial_taskflow_api_etl.py took 0.357 seconds
[2023-12-22 21:03:18,698] {processor.py:163} INFO - Started process (PID=3094) to work on /home/airflow/.local/lib/python3.6/site-packages/airflow/example_dags/tutorial_taskflow_api_etl.py
[2023-12-22 21:03:18,700] {processor.py:642} INFO - Processing file /home/airflow/.local/lib/python3.6/site-packages/airflow/example_dags/tutorial_taskflow_api_etl.py for tasks to queue
[2023-12-22 21:03:18,701] {logging_mixin.py:109} INFO - [2023-12-22 21:03:18,701] {dagbag.py:500} INFO - Filling up the DagBag from /home/airflow/.local/lib/python3.6/site-packages/airflow/example_dags/tutorial_taskflow_api_etl.py
[2023-12-22 21:03:18,720] {processor.py:652} INFO - DAG(s) dict_keys(['tutorial_taskflow_api_etl']) retrieved from /home/airflow/.local/lib/python3.6/site-packages/airflow/example_dags/tutorial_taskflow_api_etl.py
[2023-12-22 21:03:18,920] {logging_mixin.py:109} INFO - [2023-12-22 21:03:18,920] {dag.py:2398} INFO - Sync 1 DAGs
[2023-12-22 21:03:18,937] {logging_mixin.py:109} INFO - [2023-12-22 21:03:18,936] {dag.py:2937} INFO - Setting next_dagrun for tutorial_taskflow_api_etl to None
[2023-12-22 21:03:18,948] {processor.py:171} INFO - Processing /home/airflow/.local/lib/python3.6/site-packages/airflow/example_dags/tutorial_taskflow_api_etl.py took 0.253 seconds
[2023-12-22 21:03:49,901] {processor.py:163} INFO - Started process (PID=3167) to work on /home/airflow/.local/lib/python3.6/site-packages/airflow/example_dags/tutorial_taskflow_api_etl.py
[2023-12-22 21:03:49,902] {processor.py:642} INFO - Processing file /home/airflow/.local/lib/python3.6/site-packages/airflow/example_dags/tutorial_taskflow_api_etl.py for tasks to queue
[2023-12-22 21:03:49,903] {logging_mixin.py:109} INFO - [2023-12-22 21:03:49,903] {dagbag.py:500} INFO - Filling up the DagBag from /home/airflow/.local/lib/python3.6/site-packages/airflow/example_dags/tutorial_taskflow_api_etl.py
[2023-12-22 21:03:49,924] {processor.py:652} INFO - DAG(s) dict_keys(['tutorial_taskflow_api_etl']) retrieved from /home/airflow/.local/lib/python3.6/site-packages/airflow/example_dags/tutorial_taskflow_api_etl.py
[2023-12-22 21:03:50,133] {logging_mixin.py:109} INFO - [2023-12-22 21:03:50,133] {dag.py:2398} INFO - Sync 1 DAGs
[2023-12-22 21:03:50,152] {logging_mixin.py:109} INFO - [2023-12-22 21:03:50,152] {dag.py:2937} INFO - Setting next_dagrun for tutorial_taskflow_api_etl to None
[2023-12-22 21:03:50,162] {processor.py:171} INFO - Processing /home/airflow/.local/lib/python3.6/site-packages/airflow/example_dags/tutorial_taskflow_api_etl.py took 0.264 seconds
[2023-12-22 21:04:21,173] {processor.py:163} INFO - Started process (PID=3231) to work on /home/airflow/.local/lib/python3.6/site-packages/airflow/example_dags/tutorial_taskflow_api_etl.py
[2023-12-22 21:04:21,175] {processor.py:642} INFO - Processing file /home/airflow/.local/lib/python3.6/site-packages/airflow/example_dags/tutorial_taskflow_api_etl.py for tasks to queue
[2023-12-22 21:04:21,176] {logging_mixin.py:109} INFO - [2023-12-22 21:04:21,175] {dagbag.py:500} INFO - Filling up the DagBag from /home/airflow/.local/lib/python3.6/site-packages/airflow/example_dags/tutorial_taskflow_api_etl.py
[2023-12-22 21:04:21,199] {processor.py:652} INFO - DAG(s) dict_keys(['tutorial_taskflow_api_etl']) retrieved from /home/airflow/.local/lib/python3.6/site-packages/airflow/example_dags/tutorial_taskflow_api_etl.py
[2023-12-22 21:04:21,370] {logging_mixin.py:109} INFO - [2023-12-22 21:04:21,370] {dag.py:2398} INFO - Sync 1 DAGs
[2023-12-22 21:04:21,384] {logging_mixin.py:109} INFO - [2023-12-22 21:04:21,384] {dag.py:2937} INFO - Setting next_dagrun for tutorial_taskflow_api_etl to None
[2023-12-22 21:04:21,419] {processor.py:171} INFO - Processing /home/airflow/.local/lib/python3.6/site-packages/airflow/example_dags/tutorial_taskflow_api_etl.py took 0.249 seconds
[2023-12-22 21:04:51,462] {processor.py:163} INFO - Started process (PID=3305) to work on /home/airflow/.local/lib/python3.6/site-packages/airflow/example_dags/tutorial_taskflow_api_etl.py
[2023-12-22 21:04:51,463] {processor.py:642} INFO - Processing file /home/airflow/.local/lib/python3.6/site-packages/airflow/example_dags/tutorial_taskflow_api_etl.py for tasks to queue
[2023-12-22 21:04:51,464] {logging_mixin.py:109} INFO - [2023-12-22 21:04:51,464] {dagbag.py:500} INFO - Filling up the DagBag from /home/airflow/.local/lib/python3.6/site-packages/airflow/example_dags/tutorial_taskflow_api_etl.py
[2023-12-22 21:04:51,488] {processor.py:652} INFO - DAG(s) dict_keys(['tutorial_taskflow_api_etl']) retrieved from /home/airflow/.local/lib/python3.6/site-packages/airflow/example_dags/tutorial_taskflow_api_etl.py
[2023-12-22 21:04:51,657] {logging_mixin.py:109} INFO - [2023-12-22 21:04:51,657] {dag.py:2398} INFO - Sync 1 DAGs
[2023-12-22 21:04:51,672] {logging_mixin.py:109} INFO - [2023-12-22 21:04:51,672] {dag.py:2937} INFO - Setting next_dagrun for tutorial_taskflow_api_etl to None
[2023-12-22 21:04:51,683] {processor.py:171} INFO - Processing /home/airflow/.local/lib/python3.6/site-packages/airflow/example_dags/tutorial_taskflow_api_etl.py took 0.224 seconds
[2023-12-22 21:05:21,892] {processor.py:163} INFO - Started process (PID=3370) to work on /home/airflow/.local/lib/python3.6/site-packages/airflow/example_dags/tutorial_taskflow_api_etl.py
[2023-12-22 21:05:21,893] {processor.py:642} INFO - Processing file /home/airflow/.local/lib/python3.6/site-packages/airflow/example_dags/tutorial_taskflow_api_etl.py for tasks to queue
[2023-12-22 21:05:21,893] {logging_mixin.py:109} INFO - [2023-12-22 21:05:21,893] {dagbag.py:500} INFO - Filling up the DagBag from /home/airflow/.local/lib/python3.6/site-packages/airflow/example_dags/tutorial_taskflow_api_etl.py
[2023-12-22 21:05:21,908] {processor.py:652} INFO - DAG(s) dict_keys(['tutorial_taskflow_api_etl']) retrieved from /home/airflow/.local/lib/python3.6/site-packages/airflow/example_dags/tutorial_taskflow_api_etl.py
[2023-12-22 21:05:22,086] {logging_mixin.py:109} INFO - [2023-12-22 21:05:22,086] {dag.py:2398} INFO - Sync 1 DAGs
[2023-12-22 21:05:22,100] {logging_mixin.py:109} INFO - [2023-12-22 21:05:22,100] {dag.py:2937} INFO - Setting next_dagrun for tutorial_taskflow_api_etl to None
[2023-12-22 21:05:22,130] {processor.py:171} INFO - Processing /home/airflow/.local/lib/python3.6/site-packages/airflow/example_dags/tutorial_taskflow_api_etl.py took 0.240 seconds
[2023-12-22 21:05:52,155] {processor.py:163} INFO - Started process (PID=3444) to work on /home/airflow/.local/lib/python3.6/site-packages/airflow/example_dags/tutorial_taskflow_api_etl.py
[2023-12-22 21:05:52,157] {processor.py:642} INFO - Processing file /home/airflow/.local/lib/python3.6/site-packages/airflow/example_dags/tutorial_taskflow_api_etl.py for tasks to queue
[2023-12-22 21:05:52,158] {logging_mixin.py:109} INFO - [2023-12-22 21:05:52,158] {dagbag.py:500} INFO - Filling up the DagBag from /home/airflow/.local/lib/python3.6/site-packages/airflow/example_dags/tutorial_taskflow_api_etl.py
[2023-12-22 21:05:52,179] {processor.py:652} INFO - DAG(s) dict_keys(['tutorial_taskflow_api_etl']) retrieved from /home/airflow/.local/lib/python3.6/site-packages/airflow/example_dags/tutorial_taskflow_api_etl.py
[2023-12-22 21:05:52,380] {logging_mixin.py:109} INFO - [2023-12-22 21:05:52,380] {dag.py:2398} INFO - Sync 1 DAGs
[2023-12-22 21:05:52,395] {logging_mixin.py:109} INFO - [2023-12-22 21:05:52,395] {dag.py:2937} INFO - Setting next_dagrun for tutorial_taskflow_api_etl to None
[2023-12-22 21:05:52,406] {processor.py:171} INFO - Processing /home/airflow/.local/lib/python3.6/site-packages/airflow/example_dags/tutorial_taskflow_api_etl.py took 0.254 seconds
[2023-12-22 21:06:23,412] {processor.py:163} INFO - Started process (PID=3507) to work on /home/airflow/.local/lib/python3.6/site-packages/airflow/example_dags/tutorial_taskflow_api_etl.py
[2023-12-22 21:06:23,413] {processor.py:642} INFO - Processing file /home/airflow/.local/lib/python3.6/site-packages/airflow/example_dags/tutorial_taskflow_api_etl.py for tasks to queue
[2023-12-22 21:06:23,414] {logging_mixin.py:109} INFO - [2023-12-22 21:06:23,414] {dagbag.py:500} INFO - Filling up the DagBag from /home/airflow/.local/lib/python3.6/site-packages/airflow/example_dags/tutorial_taskflow_api_etl.py
[2023-12-22 21:06:23,434] {processor.py:652} INFO - DAG(s) dict_keys(['tutorial_taskflow_api_etl']) retrieved from /home/airflow/.local/lib/python3.6/site-packages/airflow/example_dags/tutorial_taskflow_api_etl.py
[2023-12-22 21:06:23,621] {logging_mixin.py:109} INFO - [2023-12-22 21:06:23,621] {dag.py:2398} INFO - Sync 1 DAGs
[2023-12-22 21:06:23,634] {logging_mixin.py:109} INFO - [2023-12-22 21:06:23,634] {dag.py:2937} INFO - Setting next_dagrun for tutorial_taskflow_api_etl to None
[2023-12-22 21:06:23,643] {processor.py:171} INFO - Processing /home/airflow/.local/lib/python3.6/site-packages/airflow/example_dags/tutorial_taskflow_api_etl.py took 0.234 seconds
[2023-12-22 21:06:54,540] {processor.py:163} INFO - Started process (PID=3581) to work on /home/airflow/.local/lib/python3.6/site-packages/airflow/example_dags/tutorial_taskflow_api_etl.py
[2023-12-22 21:06:54,541] {processor.py:642} INFO - Processing file /home/airflow/.local/lib/python3.6/site-packages/airflow/example_dags/tutorial_taskflow_api_etl.py for tasks to queue
[2023-12-22 21:06:54,542] {logging_mixin.py:109} INFO - [2023-12-22 21:06:54,542] {dagbag.py:500} INFO - Filling up the DagBag from /home/airflow/.local/lib/python3.6/site-packages/airflow/example_dags/tutorial_taskflow_api_etl.py
[2023-12-22 21:06:54,565] {processor.py:652} INFO - DAG(s) dict_keys(['tutorial_taskflow_api_etl']) retrieved from /home/airflow/.local/lib/python3.6/site-packages/airflow/example_dags/tutorial_taskflow_api_etl.py
[2023-12-22 21:06:54,754] {logging_mixin.py:109} INFO - [2023-12-22 21:06:54,753] {dag.py:2398} INFO - Sync 1 DAGs
[2023-12-22 21:06:54,770] {logging_mixin.py:109} INFO - [2023-12-22 21:06:54,770] {dag.py:2937} INFO - Setting next_dagrun for tutorial_taskflow_api_etl to None
[2023-12-22 21:06:54,781] {processor.py:171} INFO - Processing /home/airflow/.local/lib/python3.6/site-packages/airflow/example_dags/tutorial_taskflow_api_etl.py took 0.248 seconds
[2023-12-22 21:07:25,717] {processor.py:163} INFO - Started process (PID=3655) to work on /home/airflow/.local/lib/python3.6/site-packages/airflow/example_dags/tutorial_taskflow_api_etl.py
[2023-12-22 21:07:25,721] {processor.py:642} INFO - Processing file /home/airflow/.local/lib/python3.6/site-packages/airflow/example_dags/tutorial_taskflow_api_etl.py for tasks to queue
[2023-12-22 21:07:25,723] {logging_mixin.py:109} INFO - [2023-12-22 21:07:25,722] {dagbag.py:500} INFO - Filling up the DagBag from /home/airflow/.local/lib/python3.6/site-packages/airflow/example_dags/tutorial_taskflow_api_etl.py
[2023-12-22 21:07:25,756] {processor.py:652} INFO - DAG(s) dict_keys(['tutorial_taskflow_api_etl']) retrieved from /home/airflow/.local/lib/python3.6/site-packages/airflow/example_dags/tutorial_taskflow_api_etl.py
[2023-12-22 21:07:25,966] {logging_mixin.py:109} INFO - [2023-12-22 21:07:25,966] {dag.py:2398} INFO - Sync 1 DAGs
[2023-12-22 21:07:25,989] {logging_mixin.py:109} INFO - [2023-12-22 21:07:25,989] {dag.py:2937} INFO - Setting next_dagrun for tutorial_taskflow_api_etl to None
[2023-12-22 21:07:25,999] {processor.py:171} INFO - Processing /home/airflow/.local/lib/python3.6/site-packages/airflow/example_dags/tutorial_taskflow_api_etl.py took 0.285 seconds
[2023-12-22 21:07:56,528] {processor.py:163} INFO - Started process (PID=3719) to work on /home/airflow/.local/lib/python3.6/site-packages/airflow/example_dags/tutorial_taskflow_api_etl.py
[2023-12-22 21:07:56,529] {processor.py:642} INFO - Processing file /home/airflow/.local/lib/python3.6/site-packages/airflow/example_dags/tutorial_taskflow_api_etl.py for tasks to queue
[2023-12-22 21:07:56,530] {logging_mixin.py:109} INFO - [2023-12-22 21:07:56,530] {dagbag.py:500} INFO - Filling up the DagBag from /home/airflow/.local/lib/python3.6/site-packages/airflow/example_dags/tutorial_taskflow_api_etl.py
[2023-12-22 21:07:56,550] {processor.py:652} INFO - DAG(s) dict_keys(['tutorial_taskflow_api_etl']) retrieved from /home/airflow/.local/lib/python3.6/site-packages/airflow/example_dags/tutorial_taskflow_api_etl.py
[2023-12-22 21:07:56,800] {logging_mixin.py:109} INFO - [2023-12-22 21:07:56,800] {dag.py:2398} INFO - Sync 1 DAGs
[2023-12-22 21:07:56,818] {logging_mixin.py:109} INFO - [2023-12-22 21:07:56,818] {dag.py:2937} INFO - Setting next_dagrun for tutorial_taskflow_api_etl to None
[2023-12-22 21:07:56,874] {processor.py:171} INFO - Processing /home/airflow/.local/lib/python3.6/site-packages/airflow/example_dags/tutorial_taskflow_api_etl.py took 0.349 seconds
[2023-12-22 21:08:27,688] {processor.py:163} INFO - Started process (PID=3794) to work on /home/airflow/.local/lib/python3.6/site-packages/airflow/example_dags/tutorial_taskflow_api_etl.py
[2023-12-22 21:08:27,690] {processor.py:642} INFO - Processing file /home/airflow/.local/lib/python3.6/site-packages/airflow/example_dags/tutorial_taskflow_api_etl.py for tasks to queue
[2023-12-22 21:08:27,691] {logging_mixin.py:109} INFO - [2023-12-22 21:08:27,691] {dagbag.py:500} INFO - Filling up the DagBag from /home/airflow/.local/lib/python3.6/site-packages/airflow/example_dags/tutorial_taskflow_api_etl.py
[2023-12-22 21:08:27,710] {processor.py:652} INFO - DAG(s) dict_keys(['tutorial_taskflow_api_etl']) retrieved from /home/airflow/.local/lib/python3.6/site-packages/airflow/example_dags/tutorial_taskflow_api_etl.py
[2023-12-22 21:08:27,887] {logging_mixin.py:109} INFO - [2023-12-22 21:08:27,887] {dag.py:2398} INFO - Sync 1 DAGs
[2023-12-22 21:08:27,899] {logging_mixin.py:109} INFO - [2023-12-22 21:08:27,899] {dag.py:2937} INFO - Setting next_dagrun for tutorial_taskflow_api_etl to None
[2023-12-22 21:08:27,922] {processor.py:171} INFO - Processing /home/airflow/.local/lib/python3.6/site-packages/airflow/example_dags/tutorial_taskflow_api_etl.py took 0.236 seconds
[2023-12-22 21:08:58,326] {processor.py:163} INFO - Started process (PID=3857) to work on /home/airflow/.local/lib/python3.6/site-packages/airflow/example_dags/tutorial_taskflow_api_etl.py
[2023-12-22 21:08:58,328] {processor.py:642} INFO - Processing file /home/airflow/.local/lib/python3.6/site-packages/airflow/example_dags/tutorial_taskflow_api_etl.py for tasks to queue
[2023-12-22 21:08:58,329] {logging_mixin.py:109} INFO - [2023-12-22 21:08:58,329] {dagbag.py:500} INFO - Filling up the DagBag from /home/airflow/.local/lib/python3.6/site-packages/airflow/example_dags/tutorial_taskflow_api_etl.py
[2023-12-22 21:08:58,352] {processor.py:652} INFO - DAG(s) dict_keys(['tutorial_taskflow_api_etl']) retrieved from /home/airflow/.local/lib/python3.6/site-packages/airflow/example_dags/tutorial_taskflow_api_etl.py
[2023-12-22 21:08:58,555] {logging_mixin.py:109} INFO - [2023-12-22 21:08:58,555] {dag.py:2398} INFO - Sync 1 DAGs
[2023-12-22 21:08:58,575] {logging_mixin.py:109} INFO - [2023-12-22 21:08:58,575] {dag.py:2937} INFO - Setting next_dagrun for tutorial_taskflow_api_etl to None
[2023-12-22 21:08:58,588] {processor.py:171} INFO - Processing /home/airflow/.local/lib/python3.6/site-packages/airflow/example_dags/tutorial_taskflow_api_etl.py took 0.266 seconds
[2023-12-22 21:09:29,530] {processor.py:163} INFO - Started process (PID=3931) to work on /home/airflow/.local/lib/python3.6/site-packages/airflow/example_dags/tutorial_taskflow_api_etl.py
[2023-12-22 21:09:29,532] {processor.py:642} INFO - Processing file /home/airflow/.local/lib/python3.6/site-packages/airflow/example_dags/tutorial_taskflow_api_etl.py for tasks to queue
[2023-12-22 21:09:29,534] {logging_mixin.py:109} INFO - [2023-12-22 21:09:29,534] {dagbag.py:500} INFO - Filling up the DagBag from /home/airflow/.local/lib/python3.6/site-packages/airflow/example_dags/tutorial_taskflow_api_etl.py
[2023-12-22 21:09:29,550] {processor.py:652} INFO - DAG(s) dict_keys(['tutorial_taskflow_api_etl']) retrieved from /home/airflow/.local/lib/python3.6/site-packages/airflow/example_dags/tutorial_taskflow_api_etl.py
[2023-12-22 21:09:29,748] {logging_mixin.py:109} INFO - [2023-12-22 21:09:29,748] {dag.py:2398} INFO - Sync 1 DAGs
[2023-12-22 21:09:29,761] {logging_mixin.py:109} INFO - [2023-12-22 21:09:29,761] {dag.py:2937} INFO - Setting next_dagrun for tutorial_taskflow_api_etl to None
[2023-12-22 21:09:29,774] {processor.py:171} INFO - Processing /home/airflow/.local/lib/python3.6/site-packages/airflow/example_dags/tutorial_taskflow_api_etl.py took 0.246 seconds
[2023-12-22 21:10:00,330] {processor.py:163} INFO - Started process (PID=4004) to work on /home/airflow/.local/lib/python3.6/site-packages/airflow/example_dags/tutorial_taskflow_api_etl.py
[2023-12-22 21:10:00,333] {processor.py:642} INFO - Processing file /home/airflow/.local/lib/python3.6/site-packages/airflow/example_dags/tutorial_taskflow_api_etl.py for tasks to queue
[2023-12-22 21:10:00,337] {logging_mixin.py:109} INFO - [2023-12-22 21:10:00,336] {dagbag.py:500} INFO - Filling up the DagBag from /home/airflow/.local/lib/python3.6/site-packages/airflow/example_dags/tutorial_taskflow_api_etl.py
[2023-12-22 21:10:00,360] {processor.py:652} INFO - DAG(s) dict_keys(['tutorial_taskflow_api_etl']) retrieved from /home/airflow/.local/lib/python3.6/site-packages/airflow/example_dags/tutorial_taskflow_api_etl.py
[2023-12-22 21:10:00,546] {logging_mixin.py:109} INFO - [2023-12-22 21:10:00,546] {dag.py:2398} INFO - Sync 1 DAGs
[2023-12-22 21:10:00,562] {logging_mixin.py:109} INFO - [2023-12-22 21:10:00,562] {dag.py:2937} INFO - Setting next_dagrun for tutorial_taskflow_api_etl to None
[2023-12-22 21:10:00,594] {processor.py:171} INFO - Processing /home/airflow/.local/lib/python3.6/site-packages/airflow/example_dags/tutorial_taskflow_api_etl.py took 0.267 seconds
[2023-12-22 21:10:31,549] {processor.py:163} INFO - Started process (PID=4069) to work on /home/airflow/.local/lib/python3.6/site-packages/airflow/example_dags/tutorial_taskflow_api_etl.py
[2023-12-22 21:10:31,551] {processor.py:642} INFO - Processing file /home/airflow/.local/lib/python3.6/site-packages/airflow/example_dags/tutorial_taskflow_api_etl.py for tasks to queue
[2023-12-22 21:10:31,552] {logging_mixin.py:109} INFO - [2023-12-22 21:10:31,551] {dagbag.py:500} INFO - Filling up the DagBag from /home/airflow/.local/lib/python3.6/site-packages/airflow/example_dags/tutorial_taskflow_api_etl.py
[2023-12-22 21:10:31,569] {processor.py:652} INFO - DAG(s) dict_keys(['tutorial_taskflow_api_etl']) retrieved from /home/airflow/.local/lib/python3.6/site-packages/airflow/example_dags/tutorial_taskflow_api_etl.py
[2023-12-22 21:10:31,752] {logging_mixin.py:109} INFO - [2023-12-22 21:10:31,752] {dag.py:2398} INFO - Sync 1 DAGs
[2023-12-22 21:10:31,788] {logging_mixin.py:109} INFO - [2023-12-22 21:10:31,788] {dag.py:2937} INFO - Setting next_dagrun for tutorial_taskflow_api_etl to None
[2023-12-22 21:10:31,808] {processor.py:171} INFO - Processing /home/airflow/.local/lib/python3.6/site-packages/airflow/example_dags/tutorial_taskflow_api_etl.py took 0.261 seconds
[2023-12-22 21:11:02,421] {processor.py:163} INFO - Started process (PID=4144) to work on /home/airflow/.local/lib/python3.6/site-packages/airflow/example_dags/tutorial_taskflow_api_etl.py
[2023-12-22 21:11:02,422] {processor.py:642} INFO - Processing file /home/airflow/.local/lib/python3.6/site-packages/airflow/example_dags/tutorial_taskflow_api_etl.py for tasks to queue
[2023-12-22 21:11:02,424] {logging_mixin.py:109} INFO - [2023-12-22 21:11:02,424] {dagbag.py:500} INFO - Filling up the DagBag from /home/airflow/.local/lib/python3.6/site-packages/airflow/example_dags/tutorial_taskflow_api_etl.py
[2023-12-22 21:11:02,451] {processor.py:652} INFO - DAG(s) dict_keys(['tutorial_taskflow_api_etl']) retrieved from /home/airflow/.local/lib/python3.6/site-packages/airflow/example_dags/tutorial_taskflow_api_etl.py
[2023-12-22 21:11:02,658] {logging_mixin.py:109} INFO - [2023-12-22 21:11:02,658] {dag.py:2398} INFO - Sync 1 DAGs
[2023-12-22 21:11:02,670] {logging_mixin.py:109} INFO - [2023-12-22 21:11:02,670] {dag.py:2937} INFO - Setting next_dagrun for tutorial_taskflow_api_etl to None
[2023-12-22 21:11:02,683] {processor.py:171} INFO - Processing /home/airflow/.local/lib/python3.6/site-packages/airflow/example_dags/tutorial_taskflow_api_etl.py took 0.265 seconds
[2023-12-22 21:11:32,712] {processor.py:163} INFO - Started process (PID=4208) to work on /home/airflow/.local/lib/python3.6/site-packages/airflow/example_dags/tutorial_taskflow_api_etl.py
[2023-12-22 21:11:32,713] {processor.py:642} INFO - Processing file /home/airflow/.local/lib/python3.6/site-packages/airflow/example_dags/tutorial_taskflow_api_etl.py for tasks to queue
[2023-12-22 21:11:32,714] {logging_mixin.py:109} INFO - [2023-12-22 21:11:32,714] {dagbag.py:500} INFO - Filling up the DagBag from /home/airflow/.local/lib/python3.6/site-packages/airflow/example_dags/tutorial_taskflow_api_etl.py
[2023-12-22 21:11:32,732] {processor.py:652} INFO - DAG(s) dict_keys(['tutorial_taskflow_api_etl']) retrieved from /home/airflow/.local/lib/python3.6/site-packages/airflow/example_dags/tutorial_taskflow_api_etl.py
[2023-12-22 21:11:32,993] {logging_mixin.py:109} INFO - [2023-12-22 21:11:32,993] {dag.py:2398} INFO - Sync 1 DAGs
[2023-12-22 21:11:33,011] {logging_mixin.py:109} INFO - [2023-12-22 21:11:33,011] {dag.py:2937} INFO - Setting next_dagrun for tutorial_taskflow_api_etl to None
[2023-12-22 21:11:33,023] {processor.py:171} INFO - Processing /home/airflow/.local/lib/python3.6/site-packages/airflow/example_dags/tutorial_taskflow_api_etl.py took 0.313 seconds
[2023-12-22 21:12:03,231] {processor.py:163} INFO - Started process (PID=4282) to work on /home/airflow/.local/lib/python3.6/site-packages/airflow/example_dags/tutorial_taskflow_api_etl.py
[2023-12-22 21:12:03,232] {processor.py:642} INFO - Processing file /home/airflow/.local/lib/python3.6/site-packages/airflow/example_dags/tutorial_taskflow_api_etl.py for tasks to queue
[2023-12-22 21:12:03,233] {logging_mixin.py:109} INFO - [2023-12-22 21:12:03,233] {dagbag.py:500} INFO - Filling up the DagBag from /home/airflow/.local/lib/python3.6/site-packages/airflow/example_dags/tutorial_taskflow_api_etl.py
[2023-12-22 21:12:03,257] {processor.py:652} INFO - DAG(s) dict_keys(['tutorial_taskflow_api_etl']) retrieved from /home/airflow/.local/lib/python3.6/site-packages/airflow/example_dags/tutorial_taskflow_api_etl.py
[2023-12-22 21:12:03,450] {logging_mixin.py:109} INFO - [2023-12-22 21:12:03,450] {dag.py:2398} INFO - Sync 1 DAGs
[2023-12-22 21:12:03,468] {logging_mixin.py:109} INFO - [2023-12-22 21:12:03,468] {dag.py:2937} INFO - Setting next_dagrun for tutorial_taskflow_api_etl to None
[2023-12-22 21:12:03,506] {processor.py:171} INFO - Processing /home/airflow/.local/lib/python3.6/site-packages/airflow/example_dags/tutorial_taskflow_api_etl.py took 0.277 seconds
