[2023-12-22 20:40:27,213] {processor.py:163} INFO - Started process (PID=48) to work on /home/airflow/.local/lib/python3.6/site-packages/airflow/example_dags/tutorial_etl_dag.py
[2023-12-22 20:40:27,214] {processor.py:642} INFO - Processing file /home/airflow/.local/lib/python3.6/site-packages/airflow/example_dags/tutorial_etl_dag.py for tasks to queue
[2023-12-22 20:40:27,214] {logging_mixin.py:109} INFO - [2023-12-22 20:40:27,214] {dagbag.py:500} INFO - Filling up the DagBag from /home/airflow/.local/lib/python3.6/site-packages/airflow/example_dags/tutorial_etl_dag.py
[2023-12-22 20:40:27,225] {processor.py:652} INFO - DAG(s) dict_keys(['tutorial_etl_dag']) retrieved from /home/airflow/.local/lib/python3.6/site-packages/airflow/example_dags/tutorial_etl_dag.py
[2023-12-22 20:40:27,243] {logging_mixin.py:109} INFO - [2023-12-22 20:40:27,243] {dag.py:2398} INFO - Sync 1 DAGs
[2023-12-22 20:40:27,258] {logging_mixin.py:109} INFO - [2023-12-22 20:40:27,258] {dag.py:2937} INFO - Setting next_dagrun for tutorial_etl_dag to None
[2023-12-22 20:40:27,269] {processor.py:171} INFO - Processing /home/airflow/.local/lib/python3.6/site-packages/airflow/example_dags/tutorial_etl_dag.py took 0.059 seconds
[2023-12-22 20:40:58,200] {processor.py:163} INFO - Started process (PID=122) to work on /home/airflow/.local/lib/python3.6/site-packages/airflow/example_dags/tutorial_etl_dag.py
[2023-12-22 20:40:58,201] {processor.py:642} INFO - Processing file /home/airflow/.local/lib/python3.6/site-packages/airflow/example_dags/tutorial_etl_dag.py for tasks to queue
[2023-12-22 20:40:58,202] {logging_mixin.py:109} INFO - [2023-12-22 20:40:58,202] {dagbag.py:500} INFO - Filling up the DagBag from /home/airflow/.local/lib/python3.6/site-packages/airflow/example_dags/tutorial_etl_dag.py
[2023-12-22 20:40:58,218] {processor.py:652} INFO - DAG(s) dict_keys(['tutorial_etl_dag']) retrieved from /home/airflow/.local/lib/python3.6/site-packages/airflow/example_dags/tutorial_etl_dag.py
[2023-12-22 20:40:58,242] {logging_mixin.py:109} INFO - [2023-12-22 20:40:58,241] {dag.py:2398} INFO - Sync 1 DAGs
[2023-12-22 20:40:58,278] {logging_mixin.py:109} INFO - [2023-12-22 20:40:58,278] {dag.py:2937} INFO - Setting next_dagrun for tutorial_etl_dag to None
[2023-12-22 20:40:58,293] {processor.py:171} INFO - Processing /home/airflow/.local/lib/python3.6/site-packages/airflow/example_dags/tutorial_etl_dag.py took 0.096 seconds
[2023-12-22 20:41:29,515] {processor.py:163} INFO - Started process (PID=195) to work on /home/airflow/.local/lib/python3.6/site-packages/airflow/example_dags/tutorial_etl_dag.py
[2023-12-22 20:41:29,516] {processor.py:642} INFO - Processing file /home/airflow/.local/lib/python3.6/site-packages/airflow/example_dags/tutorial_etl_dag.py for tasks to queue
[2023-12-22 20:41:29,517] {logging_mixin.py:109} INFO - [2023-12-22 20:41:29,517] {dagbag.py:500} INFO - Filling up the DagBag from /home/airflow/.local/lib/python3.6/site-packages/airflow/example_dags/tutorial_etl_dag.py
[2023-12-22 20:41:29,534] {processor.py:652} INFO - DAG(s) dict_keys(['tutorial_etl_dag']) retrieved from /home/airflow/.local/lib/python3.6/site-packages/airflow/example_dags/tutorial_etl_dag.py
[2023-12-22 20:41:29,555] {logging_mixin.py:109} INFO - [2023-12-22 20:41:29,555] {dag.py:2398} INFO - Sync 1 DAGs
[2023-12-22 20:41:29,573] {logging_mixin.py:109} INFO - [2023-12-22 20:41:29,573] {dag.py:2937} INFO - Setting next_dagrun for tutorial_etl_dag to None
[2023-12-22 20:41:29,583] {processor.py:171} INFO - Processing /home/airflow/.local/lib/python3.6/site-packages/airflow/example_dags/tutorial_etl_dag.py took 0.072 seconds
[2023-12-22 20:42:01,568] {processor.py:163} INFO - Started process (PID=260) to work on /home/airflow/.local/lib/python3.6/site-packages/airflow/example_dags/tutorial_etl_dag.py
[2023-12-22 20:42:01,575] {processor.py:642} INFO - Processing file /home/airflow/.local/lib/python3.6/site-packages/airflow/example_dags/tutorial_etl_dag.py for tasks to queue
[2023-12-22 20:42:01,577] {logging_mixin.py:109} INFO - [2023-12-22 20:42:01,577] {dagbag.py:500} INFO - Filling up the DagBag from /home/airflow/.local/lib/python3.6/site-packages/airflow/example_dags/tutorial_etl_dag.py
[2023-12-22 20:42:01,602] {processor.py:652} INFO - DAG(s) dict_keys(['tutorial_etl_dag']) retrieved from /home/airflow/.local/lib/python3.6/site-packages/airflow/example_dags/tutorial_etl_dag.py
[2023-12-22 20:42:01,684] {logging_mixin.py:109} INFO - [2023-12-22 20:42:01,684] {dag.py:2398} INFO - Sync 1 DAGs
[2023-12-22 20:42:01,717] {logging_mixin.py:109} INFO - [2023-12-22 20:42:01,717] {dag.py:2937} INFO - Setting next_dagrun for tutorial_etl_dag to None
[2023-12-22 20:42:01,749] {processor.py:171} INFO - Processing /home/airflow/.local/lib/python3.6/site-packages/airflow/example_dags/tutorial_etl_dag.py took 0.183 seconds
[2023-12-22 20:42:32,007] {processor.py:163} INFO - Started process (PID=312) to work on /home/airflow/.local/lib/python3.6/site-packages/airflow/example_dags/tutorial_etl_dag.py
[2023-12-22 20:42:32,059] {processor.py:642} INFO - Processing file /home/airflow/.local/lib/python3.6/site-packages/airflow/example_dags/tutorial_etl_dag.py for tasks to queue
[2023-12-22 20:42:32,215] {logging_mixin.py:109} INFO - [2023-12-22 20:42:32,215] {dagbag.py:500} INFO - Filling up the DagBag from /home/airflow/.local/lib/python3.6/site-packages/airflow/example_dags/tutorial_etl_dag.py
[2023-12-22 20:42:32,248] {processor.py:652} INFO - DAG(s) dict_keys(['tutorial_etl_dag']) retrieved from /home/airflow/.local/lib/python3.6/site-packages/airflow/example_dags/tutorial_etl_dag.py
[2023-12-22 20:42:32,359] {logging_mixin.py:109} INFO - [2023-12-22 20:42:32,359] {dag.py:2398} INFO - Sync 1 DAGs
[2023-12-22 20:42:32,508] {logging_mixin.py:109} INFO - [2023-12-22 20:42:32,508] {dag.py:2937} INFO - Setting next_dagrun for tutorial_etl_dag to None
[2023-12-22 20:42:32,657] {processor.py:171} INFO - Processing /home/airflow/.local/lib/python3.6/site-packages/airflow/example_dags/tutorial_etl_dag.py took 0.654 seconds
[2023-12-22 20:43:02,810] {processor.py:163} INFO - Started process (PID=385) to work on /home/airflow/.local/lib/python3.6/site-packages/airflow/example_dags/tutorial_etl_dag.py
[2023-12-22 20:43:02,811] {processor.py:642} INFO - Processing file /home/airflow/.local/lib/python3.6/site-packages/airflow/example_dags/tutorial_etl_dag.py for tasks to queue
[2023-12-22 20:43:02,812] {logging_mixin.py:109} INFO - [2023-12-22 20:43:02,812] {dagbag.py:500} INFO - Filling up the DagBag from /home/airflow/.local/lib/python3.6/site-packages/airflow/example_dags/tutorial_etl_dag.py
[2023-12-22 20:43:02,829] {processor.py:652} INFO - DAG(s) dict_keys(['tutorial_etl_dag']) retrieved from /home/airflow/.local/lib/python3.6/site-packages/airflow/example_dags/tutorial_etl_dag.py
[2023-12-22 20:43:02,906] {logging_mixin.py:109} INFO - [2023-12-22 20:43:02,906] {dag.py:2398} INFO - Sync 1 DAGs
[2023-12-22 20:43:03,087] {logging_mixin.py:109} INFO - [2023-12-22 20:43:03,087] {dag.py:2937} INFO - Setting next_dagrun for tutorial_etl_dag to None
[2023-12-22 20:43:03,114] {processor.py:171} INFO - Processing /home/airflow/.local/lib/python3.6/site-packages/airflow/example_dags/tutorial_etl_dag.py took 0.306 seconds
[2023-12-22 20:43:37,280] {processor.py:163} INFO - Started process (PID=451) to work on /home/airflow/.local/lib/python3.6/site-packages/airflow/example_dags/tutorial_etl_dag.py
[2023-12-22 20:43:37,383] {processor.py:642} INFO - Processing file /home/airflow/.local/lib/python3.6/site-packages/airflow/example_dags/tutorial_etl_dag.py for tasks to queue
[2023-12-22 20:43:37,396] {logging_mixin.py:109} INFO - [2023-12-22 20:43:37,396] {dagbag.py:500} INFO - Filling up the DagBag from /home/airflow/.local/lib/python3.6/site-packages/airflow/example_dags/tutorial_etl_dag.py
[2023-12-22 20:43:37,559] {processor.py:652} INFO - DAG(s) dict_keys(['tutorial_etl_dag']) retrieved from /home/airflow/.local/lib/python3.6/site-packages/airflow/example_dags/tutorial_etl_dag.py
[2023-12-22 20:43:37,808] {logging_mixin.py:109} INFO - [2023-12-22 20:43:37,808] {dag.py:2398} INFO - Sync 1 DAGs
[2023-12-22 20:43:38,082] {logging_mixin.py:109} INFO - [2023-12-22 20:43:38,082] {dag.py:2937} INFO - Setting next_dagrun for tutorial_etl_dag to None
[2023-12-22 20:43:38,305] {processor.py:171} INFO - Processing /home/airflow/.local/lib/python3.6/site-packages/airflow/example_dags/tutorial_etl_dag.py took 1.028 seconds
[2023-12-22 20:44:08,955] {processor.py:163} INFO - Started process (PID=524) to work on /home/airflow/.local/lib/python3.6/site-packages/airflow/example_dags/tutorial_etl_dag.py
[2023-12-22 20:44:08,958] {processor.py:642} INFO - Processing file /home/airflow/.local/lib/python3.6/site-packages/airflow/example_dags/tutorial_etl_dag.py for tasks to queue
[2023-12-22 20:44:08,958] {logging_mixin.py:109} INFO - [2023-12-22 20:44:08,958] {dagbag.py:500} INFO - Filling up the DagBag from /home/airflow/.local/lib/python3.6/site-packages/airflow/example_dags/tutorial_etl_dag.py
[2023-12-22 20:44:08,989] {processor.py:652} INFO - DAG(s) dict_keys(['tutorial_etl_dag']) retrieved from /home/airflow/.local/lib/python3.6/site-packages/airflow/example_dags/tutorial_etl_dag.py
[2023-12-22 20:44:09,111] {logging_mixin.py:109} INFO - [2023-12-22 20:44:09,111] {dag.py:2398} INFO - Sync 1 DAGs
[2023-12-22 20:44:09,233] {logging_mixin.py:109} INFO - [2023-12-22 20:44:09,233] {dag.py:2937} INFO - Setting next_dagrun for tutorial_etl_dag to None
[2023-12-22 20:44:09,316] {processor.py:171} INFO - Processing /home/airflow/.local/lib/python3.6/site-packages/airflow/example_dags/tutorial_etl_dag.py took 0.363 seconds
[2023-12-22 20:44:40,148] {processor.py:163} INFO - Started process (PID=589) to work on /home/airflow/.local/lib/python3.6/site-packages/airflow/example_dags/tutorial_etl_dag.py
[2023-12-22 20:44:40,149] {processor.py:642} INFO - Processing file /home/airflow/.local/lib/python3.6/site-packages/airflow/example_dags/tutorial_etl_dag.py for tasks to queue
[2023-12-22 20:44:40,150] {logging_mixin.py:109} INFO - [2023-12-22 20:44:40,150] {dagbag.py:500} INFO - Filling up the DagBag from /home/airflow/.local/lib/python3.6/site-packages/airflow/example_dags/tutorial_etl_dag.py
[2023-12-22 20:44:40,167] {processor.py:652} INFO - DAG(s) dict_keys(['tutorial_etl_dag']) retrieved from /home/airflow/.local/lib/python3.6/site-packages/airflow/example_dags/tutorial_etl_dag.py
[2023-12-22 20:44:40,274] {logging_mixin.py:109} INFO - [2023-12-22 20:44:40,274] {dag.py:2398} INFO - Sync 1 DAGs
[2023-12-22 20:44:40,405] {logging_mixin.py:109} INFO - [2023-12-22 20:44:40,405] {dag.py:2937} INFO - Setting next_dagrun for tutorial_etl_dag to None
[2023-12-22 20:44:40,456] {processor.py:171} INFO - Processing /home/airflow/.local/lib/python3.6/site-packages/airflow/example_dags/tutorial_etl_dag.py took 0.310 seconds
[2023-12-22 20:45:10,730] {processor.py:163} INFO - Started process (PID=663) to work on /home/airflow/.local/lib/python3.6/site-packages/airflow/example_dags/tutorial_etl_dag.py
[2023-12-22 20:45:10,732] {processor.py:642} INFO - Processing file /home/airflow/.local/lib/python3.6/site-packages/airflow/example_dags/tutorial_etl_dag.py for tasks to queue
[2023-12-22 20:45:10,733] {logging_mixin.py:109} INFO - [2023-12-22 20:45:10,732] {dagbag.py:500} INFO - Filling up the DagBag from /home/airflow/.local/lib/python3.6/site-packages/airflow/example_dags/tutorial_etl_dag.py
[2023-12-22 20:45:10,750] {processor.py:652} INFO - DAG(s) dict_keys(['tutorial_etl_dag']) retrieved from /home/airflow/.local/lib/python3.6/site-packages/airflow/example_dags/tutorial_etl_dag.py
[2023-12-22 20:45:10,772] {logging_mixin.py:109} INFO - [2023-12-22 20:45:10,772] {dag.py:2398} INFO - Sync 1 DAGs
[2023-12-22 20:45:10,882] {logging_mixin.py:109} INFO - [2023-12-22 20:45:10,882] {dag.py:2937} INFO - Setting next_dagrun for tutorial_etl_dag to None
[2023-12-22 20:45:10,923] {processor.py:171} INFO - Processing /home/airflow/.local/lib/python3.6/site-packages/airflow/example_dags/tutorial_etl_dag.py took 0.196 seconds
[2023-12-22 20:45:41,270] {processor.py:163} INFO - Started process (PID=728) to work on /home/airflow/.local/lib/python3.6/site-packages/airflow/example_dags/tutorial_etl_dag.py
[2023-12-22 20:45:41,271] {processor.py:642} INFO - Processing file /home/airflow/.local/lib/python3.6/site-packages/airflow/example_dags/tutorial_etl_dag.py for tasks to queue
[2023-12-22 20:45:41,272] {logging_mixin.py:109} INFO - [2023-12-22 20:45:41,272] {dagbag.py:500} INFO - Filling up the DagBag from /home/airflow/.local/lib/python3.6/site-packages/airflow/example_dags/tutorial_etl_dag.py
[2023-12-22 20:45:41,289] {processor.py:652} INFO - DAG(s) dict_keys(['tutorial_etl_dag']) retrieved from /home/airflow/.local/lib/python3.6/site-packages/airflow/example_dags/tutorial_etl_dag.py
[2023-12-22 20:45:41,405] {logging_mixin.py:109} INFO - [2023-12-22 20:45:41,404] {dag.py:2398} INFO - Sync 1 DAGs
[2023-12-22 20:45:41,432] {logging_mixin.py:109} INFO - [2023-12-22 20:45:41,432] {dag.py:2937} INFO - Setting next_dagrun for tutorial_etl_dag to None
[2023-12-22 20:45:41,477] {processor.py:171} INFO - Processing /home/airflow/.local/lib/python3.6/site-packages/airflow/example_dags/tutorial_etl_dag.py took 0.210 seconds
[2023-12-22 20:46:11,877] {processor.py:163} INFO - Started process (PID=801) to work on /home/airflow/.local/lib/python3.6/site-packages/airflow/example_dags/tutorial_etl_dag.py
[2023-12-22 20:46:11,879] {processor.py:642} INFO - Processing file /home/airflow/.local/lib/python3.6/site-packages/airflow/example_dags/tutorial_etl_dag.py for tasks to queue
[2023-12-22 20:46:11,879] {logging_mixin.py:109} INFO - [2023-12-22 20:46:11,879] {dagbag.py:500} INFO - Filling up the DagBag from /home/airflow/.local/lib/python3.6/site-packages/airflow/example_dags/tutorial_etl_dag.py
[2023-12-22 20:46:11,982] {processor.py:652} INFO - DAG(s) dict_keys(['tutorial_etl_dag']) retrieved from /home/airflow/.local/lib/python3.6/site-packages/airflow/example_dags/tutorial_etl_dag.py
[2023-12-22 20:46:12,021] {logging_mixin.py:109} INFO - [2023-12-22 20:46:12,021] {dag.py:2398} INFO - Sync 1 DAGs
[2023-12-22 20:46:12,039] {logging_mixin.py:109} INFO - [2023-12-22 20:46:12,039] {dag.py:2937} INFO - Setting next_dagrun for tutorial_etl_dag to None
[2023-12-22 20:46:12,100] {processor.py:171} INFO - Processing /home/airflow/.local/lib/python3.6/site-packages/airflow/example_dags/tutorial_etl_dag.py took 0.225 seconds
[2023-12-22 20:46:42,261] {processor.py:163} INFO - Started process (PID=866) to work on /home/airflow/.local/lib/python3.6/site-packages/airflow/example_dags/tutorial_etl_dag.py
[2023-12-22 20:46:42,267] {processor.py:642} INFO - Processing file /home/airflow/.local/lib/python3.6/site-packages/airflow/example_dags/tutorial_etl_dag.py for tasks to queue
[2023-12-22 20:46:42,285] {logging_mixin.py:109} INFO - [2023-12-22 20:46:42,285] {dagbag.py:500} INFO - Filling up the DagBag from /home/airflow/.local/lib/python3.6/site-packages/airflow/example_dags/tutorial_etl_dag.py
[2023-12-22 20:46:42,437] {processor.py:652} INFO - DAG(s) dict_keys(['tutorial_etl_dag']) retrieved from /home/airflow/.local/lib/python3.6/site-packages/airflow/example_dags/tutorial_etl_dag.py
[2023-12-22 20:46:42,471] {logging_mixin.py:109} INFO - [2023-12-22 20:46:42,470] {dag.py:2398} INFO - Sync 1 DAGs
[2023-12-22 20:46:42,491] {logging_mixin.py:109} INFO - [2023-12-22 20:46:42,491] {dag.py:2937} INFO - Setting next_dagrun for tutorial_etl_dag to None
[2023-12-22 20:46:42,507] {processor.py:171} INFO - Processing /home/airflow/.local/lib/python3.6/site-packages/airflow/example_dags/tutorial_etl_dag.py took 0.249 seconds
[2023-12-22 20:47:12,841] {processor.py:163} INFO - Started process (PID=936) to work on /home/airflow/.local/lib/python3.6/site-packages/airflow/example_dags/tutorial_etl_dag.py
[2023-12-22 20:47:12,842] {processor.py:642} INFO - Processing file /home/airflow/.local/lib/python3.6/site-packages/airflow/example_dags/tutorial_etl_dag.py for tasks to queue
[2023-12-22 20:47:12,843] {logging_mixin.py:109} INFO - [2023-12-22 20:47:12,843] {dagbag.py:500} INFO - Filling up the DagBag from /home/airflow/.local/lib/python3.6/site-packages/airflow/example_dags/tutorial_etl_dag.py
[2023-12-22 20:47:12,937] {processor.py:652} INFO - DAG(s) dict_keys(['tutorial_etl_dag']) retrieved from /home/airflow/.local/lib/python3.6/site-packages/airflow/example_dags/tutorial_etl_dag.py
[2023-12-22 20:47:13,008] {logging_mixin.py:109} INFO - [2023-12-22 20:47:13,008] {dag.py:2398} INFO - Sync 1 DAGs
[2023-12-22 20:47:13,051] {logging_mixin.py:109} INFO - [2023-12-22 20:47:13,050] {dag.py:2937} INFO - Setting next_dagrun for tutorial_etl_dag to None
[2023-12-22 20:47:13,064] {processor.py:171} INFO - Processing /home/airflow/.local/lib/python3.6/site-packages/airflow/example_dags/tutorial_etl_dag.py took 0.226 seconds
[2023-12-22 20:47:43,367] {processor.py:163} INFO - Started process (PID=1002) to work on /home/airflow/.local/lib/python3.6/site-packages/airflow/example_dags/tutorial_etl_dag.py
[2023-12-22 20:47:43,368] {processor.py:642} INFO - Processing file /home/airflow/.local/lib/python3.6/site-packages/airflow/example_dags/tutorial_etl_dag.py for tasks to queue
[2023-12-22 20:47:43,369] {logging_mixin.py:109} INFO - [2023-12-22 20:47:43,369] {dagbag.py:500} INFO - Filling up the DagBag from /home/airflow/.local/lib/python3.6/site-packages/airflow/example_dags/tutorial_etl_dag.py
[2023-12-22 20:47:43,453] {processor.py:652} INFO - DAG(s) dict_keys(['tutorial_etl_dag']) retrieved from /home/airflow/.local/lib/python3.6/site-packages/airflow/example_dags/tutorial_etl_dag.py
[2023-12-22 20:47:43,468] {logging_mixin.py:109} INFO - [2023-12-22 20:47:43,468] {dag.py:2398} INFO - Sync 1 DAGs
[2023-12-22 20:47:43,481] {logging_mixin.py:109} INFO - [2023-12-22 20:47:43,481] {dag.py:2937} INFO - Setting next_dagrun for tutorial_etl_dag to None
[2023-12-22 20:47:43,488] {processor.py:171} INFO - Processing /home/airflow/.local/lib/python3.6/site-packages/airflow/example_dags/tutorial_etl_dag.py took 0.123 seconds
[2023-12-22 20:48:13,576] {processor.py:163} INFO - Started process (PID=1076) to work on /home/airflow/.local/lib/python3.6/site-packages/airflow/example_dags/tutorial_etl_dag.py
[2023-12-22 20:48:13,577] {processor.py:642} INFO - Processing file /home/airflow/.local/lib/python3.6/site-packages/airflow/example_dags/tutorial_etl_dag.py for tasks to queue
[2023-12-22 20:48:13,578] {logging_mixin.py:109} INFO - [2023-12-22 20:48:13,578] {dagbag.py:500} INFO - Filling up the DagBag from /home/airflow/.local/lib/python3.6/site-packages/airflow/example_dags/tutorial_etl_dag.py
[2023-12-22 20:48:13,694] {processor.py:652} INFO - DAG(s) dict_keys(['tutorial_etl_dag']) retrieved from /home/airflow/.local/lib/python3.6/site-packages/airflow/example_dags/tutorial_etl_dag.py
[2023-12-22 20:48:13,716] {logging_mixin.py:109} INFO - [2023-12-22 20:48:13,716] {dag.py:2398} INFO - Sync 1 DAGs
[2023-12-22 20:48:13,734] {logging_mixin.py:109} INFO - [2023-12-22 20:48:13,734] {dag.py:2937} INFO - Setting next_dagrun for tutorial_etl_dag to None
[2023-12-22 20:48:13,764] {processor.py:171} INFO - Processing /home/airflow/.local/lib/python3.6/site-packages/airflow/example_dags/tutorial_etl_dag.py took 0.192 seconds
[2023-12-22 20:48:44,181] {processor.py:163} INFO - Started process (PID=1140) to work on /home/airflow/.local/lib/python3.6/site-packages/airflow/example_dags/tutorial_etl_dag.py
[2023-12-22 20:48:44,183] {processor.py:642} INFO - Processing file /home/airflow/.local/lib/python3.6/site-packages/airflow/example_dags/tutorial_etl_dag.py for tasks to queue
[2023-12-22 20:48:44,184] {logging_mixin.py:109} INFO - [2023-12-22 20:48:44,184] {dagbag.py:500} INFO - Filling up the DagBag from /home/airflow/.local/lib/python3.6/site-packages/airflow/example_dags/tutorial_etl_dag.py
[2023-12-22 20:48:44,288] {processor.py:652} INFO - DAG(s) dict_keys(['tutorial_etl_dag']) retrieved from /home/airflow/.local/lib/python3.6/site-packages/airflow/example_dags/tutorial_etl_dag.py
[2023-12-22 20:48:44,305] {logging_mixin.py:109} INFO - [2023-12-22 20:48:44,305] {dag.py:2398} INFO - Sync 1 DAGs
[2023-12-22 20:48:44,319] {logging_mixin.py:109} INFO - [2023-12-22 20:48:44,318] {dag.py:2937} INFO - Setting next_dagrun for tutorial_etl_dag to None
[2023-12-22 20:48:44,347] {processor.py:171} INFO - Processing /home/airflow/.local/lib/python3.6/site-packages/airflow/example_dags/tutorial_etl_dag.py took 0.169 seconds
[2023-12-22 20:49:15,131] {processor.py:163} INFO - Started process (PID=1214) to work on /home/airflow/.local/lib/python3.6/site-packages/airflow/example_dags/tutorial_etl_dag.py
[2023-12-22 20:49:15,132] {processor.py:642} INFO - Processing file /home/airflow/.local/lib/python3.6/site-packages/airflow/example_dags/tutorial_etl_dag.py for tasks to queue
[2023-12-22 20:49:15,133] {logging_mixin.py:109} INFO - [2023-12-22 20:49:15,133] {dagbag.py:500} INFO - Filling up the DagBag from /home/airflow/.local/lib/python3.6/site-packages/airflow/example_dags/tutorial_etl_dag.py
[2023-12-22 20:49:15,220] {processor.py:652} INFO - DAG(s) dict_keys(['tutorial_etl_dag']) retrieved from /home/airflow/.local/lib/python3.6/site-packages/airflow/example_dags/tutorial_etl_dag.py
[2023-12-22 20:49:15,234] {logging_mixin.py:109} INFO - [2023-12-22 20:49:15,234] {dag.py:2398} INFO - Sync 1 DAGs
[2023-12-22 20:49:15,246] {logging_mixin.py:109} INFO - [2023-12-22 20:49:15,246] {dag.py:2937} INFO - Setting next_dagrun for tutorial_etl_dag to None
[2023-12-22 20:49:15,276] {processor.py:171} INFO - Processing /home/airflow/.local/lib/python3.6/site-packages/airflow/example_dags/tutorial_etl_dag.py took 0.147 seconds
[2023-12-22 20:49:45,413] {processor.py:163} INFO - Started process (PID=1278) to work on /home/airflow/.local/lib/python3.6/site-packages/airflow/example_dags/tutorial_etl_dag.py
[2023-12-22 20:49:45,415] {processor.py:642} INFO - Processing file /home/airflow/.local/lib/python3.6/site-packages/airflow/example_dags/tutorial_etl_dag.py for tasks to queue
[2023-12-22 20:49:45,415] {logging_mixin.py:109} INFO - [2023-12-22 20:49:45,415] {dagbag.py:500} INFO - Filling up the DagBag from /home/airflow/.local/lib/python3.6/site-packages/airflow/example_dags/tutorial_etl_dag.py
[2023-12-22 20:49:45,430] {processor.py:652} INFO - DAG(s) dict_keys(['tutorial_etl_dag']) retrieved from /home/airflow/.local/lib/python3.6/site-packages/airflow/example_dags/tutorial_etl_dag.py
[2023-12-22 20:49:45,446] {logging_mixin.py:109} INFO - [2023-12-22 20:49:45,446] {dag.py:2398} INFO - Sync 1 DAGs
[2023-12-22 20:49:45,460] {logging_mixin.py:109} INFO - [2023-12-22 20:49:45,460] {dag.py:2937} INFO - Setting next_dagrun for tutorial_etl_dag to None
[2023-12-22 20:49:45,489] {processor.py:171} INFO - Processing /home/airflow/.local/lib/python3.6/site-packages/airflow/example_dags/tutorial_etl_dag.py took 0.078 seconds
[2023-12-22 20:50:15,584] {processor.py:163} INFO - Started process (PID=1352) to work on /home/airflow/.local/lib/python3.6/site-packages/airflow/example_dags/tutorial_etl_dag.py
[2023-12-22 20:50:15,585] {processor.py:642} INFO - Processing file /home/airflow/.local/lib/python3.6/site-packages/airflow/example_dags/tutorial_etl_dag.py for tasks to queue
[2023-12-22 20:50:15,586] {logging_mixin.py:109} INFO - [2023-12-22 20:50:15,586] {dagbag.py:500} INFO - Filling up the DagBag from /home/airflow/.local/lib/python3.6/site-packages/airflow/example_dags/tutorial_etl_dag.py
[2023-12-22 20:50:15,598] {processor.py:652} INFO - DAG(s) dict_keys(['tutorial_etl_dag']) retrieved from /home/airflow/.local/lib/python3.6/site-packages/airflow/example_dags/tutorial_etl_dag.py
[2023-12-22 20:50:15,619] {logging_mixin.py:109} INFO - [2023-12-22 20:50:15,619] {dag.py:2398} INFO - Sync 1 DAGs
[2023-12-22 20:50:15,633] {logging_mixin.py:109} INFO - [2023-12-22 20:50:15,633] {dag.py:2937} INFO - Setting next_dagrun for tutorial_etl_dag to None
[2023-12-22 20:50:15,643] {processor.py:171} INFO - Processing /home/airflow/.local/lib/python3.6/site-packages/airflow/example_dags/tutorial_etl_dag.py took 0.061 seconds
[2023-12-22 20:50:46,045] {processor.py:163} INFO - Started process (PID=1416) to work on /home/airflow/.local/lib/python3.6/site-packages/airflow/example_dags/tutorial_etl_dag.py
[2023-12-22 20:50:46,047] {processor.py:642} INFO - Processing file /home/airflow/.local/lib/python3.6/site-packages/airflow/example_dags/tutorial_etl_dag.py for tasks to queue
[2023-12-22 20:50:46,048] {logging_mixin.py:109} INFO - [2023-12-22 20:50:46,048] {dagbag.py:500} INFO - Filling up the DagBag from /home/airflow/.local/lib/python3.6/site-packages/airflow/example_dags/tutorial_etl_dag.py
[2023-12-22 20:50:46,067] {processor.py:652} INFO - DAG(s) dict_keys(['tutorial_etl_dag']) retrieved from /home/airflow/.local/lib/python3.6/site-packages/airflow/example_dags/tutorial_etl_dag.py
[2023-12-22 20:50:46,084] {logging_mixin.py:109} INFO - [2023-12-22 20:50:46,084] {dag.py:2398} INFO - Sync 1 DAGs
[2023-12-22 20:50:46,098] {logging_mixin.py:109} INFO - [2023-12-22 20:50:46,098] {dag.py:2937} INFO - Setting next_dagrun for tutorial_etl_dag to None
[2023-12-22 20:50:46,127] {processor.py:171} INFO - Processing /home/airflow/.local/lib/python3.6/site-packages/airflow/example_dags/tutorial_etl_dag.py took 0.084 seconds
[2023-12-22 20:51:16,766] {processor.py:163} INFO - Started process (PID=1489) to work on /home/airflow/.local/lib/python3.6/site-packages/airflow/example_dags/tutorial_etl_dag.py
[2023-12-22 20:51:16,768] {processor.py:642} INFO - Processing file /home/airflow/.local/lib/python3.6/site-packages/airflow/example_dags/tutorial_etl_dag.py for tasks to queue
[2023-12-22 20:51:16,776] {logging_mixin.py:109} INFO - [2023-12-22 20:51:16,776] {dagbag.py:500} INFO - Filling up the DagBag from /home/airflow/.local/lib/python3.6/site-packages/airflow/example_dags/tutorial_etl_dag.py
[2023-12-22 20:51:16,795] {processor.py:652} INFO - DAG(s) dict_keys(['tutorial_etl_dag']) retrieved from /home/airflow/.local/lib/python3.6/site-packages/airflow/example_dags/tutorial_etl_dag.py
[2023-12-22 20:51:16,813] {logging_mixin.py:109} INFO - [2023-12-22 20:51:16,812] {dag.py:2398} INFO - Sync 1 DAGs
[2023-12-22 20:51:16,828] {logging_mixin.py:109} INFO - [2023-12-22 20:51:16,828] {dag.py:2937} INFO - Setting next_dagrun for tutorial_etl_dag to None
[2023-12-22 20:51:16,858] {processor.py:171} INFO - Processing /home/airflow/.local/lib/python3.6/site-packages/airflow/example_dags/tutorial_etl_dag.py took 0.094 seconds
[2023-12-22 20:51:47,145] {processor.py:163} INFO - Started process (PID=1554) to work on /home/airflow/.local/lib/python3.6/site-packages/airflow/example_dags/tutorial_etl_dag.py
[2023-12-22 20:51:47,146] {processor.py:642} INFO - Processing file /home/airflow/.local/lib/python3.6/site-packages/airflow/example_dags/tutorial_etl_dag.py for tasks to queue
[2023-12-22 20:51:47,147] {logging_mixin.py:109} INFO - [2023-12-22 20:51:47,147] {dagbag.py:500} INFO - Filling up the DagBag from /home/airflow/.local/lib/python3.6/site-packages/airflow/example_dags/tutorial_etl_dag.py
[2023-12-22 20:51:47,165] {processor.py:652} INFO - DAG(s) dict_keys(['tutorial_etl_dag']) retrieved from /home/airflow/.local/lib/python3.6/site-packages/airflow/example_dags/tutorial_etl_dag.py
[2023-12-22 20:51:47,183] {logging_mixin.py:109} INFO - [2023-12-22 20:51:47,183] {dag.py:2398} INFO - Sync 1 DAGs
[2023-12-22 20:51:47,200] {logging_mixin.py:109} INFO - [2023-12-22 20:51:47,200] {dag.py:2937} INFO - Setting next_dagrun for tutorial_etl_dag to None
[2023-12-22 20:51:47,210] {processor.py:171} INFO - Processing /home/airflow/.local/lib/python3.6/site-packages/airflow/example_dags/tutorial_etl_dag.py took 0.071 seconds
[2023-12-22 20:52:18,137] {processor.py:163} INFO - Started process (PID=1628) to work on /home/airflow/.local/lib/python3.6/site-packages/airflow/example_dags/tutorial_etl_dag.py
[2023-12-22 20:52:18,138] {processor.py:642} INFO - Processing file /home/airflow/.local/lib/python3.6/site-packages/airflow/example_dags/tutorial_etl_dag.py for tasks to queue
[2023-12-22 20:52:18,139] {logging_mixin.py:109} INFO - [2023-12-22 20:52:18,139] {dagbag.py:500} INFO - Filling up the DagBag from /home/airflow/.local/lib/python3.6/site-packages/airflow/example_dags/tutorial_etl_dag.py
[2023-12-22 20:52:18,154] {processor.py:652} INFO - DAG(s) dict_keys(['tutorial_etl_dag']) retrieved from /home/airflow/.local/lib/python3.6/site-packages/airflow/example_dags/tutorial_etl_dag.py
[2023-12-22 20:52:18,173] {logging_mixin.py:109} INFO - [2023-12-22 20:52:18,172] {dag.py:2398} INFO - Sync 1 DAGs
[2023-12-22 20:52:18,188] {logging_mixin.py:109} INFO - [2023-12-22 20:52:18,188] {dag.py:2937} INFO - Setting next_dagrun for tutorial_etl_dag to None
[2023-12-22 20:52:18,218] {processor.py:171} INFO - Processing /home/airflow/.local/lib/python3.6/site-packages/airflow/example_dags/tutorial_etl_dag.py took 0.084 seconds
[2023-12-22 20:52:48,668] {processor.py:163} INFO - Started process (PID=1692) to work on /home/airflow/.local/lib/python3.6/site-packages/airflow/example_dags/tutorial_etl_dag.py
[2023-12-22 20:52:48,670] {processor.py:642} INFO - Processing file /home/airflow/.local/lib/python3.6/site-packages/airflow/example_dags/tutorial_etl_dag.py for tasks to queue
[2023-12-22 20:52:48,670] {logging_mixin.py:109} INFO - [2023-12-22 20:52:48,670] {dagbag.py:500} INFO - Filling up the DagBag from /home/airflow/.local/lib/python3.6/site-packages/airflow/example_dags/tutorial_etl_dag.py
[2023-12-22 20:52:48,690] {processor.py:652} INFO - DAG(s) dict_keys(['tutorial_etl_dag']) retrieved from /home/airflow/.local/lib/python3.6/site-packages/airflow/example_dags/tutorial_etl_dag.py
[2023-12-22 20:52:48,709] {logging_mixin.py:109} INFO - [2023-12-22 20:52:48,709] {dag.py:2398} INFO - Sync 1 DAGs
[2023-12-22 20:52:48,726] {logging_mixin.py:109} INFO - [2023-12-22 20:52:48,726] {dag.py:2937} INFO - Setting next_dagrun for tutorial_etl_dag to None
[2023-12-22 20:52:48,759] {processor.py:171} INFO - Processing /home/airflow/.local/lib/python3.6/site-packages/airflow/example_dags/tutorial_etl_dag.py took 0.094 seconds
[2023-12-22 20:53:19,344] {processor.py:163} INFO - Started process (PID=1766) to work on /home/airflow/.local/lib/python3.6/site-packages/airflow/example_dags/tutorial_etl_dag.py
[2023-12-22 20:53:19,345] {processor.py:642} INFO - Processing file /home/airflow/.local/lib/python3.6/site-packages/airflow/example_dags/tutorial_etl_dag.py for tasks to queue
[2023-12-22 20:53:19,346] {logging_mixin.py:109} INFO - [2023-12-22 20:53:19,346] {dagbag.py:500} INFO - Filling up the DagBag from /home/airflow/.local/lib/python3.6/site-packages/airflow/example_dags/tutorial_etl_dag.py
[2023-12-22 20:53:19,367] {processor.py:652} INFO - DAG(s) dict_keys(['tutorial_etl_dag']) retrieved from /home/airflow/.local/lib/python3.6/site-packages/airflow/example_dags/tutorial_etl_dag.py
[2023-12-22 20:53:19,395] {logging_mixin.py:109} INFO - [2023-12-22 20:53:19,394] {dag.py:2398} INFO - Sync 1 DAGs
[2023-12-22 20:53:19,422] {logging_mixin.py:109} INFO - [2023-12-22 20:53:19,422] {dag.py:2937} INFO - Setting next_dagrun for tutorial_etl_dag to None
[2023-12-22 20:53:19,464] {processor.py:171} INFO - Processing /home/airflow/.local/lib/python3.6/site-packages/airflow/example_dags/tutorial_etl_dag.py took 0.125 seconds
[2023-12-22 20:53:50,026] {processor.py:163} INFO - Started process (PID=1830) to work on /home/airflow/.local/lib/python3.6/site-packages/airflow/example_dags/tutorial_etl_dag.py
[2023-12-22 20:53:50,027] {processor.py:642} INFO - Processing file /home/airflow/.local/lib/python3.6/site-packages/airflow/example_dags/tutorial_etl_dag.py for tasks to queue
[2023-12-22 20:53:50,027] {logging_mixin.py:109} INFO - [2023-12-22 20:53:50,027] {dagbag.py:500} INFO - Filling up the DagBag from /home/airflow/.local/lib/python3.6/site-packages/airflow/example_dags/tutorial_etl_dag.py
[2023-12-22 20:53:50,043] {processor.py:652} INFO - DAG(s) dict_keys(['tutorial_etl_dag']) retrieved from /home/airflow/.local/lib/python3.6/site-packages/airflow/example_dags/tutorial_etl_dag.py
[2023-12-22 20:53:50,060] {logging_mixin.py:109} INFO - [2023-12-22 20:53:50,060] {dag.py:2398} INFO - Sync 1 DAGs
[2023-12-22 20:53:50,082] {logging_mixin.py:109} INFO - [2023-12-22 20:53:50,082] {dag.py:2937} INFO - Setting next_dagrun for tutorial_etl_dag to None
[2023-12-22 20:53:50,103] {processor.py:171} INFO - Processing /home/airflow/.local/lib/python3.6/site-packages/airflow/example_dags/tutorial_etl_dag.py took 0.080 seconds
[2023-12-22 20:54:20,181] {processor.py:163} INFO - Started process (PID=1903) to work on /home/airflow/.local/lib/python3.6/site-packages/airflow/example_dags/tutorial_etl_dag.py
[2023-12-22 20:54:20,184] {processor.py:642} INFO - Processing file /home/airflow/.local/lib/python3.6/site-packages/airflow/example_dags/tutorial_etl_dag.py for tasks to queue
[2023-12-22 20:54:20,185] {logging_mixin.py:109} INFO - [2023-12-22 20:54:20,185] {dagbag.py:500} INFO - Filling up the DagBag from /home/airflow/.local/lib/python3.6/site-packages/airflow/example_dags/tutorial_etl_dag.py
[2023-12-22 20:54:20,198] {processor.py:652} INFO - DAG(s) dict_keys(['tutorial_etl_dag']) retrieved from /home/airflow/.local/lib/python3.6/site-packages/airflow/example_dags/tutorial_etl_dag.py
[2023-12-22 20:54:20,216] {logging_mixin.py:109} INFO - [2023-12-22 20:54:20,216] {dag.py:2398} INFO - Sync 1 DAGs
[2023-12-22 20:54:20,241] {logging_mixin.py:109} INFO - [2023-12-22 20:54:20,241] {dag.py:2937} INFO - Setting next_dagrun for tutorial_etl_dag to None
[2023-12-22 20:54:20,262] {processor.py:171} INFO - Processing /home/airflow/.local/lib/python3.6/site-packages/airflow/example_dags/tutorial_etl_dag.py took 0.083 seconds
[2023-12-22 20:54:51,115] {processor.py:163} INFO - Started process (PID=1967) to work on /home/airflow/.local/lib/python3.6/site-packages/airflow/example_dags/tutorial_etl_dag.py
[2023-12-22 20:54:51,116] {processor.py:642} INFO - Processing file /home/airflow/.local/lib/python3.6/site-packages/airflow/example_dags/tutorial_etl_dag.py for tasks to queue
[2023-12-22 20:54:51,116] {logging_mixin.py:109} INFO - [2023-12-22 20:54:51,116] {dagbag.py:500} INFO - Filling up the DagBag from /home/airflow/.local/lib/python3.6/site-packages/airflow/example_dags/tutorial_etl_dag.py
[2023-12-22 20:54:51,132] {processor.py:652} INFO - DAG(s) dict_keys(['tutorial_etl_dag']) retrieved from /home/airflow/.local/lib/python3.6/site-packages/airflow/example_dags/tutorial_etl_dag.py
[2023-12-22 20:54:51,153] {logging_mixin.py:109} INFO - [2023-12-22 20:54:51,153] {dag.py:2398} INFO - Sync 1 DAGs
[2023-12-22 20:54:51,172] {logging_mixin.py:109} INFO - [2023-12-22 20:54:51,172] {dag.py:2937} INFO - Setting next_dagrun for tutorial_etl_dag to None
[2023-12-22 20:54:51,183] {processor.py:171} INFO - Processing /home/airflow/.local/lib/python3.6/site-packages/airflow/example_dags/tutorial_etl_dag.py took 0.072 seconds
[2023-12-22 20:55:21,690] {processor.py:163} INFO - Started process (PID=2041) to work on /home/airflow/.local/lib/python3.6/site-packages/airflow/example_dags/tutorial_etl_dag.py
[2023-12-22 20:55:21,691] {processor.py:642} INFO - Processing file /home/airflow/.local/lib/python3.6/site-packages/airflow/example_dags/tutorial_etl_dag.py for tasks to queue
[2023-12-22 20:55:21,692] {logging_mixin.py:109} INFO - [2023-12-22 20:55:21,692] {dagbag.py:500} INFO - Filling up the DagBag from /home/airflow/.local/lib/python3.6/site-packages/airflow/example_dags/tutorial_etl_dag.py
[2023-12-22 20:55:21,710] {processor.py:652} INFO - DAG(s) dict_keys(['tutorial_etl_dag']) retrieved from /home/airflow/.local/lib/python3.6/site-packages/airflow/example_dags/tutorial_etl_dag.py
[2023-12-22 20:55:21,730] {logging_mixin.py:109} INFO - [2023-12-22 20:55:21,730] {dag.py:2398} INFO - Sync 1 DAGs
[2023-12-22 20:55:21,745] {logging_mixin.py:109} INFO - [2023-12-22 20:55:21,745] {dag.py:2937} INFO - Setting next_dagrun for tutorial_etl_dag to None
[2023-12-22 20:55:21,778] {processor.py:171} INFO - Processing /home/airflow/.local/lib/python3.6/site-packages/airflow/example_dags/tutorial_etl_dag.py took 0.092 seconds
[2023-12-22 20:55:51,819] {processor.py:163} INFO - Started process (PID=2104) to work on /home/airflow/.local/lib/python3.6/site-packages/airflow/example_dags/tutorial_etl_dag.py
[2023-12-22 20:55:51,820] {processor.py:642} INFO - Processing file /home/airflow/.local/lib/python3.6/site-packages/airflow/example_dags/tutorial_etl_dag.py for tasks to queue
[2023-12-22 20:55:51,821] {logging_mixin.py:109} INFO - [2023-12-22 20:55:51,821] {dagbag.py:500} INFO - Filling up the DagBag from /home/airflow/.local/lib/python3.6/site-packages/airflow/example_dags/tutorial_etl_dag.py
[2023-12-22 20:55:51,836] {processor.py:652} INFO - DAG(s) dict_keys(['tutorial_etl_dag']) retrieved from /home/airflow/.local/lib/python3.6/site-packages/airflow/example_dags/tutorial_etl_dag.py
[2023-12-22 20:55:51,855] {logging_mixin.py:109} INFO - [2023-12-22 20:55:51,855] {dag.py:2398} INFO - Sync 1 DAGs
[2023-12-22 20:55:51,873] {logging_mixin.py:109} INFO - [2023-12-22 20:55:51,873] {dag.py:2937} INFO - Setting next_dagrun for tutorial_etl_dag to None
[2023-12-22 20:55:51,905] {processor.py:171} INFO - Processing /home/airflow/.local/lib/python3.6/site-packages/airflow/example_dags/tutorial_etl_dag.py took 0.090 seconds
[2023-12-22 20:56:22,204] {processor.py:163} INFO - Started process (PID=2177) to work on /home/airflow/.local/lib/python3.6/site-packages/airflow/example_dags/tutorial_etl_dag.py
[2023-12-22 20:56:22,206] {processor.py:642} INFO - Processing file /home/airflow/.local/lib/python3.6/site-packages/airflow/example_dags/tutorial_etl_dag.py for tasks to queue
[2023-12-22 20:56:22,207] {logging_mixin.py:109} INFO - [2023-12-22 20:56:22,207] {dagbag.py:500} INFO - Filling up the DagBag from /home/airflow/.local/lib/python3.6/site-packages/airflow/example_dags/tutorial_etl_dag.py
[2023-12-22 20:56:22,226] {processor.py:652} INFO - DAG(s) dict_keys(['tutorial_etl_dag']) retrieved from /home/airflow/.local/lib/python3.6/site-packages/airflow/example_dags/tutorial_etl_dag.py
[2023-12-22 20:56:22,247] {logging_mixin.py:109} INFO - [2023-12-22 20:56:22,247] {dag.py:2398} INFO - Sync 1 DAGs
[2023-12-22 20:56:22,265] {logging_mixin.py:109} INFO - [2023-12-22 20:56:22,265] {dag.py:2937} INFO - Setting next_dagrun for tutorial_etl_dag to None
[2023-12-22 20:56:22,297] {processor.py:171} INFO - Processing /home/airflow/.local/lib/python3.6/site-packages/airflow/example_dags/tutorial_etl_dag.py took 0.096 seconds
[2023-12-22 20:56:52,477] {processor.py:163} INFO - Started process (PID=2250) to work on /home/airflow/.local/lib/python3.6/site-packages/airflow/example_dags/tutorial_etl_dag.py
[2023-12-22 20:56:52,479] {processor.py:642} INFO - Processing file /home/airflow/.local/lib/python3.6/site-packages/airflow/example_dags/tutorial_etl_dag.py for tasks to queue
[2023-12-22 20:56:52,480] {logging_mixin.py:109} INFO - [2023-12-22 20:56:52,480] {dagbag.py:500} INFO - Filling up the DagBag from /home/airflow/.local/lib/python3.6/site-packages/airflow/example_dags/tutorial_etl_dag.py
[2023-12-22 20:56:52,494] {processor.py:652} INFO - DAG(s) dict_keys(['tutorial_etl_dag']) retrieved from /home/airflow/.local/lib/python3.6/site-packages/airflow/example_dags/tutorial_etl_dag.py
[2023-12-22 20:56:52,513] {logging_mixin.py:109} INFO - [2023-12-22 20:56:52,513] {dag.py:2398} INFO - Sync 1 DAGs
[2023-12-22 20:56:52,533] {logging_mixin.py:109} INFO - [2023-12-22 20:56:52,533] {dag.py:2937} INFO - Setting next_dagrun for tutorial_etl_dag to None
[2023-12-22 20:56:52,566] {processor.py:171} INFO - Processing /home/airflow/.local/lib/python3.6/site-packages/airflow/example_dags/tutorial_etl_dag.py took 0.092 seconds
[2023-12-22 20:57:22,766] {processor.py:163} INFO - Started process (PID=2314) to work on /home/airflow/.local/lib/python3.6/site-packages/airflow/example_dags/tutorial_etl_dag.py
[2023-12-22 20:57:22,768] {processor.py:642} INFO - Processing file /home/airflow/.local/lib/python3.6/site-packages/airflow/example_dags/tutorial_etl_dag.py for tasks to queue
[2023-12-22 20:57:22,769] {logging_mixin.py:109} INFO - [2023-12-22 20:57:22,769] {dagbag.py:500} INFO - Filling up the DagBag from /home/airflow/.local/lib/python3.6/site-packages/airflow/example_dags/tutorial_etl_dag.py
[2023-12-22 20:57:22,784] {processor.py:652} INFO - DAG(s) dict_keys(['tutorial_etl_dag']) retrieved from /home/airflow/.local/lib/python3.6/site-packages/airflow/example_dags/tutorial_etl_dag.py
[2023-12-22 20:57:22,802] {logging_mixin.py:109} INFO - [2023-12-22 20:57:22,802] {dag.py:2398} INFO - Sync 1 DAGs
[2023-12-22 20:57:22,818] {logging_mixin.py:109} INFO - [2023-12-22 20:57:22,818] {dag.py:2937} INFO - Setting next_dagrun for tutorial_etl_dag to None
[2023-12-22 20:57:22,828] {processor.py:171} INFO - Processing /home/airflow/.local/lib/python3.6/site-packages/airflow/example_dags/tutorial_etl_dag.py took 0.065 seconds
[2023-12-22 20:57:53,512] {processor.py:163} INFO - Started process (PID=2387) to work on /home/airflow/.local/lib/python3.6/site-packages/airflow/example_dags/tutorial_etl_dag.py
[2023-12-22 20:57:53,513] {processor.py:642} INFO - Processing file /home/airflow/.local/lib/python3.6/site-packages/airflow/example_dags/tutorial_etl_dag.py for tasks to queue
[2023-12-22 20:57:53,514] {logging_mixin.py:109} INFO - [2023-12-22 20:57:53,514] {dagbag.py:500} INFO - Filling up the DagBag from /home/airflow/.local/lib/python3.6/site-packages/airflow/example_dags/tutorial_etl_dag.py
[2023-12-22 20:57:53,524] {processor.py:652} INFO - DAG(s) dict_keys(['tutorial_etl_dag']) retrieved from /home/airflow/.local/lib/python3.6/site-packages/airflow/example_dags/tutorial_etl_dag.py
[2023-12-22 20:57:53,543] {logging_mixin.py:109} INFO - [2023-12-22 20:57:53,543] {dag.py:2398} INFO - Sync 1 DAGs
[2023-12-22 20:57:53,560] {logging_mixin.py:109} INFO - [2023-12-22 20:57:53,560] {dag.py:2937} INFO - Setting next_dagrun for tutorial_etl_dag to None
[2023-12-22 20:57:53,570] {processor.py:171} INFO - Processing /home/airflow/.local/lib/python3.6/site-packages/airflow/example_dags/tutorial_etl_dag.py took 0.060 seconds
[2023-12-22 20:58:23,842] {processor.py:163} INFO - Started process (PID=2451) to work on /home/airflow/.local/lib/python3.6/site-packages/airflow/example_dags/tutorial_etl_dag.py
[2023-12-22 20:58:23,845] {processor.py:642} INFO - Processing file /home/airflow/.local/lib/python3.6/site-packages/airflow/example_dags/tutorial_etl_dag.py for tasks to queue
[2023-12-22 20:58:23,846] {logging_mixin.py:109} INFO - [2023-12-22 20:58:23,846] {dagbag.py:500} INFO - Filling up the DagBag from /home/airflow/.local/lib/python3.6/site-packages/airflow/example_dags/tutorial_etl_dag.py
[2023-12-22 20:58:23,873] {processor.py:652} INFO - DAG(s) dict_keys(['tutorial_etl_dag']) retrieved from /home/airflow/.local/lib/python3.6/site-packages/airflow/example_dags/tutorial_etl_dag.py
[2023-12-22 20:58:23,935] {logging_mixin.py:109} INFO - [2023-12-22 20:58:23,934] {dag.py:2398} INFO - Sync 1 DAGs
[2023-12-22 20:58:23,955] {logging_mixin.py:109} INFO - [2023-12-22 20:58:23,955] {dag.py:2937} INFO - Setting next_dagrun for tutorial_etl_dag to None
[2023-12-22 20:58:23,970] {processor.py:171} INFO - Processing /home/airflow/.local/lib/python3.6/site-packages/airflow/example_dags/tutorial_etl_dag.py took 0.131 seconds
[2023-12-22 20:58:54,660] {processor.py:163} INFO - Started process (PID=2515) to work on /home/airflow/.local/lib/python3.6/site-packages/airflow/example_dags/tutorial_etl_dag.py
[2023-12-22 20:58:54,666] {processor.py:642} INFO - Processing file /home/airflow/.local/lib/python3.6/site-packages/airflow/example_dags/tutorial_etl_dag.py for tasks to queue
[2023-12-22 20:58:54,670] {logging_mixin.py:109} INFO - [2023-12-22 20:58:54,670] {dagbag.py:500} INFO - Filling up the DagBag from /home/airflow/.local/lib/python3.6/site-packages/airflow/example_dags/tutorial_etl_dag.py
[2023-12-22 20:58:54,732] {processor.py:652} INFO - DAG(s) dict_keys(['tutorial_etl_dag']) retrieved from /home/airflow/.local/lib/python3.6/site-packages/airflow/example_dags/tutorial_etl_dag.py
[2023-12-22 20:58:54,796] {logging_mixin.py:109} INFO - [2023-12-22 20:58:54,795] {dag.py:2398} INFO - Sync 1 DAGs
[2023-12-22 20:58:54,845] {logging_mixin.py:109} INFO - [2023-12-22 20:58:54,844] {dag.py:2937} INFO - Setting next_dagrun for tutorial_etl_dag to None
[2023-12-22 20:58:54,874] {processor.py:171} INFO - Processing /home/airflow/.local/lib/python3.6/site-packages/airflow/example_dags/tutorial_etl_dag.py took 0.220 seconds
[2023-12-22 20:59:25,105] {processor.py:163} INFO - Started process (PID=2579) to work on /home/airflow/.local/lib/python3.6/site-packages/airflow/example_dags/tutorial_etl_dag.py
[2023-12-22 20:59:25,107] {processor.py:642} INFO - Processing file /home/airflow/.local/lib/python3.6/site-packages/airflow/example_dags/tutorial_etl_dag.py for tasks to queue
[2023-12-22 20:59:25,108] {logging_mixin.py:109} INFO - [2023-12-22 20:59:25,108] {dagbag.py:500} INFO - Filling up the DagBag from /home/airflow/.local/lib/python3.6/site-packages/airflow/example_dags/tutorial_etl_dag.py
[2023-12-22 20:59:25,129] {processor.py:652} INFO - DAG(s) dict_keys(['tutorial_etl_dag']) retrieved from /home/airflow/.local/lib/python3.6/site-packages/airflow/example_dags/tutorial_etl_dag.py
[2023-12-22 20:59:25,154] {logging_mixin.py:109} INFO - [2023-12-22 20:59:25,154] {dag.py:2398} INFO - Sync 1 DAGs
[2023-12-22 20:59:25,179] {logging_mixin.py:109} INFO - [2023-12-22 20:59:25,178] {dag.py:2937} INFO - Setting next_dagrun for tutorial_etl_dag to None
[2023-12-22 20:59:25,191] {processor.py:171} INFO - Processing /home/airflow/.local/lib/python3.6/site-packages/airflow/example_dags/tutorial_etl_dag.py took 0.089 seconds
[2023-12-22 20:59:55,907] {processor.py:163} INFO - Started process (PID=2643) to work on /home/airflow/.local/lib/python3.6/site-packages/airflow/example_dags/tutorial_etl_dag.py
[2023-12-22 20:59:55,910] {processor.py:642} INFO - Processing file /home/airflow/.local/lib/python3.6/site-packages/airflow/example_dags/tutorial_etl_dag.py for tasks to queue
[2023-12-22 20:59:55,912] {logging_mixin.py:109} INFO - [2023-12-22 20:59:55,912] {dagbag.py:500} INFO - Filling up the DagBag from /home/airflow/.local/lib/python3.6/site-packages/airflow/example_dags/tutorial_etl_dag.py
[2023-12-22 20:59:55,984] {processor.py:652} INFO - DAG(s) dict_keys(['tutorial_etl_dag']) retrieved from /home/airflow/.local/lib/python3.6/site-packages/airflow/example_dags/tutorial_etl_dag.py
[2023-12-22 20:59:56,050] {logging_mixin.py:109} INFO - [2023-12-22 20:59:56,050] {dag.py:2398} INFO - Sync 1 DAGs
[2023-12-22 20:59:56,117] {logging_mixin.py:109} INFO - [2023-12-22 20:59:56,116] {dag.py:2937} INFO - Setting next_dagrun for tutorial_etl_dag to None
[2023-12-22 20:59:56,149] {processor.py:171} INFO - Processing /home/airflow/.local/lib/python3.6/site-packages/airflow/example_dags/tutorial_etl_dag.py took 0.247 seconds
[2023-12-22 21:00:26,319] {processor.py:163} INFO - Started process (PID=2714) to work on /home/airflow/.local/lib/python3.6/site-packages/airflow/example_dags/tutorial_etl_dag.py
[2023-12-22 21:00:26,326] {processor.py:642} INFO - Processing file /home/airflow/.local/lib/python3.6/site-packages/airflow/example_dags/tutorial_etl_dag.py for tasks to queue
[2023-12-22 21:00:26,333] {logging_mixin.py:109} INFO - [2023-12-22 21:00:26,328] {dagbag.py:500} INFO - Filling up the DagBag from /home/airflow/.local/lib/python3.6/site-packages/airflow/example_dags/tutorial_etl_dag.py
[2023-12-22 21:00:26,388] {processor.py:652} INFO - DAG(s) dict_keys(['tutorial_etl_dag']) retrieved from /home/airflow/.local/lib/python3.6/site-packages/airflow/example_dags/tutorial_etl_dag.py
[2023-12-22 21:00:26,507] {logging_mixin.py:109} INFO - [2023-12-22 21:00:26,507] {dag.py:2398} INFO - Sync 1 DAGs
[2023-12-22 21:00:26,576] {logging_mixin.py:109} INFO - [2023-12-22 21:00:26,576] {dag.py:2937} INFO - Setting next_dagrun for tutorial_etl_dag to None
[2023-12-22 21:00:26,635] {processor.py:171} INFO - Processing /home/airflow/.local/lib/python3.6/site-packages/airflow/example_dags/tutorial_etl_dag.py took 0.321 seconds
[2023-12-22 21:00:56,996] {processor.py:163} INFO - Started process (PID=2771) to work on /home/airflow/.local/lib/python3.6/site-packages/airflow/example_dags/tutorial_etl_dag.py
[2023-12-22 21:00:56,998] {processor.py:642} INFO - Processing file /home/airflow/.local/lib/python3.6/site-packages/airflow/example_dags/tutorial_etl_dag.py for tasks to queue
[2023-12-22 21:00:56,999] {logging_mixin.py:109} INFO - [2023-12-22 21:00:56,999] {dagbag.py:500} INFO - Filling up the DagBag from /home/airflow/.local/lib/python3.6/site-packages/airflow/example_dags/tutorial_etl_dag.py
[2023-12-22 21:00:57,025] {processor.py:652} INFO - DAG(s) dict_keys(['tutorial_etl_dag']) retrieved from /home/airflow/.local/lib/python3.6/site-packages/airflow/example_dags/tutorial_etl_dag.py
[2023-12-22 21:00:57,073] {logging_mixin.py:109} INFO - [2023-12-22 21:00:57,073] {dag.py:2398} INFO - Sync 1 DAGs
[2023-12-22 21:00:57,117] {logging_mixin.py:109} INFO - [2023-12-22 21:00:57,117] {dag.py:2937} INFO - Setting next_dagrun for tutorial_etl_dag to None
[2023-12-22 21:00:57,137] {processor.py:171} INFO - Processing /home/airflow/.local/lib/python3.6/site-packages/airflow/example_dags/tutorial_etl_dag.py took 0.146 seconds
[2023-12-22 21:01:27,219] {processor.py:163} INFO - Started process (PID=2845) to work on /home/airflow/.local/lib/python3.6/site-packages/airflow/example_dags/tutorial_etl_dag.py
[2023-12-22 21:01:27,221] {processor.py:642} INFO - Processing file /home/airflow/.local/lib/python3.6/site-packages/airflow/example_dags/tutorial_etl_dag.py for tasks to queue
[2023-12-22 21:01:27,222] {logging_mixin.py:109} INFO - [2023-12-22 21:01:27,222] {dagbag.py:500} INFO - Filling up the DagBag from /home/airflow/.local/lib/python3.6/site-packages/airflow/example_dags/tutorial_etl_dag.py
[2023-12-22 21:01:27,237] {processor.py:652} INFO - DAG(s) dict_keys(['tutorial_etl_dag']) retrieved from /home/airflow/.local/lib/python3.6/site-packages/airflow/example_dags/tutorial_etl_dag.py
[2023-12-22 21:01:27,256] {logging_mixin.py:109} INFO - [2023-12-22 21:01:27,255] {dag.py:2398} INFO - Sync 1 DAGs
[2023-12-22 21:01:27,273] {logging_mixin.py:109} INFO - [2023-12-22 21:01:27,273] {dag.py:2937} INFO - Setting next_dagrun for tutorial_etl_dag to None
[2023-12-22 21:01:27,290] {processor.py:171} INFO - Processing /home/airflow/.local/lib/python3.6/site-packages/airflow/example_dags/tutorial_etl_dag.py took 0.075 seconds
[2023-12-22 21:01:58,119] {processor.py:163} INFO - Started process (PID=2909) to work on /home/airflow/.local/lib/python3.6/site-packages/airflow/example_dags/tutorial_etl_dag.py
[2023-12-22 21:01:58,120] {processor.py:642} INFO - Processing file /home/airflow/.local/lib/python3.6/site-packages/airflow/example_dags/tutorial_etl_dag.py for tasks to queue
[2023-12-22 21:01:58,121] {logging_mixin.py:109} INFO - [2023-12-22 21:01:58,121] {dagbag.py:500} INFO - Filling up the DagBag from /home/airflow/.local/lib/python3.6/site-packages/airflow/example_dags/tutorial_etl_dag.py
[2023-12-22 21:01:58,135] {processor.py:652} INFO - DAG(s) dict_keys(['tutorial_etl_dag']) retrieved from /home/airflow/.local/lib/python3.6/site-packages/airflow/example_dags/tutorial_etl_dag.py
[2023-12-22 21:01:58,155] {logging_mixin.py:109} INFO - [2023-12-22 21:01:58,155] {dag.py:2398} INFO - Sync 1 DAGs
[2023-12-22 21:01:58,171] {logging_mixin.py:109} INFO - [2023-12-22 21:01:58,171] {dag.py:2937} INFO - Setting next_dagrun for tutorial_etl_dag to None
[2023-12-22 21:01:58,180] {processor.py:171} INFO - Processing /home/airflow/.local/lib/python3.6/site-packages/airflow/example_dags/tutorial_etl_dag.py took 0.065 seconds
[2023-12-22 21:02:28,498] {processor.py:163} INFO - Started process (PID=2984) to work on /home/airflow/.local/lib/python3.6/site-packages/airflow/example_dags/tutorial_etl_dag.py
[2023-12-22 21:02:28,499] {processor.py:642} INFO - Processing file /home/airflow/.local/lib/python3.6/site-packages/airflow/example_dags/tutorial_etl_dag.py for tasks to queue
[2023-12-22 21:02:28,499] {logging_mixin.py:109} INFO - [2023-12-22 21:02:28,499] {dagbag.py:500} INFO - Filling up the DagBag from /home/airflow/.local/lib/python3.6/site-packages/airflow/example_dags/tutorial_etl_dag.py
[2023-12-22 21:02:28,518] {processor.py:652} INFO - DAG(s) dict_keys(['tutorial_etl_dag']) retrieved from /home/airflow/.local/lib/python3.6/site-packages/airflow/example_dags/tutorial_etl_dag.py
[2023-12-22 21:02:28,538] {logging_mixin.py:109} INFO - [2023-12-22 21:02:28,538] {dag.py:2398} INFO - Sync 1 DAGs
[2023-12-22 21:02:28,553] {logging_mixin.py:109} INFO - [2023-12-22 21:02:28,553] {dag.py:2937} INFO - Setting next_dagrun for tutorial_etl_dag to None
[2023-12-22 21:02:28,566] {processor.py:171} INFO - Processing /home/airflow/.local/lib/python3.6/site-packages/airflow/example_dags/tutorial_etl_dag.py took 0.071 seconds
[2023-12-22 21:02:59,007] {processor.py:163} INFO - Started process (PID=3048) to work on /home/airflow/.local/lib/python3.6/site-packages/airflow/example_dags/tutorial_etl_dag.py
[2023-12-22 21:02:59,008] {processor.py:642} INFO - Processing file /home/airflow/.local/lib/python3.6/site-packages/airflow/example_dags/tutorial_etl_dag.py for tasks to queue
[2023-12-22 21:02:59,009] {logging_mixin.py:109} INFO - [2023-12-22 21:02:59,009] {dagbag.py:500} INFO - Filling up the DagBag from /home/airflow/.local/lib/python3.6/site-packages/airflow/example_dags/tutorial_etl_dag.py
[2023-12-22 21:02:59,021] {processor.py:652} INFO - DAG(s) dict_keys(['tutorial_etl_dag']) retrieved from /home/airflow/.local/lib/python3.6/site-packages/airflow/example_dags/tutorial_etl_dag.py
[2023-12-22 21:02:59,039] {logging_mixin.py:109} INFO - [2023-12-22 21:02:59,039] {dag.py:2398} INFO - Sync 1 DAGs
[2023-12-22 21:02:59,055] {logging_mixin.py:109} INFO - [2023-12-22 21:02:59,055] {dag.py:2937} INFO - Setting next_dagrun for tutorial_etl_dag to None
[2023-12-22 21:02:59,065] {processor.py:171} INFO - Processing /home/airflow/.local/lib/python3.6/site-packages/airflow/example_dags/tutorial_etl_dag.py took 0.060 seconds
[2023-12-22 21:03:29,138] {processor.py:163} INFO - Started process (PID=3110) to work on /home/airflow/.local/lib/python3.6/site-packages/airflow/example_dags/tutorial_etl_dag.py
[2023-12-22 21:03:29,140] {processor.py:642} INFO - Processing file /home/airflow/.local/lib/python3.6/site-packages/airflow/example_dags/tutorial_etl_dag.py for tasks to queue
[2023-12-22 21:03:29,140] {logging_mixin.py:109} INFO - [2023-12-22 21:03:29,140] {dagbag.py:500} INFO - Filling up the DagBag from /home/airflow/.local/lib/python3.6/site-packages/airflow/example_dags/tutorial_etl_dag.py
[2023-12-22 21:03:29,155] {processor.py:652} INFO - DAG(s) dict_keys(['tutorial_etl_dag']) retrieved from /home/airflow/.local/lib/python3.6/site-packages/airflow/example_dags/tutorial_etl_dag.py
[2023-12-22 21:03:29,174] {logging_mixin.py:109} INFO - [2023-12-22 21:03:29,174] {dag.py:2398} INFO - Sync 1 DAGs
[2023-12-22 21:03:29,194] {logging_mixin.py:109} INFO - [2023-12-22 21:03:29,193] {dag.py:2937} INFO - Setting next_dagrun for tutorial_etl_dag to None
[2023-12-22 21:03:29,204] {processor.py:171} INFO - Processing /home/airflow/.local/lib/python3.6/site-packages/airflow/example_dags/tutorial_etl_dag.py took 0.068 seconds
[2023-12-22 21:03:59,489] {processor.py:163} INFO - Started process (PID=3173) to work on /home/airflow/.local/lib/python3.6/site-packages/airflow/example_dags/tutorial_etl_dag.py
[2023-12-22 21:03:59,491] {processor.py:642} INFO - Processing file /home/airflow/.local/lib/python3.6/site-packages/airflow/example_dags/tutorial_etl_dag.py for tasks to queue
[2023-12-22 21:03:59,491] {logging_mixin.py:109} INFO - [2023-12-22 21:03:59,491] {dagbag.py:500} INFO - Filling up the DagBag from /home/airflow/.local/lib/python3.6/site-packages/airflow/example_dags/tutorial_etl_dag.py
[2023-12-22 21:03:59,504] {processor.py:652} INFO - DAG(s) dict_keys(['tutorial_etl_dag']) retrieved from /home/airflow/.local/lib/python3.6/site-packages/airflow/example_dags/tutorial_etl_dag.py
[2023-12-22 21:03:59,521] {logging_mixin.py:109} INFO - [2023-12-22 21:03:59,521] {dag.py:2398} INFO - Sync 1 DAGs
[2023-12-22 21:03:59,537] {logging_mixin.py:109} INFO - [2023-12-22 21:03:59,536] {dag.py:2937} INFO - Setting next_dagrun for tutorial_etl_dag to None
[2023-12-22 21:03:59,548] {processor.py:171} INFO - Processing /home/airflow/.local/lib/python3.6/site-packages/airflow/example_dags/tutorial_etl_dag.py took 0.061 seconds
[2023-12-22 21:04:29,630] {processor.py:163} INFO - Started process (PID=3247) to work on /home/airflow/.local/lib/python3.6/site-packages/airflow/example_dags/tutorial_etl_dag.py
[2023-12-22 21:04:29,631] {processor.py:642} INFO - Processing file /home/airflow/.local/lib/python3.6/site-packages/airflow/example_dags/tutorial_etl_dag.py for tasks to queue
[2023-12-22 21:04:29,632] {logging_mixin.py:109} INFO - [2023-12-22 21:04:29,632] {dagbag.py:500} INFO - Filling up the DagBag from /home/airflow/.local/lib/python3.6/site-packages/airflow/example_dags/tutorial_etl_dag.py
[2023-12-22 21:04:29,644] {processor.py:652} INFO - DAG(s) dict_keys(['tutorial_etl_dag']) retrieved from /home/airflow/.local/lib/python3.6/site-packages/airflow/example_dags/tutorial_etl_dag.py
[2023-12-22 21:04:29,663] {logging_mixin.py:109} INFO - [2023-12-22 21:04:29,663] {dag.py:2398} INFO - Sync 1 DAGs
[2023-12-22 21:04:29,680] {logging_mixin.py:109} INFO - [2023-12-22 21:04:29,680] {dag.py:2937} INFO - Setting next_dagrun for tutorial_etl_dag to None
[2023-12-22 21:04:29,691] {processor.py:171} INFO - Processing /home/airflow/.local/lib/python3.6/site-packages/airflow/example_dags/tutorial_etl_dag.py took 0.065 seconds
[2023-12-22 21:05:00,041] {processor.py:163} INFO - Started process (PID=3311) to work on /home/airflow/.local/lib/python3.6/site-packages/airflow/example_dags/tutorial_etl_dag.py
[2023-12-22 21:05:00,042] {processor.py:642} INFO - Processing file /home/airflow/.local/lib/python3.6/site-packages/airflow/example_dags/tutorial_etl_dag.py for tasks to queue
[2023-12-22 21:05:00,043] {logging_mixin.py:109} INFO - [2023-12-22 21:05:00,042] {dagbag.py:500} INFO - Filling up the DagBag from /home/airflow/.local/lib/python3.6/site-packages/airflow/example_dags/tutorial_etl_dag.py
[2023-12-22 21:05:00,058] {processor.py:652} INFO - DAG(s) dict_keys(['tutorial_etl_dag']) retrieved from /home/airflow/.local/lib/python3.6/site-packages/airflow/example_dags/tutorial_etl_dag.py
[2023-12-22 21:05:00,073] {logging_mixin.py:109} INFO - [2023-12-22 21:05:00,073] {dag.py:2398} INFO - Sync 1 DAGs
[2023-12-22 21:05:00,087] {logging_mixin.py:109} INFO - [2023-12-22 21:05:00,087] {dag.py:2937} INFO - Setting next_dagrun for tutorial_etl_dag to None
[2023-12-22 21:05:00,097] {processor.py:171} INFO - Processing /home/airflow/.local/lib/python3.6/site-packages/airflow/example_dags/tutorial_etl_dag.py took 0.059 seconds
[2023-12-22 21:05:30,323] {processor.py:163} INFO - Started process (PID=3385) to work on /home/airflow/.local/lib/python3.6/site-packages/airflow/example_dags/tutorial_etl_dag.py
[2023-12-22 21:05:30,324] {processor.py:642} INFO - Processing file /home/airflow/.local/lib/python3.6/site-packages/airflow/example_dags/tutorial_etl_dag.py for tasks to queue
[2023-12-22 21:05:30,325] {logging_mixin.py:109} INFO - [2023-12-22 21:05:30,325] {dagbag.py:500} INFO - Filling up the DagBag from /home/airflow/.local/lib/python3.6/site-packages/airflow/example_dags/tutorial_etl_dag.py
[2023-12-22 21:05:30,337] {processor.py:652} INFO - DAG(s) dict_keys(['tutorial_etl_dag']) retrieved from /home/airflow/.local/lib/python3.6/site-packages/airflow/example_dags/tutorial_etl_dag.py
[2023-12-22 21:05:30,352] {logging_mixin.py:109} INFO - [2023-12-22 21:05:30,352] {dag.py:2398} INFO - Sync 1 DAGs
[2023-12-22 21:05:30,365] {logging_mixin.py:109} INFO - [2023-12-22 21:05:30,365] {dag.py:2937} INFO - Setting next_dagrun for tutorial_etl_dag to None
[2023-12-22 21:05:30,375] {processor.py:171} INFO - Processing /home/airflow/.local/lib/python3.6/site-packages/airflow/example_dags/tutorial_etl_dag.py took 0.054 seconds
[2023-12-22 21:06:00,632] {processor.py:163} INFO - Started process (PID=3458) to work on /home/airflow/.local/lib/python3.6/site-packages/airflow/example_dags/tutorial_etl_dag.py
[2023-12-22 21:06:00,634] {processor.py:642} INFO - Processing file /home/airflow/.local/lib/python3.6/site-packages/airflow/example_dags/tutorial_etl_dag.py for tasks to queue
[2023-12-22 21:06:00,635] {logging_mixin.py:109} INFO - [2023-12-22 21:06:00,635] {dagbag.py:500} INFO - Filling up the DagBag from /home/airflow/.local/lib/python3.6/site-packages/airflow/example_dags/tutorial_etl_dag.py
[2023-12-22 21:06:00,653] {processor.py:652} INFO - DAG(s) dict_keys(['tutorial_etl_dag']) retrieved from /home/airflow/.local/lib/python3.6/site-packages/airflow/example_dags/tutorial_etl_dag.py
[2023-12-22 21:06:00,681] {logging_mixin.py:109} INFO - [2023-12-22 21:06:00,681] {dag.py:2398} INFO - Sync 1 DAGs
[2023-12-22 21:06:00,702] {logging_mixin.py:109} INFO - [2023-12-22 21:06:00,702] {dag.py:2937} INFO - Setting next_dagrun for tutorial_etl_dag to None
[2023-12-22 21:06:00,714] {processor.py:171} INFO - Processing /home/airflow/.local/lib/python3.6/site-packages/airflow/example_dags/tutorial_etl_dag.py took 0.085 seconds
[2023-12-22 21:06:30,844] {processor.py:163} INFO - Started process (PID=3523) to work on /home/airflow/.local/lib/python3.6/site-packages/airflow/example_dags/tutorial_etl_dag.py
[2023-12-22 21:06:30,845] {processor.py:642} INFO - Processing file /home/airflow/.local/lib/python3.6/site-packages/airflow/example_dags/tutorial_etl_dag.py for tasks to queue
[2023-12-22 21:06:30,846] {logging_mixin.py:109} INFO - [2023-12-22 21:06:30,846] {dagbag.py:500} INFO - Filling up the DagBag from /home/airflow/.local/lib/python3.6/site-packages/airflow/example_dags/tutorial_etl_dag.py
[2023-12-22 21:06:30,859] {processor.py:652} INFO - DAG(s) dict_keys(['tutorial_etl_dag']) retrieved from /home/airflow/.local/lib/python3.6/site-packages/airflow/example_dags/tutorial_etl_dag.py
[2023-12-22 21:06:30,872] {logging_mixin.py:109} INFO - [2023-12-22 21:06:30,872] {dag.py:2398} INFO - Sync 1 DAGs
[2023-12-22 21:06:30,886] {logging_mixin.py:109} INFO - [2023-12-22 21:06:30,886] {dag.py:2937} INFO - Setting next_dagrun for tutorial_etl_dag to None
[2023-12-22 21:06:30,894] {processor.py:171} INFO - Processing /home/airflow/.local/lib/python3.6/site-packages/airflow/example_dags/tutorial_etl_dag.py took 0.052 seconds
[2023-12-22 21:07:01,118] {processor.py:163} INFO - Started process (PID=3597) to work on /home/airflow/.local/lib/python3.6/site-packages/airflow/example_dags/tutorial_etl_dag.py
[2023-12-22 21:07:01,119] {processor.py:642} INFO - Processing file /home/airflow/.local/lib/python3.6/site-packages/airflow/example_dags/tutorial_etl_dag.py for tasks to queue
[2023-12-22 21:07:01,120] {logging_mixin.py:109} INFO - [2023-12-22 21:07:01,120] {dagbag.py:500} INFO - Filling up the DagBag from /home/airflow/.local/lib/python3.6/site-packages/airflow/example_dags/tutorial_etl_dag.py
[2023-12-22 21:07:01,133] {processor.py:652} INFO - DAG(s) dict_keys(['tutorial_etl_dag']) retrieved from /home/airflow/.local/lib/python3.6/site-packages/airflow/example_dags/tutorial_etl_dag.py
[2023-12-22 21:07:01,149] {logging_mixin.py:109} INFO - [2023-12-22 21:07:01,149] {dag.py:2398} INFO - Sync 1 DAGs
[2023-12-22 21:07:01,164] {logging_mixin.py:109} INFO - [2023-12-22 21:07:01,164] {dag.py:2937} INFO - Setting next_dagrun for tutorial_etl_dag to None
[2023-12-22 21:07:01,171] {processor.py:171} INFO - Processing /home/airflow/.local/lib/python3.6/site-packages/airflow/example_dags/tutorial_etl_dag.py took 0.055 seconds
[2023-12-22 21:07:31,267] {processor.py:163} INFO - Started process (PID=3661) to work on /home/airflow/.local/lib/python3.6/site-packages/airflow/example_dags/tutorial_etl_dag.py
[2023-12-22 21:07:31,269] {processor.py:642} INFO - Processing file /home/airflow/.local/lib/python3.6/site-packages/airflow/example_dags/tutorial_etl_dag.py for tasks to queue
[2023-12-22 21:07:31,269] {logging_mixin.py:109} INFO - [2023-12-22 21:07:31,269] {dagbag.py:500} INFO - Filling up the DagBag from /home/airflow/.local/lib/python3.6/site-packages/airflow/example_dags/tutorial_etl_dag.py
[2023-12-22 21:07:31,289] {processor.py:652} INFO - DAG(s) dict_keys(['tutorial_etl_dag']) retrieved from /home/airflow/.local/lib/python3.6/site-packages/airflow/example_dags/tutorial_etl_dag.py
[2023-12-22 21:07:31,312] {logging_mixin.py:109} INFO - [2023-12-22 21:07:31,312] {dag.py:2398} INFO - Sync 1 DAGs
[2023-12-22 21:07:31,331] {logging_mixin.py:109} INFO - [2023-12-22 21:07:31,331] {dag.py:2937} INFO - Setting next_dagrun for tutorial_etl_dag to None
[2023-12-22 21:07:31,341] {processor.py:171} INFO - Processing /home/airflow/.local/lib/python3.6/site-packages/airflow/example_dags/tutorial_etl_dag.py took 0.078 seconds
[2023-12-22 21:08:01,458] {processor.py:163} INFO - Started process (PID=3736) to work on /home/airflow/.local/lib/python3.6/site-packages/airflow/example_dags/tutorial_etl_dag.py
[2023-12-22 21:08:01,460] {processor.py:642} INFO - Processing file /home/airflow/.local/lib/python3.6/site-packages/airflow/example_dags/tutorial_etl_dag.py for tasks to queue
[2023-12-22 21:08:01,460] {logging_mixin.py:109} INFO - [2023-12-22 21:08:01,460] {dagbag.py:500} INFO - Filling up the DagBag from /home/airflow/.local/lib/python3.6/site-packages/airflow/example_dags/tutorial_etl_dag.py
[2023-12-22 21:08:01,474] {processor.py:652} INFO - DAG(s) dict_keys(['tutorial_etl_dag']) retrieved from /home/airflow/.local/lib/python3.6/site-packages/airflow/example_dags/tutorial_etl_dag.py
[2023-12-22 21:08:01,489] {logging_mixin.py:109} INFO - [2023-12-22 21:08:01,488] {dag.py:2398} INFO - Sync 1 DAGs
[2023-12-22 21:08:01,502] {logging_mixin.py:109} INFO - [2023-12-22 21:08:01,502] {dag.py:2937} INFO - Setting next_dagrun for tutorial_etl_dag to None
[2023-12-22 21:08:01,512] {processor.py:171} INFO - Processing /home/airflow/.local/lib/python3.6/site-packages/airflow/example_dags/tutorial_etl_dag.py took 0.057 seconds
[2023-12-22 21:08:32,097] {processor.py:163} INFO - Started process (PID=3800) to work on /home/airflow/.local/lib/python3.6/site-packages/airflow/example_dags/tutorial_etl_dag.py
[2023-12-22 21:08:32,098] {processor.py:642} INFO - Processing file /home/airflow/.local/lib/python3.6/site-packages/airflow/example_dags/tutorial_etl_dag.py for tasks to queue
[2023-12-22 21:08:32,099] {logging_mixin.py:109} INFO - [2023-12-22 21:08:32,099] {dagbag.py:500} INFO - Filling up the DagBag from /home/airflow/.local/lib/python3.6/site-packages/airflow/example_dags/tutorial_etl_dag.py
[2023-12-22 21:08:32,115] {processor.py:652} INFO - DAG(s) dict_keys(['tutorial_etl_dag']) retrieved from /home/airflow/.local/lib/python3.6/site-packages/airflow/example_dags/tutorial_etl_dag.py
[2023-12-22 21:08:32,135] {logging_mixin.py:109} INFO - [2023-12-22 21:08:32,135] {dag.py:2398} INFO - Sync 1 DAGs
[2023-12-22 21:08:32,152] {logging_mixin.py:109} INFO - [2023-12-22 21:08:32,152] {dag.py:2937} INFO - Setting next_dagrun for tutorial_etl_dag to None
[2023-12-22 21:08:32,163] {processor.py:171} INFO - Processing /home/airflow/.local/lib/python3.6/site-packages/airflow/example_dags/tutorial_etl_dag.py took 0.069 seconds
[2023-12-22 21:09:02,775] {processor.py:163} INFO - Started process (PID=3873) to work on /home/airflow/.local/lib/python3.6/site-packages/airflow/example_dags/tutorial_etl_dag.py
[2023-12-22 21:09:02,776] {processor.py:642} INFO - Processing file /home/airflow/.local/lib/python3.6/site-packages/airflow/example_dags/tutorial_etl_dag.py for tasks to queue
[2023-12-22 21:09:02,778] {logging_mixin.py:109} INFO - [2023-12-22 21:09:02,778] {dagbag.py:500} INFO - Filling up the DagBag from /home/airflow/.local/lib/python3.6/site-packages/airflow/example_dags/tutorial_etl_dag.py
[2023-12-22 21:09:02,792] {processor.py:652} INFO - DAG(s) dict_keys(['tutorial_etl_dag']) retrieved from /home/airflow/.local/lib/python3.6/site-packages/airflow/example_dags/tutorial_etl_dag.py
[2023-12-22 21:09:02,810] {logging_mixin.py:109} INFO - [2023-12-22 21:09:02,810] {dag.py:2398} INFO - Sync 1 DAGs
[2023-12-22 21:09:02,828] {logging_mixin.py:109} INFO - [2023-12-22 21:09:02,828] {dag.py:2937} INFO - Setting next_dagrun for tutorial_etl_dag to None
[2023-12-22 21:09:02,841] {processor.py:171} INFO - Processing /home/airflow/.local/lib/python3.6/site-packages/airflow/example_dags/tutorial_etl_dag.py took 0.071 seconds
[2023-12-22 21:09:32,982] {processor.py:163} INFO - Started process (PID=3937) to work on /home/airflow/.local/lib/python3.6/site-packages/airflow/example_dags/tutorial_etl_dag.py
[2023-12-22 21:09:32,983] {processor.py:642} INFO - Processing file /home/airflow/.local/lib/python3.6/site-packages/airflow/example_dags/tutorial_etl_dag.py for tasks to queue
[2023-12-22 21:09:32,984] {logging_mixin.py:109} INFO - [2023-12-22 21:09:32,984] {dagbag.py:500} INFO - Filling up the DagBag from /home/airflow/.local/lib/python3.6/site-packages/airflow/example_dags/tutorial_etl_dag.py
[2023-12-22 21:09:33,004] {processor.py:652} INFO - DAG(s) dict_keys(['tutorial_etl_dag']) retrieved from /home/airflow/.local/lib/python3.6/site-packages/airflow/example_dags/tutorial_etl_dag.py
[2023-12-22 21:09:33,034] {logging_mixin.py:109} INFO - [2023-12-22 21:09:33,033] {dag.py:2398} INFO - Sync 1 DAGs
[2023-12-22 21:09:33,057] {logging_mixin.py:109} INFO - [2023-12-22 21:09:33,057] {dag.py:2937} INFO - Setting next_dagrun for tutorial_etl_dag to None
[2023-12-22 21:09:33,068] {processor.py:171} INFO - Processing /home/airflow/.local/lib/python3.6/site-packages/airflow/example_dags/tutorial_etl_dag.py took 0.091 seconds
[2023-12-22 21:10:03,783] {processor.py:163} INFO - Started process (PID=4010) to work on /home/airflow/.local/lib/python3.6/site-packages/airflow/example_dags/tutorial_etl_dag.py
[2023-12-22 21:10:03,785] {processor.py:642} INFO - Processing file /home/airflow/.local/lib/python3.6/site-packages/airflow/example_dags/tutorial_etl_dag.py for tasks to queue
[2023-12-22 21:10:03,786] {logging_mixin.py:109} INFO - [2023-12-22 21:10:03,786] {dagbag.py:500} INFO - Filling up the DagBag from /home/airflow/.local/lib/python3.6/site-packages/airflow/example_dags/tutorial_etl_dag.py
[2023-12-22 21:10:03,803] {processor.py:652} INFO - DAG(s) dict_keys(['tutorial_etl_dag']) retrieved from /home/airflow/.local/lib/python3.6/site-packages/airflow/example_dags/tutorial_etl_dag.py
[2023-12-22 21:10:03,824] {logging_mixin.py:109} INFO - [2023-12-22 21:10:03,824] {dag.py:2398} INFO - Sync 1 DAGs
[2023-12-22 21:10:03,843] {logging_mixin.py:109} INFO - [2023-12-22 21:10:03,843] {dag.py:2937} INFO - Setting next_dagrun for tutorial_etl_dag to None
[2023-12-22 21:10:03,854] {processor.py:171} INFO - Processing /home/airflow/.local/lib/python3.6/site-packages/airflow/example_dags/tutorial_etl_dag.py took 0.073 seconds
[2023-12-22 21:10:33,998] {processor.py:163} INFO - Started process (PID=4075) to work on /home/airflow/.local/lib/python3.6/site-packages/airflow/example_dags/tutorial_etl_dag.py
[2023-12-22 21:10:34,002] {processor.py:642} INFO - Processing file /home/airflow/.local/lib/python3.6/site-packages/airflow/example_dags/tutorial_etl_dag.py for tasks to queue
[2023-12-22 21:10:34,003] {logging_mixin.py:109} INFO - [2023-12-22 21:10:34,003] {dagbag.py:500} INFO - Filling up the DagBag from /home/airflow/.local/lib/python3.6/site-packages/airflow/example_dags/tutorial_etl_dag.py
[2023-12-22 21:10:34,026] {processor.py:652} INFO - DAG(s) dict_keys(['tutorial_etl_dag']) retrieved from /home/airflow/.local/lib/python3.6/site-packages/airflow/example_dags/tutorial_etl_dag.py
[2023-12-22 21:10:34,045] {logging_mixin.py:109} INFO - [2023-12-22 21:10:34,045] {dag.py:2398} INFO - Sync 1 DAGs
[2023-12-22 21:10:34,067] {logging_mixin.py:109} INFO - [2023-12-22 21:10:34,066] {dag.py:2937} INFO - Setting next_dagrun for tutorial_etl_dag to None
[2023-12-22 21:10:34,074] {processor.py:171} INFO - Processing /home/airflow/.local/lib/python3.6/site-packages/airflow/example_dags/tutorial_etl_dag.py took 0.080 seconds
[2023-12-22 21:11:04,921] {processor.py:163} INFO - Started process (PID=4150) to work on /home/airflow/.local/lib/python3.6/site-packages/airflow/example_dags/tutorial_etl_dag.py
[2023-12-22 21:11:04,922] {processor.py:642} INFO - Processing file /home/airflow/.local/lib/python3.6/site-packages/airflow/example_dags/tutorial_etl_dag.py for tasks to queue
[2023-12-22 21:11:04,923] {logging_mixin.py:109} INFO - [2023-12-22 21:11:04,923] {dagbag.py:500} INFO - Filling up the DagBag from /home/airflow/.local/lib/python3.6/site-packages/airflow/example_dags/tutorial_etl_dag.py
[2023-12-22 21:11:04,934] {processor.py:652} INFO - DAG(s) dict_keys(['tutorial_etl_dag']) retrieved from /home/airflow/.local/lib/python3.6/site-packages/airflow/example_dags/tutorial_etl_dag.py
[2023-12-22 21:11:04,949] {logging_mixin.py:109} INFO - [2023-12-22 21:11:04,948] {dag.py:2398} INFO - Sync 1 DAGs
[2023-12-22 21:11:04,961] {logging_mixin.py:109} INFO - [2023-12-22 21:11:04,961] {dag.py:2937} INFO - Setting next_dagrun for tutorial_etl_dag to None
[2023-12-22 21:11:04,969] {processor.py:171} INFO - Processing /home/airflow/.local/lib/python3.6/site-packages/airflow/example_dags/tutorial_etl_dag.py took 0.050 seconds
[2023-12-22 21:11:35,339] {processor.py:163} INFO - Started process (PID=4223) to work on /home/airflow/.local/lib/python3.6/site-packages/airflow/example_dags/tutorial_etl_dag.py
[2023-12-22 21:11:35,340] {processor.py:642} INFO - Processing file /home/airflow/.local/lib/python3.6/site-packages/airflow/example_dags/tutorial_etl_dag.py for tasks to queue
[2023-12-22 21:11:35,344] {logging_mixin.py:109} INFO - [2023-12-22 21:11:35,344] {dagbag.py:500} INFO - Filling up the DagBag from /home/airflow/.local/lib/python3.6/site-packages/airflow/example_dags/tutorial_etl_dag.py
[2023-12-22 21:11:35,370] {processor.py:652} INFO - DAG(s) dict_keys(['tutorial_etl_dag']) retrieved from /home/airflow/.local/lib/python3.6/site-packages/airflow/example_dags/tutorial_etl_dag.py
[2023-12-22 21:11:35,463] {logging_mixin.py:109} INFO - [2023-12-22 21:11:35,463] {dag.py:2398} INFO - Sync 1 DAGs
[2023-12-22 21:11:35,479] {logging_mixin.py:109} INFO - [2023-12-22 21:11:35,479] {dag.py:2937} INFO - Setting next_dagrun for tutorial_etl_dag to None
[2023-12-22 21:11:35,513] {processor.py:171} INFO - Processing /home/airflow/.local/lib/python3.6/site-packages/airflow/example_dags/tutorial_etl_dag.py took 0.177 seconds
