[2023-12-20 18:38:45,609] {taskinstance.py:1043} INFO - Dependencies all met for <TaskInstance: s3_to_postgres_dag.transform_read_s3 manual__2023-12-20T18:38:44.341326+00:00 [queued]>
[2023-12-20 18:38:45,618] {taskinstance.py:1043} INFO - Dependencies all met for <TaskInstance: s3_to_postgres_dag.transform_read_s3 manual__2023-12-20T18:38:44.341326+00:00 [queued]>
[2023-12-20 18:38:45,619] {taskinstance.py:1249} INFO - 
--------------------------------------------------------------------------------
[2023-12-20 18:38:45,619] {taskinstance.py:1250} INFO - Starting attempt 1 of 1
[2023-12-20 18:38:45,619] {taskinstance.py:1251} INFO - 
--------------------------------------------------------------------------------
[2023-12-20 18:38:45,630] {taskinstance.py:1270} INFO - Executing <Task(PythonOperator): transform_read_s3> on 2023-12-20 18:38:44.341326+00:00
[2023-12-20 18:38:45,634] {standard_task_runner.py:52} INFO - Started process 4516 to run task
[2023-12-20 18:38:45,637] {standard_task_runner.py:79} INFO - Running: ['***', 'tasks', 'run', 's3_to_postgres_dag', 'transform_read_s3', 'manual__2023-12-20T18:38:44.341326+00:00', '--job-id', '13', '--raw', '--subdir', 'DAGS_FOLDER/first_dag.py', '--cfg-path', '/tmp/tmps56_dgtv', '--error-file', '/tmp/tmpze31144r']
[2023-12-20 18:38:45,637] {standard_task_runner.py:80} INFO - Job 13: Subtask transform_read_s3
[2023-12-20 18:38:45,681] {logging_mixin.py:109} INFO - Running <TaskInstance: s3_to_postgres_dag.transform_read_s3 manual__2023-12-20T18:38:44.341326+00:00 [running]> on host eddfb0464777
[2023-12-20 18:38:45,720] {taskinstance.py:1448} INFO - Exporting the following env vars:
AIRFLOW_CTX_DAG_OWNER=***
AIRFLOW_CTX_DAG_ID=s3_to_postgres_dag
AIRFLOW_CTX_TASK_ID=transform_read_s3
AIRFLOW_CTX_EXECUTION_DATE=2023-12-20T18:38:44.341326+00:00
AIRFLOW_CTX_DAG_RUN_ID=manual__2023-12-20T18:38:44.341326+00:00
[2023-12-20 18:38:45,735] {base_aws.py:190} INFO - Credentials retrieved from login
[2023-12-20 18:38:47,340] {python.py:175} INFO - Done. Returned value was: None
[2023-12-20 18:38:47,356] {taskinstance.py:1288} INFO - Marking task as SUCCESS. dag_id=s3_to_postgres_dag, task_id=transform_read_s3, execution_date=20231220T183844, start_date=20231220T183845, end_date=20231220T183847
[2023-12-20 18:38:47,382] {local_task_job.py:154} INFO - Task exited with return code 0
[2023-12-20 18:38:47,417] {local_task_job.py:264} INFO - 1 downstream tasks scheduled from follow-on schedule check
