[2023-12-22 20:40:29,381] {processor.py:163} INFO - Started process (PID=85) to work on /home/airflow/.local/lib/python3.6/site-packages/airflow/example_dags/subdags/subdag.py
[2023-12-22 20:40:29,383] {processor.py:642} INFO - Processing file /home/airflow/.local/lib/python3.6/site-packages/airflow/example_dags/subdags/subdag.py for tasks to queue
[2023-12-22 20:40:29,383] {logging_mixin.py:109} INFO - [2023-12-22 20:40:29,383] {dagbag.py:500} INFO - Filling up the DagBag from /home/airflow/.local/lib/python3.6/site-packages/airflow/example_dags/subdags/subdag.py
[2023-12-22 20:40:29,386] {processor.py:654} WARNING - No viable dags retrieved from /home/airflow/.local/lib/python3.6/site-packages/airflow/example_dags/subdags/subdag.py
[2023-12-22 20:40:29,401] {processor.py:171} INFO - Processing /home/airflow/.local/lib/python3.6/site-packages/airflow/example_dags/subdags/subdag.py took 0.023 seconds
[2023-12-22 20:41:00,813] {processor.py:163} INFO - Started process (PID=149) to work on /home/airflow/.local/lib/python3.6/site-packages/airflow/example_dags/subdags/subdag.py
[2023-12-22 20:41:00,815] {processor.py:642} INFO - Processing file /home/airflow/.local/lib/python3.6/site-packages/airflow/example_dags/subdags/subdag.py for tasks to queue
[2023-12-22 20:41:00,817] {logging_mixin.py:109} INFO - [2023-12-22 20:41:00,817] {dagbag.py:500} INFO - Filling up the DagBag from /home/airflow/.local/lib/python3.6/site-packages/airflow/example_dags/subdags/subdag.py
[2023-12-22 20:41:00,821] {processor.py:654} WARNING - No viable dags retrieved from /home/airflow/.local/lib/python3.6/site-packages/airflow/example_dags/subdags/subdag.py
[2023-12-22 20:41:00,839] {processor.py:171} INFO - Processing /home/airflow/.local/lib/python3.6/site-packages/airflow/example_dags/subdags/subdag.py took 0.032 seconds
[2023-12-22 20:41:36,153] {processor.py:163} INFO - Started process (PID=223) to work on /home/airflow/.local/lib/python3.6/site-packages/airflow/example_dags/subdags/subdag.py
[2023-12-22 20:41:36,245] {processor.py:642} INFO - Processing file /home/airflow/.local/lib/python3.6/site-packages/airflow/example_dags/subdags/subdag.py for tasks to queue
[2023-12-22 20:41:36,246] {logging_mixin.py:109} INFO - [2023-12-22 20:41:36,246] {dagbag.py:500} INFO - Filling up the DagBag from /home/airflow/.local/lib/python3.6/site-packages/airflow/example_dags/subdags/subdag.py
[2023-12-22 20:41:36,272] {processor.py:654} WARNING - No viable dags retrieved from /home/airflow/.local/lib/python3.6/site-packages/airflow/example_dags/subdags/subdag.py
[2023-12-22 20:41:36,284] {processor.py:171} INFO - Processing /home/airflow/.local/lib/python3.6/site-packages/airflow/example_dags/subdags/subdag.py took 0.134 seconds
[2023-12-22 20:42:13,570] {processor.py:163} INFO - Started process (PID=297) to work on /home/airflow/.local/lib/python3.6/site-packages/airflow/example_dags/subdags/subdag.py
[2023-12-22 20:42:13,571] {processor.py:642} INFO - Processing file /home/airflow/.local/lib/python3.6/site-packages/airflow/example_dags/subdags/subdag.py for tasks to queue
[2023-12-22 20:42:13,572] {logging_mixin.py:109} INFO - [2023-12-22 20:42:13,572] {dagbag.py:500} INFO - Filling up the DagBag from /home/airflow/.local/lib/python3.6/site-packages/airflow/example_dags/subdags/subdag.py
[2023-12-22 20:42:13,574] {processor.py:654} WARNING - No viable dags retrieved from /home/airflow/.local/lib/python3.6/site-packages/airflow/example_dags/subdags/subdag.py
[2023-12-22 20:42:13,592] {processor.py:171} INFO - Processing /home/airflow/.local/lib/python3.6/site-packages/airflow/example_dags/subdags/subdag.py took 0.024 seconds
[2023-12-22 20:42:47,955] {processor.py:163} INFO - Started process (PID=361) to work on /home/airflow/.local/lib/python3.6/site-packages/airflow/example_dags/subdags/subdag.py
[2023-12-22 20:42:47,957] {processor.py:642} INFO - Processing file /home/airflow/.local/lib/python3.6/site-packages/airflow/example_dags/subdags/subdag.py for tasks to queue
[2023-12-22 20:42:47,959] {logging_mixin.py:109} INFO - [2023-12-22 20:42:47,959] {dagbag.py:500} INFO - Filling up the DagBag from /home/airflow/.local/lib/python3.6/site-packages/airflow/example_dags/subdags/subdag.py
[2023-12-22 20:42:47,964] {processor.py:654} WARNING - No viable dags retrieved from /home/airflow/.local/lib/python3.6/site-packages/airflow/example_dags/subdags/subdag.py
[2023-12-22 20:42:47,984] {processor.py:171} INFO - Processing /home/airflow/.local/lib/python3.6/site-packages/airflow/example_dags/subdags/subdag.py took 0.032 seconds
[2023-12-22 20:43:19,601] {processor.py:163} INFO - Started process (PID=436) to work on /home/airflow/.local/lib/python3.6/site-packages/airflow/example_dags/subdags/subdag.py
[2023-12-22 20:43:19,604] {processor.py:642} INFO - Processing file /home/airflow/.local/lib/python3.6/site-packages/airflow/example_dags/subdags/subdag.py for tasks to queue
[2023-12-22 20:43:19,607] {logging_mixin.py:109} INFO - [2023-12-22 20:43:19,607] {dagbag.py:500} INFO - Filling up the DagBag from /home/airflow/.local/lib/python3.6/site-packages/airflow/example_dags/subdags/subdag.py
[2023-12-22 20:43:19,610] {processor.py:654} WARNING - No viable dags retrieved from /home/airflow/.local/lib/python3.6/site-packages/airflow/example_dags/subdags/subdag.py
[2023-12-22 20:43:19,751] {processor.py:171} INFO - Processing /home/airflow/.local/lib/python3.6/site-packages/airflow/example_dags/subdags/subdag.py took 0.153 seconds
[2023-12-22 20:43:50,426] {processor.py:163} INFO - Started process (PID=500) to work on /home/airflow/.local/lib/python3.6/site-packages/airflow/example_dags/subdags/subdag.py
[2023-12-22 20:43:50,427] {processor.py:642} INFO - Processing file /home/airflow/.local/lib/python3.6/site-packages/airflow/example_dags/subdags/subdag.py for tasks to queue
[2023-12-22 20:43:50,428] {logging_mixin.py:109} INFO - [2023-12-22 20:43:50,428] {dagbag.py:500} INFO - Filling up the DagBag from /home/airflow/.local/lib/python3.6/site-packages/airflow/example_dags/subdags/subdag.py
[2023-12-22 20:43:50,432] {processor.py:654} WARNING - No viable dags retrieved from /home/airflow/.local/lib/python3.6/site-packages/airflow/example_dags/subdags/subdag.py
[2023-12-22 20:43:50,451] {processor.py:171} INFO - Processing /home/airflow/.local/lib/python3.6/site-packages/airflow/example_dags/subdags/subdag.py took 0.029 seconds
[2023-12-22 20:44:20,663] {processor.py:163} INFO - Started process (PID=572) to work on /home/airflow/.local/lib/python3.6/site-packages/airflow/example_dags/subdags/subdag.py
[2023-12-22 20:44:20,664] {processor.py:642} INFO - Processing file /home/airflow/.local/lib/python3.6/site-packages/airflow/example_dags/subdags/subdag.py for tasks to queue
[2023-12-22 20:44:20,666] {logging_mixin.py:109} INFO - [2023-12-22 20:44:20,666] {dagbag.py:500} INFO - Filling up the DagBag from /home/airflow/.local/lib/python3.6/site-packages/airflow/example_dags/subdags/subdag.py
[2023-12-22 20:44:20,670] {processor.py:654} WARNING - No viable dags retrieved from /home/airflow/.local/lib/python3.6/site-packages/airflow/example_dags/subdags/subdag.py
[2023-12-22 20:44:20,691] {processor.py:171} INFO - Processing /home/airflow/.local/lib/python3.6/site-packages/airflow/example_dags/subdags/subdag.py took 0.033 seconds
[2023-12-22 20:44:50,927] {processor.py:163} INFO - Started process (PID=636) to work on /home/airflow/.local/lib/python3.6/site-packages/airflow/example_dags/subdags/subdag.py
[2023-12-22 20:44:50,929] {processor.py:642} INFO - Processing file /home/airflow/.local/lib/python3.6/site-packages/airflow/example_dags/subdags/subdag.py for tasks to queue
[2023-12-22 20:44:50,930] {logging_mixin.py:109} INFO - [2023-12-22 20:44:50,930] {dagbag.py:500} INFO - Filling up the DagBag from /home/airflow/.local/lib/python3.6/site-packages/airflow/example_dags/subdags/subdag.py
[2023-12-22 20:44:50,934] {processor.py:654} WARNING - No viable dags retrieved from /home/airflow/.local/lib/python3.6/site-packages/airflow/example_dags/subdags/subdag.py
[2023-12-22 20:44:51,273] {processor.py:171} INFO - Processing /home/airflow/.local/lib/python3.6/site-packages/airflow/example_dags/subdags/subdag.py took 0.350 seconds
[2023-12-22 20:45:22,856] {processor.py:163} INFO - Started process (PID=713) to work on /home/airflow/.local/lib/python3.6/site-packages/airflow/example_dags/subdags/subdag.py
[2023-12-22 20:45:22,858] {processor.py:642} INFO - Processing file /home/airflow/.local/lib/python3.6/site-packages/airflow/example_dags/subdags/subdag.py for tasks to queue
[2023-12-22 20:45:22,859] {logging_mixin.py:109} INFO - [2023-12-22 20:45:22,858] {dagbag.py:500} INFO - Filling up the DagBag from /home/airflow/.local/lib/python3.6/site-packages/airflow/example_dags/subdags/subdag.py
[2023-12-22 20:45:22,861] {processor.py:654} WARNING - No viable dags retrieved from /home/airflow/.local/lib/python3.6/site-packages/airflow/example_dags/subdags/subdag.py
[2023-12-22 20:45:22,879] {processor.py:171} INFO - Processing /home/airflow/.local/lib/python3.6/site-packages/airflow/example_dags/subdags/subdag.py took 0.026 seconds
[2023-12-22 20:45:53,783] {processor.py:163} INFO - Started process (PID=777) to work on /home/airflow/.local/lib/python3.6/site-packages/airflow/example_dags/subdags/subdag.py
[2023-12-22 20:45:53,794] {processor.py:642} INFO - Processing file /home/airflow/.local/lib/python3.6/site-packages/airflow/example_dags/subdags/subdag.py for tasks to queue
[2023-12-22 20:45:53,795] {logging_mixin.py:109} INFO - [2023-12-22 20:45:53,794] {dagbag.py:500} INFO - Filling up the DagBag from /home/airflow/.local/lib/python3.6/site-packages/airflow/example_dags/subdags/subdag.py
[2023-12-22 20:45:53,797] {processor.py:654} WARNING - No viable dags retrieved from /home/airflow/.local/lib/python3.6/site-packages/airflow/example_dags/subdags/subdag.py
[2023-12-22 20:45:53,826] {processor.py:171} INFO - Processing /home/airflow/.local/lib/python3.6/site-packages/airflow/example_dags/subdags/subdag.py took 0.049 seconds
[2023-12-22 20:46:24,662] {processor.py:163} INFO - Started process (PID=850) to work on /home/airflow/.local/lib/python3.6/site-packages/airflow/example_dags/subdags/subdag.py
[2023-12-22 20:46:24,663] {processor.py:642} INFO - Processing file /home/airflow/.local/lib/python3.6/site-packages/airflow/example_dags/subdags/subdag.py for tasks to queue
[2023-12-22 20:46:24,663] {logging_mixin.py:109} INFO - [2023-12-22 20:46:24,663] {dagbag.py:500} INFO - Filling up the DagBag from /home/airflow/.local/lib/python3.6/site-packages/airflow/example_dags/subdags/subdag.py
[2023-12-22 20:46:24,665] {processor.py:654} WARNING - No viable dags retrieved from /home/airflow/.local/lib/python3.6/site-packages/airflow/example_dags/subdags/subdag.py
[2023-12-22 20:46:24,679] {processor.py:171} INFO - Processing /home/airflow/.local/lib/python3.6/site-packages/airflow/example_dags/subdags/subdag.py took 0.020 seconds
[2023-12-22 20:46:55,374] {processor.py:163} INFO - Started process (PID=914) to work on /home/airflow/.local/lib/python3.6/site-packages/airflow/example_dags/subdags/subdag.py
[2023-12-22 20:46:55,376] {processor.py:642} INFO - Processing file /home/airflow/.local/lib/python3.6/site-packages/airflow/example_dags/subdags/subdag.py for tasks to queue
[2023-12-22 20:46:55,377] {logging_mixin.py:109} INFO - [2023-12-22 20:46:55,377] {dagbag.py:500} INFO - Filling up the DagBag from /home/airflow/.local/lib/python3.6/site-packages/airflow/example_dags/subdags/subdag.py
[2023-12-22 20:46:55,381] {processor.py:654} WARNING - No viable dags retrieved from /home/airflow/.local/lib/python3.6/site-packages/airflow/example_dags/subdags/subdag.py
[2023-12-22 20:46:55,398] {processor.py:171} INFO - Processing /home/airflow/.local/lib/python3.6/site-packages/airflow/example_dags/subdags/subdag.py took 0.028 seconds
[2023-12-22 20:47:26,005] {processor.py:163} INFO - Started process (PID=987) to work on /home/airflow/.local/lib/python3.6/site-packages/airflow/example_dags/subdags/subdag.py
[2023-12-22 20:47:26,006] {processor.py:642} INFO - Processing file /home/airflow/.local/lib/python3.6/site-packages/airflow/example_dags/subdags/subdag.py for tasks to queue
[2023-12-22 20:47:26,007] {logging_mixin.py:109} INFO - [2023-12-22 20:47:26,007] {dagbag.py:500} INFO - Filling up the DagBag from /home/airflow/.local/lib/python3.6/site-packages/airflow/example_dags/subdags/subdag.py
[2023-12-22 20:47:26,009] {processor.py:654} WARNING - No viable dags retrieved from /home/airflow/.local/lib/python3.6/site-packages/airflow/example_dags/subdags/subdag.py
[2023-12-22 20:47:26,023] {processor.py:171} INFO - Processing /home/airflow/.local/lib/python3.6/site-packages/airflow/example_dags/subdags/subdag.py took 0.021 seconds
[2023-12-22 20:47:56,159] {processor.py:163} INFO - Started process (PID=1051) to work on /home/airflow/.local/lib/python3.6/site-packages/airflow/example_dags/subdags/subdag.py
[2023-12-22 20:47:56,160] {processor.py:642} INFO - Processing file /home/airflow/.local/lib/python3.6/site-packages/airflow/example_dags/subdags/subdag.py for tasks to queue
[2023-12-22 20:47:56,161] {logging_mixin.py:109} INFO - [2023-12-22 20:47:56,160] {dagbag.py:500} INFO - Filling up the DagBag from /home/airflow/.local/lib/python3.6/site-packages/airflow/example_dags/subdags/subdag.py
[2023-12-22 20:47:56,163] {processor.py:654} WARNING - No viable dags retrieved from /home/airflow/.local/lib/python3.6/site-packages/airflow/example_dags/subdags/subdag.py
[2023-12-22 20:47:56,176] {processor.py:171} INFO - Processing /home/airflow/.local/lib/python3.6/site-packages/airflow/example_dags/subdags/subdag.py took 0.019 seconds
[2023-12-22 20:48:26,685] {processor.py:163} INFO - Started process (PID=1124) to work on /home/airflow/.local/lib/python3.6/site-packages/airflow/example_dags/subdags/subdag.py
[2023-12-22 20:48:26,687] {processor.py:642} INFO - Processing file /home/airflow/.local/lib/python3.6/site-packages/airflow/example_dags/subdags/subdag.py for tasks to queue
[2023-12-22 20:48:26,687] {logging_mixin.py:109} INFO - [2023-12-22 20:48:26,687] {dagbag.py:500} INFO - Filling up the DagBag from /home/airflow/.local/lib/python3.6/site-packages/airflow/example_dags/subdags/subdag.py
[2023-12-22 20:48:26,689] {processor.py:654} WARNING - No viable dags retrieved from /home/airflow/.local/lib/python3.6/site-packages/airflow/example_dags/subdags/subdag.py
[2023-12-22 20:48:26,700] {processor.py:171} INFO - Processing /home/airflow/.local/lib/python3.6/site-packages/airflow/example_dags/subdags/subdag.py took 0.017 seconds
[2023-12-22 20:48:57,842] {processor.py:163} INFO - Started process (PID=1189) to work on /home/airflow/.local/lib/python3.6/site-packages/airflow/example_dags/subdags/subdag.py
[2023-12-22 20:48:57,843] {processor.py:642} INFO - Processing file /home/airflow/.local/lib/python3.6/site-packages/airflow/example_dags/subdags/subdag.py for tasks to queue
[2023-12-22 20:48:57,843] {logging_mixin.py:109} INFO - [2023-12-22 20:48:57,843] {dagbag.py:500} INFO - Filling up the DagBag from /home/airflow/.local/lib/python3.6/site-packages/airflow/example_dags/subdags/subdag.py
[2023-12-22 20:48:57,845] {processor.py:654} WARNING - No viable dags retrieved from /home/airflow/.local/lib/python3.6/site-packages/airflow/example_dags/subdags/subdag.py
[2023-12-22 20:48:57,856] {processor.py:171} INFO - Processing /home/airflow/.local/lib/python3.6/site-packages/airflow/example_dags/subdags/subdag.py took 0.016 seconds
[2023-12-22 20:49:28,987] {processor.py:163} INFO - Started process (PID=1263) to work on /home/airflow/.local/lib/python3.6/site-packages/airflow/example_dags/subdags/subdag.py
[2023-12-22 20:49:28,988] {processor.py:642} INFO - Processing file /home/airflow/.local/lib/python3.6/site-packages/airflow/example_dags/subdags/subdag.py for tasks to queue
[2023-12-22 20:49:28,989] {logging_mixin.py:109} INFO - [2023-12-22 20:49:28,989] {dagbag.py:500} INFO - Filling up the DagBag from /home/airflow/.local/lib/python3.6/site-packages/airflow/example_dags/subdags/subdag.py
[2023-12-22 20:49:28,991] {processor.py:654} WARNING - No viable dags retrieved from /home/airflow/.local/lib/python3.6/site-packages/airflow/example_dags/subdags/subdag.py
[2023-12-22 20:49:29,073] {processor.py:171} INFO - Processing /home/airflow/.local/lib/python3.6/site-packages/airflow/example_dags/subdags/subdag.py took 0.089 seconds
[2023-12-22 20:50:00,001] {processor.py:163} INFO - Started process (PID=1327) to work on /home/airflow/.local/lib/python3.6/site-packages/airflow/example_dags/subdags/subdag.py
[2023-12-22 20:50:00,002] {processor.py:642} INFO - Processing file /home/airflow/.local/lib/python3.6/site-packages/airflow/example_dags/subdags/subdag.py for tasks to queue
[2023-12-22 20:50:00,004] {logging_mixin.py:109} INFO - [2023-12-22 20:50:00,004] {dagbag.py:500} INFO - Filling up the DagBag from /home/airflow/.local/lib/python3.6/site-packages/airflow/example_dags/subdags/subdag.py
[2023-12-22 20:50:00,007] {processor.py:654} WARNING - No viable dags retrieved from /home/airflow/.local/lib/python3.6/site-packages/airflow/example_dags/subdags/subdag.py
[2023-12-22 20:50:00,027] {processor.py:171} INFO - Processing /home/airflow/.local/lib/python3.6/site-packages/airflow/example_dags/subdags/subdag.py took 0.029 seconds
[2023-12-22 20:50:30,861] {processor.py:163} INFO - Started process (PID=1401) to work on /home/airflow/.local/lib/python3.6/site-packages/airflow/example_dags/subdags/subdag.py
[2023-12-22 20:50:30,862] {processor.py:642} INFO - Processing file /home/airflow/.local/lib/python3.6/site-packages/airflow/example_dags/subdags/subdag.py for tasks to queue
[2023-12-22 20:50:30,863] {logging_mixin.py:109} INFO - [2023-12-22 20:50:30,863] {dagbag.py:500} INFO - Filling up the DagBag from /home/airflow/.local/lib/python3.6/site-packages/airflow/example_dags/subdags/subdag.py
[2023-12-22 20:50:30,866] {processor.py:654} WARNING - No viable dags retrieved from /home/airflow/.local/lib/python3.6/site-packages/airflow/example_dags/subdags/subdag.py
[2023-12-22 20:50:30,878] {processor.py:171} INFO - Processing /home/airflow/.local/lib/python3.6/site-packages/airflow/example_dags/subdags/subdag.py took 0.020 seconds
[2023-12-22 20:51:01,487] {processor.py:163} INFO - Started process (PID=1473) to work on /home/airflow/.local/lib/python3.6/site-packages/airflow/example_dags/subdags/subdag.py
[2023-12-22 20:51:01,489] {processor.py:642} INFO - Processing file /home/airflow/.local/lib/python3.6/site-packages/airflow/example_dags/subdags/subdag.py for tasks to queue
[2023-12-22 20:51:01,489] {logging_mixin.py:109} INFO - [2023-12-22 20:51:01,489] {dagbag.py:500} INFO - Filling up the DagBag from /home/airflow/.local/lib/python3.6/site-packages/airflow/example_dags/subdags/subdag.py
[2023-12-22 20:51:01,491] {processor.py:654} WARNING - No viable dags retrieved from /home/airflow/.local/lib/python3.6/site-packages/airflow/example_dags/subdags/subdag.py
[2023-12-22 20:51:01,503] {processor.py:171} INFO - Processing /home/airflow/.local/lib/python3.6/site-packages/airflow/example_dags/subdags/subdag.py took 0.019 seconds
[2023-12-22 20:51:31,813] {processor.py:163} INFO - Started process (PID=1537) to work on /home/airflow/.local/lib/python3.6/site-packages/airflow/example_dags/subdags/subdag.py
[2023-12-22 20:51:31,814] {processor.py:642} INFO - Processing file /home/airflow/.local/lib/python3.6/site-packages/airflow/example_dags/subdags/subdag.py for tasks to queue
[2023-12-22 20:51:31,815] {logging_mixin.py:109} INFO - [2023-12-22 20:51:31,815] {dagbag.py:500} INFO - Filling up the DagBag from /home/airflow/.local/lib/python3.6/site-packages/airflow/example_dags/subdags/subdag.py
[2023-12-22 20:51:31,817] {processor.py:654} WARNING - No viable dags retrieved from /home/airflow/.local/lib/python3.6/site-packages/airflow/example_dags/subdags/subdag.py
[2023-12-22 20:51:31,826] {processor.py:171} INFO - Processing /home/airflow/.local/lib/python3.6/site-packages/airflow/example_dags/subdags/subdag.py took 0.015 seconds
[2023-12-22 20:52:02,690] {processor.py:163} INFO - Started process (PID=1613) to work on /home/airflow/.local/lib/python3.6/site-packages/airflow/example_dags/subdags/subdag.py
[2023-12-22 20:52:02,691] {processor.py:642} INFO - Processing file /home/airflow/.local/lib/python3.6/site-packages/airflow/example_dags/subdags/subdag.py for tasks to queue
[2023-12-22 20:52:02,692] {logging_mixin.py:109} INFO - [2023-12-22 20:52:02,692] {dagbag.py:500} INFO - Filling up the DagBag from /home/airflow/.local/lib/python3.6/site-packages/airflow/example_dags/subdags/subdag.py
[2023-12-22 20:52:02,695] {processor.py:654} WARNING - No viable dags retrieved from /home/airflow/.local/lib/python3.6/site-packages/airflow/example_dags/subdags/subdag.py
[2023-12-22 20:52:02,710] {processor.py:171} INFO - Processing /home/airflow/.local/lib/python3.6/site-packages/airflow/example_dags/subdags/subdag.py took 0.022 seconds
[2023-12-22 20:52:33,232] {processor.py:163} INFO - Started process (PID=1677) to work on /home/airflow/.local/lib/python3.6/site-packages/airflow/example_dags/subdags/subdag.py
[2023-12-22 20:52:33,233] {processor.py:642} INFO - Processing file /home/airflow/.local/lib/python3.6/site-packages/airflow/example_dags/subdags/subdag.py for tasks to queue
[2023-12-22 20:52:33,234] {logging_mixin.py:109} INFO - [2023-12-22 20:52:33,233] {dagbag.py:500} INFO - Filling up the DagBag from /home/airflow/.local/lib/python3.6/site-packages/airflow/example_dags/subdags/subdag.py
[2023-12-22 20:52:33,235] {processor.py:654} WARNING - No viable dags retrieved from /home/airflow/.local/lib/python3.6/site-packages/airflow/example_dags/subdags/subdag.py
[2023-12-22 20:52:33,244] {processor.py:171} INFO - Processing /home/airflow/.local/lib/python3.6/site-packages/airflow/example_dags/subdags/subdag.py took 0.015 seconds
[2023-12-22 20:53:03,987] {processor.py:163} INFO - Started process (PID=1751) to work on /home/airflow/.local/lib/python3.6/site-packages/airflow/example_dags/subdags/subdag.py
[2023-12-22 20:53:03,989] {processor.py:642} INFO - Processing file /home/airflow/.local/lib/python3.6/site-packages/airflow/example_dags/subdags/subdag.py for tasks to queue
[2023-12-22 20:53:03,990] {logging_mixin.py:109} INFO - [2023-12-22 20:53:03,990] {dagbag.py:500} INFO - Filling up the DagBag from /home/airflow/.local/lib/python3.6/site-packages/airflow/example_dags/subdags/subdag.py
[2023-12-22 20:53:03,994] {processor.py:654} WARNING - No viable dags retrieved from /home/airflow/.local/lib/python3.6/site-packages/airflow/example_dags/subdags/subdag.py
[2023-12-22 20:53:04,016] {processor.py:171} INFO - Processing /home/airflow/.local/lib/python3.6/site-packages/airflow/example_dags/subdags/subdag.py took 0.032 seconds
[2023-12-22 20:53:34,822] {processor.py:163} INFO - Started process (PID=1815) to work on /home/airflow/.local/lib/python3.6/site-packages/airflow/example_dags/subdags/subdag.py
[2023-12-22 20:53:34,825] {processor.py:642} INFO - Processing file /home/airflow/.local/lib/python3.6/site-packages/airflow/example_dags/subdags/subdag.py for tasks to queue
[2023-12-22 20:53:34,825] {logging_mixin.py:109} INFO - [2023-12-22 20:53:34,825] {dagbag.py:500} INFO - Filling up the DagBag from /home/airflow/.local/lib/python3.6/site-packages/airflow/example_dags/subdags/subdag.py
[2023-12-22 20:53:34,828] {processor.py:654} WARNING - No viable dags retrieved from /home/airflow/.local/lib/python3.6/site-packages/airflow/example_dags/subdags/subdag.py
[2023-12-22 20:53:34,843] {processor.py:171} INFO - Processing /home/airflow/.local/lib/python3.6/site-packages/airflow/example_dags/subdags/subdag.py took 0.029 seconds
[2023-12-22 20:54:05,816] {processor.py:163} INFO - Started process (PID=1889) to work on /home/airflow/.local/lib/python3.6/site-packages/airflow/example_dags/subdags/subdag.py
[2023-12-22 20:54:05,817] {processor.py:642} INFO - Processing file /home/airflow/.local/lib/python3.6/site-packages/airflow/example_dags/subdags/subdag.py for tasks to queue
[2023-12-22 20:54:05,818] {logging_mixin.py:109} INFO - [2023-12-22 20:54:05,818] {dagbag.py:500} INFO - Filling up the DagBag from /home/airflow/.local/lib/python3.6/site-packages/airflow/example_dags/subdags/subdag.py
[2023-12-22 20:54:05,821] {processor.py:654} WARNING - No viable dags retrieved from /home/airflow/.local/lib/python3.6/site-packages/airflow/example_dags/subdags/subdag.py
[2023-12-22 20:54:05,836] {processor.py:171} INFO - Processing /home/airflow/.local/lib/python3.6/site-packages/airflow/example_dags/subdags/subdag.py took 0.022 seconds
[2023-12-22 20:54:36,837] {processor.py:163} INFO - Started process (PID=1952) to work on /home/airflow/.local/lib/python3.6/site-packages/airflow/example_dags/subdags/subdag.py
[2023-12-22 20:54:36,838] {processor.py:642} INFO - Processing file /home/airflow/.local/lib/python3.6/site-packages/airflow/example_dags/subdags/subdag.py for tasks to queue
[2023-12-22 20:54:36,839] {logging_mixin.py:109} INFO - [2023-12-22 20:54:36,839] {dagbag.py:500} INFO - Filling up the DagBag from /home/airflow/.local/lib/python3.6/site-packages/airflow/example_dags/subdags/subdag.py
[2023-12-22 20:54:36,842] {processor.py:654} WARNING - No viable dags retrieved from /home/airflow/.local/lib/python3.6/site-packages/airflow/example_dags/subdags/subdag.py
[2023-12-22 20:54:36,853] {processor.py:171} INFO - Processing /home/airflow/.local/lib/python3.6/site-packages/airflow/example_dags/subdags/subdag.py took 0.019 seconds
[2023-12-22 20:55:07,379] {processor.py:163} INFO - Started process (PID=2026) to work on /home/airflow/.local/lib/python3.6/site-packages/airflow/example_dags/subdags/subdag.py
[2023-12-22 20:55:07,380] {processor.py:642} INFO - Processing file /home/airflow/.local/lib/python3.6/site-packages/airflow/example_dags/subdags/subdag.py for tasks to queue
[2023-12-22 20:55:07,381] {logging_mixin.py:109} INFO - [2023-12-22 20:55:07,381] {dagbag.py:500} INFO - Filling up the DagBag from /home/airflow/.local/lib/python3.6/site-packages/airflow/example_dags/subdags/subdag.py
[2023-12-22 20:55:07,383] {processor.py:654} WARNING - No viable dags retrieved from /home/airflow/.local/lib/python3.6/site-packages/airflow/example_dags/subdags/subdag.py
[2023-12-22 20:55:07,396] {processor.py:171} INFO - Processing /home/airflow/.local/lib/python3.6/site-packages/airflow/example_dags/subdags/subdag.py took 0.021 seconds
[2023-12-22 20:55:37,506] {processor.py:163} INFO - Started process (PID=2078) to work on /home/airflow/.local/lib/python3.6/site-packages/airflow/example_dags/subdags/subdag.py
[2023-12-22 20:55:37,507] {processor.py:642} INFO - Processing file /home/airflow/.local/lib/python3.6/site-packages/airflow/example_dags/subdags/subdag.py for tasks to queue
[2023-12-22 20:55:37,508] {logging_mixin.py:109} INFO - [2023-12-22 20:55:37,508] {dagbag.py:500} INFO - Filling up the DagBag from /home/airflow/.local/lib/python3.6/site-packages/airflow/example_dags/subdags/subdag.py
[2023-12-22 20:55:37,509] {processor.py:654} WARNING - No viable dags retrieved from /home/airflow/.local/lib/python3.6/site-packages/airflow/example_dags/subdags/subdag.py
[2023-12-22 20:55:37,523] {processor.py:171} INFO - Processing /home/airflow/.local/lib/python3.6/site-packages/airflow/example_dags/subdags/subdag.py took 0.020 seconds
[2023-12-22 20:56:07,812] {processor.py:163} INFO - Started process (PID=2150) to work on /home/airflow/.local/lib/python3.6/site-packages/airflow/example_dags/subdags/subdag.py
[2023-12-22 20:56:07,813] {processor.py:642} INFO - Processing file /home/airflow/.local/lib/python3.6/site-packages/airflow/example_dags/subdags/subdag.py for tasks to queue
[2023-12-22 20:56:07,814] {logging_mixin.py:109} INFO - [2023-12-22 20:56:07,814] {dagbag.py:500} INFO - Filling up the DagBag from /home/airflow/.local/lib/python3.6/site-packages/airflow/example_dags/subdags/subdag.py
[2023-12-22 20:56:07,817] {processor.py:654} WARNING - No viable dags retrieved from /home/airflow/.local/lib/python3.6/site-packages/airflow/example_dags/subdags/subdag.py
[2023-12-22 20:56:07,829] {processor.py:171} INFO - Processing /home/airflow/.local/lib/python3.6/site-packages/airflow/example_dags/subdags/subdag.py took 0.019 seconds
[2023-12-22 20:56:37,945] {processor.py:163} INFO - Started process (PID=2212) to work on /home/airflow/.local/lib/python3.6/site-packages/airflow/example_dags/subdags/subdag.py
[2023-12-22 20:56:37,946] {processor.py:642} INFO - Processing file /home/airflow/.local/lib/python3.6/site-packages/airflow/example_dags/subdags/subdag.py for tasks to queue
[2023-12-22 20:56:37,947] {logging_mixin.py:109} INFO - [2023-12-22 20:56:37,947] {dagbag.py:500} INFO - Filling up the DagBag from /home/airflow/.local/lib/python3.6/site-packages/airflow/example_dags/subdags/subdag.py
[2023-12-22 20:56:37,949] {processor.py:654} WARNING - No viable dags retrieved from /home/airflow/.local/lib/python3.6/site-packages/airflow/example_dags/subdags/subdag.py
[2023-12-22 20:56:37,963] {processor.py:171} INFO - Processing /home/airflow/.local/lib/python3.6/site-packages/airflow/example_dags/subdags/subdag.py took 0.021 seconds
[2023-12-22 20:57:08,043] {processor.py:163} INFO - Started process (PID=2285) to work on /home/airflow/.local/lib/python3.6/site-packages/airflow/example_dags/subdags/subdag.py
[2023-12-22 20:57:08,044] {processor.py:642} INFO - Processing file /home/airflow/.local/lib/python3.6/site-packages/airflow/example_dags/subdags/subdag.py for tasks to queue
[2023-12-22 20:57:08,045] {logging_mixin.py:109} INFO - [2023-12-22 20:57:08,045] {dagbag.py:500} INFO - Filling up the DagBag from /home/airflow/.local/lib/python3.6/site-packages/airflow/example_dags/subdags/subdag.py
[2023-12-22 20:57:08,049] {processor.py:654} WARNING - No viable dags retrieved from /home/airflow/.local/lib/python3.6/site-packages/airflow/example_dags/subdags/subdag.py
[2023-12-22 20:57:08,078] {processor.py:171} INFO - Processing /home/airflow/.local/lib/python3.6/site-packages/airflow/example_dags/subdags/subdag.py took 0.038 seconds
[2023-12-22 20:57:38,153] {processor.py:163} INFO - Started process (PID=2348) to work on /home/airflow/.local/lib/python3.6/site-packages/airflow/example_dags/subdags/subdag.py
[2023-12-22 20:57:38,154] {processor.py:642} INFO - Processing file /home/airflow/.local/lib/python3.6/site-packages/airflow/example_dags/subdags/subdag.py for tasks to queue
[2023-12-22 20:57:38,156] {logging_mixin.py:109} INFO - [2023-12-22 20:57:38,156] {dagbag.py:500} INFO - Filling up the DagBag from /home/airflow/.local/lib/python3.6/site-packages/airflow/example_dags/subdags/subdag.py
[2023-12-22 20:57:38,159] {processor.py:654} WARNING - No viable dags retrieved from /home/airflow/.local/lib/python3.6/site-packages/airflow/example_dags/subdags/subdag.py
[2023-12-22 20:57:38,171] {processor.py:171} INFO - Processing /home/airflow/.local/lib/python3.6/site-packages/airflow/example_dags/subdags/subdag.py took 0.021 seconds
[2023-12-22 20:58:08,456] {processor.py:163} INFO - Started process (PID=2423) to work on /home/airflow/.local/lib/python3.6/site-packages/airflow/example_dags/subdags/subdag.py
[2023-12-22 20:58:08,458] {processor.py:642} INFO - Processing file /home/airflow/.local/lib/python3.6/site-packages/airflow/example_dags/subdags/subdag.py for tasks to queue
[2023-12-22 20:58:08,460] {logging_mixin.py:109} INFO - [2023-12-22 20:58:08,460] {dagbag.py:500} INFO - Filling up the DagBag from /home/airflow/.local/lib/python3.6/site-packages/airflow/example_dags/subdags/subdag.py
[2023-12-22 20:58:08,464] {processor.py:654} WARNING - No viable dags retrieved from /home/airflow/.local/lib/python3.6/site-packages/airflow/example_dags/subdags/subdag.py
[2023-12-22 20:58:08,482] {processor.py:171} INFO - Processing /home/airflow/.local/lib/python3.6/site-packages/airflow/example_dags/subdags/subdag.py took 0.028 seconds
[2023-12-22 20:58:39,513] {processor.py:163} INFO - Started process (PID=2486) to work on /home/airflow/.local/lib/python3.6/site-packages/airflow/example_dags/subdags/subdag.py
[2023-12-22 20:58:39,515] {processor.py:642} INFO - Processing file /home/airflow/.local/lib/python3.6/site-packages/airflow/example_dags/subdags/subdag.py for tasks to queue
[2023-12-22 20:58:39,516] {logging_mixin.py:109} INFO - [2023-12-22 20:58:39,516] {dagbag.py:500} INFO - Filling up the DagBag from /home/airflow/.local/lib/python3.6/site-packages/airflow/example_dags/subdags/subdag.py
[2023-12-22 20:58:39,519] {processor.py:654} WARNING - No viable dags retrieved from /home/airflow/.local/lib/python3.6/site-packages/airflow/example_dags/subdags/subdag.py
[2023-12-22 20:58:39,537] {processor.py:171} INFO - Processing /home/airflow/.local/lib/python3.6/site-packages/airflow/example_dags/subdags/subdag.py took 0.026 seconds
[2023-12-22 20:59:10,225] {processor.py:163} INFO - Started process (PID=2550) to work on /home/airflow/.local/lib/python3.6/site-packages/airflow/example_dags/subdags/subdag.py
[2023-12-22 20:59:10,229] {processor.py:642} INFO - Processing file /home/airflow/.local/lib/python3.6/site-packages/airflow/example_dags/subdags/subdag.py for tasks to queue
[2023-12-22 20:59:10,235] {logging_mixin.py:109} INFO - [2023-12-22 20:59:10,233] {dagbag.py:500} INFO - Filling up the DagBag from /home/airflow/.local/lib/python3.6/site-packages/airflow/example_dags/subdags/subdag.py
[2023-12-22 20:59:10,241] {processor.py:654} WARNING - No viable dags retrieved from /home/airflow/.local/lib/python3.6/site-packages/airflow/example_dags/subdags/subdag.py
[2023-12-22 20:59:10,285] {processor.py:171} INFO - Processing /home/airflow/.local/lib/python3.6/site-packages/airflow/example_dags/subdags/subdag.py took 0.066 seconds
[2023-12-22 20:59:42,018] {processor.py:163} INFO - Started process (PID=2614) to work on /home/airflow/.local/lib/python3.6/site-packages/airflow/example_dags/subdags/subdag.py
[2023-12-22 20:59:42,028] {processor.py:642} INFO - Processing file /home/airflow/.local/lib/python3.6/site-packages/airflow/example_dags/subdags/subdag.py for tasks to queue
[2023-12-22 20:59:42,046] {logging_mixin.py:109} INFO - [2023-12-22 20:59:42,045] {dagbag.py:500} INFO - Filling up the DagBag from /home/airflow/.local/lib/python3.6/site-packages/airflow/example_dags/subdags/subdag.py
[2023-12-22 20:59:42,050] {processor.py:654} WARNING - No viable dags retrieved from /home/airflow/.local/lib/python3.6/site-packages/airflow/example_dags/subdags/subdag.py
[2023-12-22 20:59:42,073] {processor.py:171} INFO - Processing /home/airflow/.local/lib/python3.6/site-packages/airflow/example_dags/subdags/subdag.py took 0.060 seconds
[2023-12-22 21:00:12,896] {processor.py:163} INFO - Started process (PID=2687) to work on /home/airflow/.local/lib/python3.6/site-packages/airflow/example_dags/subdags/subdag.py
[2023-12-22 21:00:12,899] {processor.py:642} INFO - Processing file /home/airflow/.local/lib/python3.6/site-packages/airflow/example_dags/subdags/subdag.py for tasks to queue
[2023-12-22 21:00:12,900] {logging_mixin.py:109} INFO - [2023-12-22 21:00:12,900] {dagbag.py:500} INFO - Filling up the DagBag from /home/airflow/.local/lib/python3.6/site-packages/airflow/example_dags/subdags/subdag.py
[2023-12-22 21:00:12,904] {processor.py:654} WARNING - No viable dags retrieved from /home/airflow/.local/lib/python3.6/site-packages/airflow/example_dags/subdags/subdag.py
[2023-12-22 21:00:12,927] {processor.py:171} INFO - Processing /home/airflow/.local/lib/python3.6/site-packages/airflow/example_dags/subdags/subdag.py took 0.036 seconds
[2023-12-22 21:00:43,090] {processor.py:163} INFO - Started process (PID=2748) to work on /home/airflow/.local/lib/python3.6/site-packages/airflow/example_dags/subdags/subdag.py
[2023-12-22 21:00:43,093] {processor.py:642} INFO - Processing file /home/airflow/.local/lib/python3.6/site-packages/airflow/example_dags/subdags/subdag.py for tasks to queue
[2023-12-22 21:00:43,095] {logging_mixin.py:109} INFO - [2023-12-22 21:00:43,095] {dagbag.py:500} INFO - Filling up the DagBag from /home/airflow/.local/lib/python3.6/site-packages/airflow/example_dags/subdags/subdag.py
[2023-12-22 21:00:43,102] {processor.py:654} WARNING - No viable dags retrieved from /home/airflow/.local/lib/python3.6/site-packages/airflow/example_dags/subdags/subdag.py
[2023-12-22 21:00:43,138] {processor.py:171} INFO - Processing /home/airflow/.local/lib/python3.6/site-packages/airflow/example_dags/subdags/subdag.py took 0.061 seconds
[2023-12-22 21:01:13,436] {processor.py:163} INFO - Started process (PID=2815) to work on /home/airflow/.local/lib/python3.6/site-packages/airflow/example_dags/subdags/subdag.py
[2023-12-22 21:01:13,438] {processor.py:642} INFO - Processing file /home/airflow/.local/lib/python3.6/site-packages/airflow/example_dags/subdags/subdag.py for tasks to queue
[2023-12-22 21:01:13,439] {logging_mixin.py:109} INFO - [2023-12-22 21:01:13,439] {dagbag.py:500} INFO - Filling up the DagBag from /home/airflow/.local/lib/python3.6/site-packages/airflow/example_dags/subdags/subdag.py
[2023-12-22 21:01:13,442] {processor.py:654} WARNING - No viable dags retrieved from /home/airflow/.local/lib/python3.6/site-packages/airflow/example_dags/subdags/subdag.py
[2023-12-22 21:01:13,458] {processor.py:171} INFO - Processing /home/airflow/.local/lib/python3.6/site-packages/airflow/example_dags/subdags/subdag.py took 0.026 seconds
[2023-12-22 21:01:43,538] {processor.py:163} INFO - Started process (PID=2878) to work on /home/airflow/.local/lib/python3.6/site-packages/airflow/example_dags/subdags/subdag.py
[2023-12-22 21:01:43,540] {processor.py:642} INFO - Processing file /home/airflow/.local/lib/python3.6/site-packages/airflow/example_dags/subdags/subdag.py for tasks to queue
[2023-12-22 21:01:43,541] {logging_mixin.py:109} INFO - [2023-12-22 21:01:43,541] {dagbag.py:500} INFO - Filling up the DagBag from /home/airflow/.local/lib/python3.6/site-packages/airflow/example_dags/subdags/subdag.py
[2023-12-22 21:01:43,544] {processor.py:654} WARNING - No viable dags retrieved from /home/airflow/.local/lib/python3.6/site-packages/airflow/example_dags/subdags/subdag.py
[2023-12-22 21:01:43,562] {processor.py:171} INFO - Processing /home/airflow/.local/lib/python3.6/site-packages/airflow/example_dags/subdags/subdag.py took 0.027 seconds
[2023-12-22 21:02:13,882] {processor.py:163} INFO - Started process (PID=2954) to work on /home/airflow/.local/lib/python3.6/site-packages/airflow/example_dags/subdags/subdag.py
[2023-12-22 21:02:13,883] {processor.py:642} INFO - Processing file /home/airflow/.local/lib/python3.6/site-packages/airflow/example_dags/subdags/subdag.py for tasks to queue
[2023-12-22 21:02:13,884] {logging_mixin.py:109} INFO - [2023-12-22 21:02:13,884] {dagbag.py:500} INFO - Filling up the DagBag from /home/airflow/.local/lib/python3.6/site-packages/airflow/example_dags/subdags/subdag.py
[2023-12-22 21:02:13,887] {processor.py:654} WARNING - No viable dags retrieved from /home/airflow/.local/lib/python3.6/site-packages/airflow/example_dags/subdags/subdag.py
[2023-12-22 21:02:13,903] {processor.py:171} INFO - Processing /home/airflow/.local/lib/python3.6/site-packages/airflow/example_dags/subdags/subdag.py took 0.024 seconds
[2023-12-22 21:02:43,968] {processor.py:163} INFO - Started process (PID=3017) to work on /home/airflow/.local/lib/python3.6/site-packages/airflow/example_dags/subdags/subdag.py
[2023-12-22 21:02:43,969] {processor.py:642} INFO - Processing file /home/airflow/.local/lib/python3.6/site-packages/airflow/example_dags/subdags/subdag.py for tasks to queue
[2023-12-22 21:02:43,970] {logging_mixin.py:109} INFO - [2023-12-22 21:02:43,970] {dagbag.py:500} INFO - Filling up the DagBag from /home/airflow/.local/lib/python3.6/site-packages/airflow/example_dags/subdags/subdag.py
[2023-12-22 21:02:43,974] {processor.py:654} WARNING - No viable dags retrieved from /home/airflow/.local/lib/python3.6/site-packages/airflow/example_dags/subdags/subdag.py
[2023-12-22 21:02:44,003] {processor.py:171} INFO - Processing /home/airflow/.local/lib/python3.6/site-packages/airflow/example_dags/subdags/subdag.py took 0.040 seconds
[2023-12-22 21:03:14,576] {processor.py:163} INFO - Started process (PID=3092) to work on /home/airflow/.local/lib/python3.6/site-packages/airflow/example_dags/subdags/subdag.py
[2023-12-22 21:03:14,577] {processor.py:642} INFO - Processing file /home/airflow/.local/lib/python3.6/site-packages/airflow/example_dags/subdags/subdag.py for tasks to queue
[2023-12-22 21:03:14,578] {logging_mixin.py:109} INFO - [2023-12-22 21:03:14,578] {dagbag.py:500} INFO - Filling up the DagBag from /home/airflow/.local/lib/python3.6/site-packages/airflow/example_dags/subdags/subdag.py
[2023-12-22 21:03:14,580] {processor.py:654} WARNING - No viable dags retrieved from /home/airflow/.local/lib/python3.6/site-packages/airflow/example_dags/subdags/subdag.py
[2023-12-22 21:03:14,595] {processor.py:171} INFO - Processing /home/airflow/.local/lib/python3.6/site-packages/airflow/example_dags/subdags/subdag.py took 0.022 seconds
[2023-12-22 21:03:44,781] {processor.py:163} INFO - Started process (PID=3155) to work on /home/airflow/.local/lib/python3.6/site-packages/airflow/example_dags/subdags/subdag.py
[2023-12-22 21:03:44,787] {processor.py:642} INFO - Processing file /home/airflow/.local/lib/python3.6/site-packages/airflow/example_dags/subdags/subdag.py for tasks to queue
[2023-12-22 21:03:44,791] {logging_mixin.py:109} INFO - [2023-12-22 21:03:44,790] {dagbag.py:500} INFO - Filling up the DagBag from /home/airflow/.local/lib/python3.6/site-packages/airflow/example_dags/subdags/subdag.py
[2023-12-22 21:03:44,796] {processor.py:654} WARNING - No viable dags retrieved from /home/airflow/.local/lib/python3.6/site-packages/airflow/example_dags/subdags/subdag.py
[2023-12-22 21:03:44,813] {processor.py:171} INFO - Processing /home/airflow/.local/lib/python3.6/site-packages/airflow/example_dags/subdags/subdag.py took 0.035 seconds
[2023-12-22 21:04:15,041] {processor.py:163} INFO - Started process (PID=3229) to work on /home/airflow/.local/lib/python3.6/site-packages/airflow/example_dags/subdags/subdag.py
[2023-12-22 21:04:15,044] {processor.py:642} INFO - Processing file /home/airflow/.local/lib/python3.6/site-packages/airflow/example_dags/subdags/subdag.py for tasks to queue
[2023-12-22 21:04:15,045] {logging_mixin.py:109} INFO - [2023-12-22 21:04:15,045] {dagbag.py:500} INFO - Filling up the DagBag from /home/airflow/.local/lib/python3.6/site-packages/airflow/example_dags/subdags/subdag.py
[2023-12-22 21:04:15,047] {processor.py:654} WARNING - No viable dags retrieved from /home/airflow/.local/lib/python3.6/site-packages/airflow/example_dags/subdags/subdag.py
[2023-12-22 21:04:15,063] {processor.py:171} INFO - Processing /home/airflow/.local/lib/python3.6/site-packages/airflow/example_dags/subdags/subdag.py took 0.024 seconds
[2023-12-22 21:04:45,283] {processor.py:163} INFO - Started process (PID=3292) to work on /home/airflow/.local/lib/python3.6/site-packages/airflow/example_dags/subdags/subdag.py
[2023-12-22 21:04:45,285] {processor.py:642} INFO - Processing file /home/airflow/.local/lib/python3.6/site-packages/airflow/example_dags/subdags/subdag.py for tasks to queue
[2023-12-22 21:04:45,286] {logging_mixin.py:109} INFO - [2023-12-22 21:04:45,286] {dagbag.py:500} INFO - Filling up the DagBag from /home/airflow/.local/lib/python3.6/site-packages/airflow/example_dags/subdags/subdag.py
[2023-12-22 21:04:45,288] {processor.py:654} WARNING - No viable dags retrieved from /home/airflow/.local/lib/python3.6/site-packages/airflow/example_dags/subdags/subdag.py
[2023-12-22 21:04:45,302] {processor.py:171} INFO - Processing /home/airflow/.local/lib/python3.6/site-packages/airflow/example_dags/subdags/subdag.py took 0.023 seconds
[2023-12-22 21:05:16,596] {processor.py:163} INFO - Started process (PID=3367) to work on /home/airflow/.local/lib/python3.6/site-packages/airflow/example_dags/subdags/subdag.py
[2023-12-22 21:05:16,597] {processor.py:642} INFO - Processing file /home/airflow/.local/lib/python3.6/site-packages/airflow/example_dags/subdags/subdag.py for tasks to queue
[2023-12-22 21:05:16,597] {logging_mixin.py:109} INFO - [2023-12-22 21:05:16,597] {dagbag.py:500} INFO - Filling up the DagBag from /home/airflow/.local/lib/python3.6/site-packages/airflow/example_dags/subdags/subdag.py
[2023-12-22 21:05:16,600] {processor.py:654} WARNING - No viable dags retrieved from /home/airflow/.local/lib/python3.6/site-packages/airflow/example_dags/subdags/subdag.py
[2023-12-22 21:05:16,620] {processor.py:171} INFO - Processing /home/airflow/.local/lib/python3.6/site-packages/airflow/example_dags/subdags/subdag.py took 0.027 seconds
[2023-12-22 21:05:47,105] {processor.py:163} INFO - Started process (PID=3431) to work on /home/airflow/.local/lib/python3.6/site-packages/airflow/example_dags/subdags/subdag.py
[2023-12-22 21:05:47,106] {processor.py:642} INFO - Processing file /home/airflow/.local/lib/python3.6/site-packages/airflow/example_dags/subdags/subdag.py for tasks to queue
[2023-12-22 21:05:47,108] {logging_mixin.py:109} INFO - [2023-12-22 21:05:47,107] {dagbag.py:500} INFO - Filling up the DagBag from /home/airflow/.local/lib/python3.6/site-packages/airflow/example_dags/subdags/subdag.py
[2023-12-22 21:05:47,110] {processor.py:654} WARNING - No viable dags retrieved from /home/airflow/.local/lib/python3.6/site-packages/airflow/example_dags/subdags/subdag.py
[2023-12-22 21:05:47,121] {processor.py:171} INFO - Processing /home/airflow/.local/lib/python3.6/site-packages/airflow/example_dags/subdags/subdag.py took 0.019 seconds
[2023-12-22 21:06:17,303] {processor.py:163} INFO - Started process (PID=3505) to work on /home/airflow/.local/lib/python3.6/site-packages/airflow/example_dags/subdags/subdag.py
[2023-12-22 21:06:17,304] {processor.py:642} INFO - Processing file /home/airflow/.local/lib/python3.6/site-packages/airflow/example_dags/subdags/subdag.py for tasks to queue
[2023-12-22 21:06:17,305] {logging_mixin.py:109} INFO - [2023-12-22 21:06:17,305] {dagbag.py:500} INFO - Filling up the DagBag from /home/airflow/.local/lib/python3.6/site-packages/airflow/example_dags/subdags/subdag.py
[2023-12-22 21:06:17,307] {processor.py:654} WARNING - No viable dags retrieved from /home/airflow/.local/lib/python3.6/site-packages/airflow/example_dags/subdags/subdag.py
[2023-12-22 21:06:17,336] {processor.py:171} INFO - Processing /home/airflow/.local/lib/python3.6/site-packages/airflow/example_dags/subdags/subdag.py took 0.035 seconds
[2023-12-22 21:06:48,391] {processor.py:163} INFO - Started process (PID=3576) to work on /home/airflow/.local/lib/python3.6/site-packages/airflow/example_dags/subdags/subdag.py
[2023-12-22 21:06:48,393] {processor.py:642} INFO - Processing file /home/airflow/.local/lib/python3.6/site-packages/airflow/example_dags/subdags/subdag.py for tasks to queue
[2023-12-22 21:06:48,395] {logging_mixin.py:109} INFO - [2023-12-22 21:06:48,395] {dagbag.py:500} INFO - Filling up the DagBag from /home/airflow/.local/lib/python3.6/site-packages/airflow/example_dags/subdags/subdag.py
[2023-12-22 21:06:48,398] {processor.py:654} WARNING - No viable dags retrieved from /home/airflow/.local/lib/python3.6/site-packages/airflow/example_dags/subdags/subdag.py
[2023-12-22 21:06:48,412] {processor.py:171} INFO - Processing /home/airflow/.local/lib/python3.6/site-packages/airflow/example_dags/subdags/subdag.py took 0.024 seconds
[2023-12-22 21:07:18,576] {processor.py:163} INFO - Started process (PID=3643) to work on /home/airflow/.local/lib/python3.6/site-packages/airflow/example_dags/subdags/subdag.py
[2023-12-22 21:07:18,579] {processor.py:642} INFO - Processing file /home/airflow/.local/lib/python3.6/site-packages/airflow/example_dags/subdags/subdag.py for tasks to queue
[2023-12-22 21:07:18,580] {logging_mixin.py:109} INFO - [2023-12-22 21:07:18,580] {dagbag.py:500} INFO - Filling up the DagBag from /home/airflow/.local/lib/python3.6/site-packages/airflow/example_dags/subdags/subdag.py
[2023-12-22 21:07:18,583] {processor.py:654} WARNING - No viable dags retrieved from /home/airflow/.local/lib/python3.6/site-packages/airflow/example_dags/subdags/subdag.py
[2023-12-22 21:07:18,599] {processor.py:171} INFO - Processing /home/airflow/.local/lib/python3.6/site-packages/airflow/example_dags/subdags/subdag.py took 0.027 seconds
[2023-12-22 21:07:49,427] {processor.py:163} INFO - Started process (PID=3717) to work on /home/airflow/.local/lib/python3.6/site-packages/airflow/example_dags/subdags/subdag.py
[2023-12-22 21:07:49,428] {processor.py:642} INFO - Processing file /home/airflow/.local/lib/python3.6/site-packages/airflow/example_dags/subdags/subdag.py for tasks to queue
[2023-12-22 21:07:49,429] {logging_mixin.py:109} INFO - [2023-12-22 21:07:49,429] {dagbag.py:500} INFO - Filling up the DagBag from /home/airflow/.local/lib/python3.6/site-packages/airflow/example_dags/subdags/subdag.py
[2023-12-22 21:07:49,432] {processor.py:654} WARNING - No viable dags retrieved from /home/airflow/.local/lib/python3.6/site-packages/airflow/example_dags/subdags/subdag.py
[2023-12-22 21:07:49,443] {processor.py:171} INFO - Processing /home/airflow/.local/lib/python3.6/site-packages/airflow/example_dags/subdags/subdag.py took 0.018 seconds
[2023-12-22 21:08:20,567] {processor.py:163} INFO - Started process (PID=3782) to work on /home/airflow/.local/lib/python3.6/site-packages/airflow/example_dags/subdags/subdag.py
[2023-12-22 21:08:20,568] {processor.py:642} INFO - Processing file /home/airflow/.local/lib/python3.6/site-packages/airflow/example_dags/subdags/subdag.py for tasks to queue
[2023-12-22 21:08:20,569] {logging_mixin.py:109} INFO - [2023-12-22 21:08:20,569] {dagbag.py:500} INFO - Filling up the DagBag from /home/airflow/.local/lib/python3.6/site-packages/airflow/example_dags/subdags/subdag.py
[2023-12-22 21:08:20,571] {processor.py:654} WARNING - No viable dags retrieved from /home/airflow/.local/lib/python3.6/site-packages/airflow/example_dags/subdags/subdag.py
[2023-12-22 21:08:20,582] {processor.py:171} INFO - Processing /home/airflow/.local/lib/python3.6/site-packages/airflow/example_dags/subdags/subdag.py took 0.019 seconds
[2023-12-22 21:08:51,205] {processor.py:163} INFO - Started process (PID=3855) to work on /home/airflow/.local/lib/python3.6/site-packages/airflow/example_dags/subdags/subdag.py
[2023-12-22 21:08:51,206] {processor.py:642} INFO - Processing file /home/airflow/.local/lib/python3.6/site-packages/airflow/example_dags/subdags/subdag.py for tasks to queue
[2023-12-22 21:08:51,207] {logging_mixin.py:109} INFO - [2023-12-22 21:08:51,207] {dagbag.py:500} INFO - Filling up the DagBag from /home/airflow/.local/lib/python3.6/site-packages/airflow/example_dags/subdags/subdag.py
[2023-12-22 21:08:51,210] {processor.py:654} WARNING - No viable dags retrieved from /home/airflow/.local/lib/python3.6/site-packages/airflow/example_dags/subdags/subdag.py
[2023-12-22 21:08:51,224] {processor.py:171} INFO - Processing /home/airflow/.local/lib/python3.6/site-packages/airflow/example_dags/subdags/subdag.py took 0.024 seconds
[2023-12-22 21:09:21,443] {processor.py:163} INFO - Started process (PID=3919) to work on /home/airflow/.local/lib/python3.6/site-packages/airflow/example_dags/subdags/subdag.py
[2023-12-22 21:09:21,445] {processor.py:642} INFO - Processing file /home/airflow/.local/lib/python3.6/site-packages/airflow/example_dags/subdags/subdag.py for tasks to queue
[2023-12-22 21:09:21,445] {logging_mixin.py:109} INFO - [2023-12-22 21:09:21,445] {dagbag.py:500} INFO - Filling up the DagBag from /home/airflow/.local/lib/python3.6/site-packages/airflow/example_dags/subdags/subdag.py
[2023-12-22 21:09:21,447] {processor.py:654} WARNING - No viable dags retrieved from /home/airflow/.local/lib/python3.6/site-packages/airflow/example_dags/subdags/subdag.py
[2023-12-22 21:09:21,458] {processor.py:171} INFO - Processing /home/airflow/.local/lib/python3.6/site-packages/airflow/example_dags/subdags/subdag.py took 0.018 seconds
[2023-12-22 21:09:52,213] {processor.py:163} INFO - Started process (PID=3993) to work on /home/airflow/.local/lib/python3.6/site-packages/airflow/example_dags/subdags/subdag.py
[2023-12-22 21:09:52,215] {processor.py:642} INFO - Processing file /home/airflow/.local/lib/python3.6/site-packages/airflow/example_dags/subdags/subdag.py for tasks to queue
[2023-12-22 21:09:52,216] {logging_mixin.py:109} INFO - [2023-12-22 21:09:52,216] {dagbag.py:500} INFO - Filling up the DagBag from /home/airflow/.local/lib/python3.6/site-packages/airflow/example_dags/subdags/subdag.py
[2023-12-22 21:09:52,219] {processor.py:654} WARNING - No viable dags retrieved from /home/airflow/.local/lib/python3.6/site-packages/airflow/example_dags/subdags/subdag.py
[2023-12-22 21:09:52,235] {processor.py:171} INFO - Processing /home/airflow/.local/lib/python3.6/site-packages/airflow/example_dags/subdags/subdag.py took 0.024 seconds
[2023-12-22 21:10:22,396] {processor.py:163} INFO - Started process (PID=4057) to work on /home/airflow/.local/lib/python3.6/site-packages/airflow/example_dags/subdags/subdag.py
[2023-12-22 21:10:22,397] {processor.py:642} INFO - Processing file /home/airflow/.local/lib/python3.6/site-packages/airflow/example_dags/subdags/subdag.py for tasks to queue
[2023-12-22 21:10:22,398] {logging_mixin.py:109} INFO - [2023-12-22 21:10:22,398] {dagbag.py:500} INFO - Filling up the DagBag from /home/airflow/.local/lib/python3.6/site-packages/airflow/example_dags/subdags/subdag.py
[2023-12-22 21:10:22,401] {processor.py:654} WARNING - No viable dags retrieved from /home/airflow/.local/lib/python3.6/site-packages/airflow/example_dags/subdags/subdag.py
[2023-12-22 21:10:22,415] {processor.py:171} INFO - Processing /home/airflow/.local/lib/python3.6/site-packages/airflow/example_dags/subdags/subdag.py took 0.022 seconds
[2023-12-22 21:10:53,271] {processor.py:163} INFO - Started process (PID=4132) to work on /home/airflow/.local/lib/python3.6/site-packages/airflow/example_dags/subdags/subdag.py
[2023-12-22 21:10:53,273] {processor.py:642} INFO - Processing file /home/airflow/.local/lib/python3.6/site-packages/airflow/example_dags/subdags/subdag.py for tasks to queue
[2023-12-22 21:10:53,273] {logging_mixin.py:109} INFO - [2023-12-22 21:10:53,273] {dagbag.py:500} INFO - Filling up the DagBag from /home/airflow/.local/lib/python3.6/site-packages/airflow/example_dags/subdags/subdag.py
[2023-12-22 21:10:53,276] {processor.py:654} WARNING - No viable dags retrieved from /home/airflow/.local/lib/python3.6/site-packages/airflow/example_dags/subdags/subdag.py
[2023-12-22 21:10:53,294] {processor.py:171} INFO - Processing /home/airflow/.local/lib/python3.6/site-packages/airflow/example_dags/subdags/subdag.py took 0.025 seconds
[2023-12-22 21:11:23,639] {processor.py:163} INFO - Started process (PID=4205) to work on /home/airflow/.local/lib/python3.6/site-packages/airflow/example_dags/subdags/subdag.py
[2023-12-22 21:11:23,640] {processor.py:642} INFO - Processing file /home/airflow/.local/lib/python3.6/site-packages/airflow/example_dags/subdags/subdag.py for tasks to queue
[2023-12-22 21:11:23,642] {logging_mixin.py:109} INFO - [2023-12-22 21:11:23,642] {dagbag.py:500} INFO - Filling up the DagBag from /home/airflow/.local/lib/python3.6/site-packages/airflow/example_dags/subdags/subdag.py
[2023-12-22 21:11:23,645] {processor.py:654} WARNING - No viable dags retrieved from /home/airflow/.local/lib/python3.6/site-packages/airflow/example_dags/subdags/subdag.py
[2023-12-22 21:11:23,659] {processor.py:171} INFO - Processing /home/airflow/.local/lib/python3.6/site-packages/airflow/example_dags/subdags/subdag.py took 0.022 seconds
[2023-12-22 21:11:54,113] {processor.py:163} INFO - Started process (PID=4270) to work on /home/airflow/.local/lib/python3.6/site-packages/airflow/example_dags/subdags/subdag.py
[2023-12-22 21:11:54,115] {processor.py:642} INFO - Processing file /home/airflow/.local/lib/python3.6/site-packages/airflow/example_dags/subdags/subdag.py for tasks to queue
[2023-12-22 21:11:54,116] {logging_mixin.py:109} INFO - [2023-12-22 21:11:54,116] {dagbag.py:500} INFO - Filling up the DagBag from /home/airflow/.local/lib/python3.6/site-packages/airflow/example_dags/subdags/subdag.py
[2023-12-22 21:11:54,120] {processor.py:654} WARNING - No viable dags retrieved from /home/airflow/.local/lib/python3.6/site-packages/airflow/example_dags/subdags/subdag.py
[2023-12-22 21:11:54,135] {processor.py:171} INFO - Processing /home/airflow/.local/lib/python3.6/site-packages/airflow/example_dags/subdags/subdag.py took 0.024 seconds
