[2023-12-22 20:40:26,358] {processor.py:163} INFO - Started process (PID=33) to work on /opt/airflow/dags/first_dag.py
[2023-12-22 20:40:26,359] {processor.py:642} INFO - Processing file /opt/airflow/dags/first_dag.py for tasks to queue
[2023-12-22 20:40:26,360] {logging_mixin.py:109} INFO - [2023-12-22 20:40:26,360] {dagbag.py:500} INFO - Filling up the DagBag from /opt/airflow/dags/first_dag.py
[2023-12-22 20:40:27,246] {processor.py:652} INFO - DAG(s) dict_keys(['s3_to_postgres_dag']) retrieved from /opt/airflow/dags/first_dag.py
[2023-12-22 20:40:27,261] {logging_mixin.py:109} INFO - [2023-12-22 20:40:27,261] {dag.py:2398} INFO - Sync 1 DAGs
[2023-12-22 20:40:27,349] {logging_mixin.py:109} INFO - [2023-12-22 20:40:27,349] {dag.py:2937} INFO - Setting next_dagrun for s3_to_postgres_dag to None
[2023-12-22 20:40:27,360] {processor.py:171} INFO - Processing /opt/airflow/dags/first_dag.py took 1.006 seconds
[2023-12-22 20:40:57,650] {processor.py:163} INFO - Started process (PID=107) to work on /opt/airflow/dags/first_dag.py
[2023-12-22 20:40:57,661] {processor.py:642} INFO - Processing file /opt/airflow/dags/first_dag.py for tasks to queue
[2023-12-22 20:40:57,665] {logging_mixin.py:109} INFO - [2023-12-22 20:40:57,664] {dagbag.py:500} INFO - Filling up the DagBag from /opt/airflow/dags/first_dag.py
[2023-12-22 20:40:58,430] {processor.py:652} INFO - DAG(s) dict_keys(['s3_to_postgres_dag']) retrieved from /opt/airflow/dags/first_dag.py
[2023-12-22 20:40:58,447] {logging_mixin.py:109} INFO - [2023-12-22 20:40:58,447] {dag.py:2398} INFO - Sync 1 DAGs
[2023-12-22 20:40:58,477] {logging_mixin.py:109} INFO - [2023-12-22 20:40:58,477] {dag.py:2937} INFO - Setting next_dagrun for s3_to_postgres_dag to None
[2023-12-22 20:40:58,489] {processor.py:171} INFO - Processing /opt/airflow/dags/first_dag.py took 0.843 seconds
[2023-12-22 20:41:28,754] {processor.py:163} INFO - Started process (PID=178) to work on /opt/airflow/dags/first_dag.py
[2023-12-22 20:41:28,756] {processor.py:642} INFO - Processing file /opt/airflow/dags/first_dag.py for tasks to queue
[2023-12-22 20:41:28,759] {logging_mixin.py:109} INFO - [2023-12-22 20:41:28,759] {dagbag.py:500} INFO - Filling up the DagBag from /opt/airflow/dags/first_dag.py
[2023-12-22 20:41:29,663] {processor.py:652} INFO - DAG(s) dict_keys(['s3_to_postgres_dag']) retrieved from /opt/airflow/dags/first_dag.py
[2023-12-22 20:41:29,680] {logging_mixin.py:109} INFO - [2023-12-22 20:41:29,680] {dag.py:2398} INFO - Sync 1 DAGs
[2023-12-22 20:41:29,699] {logging_mixin.py:109} INFO - [2023-12-22 20:41:29,699] {dag.py:2937} INFO - Setting next_dagrun for s3_to_postgres_dag to None
[2023-12-22 20:41:29,710] {processor.py:171} INFO - Processing /opt/airflow/dags/first_dag.py took 0.958 seconds
[2023-12-22 20:42:00,085] {processor.py:163} INFO - Started process (PID=247) to work on /opt/airflow/dags/first_dag.py
[2023-12-22 20:42:00,196] {processor.py:642} INFO - Processing file /opt/airflow/dags/first_dag.py for tasks to queue
[2023-12-22 20:42:00,223] {logging_mixin.py:109} INFO - [2023-12-22 20:42:00,223] {dagbag.py:500} INFO - Filling up the DagBag from /opt/airflow/dags/first_dag.py
[2023-12-22 20:42:01,811] {processor.py:652} INFO - DAG(s) dict_keys(['s3_to_postgres_dag']) retrieved from /opt/airflow/dags/first_dag.py
[2023-12-22 20:42:01,868] {logging_mixin.py:109} INFO - [2023-12-22 20:42:01,868] {dag.py:2398} INFO - Sync 1 DAGs
[2023-12-22 20:42:01,902] {logging_mixin.py:109} INFO - [2023-12-22 20:42:01,898] {dag.py:2937} INFO - Setting next_dagrun for s3_to_postgres_dag to None
[2023-12-22 20:42:02,029] {processor.py:171} INFO - Processing /opt/airflow/dags/first_dag.py took 1.946 seconds
[2023-12-22 20:42:33,383] {processor.py:163} INFO - Started process (PID=313) to work on /opt/airflow/dags/first_dag.py
[2023-12-22 20:42:33,385] {processor.py:642} INFO - Processing file /opt/airflow/dags/first_dag.py for tasks to queue
[2023-12-22 20:42:33,505] {logging_mixin.py:109} INFO - [2023-12-22 20:42:33,505] {dagbag.py:500} INFO - Filling up the DagBag from /opt/airflow/dags/first_dag.py
[2023-12-22 20:42:37,400] {processor.py:652} INFO - DAG(s) dict_keys(['s3_to_postgres_dag']) retrieved from /opt/airflow/dags/first_dag.py
[2023-12-22 20:42:37,487] {logging_mixin.py:109} INFO - [2023-12-22 20:42:37,487] {dag.py:2398} INFO - Sync 1 DAGs
[2023-12-22 20:42:37,504] {logging_mixin.py:109} INFO - [2023-12-22 20:42:37,504] {dag.py:2937} INFO - Setting next_dagrun for s3_to_postgres_dag to None
[2023-12-22 20:42:37,602] {processor.py:171} INFO - Processing /opt/airflow/dags/first_dag.py took 4.223 seconds
[2023-12-22 20:43:09,277] {processor.py:163} INFO - Started process (PID=390) to work on /opt/airflow/dags/first_dag.py
[2023-12-22 20:43:09,278] {processor.py:642} INFO - Processing file /opt/airflow/dags/first_dag.py for tasks to queue
[2023-12-22 20:43:09,279] {logging_mixin.py:109} INFO - [2023-12-22 20:43:09,279] {dagbag.py:500} INFO - Filling up the DagBag from /opt/airflow/dags/first_dag.py
[2023-12-22 20:43:09,967] {processor.py:652} INFO - DAG(s) dict_keys(['s3_to_postgres_dag']) retrieved from /opt/airflow/dags/first_dag.py
[2023-12-22 20:43:09,990] {logging_mixin.py:109} INFO - [2023-12-22 20:43:09,990] {dag.py:2398} INFO - Sync 1 DAGs
[2023-12-22 20:43:10,012] {logging_mixin.py:109} INFO - [2023-12-22 20:43:10,012] {dag.py:2937} INFO - Setting next_dagrun for s3_to_postgres_dag to None
[2023-12-22 20:43:10,023] {processor.py:171} INFO - Processing /opt/airflow/dags/first_dag.py took 0.749 seconds
[2023-12-22 20:43:41,751] {processor.py:163} INFO - Started process (PID=466) to work on /opt/airflow/dags/first_dag.py
[2023-12-22 20:43:41,752] {processor.py:642} INFO - Processing file /opt/airflow/dags/first_dag.py for tasks to queue
[2023-12-22 20:43:41,753] {logging_mixin.py:109} INFO - [2023-12-22 20:43:41,753] {dagbag.py:500} INFO - Filling up the DagBag from /opt/airflow/dags/first_dag.py
[2023-12-22 20:43:42,600] {processor.py:652} INFO - DAG(s) dict_keys(['s3_to_postgres_dag']) retrieved from /opt/airflow/dags/first_dag.py
[2023-12-22 20:43:42,628] {logging_mixin.py:109} INFO - [2023-12-22 20:43:42,628] {dag.py:2398} INFO - Sync 1 DAGs
[2023-12-22 20:43:42,664] {logging_mixin.py:109} INFO - [2023-12-22 20:43:42,664] {dag.py:2937} INFO - Setting next_dagrun for s3_to_postgres_dag to None
[2023-12-22 20:43:42,706] {processor.py:171} INFO - Processing /opt/airflow/dags/first_dag.py took 0.959 seconds
[2023-12-22 20:44:12,894] {processor.py:163} INFO - Started process (PID=529) to work on /opt/airflow/dags/first_dag.py
[2023-12-22 20:44:12,895] {processor.py:642} INFO - Processing file /opt/airflow/dags/first_dag.py for tasks to queue
[2023-12-22 20:44:12,896] {logging_mixin.py:109} INFO - [2023-12-22 20:44:12,896] {dagbag.py:500} INFO - Filling up the DagBag from /opt/airflow/dags/first_dag.py
[2023-12-22 20:44:13,892] {processor.py:652} INFO - DAG(s) dict_keys(['s3_to_postgres_dag']) retrieved from /opt/airflow/dags/first_dag.py
[2023-12-22 20:44:13,925] {logging_mixin.py:109} INFO - [2023-12-22 20:44:13,924] {dag.py:2398} INFO - Sync 1 DAGs
[2023-12-22 20:44:13,962] {logging_mixin.py:109} INFO - [2023-12-22 20:44:13,962] {dag.py:2937} INFO - Setting next_dagrun for s3_to_postgres_dag to None
[2023-12-22 20:44:13,981] {processor.py:171} INFO - Processing /opt/airflow/dags/first_dag.py took 1.091 seconds
[2023-12-22 20:44:45,001] {processor.py:163} INFO - Started process (PID=605) to work on /opt/airflow/dags/first_dag.py
[2023-12-22 20:44:45,008] {processor.py:642} INFO - Processing file /opt/airflow/dags/first_dag.py for tasks to queue
[2023-12-22 20:44:45,011] {logging_mixin.py:109} INFO - [2023-12-22 20:44:45,011] {dagbag.py:500} INFO - Filling up the DagBag from /opt/airflow/dags/first_dag.py
[2023-12-22 20:44:45,824] {processor.py:652} INFO - DAG(s) dict_keys(['s3_to_postgres_dag']) retrieved from /opt/airflow/dags/first_dag.py
[2023-12-22 20:44:45,847] {logging_mixin.py:109} INFO - [2023-12-22 20:44:45,847] {dag.py:2398} INFO - Sync 1 DAGs
[2023-12-22 20:44:45,870] {logging_mixin.py:109} INFO - [2023-12-22 20:44:45,869] {dag.py:2937} INFO - Setting next_dagrun for s3_to_postgres_dag to None
[2023-12-22 20:44:45,895] {processor.py:171} INFO - Processing /opt/airflow/dags/first_dag.py took 0.898 seconds
[2023-12-22 20:45:16,309] {processor.py:163} INFO - Started process (PID=672) to work on /opt/airflow/dags/first_dag.py
[2023-12-22 20:45:16,311] {processor.py:642} INFO - Processing file /opt/airflow/dags/first_dag.py for tasks to queue
[2023-12-22 20:45:16,312] {logging_mixin.py:109} INFO - [2023-12-22 20:45:16,312] {dagbag.py:500} INFO - Filling up the DagBag from /opt/airflow/dags/first_dag.py
[2023-12-22 20:45:17,111] {processor.py:652} INFO - DAG(s) dict_keys(['s3_to_postgres_dag']) retrieved from /opt/airflow/dags/first_dag.py
[2023-12-22 20:45:17,130] {logging_mixin.py:109} INFO - [2023-12-22 20:45:17,129] {dag.py:2398} INFO - Sync 1 DAGs
[2023-12-22 20:45:17,146] {logging_mixin.py:109} INFO - [2023-12-22 20:45:17,146] {dag.py:2937} INFO - Setting next_dagrun for s3_to_postgres_dag to None
[2023-12-22 20:45:17,161] {processor.py:171} INFO - Processing /opt/airflow/dags/first_dag.py took 0.855 seconds
[2023-12-22 20:45:47,327] {processor.py:163} INFO - Started process (PID=746) to work on /opt/airflow/dags/first_dag.py
[2023-12-22 20:45:47,328] {processor.py:642} INFO - Processing file /opt/airflow/dags/first_dag.py for tasks to queue
[2023-12-22 20:45:47,329] {logging_mixin.py:109} INFO - [2023-12-22 20:45:47,329] {dagbag.py:500} INFO - Filling up the DagBag from /opt/airflow/dags/first_dag.py
[2023-12-22 20:45:47,992] {processor.py:652} INFO - DAG(s) dict_keys(['s3_to_postgres_dag']) retrieved from /opt/airflow/dags/first_dag.py
[2023-12-22 20:45:48,006] {logging_mixin.py:109} INFO - [2023-12-22 20:45:48,006] {dag.py:2398} INFO - Sync 1 DAGs
[2023-12-22 20:45:48,019] {logging_mixin.py:109} INFO - [2023-12-22 20:45:48,019] {dag.py:2937} INFO - Setting next_dagrun for s3_to_postgres_dag to None
[2023-12-22 20:45:48,029] {processor.py:171} INFO - Processing /opt/airflow/dags/first_dag.py took 0.705 seconds
[2023-12-22 20:46:18,131] {processor.py:163} INFO - Started process (PID=812) to work on /opt/airflow/dags/first_dag.py
[2023-12-22 20:46:18,136] {processor.py:642} INFO - Processing file /opt/airflow/dags/first_dag.py for tasks to queue
[2023-12-22 20:46:18,137] {logging_mixin.py:109} INFO - [2023-12-22 20:46:18,137] {dagbag.py:500} INFO - Filling up the DagBag from /opt/airflow/dags/first_dag.py
[2023-12-22 20:46:19,006] {processor.py:652} INFO - DAG(s) dict_keys(['s3_to_postgres_dag']) retrieved from /opt/airflow/dags/first_dag.py
[2023-12-22 20:46:19,070] {logging_mixin.py:109} INFO - [2023-12-22 20:46:19,070] {dag.py:2398} INFO - Sync 1 DAGs
[2023-12-22 20:46:19,106] {logging_mixin.py:109} INFO - [2023-12-22 20:46:19,106] {dag.py:2937} INFO - Setting next_dagrun for s3_to_postgres_dag to None
[2023-12-22 20:46:19,245] {processor.py:171} INFO - Processing /opt/airflow/dags/first_dag.py took 1.117 seconds
[2023-12-22 20:46:49,919] {processor.py:163} INFO - Started process (PID=886) to work on /opt/airflow/dags/first_dag.py
[2023-12-22 20:46:49,940] {processor.py:642} INFO - Processing file /opt/airflow/dags/first_dag.py for tasks to queue
[2023-12-22 20:46:49,941] {logging_mixin.py:109} INFO - [2023-12-22 20:46:49,941] {dagbag.py:500} INFO - Filling up the DagBag from /opt/airflow/dags/first_dag.py
[2023-12-22 20:46:50,669] {processor.py:652} INFO - DAG(s) dict_keys(['s3_to_postgres_dag']) retrieved from /opt/airflow/dags/first_dag.py
[2023-12-22 20:46:50,684] {logging_mixin.py:109} INFO - [2023-12-22 20:46:50,684] {dag.py:2398} INFO - Sync 1 DAGs
[2023-12-22 20:46:50,697] {logging_mixin.py:109} INFO - [2023-12-22 20:46:50,697] {dag.py:2937} INFO - Setting next_dagrun for s3_to_postgres_dag to None
[2023-12-22 20:46:50,706] {processor.py:171} INFO - Processing /opt/airflow/dags/first_dag.py took 0.789 seconds
[2023-12-22 20:47:21,258] {processor.py:163} INFO - Started process (PID=950) to work on /opt/airflow/dags/first_dag.py
[2023-12-22 20:47:21,259] {processor.py:642} INFO - Processing file /opt/airflow/dags/first_dag.py for tasks to queue
[2023-12-22 20:47:21,260] {logging_mixin.py:109} INFO - [2023-12-22 20:47:21,260] {dagbag.py:500} INFO - Filling up the DagBag from /opt/airflow/dags/first_dag.py
[2023-12-22 20:47:22,014] {processor.py:652} INFO - DAG(s) dict_keys(['s3_to_postgres_dag']) retrieved from /opt/airflow/dags/first_dag.py
[2023-12-22 20:47:22,101] {logging_mixin.py:109} INFO - [2023-12-22 20:47:22,101] {dag.py:2398} INFO - Sync 1 DAGs
[2023-12-22 20:47:22,224] {logging_mixin.py:109} INFO - [2023-12-22 20:47:22,224] {dag.py:2937} INFO - Setting next_dagrun for s3_to_postgres_dag to None
[2023-12-22 20:47:22,387] {processor.py:171} INFO - Processing /opt/airflow/dags/first_dag.py took 1.131 seconds
[2023-12-22 20:47:52,456] {processor.py:163} INFO - Started process (PID=1025) to work on /opt/airflow/dags/first_dag.py
[2023-12-22 20:47:52,457] {processor.py:642} INFO - Processing file /opt/airflow/dags/first_dag.py for tasks to queue
[2023-12-22 20:47:52,457] {logging_mixin.py:109} INFO - [2023-12-22 20:47:52,457] {dagbag.py:500} INFO - Filling up the DagBag from /opt/airflow/dags/first_dag.py
[2023-12-22 20:47:53,030] {processor.py:652} INFO - DAG(s) dict_keys(['s3_to_postgres_dag']) retrieved from /opt/airflow/dags/first_dag.py
[2023-12-22 20:47:53,045] {logging_mixin.py:109} INFO - [2023-12-22 20:47:53,045] {dag.py:2398} INFO - Sync 1 DAGs
[2023-12-22 20:47:53,059] {logging_mixin.py:109} INFO - [2023-12-22 20:47:53,059] {dag.py:2937} INFO - Setting next_dagrun for s3_to_postgres_dag to None
[2023-12-22 20:47:53,071] {processor.py:171} INFO - Processing /opt/airflow/dags/first_dag.py took 0.618 seconds
[2023-12-22 20:48:23,202] {processor.py:163} INFO - Started process (PID=1091) to work on /opt/airflow/dags/first_dag.py
[2023-12-22 20:48:23,203] {processor.py:642} INFO - Processing file /opt/airflow/dags/first_dag.py for tasks to queue
[2023-12-22 20:48:23,203] {logging_mixin.py:109} INFO - [2023-12-22 20:48:23,203] {dagbag.py:500} INFO - Filling up the DagBag from /opt/airflow/dags/first_dag.py
[2023-12-22 20:48:23,807] {processor.py:652} INFO - DAG(s) dict_keys(['s3_to_postgres_dag']) retrieved from /opt/airflow/dags/first_dag.py
[2023-12-22 20:48:23,823] {logging_mixin.py:109} INFO - [2023-12-22 20:48:23,823] {dag.py:2398} INFO - Sync 1 DAGs
[2023-12-22 20:48:23,837] {logging_mixin.py:109} INFO - [2023-12-22 20:48:23,836] {dag.py:2937} INFO - Setting next_dagrun for s3_to_postgres_dag to None
[2023-12-22 20:48:23,847] {processor.py:171} INFO - Processing /opt/airflow/dags/first_dag.py took 0.648 seconds
[2023-12-22 20:48:54,334] {processor.py:163} INFO - Started process (PID=1166) to work on /opt/airflow/dags/first_dag.py
[2023-12-22 20:48:54,335] {processor.py:642} INFO - Processing file /opt/airflow/dags/first_dag.py for tasks to queue
[2023-12-22 20:48:54,336] {logging_mixin.py:109} INFO - [2023-12-22 20:48:54,336] {dagbag.py:500} INFO - Filling up the DagBag from /opt/airflow/dags/first_dag.py
[2023-12-22 20:48:55,066] {processor.py:652} INFO - DAG(s) dict_keys(['s3_to_postgres_dag']) retrieved from /opt/airflow/dags/first_dag.py
[2023-12-22 20:48:55,081] {logging_mixin.py:109} INFO - [2023-12-22 20:48:55,081] {dag.py:2398} INFO - Sync 1 DAGs
[2023-12-22 20:48:55,097] {logging_mixin.py:109} INFO - [2023-12-22 20:48:55,097] {dag.py:2937} INFO - Setting next_dagrun for s3_to_postgres_dag to None
[2023-12-22 20:48:55,107] {processor.py:171} INFO - Processing /opt/airflow/dags/first_dag.py took 0.776 seconds
[2023-12-22 20:49:25,390] {processor.py:163} INFO - Started process (PID=1242) to work on /opt/airflow/dags/first_dag.py
[2023-12-22 20:49:25,391] {processor.py:642} INFO - Processing file /opt/airflow/dags/first_dag.py for tasks to queue
[2023-12-22 20:49:25,392] {logging_mixin.py:109} INFO - [2023-12-22 20:49:25,392] {dagbag.py:500} INFO - Filling up the DagBag from /opt/airflow/dags/first_dag.py
[2023-12-22 20:49:26,030] {processor.py:652} INFO - DAG(s) dict_keys(['s3_to_postgres_dag']) retrieved from /opt/airflow/dags/first_dag.py
[2023-12-22 20:49:26,059] {logging_mixin.py:109} INFO - [2023-12-22 20:49:26,059] {dag.py:2398} INFO - Sync 1 DAGs
[2023-12-22 20:49:26,075] {logging_mixin.py:109} INFO - [2023-12-22 20:49:26,075] {dag.py:2937} INFO - Setting next_dagrun for s3_to_postgres_dag to None
[2023-12-22 20:49:26,086] {processor.py:171} INFO - Processing /opt/airflow/dags/first_dag.py took 0.699 seconds
[2023-12-22 20:49:56,218] {processor.py:163} INFO - Started process (PID=1308) to work on /opt/airflow/dags/first_dag.py
[2023-12-22 20:49:56,220] {processor.py:642} INFO - Processing file /opt/airflow/dags/first_dag.py for tasks to queue
[2023-12-22 20:49:56,221] {logging_mixin.py:109} INFO - [2023-12-22 20:49:56,221] {dagbag.py:500} INFO - Filling up the DagBag from /opt/airflow/dags/first_dag.py
[2023-12-22 20:49:56,889] {processor.py:652} INFO - DAG(s) dict_keys(['s3_to_postgres_dag']) retrieved from /opt/airflow/dags/first_dag.py
[2023-12-22 20:49:56,910] {logging_mixin.py:109} INFO - [2023-12-22 20:49:56,910] {dag.py:2398} INFO - Sync 1 DAGs
[2023-12-22 20:49:56,927] {logging_mixin.py:109} INFO - [2023-12-22 20:49:56,927] {dag.py:2937} INFO - Setting next_dagrun for s3_to_postgres_dag to None
[2023-12-22 20:49:56,936] {processor.py:171} INFO - Processing /opt/airflow/dags/first_dag.py took 0.720 seconds
[2023-12-22 20:50:27,382] {processor.py:163} INFO - Started process (PID=1382) to work on /opt/airflow/dags/first_dag.py
[2023-12-22 20:50:27,385] {processor.py:642} INFO - Processing file /opt/airflow/dags/first_dag.py for tasks to queue
[2023-12-22 20:50:27,386] {logging_mixin.py:109} INFO - [2023-12-22 20:50:27,386] {dagbag.py:500} INFO - Filling up the DagBag from /opt/airflow/dags/first_dag.py
[2023-12-22 20:50:27,937] {processor.py:652} INFO - DAG(s) dict_keys(['s3_to_postgres_dag']) retrieved from /opt/airflow/dags/first_dag.py
[2023-12-22 20:50:27,951] {logging_mixin.py:109} INFO - [2023-12-22 20:50:27,950] {dag.py:2398} INFO - Sync 1 DAGs
[2023-12-22 20:50:27,965] {logging_mixin.py:109} INFO - [2023-12-22 20:50:27,965] {dag.py:2937} INFO - Setting next_dagrun for s3_to_postgres_dag to None
[2023-12-22 20:50:27,975] {processor.py:171} INFO - Processing /opt/airflow/dags/first_dag.py took 0.596 seconds
[2023-12-22 20:50:58,424] {processor.py:163} INFO - Started process (PID=1445) to work on /opt/airflow/dags/first_dag.py
[2023-12-22 20:50:58,425] {processor.py:642} INFO - Processing file /opt/airflow/dags/first_dag.py for tasks to queue
[2023-12-22 20:50:58,425] {logging_mixin.py:109} INFO - [2023-12-22 20:50:58,425] {dagbag.py:500} INFO - Filling up the DagBag from /opt/airflow/dags/first_dag.py
[2023-12-22 20:50:58,999] {processor.py:652} INFO - DAG(s) dict_keys(['s3_to_postgres_dag']) retrieved from /opt/airflow/dags/first_dag.py
[2023-12-22 20:50:59,015] {logging_mixin.py:109} INFO - [2023-12-22 20:50:59,015] {dag.py:2398} INFO - Sync 1 DAGs
[2023-12-22 20:50:59,028] {logging_mixin.py:109} INFO - [2023-12-22 20:50:59,027] {dag.py:2937} INFO - Setting next_dagrun for s3_to_postgres_dag to None
[2023-12-22 20:50:59,058] {processor.py:171} INFO - Processing /opt/airflow/dags/first_dag.py took 0.638 seconds
[2023-12-22 20:51:29,898] {processor.py:163} INFO - Started process (PID=1520) to work on /opt/airflow/dags/first_dag.py
[2023-12-22 20:51:29,899] {processor.py:642} INFO - Processing file /opt/airflow/dags/first_dag.py for tasks to queue
[2023-12-22 20:51:29,899] {logging_mixin.py:109} INFO - [2023-12-22 20:51:29,899] {dagbag.py:500} INFO - Filling up the DagBag from /opt/airflow/dags/first_dag.py
[2023-12-22 20:51:30,467] {processor.py:652} INFO - DAG(s) dict_keys(['s3_to_postgres_dag']) retrieved from /opt/airflow/dags/first_dag.py
[2023-12-22 20:51:30,478] {logging_mixin.py:109} INFO - [2023-12-22 20:51:30,478] {dag.py:2398} INFO - Sync 1 DAGs
[2023-12-22 20:51:30,488] {logging_mixin.py:109} INFO - [2023-12-22 20:51:30,488] {dag.py:2937} INFO - Setting next_dagrun for s3_to_postgres_dag to None
[2023-12-22 20:51:30,516] {processor.py:171} INFO - Processing /opt/airflow/dags/first_dag.py took 0.620 seconds
[2023-12-22 20:52:00,628] {processor.py:163} INFO - Started process (PID=1596) to work on /opt/airflow/dags/first_dag.py
[2023-12-22 20:52:00,630] {processor.py:642} INFO - Processing file /opt/airflow/dags/first_dag.py for tasks to queue
[2023-12-22 20:52:00,631] {logging_mixin.py:109} INFO - [2023-12-22 20:52:00,631] {dagbag.py:500} INFO - Filling up the DagBag from /opt/airflow/dags/first_dag.py
[2023-12-22 20:52:01,224] {processor.py:652} INFO - DAG(s) dict_keys(['s3_to_postgres_dag']) retrieved from /opt/airflow/dags/first_dag.py
[2023-12-22 20:52:01,238] {logging_mixin.py:109} INFO - [2023-12-22 20:52:01,237] {dag.py:2398} INFO - Sync 1 DAGs
[2023-12-22 20:52:01,253] {logging_mixin.py:109} INFO - [2023-12-22 20:52:01,253] {dag.py:2937} INFO - Setting next_dagrun for s3_to_postgres_dag to None
[2023-12-22 20:52:01,261] {processor.py:171} INFO - Processing /opt/airflow/dags/first_dag.py took 0.636 seconds
[2023-12-22 20:52:31,315] {processor.py:163} INFO - Started process (PID=1659) to work on /opt/airflow/dags/first_dag.py
[2023-12-22 20:52:31,317] {processor.py:642} INFO - Processing file /opt/airflow/dags/first_dag.py for tasks to queue
[2023-12-22 20:52:31,317] {logging_mixin.py:109} INFO - [2023-12-22 20:52:31,317] {dagbag.py:500} INFO - Filling up the DagBag from /opt/airflow/dags/first_dag.py
[2023-12-22 20:52:32,062] {processor.py:652} INFO - DAG(s) dict_keys(['s3_to_postgres_dag']) retrieved from /opt/airflow/dags/first_dag.py
[2023-12-22 20:52:32,076] {logging_mixin.py:109} INFO - [2023-12-22 20:52:32,076] {dag.py:2398} INFO - Sync 1 DAGs
[2023-12-22 20:52:32,089] {logging_mixin.py:109} INFO - [2023-12-22 20:52:32,089] {dag.py:2937} INFO - Setting next_dagrun for s3_to_postgres_dag to None
[2023-12-22 20:52:32,098] {processor.py:171} INFO - Processing /opt/airflow/dags/first_dag.py took 0.786 seconds
[2023-12-22 20:53:02,250] {processor.py:163} INFO - Started process (PID=1731) to work on /opt/airflow/dags/first_dag.py
[2023-12-22 20:53:02,251] {processor.py:642} INFO - Processing file /opt/airflow/dags/first_dag.py for tasks to queue
[2023-12-22 20:53:02,253] {logging_mixin.py:109} INFO - [2023-12-22 20:53:02,252] {dagbag.py:500} INFO - Filling up the DagBag from /opt/airflow/dags/first_dag.py
[2023-12-22 20:53:02,935] {processor.py:652} INFO - DAG(s) dict_keys(['s3_to_postgres_dag']) retrieved from /opt/airflow/dags/first_dag.py
[2023-12-22 20:53:02,958] {logging_mixin.py:109} INFO - [2023-12-22 20:53:02,958] {dag.py:2398} INFO - Sync 1 DAGs
[2023-12-22 20:53:02,980] {logging_mixin.py:109} INFO - [2023-12-22 20:53:02,980] {dag.py:2937} INFO - Setting next_dagrun for s3_to_postgres_dag to None
[2023-12-22 20:53:02,996] {processor.py:171} INFO - Processing /opt/airflow/dags/first_dag.py took 0.749 seconds
[2023-12-22 20:53:33,853] {processor.py:163} INFO - Started process (PID=1800) to work on /opt/airflow/dags/first_dag.py
[2023-12-22 20:53:33,854] {processor.py:642} INFO - Processing file /opt/airflow/dags/first_dag.py for tasks to queue
[2023-12-22 20:53:33,854] {logging_mixin.py:109} INFO - [2023-12-22 20:53:33,854] {dagbag.py:500} INFO - Filling up the DagBag from /opt/airflow/dags/first_dag.py
[2023-12-22 20:53:34,387] {processor.py:652} INFO - DAG(s) dict_keys(['s3_to_postgres_dag']) retrieved from /opt/airflow/dags/first_dag.py
[2023-12-22 20:53:34,400] {logging_mixin.py:109} INFO - [2023-12-22 20:53:34,400] {dag.py:2398} INFO - Sync 1 DAGs
[2023-12-22 20:53:34,412] {logging_mixin.py:109} INFO - [2023-12-22 20:53:34,412] {dag.py:2937} INFO - Setting next_dagrun for s3_to_postgres_dag to None
[2023-12-22 20:53:34,440] {processor.py:171} INFO - Processing /opt/airflow/dags/first_dag.py took 0.590 seconds
[2023-12-22 20:54:05,137] {processor.py:163} INFO - Started process (PID=1874) to work on /opt/airflow/dags/first_dag.py
[2023-12-22 20:54:05,139] {processor.py:642} INFO - Processing file /opt/airflow/dags/first_dag.py for tasks to queue
[2023-12-22 20:54:05,141] {logging_mixin.py:109} INFO - [2023-12-22 20:54:05,140] {dagbag.py:500} INFO - Filling up the DagBag from /opt/airflow/dags/first_dag.py
[2023-12-22 20:54:05,738] {processor.py:652} INFO - DAG(s) dict_keys(['s3_to_postgres_dag']) retrieved from /opt/airflow/dags/first_dag.py
[2023-12-22 20:54:05,764] {logging_mixin.py:109} INFO - [2023-12-22 20:54:05,764] {dag.py:2398} INFO - Sync 1 DAGs
[2023-12-22 20:54:05,779] {logging_mixin.py:109} INFO - [2023-12-22 20:54:05,779] {dag.py:2937} INFO - Setting next_dagrun for s3_to_postgres_dag to None
[2023-12-22 20:54:05,790] {processor.py:171} INFO - Processing /opt/airflow/dags/first_dag.py took 0.657 seconds
[2023-12-22 20:54:36,193] {processor.py:163} INFO - Started process (PID=1937) to work on /opt/airflow/dags/first_dag.py
[2023-12-22 20:54:36,194] {processor.py:642} INFO - Processing file /opt/airflow/dags/first_dag.py for tasks to queue
[2023-12-22 20:54:36,195] {logging_mixin.py:109} INFO - [2023-12-22 20:54:36,195] {dagbag.py:500} INFO - Filling up the DagBag from /opt/airflow/dags/first_dag.py
[2023-12-22 20:54:36,773] {processor.py:652} INFO - DAG(s) dict_keys(['s3_to_postgres_dag']) retrieved from /opt/airflow/dags/first_dag.py
[2023-12-22 20:54:36,786] {logging_mixin.py:109} INFO - [2023-12-22 20:54:36,786] {dag.py:2398} INFO - Sync 1 DAGs
[2023-12-22 20:54:36,802] {logging_mixin.py:109} INFO - [2023-12-22 20:54:36,802] {dag.py:2937} INFO - Setting next_dagrun for s3_to_postgres_dag to None
[2023-12-22 20:54:36,810] {processor.py:171} INFO - Processing /opt/airflow/dags/first_dag.py took 0.619 seconds
[2023-12-22 20:55:06,863] {processor.py:163} INFO - Started process (PID=2012) to work on /opt/airflow/dags/first_dag.py
[2023-12-22 20:55:06,865] {processor.py:642} INFO - Processing file /opt/airflow/dags/first_dag.py for tasks to queue
[2023-12-22 20:55:06,866] {logging_mixin.py:109} INFO - [2023-12-22 20:55:06,866] {dagbag.py:500} INFO - Filling up the DagBag from /opt/airflow/dags/first_dag.py
[2023-12-22 20:55:07,494] {processor.py:652} INFO - DAG(s) dict_keys(['s3_to_postgres_dag']) retrieved from /opt/airflow/dags/first_dag.py
[2023-12-22 20:55:07,510] {logging_mixin.py:109} INFO - [2023-12-22 20:55:07,510] {dag.py:2398} INFO - Sync 1 DAGs
[2023-12-22 20:55:07,524] {logging_mixin.py:109} INFO - [2023-12-22 20:55:07,524] {dag.py:2937} INFO - Setting next_dagrun for s3_to_postgres_dag to None
[2023-12-22 20:55:07,556] {processor.py:171} INFO - Processing /opt/airflow/dags/first_dag.py took 0.695 seconds
[2023-12-22 20:55:37,592] {processor.py:163} INFO - Started process (PID=2080) to work on /opt/airflow/dags/first_dag.py
[2023-12-22 20:55:37,593] {processor.py:642} INFO - Processing file /opt/airflow/dags/first_dag.py for tasks to queue
[2023-12-22 20:55:37,594] {logging_mixin.py:109} INFO - [2023-12-22 20:55:37,594] {dagbag.py:500} INFO - Filling up the DagBag from /opt/airflow/dags/first_dag.py
[2023-12-22 20:55:38,238] {processor.py:652} INFO - DAG(s) dict_keys(['s3_to_postgres_dag']) retrieved from /opt/airflow/dags/first_dag.py
[2023-12-22 20:55:38,257] {logging_mixin.py:109} INFO - [2023-12-22 20:55:38,257] {dag.py:2398} INFO - Sync 1 DAGs
[2023-12-22 20:55:38,271] {logging_mixin.py:109} INFO - [2023-12-22 20:55:38,271] {dag.py:2937} INFO - Setting next_dagrun for s3_to_postgres_dag to None
[2023-12-22 20:55:38,282] {processor.py:171} INFO - Processing /opt/airflow/dags/first_dag.py took 0.703 seconds
[2023-12-22 20:56:08,905] {processor.py:163} INFO - Started process (PID=2152) to work on /opt/airflow/dags/first_dag.py
[2023-12-22 20:56:08,906] {processor.py:642} INFO - Processing file /opt/airflow/dags/first_dag.py for tasks to queue
[2023-12-22 20:56:08,907] {logging_mixin.py:109} INFO - [2023-12-22 20:56:08,907] {dagbag.py:500} INFO - Filling up the DagBag from /opt/airflow/dags/first_dag.py
[2023-12-22 20:56:09,564] {processor.py:652} INFO - DAG(s) dict_keys(['s3_to_postgres_dag']) retrieved from /opt/airflow/dags/first_dag.py
[2023-12-22 20:56:09,582] {logging_mixin.py:109} INFO - [2023-12-22 20:56:09,582] {dag.py:2398} INFO - Sync 1 DAGs
[2023-12-22 20:56:09,594] {logging_mixin.py:109} INFO - [2023-12-22 20:56:09,594] {dag.py:2937} INFO - Setting next_dagrun for s3_to_postgres_dag to None
[2023-12-22 20:56:09,628] {processor.py:171} INFO - Processing /opt/airflow/dags/first_dag.py took 0.725 seconds
[2023-12-22 20:56:40,119] {processor.py:163} INFO - Started process (PID=2224) to work on /opt/airflow/dags/first_dag.py
[2023-12-22 20:56:40,120] {processor.py:642} INFO - Processing file /opt/airflow/dags/first_dag.py for tasks to queue
[2023-12-22 20:56:40,121] {logging_mixin.py:109} INFO - [2023-12-22 20:56:40,121] {dagbag.py:500} INFO - Filling up the DagBag from /opt/airflow/dags/first_dag.py
[2023-12-22 20:56:40,703] {processor.py:652} INFO - DAG(s) dict_keys(['s3_to_postgres_dag']) retrieved from /opt/airflow/dags/first_dag.py
[2023-12-22 20:56:40,721] {logging_mixin.py:109} INFO - [2023-12-22 20:56:40,721] {dag.py:2398} INFO - Sync 1 DAGs
[2023-12-22 20:56:40,740] {logging_mixin.py:109} INFO - [2023-12-22 20:56:40,740] {dag.py:2937} INFO - Setting next_dagrun for s3_to_postgres_dag to None
[2023-12-22 20:56:40,752] {processor.py:171} INFO - Processing /opt/airflow/dags/first_dag.py took 0.635 seconds
[2023-12-22 20:57:10,993] {processor.py:163} INFO - Started process (PID=2289) to work on /opt/airflow/dags/first_dag.py
[2023-12-22 20:57:10,995] {processor.py:642} INFO - Processing file /opt/airflow/dags/first_dag.py for tasks to queue
[2023-12-22 20:57:10,996] {logging_mixin.py:109} INFO - [2023-12-22 20:57:10,996] {dagbag.py:500} INFO - Filling up the DagBag from /opt/airflow/dags/first_dag.py
[2023-12-22 20:57:11,615] {processor.py:652} INFO - DAG(s) dict_keys(['s3_to_postgres_dag']) retrieved from /opt/airflow/dags/first_dag.py
[2023-12-22 20:57:11,644] {logging_mixin.py:109} INFO - [2023-12-22 20:57:11,644] {dag.py:2398} INFO - Sync 1 DAGs
[2023-12-22 20:57:11,657] {logging_mixin.py:109} INFO - [2023-12-22 20:57:11,657] {dag.py:2937} INFO - Setting next_dagrun for s3_to_postgres_dag to None
[2023-12-22 20:57:11,670] {processor.py:171} INFO - Processing /opt/airflow/dags/first_dag.py took 0.680 seconds
[2023-12-22 20:57:42,547] {processor.py:163} INFO - Started process (PID=2363) to work on /opt/airflow/dags/first_dag.py
[2023-12-22 20:57:42,548] {processor.py:642} INFO - Processing file /opt/airflow/dags/first_dag.py for tasks to queue
[2023-12-22 20:57:42,549] {logging_mixin.py:109} INFO - [2023-12-22 20:57:42,549] {dagbag.py:500} INFO - Filling up the DagBag from /opt/airflow/dags/first_dag.py
[2023-12-22 20:57:43,237] {processor.py:652} INFO - DAG(s) dict_keys(['s3_to_postgres_dag']) retrieved from /opt/airflow/dags/first_dag.py
[2023-12-22 20:57:43,254] {logging_mixin.py:109} INFO - [2023-12-22 20:57:43,254] {dag.py:2398} INFO - Sync 1 DAGs
[2023-12-22 20:57:43,269] {logging_mixin.py:109} INFO - [2023-12-22 20:57:43,269] {dag.py:2937} INFO - Setting next_dagrun for s3_to_postgres_dag to None
[2023-12-22 20:57:43,298] {processor.py:171} INFO - Processing /opt/airflow/dags/first_dag.py took 0.755 seconds
[2023-12-22 20:58:13,634] {processor.py:163} INFO - Started process (PID=2427) to work on /opt/airflow/dags/first_dag.py
[2023-12-22 20:58:13,636] {processor.py:642} INFO - Processing file /opt/airflow/dags/first_dag.py for tasks to queue
[2023-12-22 20:58:13,637] {logging_mixin.py:109} INFO - [2023-12-22 20:58:13,637] {dagbag.py:500} INFO - Filling up the DagBag from /opt/airflow/dags/first_dag.py
[2023-12-22 20:58:14,549] {processor.py:652} INFO - DAG(s) dict_keys(['s3_to_postgres_dag']) retrieved from /opt/airflow/dags/first_dag.py
[2023-12-22 20:58:14,576] {logging_mixin.py:109} INFO - [2023-12-22 20:58:14,575] {dag.py:2398} INFO - Sync 1 DAGs
[2023-12-22 20:58:14,598] {logging_mixin.py:109} INFO - [2023-12-22 20:58:14,597] {dag.py:2937} INFO - Setting next_dagrun for s3_to_postgres_dag to None
[2023-12-22 20:58:14,635] {processor.py:171} INFO - Processing /opt/airflow/dags/first_dag.py took 1.008 seconds
[2023-12-22 20:58:45,094] {processor.py:163} INFO - Started process (PID=2499) to work on /opt/airflow/dags/first_dag.py
[2023-12-22 20:58:45,097] {processor.py:642} INFO - Processing file /opt/airflow/dags/first_dag.py for tasks to queue
[2023-12-22 20:58:45,098] {logging_mixin.py:109} INFO - [2023-12-22 20:58:45,098] {dagbag.py:500} INFO - Filling up the DagBag from /opt/airflow/dags/first_dag.py
[2023-12-22 20:58:46,266] {processor.py:652} INFO - DAG(s) dict_keys(['s3_to_postgres_dag']) retrieved from /opt/airflow/dags/first_dag.py
[2023-12-22 20:58:46,295] {logging_mixin.py:109} INFO - [2023-12-22 20:58:46,294] {dag.py:2398} INFO - Sync 1 DAGs
[2023-12-22 20:58:46,321] {logging_mixin.py:109} INFO - [2023-12-22 20:58:46,321] {dag.py:2937} INFO - Setting next_dagrun for s3_to_postgres_dag to None
[2023-12-22 20:58:46,336] {processor.py:171} INFO - Processing /opt/airflow/dags/first_dag.py took 1.249 seconds
[2023-12-22 20:59:17,373] {processor.py:163} INFO - Started process (PID=2564) to work on /opt/airflow/dags/first_dag.py
[2023-12-22 20:59:17,376] {processor.py:642} INFO - Processing file /opt/airflow/dags/first_dag.py for tasks to queue
[2023-12-22 20:59:17,377] {logging_mixin.py:109} INFO - [2023-12-22 20:59:17,377] {dagbag.py:500} INFO - Filling up the DagBag from /opt/airflow/dags/first_dag.py
[2023-12-22 20:59:18,712] {processor.py:652} INFO - DAG(s) dict_keys(['s3_to_postgres_dag']) retrieved from /opt/airflow/dags/first_dag.py
[2023-12-22 20:59:18,754] {logging_mixin.py:109} INFO - [2023-12-22 20:59:18,754] {dag.py:2398} INFO - Sync 1 DAGs
[2023-12-22 20:59:18,784] {logging_mixin.py:109} INFO - [2023-12-22 20:59:18,784] {dag.py:2937} INFO - Setting next_dagrun for s3_to_postgres_dag to None
[2023-12-22 20:59:18,807] {processor.py:171} INFO - Processing /opt/airflow/dags/first_dag.py took 1.438 seconds
[2023-12-22 20:59:49,730] {processor.py:163} INFO - Started process (PID=2628) to work on /opt/airflow/dags/first_dag.py
[2023-12-22 20:59:49,735] {processor.py:642} INFO - Processing file /opt/airflow/dags/first_dag.py for tasks to queue
[2023-12-22 20:59:49,737] {logging_mixin.py:109} INFO - [2023-12-22 20:59:49,736] {dagbag.py:500} INFO - Filling up the DagBag from /opt/airflow/dags/first_dag.py
[2023-12-22 20:59:51,295] {processor.py:652} INFO - DAG(s) dict_keys(['s3_to_postgres_dag']) retrieved from /opt/airflow/dags/first_dag.py
[2023-12-22 20:59:51,368] {logging_mixin.py:109} INFO - [2023-12-22 20:59:51,368] {dag.py:2398} INFO - Sync 1 DAGs
[2023-12-22 20:59:51,395] {logging_mixin.py:109} INFO - [2023-12-22 20:59:51,395] {dag.py:2937} INFO - Setting next_dagrun for s3_to_postgres_dag to None
[2023-12-22 20:59:51,413] {processor.py:171} INFO - Processing /opt/airflow/dags/first_dag.py took 1.693 seconds
[2023-12-22 21:00:22,162] {processor.py:163} INFO - Started process (PID=2692) to work on /opt/airflow/dags/first_dag.py
[2023-12-22 21:00:22,166] {processor.py:642} INFO - Processing file /opt/airflow/dags/first_dag.py for tasks to queue
[2023-12-22 21:00:22,172] {logging_mixin.py:109} INFO - [2023-12-22 21:00:22,172] {dagbag.py:500} INFO - Filling up the DagBag from /opt/airflow/dags/first_dag.py
[2023-12-22 21:00:23,360] {processor.py:652} INFO - DAG(s) dict_keys(['s3_to_postgres_dag']) retrieved from /opt/airflow/dags/first_dag.py
[2023-12-22 21:00:23,395] {logging_mixin.py:109} INFO - [2023-12-22 21:00:23,395] {dag.py:2398} INFO - Sync 1 DAGs
[2023-12-22 21:00:23,425] {logging_mixin.py:109} INFO - [2023-12-22 21:00:23,425] {dag.py:2937} INFO - Setting next_dagrun for s3_to_postgres_dag to None
[2023-12-22 21:00:23,444] {processor.py:171} INFO - Processing /opt/airflow/dags/first_dag.py took 1.287 seconds
[2023-12-22 21:00:53,757] {processor.py:163} INFO - Started process (PID=2756) to work on /opt/airflow/dags/first_dag.py
[2023-12-22 21:00:53,759] {processor.py:642} INFO - Processing file /opt/airflow/dags/first_dag.py for tasks to queue
[2023-12-22 21:00:53,760] {logging_mixin.py:109} INFO - [2023-12-22 21:00:53,759] {dagbag.py:500} INFO - Filling up the DagBag from /opt/airflow/dags/first_dag.py
[2023-12-22 21:00:54,524] {processor.py:652} INFO - DAG(s) dict_keys(['s3_to_postgres_dag']) retrieved from /opt/airflow/dags/first_dag.py
[2023-12-22 21:00:54,543] {logging_mixin.py:109} INFO - [2023-12-22 21:00:54,543] {dag.py:2398} INFO - Sync 1 DAGs
[2023-12-22 21:00:54,564] {logging_mixin.py:109} INFO - [2023-12-22 21:00:54,564] {dag.py:2937} INFO - Setting next_dagrun for s3_to_postgres_dag to None
[2023-12-22 21:00:54,577] {processor.py:171} INFO - Processing /opt/airflow/dags/first_dag.py took 0.823 seconds
[2023-12-22 21:01:24,982] {processor.py:163} INFO - Started process (PID=2830) to work on /opt/airflow/dags/first_dag.py
[2023-12-22 21:01:24,984] {processor.py:642} INFO - Processing file /opt/airflow/dags/first_dag.py for tasks to queue
[2023-12-22 21:01:24,987] {logging_mixin.py:109} INFO - [2023-12-22 21:01:24,986] {dagbag.py:500} INFO - Filling up the DagBag from /opt/airflow/dags/first_dag.py
[2023-12-22 21:01:25,996] {processor.py:652} INFO - DAG(s) dict_keys(['s3_to_postgres_dag']) retrieved from /opt/airflow/dags/first_dag.py
[2023-12-22 21:01:26,029] {logging_mixin.py:109} INFO - [2023-12-22 21:01:26,029] {dag.py:2398} INFO - Sync 1 DAGs
[2023-12-22 21:01:26,081] {logging_mixin.py:109} INFO - [2023-12-22 21:01:26,081] {dag.py:2937} INFO - Setting next_dagrun for s3_to_postgres_dag to None
[2023-12-22 21:01:26,103] {processor.py:171} INFO - Processing /opt/airflow/dags/first_dag.py took 1.124 seconds
[2023-12-22 21:01:56,162] {processor.py:163} INFO - Started process (PID=2894) to work on /opt/airflow/dags/first_dag.py
[2023-12-22 21:01:56,164] {processor.py:642} INFO - Processing file /opt/airflow/dags/first_dag.py for tasks to queue
[2023-12-22 21:01:56,165] {logging_mixin.py:109} INFO - [2023-12-22 21:01:56,165] {dagbag.py:500} INFO - Filling up the DagBag from /opt/airflow/dags/first_dag.py
[2023-12-22 21:01:56,938] {processor.py:652} INFO - DAG(s) dict_keys(['s3_to_postgres_dag']) retrieved from /opt/airflow/dags/first_dag.py
[2023-12-22 21:01:56,954] {logging_mixin.py:109} INFO - [2023-12-22 21:01:56,954] {dag.py:2398} INFO - Sync 1 DAGs
[2023-12-22 21:01:56,969] {logging_mixin.py:109} INFO - [2023-12-22 21:01:56,969] {dag.py:2937} INFO - Setting next_dagrun for s3_to_postgres_dag to None
[2023-12-22 21:01:56,980] {processor.py:171} INFO - Processing /opt/airflow/dags/first_dag.py took 0.821 seconds
[2023-12-22 21:02:27,783] {processor.py:163} INFO - Started process (PID=2969) to work on /opt/airflow/dags/first_dag.py
[2023-12-22 21:02:27,785] {processor.py:642} INFO - Processing file /opt/airflow/dags/first_dag.py for tasks to queue
[2023-12-22 21:02:27,786] {logging_mixin.py:109} INFO - [2023-12-22 21:02:27,786] {dagbag.py:500} INFO - Filling up the DagBag from /opt/airflow/dags/first_dag.py
[2023-12-22 21:02:28,433] {processor.py:652} INFO - DAG(s) dict_keys(['s3_to_postgres_dag']) retrieved from /opt/airflow/dags/first_dag.py
[2023-12-22 21:02:28,447] {logging_mixin.py:109} INFO - [2023-12-22 21:02:28,447] {dag.py:2398} INFO - Sync 1 DAGs
[2023-12-22 21:02:28,460] {logging_mixin.py:109} INFO - [2023-12-22 21:02:28,460] {dag.py:2937} INFO - Setting next_dagrun for s3_to_postgres_dag to None
[2023-12-22 21:02:28,468] {processor.py:171} INFO - Processing /opt/airflow/dags/first_dag.py took 0.688 seconds
[2023-12-22 21:02:58,550] {processor.py:163} INFO - Started process (PID=3033) to work on /opt/airflow/dags/first_dag.py
[2023-12-22 21:02:58,551] {processor.py:642} INFO - Processing file /opt/airflow/dags/first_dag.py for tasks to queue
[2023-12-22 21:02:58,552] {logging_mixin.py:109} INFO - [2023-12-22 21:02:58,552] {dagbag.py:500} INFO - Filling up the DagBag from /opt/airflow/dags/first_dag.py
[2023-12-22 21:02:59,115] {processor.py:652} INFO - DAG(s) dict_keys(['s3_to_postgres_dag']) retrieved from /opt/airflow/dags/first_dag.py
[2023-12-22 21:02:59,126] {logging_mixin.py:109} INFO - [2023-12-22 21:02:59,126] {dag.py:2398} INFO - Sync 1 DAGs
[2023-12-22 21:02:59,138] {logging_mixin.py:109} INFO - [2023-12-22 21:02:59,138] {dag.py:2937} INFO - Setting next_dagrun for s3_to_postgres_dag to None
[2023-12-22 21:02:59,147] {processor.py:171} INFO - Processing /opt/airflow/dags/first_dag.py took 0.600 seconds
[2023-12-22 21:03:29,204] {processor.py:163} INFO - Started process (PID=3111) to work on /opt/airflow/dags/first_dag.py
[2023-12-22 21:03:29,205] {processor.py:642} INFO - Processing file /opt/airflow/dags/first_dag.py for tasks to queue
[2023-12-22 21:03:29,206] {logging_mixin.py:109} INFO - [2023-12-22 21:03:29,206] {dagbag.py:500} INFO - Filling up the DagBag from /opt/airflow/dags/first_dag.py
[2023-12-22 21:03:29,800] {processor.py:652} INFO - DAG(s) dict_keys(['s3_to_postgres_dag']) retrieved from /opt/airflow/dags/first_dag.py
[2023-12-22 21:03:29,817] {logging_mixin.py:109} INFO - [2023-12-22 21:03:29,817] {dag.py:2398} INFO - Sync 1 DAGs
[2023-12-22 21:03:29,832] {logging_mixin.py:109} INFO - [2023-12-22 21:03:29,832] {dag.py:2937} INFO - Setting next_dagrun for s3_to_postgres_dag to None
[2023-12-22 21:03:29,846] {processor.py:171} INFO - Processing /opt/airflow/dags/first_dag.py took 0.644 seconds
[2023-12-22 21:04:00,523] {processor.py:163} INFO - Started process (PID=3174) to work on /opt/airflow/dags/first_dag.py
[2023-12-22 21:04:00,525] {processor.py:642} INFO - Processing file /opt/airflow/dags/first_dag.py for tasks to queue
[2023-12-22 21:04:00,527] {logging_mixin.py:109} INFO - [2023-12-22 21:04:00,526] {dagbag.py:500} INFO - Filling up the DagBag from /opt/airflow/dags/first_dag.py
[2023-12-22 21:04:01,155] {processor.py:652} INFO - DAG(s) dict_keys(['s3_to_postgres_dag']) retrieved from /opt/airflow/dags/first_dag.py
[2023-12-22 21:04:01,173] {logging_mixin.py:109} INFO - [2023-12-22 21:04:01,173] {dag.py:2398} INFO - Sync 1 DAGs
[2023-12-22 21:04:01,186] {logging_mixin.py:109} INFO - [2023-12-22 21:04:01,186] {dag.py:2937} INFO - Setting next_dagrun for s3_to_postgres_dag to None
[2023-12-22 21:04:01,196] {processor.py:171} INFO - Processing /opt/airflow/dags/first_dag.py took 0.676 seconds
[2023-12-22 21:04:31,747] {processor.py:163} INFO - Started process (PID=3249) to work on /opt/airflow/dags/first_dag.py
[2023-12-22 21:04:31,748] {processor.py:642} INFO - Processing file /opt/airflow/dags/first_dag.py for tasks to queue
[2023-12-22 21:04:31,749] {logging_mixin.py:109} INFO - [2023-12-22 21:04:31,749] {dagbag.py:500} INFO - Filling up the DagBag from /opt/airflow/dags/first_dag.py
[2023-12-22 21:04:32,284] {processor.py:652} INFO - DAG(s) dict_keys(['s3_to_postgres_dag']) retrieved from /opt/airflow/dags/first_dag.py
[2023-12-22 21:04:32,300] {logging_mixin.py:109} INFO - [2023-12-22 21:04:32,299] {dag.py:2398} INFO - Sync 1 DAGs
[2023-12-22 21:04:32,314] {logging_mixin.py:109} INFO - [2023-12-22 21:04:32,314] {dag.py:2937} INFO - Setting next_dagrun for s3_to_postgres_dag to None
[2023-12-22 21:04:32,343] {processor.py:171} INFO - Processing /opt/airflow/dags/first_dag.py took 0.598 seconds
[2023-12-22 21:05:03,134] {processor.py:163} INFO - Started process (PID=3323) to work on /opt/airflow/dags/first_dag.py
[2023-12-22 21:05:03,135] {processor.py:642} INFO - Processing file /opt/airflow/dags/first_dag.py for tasks to queue
[2023-12-22 21:05:03,135] {logging_mixin.py:109} INFO - [2023-12-22 21:05:03,135] {dagbag.py:500} INFO - Filling up the DagBag from /opt/airflow/dags/first_dag.py
[2023-12-22 21:05:03,663] {processor.py:652} INFO - DAG(s) dict_keys(['s3_to_postgres_dag']) retrieved from /opt/airflow/dags/first_dag.py
[2023-12-22 21:05:03,676] {logging_mixin.py:109} INFO - [2023-12-22 21:05:03,675] {dag.py:2398} INFO - Sync 1 DAGs
[2023-12-22 21:05:03,689] {logging_mixin.py:109} INFO - [2023-12-22 21:05:03,689] {dag.py:2937} INFO - Setting next_dagrun for s3_to_postgres_dag to None
[2023-12-22 21:05:03,718] {processor.py:171} INFO - Processing /opt/airflow/dags/first_dag.py took 0.586 seconds
[2023-12-22 21:05:34,436] {processor.py:163} INFO - Started process (PID=3387) to work on /opt/airflow/dags/first_dag.py
[2023-12-22 21:05:34,438] {processor.py:642} INFO - Processing file /opt/airflow/dags/first_dag.py for tasks to queue
[2023-12-22 21:05:34,439] {logging_mixin.py:109} INFO - [2023-12-22 21:05:34,439] {dagbag.py:500} INFO - Filling up the DagBag from /opt/airflow/dags/first_dag.py
[2023-12-22 21:05:34,966] {processor.py:652} INFO - DAG(s) dict_keys(['s3_to_postgres_dag']) retrieved from /opt/airflow/dags/first_dag.py
[2023-12-22 21:05:34,982] {logging_mixin.py:109} INFO - [2023-12-22 21:05:34,982] {dag.py:2398} INFO - Sync 1 DAGs
[2023-12-22 21:05:35,001] {logging_mixin.py:109} INFO - [2023-12-22 21:05:35,001] {dag.py:2937} INFO - Setting next_dagrun for s3_to_postgres_dag to None
[2023-12-22 21:05:35,015] {processor.py:171} INFO - Processing /opt/airflow/dags/first_dag.py took 0.581 seconds
[2023-12-22 21:06:05,764] {processor.py:163} INFO - Started process (PID=3461) to work on /opt/airflow/dags/first_dag.py
[2023-12-22 21:06:05,767] {processor.py:642} INFO - Processing file /opt/airflow/dags/first_dag.py for tasks to queue
[2023-12-22 21:06:05,768] {logging_mixin.py:109} INFO - [2023-12-22 21:06:05,768] {dagbag.py:500} INFO - Filling up the DagBag from /opt/airflow/dags/first_dag.py
[2023-12-22 21:06:06,352] {processor.py:652} INFO - DAG(s) dict_keys(['s3_to_postgres_dag']) retrieved from /opt/airflow/dags/first_dag.py
[2023-12-22 21:06:06,365] {logging_mixin.py:109} INFO - [2023-12-22 21:06:06,365] {dag.py:2398} INFO - Sync 1 DAGs
[2023-12-22 21:06:06,377] {logging_mixin.py:109} INFO - [2023-12-22 21:06:06,377] {dag.py:2937} INFO - Setting next_dagrun for s3_to_postgres_dag to None
[2023-12-22 21:06:06,409] {processor.py:171} INFO - Processing /opt/airflow/dags/first_dag.py took 0.649 seconds
[2023-12-22 21:06:37,065] {processor.py:163} INFO - Started process (PID=3536) to work on /opt/airflow/dags/first_dag.py
[2023-12-22 21:06:37,066] {processor.py:642} INFO - Processing file /opt/airflow/dags/first_dag.py for tasks to queue
[2023-12-22 21:06:37,066] {logging_mixin.py:109} INFO - [2023-12-22 21:06:37,066] {dagbag.py:500} INFO - Filling up the DagBag from /opt/airflow/dags/first_dag.py
[2023-12-22 21:06:37,660] {processor.py:652} INFO - DAG(s) dict_keys(['s3_to_postgres_dag']) retrieved from /opt/airflow/dags/first_dag.py
[2023-12-22 21:06:37,677] {logging_mixin.py:109} INFO - [2023-12-22 21:06:37,677] {dag.py:2398} INFO - Sync 1 DAGs
[2023-12-22 21:06:37,694] {logging_mixin.py:109} INFO - [2023-12-22 21:06:37,694] {dag.py:2937} INFO - Setting next_dagrun for s3_to_postgres_dag to None
[2023-12-22 21:06:37,724] {processor.py:171} INFO - Processing /opt/airflow/dags/first_dag.py took 0.662 seconds
[2023-12-22 21:07:08,250] {processor.py:163} INFO - Started process (PID=3600) to work on /opt/airflow/dags/first_dag.py
[2023-12-22 21:07:08,251] {processor.py:642} INFO - Processing file /opt/airflow/dags/first_dag.py for tasks to queue
[2023-12-22 21:07:08,252] {logging_mixin.py:109} INFO - [2023-12-22 21:07:08,252] {dagbag.py:500} INFO - Filling up the DagBag from /opt/airflow/dags/first_dag.py
[2023-12-22 21:07:08,817] {processor.py:652} INFO - DAG(s) dict_keys(['s3_to_postgres_dag']) retrieved from /opt/airflow/dags/first_dag.py
[2023-12-22 21:07:08,829] {logging_mixin.py:109} INFO - [2023-12-22 21:07:08,829] {dag.py:2398} INFO - Sync 1 DAGs
[2023-12-22 21:07:08,840] {logging_mixin.py:109} INFO - [2023-12-22 21:07:08,840] {dag.py:2937} INFO - Setting next_dagrun for s3_to_postgres_dag to None
[2023-12-22 21:07:08,868] {processor.py:171} INFO - Processing /opt/airflow/dags/first_dag.py took 0.620 seconds
[2023-12-22 21:07:39,644] {processor.py:163} INFO - Started process (PID=3676) to work on /opt/airflow/dags/first_dag.py
[2023-12-22 21:07:39,645] {processor.py:642} INFO - Processing file /opt/airflow/dags/first_dag.py for tasks to queue
[2023-12-22 21:07:39,646] {logging_mixin.py:109} INFO - [2023-12-22 21:07:39,646] {dagbag.py:500} INFO - Filling up the DagBag from /opt/airflow/dags/first_dag.py
[2023-12-22 21:07:40,214] {processor.py:652} INFO - DAG(s) dict_keys(['s3_to_postgres_dag']) retrieved from /opt/airflow/dags/first_dag.py
[2023-12-22 21:07:40,228] {logging_mixin.py:109} INFO - [2023-12-22 21:07:40,228] {dag.py:2398} INFO - Sync 1 DAGs
[2023-12-22 21:07:40,242] {logging_mixin.py:109} INFO - [2023-12-22 21:07:40,242] {dag.py:2937} INFO - Setting next_dagrun for s3_to_postgres_dag to None
[2023-12-22 21:07:40,250] {processor.py:171} INFO - Processing /opt/airflow/dags/first_dag.py took 0.609 seconds
[2023-12-22 21:08:10,919] {processor.py:163} INFO - Started process (PID=3742) to work on /opt/airflow/dags/first_dag.py
[2023-12-22 21:08:10,926] {processor.py:642} INFO - Processing file /opt/airflow/dags/first_dag.py for tasks to queue
[2023-12-22 21:08:10,927] {logging_mixin.py:109} INFO - [2023-12-22 21:08:10,927] {dagbag.py:500} INFO - Filling up the DagBag from /opt/airflow/dags/first_dag.py
[2023-12-22 21:08:11,552] {processor.py:652} INFO - DAG(s) dict_keys(['s3_to_postgres_dag']) retrieved from /opt/airflow/dags/first_dag.py
[2023-12-22 21:08:11,566] {logging_mixin.py:109} INFO - [2023-12-22 21:08:11,566] {dag.py:2398} INFO - Sync 1 DAGs
[2023-12-22 21:08:11,582] {logging_mixin.py:109} INFO - [2023-12-22 21:08:11,582] {dag.py:2937} INFO - Setting next_dagrun for s3_to_postgres_dag to None
[2023-12-22 21:08:11,592] {processor.py:171} INFO - Processing /opt/airflow/dags/first_dag.py took 0.675 seconds
[2023-12-22 21:08:41,772] {processor.py:163} INFO - Started process (PID=3820) to work on /opt/airflow/dags/first_dag.py
[2023-12-22 21:08:41,773] {processor.py:642} INFO - Processing file /opt/airflow/dags/first_dag.py for tasks to queue
[2023-12-22 21:08:41,774] {logging_mixin.py:109} INFO - [2023-12-22 21:08:41,774] {dagbag.py:500} INFO - Filling up the DagBag from /opt/airflow/dags/first_dag.py
[2023-12-22 21:08:42,356] {processor.py:652} INFO - DAG(s) dict_keys(['s3_to_postgres_dag']) retrieved from /opt/airflow/dags/first_dag.py
[2023-12-22 21:08:42,373] {logging_mixin.py:109} INFO - [2023-12-22 21:08:42,372] {dag.py:2398} INFO - Sync 1 DAGs
[2023-12-22 21:08:42,387] {logging_mixin.py:109} INFO - [2023-12-22 21:08:42,387] {dag.py:2937} INFO - Setting next_dagrun for s3_to_postgres_dag to None
[2023-12-22 21:08:42,397] {processor.py:171} INFO - Processing /opt/airflow/dags/first_dag.py took 0.628 seconds
[2023-12-22 21:09:12,818] {processor.py:163} INFO - Started process (PID=3896) to work on /opt/airflow/dags/first_dag.py
[2023-12-22 21:09:12,819] {processor.py:642} INFO - Processing file /opt/airflow/dags/first_dag.py for tasks to queue
[2023-12-22 21:09:12,820] {logging_mixin.py:109} INFO - [2023-12-22 21:09:12,820] {dagbag.py:500} INFO - Filling up the DagBag from /opt/airflow/dags/first_dag.py
[2023-12-22 21:09:13,500] {processor.py:652} INFO - DAG(s) dict_keys(['s3_to_postgres_dag']) retrieved from /opt/airflow/dags/first_dag.py
[2023-12-22 21:09:13,516] {logging_mixin.py:109} INFO - [2023-12-22 21:09:13,516] {dag.py:2398} INFO - Sync 1 DAGs
[2023-12-22 21:09:13,531] {logging_mixin.py:109} INFO - [2023-12-22 21:09:13,531] {dag.py:2937} INFO - Setting next_dagrun for s3_to_postgres_dag to None
[2023-12-22 21:09:13,542] {processor.py:171} INFO - Processing /opt/airflow/dags/first_dag.py took 0.727 seconds
[2023-12-22 21:09:43,684] {processor.py:163} INFO - Started process (PID=3960) to work on /opt/airflow/dags/first_dag.py
[2023-12-22 21:09:43,685] {processor.py:642} INFO - Processing file /opt/airflow/dags/first_dag.py for tasks to queue
[2023-12-22 21:09:43,686] {logging_mixin.py:109} INFO - [2023-12-22 21:09:43,686] {dagbag.py:500} INFO - Filling up the DagBag from /opt/airflow/dags/first_dag.py
[2023-12-22 21:09:44,182] {processor.py:652} INFO - DAG(s) dict_keys(['s3_to_postgres_dag']) retrieved from /opt/airflow/dags/first_dag.py
[2023-12-22 21:09:44,194] {logging_mixin.py:109} INFO - [2023-12-22 21:09:44,194] {dag.py:2398} INFO - Sync 1 DAGs
[2023-12-22 21:09:44,205] {logging_mixin.py:109} INFO - [2023-12-22 21:09:44,205] {dag.py:2937} INFO - Setting next_dagrun for s3_to_postgres_dag to None
[2023-12-22 21:09:44,235] {processor.py:171} INFO - Processing /opt/airflow/dags/first_dag.py took 0.554 seconds
[2023-12-22 21:10:14,483] {processor.py:163} INFO - Started process (PID=4034) to work on /opt/airflow/dags/first_dag.py
[2023-12-22 21:10:14,484] {processor.py:642} INFO - Processing file /opt/airflow/dags/first_dag.py for tasks to queue
[2023-12-22 21:10:14,485] {logging_mixin.py:109} INFO - [2023-12-22 21:10:14,485] {dagbag.py:500} INFO - Filling up the DagBag from /opt/airflow/dags/first_dag.py
[2023-12-22 21:10:15,132] {processor.py:652} INFO - DAG(s) dict_keys(['s3_to_postgres_dag']) retrieved from /opt/airflow/dags/first_dag.py
[2023-12-22 21:10:15,150] {logging_mixin.py:109} INFO - [2023-12-22 21:10:15,150] {dag.py:2398} INFO - Sync 1 DAGs
[2023-12-22 21:10:15,164] {logging_mixin.py:109} INFO - [2023-12-22 21:10:15,164] {dag.py:2937} INFO - Setting next_dagrun for s3_to_postgres_dag to None
[2023-12-22 21:10:15,173] {processor.py:171} INFO - Processing /opt/airflow/dags/first_dag.py took 0.692 seconds
[2023-12-22 21:10:45,665] {processor.py:163} INFO - Started process (PID=4099) to work on /opt/airflow/dags/first_dag.py
[2023-12-22 21:10:45,666] {processor.py:642} INFO - Processing file /opt/airflow/dags/first_dag.py for tasks to queue
[2023-12-22 21:10:45,667] {logging_mixin.py:109} INFO - [2023-12-22 21:10:45,667] {dagbag.py:500} INFO - Filling up the DagBag from /opt/airflow/dags/first_dag.py
[2023-12-22 21:10:46,201] {processor.py:652} INFO - DAG(s) dict_keys(['s3_to_postgres_dag']) retrieved from /opt/airflow/dags/first_dag.py
[2023-12-22 21:10:46,215] {logging_mixin.py:109} INFO - [2023-12-22 21:10:46,215] {dag.py:2398} INFO - Sync 1 DAGs
[2023-12-22 21:10:46,227] {logging_mixin.py:109} INFO - [2023-12-22 21:10:46,227] {dag.py:2937} INFO - Setting next_dagrun for s3_to_postgres_dag to None
[2023-12-22 21:10:46,235] {processor.py:171} INFO - Processing /opt/airflow/dags/first_dag.py took 0.572 seconds
[2023-12-22 21:11:16,549] {processor.py:163} INFO - Started process (PID=4172) to work on /opt/airflow/dags/first_dag.py
[2023-12-22 21:11:16,550] {processor.py:642} INFO - Processing file /opt/airflow/dags/first_dag.py for tasks to queue
[2023-12-22 21:11:16,551] {logging_mixin.py:109} INFO - [2023-12-22 21:11:16,551] {dagbag.py:500} INFO - Filling up the DagBag from /opt/airflow/dags/first_dag.py
[2023-12-22 21:11:17,121] {processor.py:652} INFO - DAG(s) dict_keys(['s3_to_postgres_dag']) retrieved from /opt/airflow/dags/first_dag.py
[2023-12-22 21:11:17,136] {logging_mixin.py:109} INFO - [2023-12-22 21:11:17,136] {dag.py:2398} INFO - Sync 1 DAGs
[2023-12-22 21:11:17,148] {logging_mixin.py:109} INFO - [2023-12-22 21:11:17,148] {dag.py:2937} INFO - Setting next_dagrun for s3_to_postgres_dag to None
[2023-12-22 21:11:17,180] {processor.py:171} INFO - Processing /opt/airflow/dags/first_dag.py took 0.634 seconds
[2023-12-22 21:11:48,067] {processor.py:163} INFO - Started process (PID=4247) to work on /opt/airflow/dags/first_dag.py
[2023-12-22 21:11:48,069] {processor.py:642} INFO - Processing file /opt/airflow/dags/first_dag.py for tasks to queue
[2023-12-22 21:11:48,071] {logging_mixin.py:109} INFO - [2023-12-22 21:11:48,071] {dagbag.py:500} INFO - Filling up the DagBag from /opt/airflow/dags/first_dag.py
[2023-12-22 21:11:48,623] {processor.py:652} INFO - DAG(s) dict_keys(['s3_to_postgres_dag']) retrieved from /opt/airflow/dags/first_dag.py
[2023-12-22 21:11:48,637] {logging_mixin.py:109} INFO - [2023-12-22 21:11:48,636] {dag.py:2398} INFO - Sync 1 DAGs
[2023-12-22 21:11:48,654] {logging_mixin.py:109} INFO - [2023-12-22 21:11:48,653] {dag.py:2937} INFO - Setting next_dagrun for s3_to_postgres_dag to None
[2023-12-22 21:11:48,668] {processor.py:171} INFO - Processing /opt/airflow/dags/first_dag.py took 0.604 seconds
