[2023-12-20 18:34:55,677] {taskinstance.py:1043} INFO - Dependencies all met for <TaskInstance: s3_to_postgres_dag.push_to_postgres manual__2023-12-20T18:34:51.220434+00:00 [queued]>
[2023-12-20 18:34:55,685] {taskinstance.py:1043} INFO - Dependencies all met for <TaskInstance: s3_to_postgres_dag.push_to_postgres manual__2023-12-20T18:34:51.220434+00:00 [queued]>
[2023-12-20 18:34:55,686] {taskinstance.py:1249} INFO - 
--------------------------------------------------------------------------------
[2023-12-20 18:34:55,686] {taskinstance.py:1250} INFO - Starting attempt 1 of 1
[2023-12-20 18:34:55,687] {taskinstance.py:1251} INFO - 
--------------------------------------------------------------------------------
[2023-12-20 18:34:55,700] {taskinstance.py:1270} INFO - Executing <Task(PythonOperator): push_to_postgres> on 2023-12-20 18:34:51.220434+00:00
[2023-12-20 18:34:55,704] {standard_task_runner.py:52} INFO - Started process 4336 to run task
[2023-12-20 18:34:55,708] {standard_task_runner.py:79} INFO - Running: ['***', 'tasks', 'run', 's3_to_postgres_dag', 'push_to_postgres', 'manual__2023-12-20T18:34:51.220434+00:00', '--job-id', '12', '--raw', '--subdir', 'DAGS_FOLDER/first_dag.py', '--cfg-path', '/tmp/tmpx6o8hmkl', '--error-file', '/tmp/tmpww3pspo8']
[2023-12-20 18:34:55,709] {standard_task_runner.py:80} INFO - Job 12: Subtask push_to_postgres
[2023-12-20 18:34:55,760] {logging_mixin.py:109} INFO - Running <TaskInstance: s3_to_postgres_dag.push_to_postgres manual__2023-12-20T18:34:51.220434+00:00 [running]> on host eddfb0464777
[2023-12-20 18:34:55,804] {taskinstance.py:1448} INFO - Exporting the following env vars:
AIRFLOW_CTX_DAG_OWNER=***
AIRFLOW_CTX_DAG_ID=s3_to_postgres_dag
AIRFLOW_CTX_TASK_ID=push_to_postgres
AIRFLOW_CTX_EXECUTION_DATE=2023-12-20T18:34:51.220434+00:00
AIRFLOW_CTX_DAG_RUN_ID=manual__2023-12-20T18:34:51.220434+00:00
[2023-12-20 18:34:56,179] {logging_mixin.py:109} INFO - Index(['STORE_ID', 'STORE_LOCATION', 'PRODUCT_CATEGORY', 'PRODUCT_ID', 'MRP',
       'CP', 'DISCOUNT', 'SP', 'Date'],
      dtype='object')
[2023-12-20 18:34:56,306] {taskinstance.py:1774} ERROR - Task failed with exception
Traceback (most recent call last):
  File "/home/airflow/.local/lib/python3.6/site-packages/airflow/operators/python.py", line 174, in execute
    return_value = self.execute_callable()
  File "/home/airflow/.local/lib/python3.6/site-packages/airflow/operators/python.py", line 188, in execute_callable
    return self.python_callable(*self.op_args, **self.op_kwargs)
  File "/opt/airflow/dags/first_dag.py", line 53, in push_to_postgres
    port=5432
  File "/home/airflow/.local/lib/python3.6/site-packages/psycopg2/__init__.py", line 122, in connect
    conn = _connect(dsn, connection_factory=connection_factory, **kwasync)
psycopg2.OperationalError: connection to server at "transactionsdb.cxym4ik0szfd.eu-west-2.rds.amazonaws.com" (18.168.185.9), port 5432 failed: FATAL:  password authentication failed for user "postgres"
connection to server at "transactionsdb.cxym4ik0szfd.eu-west-2.rds.amazonaws.com" (18.168.185.9), port 5432 failed: FATAL:  no pg_hba.conf entry for host "185.237.61.98", user "postgres", database "postgres", no encryption

[2023-12-20 18:34:56,323] {taskinstance.py:1288} INFO - Marking task as FAILED. dag_id=s3_to_postgres_dag, task_id=push_to_postgres, execution_date=20231220T183451, start_date=20231220T183455, end_date=20231220T183456
[2023-12-20 18:34:56,347] {standard_task_runner.py:98} ERROR - Failed to execute job 12 for task push_to_postgres (connection to server at "transactionsdb.cxym4ik0szfd.eu-west-2.rds.amazonaws.com" (18.168.185.9), port 5432 failed: FATAL:  password authentication failed for user "postgres"
connection to server at "transactionsdb.cxym4ik0szfd.eu-west-2.rds.amazonaws.com" (18.168.185.9), port 5432 failed: FATAL:  no pg_hba.conf entry for host "185.237.61.98", user "postgres", database "postgres", no encryption
; 4336)
[2023-12-20 18:34:56,365] {local_task_job.py:154} INFO - Task exited with return code 1
[2023-12-20 18:34:56,404] {local_task_job.py:264} INFO - 0 downstream tasks scheduled from follow-on schedule check
