[2023-12-21 00:23:20,188] {taskinstance.py:1043} INFO - Dependencies all met for <TaskInstance: s3_to_postgres_dag.push_to_postgres manual__2023-12-21T00:23:15.196982+00:00 [queued]>
[2023-12-21 00:23:20,196] {taskinstance.py:1043} INFO - Dependencies all met for <TaskInstance: s3_to_postgres_dag.push_to_postgres manual__2023-12-21T00:23:15.196982+00:00 [queued]>
[2023-12-21 00:23:20,197] {taskinstance.py:1249} INFO - 
--------------------------------------------------------------------------------
[2023-12-21 00:23:20,197] {taskinstance.py:1250} INFO - Starting attempt 1 of 1
[2023-12-21 00:23:20,198] {taskinstance.py:1251} INFO - 
--------------------------------------------------------------------------------
[2023-12-21 00:23:20,206] {taskinstance.py:1270} INFO - Executing <Task(PythonOperator): push_to_postgres> on 2023-12-21 00:23:15.196982+00:00
[2023-12-21 00:23:20,211] {standard_task_runner.py:52} INFO - Started process 19576 to run task
[2023-12-21 00:23:20,213] {standard_task_runner.py:79} INFO - Running: ['***', 'tasks', 'run', 's3_to_postgres_dag', 'push_to_postgres', 'manual__2023-12-21T00:23:15.196982+00:00', '--job-id', '34', '--raw', '--subdir', 'DAGS_FOLDER/first_dag.py', '--cfg-path', '/tmp/tmptpo4v__8', '--error-file', '/tmp/tmpkq18vt63']
[2023-12-21 00:23:20,214] {standard_task_runner.py:80} INFO - Job 34: Subtask push_to_postgres
[2023-12-21 00:23:20,252] {logging_mixin.py:109} INFO - Running <TaskInstance: s3_to_postgres_dag.push_to_postgres manual__2023-12-21T00:23:15.196982+00:00 [running]> on host eddfb0464777
[2023-12-21 00:23:20,310] {taskinstance.py:1448} INFO - Exporting the following env vars:
AIRFLOW_CTX_DAG_OWNER=***
AIRFLOW_CTX_DAG_ID=s3_to_postgres_dag
AIRFLOW_CTX_TASK_ID=push_to_postgres
AIRFLOW_CTX_EXECUTION_DATE=2023-12-21T00:23:15.196982+00:00
AIRFLOW_CTX_DAG_RUN_ID=manual__2023-12-21T00:23:15.196982+00:00
[2023-12-21 00:23:20,724] {logging_mixin.py:109} INFO - Index(['STORE_ID', 'STORE_LOCATION', 'PRODUCT_CATEGORY', 'PRODUCT_ID', 'MRP',
       'CP', 'DISCOUNT', 'SP', 'Date'],
      dtype='object')
[2023-12-21 00:23:21,734] {logging_mixin.py:109} INFO -    store_id store_location product_category  ...  discount     sp         dat
0    YR7220       New York      Electronics  ...      1.86  29.14  2019-11-26
1    YR7220       New York        Furniture  ...      1.50  13.50  2019-11-26
2    YR7220       New York      Electronics  ...      4.40  83.60  2019-11-26
3    YR7220       New York          Kitchen  ...      3.64  87.36  2019-11-26
4    YR7220       New York          Fashion  ...      2.55  82.45  2019-11-26
..      ...            ...              ...  ...       ...    ...         ...
95   YR6219       New York          Kitchen  ...      3.15  59.85  2019-11-26
96   YR6219       New York        Education  ...      0.75  14.25  2019-11-26
97   YR6219       New York        Furniture  ...      1.46  71.54  2019-11-26
98   YR6219       New York          Kitchen  ...      1.65  53.35  2019-11-26
99   YR6219       New York        Furniture  ...      5.13  51.87  2019-11-26

[100 rows x 9 columns]
[2023-12-21 00:23:21,743] {python.py:175} INFO - Done. Returned value was: None
[2023-12-21 00:23:21,762] {taskinstance.py:1288} INFO - Marking task as SUCCESS. dag_id=s3_to_postgres_dag, task_id=push_to_postgres, execution_date=20231221T002315, start_date=20231221T002320, end_date=20231221T002321
[2023-12-21 00:23:21,792] {local_task_job.py:154} INFO - Task exited with return code 0
[2023-12-21 00:23:21,830] {local_task_job.py:264} INFO - 0 downstream tasks scheduled from follow-on schedule check
